[2024-09-20T23:38:48.179+0000] {local_task_job_runner.py:123} INFO - ::group::Pre task execution logs
[2024-09-20T23:38:48.395+0000] {taskinstance.py:2612} INFO - Dependencies all met for dep_context=non-requeueable deps ti=<TaskInstance: Bitcoin_ETL.send_email manual__2024-09-20T23:32:24.811526+00:00 [queued]>
[2024-09-20T23:38:48.405+0000] {taskinstance.py:2612} INFO - Dependencies all met for dep_context=requeueable deps ti=<TaskInstance: Bitcoin_ETL.send_email manual__2024-09-20T23:32:24.811526+00:00 [queued]>
[2024-09-20T23:38:48.406+0000] {taskinstance.py:2865} INFO - Starting attempt 2 of 6
[2024-09-20T23:38:48.421+0000] {taskinstance.py:2888} INFO - Executing <Task(EmailOperator): send_email> on 2024-09-20 23:32:24.811526+00:00
[2024-09-20T23:38:48.430+0000] {warnings.py:112} WARNING - /home/***/.local/lib/python3.12/site-packages/***/task/task_runner/standard_task_runner.py:70: DeprecationWarning: This process (pid=176) is multi-threaded, use of fork() may lead to deadlocks in the child.
  pid = os.fork()

[2024-09-20T23:38:48.432+0000] {standard_task_runner.py:72} INFO - Started process 178 to run task
[2024-09-20T23:38:48.433+0000] {standard_task_runner.py:104} INFO - Running: ['***', 'tasks', 'run', 'Bitcoin_ETL', 'send_email', 'manual__2024-09-20T23:32:24.811526+00:00', '--job-id', '27', '--raw', '--subdir', 'DAGS_FOLDER/API_Crypto_Extraction_modularizad.py', '--cfg-path', '/tmp/tmplaidaj3w']
[2024-09-20T23:38:48.437+0000] {standard_task_runner.py:105} INFO - Job 27: Subtask send_email
[2024-09-20T23:38:48.496+0000] {task_command.py:467} INFO - Running <TaskInstance: Bitcoin_ETL.send_email manual__2024-09-20T23:32:24.811526+00:00 [running]> on host 18f18961c44f
[2024-09-20T23:38:48.587+0000] {taskinstance.py:3131} INFO - Exporting env vars: AIRFLOW_CTX_DAG_EMAIL='francogranieri56@gmail.com' AIRFLOW_CTX_DAG_OWNER='FrancoGranieri' AIRFLOW_CTX_DAG_ID='Bitcoin_ETL' AIRFLOW_CTX_TASK_ID='send_email' AIRFLOW_CTX_EXECUTION_DATE='2024-09-20T23:32:24.811526+00:00' AIRFLOW_CTX_TRY_NUMBER='2' AIRFLOW_CTX_DAG_RUN_ID='manual__2024-09-20T23:32:24.811526+00:00'
[2024-09-20T23:38:48.589+0000] {taskinstance.py:731} INFO - ::endgroup::
[2024-09-20T23:38:48.624+0000] {warnings.py:112} WARNING - /home/***/.local/lib/python3.12/site-packages/***/utils/email.py:155: RemovedInAirflow3Warning: Fetching SMTP credentials from configuration variables will be deprecated in a future release. Please set credentials using a connection instead.
  send_mime_email(e_from=mail_from, e_to=recipients, mime_msg=msg, conn_id=conn_id, dryrun=dryrun)

[2024-09-20T23:38:48.625+0000] {email.py:272} INFO - Email alerting: attempt 1
[2024-09-20T23:38:49.913+0000] {email.py:283} INFO - Sent an alert email to ['francogranieri56@gmail.com']
[2024-09-20T23:38:51.765+0000] {taskinstance.py:340} INFO - ::group::Post task execution logs
[2024-09-20T23:38:51.766+0000] {taskinstance.py:352} INFO - Marking task as SUCCESS. dag_id=Bitcoin_ETL, task_id=send_email, run_id=manual__2024-09-20T23:32:24.811526+00:00, execution_date=20240920T233224, start_date=20240920T233848, end_date=20240920T233851
[2024-09-20T23:38:51.822+0000] {local_task_job_runner.py:266} INFO - Task exited with return code 0
[2024-09-20T23:38:51.844+0000] {taskinstance.py:3900} INFO - 0 downstream tasks scheduled from follow-on schedule check
[2024-09-20T23:38:51.847+0000] {local_task_job_runner.py:245} INFO - ::endgroup::
