[2024-09-20T23:36:11.487+0000] {local_task_job_runner.py:123} INFO - ::group::Pre task execution logs
[2024-09-20T23:36:12.702+0000] {taskinstance.py:2612} INFO - Dependencies all met for dep_context=non-requeueable deps ti=<TaskInstance: Bitcoin_ETL.data_load manual__2024-09-20T23:23:37.416370+00:00 [queued]>
[2024-09-20T23:36:12.712+0000] {taskinstance.py:2612} INFO - Dependencies all met for dep_context=requeueable deps ti=<TaskInstance: Bitcoin_ETL.data_load manual__2024-09-20T23:23:37.416370+00:00 [queued]>
[2024-09-20T23:36:12.715+0000] {taskinstance.py:2865} INFO - Starting attempt 3 of 6
[2024-09-20T23:36:12.731+0000] {taskinstance.py:2888} INFO - Executing <Task(PythonOperator): data_load> on 2024-09-20 23:23:37.416370+00:00
[2024-09-20T23:36:12.742+0000] {warnings.py:112} WARNING - /home/***/.local/lib/python3.12/site-packages/***/task/task_runner/standard_task_runner.py:70: DeprecationWarning: This process (pid=129) is multi-threaded, use of fork() may lead to deadlocks in the child.
  pid = os.fork()

[2024-09-20T23:36:12.747+0000] {standard_task_runner.py:72} INFO - Started process 131 to run task
[2024-09-20T23:36:12.744+0000] {standard_task_runner.py:104} INFO - Running: ['***', 'tasks', 'run', 'Bitcoin_ETL', 'data_load', 'manual__2024-09-20T23:23:37.416370+00:00', '--job-id', '24', '--raw', '--subdir', 'DAGS_FOLDER/API_Crypto_Extraction_modularizad.py', '--cfg-path', '/tmp/tmpzwmeghfj']
[2024-09-20T23:36:12.750+0000] {standard_task_runner.py:105} INFO - Job 24: Subtask data_load
[2024-09-20T23:36:12.841+0000] {task_command.py:467} INFO - Running <TaskInstance: Bitcoin_ETL.data_load manual__2024-09-20T23:23:37.416370+00:00 [running]> on host 18f18961c44f
[2024-09-20T23:36:12.935+0000] {taskinstance.py:3131} INFO - Exporting env vars: AIRFLOW_CTX_DAG_EMAIL='francogranieri56@gmail.com' AIRFLOW_CTX_DAG_OWNER='FrancoGranieri' AIRFLOW_CTX_DAG_ID='Bitcoin_ETL' AIRFLOW_CTX_TASK_ID='data_load' AIRFLOW_CTX_EXECUTION_DATE='2024-09-20T23:23:37.416370+00:00' AIRFLOW_CTX_TRY_NUMBER='3' AIRFLOW_CTX_DAG_RUN_ID='manual__2024-09-20T23:23:37.416370+00:00'
[2024-09-20T23:36:12.937+0000] {taskinstance.py:731} INFO - ::endgroup::
[2024-09-20T23:36:12.973+0000] {logging_mixin.py:190} INFO - data file path /opt/***/dags/tmp_files/data2024-09-20 23:23:53.274946.csv
[2024-09-20T23:36:13.007+0000] {logging_mixin.py:190} INFO - CSV data                                             id_date  ...                   date_time
0                bitcoin-2024-09-20 23:23:53.252506  ...  2024-09-20 23:23:53.252506
1               ethereum-2024-09-20 23:23:53.252506  ...  2024-09-20 23:23:53.252506
2                 tether-2024-09-20 23:23:53.252506  ...  2024-09-20 23:23:53.252506
3           binance-coin-2024-09-20 23:23:53.252506  ...  2024-09-20 23:23:53.252506
4                 solana-2024-09-20 23:23:53.252506  ...  2024-09-20 23:23:53.252506
..                                              ...  ...                         ...
95  golem-network-tokens-2024-09-20 23:23:53.252506  ...  2024-09-20 23:23:53.252506
96                  dash-2024-09-20 23:23:53.252506  ...  2024-09-20 23:23:53.252506
97                  holo-2024-09-20 23:23:53.252506  ...  2024-09-20 23:23:53.252506
98                aragon-2024-09-20 23:23:53.252506  ...  2024-09-20 23:23:53.252506
99                  just-2024-09-20 23:23:53.252506  ...  2024-09-20 23:23:53.252506

[100 rows x 5 columns]
[2024-09-20T23:36:14.470+0000] {logging_mixin.py:190} INFO - se va a insertar la table francogranieri56_coderhouse.cripto_price_new_data
[2024-09-20T23:36:16.089+0000] {python.py:240} INFO - Done. Returned value was: None
[2024-09-20T23:36:16.102+0000] {taskinstance.py:340} INFO - ::group::Post task execution logs
[2024-09-20T23:36:16.103+0000] {taskinstance.py:352} INFO - Marking task as SUCCESS. dag_id=Bitcoin_ETL, task_id=data_load, run_id=manual__2024-09-20T23:23:37.416370+00:00, execution_date=20240920T232337, start_date=20240920T233612, end_date=20240920T233616
[2024-09-20T23:36:16.143+0000] {local_task_job_runner.py:266} INFO - Task exited with return code 0
[2024-09-20T23:36:16.169+0000] {taskinstance.py:3900} INFO - 1 downstream tasks scheduled from follow-on schedule check
[2024-09-20T23:36:16.172+0000] {local_task_job_runner.py:245} INFO - ::endgroup::
