[2024-09-18T23:25:53.298+0000] {local_task_job_runner.py:123} INFO - ::group::Pre task execution logs
[2024-09-18T23:25:53.453+0000] {taskinstance.py:2612} INFO - Dependencies all met for dep_context=non-requeueable deps ti=<TaskInstance: Bitcoin_ETL.extraer_data manual__2024-09-18T23:15:46.942685+00:00 [queued]>
[2024-09-18T23:25:53.463+0000] {taskinstance.py:2612} INFO - Dependencies all met for dep_context=requeueable deps ti=<TaskInstance: Bitcoin_ETL.extraer_data manual__2024-09-18T23:15:46.942685+00:00 [queued]>
[2024-09-18T23:25:53.464+0000] {taskinstance.py:2865} INFO - Starting attempt 3 of 6
[2024-09-18T23:25:53.479+0000] {taskinstance.py:2888} INFO - Executing <Task(PythonOperator): extraer_data> on 2024-09-18 23:15:46.942685+00:00
[2024-09-18T23:25:53.486+0000] {warnings.py:112} WARNING - /home/***/.local/lib/python3.12/site-packages/***/task/task_runner/standard_task_runner.py:70: DeprecationWarning: This process (pid=446) is multi-threaded, use of fork() may lead to deadlocks in the child.
  pid = os.fork()

[2024-09-18T23:25:53.488+0000] {standard_task_runner.py:72} INFO - Started process 448 to run task
[2024-09-18T23:25:53.488+0000] {standard_task_runner.py:104} INFO - Running: ['***', 'tasks', 'run', 'Bitcoin_ETL', 'extraer_data', 'manual__2024-09-18T23:15:46.942685+00:00', '--job-id', '455', '--raw', '--subdir', 'DAGS_FOLDER/API_Crypto_Extraction_modularizad.py', '--cfg-path', '/tmp/tmpwvuhzkqw']
[2024-09-18T23:25:53.490+0000] {standard_task_runner.py:105} INFO - Job 455: Subtask extraer_data
[2024-09-18T23:25:53.536+0000] {task_command.py:467} INFO - Running <TaskInstance: Bitcoin_ETL.extraer_data manual__2024-09-18T23:15:46.942685+00:00 [running]> on host dc0271a0188f
[2024-09-18T23:25:53.628+0000] {taskinstance.py:3131} INFO - Exporting env vars: AIRFLOW_CTX_DAG_OWNER='NicolasRivas' AIRFLOW_CTX_DAG_ID='Bitcoin_ETL' AIRFLOW_CTX_TASK_ID='extraer_data' AIRFLOW_CTX_EXECUTION_DATE='2024-09-18T23:15:46.942685+00:00' AIRFLOW_CTX_TRY_NUMBER='3' AIRFLOW_CTX_DAG_RUN_ID='manual__2024-09-18T23:15:46.942685+00:00'
[2024-09-18T23:25:53.630+0000] {taskinstance.py:731} INFO - ::endgroup::
[2024-09-18T23:25:54.866+0000] {logging_mixin.py:190} INFO - line 40 - Pushed data to XCom: {"id":{"0":"bitcoin","1":"ethereum","2":"tether","3":"binance-coin","4":"solana","5":"usd-coin","6":
[2024-09-18T23:25:54.868+0000] {python.py:240} INFO - Done. Returned value was: None
[2024-09-18T23:25:54.879+0000] {taskinstance.py:340} INFO - ::group::Post task execution logs
[2024-09-18T23:25:54.880+0000] {taskinstance.py:352} INFO - Marking task as SUCCESS. dag_id=Bitcoin_ETL, task_id=extraer_data, run_id=manual__2024-09-18T23:15:46.942685+00:00, execution_date=20240918T231546, start_date=20240918T232553, end_date=20240918T232554
[2024-09-18T23:25:54.908+0000] {local_task_job_runner.py:266} INFO - Task exited with return code 0
[2024-09-18T23:25:54.938+0000] {taskinstance.py:3900} INFO - 1 downstream tasks scheduled from follow-on schedule check
[2024-09-18T23:25:54.940+0000] {local_task_job_runner.py:245} INFO - ::endgroup::
