[2024-09-17T21:28:06.684+0000] {local_task_job_runner.py:123} INFO - ::group::Pre task execution logs
[2024-09-17T21:28:06.703+0000] {taskinstance.py:2612} INFO - Dependencies all met for dep_context=non-requeueable deps ti=<TaskInstance: Bitcoin_ETL.data_load manual__2024-09-17T21:28:01.926900+00:00 [queued]>
[2024-09-17T21:28:06.712+0000] {taskinstance.py:2612} INFO - Dependencies all met for dep_context=requeueable deps ti=<TaskInstance: Bitcoin_ETL.data_load manual__2024-09-17T21:28:01.926900+00:00 [queued]>
[2024-09-17T21:28:06.713+0000] {taskinstance.py:2865} INFO - Starting attempt 1 of 6
[2024-09-17T21:28:06.727+0000] {taskinstance.py:2888} INFO - Executing <Task(PythonOperator): data_load> on 2024-09-17 21:28:01.926900+00:00
[2024-09-17T21:28:06.734+0000] {warnings.py:112} WARNING - /home/***/.local/lib/python3.12/site-packages/***/task/task_runner/standard_task_runner.py:70: DeprecationWarning: This process (pid=178) is multi-threaded, use of fork() may lead to deadlocks in the child.
  pid = os.fork()

[2024-09-17T21:28:06.736+0000] {standard_task_runner.py:72} INFO - Started process 180 to run task
[2024-09-17T21:28:06.736+0000] {standard_task_runner.py:104} INFO - Running: ['***', 'tasks', 'run', 'Bitcoin_ETL', 'data_load', 'manual__2024-09-17T21:28:01.926900+00:00', '--job-id', '24', '--raw', '--subdir', 'DAGS_FOLDER/API_Crypto_Extraction.py', '--cfg-path', '/tmp/tmplggwv188']
[2024-09-17T21:28:06.739+0000] {standard_task_runner.py:105} INFO - Job 24: Subtask data_load
[2024-09-17T21:28:06.785+0000] {task_command.py:467} INFO - Running <TaskInstance: Bitcoin_ETL.data_load manual__2024-09-17T21:28:01.926900+00:00 [running]> on host 868230e8e335
[2024-09-17T21:28:07.047+0000] {taskinstance.py:3131} INFO - Exporting env vars: AIRFLOW_CTX_DAG_OWNER='NicolasRivas' AIRFLOW_CTX_DAG_ID='Bitcoin_ETL' AIRFLOW_CTX_TASK_ID='data_load' AIRFLOW_CTX_EXECUTION_DATE='2024-09-17T21:28:01.926900+00:00' AIRFLOW_CTX_TRY_NUMBER='1' AIRFLOW_CTX_DAG_RUN_ID='manual__2024-09-17T21:28:01.926900+00:00'
[2024-09-17T21:28:07.048+0000] {taskinstance.py:731} INFO - ::endgroup::
[2024-09-17T21:28:07.064+0000] {logging_mixin.py:190} INFO - El ti en cargar_data es <TaskInstance: Bitcoin_ETL.data_load manual__2024-09-17T21:28:01.926900+00:00 [running]>
[2024-09-17T21:28:07.076+0000] {logging_mixin.py:190} INFO - El df pulleado es None
[2024-09-17T21:28:07.079+0000] {logging_mixin.py:190} INFO - Error: one or more environment variables are missing.
[2024-09-17T21:28:07.080+0000] {python.py:240} INFO - Done. Returned value was: None
[2024-09-17T21:28:07.094+0000] {taskinstance.py:340} INFO - ::group::Post task execution logs
[2024-09-17T21:28:07.094+0000] {taskinstance.py:352} INFO - Marking task as SUCCESS. dag_id=Bitcoin_ETL, task_id=data_load, run_id=manual__2024-09-17T21:28:01.926900+00:00, execution_date=20240917T212801, start_date=20240917T212806, end_date=20240917T212807
[2024-09-17T21:28:07.153+0000] {local_task_job_runner.py:266} INFO - Task exited with return code 0
[2024-09-17T21:28:07.172+0000] {taskinstance.py:3900} INFO - 0 downstream tasks scheduled from follow-on schedule check
[2024-09-17T21:28:07.174+0000] {local_task_job_runner.py:245} INFO - ::endgroup::
