[2024-09-20T22:25:48.991+0000] {processor.py:186} INFO - Started process (PID=66) to work on /opt/airflow/dags/API_Crypto_Extraction_modularizad.py
[2024-09-20T22:25:49.046+0000] {processor.py:914} INFO - Processing file /opt/airflow/dags/API_Crypto_Extraction_modularizad.py for tasks to queue
[2024-09-20T22:25:49.430+0000] {logging_mixin.py:190} INFO - [2024-09-20T22:25:49.245+0000] {dagbag.py:587} INFO - Filling up the DagBag from /opt/airflow/dags/API_Crypto_Extraction_modularizad.py
[2024-09-20T22:26:12.220+0000] {logging_mixin.py:190} INFO - [2024-09-20T22:26:12.135+0000] {dagbag.py:386} ERROR - Failed to import: /opt/airflow/dags/API_Crypto_Extraction_modularizad.py
Traceback (most recent call last):
  File "/home/airflow/.local/lib/python3.12/site-packages/airflow/models/dagbag.py", line 382, in parse
    loader.exec_module(new_module)
  File "<frozen importlib._bootstrap_external>", line 995, in exec_module
  File "<frozen importlib._bootstrap>", line 488, in _call_with_frames_removed
  File "/opt/airflow/dags/API_Crypto_Extraction_modularizad.py", line 40, in <module>
    body_dict = response.json()
                ^^^^^^^^
NameError: name 'response' is not defined
[2024-09-20T22:26:12.245+0000] {processor.py:927} WARNING - No viable dags retrieved from /opt/airflow/dags/API_Crypto_Extraction_modularizad.py
[2024-09-20T22:26:12.351+0000] {processor.py:208} INFO - Processing /opt/airflow/dags/API_Crypto_Extraction_modularizad.py took 25.328 seconds
[2024-09-20T22:26:43.314+0000] {processor.py:186} INFO - Started process (PID=80) to work on /opt/airflow/dags/API_Crypto_Extraction_modularizad.py
[2024-09-20T22:26:43.318+0000] {processor.py:914} INFO - Processing file /opt/airflow/dags/API_Crypto_Extraction_modularizad.py for tasks to queue
[2024-09-20T22:26:43.335+0000] {logging_mixin.py:190} INFO - [2024-09-20T22:26:43.326+0000] {dagbag.py:587} INFO - Filling up the DagBag from /opt/airflow/dags/API_Crypto_Extraction_modularizad.py
[2024-09-20T22:26:57.175+0000] {logging_mixin.py:190} INFO - [2024-09-20T22:26:57.158+0000] {dagbag.py:386} ERROR - Failed to import: /opt/airflow/dags/API_Crypto_Extraction_modularizad.py
Traceback (most recent call last):
  File "/home/airflow/.local/lib/python3.12/site-packages/airflow/models/dagbag.py", line 382, in parse
    loader.exec_module(new_module)
  File "<frozen importlib._bootstrap_external>", line 995, in exec_module
  File "<frozen importlib._bootstrap>", line 488, in _call_with_frames_removed
  File "/opt/airflow/dags/API_Crypto_Extraction_modularizad.py", line 40, in <module>
    body_dict = response.json()
                ^^^^^^^^
NameError: name 'response' is not defined
[2024-09-20T22:26:57.185+0000] {processor.py:927} WARNING - No viable dags retrieved from /opt/airflow/dags/API_Crypto_Extraction_modularizad.py
[2024-09-20T22:26:57.333+0000] {processor.py:208} INFO - Processing /opt/airflow/dags/API_Crypto_Extraction_modularizad.py took 14.117 seconds
[2024-09-20T22:27:29.253+0000] {processor.py:186} INFO - Started process (PID=88) to work on /opt/airflow/dags/API_Crypto_Extraction_modularizad.py
[2024-09-20T22:27:29.256+0000] {processor.py:914} INFO - Processing file /opt/airflow/dags/API_Crypto_Extraction_modularizad.py for tasks to queue
[2024-09-20T22:27:29.275+0000] {logging_mixin.py:190} INFO - [2024-09-20T22:27:29.266+0000] {dagbag.py:587} INFO - Filling up the DagBag from /opt/airflow/dags/API_Crypto_Extraction_modularizad.py
[2024-09-20T22:27:54.267+0000] {logging_mixin.py:190} INFO - [2024-09-20T22:27:54.239+0000] {dagbag.py:386} ERROR - Failed to import: /opt/airflow/dags/API_Crypto_Extraction_modularizad.py
Traceback (most recent call last):
  File "/home/airflow/.local/lib/python3.12/site-packages/airflow/models/dagbag.py", line 382, in parse
    loader.exec_module(new_module)
  File "<frozen importlib._bootstrap_external>", line 995, in exec_module
  File "<frozen importlib._bootstrap>", line 488, in _call_with_frames_removed
  File "/opt/airflow/dags/API_Crypto_Extraction_modularizad.py", line 40, in <module>
    body_dict = response.json()
                ^^^^^^^^
NameError: name 'response' is not defined
[2024-09-20T22:27:54.275+0000] {processor.py:927} WARNING - No viable dags retrieved from /opt/airflow/dags/API_Crypto_Extraction_modularizad.py
[2024-09-20T22:27:54.431+0000] {processor.py:208} INFO - Processing /opt/airflow/dags/API_Crypto_Extraction_modularizad.py took 25.466 seconds
[2024-09-20T22:28:28.988+0000] {processor.py:186} INFO - Started process (PID=101) to work on /opt/airflow/dags/API_Crypto_Extraction_modularizad.py
[2024-09-20T22:28:29.020+0000] {processor.py:914} INFO - Processing file /opt/airflow/dags/API_Crypto_Extraction_modularizad.py for tasks to queue
[2024-09-20T22:28:29.109+0000] {logging_mixin.py:190} INFO - [2024-09-20T22:28:29.072+0000] {dagbag.py:587} INFO - Filling up the DagBag from /opt/airflow/dags/API_Crypto_Extraction_modularizad.py
[2024-09-20T22:28:59.662+0000] {logging_mixin.py:190} INFO - [2024-09-20T22:28:59.590+0000] {timeout.py:68} ERROR - Process timed out, PID: 101
[2024-09-20T22:29:35.453+0000] {processor.py:186} INFO - Started process (PID=116) to work on /opt/airflow/dags/API_Crypto_Extraction_modularizad.py
[2024-09-20T22:29:35.463+0000] {processor.py:914} INFO - Processing file /opt/airflow/dags/API_Crypto_Extraction_modularizad.py for tasks to queue
[2024-09-20T22:29:35.566+0000] {logging_mixin.py:190} INFO - [2024-09-20T22:29:35.524+0000] {dagbag.py:587} INFO - Filling up the DagBag from /opt/airflow/dags/API_Crypto_Extraction_modularizad.py
[2024-09-20T22:30:56.658+0000] {processor.py:186} INFO - Started process (PID=130) to work on /opt/airflow/dags/API_Crypto_Extraction_modularizad.py
[2024-09-20T22:30:56.695+0000] {processor.py:914} INFO - Processing file /opt/airflow/dags/API_Crypto_Extraction_modularizad.py for tasks to queue
[2024-09-20T22:30:56.780+0000] {logging_mixin.py:190} INFO - [2024-09-20T22:30:56.746+0000] {dagbag.py:587} INFO - Filling up the DagBag from /opt/airflow/dags/API_Crypto_Extraction_modularizad.py
[2024-09-20T22:31:28.606+0000] {logging_mixin.py:190} INFO - [2024-09-20T22:31:28.589+0000] {timeout.py:68} ERROR - Process timed out, PID: 130
[2024-09-20T22:31:28.608+0000] {logging_mixin.py:190} WARNING - Exception ignored in: <function WeakKeyDictionary.__init__.<locals>.remove at 0x7f84652be980>
[2024-09-20T22:31:28.609+0000] {logging_mixin.py:190} WARNING - Traceback (most recent call last):
[2024-09-20T22:31:28.610+0000] {logging_mixin.py:190} WARNING -   File "/usr/local/lib/python3.12/weakref.py", line 369, in remove
[2024-09-20T22:31:28.642+0000] {logging_mixin.py:190} WARNING -     def remove(k, selfref=ref(self)):
[2024-09-20T22:31:28.650+0000] {logging_mixin.py:190} WARNING -   File "/home/airflow/.local/lib/python3.12/site-packages/airflow/utils/timeout.py", line 69, in handle_timeout
[2024-09-20T22:31:28.664+0000] {logging_mixin.py:190} WARNING -     raise AirflowTaskTimeout(self.error_message)
[2024-09-20T22:31:28.666+0000] {logging_mixin.py:190} WARNING - airflow.exceptions.AirflowTaskTimeout: DagBag import timeout for /opt/airflow/dags/API_Crypto_Extraction_modularizad.py after 30.0s.
Please take a look at these docs to improve your DAG import time:
* https://airflow.apache.org/docs/apache-airflow/2.10.1/best-practices.html#top-level-python-code
* https://airflow.apache.org/docs/apache-airflow/2.10.1/best-practices.html#reducing-dag-complexity, PID: 130
[2024-09-20T22:31:39.076+0000] {logging_mixin.py:190} INFO - [2024-09-20T22:31:39.018+0000] {dagbag.py:386} ERROR - Failed to import: /opt/airflow/dags/API_Crypto_Extraction_modularizad.py
Traceback (most recent call last):
  File "/home/airflow/.local/lib/python3.12/site-packages/airflow/models/dagbag.py", line 382, in parse
    loader.exec_module(new_module)
  File "<frozen importlib._bootstrap_external>", line 995, in exec_module
  File "<frozen importlib._bootstrap>", line 488, in _call_with_frames_removed
  File "/opt/airflow/dags/API_Crypto_Extraction_modularizad.py", line 40, in <module>
    body_dict = response.json()
                ^^^^^^^^
NameError: name 'response' is not defined
[2024-09-20T22:31:39.091+0000] {processor.py:927} WARNING - No viable dags retrieved from /opt/airflow/dags/API_Crypto_Extraction_modularizad.py
[2024-09-20T22:31:39.247+0000] {processor.py:208} INFO - Processing /opt/airflow/dags/API_Crypto_Extraction_modularizad.py took 43.227 seconds
[2024-09-20T22:32:16.024+0000] {processor.py:186} INFO - Started process (PID=144) to work on /opt/airflow/dags/API_Crypto_Extraction_modularizad.py
[2024-09-20T22:32:16.225+0000] {processor.py:914} INFO - Processing file /opt/airflow/dags/API_Crypto_Extraction_modularizad.py for tasks to queue
[2024-09-20T22:32:16.351+0000] {logging_mixin.py:190} INFO - [2024-09-20T22:32:16.323+0000] {dagbag.py:587} INFO - Filling up the DagBag from /opt/airflow/dags/API_Crypto_Extraction_modularizad.py
[2024-09-20T22:33:33.828+0000] {processor.py:186} INFO - Started process (PID=163) to work on /opt/airflow/dags/API_Crypto_Extraction_modularizad.py
[2024-09-20T22:33:33.834+0000] {processor.py:914} INFO - Processing file /opt/airflow/dags/API_Crypto_Extraction_modularizad.py for tasks to queue
[2024-09-20T22:33:34.196+0000] {logging_mixin.py:190} INFO - [2024-09-20T22:33:33.950+0000] {dagbag.py:587} INFO - Filling up the DagBag from /opt/airflow/dags/API_Crypto_Extraction_modularizad.py
[2024-09-20T22:34:03.263+0000] {logging_mixin.py:190} INFO - [2024-09-20T22:34:03.240+0000] {dagbag.py:386} ERROR - Failed to import: /opt/airflow/dags/API_Crypto_Extraction_modularizad.py
Traceback (most recent call last):
  File "/home/airflow/.local/lib/python3.12/site-packages/airflow/models/dagbag.py", line 382, in parse
    loader.exec_module(new_module)
  File "<frozen importlib._bootstrap_external>", line 995, in exec_module
  File "<frozen importlib._bootstrap>", line 488, in _call_with_frames_removed
  File "/opt/airflow/dags/API_Crypto_Extraction_modularizad.py", line 40, in <module>
    body_dict = response.json()
                ^^^^^^^^
NameError: name 'response' is not defined
[2024-09-20T22:34:03.269+0000] {processor.py:927} WARNING - No viable dags retrieved from /opt/airflow/dags/API_Crypto_Extraction_modularizad.py
[2024-09-20T22:34:03.385+0000] {processor.py:208} INFO - Processing /opt/airflow/dags/API_Crypto_Extraction_modularizad.py took 29.918 seconds
[2024-09-20T22:34:39.582+0000] {processor.py:186} INFO - Started process (PID=177) to work on /opt/airflow/dags/API_Crypto_Extraction_modularizad.py
[2024-09-20T22:34:39.622+0000] {processor.py:914} INFO - Processing file /opt/airflow/dags/API_Crypto_Extraction_modularizad.py for tasks to queue
[2024-09-20T22:34:40.049+0000] {logging_mixin.py:190} INFO - [2024-09-20T22:34:39.924+0000] {dagbag.py:587} INFO - Filling up the DagBag from /opt/airflow/dags/API_Crypto_Extraction_modularizad.py
[2024-09-20T22:35:59.103+0000] {processor.py:186} INFO - Started process (PID=192) to work on /opt/airflow/dags/API_Crypto_Extraction_modularizad.py
[2024-09-20T22:35:59.130+0000] {processor.py:914} INFO - Processing file /opt/airflow/dags/API_Crypto_Extraction_modularizad.py for tasks to queue
[2024-09-20T22:35:59.252+0000] {logging_mixin.py:190} INFO - [2024-09-20T22:35:59.216+0000] {dagbag.py:587} INFO - Filling up the DagBag from /opt/airflow/dags/API_Crypto_Extraction_modularizad.py
[2024-09-20T22:36:42.042+0000] {logging_mixin.py:190} INFO - [2024-09-20T22:36:41.970+0000] {timeout.py:68} ERROR - Process timed out, PID: 192
[2024-09-20T22:36:42.090+0000] {logging_mixin.py:190} WARNING - Exception ignored in: <function WeakKeyDictionary.__init__.<locals>.remove at 0x7f84652be980>
[2024-09-20T22:36:42.091+0000] {logging_mixin.py:190} WARNING - Traceback (most recent call last):
[2024-09-20T22:36:42.091+0000] {logging_mixin.py:190} WARNING -   File "/usr/local/lib/python3.12/weakref.py", line 369, in remove
[2024-09-20T22:36:42.196+0000] {logging_mixin.py:190} WARNING -     def remove(k, selfref=ref(self)):
[2024-09-20T22:36:42.199+0000] {logging_mixin.py:190} WARNING -   File "/home/airflow/.local/lib/python3.12/site-packages/airflow/utils/timeout.py", line 69, in handle_timeout
[2024-09-20T22:36:42.295+0000] {logging_mixin.py:190} WARNING -     raise AirflowTaskTimeout(self.error_message)
[2024-09-20T22:36:42.305+0000] {logging_mixin.py:190} WARNING - airflow.exceptions.AirflowTaskTimeout: DagBag import timeout for /opt/airflow/dags/API_Crypto_Extraction_modularizad.py after 30.0s.
Please take a look at these docs to improve your DAG import time:
* https://airflow.apache.org/docs/apache-airflow/2.10.1/best-practices.html#top-level-python-code
* https://airflow.apache.org/docs/apache-airflow/2.10.1/best-practices.html#reducing-dag-complexity, PID: 192
[2024-09-20T22:36:47.902+0000] {logging_mixin.py:190} INFO - [2024-09-20T22:36:47.849+0000] {dagbag.py:386} ERROR - Failed to import: /opt/airflow/dags/API_Crypto_Extraction_modularizad.py
Traceback (most recent call last):
  File "/home/airflow/.local/lib/python3.12/site-packages/airflow/models/dagbag.py", line 382, in parse
    loader.exec_module(new_module)
  File "<frozen importlib._bootstrap_external>", line 995, in exec_module
  File "<frozen importlib._bootstrap>", line 488, in _call_with_frames_removed
  File "/opt/airflow/dags/API_Crypto_Extraction_modularizad.py", line 40, in <module>
    body_dict = response.json()
                ^^^^^^^^
NameError: name 'response' is not defined
[2024-09-20T22:36:47.922+0000] {processor.py:927} WARNING - No viable dags retrieved from /opt/airflow/dags/API_Crypto_Extraction_modularizad.py
[2024-09-20T22:37:19.079+0000] {processor.py:186} INFO - Started process (PID=213) to work on /opt/airflow/dags/API_Crypto_Extraction_modularizad.py
[2024-09-20T22:37:19.083+0000] {processor.py:914} INFO - Processing file /opt/airflow/dags/API_Crypto_Extraction_modularizad.py for tasks to queue
[2024-09-20T22:37:19.097+0000] {logging_mixin.py:190} INFO - [2024-09-20T22:37:19.092+0000] {dagbag.py:587} INFO - Filling up the DagBag from /opt/airflow/dags/API_Crypto_Extraction_modularizad.py
[2024-09-20T22:37:54.500+0000] {logging_mixin.py:190} INFO - [2024-09-20T22:37:54.457+0000] {timeout.py:68} ERROR - Process timed out, PID: 213
[2024-09-20T22:37:54.523+0000] {logging_mixin.py:190} WARNING - Exception ignored in: <function WeakKeyDictionary.__init__.<locals>.remove at 0x7f84652be980>
[2024-09-20T22:37:54.530+0000] {logging_mixin.py:190} WARNING - Traceback (most recent call last):
[2024-09-20T22:37:54.552+0000] {logging_mixin.py:190} WARNING -   File "/usr/local/lib/python3.12/weakref.py", line 369, in remove
[2024-09-20T22:37:54.612+0000] {logging_mixin.py:190} WARNING -     def remove(k, selfref=ref(self)):
[2024-09-20T22:37:54.625+0000] {logging_mixin.py:190} WARNING -   File "/home/airflow/.local/lib/python3.12/site-packages/airflow/utils/timeout.py", line 69, in handle_timeout
[2024-09-20T22:37:54.660+0000] {logging_mixin.py:190} WARNING -     raise AirflowTaskTimeout(self.error_message)
[2024-09-20T22:37:54.725+0000] {logging_mixin.py:190} WARNING - airflow.exceptions.AirflowTaskTimeout: DagBag import timeout for /opt/airflow/dags/API_Crypto_Extraction_modularizad.py after 30.0s.
Please take a look at these docs to improve your DAG import time:
* https://airflow.apache.org/docs/apache-airflow/2.10.1/best-practices.html#top-level-python-code
* https://airflow.apache.org/docs/apache-airflow/2.10.1/best-practices.html#reducing-dag-complexity, PID: 213
[2024-09-20T22:38:06.004+0000] {logging_mixin.py:190} INFO - [2024-09-20T22:38:05.924+0000] {dagbag.py:386} ERROR - Failed to import: /opt/airflow/dags/API_Crypto_Extraction_modularizad.py
Traceback (most recent call last):
  File "/home/airflow/.local/lib/python3.12/site-packages/airflow/models/dagbag.py", line 382, in parse
    loader.exec_module(new_module)
  File "<frozen importlib._bootstrap_external>", line 995, in exec_module
  File "<frozen importlib._bootstrap>", line 488, in _call_with_frames_removed
  File "/opt/airflow/dags/API_Crypto_Extraction_modularizad.py", line 40, in <module>
    body_dict = response.json()
                ^^^^^^^^
NameError: name 'response' is not defined
[2024-09-20T22:38:06.022+0000] {processor.py:927} WARNING - No viable dags retrieved from /opt/airflow/dags/API_Crypto_Extraction_modularizad.py
[2024-09-20T22:38:08.332+0000] {processor.py:208} INFO - Processing /opt/airflow/dags/API_Crypto_Extraction_modularizad.py took 49.354 seconds
[2024-09-20T22:38:40.505+0000] {processor.py:186} INFO - Started process (PID=227) to work on /opt/airflow/dags/API_Crypto_Extraction_modularizad.py
[2024-09-20T22:38:40.591+0000] {processor.py:914} INFO - Processing file /opt/airflow/dags/API_Crypto_Extraction_modularizad.py for tasks to queue
[2024-09-20T22:38:40.775+0000] {logging_mixin.py:190} INFO - [2024-09-20T22:38:40.687+0000] {dagbag.py:587} INFO - Filling up the DagBag from /opt/airflow/dags/API_Crypto_Extraction_modularizad.py
[2024-09-20T22:39:11.356+0000] {logging_mixin.py:190} INFO - [2024-09-20T22:39:11.334+0000] {timeout.py:68} ERROR - Process timed out, PID: 227
[2024-09-20T22:39:11.359+0000] {logging_mixin.py:190} WARNING - Exception ignored in: <function WeakKeyDictionary.__init__.<locals>.remove at 0x7f84652be980>
[2024-09-20T22:39:11.362+0000] {logging_mixin.py:190} WARNING - Traceback (most recent call last):
[2024-09-20T22:39:11.363+0000] {logging_mixin.py:190} WARNING -   File "/usr/local/lib/python3.12/weakref.py", line 369, in remove
[2024-09-20T22:39:11.371+0000] {logging_mixin.py:190} WARNING -     def remove(k, selfref=ref(self)):
[2024-09-20T22:39:11.379+0000] {logging_mixin.py:190} WARNING -   File "/home/airflow/.local/lib/python3.12/site-packages/airflow/utils/timeout.py", line 69, in handle_timeout
[2024-09-20T22:39:11.385+0000] {logging_mixin.py:190} WARNING -     raise AirflowTaskTimeout(self.error_message)
[2024-09-20T22:39:11.388+0000] {logging_mixin.py:190} WARNING - airflow.exceptions.AirflowTaskTimeout: DagBag import timeout for /opt/airflow/dags/API_Crypto_Extraction_modularizad.py after 30.0s.
Please take a look at these docs to improve your DAG import time:
* https://airflow.apache.org/docs/apache-airflow/2.10.1/best-practices.html#top-level-python-code
* https://airflow.apache.org/docs/apache-airflow/2.10.1/best-practices.html#reducing-dag-complexity, PID: 227
[2024-09-20T22:39:24.458+0000] {logging_mixin.py:190} INFO - [2024-09-20T22:39:24.348+0000] {dagbag.py:386} ERROR - Failed to import: /opt/airflow/dags/API_Crypto_Extraction_modularizad.py
Traceback (most recent call last):
  File "/home/airflow/.local/lib/python3.12/site-packages/airflow/models/dagbag.py", line 382, in parse
    loader.exec_module(new_module)
  File "<frozen importlib._bootstrap_external>", line 995, in exec_module
  File "<frozen importlib._bootstrap>", line 488, in _call_with_frames_removed
  File "/opt/airflow/dags/API_Crypto_Extraction_modularizad.py", line 40, in <module>
    body_dict = response.json()
                ^^^^^^^^
NameError: name 'response' is not defined
[2024-09-20T22:39:24.472+0000] {processor.py:927} WARNING - No viable dags retrieved from /opt/airflow/dags/API_Crypto_Extraction_modularizad.py
[2024-09-20T22:39:24.708+0000] {processor.py:208} INFO - Processing /opt/airflow/dags/API_Crypto_Extraction_modularizad.py took 44.822 seconds
[2024-09-20T22:39:56.868+0000] {processor.py:186} INFO - Started process (PID=247) to work on /opt/airflow/dags/API_Crypto_Extraction_modularizad.py
[2024-09-20T22:39:56.878+0000] {processor.py:914} INFO - Processing file /opt/airflow/dags/API_Crypto_Extraction_modularizad.py for tasks to queue
[2024-09-20T22:39:57.141+0000] {logging_mixin.py:190} INFO - [2024-09-20T22:39:57.075+0000] {dagbag.py:587} INFO - Filling up the DagBag from /opt/airflow/dags/API_Crypto_Extraction_modularizad.py
[2024-09-20T22:41:22.162+0000] {processor.py:186} INFO - Started process (PID=261) to work on /opt/airflow/dags/API_Crypto_Extraction_modularizad.py
[2024-09-20T22:41:22.169+0000] {processor.py:914} INFO - Processing file /opt/airflow/dags/API_Crypto_Extraction_modularizad.py for tasks to queue
[2024-09-20T22:41:22.188+0000] {logging_mixin.py:190} INFO - [2024-09-20T22:41:22.181+0000] {dagbag.py:587} INFO - Filling up the DagBag from /opt/airflow/dags/API_Crypto_Extraction_modularizad.py
[2024-09-20T22:41:55.912+0000] {logging_mixin.py:190} INFO - [2024-09-20T22:41:55.901+0000] {timeout.py:68} ERROR - Process timed out, PID: 261
[2024-09-20T22:41:55.914+0000] {logging_mixin.py:190} WARNING - Exception ignored in: <function WeakKeyDictionary.__init__.<locals>.remove at 0x7f84652be980>
[2024-09-20T22:41:55.915+0000] {logging_mixin.py:190} WARNING - Traceback (most recent call last):
[2024-09-20T22:41:55.916+0000] {logging_mixin.py:190} WARNING -   File "/usr/local/lib/python3.12/weakref.py", line 369, in remove
[2024-09-20T22:41:55.922+0000] {logging_mixin.py:190} WARNING -     def remove(k, selfref=ref(self)):
[2024-09-20T22:41:55.927+0000] {logging_mixin.py:190} WARNING -   File "/home/airflow/.local/lib/python3.12/site-packages/airflow/utils/timeout.py", line 69, in handle_timeout
[2024-09-20T22:41:55.932+0000] {logging_mixin.py:190} WARNING -     raise AirflowTaskTimeout(self.error_message)
[2024-09-20T22:41:55.939+0000] {logging_mixin.py:190} WARNING - airflow.exceptions.AirflowTaskTimeout: DagBag import timeout for /opt/airflow/dags/API_Crypto_Extraction_modularizad.py after 30.0s.
Please take a look at these docs to improve your DAG import time:
* https://airflow.apache.org/docs/apache-airflow/2.10.1/best-practices.html#top-level-python-code
* https://airflow.apache.org/docs/apache-airflow/2.10.1/best-practices.html#reducing-dag-complexity, PID: 261
[2024-09-20T22:42:03.318+0000] {logging_mixin.py:190} INFO - [2024-09-20T22:42:03.261+0000] {dagbag.py:386} ERROR - Failed to import: /opt/airflow/dags/API_Crypto_Extraction_modularizad.py
Traceback (most recent call last):
  File "/home/airflow/.local/lib/python3.12/site-packages/airflow/models/dagbag.py", line 382, in parse
    loader.exec_module(new_module)
  File "<frozen importlib._bootstrap_external>", line 995, in exec_module
  File "<frozen importlib._bootstrap>", line 488, in _call_with_frames_removed
  File "/opt/airflow/dags/API_Crypto_Extraction_modularizad.py", line 40, in <module>
    body_dict = response.json()
                ^^^^^^^^
NameError: name 'response' is not defined
[2024-09-20T22:42:03.336+0000] {processor.py:927} WARNING - No viable dags retrieved from /opt/airflow/dags/API_Crypto_Extraction_modularizad.py
[2024-09-20T22:42:05.832+0000] {processor.py:208} INFO - Processing /opt/airflow/dags/API_Crypto_Extraction_modularizad.py took 47.921 seconds
[2024-09-20T22:42:39.089+0000] {processor.py:186} INFO - Started process (PID=281) to work on /opt/airflow/dags/API_Crypto_Extraction_modularizad.py
[2024-09-20T22:42:39.130+0000] {processor.py:914} INFO - Processing file /opt/airflow/dags/API_Crypto_Extraction_modularizad.py for tasks to queue
[2024-09-20T22:42:39.330+0000] {logging_mixin.py:190} INFO - [2024-09-20T22:42:39.295+0000] {dagbag.py:587} INFO - Filling up the DagBag from /opt/airflow/dags/API_Crypto_Extraction_modularizad.py
[2024-09-20T22:43:22.117+0000] {logging_mixin.py:190} INFO - [2024-09-20T22:43:22.082+0000] {timeout.py:68} ERROR - Process timed out, PID: 281
[2024-09-20T22:43:22.132+0000] {logging_mixin.py:190} WARNING - Exception ignored in: <module 'collections.abc' from '/usr/local/lib/python3.12/collections/abc.py'>
[2024-09-20T22:43:22.133+0000] {logging_mixin.py:190} WARNING - Traceback (most recent call last):
[2024-09-20T22:43:22.134+0000] {logging_mixin.py:190} WARNING -   File "<string>", line 0, in <module>
[2024-09-20T22:43:22.136+0000] {logging_mixin.py:190} WARNING -   File "/home/airflow/.local/lib/python3.12/site-packages/airflow/utils/timeout.py", line 69, in handle_timeout
[2024-09-20T22:43:22.152+0000] {logging_mixin.py:190} WARNING -     raise AirflowTaskTimeout(self.error_message)
[2024-09-20T22:43:22.154+0000] {logging_mixin.py:190} WARNING - airflow.exceptions.AirflowTaskTimeout: DagBag import timeout for /opt/airflow/dags/API_Crypto_Extraction_modularizad.py after 30.0s.
Please take a look at these docs to improve your DAG import time:
* https://airflow.apache.org/docs/apache-airflow/2.10.1/best-practices.html#top-level-python-code
* https://airflow.apache.org/docs/apache-airflow/2.10.1/best-practices.html#reducing-dag-complexity, PID: 281
[2024-09-20T22:52:11.147+0000] {processor.py:186} INFO - Started process (PID=41) to work on /opt/airflow/dags/API_Crypto_Extraction_modularizad.py
[2024-09-20T22:52:11.155+0000] {processor.py:914} INFO - Processing file /opt/airflow/dags/API_Crypto_Extraction_modularizad.py for tasks to queue
[2024-09-20T22:52:11.161+0000] {logging_mixin.py:190} INFO - [2024-09-20T22:52:11.159+0000] {dagbag.py:587} INFO - Filling up the DagBag from /opt/airflow/dags/API_Crypto_Extraction_modularizad.py
[2024-09-20T22:52:26.853+0000] {logging_mixin.py:190} INFO - [2024-09-20T22:52:26.783+0000] {dagbag.py:386} ERROR - Failed to import: /opt/airflow/dags/API_Crypto_Extraction_modularizad.py
Traceback (most recent call last):
  File "/home/airflow/.local/lib/python3.12/site-packages/airflow/models/dagbag.py", line 382, in parse
    loader.exec_module(new_module)
  File "<frozen importlib._bootstrap_external>", line 995, in exec_module
  File "<frozen importlib._bootstrap>", line 488, in _call_with_frames_removed
  File "/opt/airflow/dags/API_Crypto_Extraction_modularizad.py", line 40, in <module>
    body_dict = response.json()
                ^^^^^^^^
NameError: name 'response' is not defined
[2024-09-20T22:52:26.869+0000] {processor.py:927} WARNING - No viable dags retrieved from /opt/airflow/dags/API_Crypto_Extraction_modularizad.py
[2024-09-20T22:52:27.109+0000] {processor.py:208} INFO - Processing /opt/airflow/dags/API_Crypto_Extraction_modularizad.py took 16.056 seconds
[2024-09-20T22:52:59.733+0000] {processor.py:186} INFO - Started process (PID=49) to work on /opt/airflow/dags/API_Crypto_Extraction_modularizad.py
[2024-09-20T22:52:59.737+0000] {processor.py:914} INFO - Processing file /opt/airflow/dags/API_Crypto_Extraction_modularizad.py for tasks to queue
[2024-09-20T22:52:59.750+0000] {logging_mixin.py:190} INFO - [2024-09-20T22:52:59.745+0000] {dagbag.py:587} INFO - Filling up the DagBag from /opt/airflow/dags/API_Crypto_Extraction_modularizad.py
[2024-09-20T22:53:14.173+0000] {logging_mixin.py:190} INFO - [2024-09-20T22:53:14.162+0000] {dagbag.py:386} ERROR - Failed to import: /opt/airflow/dags/API_Crypto_Extraction_modularizad.py
Traceback (most recent call last):
  File "/home/airflow/.local/lib/python3.12/site-packages/airflow/models/dagbag.py", line 382, in parse
    loader.exec_module(new_module)
  File "<frozen importlib._bootstrap_external>", line 995, in exec_module
  File "<frozen importlib._bootstrap>", line 488, in _call_with_frames_removed
  File "/opt/airflow/dags/API_Crypto_Extraction_modularizad.py", line 40, in <module>
    body_dict = response.json()
                ^^^^^^^^
NameError: name 'response' is not defined
[2024-09-20T22:53:14.177+0000] {processor.py:927} WARNING - No viable dags retrieved from /opt/airflow/dags/API_Crypto_Extraction_modularizad.py
[2024-09-20T22:53:14.215+0000] {processor.py:208} INFO - Processing /opt/airflow/dags/API_Crypto_Extraction_modularizad.py took 14.726 seconds
[2024-09-20T22:53:45.000+0000] {processor.py:186} INFO - Started process (PID=63) to work on /opt/airflow/dags/API_Crypto_Extraction_modularizad.py
[2024-09-20T22:53:45.002+0000] {processor.py:914} INFO - Processing file /opt/airflow/dags/API_Crypto_Extraction_modularizad.py for tasks to queue
[2024-09-20T22:53:45.009+0000] {logging_mixin.py:190} INFO - [2024-09-20T22:53:45.006+0000] {dagbag.py:587} INFO - Filling up the DagBag from /opt/airflow/dags/API_Crypto_Extraction_modularizad.py
[2024-09-20T22:53:49.583+0000] {logging_mixin.py:190} INFO - [2024-09-20T22:53:49.574+0000] {dagbag.py:386} ERROR - Failed to import: /opt/airflow/dags/API_Crypto_Extraction_modularizad.py
Traceback (most recent call last):
  File "/home/airflow/.local/lib/python3.12/site-packages/airflow/models/dagbag.py", line 382, in parse
    loader.exec_module(new_module)
  File "<frozen importlib._bootstrap_external>", line 995, in exec_module
  File "<frozen importlib._bootstrap>", line 488, in _call_with_frames_removed
  File "/opt/airflow/dags/API_Crypto_Extraction_modularizad.py", line 40, in <module>
    body_dict = response.json()
                ^^^^^^^^
NameError: name 'response' is not defined
[2024-09-20T22:53:49.588+0000] {processor.py:927} WARNING - No viable dags retrieved from /opt/airflow/dags/API_Crypto_Extraction_modularizad.py
[2024-09-20T22:53:49.628+0000] {processor.py:208} INFO - Processing /opt/airflow/dags/API_Crypto_Extraction_modularizad.py took 4.683 seconds
[2024-09-20T22:54:20.021+0000] {processor.py:186} INFO - Started process (PID=71) to work on /opt/airflow/dags/API_Crypto_Extraction_modularizad.py
[2024-09-20T22:54:20.024+0000] {processor.py:914} INFO - Processing file /opt/airflow/dags/API_Crypto_Extraction_modularizad.py for tasks to queue
[2024-09-20T22:54:20.031+0000] {logging_mixin.py:190} INFO - [2024-09-20T22:54:20.030+0000] {dagbag.py:587} INFO - Filling up the DagBag from /opt/airflow/dags/API_Crypto_Extraction_modularizad.py
[2024-09-20T22:54:21.829+0000] {logging_mixin.py:190} INFO - [2024-09-20T22:54:21.813+0000] {dagbag.py:386} ERROR - Failed to import: /opt/airflow/dags/API_Crypto_Extraction_modularizad.py
Traceback (most recent call last):
  File "/home/airflow/.local/lib/python3.12/site-packages/airflow/models/dagbag.py", line 382, in parse
    loader.exec_module(new_module)
  File "<frozen importlib._bootstrap_external>", line 995, in exec_module
  File "<frozen importlib._bootstrap>", line 488, in _call_with_frames_removed
  File "/opt/airflow/dags/API_Crypto_Extraction_modularizad.py", line 40, in <module>
    body_dict = response.json()
                ^^^^^^^^
NameError: name 'response' is not defined
[2024-09-20T22:54:21.837+0000] {processor.py:927} WARNING - No viable dags retrieved from /opt/airflow/dags/API_Crypto_Extraction_modularizad.py
[2024-09-20T22:54:21.915+0000] {processor.py:208} INFO - Processing /opt/airflow/dags/API_Crypto_Extraction_modularizad.py took 1.909 seconds
[2024-09-20T22:54:52.971+0000] {processor.py:186} INFO - Started process (PID=79) to work on /opt/airflow/dags/API_Crypto_Extraction_modularizad.py
[2024-09-20T22:54:52.974+0000] {processor.py:914} INFO - Processing file /opt/airflow/dags/API_Crypto_Extraction_modularizad.py for tasks to queue
[2024-09-20T22:54:52.981+0000] {logging_mixin.py:190} INFO - [2024-09-20T22:54:52.978+0000] {dagbag.py:587} INFO - Filling up the DagBag from /opt/airflow/dags/API_Crypto_Extraction_modularizad.py
[2024-09-20T22:54:59.114+0000] {logging_mixin.py:190} INFO - [2024-09-20T22:54:59.077+0000] {dagbag.py:386} ERROR - Failed to import: /opt/airflow/dags/API_Crypto_Extraction_modularizad.py
Traceback (most recent call last):
  File "/home/airflow/.local/lib/python3.12/site-packages/airflow/models/dagbag.py", line 382, in parse
    loader.exec_module(new_module)
  File "<frozen importlib._bootstrap_external>", line 995, in exec_module
  File "<frozen importlib._bootstrap>", line 488, in _call_with_frames_removed
  File "/opt/airflow/dags/API_Crypto_Extraction_modularizad.py", line 40, in <module>
    body_dict = response.json()
                ^^^^^^^^
NameError: name 'response' is not defined
[2024-09-20T22:54:59.137+0000] {processor.py:927} WARNING - No viable dags retrieved from /opt/airflow/dags/API_Crypto_Extraction_modularizad.py
[2024-09-20T22:54:59.299+0000] {processor.py:208} INFO - Processing /opt/airflow/dags/API_Crypto_Extraction_modularizad.py took 6.364 seconds
[2024-09-20T22:55:08.656+0000] {processor.py:186} INFO - Started process (PID=88) to work on /opt/airflow/dags/API_Crypto_Extraction_modularizad.py
[2024-09-20T22:55:08.659+0000] {processor.py:914} INFO - Processing file /opt/airflow/dags/API_Crypto_Extraction_modularizad.py for tasks to queue
[2024-09-20T22:55:08.663+0000] {logging_mixin.py:190} INFO - [2024-09-20T22:55:08.662+0000] {dagbag.py:587} INFO - Filling up the DagBag from /opt/airflow/dags/API_Crypto_Extraction_modularizad.py
[2024-09-20T22:55:12.366+0000] {logging_mixin.py:190} INFO - [2024-09-20T22:55:12.351+0000] {dagbag.py:386} ERROR - Failed to import: /opt/airflow/dags/API_Crypto_Extraction_modularizad.py
Traceback (most recent call last):
  File "/home/airflow/.local/lib/python3.12/site-packages/airflow/models/dagbag.py", line 382, in parse
    loader.exec_module(new_module)
  File "<frozen importlib._bootstrap_external>", line 995, in exec_module
  File "<frozen importlib._bootstrap>", line 488, in _call_with_frames_removed
  File "/opt/airflow/dags/API_Crypto_Extraction_modularizad.py", line 40, in <module>
    body_dict = response.json()
                ^^^^^^^^
NameError: name 'response' is not defined
[2024-09-20T22:55:12.373+0000] {processor.py:927} WARNING - No viable dags retrieved from /opt/airflow/dags/API_Crypto_Extraction_modularizad.py
[2024-09-20T22:55:12.412+0000] {processor.py:208} INFO - Processing /opt/airflow/dags/API_Crypto_Extraction_modularizad.py took 3.801 seconds
[2024-09-20T22:55:42.906+0000] {processor.py:186} INFO - Started process (PID=96) to work on /opt/airflow/dags/API_Crypto_Extraction_modularizad.py
[2024-09-20T22:55:42.911+0000] {processor.py:914} INFO - Processing file /opt/airflow/dags/API_Crypto_Extraction_modularizad.py for tasks to queue
[2024-09-20T22:55:42.933+0000] {logging_mixin.py:190} INFO - [2024-09-20T22:55:42.916+0000] {dagbag.py:587} INFO - Filling up the DagBag from /opt/airflow/dags/API_Crypto_Extraction_modularizad.py
[2024-09-20T22:55:45.110+0000] {logging_mixin.py:190} INFO - [2024-09-20T22:55:45.104+0000] {dagbag.py:386} ERROR - Failed to import: /opt/airflow/dags/API_Crypto_Extraction_modularizad.py
Traceback (most recent call last):
  File "/home/airflow/.local/lib/python3.12/site-packages/airflow/models/dagbag.py", line 382, in parse
    loader.exec_module(new_module)
  File "<frozen importlib._bootstrap_external>", line 995, in exec_module
  File "<frozen importlib._bootstrap>", line 488, in _call_with_frames_removed
  File "/opt/airflow/dags/API_Crypto_Extraction_modularizad.py", line 40, in <module>
    body_dict = response.json()
                ^^^^^^^^
NameError: name 'response' is not defined
[2024-09-20T22:55:45.113+0000] {processor.py:927} WARNING - No viable dags retrieved from /opt/airflow/dags/API_Crypto_Extraction_modularizad.py
[2024-09-20T22:55:45.135+0000] {processor.py:208} INFO - Processing /opt/airflow/dags/API_Crypto_Extraction_modularizad.py took 2.253 seconds
[2024-09-20T22:56:15.264+0000] {processor.py:186} INFO - Started process (PID=104) to work on /opt/airflow/dags/API_Crypto_Extraction_modularizad.py
[2024-09-20T22:56:15.266+0000] {processor.py:914} INFO - Processing file /opt/airflow/dags/API_Crypto_Extraction_modularizad.py for tasks to queue
[2024-09-20T22:56:15.269+0000] {logging_mixin.py:190} INFO - [2024-09-20T22:56:15.268+0000] {dagbag.py:587} INFO - Filling up the DagBag from /opt/airflow/dags/API_Crypto_Extraction_modularizad.py
[2024-09-20T22:56:17.267+0000] {logging_mixin.py:190} INFO - [2024-09-20T22:56:17.251+0000] {dagbag.py:386} ERROR - Failed to import: /opt/airflow/dags/API_Crypto_Extraction_modularizad.py
Traceback (most recent call last):
  File "/home/airflow/.local/lib/python3.12/site-packages/airflow/models/dagbag.py", line 382, in parse
    loader.exec_module(new_module)
  File "<frozen importlib._bootstrap_external>", line 995, in exec_module
  File "<frozen importlib._bootstrap>", line 488, in _call_with_frames_removed
  File "/opt/airflow/dags/API_Crypto_Extraction_modularizad.py", line 40, in <module>
    body_dict = response.json()
                ^^^^^^^^
NameError: name 'response' is not defined
[2024-09-20T22:56:17.278+0000] {processor.py:927} WARNING - No viable dags retrieved from /opt/airflow/dags/API_Crypto_Extraction_modularizad.py
[2024-09-20T22:56:17.369+0000] {processor.py:208} INFO - Processing /opt/airflow/dags/API_Crypto_Extraction_modularizad.py took 2.124 seconds
[2024-09-20T22:56:47.611+0000] {processor.py:186} INFO - Started process (PID=112) to work on /opt/airflow/dags/API_Crypto_Extraction_modularizad.py
[2024-09-20T22:56:47.613+0000] {processor.py:914} INFO - Processing file /opt/airflow/dags/API_Crypto_Extraction_modularizad.py for tasks to queue
[2024-09-20T22:56:47.616+0000] {logging_mixin.py:190} INFO - [2024-09-20T22:56:47.615+0000] {dagbag.py:587} INFO - Filling up the DagBag from /opt/airflow/dags/API_Crypto_Extraction_modularizad.py
[2024-09-20T22:56:50.721+0000] {logging_mixin.py:190} INFO - [2024-09-20T22:56:50.714+0000] {dagbag.py:386} ERROR - Failed to import: /opt/airflow/dags/API_Crypto_Extraction_modularizad.py
Traceback (most recent call last):
  File "/home/airflow/.local/lib/python3.12/site-packages/airflow/models/dagbag.py", line 382, in parse
    loader.exec_module(new_module)
  File "<frozen importlib._bootstrap_external>", line 995, in exec_module
  File "<frozen importlib._bootstrap>", line 488, in _call_with_frames_removed
  File "/opt/airflow/dags/API_Crypto_Extraction_modularizad.py", line 40, in <module>
    body_dict = response.json()
                ^^^^^^^^
NameError: name 'response' is not defined
[2024-09-20T22:56:50.727+0000] {processor.py:927} WARNING - No viable dags retrieved from /opt/airflow/dags/API_Crypto_Extraction_modularizad.py
[2024-09-20T22:56:50.755+0000] {processor.py:208} INFO - Processing /opt/airflow/dags/API_Crypto_Extraction_modularizad.py took 3.166 seconds
[2024-09-20T22:57:21.140+0000] {processor.py:186} INFO - Started process (PID=120) to work on /opt/airflow/dags/API_Crypto_Extraction_modularizad.py
[2024-09-20T22:57:21.141+0000] {processor.py:914} INFO - Processing file /opt/airflow/dags/API_Crypto_Extraction_modularizad.py for tasks to queue
[2024-09-20T22:57:21.143+0000] {logging_mixin.py:190} INFO - [2024-09-20T22:57:21.142+0000] {dagbag.py:587} INFO - Filling up the DagBag from /opt/airflow/dags/API_Crypto_Extraction_modularizad.py
[2024-09-20T22:57:21.636+0000] {logging_mixin.py:190} INFO - [2024-09-20T22:57:21.625+0000] {dagbag.py:386} ERROR - Failed to import: /opt/airflow/dags/API_Crypto_Extraction_modularizad.py
Traceback (most recent call last):
  File "/home/airflow/.local/lib/python3.12/site-packages/airflow/models/dagbag.py", line 382, in parse
    loader.exec_module(new_module)
  File "<frozen importlib._bootstrap_external>", line 995, in exec_module
  File "<frozen importlib._bootstrap>", line 488, in _call_with_frames_removed
  File "/opt/airflow/dags/API_Crypto_Extraction_modularizad.py", line 40, in <module>
    body_dict = response.json()
                ^^^^^^^^
NameError: name 'response' is not defined
[2024-09-20T22:57:21.641+0000] {processor.py:927} WARNING - No viable dags retrieved from /opt/airflow/dags/API_Crypto_Extraction_modularizad.py
[2024-09-20T22:57:21.660+0000] {processor.py:208} INFO - Processing /opt/airflow/dags/API_Crypto_Extraction_modularizad.py took 0.529 seconds
[2024-09-20T22:57:51.977+0000] {processor.py:186} INFO - Started process (PID=128) to work on /opt/airflow/dags/API_Crypto_Extraction_modularizad.py
[2024-09-20T22:57:51.978+0000] {processor.py:914} INFO - Processing file /opt/airflow/dags/API_Crypto_Extraction_modularizad.py for tasks to queue
[2024-09-20T22:57:51.980+0000] {logging_mixin.py:190} INFO - [2024-09-20T22:57:51.979+0000] {dagbag.py:587} INFO - Filling up the DagBag from /opt/airflow/dags/API_Crypto_Extraction_modularizad.py
[2024-09-20T22:57:52.419+0000] {logging_mixin.py:190} INFO - [2024-09-20T22:57:52.408+0000] {dagbag.py:386} ERROR - Failed to import: /opt/airflow/dags/API_Crypto_Extraction_modularizad.py
Traceback (most recent call last):
  File "/home/airflow/.local/lib/python3.12/site-packages/airflow/models/dagbag.py", line 382, in parse
    loader.exec_module(new_module)
  File "<frozen importlib._bootstrap_external>", line 995, in exec_module
  File "<frozen importlib._bootstrap>", line 488, in _call_with_frames_removed
  File "/opt/airflow/dags/API_Crypto_Extraction_modularizad.py", line 40, in <module>
    body_dict = response.json()
                ^^^^^^^^
NameError: name 'response' is not defined
[2024-09-20T22:57:52.423+0000] {processor.py:927} WARNING - No viable dags retrieved from /opt/airflow/dags/API_Crypto_Extraction_modularizad.py
[2024-09-20T22:57:52.441+0000] {processor.py:208} INFO - Processing /opt/airflow/dags/API_Crypto_Extraction_modularizad.py took 0.470 seconds
[2024-09-20T22:58:22.701+0000] {processor.py:186} INFO - Started process (PID=136) to work on /opt/airflow/dags/API_Crypto_Extraction_modularizad.py
[2024-09-20T22:58:22.703+0000] {processor.py:914} INFO - Processing file /opt/airflow/dags/API_Crypto_Extraction_modularizad.py for tasks to queue
[2024-09-20T22:58:22.704+0000] {logging_mixin.py:190} INFO - [2024-09-20T22:58:22.704+0000] {dagbag.py:587} INFO - Filling up the DagBag from /opt/airflow/dags/API_Crypto_Extraction_modularizad.py
[2024-09-20T22:58:23.204+0000] {logging_mixin.py:190} INFO - [2024-09-20T22:58:23.198+0000] {dagbag.py:386} ERROR - Failed to import: /opt/airflow/dags/API_Crypto_Extraction_modularizad.py
Traceback (most recent call last):
  File "/home/airflow/.local/lib/python3.12/site-packages/airflow/models/dagbag.py", line 382, in parse
    loader.exec_module(new_module)
  File "<frozen importlib._bootstrap_external>", line 995, in exec_module
  File "<frozen importlib._bootstrap>", line 488, in _call_with_frames_removed
  File "/opt/airflow/dags/API_Crypto_Extraction_modularizad.py", line 40, in <module>
    body_dict = response.json()
                ^^^^^^^^
NameError: name 'response' is not defined
[2024-09-20T22:58:23.208+0000] {processor.py:927} WARNING - No viable dags retrieved from /opt/airflow/dags/API_Crypto_Extraction_modularizad.py
[2024-09-20T22:58:23.222+0000] {processor.py:208} INFO - Processing /opt/airflow/dags/API_Crypto_Extraction_modularizad.py took 0.527 seconds
[2024-09-20T22:58:34.421+0000] {processor.py:186} INFO - Started process (PID=138) to work on /opt/airflow/dags/API_Crypto_Extraction_modularizad.py
[2024-09-20T22:58:34.422+0000] {processor.py:914} INFO - Processing file /opt/airflow/dags/API_Crypto_Extraction_modularizad.py for tasks to queue
[2024-09-20T22:58:34.424+0000] {logging_mixin.py:190} INFO - [2024-09-20T22:58:34.423+0000] {dagbag.py:587} INFO - Filling up the DagBag from /opt/airflow/dags/API_Crypto_Extraction_modularizad.py
[2024-09-20T22:58:35.133+0000] {processor.py:925} INFO - DAG(s) 'Bitcoin_ETL' retrieved from /opt/airflow/dags/API_Crypto_Extraction_modularizad.py
[2024-09-20T22:58:35.533+0000] {logging_mixin.py:190} INFO - [2024-09-20T22:58:35.532+0000] {override.py:1900} INFO - Created Permission View: can edit on DAG:Bitcoin_ETL
[2024-09-20T22:58:35.546+0000] {logging_mixin.py:190} INFO - [2024-09-20T22:58:35.546+0000] {override.py:1900} INFO - Created Permission View: can delete on DAG:Bitcoin_ETL
[2024-09-20T22:58:35.553+0000] {logging_mixin.py:190} INFO - [2024-09-20T22:58:35.553+0000] {override.py:1900} INFO - Created Permission View: can read on DAG:Bitcoin_ETL
[2024-09-20T22:58:35.563+0000] {logging_mixin.py:190} INFO - [2024-09-20T22:58:35.563+0000] {override.py:1900} INFO - Created Permission View: can delete on DAG Run:Bitcoin_ETL
[2024-09-20T22:58:35.571+0000] {logging_mixin.py:190} INFO - [2024-09-20T22:58:35.571+0000] {override.py:1900} INFO - Created Permission View: menu access on DAG Run:Bitcoin_ETL
[2024-09-20T22:58:35.580+0000] {logging_mixin.py:190} INFO - [2024-09-20T22:58:35.580+0000] {override.py:1900} INFO - Created Permission View: can create on DAG Run:Bitcoin_ETL
[2024-09-20T22:58:35.591+0000] {logging_mixin.py:190} INFO - [2024-09-20T22:58:35.591+0000] {override.py:1900} INFO - Created Permission View: can read on DAG Run:Bitcoin_ETL
[2024-09-20T22:58:35.593+0000] {logging_mixin.py:190} INFO - [2024-09-20T22:58:35.592+0000] {dag.py:3229} INFO - Sync 1 DAGs
[2024-09-20T22:58:35.611+0000] {logging_mixin.py:190} INFO - [2024-09-20T22:58:35.610+0000] {dag.py:3252} INFO - Creating ORM DAG for Bitcoin_ETL
[2024-09-20T22:58:35.629+0000] {logging_mixin.py:190} INFO - [2024-09-20T22:58:35.629+0000] {dag.py:4156} INFO - Setting next_dagrun for Bitcoin_ETL to 2024-09-19 00:00:00+00:00, run_after=2024-09-20 00:00:00+00:00
[2024-09-20T22:58:35.658+0000] {processor.py:208} INFO - Processing /opt/airflow/dags/API_Crypto_Extraction_modularizad.py took 1.246 seconds
[2024-09-20T22:58:48.826+0000] {processor.py:186} INFO - Started process (PID=147) to work on /opt/airflow/dags/API_Crypto_Extraction_modularizad.py
[2024-09-20T22:58:48.828+0000] {processor.py:914} INFO - Processing file /opt/airflow/dags/API_Crypto_Extraction_modularizad.py for tasks to queue
[2024-09-20T22:58:48.830+0000] {logging_mixin.py:190} INFO - [2024-09-20T22:58:48.829+0000] {dagbag.py:587} INFO - Filling up the DagBag from /opt/airflow/dags/API_Crypto_Extraction_modularizad.py
[2024-09-20T22:58:49.426+0000] {processor.py:925} INFO - DAG(s) 'Bitcoin_ETL' retrieved from /opt/airflow/dags/API_Crypto_Extraction_modularizad.py
[2024-09-20T22:58:49.437+0000] {logging_mixin.py:190} INFO - [2024-09-20T22:58:49.437+0000] {dag.py:3229} INFO - Sync 1 DAGs
[2024-09-20T22:58:49.462+0000] {logging_mixin.py:190} INFO - [2024-09-20T22:58:49.461+0000] {dag.py:4156} INFO - Setting next_dagrun for Bitcoin_ETL to 2024-09-19 00:00:00+00:00, run_after=2024-09-20 00:00:00+00:00
[2024-09-20T22:58:49.487+0000] {processor.py:208} INFO - Processing /opt/airflow/dags/API_Crypto_Extraction_modularizad.py took 0.670 seconds
[2024-09-20T22:59:19.925+0000] {processor.py:186} INFO - Started process (PID=155) to work on /opt/airflow/dags/API_Crypto_Extraction_modularizad.py
[2024-09-20T22:59:19.928+0000] {processor.py:914} INFO - Processing file /opt/airflow/dags/API_Crypto_Extraction_modularizad.py for tasks to queue
[2024-09-20T22:59:19.935+0000] {logging_mixin.py:190} INFO - [2024-09-20T22:59:19.932+0000] {dagbag.py:587} INFO - Filling up the DagBag from /opt/airflow/dags/API_Crypto_Extraction_modularizad.py
[2024-09-20T22:59:24.007+0000] {processor.py:925} INFO - DAG(s) 'Bitcoin_ETL' retrieved from /opt/airflow/dags/API_Crypto_Extraction_modularizad.py
[2024-09-20T22:59:24.139+0000] {logging_mixin.py:190} INFO - [2024-09-20T22:59:24.138+0000] {dag.py:3229} INFO - Sync 1 DAGs
[2024-09-20T22:59:24.196+0000] {logging_mixin.py:190} INFO - [2024-09-20T22:59:24.195+0000] {dag.py:4156} INFO - Setting next_dagrun for Bitcoin_ETL to 2024-09-20 00:00:00+00:00, run_after=2024-09-21 00:00:00+00:00
[2024-09-20T22:59:24.248+0000] {processor.py:208} INFO - Processing /opt/airflow/dags/API_Crypto_Extraction_modularizad.py took 4.391 seconds
[2024-09-20T22:59:55.030+0000] {processor.py:186} INFO - Started process (PID=163) to work on /opt/airflow/dags/API_Crypto_Extraction_modularizad.py
[2024-09-20T22:59:55.044+0000] {processor.py:914} INFO - Processing file /opt/airflow/dags/API_Crypto_Extraction_modularizad.py for tasks to queue
[2024-09-20T22:59:55.056+0000] {logging_mixin.py:190} INFO - [2024-09-20T22:59:55.051+0000] {dagbag.py:587} INFO - Filling up the DagBag from /opt/airflow/dags/API_Crypto_Extraction_modularizad.py
[2024-09-20T23:00:03.296+0000] {processor.py:925} INFO - DAG(s) 'Bitcoin_ETL' retrieved from /opt/airflow/dags/API_Crypto_Extraction_modularizad.py
[2024-09-20T23:00:03.338+0000] {logging_mixin.py:190} INFO - [2024-09-20T23:00:03.338+0000] {dag.py:3229} INFO - Sync 1 DAGs
[2024-09-20T23:00:03.364+0000] {logging_mixin.py:190} INFO - [2024-09-20T23:00:03.364+0000] {dag.py:4156} INFO - Setting next_dagrun for Bitcoin_ETL to 2024-09-20 00:00:00+00:00, run_after=2024-09-21 00:00:00+00:00
[2024-09-20T23:00:03.388+0000] {processor.py:208} INFO - Processing /opt/airflow/dags/API_Crypto_Extraction_modularizad.py took 8.611 seconds
[2024-09-20T23:00:11.609+0000] {processor.py:186} INFO - Started process (PID=171) to work on /opt/airflow/dags/API_Crypto_Extraction_modularizad.py
[2024-09-20T23:00:11.610+0000] {processor.py:914} INFO - Processing file /opt/airflow/dags/API_Crypto_Extraction_modularizad.py for tasks to queue
[2024-09-20T23:00:11.611+0000] {logging_mixin.py:190} INFO - [2024-09-20T23:00:11.611+0000] {dagbag.py:587} INFO - Filling up the DagBag from /opt/airflow/dags/API_Crypto_Extraction_modularizad.py
[2024-09-20T23:00:12.300+0000] {processor.py:925} INFO - DAG(s) 'Bitcoin_ETL' retrieved from /opt/airflow/dags/API_Crypto_Extraction_modularizad.py
[2024-09-20T23:00:12.317+0000] {logging_mixin.py:190} INFO - [2024-09-20T23:00:12.317+0000] {taskinstance.py:3312} ERROR - {'DAG Id': 'Bitcoin_ETL', 'Task Id': 'data_load', 'Run Id': 'scheduled__2024-09-19T00:00:00+00:00', 'Hostname': '50b9134d7c12', 'External Executor Id': '274e32ee-6edb-40c9-8295-43a71c04d58c'}
[2024-09-20T23:00:12.342+0000] {logging_mixin.py:190} INFO - [2024-09-20T23:00:12.342+0000] {taskinstance.py:1225} INFO - Marking task as UP_FOR_RETRY. dag_id=Bitcoin_ETL, task_id=data_load, run_id=scheduled__2024-09-19T00:00:00+00:00, execution_date=20240919T000000, start_date=20240920T225941, end_date=20240920T230012
[2024-09-20T23:00:12.360+0000] {logging_mixin.py:190} WARNING - /home/airflow/.local/lib/python3.12/site-packages/airflow/utils/email.py:155 RemovedInAirflow3Warning: Fetching SMTP credentials from configuration variables will be deprecated in a future release. Please set credentials using a connection instead.
[2024-09-20T23:00:12.361+0000] {logging_mixin.py:190} INFO - [2024-09-20T23:00:12.361+0000] {email.py:272} INFO - Email alerting: attempt 1
[2024-09-20T23:00:13.684+0000] {logging_mixin.py:190} INFO - [2024-09-20T23:00:13.683+0000] {email.py:283} INFO - Sent an alert email to ['francogranieri56@gmail.com']
[2024-09-20T23:00:15.074+0000] {logging_mixin.py:190} INFO - [2024-09-20T23:00:15.074+0000] {processor.py:876} INFO - Executed callback for <TaskInstance: Bitcoin_ETL.data_load scheduled__2024-09-19T00:00:00+00:00 [up_for_retry]> in state up_for_retry
[2024-09-20T23:00:15.088+0000] {logging_mixin.py:190} INFO - [2024-09-20T23:00:15.088+0000] {dag.py:3229} INFO - Sync 1 DAGs
[2024-09-20T23:00:15.105+0000] {logging_mixin.py:190} INFO - [2024-09-20T23:00:15.105+0000] {dag.py:4156} INFO - Setting next_dagrun for Bitcoin_ETL to 2024-09-20 00:00:00+00:00, run_after=2024-09-21 00:00:00+00:00
[2024-09-20T23:00:15.125+0000] {processor.py:208} INFO - Processing /opt/airflow/dags/API_Crypto_Extraction_modularizad.py took 3.525 seconds
[2024-09-20T23:00:45.466+0000] {processor.py:186} INFO - Started process (PID=179) to work on /opt/airflow/dags/API_Crypto_Extraction_modularizad.py
[2024-09-20T23:00:45.467+0000] {processor.py:914} INFO - Processing file /opt/airflow/dags/API_Crypto_Extraction_modularizad.py for tasks to queue
[2024-09-20T23:00:45.469+0000] {logging_mixin.py:190} INFO - [2024-09-20T23:00:45.468+0000] {dagbag.py:587} INFO - Filling up the DagBag from /opt/airflow/dags/API_Crypto_Extraction_modularizad.py
[2024-09-20T23:00:46.247+0000] {processor.py:925} INFO - DAG(s) 'Bitcoin_ETL' retrieved from /opt/airflow/dags/API_Crypto_Extraction_modularizad.py
[2024-09-20T23:00:46.283+0000] {logging_mixin.py:190} INFO - [2024-09-20T23:00:46.282+0000] {dag.py:3229} INFO - Sync 1 DAGs
[2024-09-20T23:00:46.315+0000] {logging_mixin.py:190} INFO - [2024-09-20T23:00:46.315+0000] {dag.py:4156} INFO - Setting next_dagrun for Bitcoin_ETL to 2024-09-20 00:00:00+00:00, run_after=2024-09-21 00:00:00+00:00
[2024-09-20T23:00:46.337+0000] {processor.py:208} INFO - Processing /opt/airflow/dags/API_Crypto_Extraction_modularizad.py took 0.879 seconds
[2024-09-20T23:01:16.731+0000] {processor.py:186} INFO - Started process (PID=188) to work on /opt/airflow/dags/API_Crypto_Extraction_modularizad.py
[2024-09-20T23:01:16.732+0000] {processor.py:914} INFO - Processing file /opt/airflow/dags/API_Crypto_Extraction_modularizad.py for tasks to queue
[2024-09-20T23:01:16.734+0000] {logging_mixin.py:190} INFO - [2024-09-20T23:01:16.734+0000] {dagbag.py:587} INFO - Filling up the DagBag from /opt/airflow/dags/API_Crypto_Extraction_modularizad.py
[2024-09-20T23:01:20.328+0000] {processor.py:925} INFO - DAG(s) 'Bitcoin_ETL' retrieved from /opt/airflow/dags/API_Crypto_Extraction_modularizad.py
[2024-09-20T23:01:20.475+0000] {logging_mixin.py:190} INFO - [2024-09-20T23:01:20.473+0000] {dag.py:3229} INFO - Sync 1 DAGs
[2024-09-20T23:01:20.525+0000] {logging_mixin.py:190} INFO - [2024-09-20T23:01:20.524+0000] {dag.py:4156} INFO - Setting next_dagrun for Bitcoin_ETL to 2024-09-20 00:00:00+00:00, run_after=2024-09-21 00:00:00+00:00
[2024-09-20T23:01:20.556+0000] {processor.py:208} INFO - Processing /opt/airflow/dags/API_Crypto_Extraction_modularizad.py took 3.835 seconds
[2024-09-20T23:01:50.772+0000] {processor.py:186} INFO - Started process (PID=196) to work on /opt/airflow/dags/API_Crypto_Extraction_modularizad.py
[2024-09-20T23:01:50.774+0000] {processor.py:914} INFO - Processing file /opt/airflow/dags/API_Crypto_Extraction_modularizad.py for tasks to queue
[2024-09-20T23:01:50.778+0000] {logging_mixin.py:190} INFO - [2024-09-20T23:01:50.776+0000] {dagbag.py:587} INFO - Filling up the DagBag from /opt/airflow/dags/API_Crypto_Extraction_modularizad.py
[2024-09-20T23:01:52.483+0000] {processor.py:925} INFO - DAG(s) 'Bitcoin_ETL' retrieved from /opt/airflow/dags/API_Crypto_Extraction_modularizad.py
[2024-09-20T23:01:52.820+0000] {logging_mixin.py:190} INFO - [2024-09-20T23:01:52.819+0000] {dag.py:3229} INFO - Sync 1 DAGs
[2024-09-20T23:01:52.830+0000] {logging_mixin.py:190} INFO - [2024-09-20T23:01:52.830+0000] {dag.py:3252} INFO - Creating ORM DAG for Bitcoin_ETL
[2024-09-20T23:01:52.845+0000] {logging_mixin.py:190} INFO - [2024-09-20T23:01:52.845+0000] {dag.py:4156} INFO - Setting next_dagrun for Bitcoin_ETL to 2024-09-19 00:00:00+00:00, run_after=2024-09-20 00:00:00+00:00
[2024-09-20T23:01:52.870+0000] {processor.py:208} INFO - Processing /opt/airflow/dags/API_Crypto_Extraction_modularizad.py took 2.119 seconds
[2024-09-20T23:20:19.507+0000] {processor.py:186} INFO - Started process (PID=36) to work on /opt/airflow/dags/API_Crypto_Extraction_modularizad.py
[2024-09-20T23:20:19.510+0000] {processor.py:914} INFO - Processing file /opt/airflow/dags/API_Crypto_Extraction_modularizad.py for tasks to queue
[2024-09-20T23:20:19.550+0000] {logging_mixin.py:190} INFO - [2024-09-20T23:20:19.538+0000] {dagbag.py:587} INFO - Filling up the DagBag from /opt/airflow/dags/API_Crypto_Extraction_modularizad.py
[2024-09-20T23:20:32.386+0000] {processor.py:925} INFO - DAG(s) 'Bitcoin_ETL' retrieved from /opt/airflow/dags/API_Crypto_Extraction_modularizad.py
[2024-09-20T23:20:32.535+0000] {logging_mixin.py:190} INFO - [2024-09-20T23:20:32.534+0000] {dag.py:3229} INFO - Sync 1 DAGs
[2024-09-20T23:20:32.631+0000] {logging_mixin.py:190} INFO - [2024-09-20T23:20:32.630+0000] {dag.py:4156} INFO - Setting next_dagrun for Bitcoin_ETL to 2024-09-19 00:00:00+00:00, run_after=2024-09-20 00:00:00+00:00
[2024-09-20T23:20:32.681+0000] {processor.py:208} INFO - Processing /opt/airflow/dags/API_Crypto_Extraction_modularizad.py took 13.225 seconds
[2024-09-20T23:21:03.586+0000] {processor.py:186} INFO - Started process (PID=45) to work on /opt/airflow/dags/API_Crypto_Extraction_modularizad.py
[2024-09-20T23:21:03.589+0000] {processor.py:914} INFO - Processing file /opt/airflow/dags/API_Crypto_Extraction_modularizad.py for tasks to queue
[2024-09-20T23:21:03.597+0000] {logging_mixin.py:190} INFO - [2024-09-20T23:21:03.596+0000] {dagbag.py:587} INFO - Filling up the DagBag from /opt/airflow/dags/API_Crypto_Extraction_modularizad.py
[2024-09-20T23:21:05.908+0000] {processor.py:925} INFO - DAG(s) 'Bitcoin_ETL' retrieved from /opt/airflow/dags/API_Crypto_Extraction_modularizad.py
[2024-09-20T23:21:05.934+0000] {logging_mixin.py:190} INFO - [2024-09-20T23:21:05.933+0000] {dag.py:3229} INFO - Sync 1 DAGs
[2024-09-20T23:21:05.952+0000] {logging_mixin.py:190} INFO - [2024-09-20T23:21:05.951+0000] {dag.py:4156} INFO - Setting next_dagrun for Bitcoin_ETL to 2024-09-19 00:00:00+00:00, run_after=2024-09-20 00:00:00+00:00
[2024-09-20T23:21:05.981+0000] {processor.py:208} INFO - Processing /opt/airflow/dags/API_Crypto_Extraction_modularizad.py took 2.415 seconds
[2024-09-20T23:21:36.973+0000] {processor.py:186} INFO - Started process (PID=59) to work on /opt/airflow/dags/API_Crypto_Extraction_modularizad.py
[2024-09-20T23:21:36.973+0000] {processor.py:914} INFO - Processing file /opt/airflow/dags/API_Crypto_Extraction_modularizad.py for tasks to queue
[2024-09-20T23:21:36.975+0000] {logging_mixin.py:190} INFO - [2024-09-20T23:21:36.975+0000] {dagbag.py:587} INFO - Filling up the DagBag from /opt/airflow/dags/API_Crypto_Extraction_modularizad.py
[2024-09-20T23:21:37.455+0000] {processor.py:925} INFO - DAG(s) 'Bitcoin_ETL' retrieved from /opt/airflow/dags/API_Crypto_Extraction_modularizad.py
[2024-09-20T23:21:37.487+0000] {logging_mixin.py:190} INFO - [2024-09-20T23:21:37.487+0000] {dag.py:3229} INFO - Sync 1 DAGs
[2024-09-20T23:21:37.505+0000] {logging_mixin.py:190} INFO - [2024-09-20T23:21:37.505+0000] {dag.py:4156} INFO - Setting next_dagrun for Bitcoin_ETL to 2024-09-19 00:00:00+00:00, run_after=2024-09-20 00:00:00+00:00
[2024-09-20T23:21:37.525+0000] {processor.py:208} INFO - Processing /opt/airflow/dags/API_Crypto_Extraction_modularizad.py took 0.559 seconds
[2024-09-20T23:22:07.847+0000] {processor.py:186} INFO - Started process (PID=68) to work on /opt/airflow/dags/API_Crypto_Extraction_modularizad.py
[2024-09-20T23:22:07.848+0000] {processor.py:914} INFO - Processing file /opt/airflow/dags/API_Crypto_Extraction_modularizad.py for tasks to queue
[2024-09-20T23:22:07.850+0000] {logging_mixin.py:190} INFO - [2024-09-20T23:22:07.849+0000] {dagbag.py:587} INFO - Filling up the DagBag from /opt/airflow/dags/API_Crypto_Extraction_modularizad.py
[2024-09-20T23:22:08.290+0000] {processor.py:925} INFO - DAG(s) 'Bitcoin_ETL' retrieved from /opt/airflow/dags/API_Crypto_Extraction_modularizad.py
[2024-09-20T23:22:08.310+0000] {logging_mixin.py:190} INFO - [2024-09-20T23:22:08.309+0000] {dag.py:3229} INFO - Sync 1 DAGs
[2024-09-20T23:22:08.327+0000] {logging_mixin.py:190} INFO - [2024-09-20T23:22:08.327+0000] {dag.py:4156} INFO - Setting next_dagrun for Bitcoin_ETL to 2024-09-19 00:00:00+00:00, run_after=2024-09-20 00:00:00+00:00
[2024-09-20T23:22:08.347+0000] {processor.py:208} INFO - Processing /opt/airflow/dags/API_Crypto_Extraction_modularizad.py took 0.508 seconds
[2024-09-20T23:22:38.515+0000] {processor.py:186} INFO - Started process (PID=76) to work on /opt/airflow/dags/API_Crypto_Extraction_modularizad.py
[2024-09-20T23:22:38.516+0000] {processor.py:914} INFO - Processing file /opt/airflow/dags/API_Crypto_Extraction_modularizad.py for tasks to queue
[2024-09-20T23:22:38.518+0000] {logging_mixin.py:190} INFO - [2024-09-20T23:22:38.517+0000] {dagbag.py:587} INFO - Filling up the DagBag from /opt/airflow/dags/API_Crypto_Extraction_modularizad.py
[2024-09-20T23:22:39.008+0000] {processor.py:925} INFO - DAG(s) 'Bitcoin_ETL' retrieved from /opt/airflow/dags/API_Crypto_Extraction_modularizad.py
[2024-09-20T23:22:39.033+0000] {logging_mixin.py:190} INFO - [2024-09-20T23:22:39.033+0000] {dag.py:3229} INFO - Sync 1 DAGs
[2024-09-20T23:22:39.056+0000] {logging_mixin.py:190} INFO - [2024-09-20T23:22:39.055+0000] {dag.py:4156} INFO - Setting next_dagrun for Bitcoin_ETL to 2024-09-19 00:00:00+00:00, run_after=2024-09-20 00:00:00+00:00
[2024-09-20T23:22:39.075+0000] {processor.py:208} INFO - Processing /opt/airflow/dags/API_Crypto_Extraction_modularizad.py took 0.568 seconds
[2024-09-20T23:23:09.345+0000] {processor.py:186} INFO - Started process (PID=84) to work on /opt/airflow/dags/API_Crypto_Extraction_modularizad.py
[2024-09-20T23:23:09.345+0000] {processor.py:914} INFO - Processing file /opt/airflow/dags/API_Crypto_Extraction_modularizad.py for tasks to queue
[2024-09-20T23:23:09.347+0000] {logging_mixin.py:190} INFO - [2024-09-20T23:23:09.346+0000] {dagbag.py:587} INFO - Filling up the DagBag from /opt/airflow/dags/API_Crypto_Extraction_modularizad.py
[2024-09-20T23:23:10.132+0000] {processor.py:925} INFO - DAG(s) 'Bitcoin_ETL' retrieved from /opt/airflow/dags/API_Crypto_Extraction_modularizad.py
[2024-09-20T23:23:10.155+0000] {logging_mixin.py:190} INFO - [2024-09-20T23:23:10.155+0000] {dag.py:3229} INFO - Sync 1 DAGs
[2024-09-20T23:23:10.176+0000] {logging_mixin.py:190} INFO - [2024-09-20T23:23:10.175+0000] {dag.py:4156} INFO - Setting next_dagrun for Bitcoin_ETL to 2024-09-19 00:00:00+00:00, run_after=2024-09-20 00:00:00+00:00
[2024-09-20T23:23:10.193+0000] {processor.py:208} INFO - Processing /opt/airflow/dags/API_Crypto_Extraction_modularizad.py took 0.856 seconds
[2024-09-20T23:23:40.544+0000] {processor.py:186} INFO - Started process (PID=96) to work on /opt/airflow/dags/API_Crypto_Extraction_modularizad.py
[2024-09-20T23:23:40.546+0000] {processor.py:914} INFO - Processing file /opt/airflow/dags/API_Crypto_Extraction_modularizad.py for tasks to queue
[2024-09-20T23:23:40.551+0000] {logging_mixin.py:190} INFO - [2024-09-20T23:23:40.548+0000] {dagbag.py:587} INFO - Filling up the DagBag from /opt/airflow/dags/API_Crypto_Extraction_modularizad.py
[2024-09-20T23:23:44.018+0000] {processor.py:925} INFO - DAG(s) 'Bitcoin_ETL' retrieved from /opt/airflow/dags/API_Crypto_Extraction_modularizad.py
[2024-09-20T23:23:44.211+0000] {logging_mixin.py:190} INFO - [2024-09-20T23:23:44.210+0000] {dag.py:3229} INFO - Sync 1 DAGs
[2024-09-20T23:23:44.349+0000] {logging_mixin.py:190} INFO - [2024-09-20T23:23:44.348+0000] {dag.py:4156} INFO - Setting next_dagrun for Bitcoin_ETL to 2024-09-20 00:00:00+00:00, run_after=2024-09-21 00:00:00+00:00
[2024-09-20T23:23:44.444+0000] {processor.py:208} INFO - Processing /opt/airflow/dags/API_Crypto_Extraction_modularizad.py took 3.932 seconds
[2024-09-20T23:24:14.893+0000] {processor.py:186} INFO - Started process (PID=112) to work on /opt/airflow/dags/API_Crypto_Extraction_modularizad.py
[2024-09-20T23:24:14.894+0000] {processor.py:914} INFO - Processing file /opt/airflow/dags/API_Crypto_Extraction_modularizad.py for tasks to queue
[2024-09-20T23:24:14.901+0000] {logging_mixin.py:190} INFO - [2024-09-20T23:24:14.896+0000] {dagbag.py:587} INFO - Filling up the DagBag from /opt/airflow/dags/API_Crypto_Extraction_modularizad.py
[2024-09-20T23:24:19.040+0000] {processor.py:925} INFO - DAG(s) 'Bitcoin_ETL' retrieved from /opt/airflow/dags/API_Crypto_Extraction_modularizad.py
[2024-09-20T23:24:19.378+0000] {logging_mixin.py:190} INFO - [2024-09-20T23:24:19.377+0000] {dag.py:3229} INFO - Sync 1 DAGs
[2024-09-20T23:24:19.592+0000] {logging_mixin.py:190} INFO - [2024-09-20T23:24:19.592+0000] {dag.py:4156} INFO - Setting next_dagrun for Bitcoin_ETL to 2024-09-20 00:00:00+00:00, run_after=2024-09-21 00:00:00+00:00
[2024-09-20T23:24:19.757+0000] {processor.py:208} INFO - Processing /opt/airflow/dags/API_Crypto_Extraction_modularizad.py took 4.876 seconds
[2024-09-20T23:30:50.719+0000] {processor.py:186} INFO - Started process (PID=39) to work on /opt/airflow/dags/API_Crypto_Extraction_modularizad.py
[2024-09-20T23:30:50.722+0000] {processor.py:914} INFO - Processing file /opt/airflow/dags/API_Crypto_Extraction_modularizad.py for tasks to queue
[2024-09-20T23:30:50.726+0000] {logging_mixin.py:190} INFO - [2024-09-20T23:30:50.725+0000] {dagbag.py:587} INFO - Filling up the DagBag from /opt/airflow/dags/API_Crypto_Extraction_modularizad.py
[2024-09-20T23:31:05.920+0000] {processor.py:925} INFO - DAG(s) 'Bitcoin_ETL' retrieved from /opt/airflow/dags/API_Crypto_Extraction_modularizad.py
[2024-09-20T23:31:06.120+0000] {logging_mixin.py:190} INFO - [2024-09-20T23:31:06.120+0000] {dag.py:3229} INFO - Sync 1 DAGs
[2024-09-20T23:31:06.197+0000] {logging_mixin.py:190} INFO - [2024-09-20T23:31:06.196+0000] {dag.py:4156} INFO - Setting next_dagrun for Bitcoin_ETL to 2024-09-20 00:00:00+00:00, run_after=2024-09-21 00:00:00+00:00
[2024-09-20T23:31:06.242+0000] {processor.py:208} INFO - Processing /opt/airflow/dags/API_Crypto_Extraction_modularizad.py took 15.544 seconds
[2024-09-20T23:31:36.996+0000] {processor.py:186} INFO - Started process (PID=59) to work on /opt/airflow/dags/API_Crypto_Extraction_modularizad.py
[2024-09-20T23:31:37.001+0000] {processor.py:914} INFO - Processing file /opt/airflow/dags/API_Crypto_Extraction_modularizad.py for tasks to queue
[2024-09-20T23:31:37.017+0000] {logging_mixin.py:190} INFO - [2024-09-20T23:31:37.010+0000] {dagbag.py:587} INFO - Filling up the DagBag from /opt/airflow/dags/API_Crypto_Extraction_modularizad.py
[2024-09-20T23:31:39.263+0000] {processor.py:925} INFO - DAG(s) 'Bitcoin_ETL' retrieved from /opt/airflow/dags/API_Crypto_Extraction_modularizad.py
[2024-09-20T23:31:39.303+0000] {logging_mixin.py:190} INFO - [2024-09-20T23:31:39.302+0000] {dag.py:3229} INFO - Sync 1 DAGs
[2024-09-20T23:31:39.339+0000] {logging_mixin.py:190} INFO - [2024-09-20T23:31:39.339+0000] {dag.py:4156} INFO - Setting next_dagrun for Bitcoin_ETL to 2024-09-20 00:00:00+00:00, run_after=2024-09-21 00:00:00+00:00
[2024-09-20T23:31:39.369+0000] {processor.py:208} INFO - Processing /opt/airflow/dags/API_Crypto_Extraction_modularizad.py took 2.399 seconds
[2024-09-20T23:32:09.819+0000] {processor.py:186} INFO - Started process (PID=66) to work on /opt/airflow/dags/API_Crypto_Extraction_modularizad.py
[2024-09-20T23:32:09.822+0000] {processor.py:914} INFO - Processing file /opt/airflow/dags/API_Crypto_Extraction_modularizad.py for tasks to queue
[2024-09-20T23:32:09.828+0000] {logging_mixin.py:190} INFO - [2024-09-20T23:32:09.823+0000] {dagbag.py:587} INFO - Filling up the DagBag from /opt/airflow/dags/API_Crypto_Extraction_modularizad.py
[2024-09-20T23:32:10.771+0000] {processor.py:925} INFO - DAG(s) 'Bitcoin_ETL' retrieved from /opt/airflow/dags/API_Crypto_Extraction_modularizad.py
[2024-09-20T23:32:10.796+0000] {logging_mixin.py:190} INFO - [2024-09-20T23:32:10.795+0000] {dag.py:3229} INFO - Sync 1 DAGs
[2024-09-20T23:32:10.821+0000] {logging_mixin.py:190} INFO - [2024-09-20T23:32:10.820+0000] {dag.py:4156} INFO - Setting next_dagrun for Bitcoin_ETL to 2024-09-20 00:00:00+00:00, run_after=2024-09-21 00:00:00+00:00
[2024-09-20T23:32:10.846+0000] {processor.py:208} INFO - Processing /opt/airflow/dags/API_Crypto_Extraction_modularizad.py took 1.038 seconds
[2024-09-20T23:32:41.345+0000] {processor.py:186} INFO - Started process (PID=74) to work on /opt/airflow/dags/API_Crypto_Extraction_modularizad.py
[2024-09-20T23:32:41.347+0000] {processor.py:914} INFO - Processing file /opt/airflow/dags/API_Crypto_Extraction_modularizad.py for tasks to queue
[2024-09-20T23:32:41.354+0000] {logging_mixin.py:190} INFO - [2024-09-20T23:32:41.353+0000] {dagbag.py:587} INFO - Filling up the DagBag from /opt/airflow/dags/API_Crypto_Extraction_modularizad.py
[2024-09-20T23:32:42.693+0000] {processor.py:925} INFO - DAG(s) 'Bitcoin_ETL' retrieved from /opt/airflow/dags/API_Crypto_Extraction_modularizad.py
[2024-09-20T23:32:42.729+0000] {logging_mixin.py:190} INFO - [2024-09-20T23:32:42.728+0000] {dag.py:3229} INFO - Sync 1 DAGs
[2024-09-20T23:32:42.767+0000] {logging_mixin.py:190} INFO - [2024-09-20T23:32:42.767+0000] {dag.py:4156} INFO - Setting next_dagrun for Bitcoin_ETL to 2024-09-20 00:00:00+00:00, run_after=2024-09-21 00:00:00+00:00
[2024-09-20T23:32:42.832+0000] {processor.py:208} INFO - Processing /opt/airflow/dags/API_Crypto_Extraction_modularizad.py took 1.503 seconds
[2024-09-20T23:33:13.385+0000] {processor.py:186} INFO - Started process (PID=89) to work on /opt/airflow/dags/API_Crypto_Extraction_modularizad.py
[2024-09-20T23:33:13.387+0000] {processor.py:914} INFO - Processing file /opt/airflow/dags/API_Crypto_Extraction_modularizad.py for tasks to queue
[2024-09-20T23:33:13.391+0000] {logging_mixin.py:190} INFO - [2024-09-20T23:33:13.390+0000] {dagbag.py:587} INFO - Filling up the DagBag from /opt/airflow/dags/API_Crypto_Extraction_modularizad.py
[2024-09-20T23:33:16.671+0000] {processor.py:925} INFO - DAG(s) 'Bitcoin_ETL' retrieved from /opt/airflow/dags/API_Crypto_Extraction_modularizad.py
[2024-09-20T23:33:46.624+0000] {logging_mixin.py:190} INFO - [2024-09-20T23:33:46.623+0000] {dag.py:3229} INFO - Sync 1 DAGs
[2024-09-20T23:33:46.665+0000] {logging_mixin.py:190} INFO - [2024-09-20T23:33:46.665+0000] {dag.py:4156} INFO - Setting next_dagrun for Bitcoin_ETL to 2024-09-20 00:00:00+00:00, run_after=2024-09-21 00:00:00+00:00
[2024-09-20T23:33:46.701+0000] {processor.py:208} INFO - Processing /opt/airflow/dags/API_Crypto_Extraction_modularizad.py took 33.351 seconds
[2024-09-20T23:34:17.105+0000] {processor.py:186} INFO - Started process (PID=103) to work on /opt/airflow/dags/API_Crypto_Extraction_modularizad.py
[2024-09-20T23:34:17.107+0000] {processor.py:914} INFO - Processing file /opt/airflow/dags/API_Crypto_Extraction_modularizad.py for tasks to queue
[2024-09-20T23:34:17.109+0000] {logging_mixin.py:190} INFO - [2024-09-20T23:34:17.109+0000] {dagbag.py:587} INFO - Filling up the DagBag from /opt/airflow/dags/API_Crypto_Extraction_modularizad.py
[2024-09-20T23:34:18.422+0000] {processor.py:925} INFO - DAG(s) 'Bitcoin_ETL' retrieved from /opt/airflow/dags/API_Crypto_Extraction_modularizad.py
[2024-09-20T23:34:18.779+0000] {logging_mixin.py:190} INFO - [2024-09-20T23:34:18.778+0000] {dag.py:3229} INFO - Sync 1 DAGs
[2024-09-20T23:34:18.804+0000] {logging_mixin.py:190} INFO - [2024-09-20T23:34:18.803+0000] {dag.py:4156} INFO - Setting next_dagrun for Bitcoin_ETL to 2024-09-20 00:00:00+00:00, run_after=2024-09-21 00:00:00+00:00
[2024-09-20T23:34:18.832+0000] {processor.py:208} INFO - Processing /opt/airflow/dags/API_Crypto_Extraction_modularizad.py took 1.739 seconds
[2024-09-20T23:34:49.213+0000] {processor.py:186} INFO - Started process (PID=111) to work on /opt/airflow/dags/API_Crypto_Extraction_modularizad.py
[2024-09-20T23:34:49.215+0000] {processor.py:914} INFO - Processing file /opt/airflow/dags/API_Crypto_Extraction_modularizad.py for tasks to queue
[2024-09-20T23:34:49.218+0000] {logging_mixin.py:190} INFO - [2024-09-20T23:34:49.218+0000] {dagbag.py:587} INFO - Filling up the DagBag from /opt/airflow/dags/API_Crypto_Extraction_modularizad.py
[2024-09-20T23:34:49.952+0000] {processor.py:925} INFO - DAG(s) 'Bitcoin_ETL' retrieved from /opt/airflow/dags/API_Crypto_Extraction_modularizad.py
[2024-09-20T23:34:49.981+0000] {logging_mixin.py:190} INFO - [2024-09-20T23:34:49.981+0000] {dag.py:3229} INFO - Sync 1 DAGs
[2024-09-20T23:34:50.010+0000] {logging_mixin.py:190} INFO - [2024-09-20T23:34:50.010+0000] {dag.py:4156} INFO - Setting next_dagrun for Bitcoin_ETL to 2024-09-20 00:00:00+00:00, run_after=2024-09-21 00:00:00+00:00
[2024-09-20T23:34:50.038+0000] {processor.py:208} INFO - Processing /opt/airflow/dags/API_Crypto_Extraction_modularizad.py took 0.834 seconds
[2024-09-20T23:35:20.401+0000] {processor.py:186} INFO - Started process (PID=120) to work on /opt/airflow/dags/API_Crypto_Extraction_modularizad.py
[2024-09-20T23:35:20.402+0000] {processor.py:914} INFO - Processing file /opt/airflow/dags/API_Crypto_Extraction_modularizad.py for tasks to queue
[2024-09-20T23:35:20.406+0000] {logging_mixin.py:190} INFO - [2024-09-20T23:35:20.405+0000] {dagbag.py:587} INFO - Filling up the DagBag from /opt/airflow/dags/API_Crypto_Extraction_modularizad.py
[2024-09-20T23:35:21.147+0000] {processor.py:925} INFO - DAG(s) 'Bitcoin_ETL' retrieved from /opt/airflow/dags/API_Crypto_Extraction_modularizad.py
[2024-09-20T23:35:21.178+0000] {logging_mixin.py:190} INFO - [2024-09-20T23:35:21.178+0000] {dag.py:3229} INFO - Sync 1 DAGs
[2024-09-20T23:35:21.212+0000] {logging_mixin.py:190} INFO - [2024-09-20T23:35:21.212+0000] {dag.py:4156} INFO - Setting next_dagrun for Bitcoin_ETL to 2024-09-20 00:00:00+00:00, run_after=2024-09-21 00:00:00+00:00
[2024-09-20T23:35:21.237+0000] {processor.py:208} INFO - Processing /opt/airflow/dags/API_Crypto_Extraction_modularizad.py took 0.844 seconds
[2024-09-20T23:35:51.314+0000] {processor.py:186} INFO - Started process (PID=128) to work on /opt/airflow/dags/API_Crypto_Extraction_modularizad.py
[2024-09-20T23:35:51.315+0000] {processor.py:914} INFO - Processing file /opt/airflow/dags/API_Crypto_Extraction_modularizad.py for tasks to queue
[2024-09-20T23:35:51.317+0000] {logging_mixin.py:190} INFO - [2024-09-20T23:35:51.317+0000] {dagbag.py:587} INFO - Filling up the DagBag from /opt/airflow/dags/API_Crypto_Extraction_modularizad.py
[2024-09-20T23:35:51.855+0000] {processor.py:925} INFO - DAG(s) 'Bitcoin_ETL' retrieved from /opt/airflow/dags/API_Crypto_Extraction_modularizad.py
[2024-09-20T23:35:51.885+0000] {logging_mixin.py:190} INFO - [2024-09-20T23:35:51.885+0000] {dag.py:3229} INFO - Sync 1 DAGs
[2024-09-20T23:35:51.905+0000] {logging_mixin.py:190} INFO - [2024-09-20T23:35:51.905+0000] {dag.py:4156} INFO - Setting next_dagrun for Bitcoin_ETL to 2024-09-20 00:00:00+00:00, run_after=2024-09-21 00:00:00+00:00
[2024-09-20T23:35:51.930+0000] {processor.py:208} INFO - Processing /opt/airflow/dags/API_Crypto_Extraction_modularizad.py took 0.622 seconds
[2024-09-20T23:36:22.248+0000] {processor.py:186} INFO - Started process (PID=136) to work on /opt/airflow/dags/API_Crypto_Extraction_modularizad.py
[2024-09-20T23:36:22.249+0000] {processor.py:914} INFO - Processing file /opt/airflow/dags/API_Crypto_Extraction_modularizad.py for tasks to queue
[2024-09-20T23:36:22.251+0000] {logging_mixin.py:190} INFO - [2024-09-20T23:36:22.250+0000] {dagbag.py:587} INFO - Filling up the DagBag from /opt/airflow/dags/API_Crypto_Extraction_modularizad.py
[2024-09-20T23:36:23.037+0000] {processor.py:925} INFO - DAG(s) 'Bitcoin_ETL' retrieved from /opt/airflow/dags/API_Crypto_Extraction_modularizad.py
[2024-09-20T23:36:23.067+0000] {logging_mixin.py:190} INFO - [2024-09-20T23:36:23.067+0000] {dag.py:3229} INFO - Sync 1 DAGs
[2024-09-20T23:36:23.086+0000] {logging_mixin.py:190} INFO - [2024-09-20T23:36:23.085+0000] {dag.py:4156} INFO - Setting next_dagrun for Bitcoin_ETL to 2024-09-20 00:00:00+00:00, run_after=2024-09-21 00:00:00+00:00
[2024-09-20T23:36:23.107+0000] {processor.py:208} INFO - Processing /opt/airflow/dags/API_Crypto_Extraction_modularizad.py took 0.866 seconds
[2024-09-20T23:36:53.463+0000] {processor.py:186} INFO - Started process (PID=144) to work on /opt/airflow/dags/API_Crypto_Extraction_modularizad.py
[2024-09-20T23:36:53.464+0000] {processor.py:914} INFO - Processing file /opt/airflow/dags/API_Crypto_Extraction_modularizad.py for tasks to queue
[2024-09-20T23:36:53.468+0000] {logging_mixin.py:190} INFO - [2024-09-20T23:36:53.467+0000] {dagbag.py:587} INFO - Filling up the DagBag from /opt/airflow/dags/API_Crypto_Extraction_modularizad.py
[2024-09-20T23:36:54.095+0000] {processor.py:925} INFO - DAG(s) 'Bitcoin_ETL' retrieved from /opt/airflow/dags/API_Crypto_Extraction_modularizad.py
[2024-09-20T23:36:54.126+0000] {logging_mixin.py:190} INFO - [2024-09-20T23:36:54.125+0000] {dag.py:3229} INFO - Sync 1 DAGs
[2024-09-20T23:36:54.155+0000] {logging_mixin.py:190} INFO - [2024-09-20T23:36:54.155+0000] {dag.py:4156} INFO - Setting next_dagrun for Bitcoin_ETL to 2024-09-20 00:00:00+00:00, run_after=2024-09-21 00:00:00+00:00
[2024-09-20T23:36:54.184+0000] {processor.py:208} INFO - Processing /opt/airflow/dags/API_Crypto_Extraction_modularizad.py took 0.730 seconds
[2024-09-20T23:37:24.473+0000] {processor.py:186} INFO - Started process (PID=152) to work on /opt/airflow/dags/API_Crypto_Extraction_modularizad.py
[2024-09-20T23:37:24.474+0000] {processor.py:914} INFO - Processing file /opt/airflow/dags/API_Crypto_Extraction_modularizad.py for tasks to queue
[2024-09-20T23:37:24.475+0000] {logging_mixin.py:190} INFO - [2024-09-20T23:37:24.475+0000] {dagbag.py:587} INFO - Filling up the DagBag from /opt/airflow/dags/API_Crypto_Extraction_modularizad.py
[2024-09-20T23:37:25.094+0000] {processor.py:925} INFO - DAG(s) 'Bitcoin_ETL' retrieved from /opt/airflow/dags/API_Crypto_Extraction_modularizad.py
[2024-09-20T23:37:25.122+0000] {logging_mixin.py:190} INFO - [2024-09-20T23:37:25.122+0000] {dag.py:3229} INFO - Sync 1 DAGs
[2024-09-20T23:37:25.144+0000] {logging_mixin.py:190} INFO - [2024-09-20T23:37:25.144+0000] {dag.py:4156} INFO - Setting next_dagrun for Bitcoin_ETL to 2024-09-20 00:00:00+00:00, run_after=2024-09-21 00:00:00+00:00
[2024-09-20T23:37:25.169+0000] {processor.py:208} INFO - Processing /opt/airflow/dags/API_Crypto_Extraction_modularizad.py took 0.703 seconds
[2024-09-20T23:37:55.577+0000] {processor.py:186} INFO - Started process (PID=160) to work on /opt/airflow/dags/API_Crypto_Extraction_modularizad.py
[2024-09-20T23:37:55.578+0000] {processor.py:914} INFO - Processing file /opt/airflow/dags/API_Crypto_Extraction_modularizad.py for tasks to queue
[2024-09-20T23:37:55.583+0000] {logging_mixin.py:190} INFO - [2024-09-20T23:37:55.581+0000] {dagbag.py:587} INFO - Filling up the DagBag from /opt/airflow/dags/API_Crypto_Extraction_modularizad.py
[2024-09-20T23:37:56.302+0000] {processor.py:925} INFO - DAG(s) 'Bitcoin_ETL' retrieved from /opt/airflow/dags/API_Crypto_Extraction_modularizad.py
[2024-09-20T23:37:56.339+0000] {logging_mixin.py:190} INFO - [2024-09-20T23:37:56.338+0000] {dag.py:3229} INFO - Sync 1 DAGs
[2024-09-20T23:37:56.370+0000] {logging_mixin.py:190} INFO - [2024-09-20T23:37:56.370+0000] {dag.py:4156} INFO - Setting next_dagrun for Bitcoin_ETL to 2024-09-20 00:00:00+00:00, run_after=2024-09-21 00:00:00+00:00
[2024-09-20T23:37:56.397+0000] {processor.py:208} INFO - Processing /opt/airflow/dags/API_Crypto_Extraction_modularizad.py took 0.839 seconds
[2024-09-20T23:38:26.735+0000] {processor.py:186} INFO - Started process (PID=168) to work on /opt/airflow/dags/API_Crypto_Extraction_modularizad.py
[2024-09-20T23:38:26.737+0000] {processor.py:914} INFO - Processing file /opt/airflow/dags/API_Crypto_Extraction_modularizad.py for tasks to queue
[2024-09-20T23:38:26.739+0000] {logging_mixin.py:190} INFO - [2024-09-20T23:38:26.739+0000] {dagbag.py:587} INFO - Filling up the DagBag from /opt/airflow/dags/API_Crypto_Extraction_modularizad.py
[2024-09-20T23:38:27.271+0000] {processor.py:925} INFO - DAG(s) 'Bitcoin_ETL' retrieved from /opt/airflow/dags/API_Crypto_Extraction_modularizad.py
[2024-09-20T23:38:27.297+0000] {logging_mixin.py:190} INFO - [2024-09-20T23:38:27.296+0000] {dag.py:3229} INFO - Sync 1 DAGs
[2024-09-20T23:38:27.322+0000] {logging_mixin.py:190} INFO - [2024-09-20T23:38:27.317+0000] {dag.py:4156} INFO - Setting next_dagrun for Bitcoin_ETL to 2024-09-20 00:00:00+00:00, run_after=2024-09-21 00:00:00+00:00
[2024-09-20T23:38:27.343+0000] {processor.py:208} INFO - Processing /opt/airflow/dags/API_Crypto_Extraction_modularizad.py took 0.614 seconds
[2024-09-20T23:38:57.430+0000] {processor.py:186} INFO - Started process (PID=176) to work on /opt/airflow/dags/API_Crypto_Extraction_modularizad.py
[2024-09-20T23:38:57.431+0000] {processor.py:914} INFO - Processing file /opt/airflow/dags/API_Crypto_Extraction_modularizad.py for tasks to queue
[2024-09-20T23:38:57.434+0000] {logging_mixin.py:190} INFO - [2024-09-20T23:38:57.433+0000] {dagbag.py:587} INFO - Filling up the DagBag from /opt/airflow/dags/API_Crypto_Extraction_modularizad.py
[2024-09-20T23:38:58.384+0000] {processor.py:925} INFO - DAG(s) 'Bitcoin_ETL' retrieved from /opt/airflow/dags/API_Crypto_Extraction_modularizad.py
[2024-09-20T23:38:58.439+0000] {logging_mixin.py:190} INFO - [2024-09-20T23:38:58.439+0000] {dag.py:3229} INFO - Sync 1 DAGs
[2024-09-20T23:38:58.484+0000] {logging_mixin.py:190} INFO - [2024-09-20T23:38:58.483+0000] {dag.py:4156} INFO - Setting next_dagrun for Bitcoin_ETL to 2024-09-20 00:00:00+00:00, run_after=2024-09-21 00:00:00+00:00
[2024-09-20T23:38:58.520+0000] {processor.py:208} INFO - Processing /opt/airflow/dags/API_Crypto_Extraction_modularizad.py took 1.098 seconds
[2024-09-20T23:39:28.806+0000] {processor.py:186} INFO - Started process (PID=184) to work on /opt/airflow/dags/API_Crypto_Extraction_modularizad.py
[2024-09-20T23:39:28.808+0000] {processor.py:914} INFO - Processing file /opt/airflow/dags/API_Crypto_Extraction_modularizad.py for tasks to queue
[2024-09-20T23:39:28.810+0000] {logging_mixin.py:190} INFO - [2024-09-20T23:39:28.809+0000] {dagbag.py:587} INFO - Filling up the DagBag from /opt/airflow/dags/API_Crypto_Extraction_modularizad.py
[2024-09-20T23:39:30.212+0000] {processor.py:925} INFO - DAG(s) 'Bitcoin_ETL' retrieved from /opt/airflow/dags/API_Crypto_Extraction_modularizad.py
[2024-09-20T23:39:30.286+0000] {logging_mixin.py:190} INFO - [2024-09-20T23:39:30.285+0000] {dag.py:3229} INFO - Sync 1 DAGs
[2024-09-20T23:39:30.335+0000] {logging_mixin.py:190} INFO - [2024-09-20T23:39:30.335+0000] {dag.py:4156} INFO - Setting next_dagrun for Bitcoin_ETL to 2024-09-20 00:00:00+00:00, run_after=2024-09-21 00:00:00+00:00
[2024-09-20T23:39:30.389+0000] {processor.py:208} INFO - Processing /opt/airflow/dags/API_Crypto_Extraction_modularizad.py took 1.589 seconds
[2024-09-20T23:40:00.797+0000] {processor.py:186} INFO - Started process (PID=192) to work on /opt/airflow/dags/API_Crypto_Extraction_modularizad.py
[2024-09-20T23:40:00.799+0000] {processor.py:914} INFO - Processing file /opt/airflow/dags/API_Crypto_Extraction_modularizad.py for tasks to queue
[2024-09-20T23:40:00.800+0000] {logging_mixin.py:190} INFO - [2024-09-20T23:40:00.800+0000] {dagbag.py:587} INFO - Filling up the DagBag from /opt/airflow/dags/API_Crypto_Extraction_modularizad.py
[2024-09-20T23:40:01.471+0000] {processor.py:925} INFO - DAG(s) 'Bitcoin_ETL' retrieved from /opt/airflow/dags/API_Crypto_Extraction_modularizad.py
[2024-09-20T23:40:01.493+0000] {logging_mixin.py:190} INFO - [2024-09-20T23:40:01.492+0000] {dag.py:3229} INFO - Sync 1 DAGs
[2024-09-20T23:40:01.518+0000] {logging_mixin.py:190} INFO - [2024-09-20T23:40:01.518+0000] {dag.py:4156} INFO - Setting next_dagrun for Bitcoin_ETL to 2024-09-20 00:00:00+00:00, run_after=2024-09-21 00:00:00+00:00
[2024-09-20T23:40:01.538+0000] {processor.py:208} INFO - Processing /opt/airflow/dags/API_Crypto_Extraction_modularizad.py took 0.749 seconds
[2024-09-20T23:40:31.943+0000] {processor.py:186} INFO - Started process (PID=200) to work on /opt/airflow/dags/API_Crypto_Extraction_modularizad.py
[2024-09-20T23:40:31.944+0000] {processor.py:914} INFO - Processing file /opt/airflow/dags/API_Crypto_Extraction_modularizad.py for tasks to queue
[2024-09-20T23:40:31.946+0000] {logging_mixin.py:190} INFO - [2024-09-20T23:40:31.946+0000] {dagbag.py:587} INFO - Filling up the DagBag from /opt/airflow/dags/API_Crypto_Extraction_modularizad.py
[2024-09-20T23:40:33.439+0000] {processor.py:925} INFO - DAG(s) 'Bitcoin_ETL' retrieved from /opt/airflow/dags/API_Crypto_Extraction_modularizad.py
[2024-09-20T23:40:33.518+0000] {logging_mixin.py:190} INFO - [2024-09-20T23:40:33.517+0000] {dag.py:3229} INFO - Sync 1 DAGs
[2024-09-20T23:40:33.550+0000] {logging_mixin.py:190} INFO - [2024-09-20T23:40:33.550+0000] {dag.py:4156} INFO - Setting next_dagrun for Bitcoin_ETL to 2024-09-20 00:00:00+00:00, run_after=2024-09-21 00:00:00+00:00
[2024-09-20T23:40:33.576+0000] {processor.py:208} INFO - Processing /opt/airflow/dags/API_Crypto_Extraction_modularizad.py took 1.641 seconds
[2024-09-20T23:41:04.092+0000] {processor.py:186} INFO - Started process (PID=208) to work on /opt/airflow/dags/API_Crypto_Extraction_modularizad.py
[2024-09-20T23:41:04.093+0000] {processor.py:914} INFO - Processing file /opt/airflow/dags/API_Crypto_Extraction_modularizad.py for tasks to queue
[2024-09-20T23:41:04.096+0000] {logging_mixin.py:190} INFO - [2024-09-20T23:41:04.095+0000] {dagbag.py:587} INFO - Filling up the DagBag from /opt/airflow/dags/API_Crypto_Extraction_modularizad.py
[2024-09-20T23:41:04.626+0000] {processor.py:925} INFO - DAG(s) 'Bitcoin_ETL' retrieved from /opt/airflow/dags/API_Crypto_Extraction_modularizad.py
[2024-09-20T23:41:04.652+0000] {logging_mixin.py:190} INFO - [2024-09-20T23:41:04.651+0000] {dag.py:3229} INFO - Sync 1 DAGs
[2024-09-20T23:41:04.676+0000] {logging_mixin.py:190} INFO - [2024-09-20T23:41:04.676+0000] {dag.py:4156} INFO - Setting next_dagrun for Bitcoin_ETL to 2024-09-20 00:00:00+00:00, run_after=2024-09-21 00:00:00+00:00
[2024-09-20T23:41:04.704+0000] {processor.py:208} INFO - Processing /opt/airflow/dags/API_Crypto_Extraction_modularizad.py took 0.620 seconds
[2024-09-20T23:41:35.087+0000] {processor.py:186} INFO - Started process (PID=216) to work on /opt/airflow/dags/API_Crypto_Extraction_modularizad.py
[2024-09-20T23:41:35.088+0000] {processor.py:914} INFO - Processing file /opt/airflow/dags/API_Crypto_Extraction_modularizad.py for tasks to queue
[2024-09-20T23:41:35.090+0000] {logging_mixin.py:190} INFO - [2024-09-20T23:41:35.090+0000] {dagbag.py:587} INFO - Filling up the DagBag from /opt/airflow/dags/API_Crypto_Extraction_modularizad.py
[2024-09-20T23:41:35.607+0000] {processor.py:925} INFO - DAG(s) 'Bitcoin_ETL' retrieved from /opt/airflow/dags/API_Crypto_Extraction_modularizad.py
[2024-09-20T23:41:35.642+0000] {logging_mixin.py:190} INFO - [2024-09-20T23:41:35.642+0000] {dag.py:3229} INFO - Sync 1 DAGs
[2024-09-20T23:41:35.675+0000] {logging_mixin.py:190} INFO - [2024-09-20T23:41:35.675+0000] {dag.py:4156} INFO - Setting next_dagrun for Bitcoin_ETL to 2024-09-20 00:00:00+00:00, run_after=2024-09-21 00:00:00+00:00
[2024-09-20T23:41:35.697+0000] {processor.py:208} INFO - Processing /opt/airflow/dags/API_Crypto_Extraction_modularizad.py took 0.618 seconds
[2024-09-20T23:42:05.830+0000] {processor.py:186} INFO - Started process (PID=224) to work on /opt/airflow/dags/API_Crypto_Extraction_modularizad.py
[2024-09-20T23:42:05.831+0000] {processor.py:914} INFO - Processing file /opt/airflow/dags/API_Crypto_Extraction_modularizad.py for tasks to queue
[2024-09-20T23:42:05.833+0000] {logging_mixin.py:190} INFO - [2024-09-20T23:42:05.832+0000] {dagbag.py:587} INFO - Filling up the DagBag from /opt/airflow/dags/API_Crypto_Extraction_modularizad.py
[2024-09-20T23:42:06.336+0000] {processor.py:925} INFO - DAG(s) 'Bitcoin_ETL' retrieved from /opt/airflow/dags/API_Crypto_Extraction_modularizad.py
[2024-09-20T23:42:06.359+0000] {logging_mixin.py:190} INFO - [2024-09-20T23:42:06.359+0000] {dag.py:3229} INFO - Sync 1 DAGs
[2024-09-20T23:42:06.382+0000] {logging_mixin.py:190} INFO - [2024-09-20T23:42:06.382+0000] {dag.py:4156} INFO - Setting next_dagrun for Bitcoin_ETL to 2024-09-20 00:00:00+00:00, run_after=2024-09-21 00:00:00+00:00
[2024-09-20T23:42:06.402+0000] {processor.py:208} INFO - Processing /opt/airflow/dags/API_Crypto_Extraction_modularizad.py took 0.582 seconds
[2024-09-20T23:42:36.775+0000] {processor.py:186} INFO - Started process (PID=232) to work on /opt/airflow/dags/API_Crypto_Extraction_modularizad.py
[2024-09-20T23:42:36.776+0000] {processor.py:914} INFO - Processing file /opt/airflow/dags/API_Crypto_Extraction_modularizad.py for tasks to queue
[2024-09-20T23:42:36.778+0000] {logging_mixin.py:190} INFO - [2024-09-20T23:42:36.777+0000] {dagbag.py:587} INFO - Filling up the DagBag from /opt/airflow/dags/API_Crypto_Extraction_modularizad.py
[2024-09-20T23:42:37.337+0000] {processor.py:925} INFO - DAG(s) 'Bitcoin_ETL' retrieved from /opt/airflow/dags/API_Crypto_Extraction_modularizad.py
[2024-09-20T23:42:37.362+0000] {logging_mixin.py:190} INFO - [2024-09-20T23:42:37.362+0000] {dag.py:3229} INFO - Sync 1 DAGs
[2024-09-20T23:42:37.381+0000] {logging_mixin.py:190} INFO - [2024-09-20T23:42:37.381+0000] {dag.py:4156} INFO - Setting next_dagrun for Bitcoin_ETL to 2024-09-20 00:00:00+00:00, run_after=2024-09-21 00:00:00+00:00
[2024-09-20T23:42:37.403+0000] {processor.py:208} INFO - Processing /opt/airflow/dags/API_Crypto_Extraction_modularizad.py took 0.638 seconds
[2024-09-20T23:47:47.319+0000] {processor.py:186} INFO - Started process (PID=234) to work on /opt/airflow/dags/API_Crypto_Extraction_modularizad.py
[2024-09-20T23:47:47.322+0000] {processor.py:914} INFO - Processing file /opt/airflow/dags/API_Crypto_Extraction_modularizad.py for tasks to queue
[2024-09-20T23:47:47.324+0000] {logging_mixin.py:190} INFO - [2024-09-20T23:47:47.324+0000] {dagbag.py:587} INFO - Filling up the DagBag from /opt/airflow/dags/API_Crypto_Extraction_modularizad.py
[2024-09-20T23:47:49.858+0000] {processor.py:925} INFO - DAG(s) 'Bitcoin_ETL' retrieved from /opt/airflow/dags/API_Crypto_Extraction_modularizad.py
[2024-09-20T23:47:50.027+0000] {logging_mixin.py:190} INFO - [2024-09-20T23:47:50.026+0000] {dag.py:3229} INFO - Sync 1 DAGs
[2024-09-20T23:47:50.087+0000] {logging_mixin.py:190} INFO - [2024-09-20T23:47:50.086+0000] {dag.py:4156} INFO - Setting next_dagrun for Bitcoin_ETL to 2024-09-20 00:00:00+00:00, run_after=2024-09-21 00:00:00+00:00
[2024-09-20T23:47:50.132+0000] {processor.py:208} INFO - Processing /opt/airflow/dags/API_Crypto_Extraction_modularizad.py took 2.826 seconds
[2024-09-20T23:48:20.604+0000] {processor.py:186} INFO - Started process (PID=248) to work on /opt/airflow/dags/API_Crypto_Extraction_modularizad.py
[2024-09-20T23:48:20.605+0000] {processor.py:914} INFO - Processing file /opt/airflow/dags/API_Crypto_Extraction_modularizad.py for tasks to queue
[2024-09-20T23:48:20.608+0000] {logging_mixin.py:190} INFO - [2024-09-20T23:48:20.607+0000] {dagbag.py:587} INFO - Filling up the DagBag from /opt/airflow/dags/API_Crypto_Extraction_modularizad.py
[2024-09-20T23:48:21.343+0000] {processor.py:925} INFO - DAG(s) 'Bitcoin_ETL' retrieved from /opt/airflow/dags/API_Crypto_Extraction_modularizad.py
[2024-09-20T23:48:21.371+0000] {logging_mixin.py:190} INFO - [2024-09-20T23:48:21.370+0000] {dag.py:3229} INFO - Sync 1 DAGs
[2024-09-20T23:48:21.395+0000] {logging_mixin.py:190} INFO - [2024-09-20T23:48:21.395+0000] {dag.py:4156} INFO - Setting next_dagrun for Bitcoin_ETL to 2024-09-20 00:00:00+00:00, run_after=2024-09-21 00:00:00+00:00
[2024-09-20T23:48:21.421+0000] {processor.py:208} INFO - Processing /opt/airflow/dags/API_Crypto_Extraction_modularizad.py took 0.823 seconds
[2024-09-20T23:48:51.785+0000] {processor.py:186} INFO - Started process (PID=256) to work on /opt/airflow/dags/API_Crypto_Extraction_modularizad.py
[2024-09-20T23:48:51.786+0000] {processor.py:914} INFO - Processing file /opt/airflow/dags/API_Crypto_Extraction_modularizad.py for tasks to queue
[2024-09-20T23:48:51.788+0000] {logging_mixin.py:190} INFO - [2024-09-20T23:48:51.787+0000] {dagbag.py:587} INFO - Filling up the DagBag from /opt/airflow/dags/API_Crypto_Extraction_modularizad.py
[2024-09-20T23:48:52.321+0000] {processor.py:925} INFO - DAG(s) 'Bitcoin_ETL' retrieved from /opt/airflow/dags/API_Crypto_Extraction_modularizad.py
[2024-09-20T23:48:52.345+0000] {logging_mixin.py:190} INFO - [2024-09-20T23:48:52.345+0000] {dag.py:3229} INFO - Sync 1 DAGs
[2024-09-20T23:48:52.366+0000] {logging_mixin.py:190} INFO - [2024-09-20T23:48:52.366+0000] {dag.py:4156} INFO - Setting next_dagrun for Bitcoin_ETL to 2024-09-20 00:00:00+00:00, run_after=2024-09-21 00:00:00+00:00
[2024-09-20T23:48:52.386+0000] {processor.py:208} INFO - Processing /opt/airflow/dags/API_Crypto_Extraction_modularizad.py took 0.608 seconds
[2024-09-20T23:49:22.732+0000] {processor.py:186} INFO - Started process (PID=264) to work on /opt/airflow/dags/API_Crypto_Extraction_modularizad.py
[2024-09-20T23:49:22.733+0000] {processor.py:914} INFO - Processing file /opt/airflow/dags/API_Crypto_Extraction_modularizad.py for tasks to queue
[2024-09-20T23:49:22.736+0000] {logging_mixin.py:190} INFO - [2024-09-20T23:49:22.735+0000] {dagbag.py:587} INFO - Filling up the DagBag from /opt/airflow/dags/API_Crypto_Extraction_modularizad.py
[2024-09-20T23:49:23.287+0000] {processor.py:925} INFO - DAG(s) 'Bitcoin_ETL' retrieved from /opt/airflow/dags/API_Crypto_Extraction_modularizad.py
[2024-09-20T23:49:23.315+0000] {logging_mixin.py:190} INFO - [2024-09-20T23:49:23.315+0000] {dag.py:3229} INFO - Sync 1 DAGs
[2024-09-20T23:49:23.341+0000] {logging_mixin.py:190} INFO - [2024-09-20T23:49:23.341+0000] {dag.py:4156} INFO - Setting next_dagrun for Bitcoin_ETL to 2024-09-20 00:00:00+00:00, run_after=2024-09-21 00:00:00+00:00
[2024-09-20T23:49:23.360+0000] {processor.py:208} INFO - Processing /opt/airflow/dags/API_Crypto_Extraction_modularizad.py took 0.636 seconds
