[2024-09-20T23:36:17.435+0000] {local_task_job_runner.py:123} INFO - ::group::Pre task execution logs
[2024-09-20T23:36:17.599+0000] {taskinstance.py:2612} INFO - Dependencies all met for dep_context=non-requeueable deps ti=<TaskInstance: Bitcoin_ETL.send_email manual__2024-09-20T23:23:37.416370+00:00 [queued]>
[2024-09-20T23:36:17.610+0000] {taskinstance.py:2612} INFO - Dependencies all met for dep_context=requeueable deps ti=<TaskInstance: Bitcoin_ETL.send_email manual__2024-09-20T23:23:37.416370+00:00 [queued]>
[2024-09-20T23:36:17.611+0000] {taskinstance.py:2865} INFO - Starting attempt 1 of 6
[2024-09-20T23:36:17.626+0000] {taskinstance.py:2888} INFO - Executing <Task(EmailOperator): send_email> on 2024-09-20 23:23:37.416370+00:00
[2024-09-20T23:36:17.633+0000] {warnings.py:112} WARNING - /home/***/.local/lib/python3.12/site-packages/***/task/task_runner/standard_task_runner.py:70: DeprecationWarning: This process (pid=135) is multi-threaded, use of fork() may lead to deadlocks in the child.
  pid = os.fork()

[2024-09-20T23:36:17.636+0000] {standard_task_runner.py:72} INFO - Started process 139 to run task
[2024-09-20T23:36:17.637+0000] {standard_task_runner.py:104} INFO - Running: ['***', 'tasks', 'run', 'Bitcoin_ETL', 'send_email', 'manual__2024-09-20T23:23:37.416370+00:00', '--job-id', '26', '--raw', '--subdir', 'DAGS_FOLDER/API_Crypto_Extraction_modularizad.py', '--cfg-path', '/tmp/tmpn_154lqo']
[2024-09-20T23:36:17.640+0000] {standard_task_runner.py:105} INFO - Job 26: Subtask send_email
[2024-09-20T23:36:17.696+0000] {task_command.py:467} INFO - Running <TaskInstance: Bitcoin_ETL.send_email manual__2024-09-20T23:23:37.416370+00:00 [running]> on host 18f18961c44f
[2024-09-20T23:36:17.789+0000] {taskinstance.py:3131} INFO - Exporting env vars: AIRFLOW_CTX_DAG_EMAIL='francogranieri56@gmail.com' AIRFLOW_CTX_DAG_OWNER='FrancoGranieri' AIRFLOW_CTX_DAG_ID='Bitcoin_ETL' AIRFLOW_CTX_TASK_ID='send_email' AIRFLOW_CTX_EXECUTION_DATE='2024-09-20T23:23:37.416370+00:00' AIRFLOW_CTX_TRY_NUMBER='1' AIRFLOW_CTX_DAG_RUN_ID='manual__2024-09-20T23:23:37.416370+00:00'
[2024-09-20T23:36:17.790+0000] {taskinstance.py:731} INFO - ::endgroup::
[2024-09-20T23:36:17.818+0000] {warnings.py:112} WARNING - /home/***/.local/lib/python3.12/site-packages/***/utils/email.py:155: RemovedInAirflow3Warning: Fetching SMTP credentials from configuration variables will be deprecated in a future release. Please set credentials using a connection instead.
  send_mime_email(e_from=mail_from, e_to=recipients, mime_msg=msg, conn_id=conn_id, dryrun=dryrun)

[2024-09-20T23:36:17.819+0000] {email.py:272} INFO - Email alerting: attempt 1
[2024-09-20T23:36:19.180+0000] {email.py:283} INFO - Sent an alert email to ['francogranieri56@gmail.com']
[2024-09-20T23:36:20.909+0000] {taskinstance.py:340} INFO - ::group::Post task execution logs
[2024-09-20T23:36:20.911+0000] {taskinstance.py:352} INFO - Marking task as SUCCESS. dag_id=Bitcoin_ETL, task_id=send_email, run_id=manual__2024-09-20T23:23:37.416370+00:00, execution_date=20240920T232337, start_date=20240920T233617, end_date=20240920T233620
[2024-09-20T23:36:20.952+0000] {local_task_job_runner.py:266} INFO - Task exited with return code 0
[2024-09-20T23:36:20.978+0000] {taskinstance.py:3900} INFO - 0 downstream tasks scheduled from follow-on schedule check
[2024-09-20T23:36:20.982+0000] {local_task_job_runner.py:245} INFO - ::endgroup::
