[2024-09-20T23:36:05.957+0000] {local_task_job_runner.py:123} INFO - ::group::Pre task execution logs
[2024-09-20T23:36:06.002+0000] {taskinstance.py:2612} INFO - Dependencies all met for dep_context=non-requeueable deps ti=<TaskInstance: Bitcoin_ETL.data_load scheduled__2024-09-19T00:00:00+00:00 [queued]>
[2024-09-20T23:36:06.024+0000] {taskinstance.py:2612} INFO - Dependencies all met for dep_context=requeueable deps ti=<TaskInstance: Bitcoin_ETL.data_load scheduled__2024-09-19T00:00:00+00:00 [queued]>
[2024-09-20T23:36:06.026+0000] {taskinstance.py:2865} INFO - Starting attempt 3 of 6
[2024-09-20T23:36:06.060+0000] {taskinstance.py:2888} INFO - Executing <Task(PythonOperator): data_load> on 2024-09-19 00:00:00+00:00
[2024-09-20T23:36:06.073+0000] {warnings.py:112} WARNING - /home/***/.local/lib/python3.12/site-packages/***/task/task_runner/standard_task_runner.py:70: DeprecationWarning: This process (pid=125) is multi-threaded, use of fork() may lead to deadlocks in the child.
  pid = os.fork()

[2024-09-20T23:36:06.075+0000] {standard_task_runner.py:72} INFO - Started process 127 to run task
[2024-09-20T23:36:06.075+0000] {standard_task_runner.py:104} INFO - Running: ['***', 'tasks', 'run', 'Bitcoin_ETL', 'data_load', 'scheduled__2024-09-19T00:00:00+00:00', '--job-id', '23', '--raw', '--subdir', 'DAGS_FOLDER/API_Crypto_Extraction_modularizad.py', '--cfg-path', '/tmp/tmpke5yome6']
[2024-09-20T23:36:06.078+0000] {standard_task_runner.py:105} INFO - Job 23: Subtask data_load
[2024-09-20T23:36:06.133+0000] {task_command.py:467} INFO - Running <TaskInstance: Bitcoin_ETL.data_load scheduled__2024-09-19T00:00:00+00:00 [running]> on host 18f18961c44f
[2024-09-20T23:36:07.648+0000] {taskinstance.py:3131} INFO - Exporting env vars: AIRFLOW_CTX_DAG_EMAIL='francogranieri56@gmail.com' AIRFLOW_CTX_DAG_OWNER='FrancoGranieri' AIRFLOW_CTX_DAG_ID='Bitcoin_ETL' AIRFLOW_CTX_TASK_ID='data_load' AIRFLOW_CTX_EXECUTION_DATE='2024-09-19T00:00:00+00:00' AIRFLOW_CTX_TRY_NUMBER='3' AIRFLOW_CTX_DAG_RUN_ID='scheduled__2024-09-19T00:00:00+00:00'
[2024-09-20T23:36:07.649+0000] {taskinstance.py:731} INFO - ::endgroup::
[2024-09-20T23:36:07.686+0000] {logging_mixin.py:190} INFO - data file path /opt/***/dags/tmp_files/data2024-09-20 23:23:53.275634.csv
[2024-09-20T23:36:07.747+0000] {logging_mixin.py:190} INFO - CSV data                                             id_date  ...                   date_time
0                bitcoin-2024-09-20 23:23:53.252529  ...  2024-09-20 23:23:53.252529
1               ethereum-2024-09-20 23:23:53.252529  ...  2024-09-20 23:23:53.252529
2                 tether-2024-09-20 23:23:53.252529  ...  2024-09-20 23:23:53.252529
3           binance-coin-2024-09-20 23:23:53.252529  ...  2024-09-20 23:23:53.252529
4                 solana-2024-09-20 23:23:53.252529  ...  2024-09-20 23:23:53.252529
..                                              ...  ...                         ...
95  golem-network-tokens-2024-09-20 23:23:53.252529  ...  2024-09-20 23:23:53.252529
96                  dash-2024-09-20 23:23:53.252529  ...  2024-09-20 23:23:53.252529
97                  holo-2024-09-20 23:23:53.252529  ...  2024-09-20 23:23:53.252529
98                aragon-2024-09-20 23:23:53.252529  ...  2024-09-20 23:23:53.252529
99                  just-2024-09-20 23:23:53.252529  ...  2024-09-20 23:23:53.252529

[100 rows x 5 columns]
[2024-09-20T23:36:09.350+0000] {logging_mixin.py:190} INFO - se va a insertar la table francogranieri56_coderhouse.cripto_price_new_data
[2024-09-20T23:36:14.923+0000] {python.py:240} INFO - Done. Returned value was: None
[2024-09-20T23:36:14.951+0000] {taskinstance.py:340} INFO - ::group::Post task execution logs
[2024-09-20T23:36:14.953+0000] {taskinstance.py:352} INFO - Marking task as SUCCESS. dag_id=Bitcoin_ETL, task_id=data_load, run_id=scheduled__2024-09-19T00:00:00+00:00, execution_date=20240919T000000, start_date=20240920T233606, end_date=20240920T233614
[2024-09-20T23:36:15.033+0000] {local_task_job_runner.py:266} INFO - Task exited with return code 0
[2024-09-20T23:36:15.066+0000] {taskinstance.py:3900} INFO - 1 downstream tasks scheduled from follow-on schedule check
[2024-09-20T23:36:15.068+0000] {local_task_job_runner.py:245} INFO - ::endgroup::
