[2024-09-20T23:32:41.689+0000] {local_task_job_runner.py:123} INFO - ::group::Pre task execution logs
[2024-09-20T23:32:41.946+0000] {taskinstance.py:2612} INFO - Dependencies all met for dep_context=non-requeueable deps ti=<TaskInstance: Bitcoin_ETL.data_load manual__2024-09-20T23:32:24.811526+00:00 [queued]>
[2024-09-20T23:32:41.956+0000] {taskinstance.py:2612} INFO - Dependencies all met for dep_context=requeueable deps ti=<TaskInstance: Bitcoin_ETL.data_load manual__2024-09-20T23:32:24.811526+00:00 [queued]>
[2024-09-20T23:32:41.957+0000] {taskinstance.py:2865} INFO - Starting attempt 1 of 6
[2024-09-20T23:32:41.977+0000] {taskinstance.py:2888} INFO - Executing <Task(PythonOperator): data_load> on 2024-09-20 23:32:24.811526+00:00
[2024-09-20T23:32:41.989+0000] {warnings.py:112} WARNING - /home/***/.local/lib/python3.12/site-packages/***/task/task_runner/standard_task_runner.py:70: DeprecationWarning: This process (pid=84) is multi-threaded, use of fork() may lead to deadlocks in the child.
  pid = os.fork()

[2024-09-20T23:32:41.991+0000] {standard_task_runner.py:72} INFO - Started process 86 to run task
[2024-09-20T23:32:41.991+0000] {standard_task_runner.py:104} INFO - Running: ['***', 'tasks', 'run', 'Bitcoin_ETL', 'data_load', 'manual__2024-09-20T23:32:24.811526+00:00', '--job-id', '22', '--raw', '--subdir', 'DAGS_FOLDER/API_Crypto_Extraction_modularizad.py', '--cfg-path', '/tmp/tmpohk3u6lv']
[2024-09-20T23:32:41.993+0000] {standard_task_runner.py:105} INFO - Job 22: Subtask data_load
[2024-09-20T23:32:42.077+0000] {task_command.py:467} INFO - Running <TaskInstance: Bitcoin_ETL.data_load manual__2024-09-20T23:32:24.811526+00:00 [running]> on host 18f18961c44f
[2024-09-20T23:32:42.179+0000] {taskinstance.py:3131} INFO - Exporting env vars: AIRFLOW_CTX_DAG_EMAIL='francogranieri56@gmail.com' AIRFLOW_CTX_DAG_OWNER='FrancoGranieri' AIRFLOW_CTX_DAG_ID='Bitcoin_ETL' AIRFLOW_CTX_TASK_ID='data_load' AIRFLOW_CTX_EXECUTION_DATE='2024-09-20T23:32:24.811526+00:00' AIRFLOW_CTX_TRY_NUMBER='1' AIRFLOW_CTX_DAG_RUN_ID='manual__2024-09-20T23:32:24.811526+00:00'
[2024-09-20T23:32:42.181+0000] {taskinstance.py:731} INFO - ::endgroup::
[2024-09-20T23:32:42.211+0000] {logging_mixin.py:190} INFO - data file path /opt/***/dags/tmp_files/data2024-09-20 23:32:39.933223.csv
[2024-09-20T23:32:42.257+0000] {logging_mixin.py:190} INFO - CSV data                                             id_date  ...                   date_time
0                bitcoin-2024-09-20 23:32:39.894885  ...  2024-09-20 23:32:39.894885
1               ethereum-2024-09-20 23:32:39.894885  ...  2024-09-20 23:32:39.894885
2                 tether-2024-09-20 23:32:39.894885  ...  2024-09-20 23:32:39.894885
3           binance-coin-2024-09-20 23:32:39.894885  ...  2024-09-20 23:32:39.894885
4                 solana-2024-09-20 23:32:39.894885  ...  2024-09-20 23:32:39.894885
..                                              ...  ...                         ...
95  golem-network-tokens-2024-09-20 23:32:39.894885  ...  2024-09-20 23:32:39.894885
96                  dash-2024-09-20 23:32:39.894885  ...  2024-09-20 23:32:39.894885
97                  holo-2024-09-20 23:32:39.894885  ...  2024-09-20 23:32:39.894885
98                aragon-2024-09-20 23:32:39.894885  ...  2024-09-20 23:32:39.894885
99                  just-2024-09-20 23:32:39.894885  ...  2024-09-20 23:32:39.894885

[100 rows x 5 columns]
[2024-09-20T23:32:45.778+0000] {logging_mixin.py:190} INFO - se va a insertar la table francogranieri56_coderhouse.cripto_price_new_data
[2024-09-20T23:33:12.008+0000] {python.py:240} INFO - Done. Returned value was: None
[2024-09-20T23:33:12.083+0000] {taskinstance.py:340} INFO - ::group::Post task execution logs
[2024-09-20T23:33:12.084+0000] {taskinstance.py:352} INFO - Marking task as SUCCESS. dag_id=Bitcoin_ETL, task_id=data_load, run_id=manual__2024-09-20T23:32:24.811526+00:00, execution_date=20240920T233224, start_date=20240920T233241, end_date=20240920T233312
[2024-09-20T23:33:12.165+0000] {local_task_job_runner.py:266} INFO - Task exited with return code 0
[2024-09-20T23:33:12.217+0000] {taskinstance.py:3900} INFO - 1 downstream tasks scheduled from follow-on schedule check
[2024-09-20T23:33:12.220+0000] {local_task_job_runner.py:245} INFO - ::endgroup::
