[2024-09-18T22:49:58.799+0000] {local_task_job_runner.py:123} INFO - ::group::Pre task execution logs
[2024-09-18T22:49:58.981+0000] {taskinstance.py:2612} INFO - Dependencies all met for dep_context=non-requeueable deps ti=<TaskInstance: Bitcoin_ETL.extraer_data manual__2024-09-18T22:49:56.760777+00:00 [queued]>
[2024-09-18T22:49:58.991+0000] {taskinstance.py:2612} INFO - Dependencies all met for dep_context=requeueable deps ti=<TaskInstance: Bitcoin_ETL.extraer_data manual__2024-09-18T22:49:56.760777+00:00 [queued]>
[2024-09-18T22:49:58.992+0000] {taskinstance.py:2865} INFO - Starting attempt 1 of 6
[2024-09-18T22:49:59.008+0000] {taskinstance.py:2888} INFO - Executing <Task(PythonOperator): extraer_data> on 2024-09-18 22:49:56.760777+00:00
[2024-09-18T22:49:59.017+0000] {warnings.py:112} WARNING - /home/***/.local/lib/python3.12/site-packages/***/task/task_runner/standard_task_runner.py:70: DeprecationWarning: This process (pid=362) is multi-threaded, use of fork() may lead to deadlocks in the child.
  pid = os.fork()

[2024-09-18T22:49:59.018+0000] {standard_task_runner.py:72} INFO - Started process 368 to run task
[2024-09-18T22:49:59.019+0000] {standard_task_runner.py:104} INFO - Running: ['***', 'tasks', 'run', 'Bitcoin_ETL', 'extraer_data', 'manual__2024-09-18T22:49:56.760777+00:00', '--job-id', '381', '--raw', '--subdir', 'DAGS_FOLDER/API_Crypto_Extraction_modularizad.py', '--cfg-path', '/tmp/tmp_afkck30']
[2024-09-18T22:49:59.022+0000] {standard_task_runner.py:105} INFO - Job 381: Subtask extraer_data
[2024-09-18T22:49:59.078+0000] {task_command.py:467} INFO - Running <TaskInstance: Bitcoin_ETL.extraer_data manual__2024-09-18T22:49:56.760777+00:00 [running]> on host b3bb46fae8ea
[2024-09-18T22:49:59.186+0000] {taskinstance.py:3131} INFO - Exporting env vars: AIRFLOW_CTX_DAG_OWNER='NicolasRivas' AIRFLOW_CTX_DAG_ID='Bitcoin_ETL' AIRFLOW_CTX_TASK_ID='extraer_data' AIRFLOW_CTX_EXECUTION_DATE='2024-09-18T22:49:56.760777+00:00' AIRFLOW_CTX_TRY_NUMBER='1' AIRFLOW_CTX_DAG_RUN_ID='manual__2024-09-18T22:49:56.760777+00:00'
[2024-09-18T22:49:59.187+0000] {taskinstance.py:731} INFO - ::endgroup::
[2024-09-18T22:50:00.411+0000] {logging_mixin.py:190} INFO - line 40 - Pushed data to XCom: {"id":{"0":"bitcoin","1":"ethereum","2":"tether","3":"binance-coin","4":"solana","5":"usd-coin","6":
[2024-09-18T22:50:00.412+0000] {python.py:240} INFO - Done. Returned value was: None
[2024-09-18T22:50:00.423+0000] {taskinstance.py:340} INFO - ::group::Post task execution logs
[2024-09-18T22:50:00.424+0000] {taskinstance.py:352} INFO - Marking task as SUCCESS. dag_id=Bitcoin_ETL, task_id=extraer_data, run_id=manual__2024-09-18T22:49:56.760777+00:00, execution_date=20240918T224956, start_date=20240918T224958, end_date=20240918T225000
[2024-09-18T22:50:00.480+0000] {local_task_job_runner.py:266} INFO - Task exited with return code 0
[2024-09-18T22:50:00.509+0000] {taskinstance.py:3900} INFO - 1 downstream tasks scheduled from follow-on schedule check
[2024-09-18T22:50:00.512+0000] {local_task_job_runner.py:245} INFO - ::endgroup::
