[2024-09-18T23:27:34.213+0000] {local_task_job_runner.py:123} INFO - ::group::Pre task execution logs
[2024-09-18T23:27:34.383+0000] {taskinstance.py:2612} INFO - Dependencies all met for dep_context=non-requeueable deps ti=<TaskInstance: Bitcoin_ETL.extraer_data manual__2024-09-18T23:27:31.944742+00:00 [queued]>
[2024-09-18T23:27:34.392+0000] {taskinstance.py:2612} INFO - Dependencies all met for dep_context=requeueable deps ti=<TaskInstance: Bitcoin_ETL.extraer_data manual__2024-09-18T23:27:31.944742+00:00 [queued]>
[2024-09-18T23:27:34.393+0000] {taskinstance.py:2865} INFO - Starting attempt 1 of 6
[2024-09-18T23:27:34.408+0000] {taskinstance.py:2888} INFO - Executing <Task(PythonOperator): extraer_data> on 2024-09-18 23:27:31.944742+00:00
[2024-09-18T23:27:34.416+0000] {warnings.py:112} WARNING - /home/***/.local/lib/python3.12/site-packages/***/task/task_runner/standard_task_runner.py:70: DeprecationWarning: This process (pid=484) is multi-threaded, use of fork() may lead to deadlocks in the child.
  pid = os.fork()

[2024-09-18T23:27:34.417+0000] {standard_task_runner.py:72} INFO - Started process 486 to run task
[2024-09-18T23:27:34.417+0000] {standard_task_runner.py:104} INFO - Running: ['***', 'tasks', 'run', 'Bitcoin_ETL', 'extraer_data', 'manual__2024-09-18T23:27:31.944742+00:00', '--job-id', '459', '--raw', '--subdir', 'DAGS_FOLDER/API_Crypto_Extraction_modularizad.py', '--cfg-path', '/tmp/tmp_oblsll6']
[2024-09-18T23:27:34.420+0000] {standard_task_runner.py:105} INFO - Job 459: Subtask extraer_data
[2024-09-18T23:27:34.473+0000] {task_command.py:467} INFO - Running <TaskInstance: Bitcoin_ETL.extraer_data manual__2024-09-18T23:27:31.944742+00:00 [running]> on host dc0271a0188f
[2024-09-18T23:27:34.572+0000] {taskinstance.py:3131} INFO - Exporting env vars: AIRFLOW_CTX_DAG_OWNER='NicolasRivas' AIRFLOW_CTX_DAG_ID='Bitcoin_ETL' AIRFLOW_CTX_TASK_ID='extraer_data' AIRFLOW_CTX_EXECUTION_DATE='2024-09-18T23:27:31.944742+00:00' AIRFLOW_CTX_TRY_NUMBER='1' AIRFLOW_CTX_DAG_RUN_ID='manual__2024-09-18T23:27:31.944742+00:00'
[2024-09-18T23:27:34.573+0000] {taskinstance.py:731} INFO - ::endgroup::
[2024-09-18T23:27:35.802+0000] {logging_mixin.py:190} INFO - line 40 - Pushed data to XCom: {"id":{"0":"bitcoin","1":"ethereum","2":"tether","3":"binance-coin","4":"solana","5":"usd-coin","6":
[2024-09-18T23:27:35.803+0000] {python.py:240} INFO - Done. Returned value was: None
[2024-09-18T23:27:35.817+0000] {taskinstance.py:340} INFO - ::group::Post task execution logs
[2024-09-18T23:27:35.818+0000] {taskinstance.py:352} INFO - Marking task as SUCCESS. dag_id=Bitcoin_ETL, task_id=extraer_data, run_id=manual__2024-09-18T23:27:31.944742+00:00, execution_date=20240918T232731, start_date=20240918T232734, end_date=20240918T232735
[2024-09-18T23:27:35.878+0000] {local_task_job_runner.py:266} INFO - Task exited with return code 0
[2024-09-18T23:27:35.907+0000] {taskinstance.py:3900} INFO - 1 downstream tasks scheduled from follow-on schedule check
[2024-09-18T23:27:35.910+0000] {local_task_job_runner.py:245} INFO - ::endgroup::
