[2024-09-20T23:36:16.380+0000] {local_task_job_runner.py:123} INFO - ::group::Pre task execution logs
[2024-09-20T23:36:16.398+0000] {taskinstance.py:2612} INFO - Dependencies all met for dep_context=non-requeueable deps ti=<TaskInstance: Bitcoin_ETL.send_email scheduled__2024-09-19T00:00:00+00:00 [queued]>
[2024-09-20T23:36:16.573+0000] {taskinstance.py:2612} INFO - Dependencies all met for dep_context=requeueable deps ti=<TaskInstance: Bitcoin_ETL.send_email scheduled__2024-09-19T00:00:00+00:00 [queued]>
[2024-09-20T23:36:16.574+0000] {taskinstance.py:2865} INFO - Starting attempt 1 of 6
[2024-09-20T23:36:16.591+0000] {taskinstance.py:2888} INFO - Executing <Task(EmailOperator): send_email> on 2024-09-19 00:00:00+00:00
[2024-09-20T23:36:16.600+0000] {warnings.py:112} WARNING - /home/***/.local/lib/python3.12/site-packages/***/task/task_runner/standard_task_runner.py:70: DeprecationWarning: This process (pid=133) is multi-threaded, use of fork() may lead to deadlocks in the child.
  pid = os.fork()

[2024-09-20T23:36:16.603+0000] {standard_task_runner.py:72} INFO - Started process 136 to run task
[2024-09-20T23:36:16.604+0000] {standard_task_runner.py:104} INFO - Running: ['***', 'tasks', 'run', 'Bitcoin_ETL', 'send_email', 'scheduled__2024-09-19T00:00:00+00:00', '--job-id', '25', '--raw', '--subdir', 'DAGS_FOLDER/API_Crypto_Extraction_modularizad.py', '--cfg-path', '/tmp/tmp5dxgchmt']
[2024-09-20T23:36:16.608+0000] {standard_task_runner.py:105} INFO - Job 25: Subtask send_email
[2024-09-20T23:36:16.668+0000] {task_command.py:467} INFO - Running <TaskInstance: Bitcoin_ETL.send_email scheduled__2024-09-19T00:00:00+00:00 [running]> on host 18f18961c44f
[2024-09-20T23:36:16.761+0000] {taskinstance.py:3131} INFO - Exporting env vars: AIRFLOW_CTX_DAG_EMAIL='francogranieri56@gmail.com' AIRFLOW_CTX_DAG_OWNER='FrancoGranieri' AIRFLOW_CTX_DAG_ID='Bitcoin_ETL' AIRFLOW_CTX_TASK_ID='send_email' AIRFLOW_CTX_EXECUTION_DATE='2024-09-19T00:00:00+00:00' AIRFLOW_CTX_TRY_NUMBER='1' AIRFLOW_CTX_DAG_RUN_ID='scheduled__2024-09-19T00:00:00+00:00'
[2024-09-20T23:36:16.762+0000] {taskinstance.py:731} INFO - ::endgroup::
[2024-09-20T23:36:16.792+0000] {warnings.py:112} WARNING - /home/***/.local/lib/python3.12/site-packages/***/utils/email.py:155: RemovedInAirflow3Warning: Fetching SMTP credentials from configuration variables will be deprecated in a future release. Please set credentials using a connection instead.
  send_mime_email(e_from=mail_from, e_to=recipients, mime_msg=msg, conn_id=conn_id, dryrun=dryrun)

[2024-09-20T23:36:16.793+0000] {email.py:272} INFO - Email alerting: attempt 1
[2024-09-20T23:36:18.687+0000] {email.py:283} INFO - Sent an alert email to ['francogranieri56@gmail.com']
[2024-09-20T23:36:20.083+0000] {taskinstance.py:340} INFO - ::group::Post task execution logs
[2024-09-20T23:36:20.084+0000] {taskinstance.py:352} INFO - Marking task as SUCCESS. dag_id=Bitcoin_ETL, task_id=send_email, run_id=scheduled__2024-09-19T00:00:00+00:00, execution_date=20240919T000000, start_date=20240920T233616, end_date=20240920T233620
[2024-09-20T23:36:20.119+0000] {local_task_job_runner.py:266} INFO - Task exited with return code 0
[2024-09-20T23:36:20.134+0000] {taskinstance.py:3900} INFO - 0 downstream tasks scheduled from follow-on schedule check
[2024-09-20T23:36:20.137+0000] {local_task_job_runner.py:245} INFO - ::endgroup::
