[2024-09-19T00:00:05.020+0000] {processor.py:186} INFO - Started process (PID=878) to work on /opt/airflow/dags/API_Crypto_Extraction_modularizad.py
[2024-09-19T00:00:05.021+0000] {processor.py:914} INFO - Processing file /opt/airflow/dags/API_Crypto_Extraction_modularizad.py for tasks to queue
[2024-09-19T00:00:05.023+0000] {logging_mixin.py:190} INFO - [2024-09-19T00:00:05.023+0000] {dagbag.py:587} INFO - Filling up the DagBag from /opt/airflow/dags/API_Crypto_Extraction_modularizad.py
[2024-09-19T00:00:05.426+0000] {processor.py:925} INFO - DAG(s) 'Bitcoin_ETL' retrieved from /opt/airflow/dags/API_Crypto_Extraction_modularizad.py
[2024-09-19T00:00:05.456+0000] {logging_mixin.py:190} INFO - [2024-09-19T00:00:05.455+0000] {dag.py:3229} INFO - Sync 1 DAGs
[2024-09-19T00:00:05.485+0000] {logging_mixin.py:190} INFO - [2024-09-19T00:00:05.484+0000] {dag.py:4156} INFO - Setting next_dagrun for Bitcoin_ETL to 2024-09-19 00:00:00+00:00, run_after=2024-09-20 00:00:00+00:00
[2024-09-19T00:00:05.510+0000] {processor.py:208} INFO - Processing /opt/airflow/dags/API_Crypto_Extraction_modularizad.py took 0.497 seconds
[2024-09-19T00:00:35.769+0000] {processor.py:186} INFO - Started process (PID=886) to work on /opt/airflow/dags/API_Crypto_Extraction_modularizad.py
[2024-09-19T00:00:35.771+0000] {processor.py:914} INFO - Processing file /opt/airflow/dags/API_Crypto_Extraction_modularizad.py for tasks to queue
[2024-09-19T00:00:35.773+0000] {logging_mixin.py:190} INFO - [2024-09-19T00:00:35.772+0000] {dagbag.py:587} INFO - Filling up the DagBag from /opt/airflow/dags/API_Crypto_Extraction_modularizad.py
[2024-09-19T00:00:36.183+0000] {processor.py:925} INFO - DAG(s) 'Bitcoin_ETL' retrieved from /opt/airflow/dags/API_Crypto_Extraction_modularizad.py
[2024-09-19T00:00:36.213+0000] {logging_mixin.py:190} INFO - [2024-09-19T00:00:36.212+0000] {dag.py:3229} INFO - Sync 1 DAGs
[2024-09-19T00:00:36.242+0000] {logging_mixin.py:190} INFO - [2024-09-19T00:00:36.241+0000] {dag.py:4156} INFO - Setting next_dagrun for Bitcoin_ETL to 2024-09-19 00:00:00+00:00, run_after=2024-09-20 00:00:00+00:00
[2024-09-19T00:00:36.263+0000] {processor.py:208} INFO - Processing /opt/airflow/dags/API_Crypto_Extraction_modularizad.py took 0.501 seconds
[2024-09-19T00:01:06.512+0000] {processor.py:186} INFO - Started process (PID=894) to work on /opt/airflow/dags/API_Crypto_Extraction_modularizad.py
[2024-09-19T00:01:06.513+0000] {processor.py:914} INFO - Processing file /opt/airflow/dags/API_Crypto_Extraction_modularizad.py for tasks to queue
[2024-09-19T00:01:06.515+0000] {logging_mixin.py:190} INFO - [2024-09-19T00:01:06.515+0000] {dagbag.py:587} INFO - Filling up the DagBag from /opt/airflow/dags/API_Crypto_Extraction_modularizad.py
[2024-09-19T00:01:06.902+0000] {processor.py:925} INFO - DAG(s) 'Bitcoin_ETL' retrieved from /opt/airflow/dags/API_Crypto_Extraction_modularizad.py
[2024-09-19T00:01:06.929+0000] {logging_mixin.py:190} INFO - [2024-09-19T00:01:06.929+0000] {dag.py:3229} INFO - Sync 1 DAGs
[2024-09-19T00:01:06.957+0000] {logging_mixin.py:190} INFO - [2024-09-19T00:01:06.956+0000] {dag.py:4156} INFO - Setting next_dagrun for Bitcoin_ETL to 2024-09-19 00:00:00+00:00, run_after=2024-09-20 00:00:00+00:00
[2024-09-19T00:01:06.980+0000] {processor.py:208} INFO - Processing /opt/airflow/dags/API_Crypto_Extraction_modularizad.py took 0.475 seconds
[2024-09-19T00:01:37.200+0000] {processor.py:186} INFO - Started process (PID=902) to work on /opt/airflow/dags/API_Crypto_Extraction_modularizad.py
[2024-09-19T00:01:37.200+0000] {processor.py:914} INFO - Processing file /opt/airflow/dags/API_Crypto_Extraction_modularizad.py for tasks to queue
[2024-09-19T00:01:37.203+0000] {logging_mixin.py:190} INFO - [2024-09-19T00:01:37.202+0000] {dagbag.py:587} INFO - Filling up the DagBag from /opt/airflow/dags/API_Crypto_Extraction_modularizad.py
[2024-09-19T00:01:37.598+0000] {processor.py:925} INFO - DAG(s) 'Bitcoin_ETL' retrieved from /opt/airflow/dags/API_Crypto_Extraction_modularizad.py
[2024-09-19T00:01:37.638+0000] {logging_mixin.py:190} INFO - [2024-09-19T00:01:37.638+0000] {dag.py:3229} INFO - Sync 1 DAGs
[2024-09-19T00:01:37.671+0000] {logging_mixin.py:190} INFO - [2024-09-19T00:01:37.671+0000] {dag.py:4156} INFO - Setting next_dagrun for Bitcoin_ETL to 2024-09-19 00:00:00+00:00, run_after=2024-09-20 00:00:00+00:00
[2024-09-19T00:01:37.699+0000] {processor.py:208} INFO - Processing /opt/airflow/dags/API_Crypto_Extraction_modularizad.py took 0.507 seconds
[2024-09-19T00:02:07.950+0000] {processor.py:186} INFO - Started process (PID=910) to work on /opt/airflow/dags/API_Crypto_Extraction_modularizad.py
[2024-09-19T00:02:07.951+0000] {processor.py:914} INFO - Processing file /opt/airflow/dags/API_Crypto_Extraction_modularizad.py for tasks to queue
[2024-09-19T00:02:07.952+0000] {logging_mixin.py:190} INFO - [2024-09-19T00:02:07.952+0000] {dagbag.py:587} INFO - Filling up the DagBag from /opt/airflow/dags/API_Crypto_Extraction_modularizad.py
[2024-09-19T00:02:08.356+0000] {processor.py:925} INFO - DAG(s) 'Bitcoin_ETL' retrieved from /opt/airflow/dags/API_Crypto_Extraction_modularizad.py
[2024-09-19T00:02:08.385+0000] {logging_mixin.py:190} INFO - [2024-09-19T00:02:08.385+0000] {dag.py:3229} INFO - Sync 1 DAGs
[2024-09-19T00:02:08.417+0000] {logging_mixin.py:190} INFO - [2024-09-19T00:02:08.416+0000] {dag.py:4156} INFO - Setting next_dagrun for Bitcoin_ETL to 2024-09-19 00:00:00+00:00, run_after=2024-09-20 00:00:00+00:00
[2024-09-19T00:02:08.438+0000] {processor.py:208} INFO - Processing /opt/airflow/dags/API_Crypto_Extraction_modularizad.py took 0.495 seconds
[2024-09-19T00:02:38.632+0000] {processor.py:186} INFO - Started process (PID=918) to work on /opt/airflow/dags/API_Crypto_Extraction_modularizad.py
[2024-09-19T00:02:38.633+0000] {processor.py:914} INFO - Processing file /opt/airflow/dags/API_Crypto_Extraction_modularizad.py for tasks to queue
[2024-09-19T00:02:38.635+0000] {logging_mixin.py:190} INFO - [2024-09-19T00:02:38.635+0000] {dagbag.py:587} INFO - Filling up the DagBag from /opt/airflow/dags/API_Crypto_Extraction_modularizad.py
[2024-09-19T00:02:39.016+0000] {processor.py:925} INFO - DAG(s) 'Bitcoin_ETL' retrieved from /opt/airflow/dags/API_Crypto_Extraction_modularizad.py
[2024-09-19T00:02:39.044+0000] {logging_mixin.py:190} INFO - [2024-09-19T00:02:39.044+0000] {dag.py:3229} INFO - Sync 1 DAGs
[2024-09-19T00:02:39.070+0000] {logging_mixin.py:190} INFO - [2024-09-19T00:02:39.070+0000] {dag.py:4156} INFO - Setting next_dagrun for Bitcoin_ETL to 2024-09-19 00:00:00+00:00, run_after=2024-09-20 00:00:00+00:00
[2024-09-19T00:02:39.091+0000] {processor.py:208} INFO - Processing /opt/airflow/dags/API_Crypto_Extraction_modularizad.py took 0.469 seconds
[2024-09-19T00:03:09.335+0000] {processor.py:186} INFO - Started process (PID=926) to work on /opt/airflow/dags/API_Crypto_Extraction_modularizad.py
[2024-09-19T00:03:09.336+0000] {processor.py:914} INFO - Processing file /opt/airflow/dags/API_Crypto_Extraction_modularizad.py for tasks to queue
[2024-09-19T00:03:09.338+0000] {logging_mixin.py:190} INFO - [2024-09-19T00:03:09.337+0000] {dagbag.py:587} INFO - Filling up the DagBag from /opt/airflow/dags/API_Crypto_Extraction_modularizad.py
[2024-09-19T00:03:09.721+0000] {processor.py:925} INFO - DAG(s) 'Bitcoin_ETL' retrieved from /opt/airflow/dags/API_Crypto_Extraction_modularizad.py
[2024-09-19T00:03:09.750+0000] {logging_mixin.py:190} INFO - [2024-09-19T00:03:09.749+0000] {dag.py:3229} INFO - Sync 1 DAGs
[2024-09-19T00:03:09.776+0000] {logging_mixin.py:190} INFO - [2024-09-19T00:03:09.776+0000] {dag.py:4156} INFO - Setting next_dagrun for Bitcoin_ETL to 2024-09-19 00:00:00+00:00, run_after=2024-09-20 00:00:00+00:00
[2024-09-19T00:03:09.796+0000] {processor.py:208} INFO - Processing /opt/airflow/dags/API_Crypto_Extraction_modularizad.py took 0.470 seconds
[2024-09-19T00:03:40.042+0000] {processor.py:186} INFO - Started process (PID=934) to work on /opt/airflow/dags/API_Crypto_Extraction_modularizad.py
[2024-09-19T00:03:40.043+0000] {processor.py:914} INFO - Processing file /opt/airflow/dags/API_Crypto_Extraction_modularizad.py for tasks to queue
[2024-09-19T00:03:40.045+0000] {logging_mixin.py:190} INFO - [2024-09-19T00:03:40.044+0000] {dagbag.py:587} INFO - Filling up the DagBag from /opt/airflow/dags/API_Crypto_Extraction_modularizad.py
[2024-09-19T00:03:40.426+0000] {processor.py:925} INFO - DAG(s) 'Bitcoin_ETL' retrieved from /opt/airflow/dags/API_Crypto_Extraction_modularizad.py
[2024-09-19T00:03:40.460+0000] {logging_mixin.py:190} INFO - [2024-09-19T00:03:40.459+0000] {dag.py:3229} INFO - Sync 1 DAGs
[2024-09-19T00:03:40.486+0000] {logging_mixin.py:190} INFO - [2024-09-19T00:03:40.486+0000] {dag.py:4156} INFO - Setting next_dagrun for Bitcoin_ETL to 2024-09-19 00:00:00+00:00, run_after=2024-09-20 00:00:00+00:00
[2024-09-19T00:03:40.511+0000] {processor.py:208} INFO - Processing /opt/airflow/dags/API_Crypto_Extraction_modularizad.py took 0.477 seconds
[2024-09-19T00:04:10.751+0000] {processor.py:186} INFO - Started process (PID=942) to work on /opt/airflow/dags/API_Crypto_Extraction_modularizad.py
[2024-09-19T00:04:10.753+0000] {processor.py:914} INFO - Processing file /opt/airflow/dags/API_Crypto_Extraction_modularizad.py for tasks to queue
[2024-09-19T00:04:10.755+0000] {logging_mixin.py:190} INFO - [2024-09-19T00:04:10.754+0000] {dagbag.py:587} INFO - Filling up the DagBag from /opt/airflow/dags/API_Crypto_Extraction_modularizad.py
[2024-09-19T00:04:11.177+0000] {processor.py:925} INFO - DAG(s) 'Bitcoin_ETL' retrieved from /opt/airflow/dags/API_Crypto_Extraction_modularizad.py
[2024-09-19T00:04:11.213+0000] {logging_mixin.py:190} INFO - [2024-09-19T00:04:11.212+0000] {dag.py:3229} INFO - Sync 1 DAGs
[2024-09-19T00:04:11.247+0000] {logging_mixin.py:190} INFO - [2024-09-19T00:04:11.246+0000] {dag.py:4156} INFO - Setting next_dagrun for Bitcoin_ETL to 2024-09-19 00:00:00+00:00, run_after=2024-09-20 00:00:00+00:00
[2024-09-19T00:04:11.275+0000] {processor.py:208} INFO - Processing /opt/airflow/dags/API_Crypto_Extraction_modularizad.py took 0.533 seconds
[2024-09-19T00:04:41.456+0000] {processor.py:186} INFO - Started process (PID=950) to work on /opt/airflow/dags/API_Crypto_Extraction_modularizad.py
[2024-09-19T00:04:41.457+0000] {processor.py:914} INFO - Processing file /opt/airflow/dags/API_Crypto_Extraction_modularizad.py for tasks to queue
[2024-09-19T00:04:41.460+0000] {logging_mixin.py:190} INFO - [2024-09-19T00:04:41.460+0000] {dagbag.py:587} INFO - Filling up the DagBag from /opt/airflow/dags/API_Crypto_Extraction_modularizad.py
[2024-09-19T00:04:41.874+0000] {processor.py:925} INFO - DAG(s) 'Bitcoin_ETL' retrieved from /opt/airflow/dags/API_Crypto_Extraction_modularizad.py
[2024-09-19T00:04:41.926+0000] {logging_mixin.py:190} INFO - [2024-09-19T00:04:41.926+0000] {dag.py:3229} INFO - Sync 1 DAGs
[2024-09-19T00:04:41.960+0000] {logging_mixin.py:190} INFO - [2024-09-19T00:04:41.959+0000] {dag.py:4156} INFO - Setting next_dagrun for Bitcoin_ETL to 2024-09-19 00:00:00+00:00, run_after=2024-09-20 00:00:00+00:00
[2024-09-19T00:04:41.986+0000] {processor.py:208} INFO - Processing /opt/airflow/dags/API_Crypto_Extraction_modularizad.py took 0.540 seconds
[2024-09-19T00:05:12.242+0000] {processor.py:186} INFO - Started process (PID=958) to work on /opt/airflow/dags/API_Crypto_Extraction_modularizad.py
[2024-09-19T00:05:12.244+0000] {processor.py:914} INFO - Processing file /opt/airflow/dags/API_Crypto_Extraction_modularizad.py for tasks to queue
[2024-09-19T00:05:12.246+0000] {logging_mixin.py:190} INFO - [2024-09-19T00:05:12.245+0000] {dagbag.py:587} INFO - Filling up the DagBag from /opt/airflow/dags/API_Crypto_Extraction_modularizad.py
[2024-09-19T00:05:12.629+0000] {processor.py:925} INFO - DAG(s) 'Bitcoin_ETL' retrieved from /opt/airflow/dags/API_Crypto_Extraction_modularizad.py
[2024-09-19T00:05:12.660+0000] {logging_mixin.py:190} INFO - [2024-09-19T00:05:12.659+0000] {dag.py:3229} INFO - Sync 1 DAGs
[2024-09-19T00:05:12.687+0000] {logging_mixin.py:190} INFO - [2024-09-19T00:05:12.686+0000] {dag.py:4156} INFO - Setting next_dagrun for Bitcoin_ETL to 2024-09-19 00:00:00+00:00, run_after=2024-09-20 00:00:00+00:00
[2024-09-19T00:05:12.708+0000] {processor.py:208} INFO - Processing /opt/airflow/dags/API_Crypto_Extraction_modularizad.py took 0.474 seconds
[2024-09-19T00:05:42.905+0000] {processor.py:186} INFO - Started process (PID=966) to work on /opt/airflow/dags/API_Crypto_Extraction_modularizad.py
[2024-09-19T00:05:42.906+0000] {processor.py:914} INFO - Processing file /opt/airflow/dags/API_Crypto_Extraction_modularizad.py for tasks to queue
[2024-09-19T00:05:42.908+0000] {logging_mixin.py:190} INFO - [2024-09-19T00:05:42.907+0000] {dagbag.py:587} INFO - Filling up the DagBag from /opt/airflow/dags/API_Crypto_Extraction_modularizad.py
[2024-09-19T00:05:43.302+0000] {processor.py:925} INFO - DAG(s) 'Bitcoin_ETL' retrieved from /opt/airflow/dags/API_Crypto_Extraction_modularizad.py
[2024-09-19T00:05:43.329+0000] {logging_mixin.py:190} INFO - [2024-09-19T00:05:43.329+0000] {dag.py:3229} INFO - Sync 1 DAGs
[2024-09-19T00:05:43.356+0000] {logging_mixin.py:190} INFO - [2024-09-19T00:05:43.356+0000] {dag.py:4156} INFO - Setting next_dagrun for Bitcoin_ETL to 2024-09-19 00:00:00+00:00, run_after=2024-09-20 00:00:00+00:00
[2024-09-19T00:05:43.379+0000] {processor.py:208} INFO - Processing /opt/airflow/dags/API_Crypto_Extraction_modularizad.py took 0.481 seconds
[2024-09-19T00:06:13.629+0000] {processor.py:186} INFO - Started process (PID=975) to work on /opt/airflow/dags/API_Crypto_Extraction_modularizad.py
[2024-09-19T00:06:13.630+0000] {processor.py:914} INFO - Processing file /opt/airflow/dags/API_Crypto_Extraction_modularizad.py for tasks to queue
[2024-09-19T00:06:13.632+0000] {logging_mixin.py:190} INFO - [2024-09-19T00:06:13.631+0000] {dagbag.py:587} INFO - Filling up the DagBag from /opt/airflow/dags/API_Crypto_Extraction_modularizad.py
[2024-09-19T00:06:14.037+0000] {processor.py:925} INFO - DAG(s) 'Bitcoin_ETL' retrieved from /opt/airflow/dags/API_Crypto_Extraction_modularizad.py
[2024-09-19T00:06:14.066+0000] {logging_mixin.py:190} INFO - [2024-09-19T00:06:14.065+0000] {dag.py:3229} INFO - Sync 1 DAGs
[2024-09-19T00:06:14.095+0000] {logging_mixin.py:190} INFO - [2024-09-19T00:06:14.095+0000] {dag.py:4156} INFO - Setting next_dagrun for Bitcoin_ETL to 2024-09-19 00:00:00+00:00, run_after=2024-09-20 00:00:00+00:00
[2024-09-19T00:06:14.115+0000] {processor.py:208} INFO - Processing /opt/airflow/dags/API_Crypto_Extraction_modularizad.py took 0.494 seconds
[2024-09-19T00:06:44.363+0000] {processor.py:186} INFO - Started process (PID=983) to work on /opt/airflow/dags/API_Crypto_Extraction_modularizad.py
[2024-09-19T00:06:44.364+0000] {processor.py:914} INFO - Processing file /opt/airflow/dags/API_Crypto_Extraction_modularizad.py for tasks to queue
[2024-09-19T00:06:44.366+0000] {logging_mixin.py:190} INFO - [2024-09-19T00:06:44.365+0000] {dagbag.py:587} INFO - Filling up the DagBag from /opt/airflow/dags/API_Crypto_Extraction_modularizad.py
[2024-09-19T00:06:44.814+0000] {processor.py:925} INFO - DAG(s) 'Bitcoin_ETL' retrieved from /opt/airflow/dags/API_Crypto_Extraction_modularizad.py
[2024-09-19T00:06:44.847+0000] {logging_mixin.py:190} INFO - [2024-09-19T00:06:44.847+0000] {dag.py:3229} INFO - Sync 1 DAGs
[2024-09-19T00:06:44.879+0000] {logging_mixin.py:190} INFO - [2024-09-19T00:06:44.879+0000] {dag.py:4156} INFO - Setting next_dagrun for Bitcoin_ETL to 2024-09-19 00:00:00+00:00, run_after=2024-09-20 00:00:00+00:00
[2024-09-19T00:06:44.904+0000] {processor.py:208} INFO - Processing /opt/airflow/dags/API_Crypto_Extraction_modularizad.py took 0.549 seconds
[2024-09-19T00:07:15.160+0000] {processor.py:186} INFO - Started process (PID=991) to work on /opt/airflow/dags/API_Crypto_Extraction_modularizad.py
[2024-09-19T00:07:15.161+0000] {processor.py:914} INFO - Processing file /opt/airflow/dags/API_Crypto_Extraction_modularizad.py for tasks to queue
[2024-09-19T00:07:15.162+0000] {logging_mixin.py:190} INFO - [2024-09-19T00:07:15.162+0000] {dagbag.py:587} INFO - Filling up the DagBag from /opt/airflow/dags/API_Crypto_Extraction_modularizad.py
[2024-09-19T00:07:15.544+0000] {processor.py:925} INFO - DAG(s) 'Bitcoin_ETL' retrieved from /opt/airflow/dags/API_Crypto_Extraction_modularizad.py
[2024-09-19T00:07:15.572+0000] {logging_mixin.py:190} INFO - [2024-09-19T00:07:15.572+0000] {dag.py:3229} INFO - Sync 1 DAGs
[2024-09-19T00:07:15.601+0000] {logging_mixin.py:190} INFO - [2024-09-19T00:07:15.601+0000] {dag.py:4156} INFO - Setting next_dagrun for Bitcoin_ETL to 2024-09-19 00:00:00+00:00, run_after=2024-09-20 00:00:00+00:00
[2024-09-19T00:07:15.627+0000] {processor.py:208} INFO - Processing /opt/airflow/dags/API_Crypto_Extraction_modularizad.py took 0.475 seconds
[2024-09-19T00:07:45.788+0000] {processor.py:186} INFO - Started process (PID=999) to work on /opt/airflow/dags/API_Crypto_Extraction_modularizad.py
[2024-09-19T00:07:45.789+0000] {processor.py:914} INFO - Processing file /opt/airflow/dags/API_Crypto_Extraction_modularizad.py for tasks to queue
[2024-09-19T00:07:45.791+0000] {logging_mixin.py:190} INFO - [2024-09-19T00:07:45.791+0000] {dagbag.py:587} INFO - Filling up the DagBag from /opt/airflow/dags/API_Crypto_Extraction_modularizad.py
[2024-09-19T00:07:46.198+0000] {processor.py:925} INFO - DAG(s) 'Bitcoin_ETL' retrieved from /opt/airflow/dags/API_Crypto_Extraction_modularizad.py
[2024-09-19T00:07:46.233+0000] {logging_mixin.py:190} INFO - [2024-09-19T00:07:46.232+0000] {dag.py:3229} INFO - Sync 1 DAGs
[2024-09-19T00:07:46.271+0000] {logging_mixin.py:190} INFO - [2024-09-19T00:07:46.271+0000] {dag.py:4156} INFO - Setting next_dagrun for Bitcoin_ETL to 2024-09-19 00:00:00+00:00, run_after=2024-09-20 00:00:00+00:00
[2024-09-19T00:07:46.298+0000] {processor.py:208} INFO - Processing /opt/airflow/dags/API_Crypto_Extraction_modularizad.py took 0.520 seconds
[2024-09-19T00:08:16.571+0000] {processor.py:186} INFO - Started process (PID=1007) to work on /opt/airflow/dags/API_Crypto_Extraction_modularizad.py
[2024-09-19T00:08:16.572+0000] {processor.py:914} INFO - Processing file /opt/airflow/dags/API_Crypto_Extraction_modularizad.py for tasks to queue
[2024-09-19T00:08:16.574+0000] {logging_mixin.py:190} INFO - [2024-09-19T00:08:16.574+0000] {dagbag.py:587} INFO - Filling up the DagBag from /opt/airflow/dags/API_Crypto_Extraction_modularizad.py
[2024-09-19T00:08:17.071+0000] {processor.py:925} INFO - DAG(s) 'Bitcoin_ETL' retrieved from /opt/airflow/dags/API_Crypto_Extraction_modularizad.py
[2024-09-19T00:08:17.102+0000] {logging_mixin.py:190} INFO - [2024-09-19T00:08:17.102+0000] {dag.py:3229} INFO - Sync 1 DAGs
[2024-09-19T00:08:17.134+0000] {logging_mixin.py:190} INFO - [2024-09-19T00:08:17.134+0000] {dag.py:4156} INFO - Setting next_dagrun for Bitcoin_ETL to 2024-09-19 00:00:00+00:00, run_after=2024-09-20 00:00:00+00:00
[2024-09-19T00:08:17.160+0000] {processor.py:208} INFO - Processing /opt/airflow/dags/API_Crypto_Extraction_modularizad.py took 0.601 seconds
[2024-09-19T00:08:47.361+0000] {processor.py:186} INFO - Started process (PID=1015) to work on /opt/airflow/dags/API_Crypto_Extraction_modularizad.py
[2024-09-19T00:08:47.362+0000] {processor.py:914} INFO - Processing file /opt/airflow/dags/API_Crypto_Extraction_modularizad.py for tasks to queue
[2024-09-19T00:08:47.364+0000] {logging_mixin.py:190} INFO - [2024-09-19T00:08:47.364+0000] {dagbag.py:587} INFO - Filling up the DagBag from /opt/airflow/dags/API_Crypto_Extraction_modularizad.py
[2024-09-19T00:08:47.744+0000] {processor.py:925} INFO - DAG(s) 'Bitcoin_ETL' retrieved from /opt/airflow/dags/API_Crypto_Extraction_modularizad.py
[2024-09-19T00:08:47.772+0000] {logging_mixin.py:190} INFO - [2024-09-19T00:08:47.771+0000] {dag.py:3229} INFO - Sync 1 DAGs
[2024-09-19T00:08:47.798+0000] {logging_mixin.py:190} INFO - [2024-09-19T00:08:47.798+0000] {dag.py:4156} INFO - Setting next_dagrun for Bitcoin_ETL to 2024-09-19 00:00:00+00:00, run_after=2024-09-20 00:00:00+00:00
[2024-09-19T00:08:47.819+0000] {processor.py:208} INFO - Processing /opt/airflow/dags/API_Crypto_Extraction_modularizad.py took 0.466 seconds
[2024-09-19T00:09:18.070+0000] {processor.py:186} INFO - Started process (PID=1023) to work on /opt/airflow/dags/API_Crypto_Extraction_modularizad.py
[2024-09-19T00:09:18.072+0000] {processor.py:914} INFO - Processing file /opt/airflow/dags/API_Crypto_Extraction_modularizad.py for tasks to queue
[2024-09-19T00:09:18.074+0000] {logging_mixin.py:190} INFO - [2024-09-19T00:09:18.073+0000] {dagbag.py:587} INFO - Filling up the DagBag from /opt/airflow/dags/API_Crypto_Extraction_modularizad.py
[2024-09-19T00:09:18.471+0000] {processor.py:925} INFO - DAG(s) 'Bitcoin_ETL' retrieved from /opt/airflow/dags/API_Crypto_Extraction_modularizad.py
[2024-09-19T00:09:18.503+0000] {logging_mixin.py:190} INFO - [2024-09-19T00:09:18.503+0000] {dag.py:3229} INFO - Sync 1 DAGs
[2024-09-19T00:09:18.534+0000] {logging_mixin.py:190} INFO - [2024-09-19T00:09:18.534+0000] {dag.py:4156} INFO - Setting next_dagrun for Bitcoin_ETL to 2024-09-19 00:00:00+00:00, run_after=2024-09-20 00:00:00+00:00
[2024-09-19T00:09:18.559+0000] {processor.py:208} INFO - Processing /opt/airflow/dags/API_Crypto_Extraction_modularizad.py took 0.497 seconds
[2024-09-19T00:31:00.686+0000] {processor.py:186} INFO - Started process (PID=64) to work on /opt/airflow/dags/API_Crypto_Extraction_modularizad.py
[2024-09-19T00:31:00.687+0000] {processor.py:914} INFO - Processing file /opt/airflow/dags/API_Crypto_Extraction_modularizad.py for tasks to queue
[2024-09-19T00:31:00.691+0000] {logging_mixin.py:190} INFO - [2024-09-19T00:31:00.689+0000] {dagbag.py:587} INFO - Filling up the DagBag from /opt/airflow/dags/API_Crypto_Extraction_modularizad.py
[2024-09-19T00:31:03.665+0000] {processor.py:925} INFO - DAG(s) 'Bitcoin_ETL' retrieved from /opt/airflow/dags/API_Crypto_Extraction_modularizad.py
[2024-09-19T00:31:03.979+0000] {logging_mixin.py:190} INFO - [2024-09-19T00:31:03.978+0000] {dag.py:3229} INFO - Sync 1 DAGs
[2024-09-19T00:31:04.011+0000] {logging_mixin.py:190} INFO - [2024-09-19T00:31:04.010+0000] {dag.py:4156} INFO - Setting next_dagrun for Bitcoin_ETL to 2024-09-19 00:00:00+00:00, run_after=2024-09-20 00:00:00+00:00
[2024-09-19T00:31:04.041+0000] {processor.py:208} INFO - Processing /opt/airflow/dags/API_Crypto_Extraction_modularizad.py took 3.379 seconds
[2024-09-19T00:31:34.299+0000] {processor.py:186} INFO - Started process (PID=82) to work on /opt/airflow/dags/API_Crypto_Extraction_modularizad.py
[2024-09-19T00:31:34.300+0000] {processor.py:914} INFO - Processing file /opt/airflow/dags/API_Crypto_Extraction_modularizad.py for tasks to queue
[2024-09-19T00:31:34.301+0000] {logging_mixin.py:190} INFO - [2024-09-19T00:31:34.301+0000] {dagbag.py:587} INFO - Filling up the DagBag from /opt/airflow/dags/API_Crypto_Extraction_modularizad.py
[2024-09-19T00:31:34.943+0000] {processor.py:925} INFO - DAG(s) 'Bitcoin_ETL' retrieved from /opt/airflow/dags/API_Crypto_Extraction_modularizad.py
[2024-09-19T00:31:34.970+0000] {logging_mixin.py:190} INFO - [2024-09-19T00:31:34.969+0000] {dag.py:3229} INFO - Sync 1 DAGs
[2024-09-19T00:31:34.997+0000] {logging_mixin.py:190} INFO - [2024-09-19T00:31:34.996+0000] {dag.py:4156} INFO - Setting next_dagrun for Bitcoin_ETL to 2024-09-19 00:00:00+00:00, run_after=2024-09-20 00:00:00+00:00
[2024-09-19T00:31:36.618+0000] {processor.py:208} INFO - Processing /opt/airflow/dags/API_Crypto_Extraction_modularizad.py took 2.327 seconds
[2024-09-19T00:32:05.515+0000] {processor.py:186} INFO - Started process (PID=90) to work on /opt/airflow/dags/API_Crypto_Extraction_modularizad.py
[2024-09-19T00:32:05.516+0000] {processor.py:914} INFO - Processing file /opt/airflow/dags/API_Crypto_Extraction_modularizad.py for tasks to queue
[2024-09-19T00:32:05.517+0000] {logging_mixin.py:190} INFO - [2024-09-19T00:32:05.517+0000] {dagbag.py:587} INFO - Filling up the DagBag from /opt/airflow/dags/API_Crypto_Extraction_modularizad.py
[2024-09-19T00:32:06.126+0000] {processor.py:925} INFO - DAG(s) 'Bitcoin_ETL' retrieved from /opt/airflow/dags/API_Crypto_Extraction_modularizad.py
[2024-09-19T00:32:06.152+0000] {logging_mixin.py:190} INFO - [2024-09-19T00:32:06.151+0000] {dag.py:3229} INFO - Sync 1 DAGs
[2024-09-19T00:32:06.180+0000] {logging_mixin.py:190} INFO - [2024-09-19T00:32:06.180+0000] {dag.py:4156} INFO - Setting next_dagrun for Bitcoin_ETL to 2024-09-19 00:00:00+00:00, run_after=2024-09-20 00:00:00+00:00
[2024-09-19T00:32:06.218+0000] {processor.py:208} INFO - Processing /opt/airflow/dags/API_Crypto_Extraction_modularizad.py took 0.710 seconds
[2024-09-19T00:32:36.468+0000] {processor.py:186} INFO - Started process (PID=98) to work on /opt/airflow/dags/API_Crypto_Extraction_modularizad.py
[2024-09-19T00:32:36.469+0000] {processor.py:914} INFO - Processing file /opt/airflow/dags/API_Crypto_Extraction_modularizad.py for tasks to queue
[2024-09-19T00:32:36.471+0000] {logging_mixin.py:190} INFO - [2024-09-19T00:32:36.470+0000] {dagbag.py:587} INFO - Filling up the DagBag from /opt/airflow/dags/API_Crypto_Extraction_modularizad.py
[2024-09-19T00:32:37.101+0000] {processor.py:925} INFO - DAG(s) 'Bitcoin_ETL' retrieved from /opt/airflow/dags/API_Crypto_Extraction_modularizad.py
[2024-09-19T00:32:37.130+0000] {logging_mixin.py:190} INFO - [2024-09-19T00:32:37.129+0000] {dag.py:3229} INFO - Sync 1 DAGs
[2024-09-19T00:32:37.158+0000] {logging_mixin.py:190} INFO - [2024-09-19T00:32:37.158+0000] {dag.py:4156} INFO - Setting next_dagrun for Bitcoin_ETL to 2024-09-19 00:00:00+00:00, run_after=2024-09-20 00:00:00+00:00
[2024-09-19T00:32:37.181+0000] {processor.py:208} INFO - Processing /opt/airflow/dags/API_Crypto_Extraction_modularizad.py took 0.721 seconds
[2024-09-19T00:33:07.284+0000] {processor.py:186} INFO - Started process (PID=106) to work on /opt/airflow/dags/API_Crypto_Extraction_modularizad.py
[2024-09-19T00:33:07.285+0000] {processor.py:914} INFO - Processing file /opt/airflow/dags/API_Crypto_Extraction_modularizad.py for tasks to queue
[2024-09-19T00:33:07.287+0000] {logging_mixin.py:190} INFO - [2024-09-19T00:33:07.287+0000] {dagbag.py:587} INFO - Filling up the DagBag from /opt/airflow/dags/API_Crypto_Extraction_modularizad.py
[2024-09-19T00:33:07.991+0000] {processor.py:925} INFO - DAG(s) 'Bitcoin_ETL' retrieved from /opt/airflow/dags/API_Crypto_Extraction_modularizad.py
[2024-09-19T00:33:08.017+0000] {logging_mixin.py:190} INFO - [2024-09-19T00:33:08.016+0000] {dag.py:3229} INFO - Sync 1 DAGs
[2024-09-19T00:33:08.045+0000] {logging_mixin.py:190} INFO - [2024-09-19T00:33:08.045+0000] {dag.py:4156} INFO - Setting next_dagrun for Bitcoin_ETL to 2024-09-19 00:00:00+00:00, run_after=2024-09-20 00:00:00+00:00
[2024-09-19T00:33:08.066+0000] {processor.py:208} INFO - Processing /opt/airflow/dags/API_Crypto_Extraction_modularizad.py took 0.795 seconds
[2024-09-19T00:35:04.623+0000] {processor.py:186} INFO - Started process (PID=71) to work on /opt/airflow/dags/API_Crypto_Extraction_modularizad.py
[2024-09-19T00:35:04.625+0000] {processor.py:914} INFO - Processing file /opt/airflow/dags/API_Crypto_Extraction_modularizad.py for tasks to queue
[2024-09-19T00:35:04.627+0000] {logging_mixin.py:190} INFO - [2024-09-19T00:35:04.627+0000] {dagbag.py:587} INFO - Filling up the DagBag from /opt/airflow/dags/API_Crypto_Extraction_modularizad.py
[2024-09-19T00:35:06.632+0000] {processor.py:925} INFO - DAG(s) 'Bitcoin_ETL' retrieved from /opt/airflow/dags/API_Crypto_Extraction_modularizad.py
[2024-09-19T00:35:06.683+0000] {logging_mixin.py:190} INFO - [2024-09-19T00:35:06.682+0000] {dag.py:3229} INFO - Sync 1 DAGs
[2024-09-19T00:35:06.713+0000] {logging_mixin.py:190} INFO - [2024-09-19T00:35:06.712+0000] {dag.py:4156} INFO - Setting next_dagrun for Bitcoin_ETL to 2024-09-19 00:00:00+00:00, run_after=2024-09-20 00:00:00+00:00
[2024-09-19T00:35:06.743+0000] {processor.py:208} INFO - Processing /opt/airflow/dags/API_Crypto_Extraction_modularizad.py took 2.130 seconds
[2024-09-19T00:35:36.893+0000] {processor.py:186} INFO - Started process (PID=79) to work on /opt/airflow/dags/API_Crypto_Extraction_modularizad.py
[2024-09-19T00:35:36.894+0000] {processor.py:914} INFO - Processing file /opt/airflow/dags/API_Crypto_Extraction_modularizad.py for tasks to queue
[2024-09-19T00:35:36.896+0000] {logging_mixin.py:190} INFO - [2024-09-19T00:35:36.896+0000] {dagbag.py:587} INFO - Filling up the DagBag from /opt/airflow/dags/API_Crypto_Extraction_modularizad.py
[2024-09-19T00:35:37.505+0000] {processor.py:925} INFO - DAG(s) 'Bitcoin_ETL' retrieved from /opt/airflow/dags/API_Crypto_Extraction_modularizad.py
[2024-09-19T00:35:37.532+0000] {logging_mixin.py:190} INFO - [2024-09-19T00:35:37.532+0000] {dag.py:3229} INFO - Sync 1 DAGs
[2024-09-19T00:35:37.562+0000] {logging_mixin.py:190} INFO - [2024-09-19T00:35:37.561+0000] {dag.py:4156} INFO - Setting next_dagrun for Bitcoin_ETL to 2024-09-19 00:00:00+00:00, run_after=2024-09-20 00:00:00+00:00
[2024-09-19T00:35:37.592+0000] {processor.py:208} INFO - Processing /opt/airflow/dags/API_Crypto_Extraction_modularizad.py took 0.708 seconds
[2024-09-19T00:36:07.858+0000] {processor.py:186} INFO - Started process (PID=87) to work on /opt/airflow/dags/API_Crypto_Extraction_modularizad.py
[2024-09-19T00:36:07.859+0000] {processor.py:914} INFO - Processing file /opt/airflow/dags/API_Crypto_Extraction_modularizad.py for tasks to queue
[2024-09-19T00:36:07.861+0000] {logging_mixin.py:190} INFO - [2024-09-19T00:36:07.861+0000] {dagbag.py:587} INFO - Filling up the DagBag from /opt/airflow/dags/API_Crypto_Extraction_modularizad.py
[2024-09-19T00:36:08.465+0000] {processor.py:925} INFO - DAG(s) 'Bitcoin_ETL' retrieved from /opt/airflow/dags/API_Crypto_Extraction_modularizad.py
[2024-09-19T00:36:08.494+0000] {logging_mixin.py:190} INFO - [2024-09-19T00:36:08.494+0000] {dag.py:3229} INFO - Sync 1 DAGs
[2024-09-19T00:36:08.520+0000] {logging_mixin.py:190} INFO - [2024-09-19T00:36:08.520+0000] {dag.py:4156} INFO - Setting next_dagrun for Bitcoin_ETL to 2024-09-19 00:00:00+00:00, run_after=2024-09-20 00:00:00+00:00
[2024-09-19T00:36:08.548+0000] {processor.py:208} INFO - Processing /opt/airflow/dags/API_Crypto_Extraction_modularizad.py took 0.700 seconds
[2024-09-19T00:36:38.810+0000] {processor.py:186} INFO - Started process (PID=95) to work on /opt/airflow/dags/API_Crypto_Extraction_modularizad.py
[2024-09-19T00:36:38.811+0000] {processor.py:914} INFO - Processing file /opt/airflow/dags/API_Crypto_Extraction_modularizad.py for tasks to queue
[2024-09-19T00:36:38.813+0000] {logging_mixin.py:190} INFO - [2024-09-19T00:36:38.813+0000] {dagbag.py:587} INFO - Filling up the DagBag from /opt/airflow/dags/API_Crypto_Extraction_modularizad.py
[2024-09-19T00:36:39.393+0000] {processor.py:925} INFO - DAG(s) 'Bitcoin_ETL' retrieved from /opt/airflow/dags/API_Crypto_Extraction_modularizad.py
[2024-09-19T00:36:39.420+0000] {logging_mixin.py:190} INFO - [2024-09-19T00:36:39.420+0000] {dag.py:3229} INFO - Sync 1 DAGs
[2024-09-19T00:36:39.446+0000] {logging_mixin.py:190} INFO - [2024-09-19T00:36:39.446+0000] {dag.py:4156} INFO - Setting next_dagrun for Bitcoin_ETL to 2024-09-19 00:00:00+00:00, run_after=2024-09-20 00:00:00+00:00
[2024-09-19T00:36:39.469+0000] {processor.py:208} INFO - Processing /opt/airflow/dags/API_Crypto_Extraction_modularizad.py took 0.669 seconds
[2024-09-19T00:37:09.592+0000] {processor.py:186} INFO - Started process (PID=103) to work on /opt/airflow/dags/API_Crypto_Extraction_modularizad.py
[2024-09-19T00:37:09.592+0000] {processor.py:914} INFO - Processing file /opt/airflow/dags/API_Crypto_Extraction_modularizad.py for tasks to queue
[2024-09-19T00:37:09.594+0000] {logging_mixin.py:190} INFO - [2024-09-19T00:37:09.594+0000] {dagbag.py:587} INFO - Filling up the DagBag from /opt/airflow/dags/API_Crypto_Extraction_modularizad.py
[2024-09-19T00:37:10.154+0000] {processor.py:925} INFO - DAG(s) 'Bitcoin_ETL' retrieved from /opt/airflow/dags/API_Crypto_Extraction_modularizad.py
[2024-09-19T00:37:10.180+0000] {logging_mixin.py:190} INFO - [2024-09-19T00:37:10.180+0000] {dag.py:3229} INFO - Sync 1 DAGs
[2024-09-19T00:37:10.205+0000] {logging_mixin.py:190} INFO - [2024-09-19T00:37:10.205+0000] {dag.py:4156} INFO - Setting next_dagrun for Bitcoin_ETL to 2024-09-19 00:00:00+00:00, run_after=2024-09-20 00:00:00+00:00
[2024-09-19T00:37:10.226+0000] {processor.py:208} INFO - Processing /opt/airflow/dags/API_Crypto_Extraction_modularizad.py took 0.643 seconds
[2024-09-19T00:37:40.468+0000] {processor.py:186} INFO - Started process (PID=111) to work on /opt/airflow/dags/API_Crypto_Extraction_modularizad.py
[2024-09-19T00:37:40.469+0000] {processor.py:914} INFO - Processing file /opt/airflow/dags/API_Crypto_Extraction_modularizad.py for tasks to queue
[2024-09-19T00:37:40.471+0000] {logging_mixin.py:190} INFO - [2024-09-19T00:37:40.471+0000] {dagbag.py:587} INFO - Filling up the DagBag from /opt/airflow/dags/API_Crypto_Extraction_modularizad.py
[2024-09-19T00:37:41.031+0000] {processor.py:925} INFO - DAG(s) 'Bitcoin_ETL' retrieved from /opt/airflow/dags/API_Crypto_Extraction_modularizad.py
[2024-09-19T00:37:41.057+0000] {logging_mixin.py:190} INFO - [2024-09-19T00:37:41.056+0000] {dag.py:3229} INFO - Sync 1 DAGs
[2024-09-19T00:37:41.083+0000] {logging_mixin.py:190} INFO - [2024-09-19T00:37:41.083+0000] {dag.py:4156} INFO - Setting next_dagrun for Bitcoin_ETL to 2024-09-19 00:00:00+00:00, run_after=2024-09-20 00:00:00+00:00
[2024-09-19T00:37:41.103+0000] {processor.py:208} INFO - Processing /opt/airflow/dags/API_Crypto_Extraction_modularizad.py took 0.641 seconds
[2024-09-19T00:38:11.336+0000] {processor.py:186} INFO - Started process (PID=119) to work on /opt/airflow/dags/API_Crypto_Extraction_modularizad.py
[2024-09-19T00:38:11.337+0000] {processor.py:914} INFO - Processing file /opt/airflow/dags/API_Crypto_Extraction_modularizad.py for tasks to queue
[2024-09-19T00:38:11.339+0000] {logging_mixin.py:190} INFO - [2024-09-19T00:38:11.338+0000] {dagbag.py:587} INFO - Filling up the DagBag from /opt/airflow/dags/API_Crypto_Extraction_modularizad.py
[2024-09-19T00:38:11.922+0000] {processor.py:925} INFO - DAG(s) 'Bitcoin_ETL' retrieved from /opt/airflow/dags/API_Crypto_Extraction_modularizad.py
[2024-09-19T00:38:11.950+0000] {logging_mixin.py:190} INFO - [2024-09-19T00:38:11.949+0000] {dag.py:3229} INFO - Sync 1 DAGs
[2024-09-19T00:38:11.976+0000] {logging_mixin.py:190} INFO - [2024-09-19T00:38:11.975+0000] {dag.py:4156} INFO - Setting next_dagrun for Bitcoin_ETL to 2024-09-19 00:00:00+00:00, run_after=2024-09-20 00:00:00+00:00
[2024-09-19T00:38:11.997+0000] {processor.py:208} INFO - Processing /opt/airflow/dags/API_Crypto_Extraction_modularizad.py took 0.668 seconds
[2024-09-19T00:38:25.914+0000] {processor.py:186} INFO - Started process (PID=121) to work on /opt/airflow/dags/API_Crypto_Extraction_modularizad.py
[2024-09-19T00:38:25.915+0000] {processor.py:914} INFO - Processing file /opt/airflow/dags/API_Crypto_Extraction_modularizad.py for tasks to queue
[2024-09-19T00:38:25.917+0000] {logging_mixin.py:190} INFO - [2024-09-19T00:38:25.917+0000] {dagbag.py:587} INFO - Filling up the DagBag from /opt/airflow/dags/API_Crypto_Extraction_modularizad.py
[2024-09-19T00:38:26.503+0000] {processor.py:925} INFO - DAG(s) 'Bitcoin_ETL' retrieved from /opt/airflow/dags/API_Crypto_Extraction_modularizad.py
[2024-09-19T00:38:26.525+0000] {logging_mixin.py:190} INFO - [2024-09-19T00:38:26.524+0000] {taskinstance.py:3312} ERROR - {'DAG Id': 'Bitcoin_ETL', 'Task Id': 'extraer_data', 'Run Id': 'manual__2024-09-19T00:32:09.299392+00:00', 'Hostname': '6e7de3e5a10a', 'External Executor Id': 'de483a86-1434-4cf8-aa13-6c2842944f32'}
[2024-09-19T00:38:26.560+0000] {logging_mixin.py:190} INFO - [2024-09-19T00:38:26.559+0000] {taskinstance.py:1225} INFO - Marking task as UP_FOR_RETRY. dag_id=Bitcoin_ETL, task_id=extraer_data, run_id=manual__2024-09-19T00:32:09.299392+00:00, execution_date=20240919T003209, start_date=20240919T003211, end_date=20240919T003826
[2024-09-19T00:38:26.592+0000] {logging_mixin.py:190} WARNING - /home/airflow/.local/lib/python3.12/site-packages/airflow/utils/email.py:155 RemovedInAirflow3Warning: Fetching SMTP credentials from configuration variables will be deprecated in a future release. Please set credentials using a connection instead.
[2024-09-19T00:38:26.593+0000] {logging_mixin.py:190} INFO - [2024-09-19T00:38:26.593+0000] {email.py:272} INFO - Email alerting: attempt 1
[2024-09-19T00:38:27.524+0000] {logging_mixin.py:190} INFO - [2024-09-19T00:38:27.524+0000] {email.py:272} INFO - Email alerting: attempt 1
[2024-09-19T00:38:27.897+0000] {logging_mixin.py:190} INFO - [2024-09-19T00:38:27.895+0000] {taskinstance.py:1234} ERROR - Failed to send email to: ['nicolas.rivas@taligent.com.ar']
Traceback (most recent call last):
  File "/home/airflow/.local/lib/python3.12/site-packages/airflow/models/taskinstance.py", line 1442, in _email_alert
    send_email(task.email, subject, html_content)
  File "/home/airflow/.local/lib/python3.12/site-packages/airflow/utils/email.py", line 80, in send_email
    return backend(
           ^^^^^^^^
  File "/home/airflow/.local/lib/python3.12/site-packages/airflow/utils/email.py", line 155, in send_email_smtp
    send_mime_email(e_from=mail_from, e_to=recipients, mime_msg=msg, conn_id=conn_id, dryrun=dryrun)
  File "/home/airflow/.local/lib/python3.12/site-packages/airflow/utils/email.py", line 282, in send_mime_email
    smtp_conn.login(smtp_user, smtp_password)
  File "/usr/local/lib/python3.12/smtplib.py", line 716, in login
    raise SMTPNotSupportedError(
smtplib.SMTPNotSupportedError: SMTP AUTH extension not supported by server.

During handling of the above exception, another exception occurred:

Traceback (most recent call last):
  File "/home/airflow/.local/lib/python3.12/site-packages/airflow/models/taskinstance.py", line 1232, in _handle_failure
    task_instance.email_alert(error, failure_context["task"])
  File "/home/airflow/.local/lib/python3.12/site-packages/airflow/models/taskinstance.py", line 3604, in email_alert
    _email_alert(task_instance=self, exception=exception, task=task)
  File "/home/airflow/.local/lib/python3.12/site-packages/airflow/models/taskinstance.py", line 1444, in _email_alert
    send_email(task.email, subject, html_content_err)
  File "/home/airflow/.local/lib/python3.12/site-packages/airflow/utils/email.py", line 80, in send_email
    return backend(
           ^^^^^^^^
  File "/home/airflow/.local/lib/python3.12/site-packages/airflow/utils/email.py", line 155, in send_email_smtp
    send_mime_email(e_from=mail_from, e_to=recipients, mime_msg=msg, conn_id=conn_id, dryrun=dryrun)
  File "/home/airflow/.local/lib/python3.12/site-packages/airflow/utils/email.py", line 282, in send_mime_email
    smtp_conn.login(smtp_user, smtp_password)
  File "/usr/local/lib/python3.12/smtplib.py", line 716, in login
    raise SMTPNotSupportedError(
smtplib.SMTPNotSupportedError: SMTP AUTH extension not supported by server.
[2024-09-19T00:38:27.923+0000] {logging_mixin.py:190} INFO - [2024-09-19T00:38:27.923+0000] {processor.py:876} INFO - Executed callback for <TaskInstance: Bitcoin_ETL.extraer_data manual__2024-09-19T00:32:09.299392+00:00 [up_for_retry]> in state up_for_retry
[2024-09-19T00:38:27.939+0000] {logging_mixin.py:190} INFO - [2024-09-19T00:38:27.938+0000] {dag.py:3229} INFO - Sync 1 DAGs
[2024-09-19T00:38:27.964+0000] {logging_mixin.py:190} INFO - [2024-09-19T00:38:27.963+0000] {dag.py:4156} INFO - Setting next_dagrun for Bitcoin_ETL to 2024-09-19 00:00:00+00:00, run_after=2024-09-20 00:00:00+00:00
[2024-09-19T00:38:27.984+0000] {processor.py:208} INFO - Processing /opt/airflow/dags/API_Crypto_Extraction_modularizad.py took 2.078 seconds
[2024-09-19T00:38:58.136+0000] {processor.py:186} INFO - Started process (PID=129) to work on /opt/airflow/dags/API_Crypto_Extraction_modularizad.py
[2024-09-19T00:38:58.137+0000] {processor.py:914} INFO - Processing file /opt/airflow/dags/API_Crypto_Extraction_modularizad.py for tasks to queue
[2024-09-19T00:38:58.139+0000] {logging_mixin.py:190} INFO - [2024-09-19T00:38:58.138+0000] {dagbag.py:587} INFO - Filling up the DagBag from /opt/airflow/dags/API_Crypto_Extraction_modularizad.py
[2024-09-19T00:38:58.722+0000] {processor.py:925} INFO - DAG(s) 'Bitcoin_ETL' retrieved from /opt/airflow/dags/API_Crypto_Extraction_modularizad.py
[2024-09-19T00:38:58.751+0000] {logging_mixin.py:190} INFO - [2024-09-19T00:38:58.751+0000] {dag.py:3229} INFO - Sync 1 DAGs
[2024-09-19T00:38:58.782+0000] {logging_mixin.py:190} INFO - [2024-09-19T00:38:58.782+0000] {dag.py:4156} INFO - Setting next_dagrun for Bitcoin_ETL to 2024-09-19 00:00:00+00:00, run_after=2024-09-20 00:00:00+00:00
[2024-09-19T00:38:58.806+0000] {processor.py:208} INFO - Processing /opt/airflow/dags/API_Crypto_Extraction_modularizad.py took 0.677 seconds
[2024-09-19T00:41:34.424+0000] {processor.py:186} INFO - Started process (PID=64) to work on /opt/airflow/dags/API_Crypto_Extraction_modularizad.py
[2024-09-19T00:41:34.425+0000] {processor.py:914} INFO - Processing file /opt/airflow/dags/API_Crypto_Extraction_modularizad.py for tasks to queue
[2024-09-19T00:41:34.427+0000] {logging_mixin.py:190} INFO - [2024-09-19T00:41:34.426+0000] {dagbag.py:587} INFO - Filling up the DagBag from /opt/airflow/dags/API_Crypto_Extraction_modularizad.py
[2024-09-19T00:41:36.538+0000] {processor.py:925} INFO - DAG(s) 'Bitcoin_ETL' retrieved from /opt/airflow/dags/API_Crypto_Extraction_modularizad.py
[2024-09-19T00:41:36.581+0000] {logging_mixin.py:190} INFO - [2024-09-19T00:41:36.580+0000] {dag.py:3229} INFO - Sync 1 DAGs
[2024-09-19T00:41:36.613+0000] {logging_mixin.py:190} INFO - [2024-09-19T00:41:36.613+0000] {dag.py:4156} INFO - Setting next_dagrun for Bitcoin_ETL to 2024-09-19 00:00:00+00:00, run_after=2024-09-20 00:00:00+00:00
[2024-09-19T00:41:36.644+0000] {processor.py:208} INFO - Processing /opt/airflow/dags/API_Crypto_Extraction_modularizad.py took 2.230 seconds
[2024-09-19T00:42:06.900+0000] {processor.py:186} INFO - Started process (PID=78) to work on /opt/airflow/dags/API_Crypto_Extraction_modularizad.py
[2024-09-19T00:42:06.901+0000] {processor.py:914} INFO - Processing file /opt/airflow/dags/API_Crypto_Extraction_modularizad.py for tasks to queue
[2024-09-19T00:42:06.903+0000] {logging_mixin.py:190} INFO - [2024-09-19T00:42:06.903+0000] {dagbag.py:587} INFO - Filling up the DagBag from /opt/airflow/dags/API_Crypto_Extraction_modularizad.py
[2024-09-19T00:42:07.621+0000] {processor.py:925} INFO - DAG(s) 'Bitcoin_ETL' retrieved from /opt/airflow/dags/API_Crypto_Extraction_modularizad.py
[2024-09-19T00:42:07.648+0000] {logging_mixin.py:190} INFO - [2024-09-19T00:42:07.647+0000] {dag.py:3229} INFO - Sync 1 DAGs
[2024-09-19T00:42:07.678+0000] {logging_mixin.py:190} INFO - [2024-09-19T00:42:07.678+0000] {dag.py:4156} INFO - Setting next_dagrun for Bitcoin_ETL to 2024-09-19 00:00:00+00:00, run_after=2024-09-20 00:00:00+00:00
[2024-09-19T00:42:07.701+0000] {processor.py:208} INFO - Processing /opt/airflow/dags/API_Crypto_Extraction_modularizad.py took 0.811 seconds
[2024-09-19T00:44:05.259+0000] {processor.py:186} INFO - Started process (PID=66) to work on /opt/airflow/dags/API_Crypto_Extraction_modularizad.py
[2024-09-19T00:44:05.260+0000] {processor.py:914} INFO - Processing file /opt/airflow/dags/API_Crypto_Extraction_modularizad.py for tasks to queue
[2024-09-19T00:44:05.262+0000] {logging_mixin.py:190} INFO - [2024-09-19T00:44:05.262+0000] {dagbag.py:587} INFO - Filling up the DagBag from /opt/airflow/dags/API_Crypto_Extraction_modularizad.py
[2024-09-19T00:44:07.321+0000] {processor.py:925} INFO - DAG(s) 'Bitcoin_ETL' retrieved from /opt/airflow/dags/API_Crypto_Extraction_modularizad.py
[2024-09-19T00:44:07.365+0000] {logging_mixin.py:190} INFO - [2024-09-19T00:44:07.364+0000] {dag.py:3229} INFO - Sync 1 DAGs
[2024-09-19T00:44:07.404+0000] {logging_mixin.py:190} INFO - [2024-09-19T00:44:07.404+0000] {dag.py:4156} INFO - Setting next_dagrun for Bitcoin_ETL to 2024-09-19 00:00:00+00:00, run_after=2024-09-20 00:00:00+00:00
[2024-09-19T00:44:07.435+0000] {processor.py:208} INFO - Processing /opt/airflow/dags/API_Crypto_Extraction_modularizad.py took 2.186 seconds
[2024-09-19T00:44:37.514+0000] {processor.py:186} INFO - Started process (PID=80) to work on /opt/airflow/dags/API_Crypto_Extraction_modularizad.py
[2024-09-19T00:44:37.515+0000] {processor.py:914} INFO - Processing file /opt/airflow/dags/API_Crypto_Extraction_modularizad.py for tasks to queue
[2024-09-19T00:44:37.516+0000] {logging_mixin.py:190} INFO - [2024-09-19T00:44:37.516+0000] {dagbag.py:587} INFO - Filling up the DagBag from /opt/airflow/dags/API_Crypto_Extraction_modularizad.py
[2024-09-19T00:44:38.069+0000] {processor.py:925} INFO - DAG(s) 'Bitcoin_ETL' retrieved from /opt/airflow/dags/API_Crypto_Extraction_modularizad.py
[2024-09-19T00:44:38.095+0000] {logging_mixin.py:190} INFO - [2024-09-19T00:44:38.094+0000] {dag.py:3229} INFO - Sync 1 DAGs
[2024-09-19T00:44:38.120+0000] {logging_mixin.py:190} INFO - [2024-09-19T00:44:38.119+0000] {dag.py:4156} INFO - Setting next_dagrun for Bitcoin_ETL to 2024-09-19 00:00:00+00:00, run_after=2024-09-20 00:00:00+00:00
[2024-09-19T00:44:38.140+0000] {processor.py:208} INFO - Processing /opt/airflow/dags/API_Crypto_Extraction_modularizad.py took 0.634 seconds
[2024-09-19T00:45:08.396+0000] {processor.py:186} INFO - Started process (PID=88) to work on /opt/airflow/dags/API_Crypto_Extraction_modularizad.py
[2024-09-19T00:45:08.397+0000] {processor.py:914} INFO - Processing file /opt/airflow/dags/API_Crypto_Extraction_modularizad.py for tasks to queue
[2024-09-19T00:45:08.399+0000] {logging_mixin.py:190} INFO - [2024-09-19T00:45:08.398+0000] {dagbag.py:587} INFO - Filling up the DagBag from /opt/airflow/dags/API_Crypto_Extraction_modularizad.py
[2024-09-19T00:45:08.937+0000] {processor.py:925} INFO - DAG(s) 'Bitcoin_ETL' retrieved from /opt/airflow/dags/API_Crypto_Extraction_modularizad.py
[2024-09-19T00:45:08.970+0000] {logging_mixin.py:190} INFO - [2024-09-19T00:45:08.969+0000] {dag.py:3229} INFO - Sync 1 DAGs
[2024-09-19T00:45:08.997+0000] {logging_mixin.py:190} INFO - [2024-09-19T00:45:08.997+0000] {dag.py:4156} INFO - Setting next_dagrun for Bitcoin_ETL to 2024-09-19 00:00:00+00:00, run_after=2024-09-20 00:00:00+00:00
[2024-09-19T00:45:09.018+0000] {processor.py:208} INFO - Processing /opt/airflow/dags/API_Crypto_Extraction_modularizad.py took 0.630 seconds
[2024-09-19T00:45:39.089+0000] {processor.py:186} INFO - Started process (PID=96) to work on /opt/airflow/dags/API_Crypto_Extraction_modularizad.py
[2024-09-19T00:45:39.090+0000] {processor.py:914} INFO - Processing file /opt/airflow/dags/API_Crypto_Extraction_modularizad.py for tasks to queue
[2024-09-19T00:45:39.092+0000] {logging_mixin.py:190} INFO - [2024-09-19T00:45:39.092+0000] {dagbag.py:587} INFO - Filling up the DagBag from /opt/airflow/dags/API_Crypto_Extraction_modularizad.py
[2024-09-19T00:45:39.648+0000] {processor.py:925} INFO - DAG(s) 'Bitcoin_ETL' retrieved from /opt/airflow/dags/API_Crypto_Extraction_modularizad.py
[2024-09-19T00:45:39.676+0000] {logging_mixin.py:190} INFO - [2024-09-19T00:45:39.676+0000] {dag.py:3229} INFO - Sync 1 DAGs
[2024-09-19T00:45:39.704+0000] {logging_mixin.py:190} INFO - [2024-09-19T00:45:39.703+0000] {dag.py:4156} INFO - Setting next_dagrun for Bitcoin_ETL to 2024-09-19 00:00:00+00:00, run_after=2024-09-20 00:00:00+00:00
[2024-09-19T00:45:39.724+0000] {processor.py:208} INFO - Processing /opt/airflow/dags/API_Crypto_Extraction_modularizad.py took 0.644 seconds
[2024-09-19T00:46:09.989+0000] {processor.py:186} INFO - Started process (PID=104) to work on /opt/airflow/dags/API_Crypto_Extraction_modularizad.py
[2024-09-19T00:46:09.990+0000] {processor.py:914} INFO - Processing file /opt/airflow/dags/API_Crypto_Extraction_modularizad.py for tasks to queue
[2024-09-19T00:46:09.992+0000] {logging_mixin.py:190} INFO - [2024-09-19T00:46:09.992+0000] {dagbag.py:587} INFO - Filling up the DagBag from /opt/airflow/dags/API_Crypto_Extraction_modularizad.py
[2024-09-19T00:46:10.625+0000] {processor.py:925} INFO - DAG(s) 'Bitcoin_ETL' retrieved from /opt/airflow/dags/API_Crypto_Extraction_modularizad.py
[2024-09-19T00:46:10.655+0000] {logging_mixin.py:190} INFO - [2024-09-19T00:46:10.654+0000] {dag.py:3229} INFO - Sync 1 DAGs
[2024-09-19T00:46:10.684+0000] {logging_mixin.py:190} INFO - [2024-09-19T00:46:10.684+0000] {dag.py:4156} INFO - Setting next_dagrun for Bitcoin_ETL to 2024-09-19 00:00:00+00:00, run_after=2024-09-20 00:00:00+00:00
[2024-09-19T00:46:10.713+0000] {processor.py:208} INFO - Processing /opt/airflow/dags/API_Crypto_Extraction_modularizad.py took 0.735 seconds
[2024-09-19T00:46:40.962+0000] {processor.py:186} INFO - Started process (PID=112) to work on /opt/airflow/dags/API_Crypto_Extraction_modularizad.py
[2024-09-19T00:46:40.963+0000] {processor.py:914} INFO - Processing file /opt/airflow/dags/API_Crypto_Extraction_modularizad.py for tasks to queue
[2024-09-19T00:46:40.965+0000] {logging_mixin.py:190} INFO - [2024-09-19T00:46:40.964+0000] {dagbag.py:587} INFO - Filling up the DagBag from /opt/airflow/dags/API_Crypto_Extraction_modularizad.py
[2024-09-19T00:46:41.500+0000] {processor.py:925} INFO - DAG(s) 'Bitcoin_ETL' retrieved from /opt/airflow/dags/API_Crypto_Extraction_modularizad.py
[2024-09-19T00:46:41.526+0000] {logging_mixin.py:190} INFO - [2024-09-19T00:46:41.525+0000] {dag.py:3229} INFO - Sync 1 DAGs
[2024-09-19T00:46:41.553+0000] {logging_mixin.py:190} INFO - [2024-09-19T00:46:41.553+0000] {dag.py:4156} INFO - Setting next_dagrun for Bitcoin_ETL to 2024-09-19 00:00:00+00:00, run_after=2024-09-20 00:00:00+00:00
[2024-09-19T00:46:41.576+0000] {processor.py:208} INFO - Processing /opt/airflow/dags/API_Crypto_Extraction_modularizad.py took 0.621 seconds
[2024-09-19T00:47:11.840+0000] {processor.py:186} INFO - Started process (PID=120) to work on /opt/airflow/dags/API_Crypto_Extraction_modularizad.py
[2024-09-19T00:47:11.841+0000] {processor.py:914} INFO - Processing file /opt/airflow/dags/API_Crypto_Extraction_modularizad.py for tasks to queue
[2024-09-19T00:47:11.843+0000] {logging_mixin.py:190} INFO - [2024-09-19T00:47:11.843+0000] {dagbag.py:587} INFO - Filling up the DagBag from /opt/airflow/dags/API_Crypto_Extraction_modularizad.py
[2024-09-19T00:47:12.392+0000] {processor.py:925} INFO - DAG(s) 'Bitcoin_ETL' retrieved from /opt/airflow/dags/API_Crypto_Extraction_modularizad.py
[2024-09-19T00:47:12.423+0000] {logging_mixin.py:190} INFO - [2024-09-19T00:47:12.422+0000] {dag.py:3229} INFO - Sync 1 DAGs
[2024-09-19T00:47:12.454+0000] {logging_mixin.py:190} INFO - [2024-09-19T00:47:12.454+0000] {dag.py:4156} INFO - Setting next_dagrun for Bitcoin_ETL to 2024-09-19 00:00:00+00:00, run_after=2024-09-20 00:00:00+00:00
[2024-09-19T00:47:12.476+0000] {processor.py:208} INFO - Processing /opt/airflow/dags/API_Crypto_Extraction_modularizad.py took 0.643 seconds
[2024-09-19T00:47:42.736+0000] {processor.py:186} INFO - Started process (PID=128) to work on /opt/airflow/dags/API_Crypto_Extraction_modularizad.py
[2024-09-19T00:47:42.737+0000] {processor.py:914} INFO - Processing file /opt/airflow/dags/API_Crypto_Extraction_modularizad.py for tasks to queue
[2024-09-19T00:47:42.739+0000] {logging_mixin.py:190} INFO - [2024-09-19T00:47:42.739+0000] {dagbag.py:587} INFO - Filling up the DagBag from /opt/airflow/dags/API_Crypto_Extraction_modularizad.py
[2024-09-19T00:47:43.261+0000] {processor.py:925} INFO - DAG(s) 'Bitcoin_ETL' retrieved from /opt/airflow/dags/API_Crypto_Extraction_modularizad.py
[2024-09-19T00:47:43.286+0000] {logging_mixin.py:190} INFO - [2024-09-19T00:47:43.285+0000] {dag.py:3229} INFO - Sync 1 DAGs
[2024-09-19T00:47:43.324+0000] {logging_mixin.py:190} INFO - [2024-09-19T00:47:43.324+0000] {dag.py:4156} INFO - Setting next_dagrun for Bitcoin_ETL to 2024-09-19 00:00:00+00:00, run_after=2024-09-20 00:00:00+00:00
[2024-09-19T00:47:43.381+0000] {processor.py:208} INFO - Processing /opt/airflow/dags/API_Crypto_Extraction_modularizad.py took 0.654 seconds
[2024-09-19T00:48:13.601+0000] {processor.py:186} INFO - Started process (PID=136) to work on /opt/airflow/dags/API_Crypto_Extraction_modularizad.py
[2024-09-19T00:48:13.602+0000] {processor.py:914} INFO - Processing file /opt/airflow/dags/API_Crypto_Extraction_modularizad.py for tasks to queue
[2024-09-19T00:48:13.603+0000] {logging_mixin.py:190} INFO - [2024-09-19T00:48:13.603+0000] {dagbag.py:587} INFO - Filling up the DagBag from /opt/airflow/dags/API_Crypto_Extraction_modularizad.py
[2024-09-19T00:48:14.103+0000] {processor.py:925} INFO - DAG(s) 'Bitcoin_ETL' retrieved from /opt/airflow/dags/API_Crypto_Extraction_modularizad.py
[2024-09-19T00:48:14.128+0000] {logging_mixin.py:190} INFO - [2024-09-19T00:48:14.127+0000] {dag.py:3229} INFO - Sync 1 DAGs
[2024-09-19T00:48:14.153+0000] {logging_mixin.py:190} INFO - [2024-09-19T00:48:14.153+0000] {dag.py:4156} INFO - Setting next_dagrun for Bitcoin_ETL to 2024-09-19 00:00:00+00:00, run_after=2024-09-20 00:00:00+00:00
[2024-09-19T00:48:14.175+0000] {processor.py:208} INFO - Processing /opt/airflow/dags/API_Crypto_Extraction_modularizad.py took 0.582 seconds
[2024-09-19T00:48:44.432+0000] {processor.py:186} INFO - Started process (PID=144) to work on /opt/airflow/dags/API_Crypto_Extraction_modularizad.py
[2024-09-19T00:48:44.433+0000] {processor.py:914} INFO - Processing file /opt/airflow/dags/API_Crypto_Extraction_modularizad.py for tasks to queue
[2024-09-19T00:48:44.435+0000] {logging_mixin.py:190} INFO - [2024-09-19T00:48:44.434+0000] {dagbag.py:587} INFO - Filling up the DagBag from /opt/airflow/dags/API_Crypto_Extraction_modularizad.py
[2024-09-19T00:48:45.044+0000] {processor.py:925} INFO - DAG(s) 'Bitcoin_ETL' retrieved from /opt/airflow/dags/API_Crypto_Extraction_modularizad.py
[2024-09-19T00:48:45.069+0000] {logging_mixin.py:190} INFO - [2024-09-19T00:48:45.069+0000] {dag.py:3229} INFO - Sync 1 DAGs
[2024-09-19T00:48:45.097+0000] {logging_mixin.py:190} INFO - [2024-09-19T00:48:45.097+0000] {dag.py:4156} INFO - Setting next_dagrun for Bitcoin_ETL to 2024-09-19 00:00:00+00:00, run_after=2024-09-20 00:00:00+00:00
[2024-09-19T00:48:45.120+0000] {processor.py:208} INFO - Processing /opt/airflow/dags/API_Crypto_Extraction_modularizad.py took 0.697 seconds
[2024-09-19T00:49:15.444+0000] {processor.py:186} INFO - Started process (PID=152) to work on /opt/airflow/dags/API_Crypto_Extraction_modularizad.py
[2024-09-19T00:49:15.445+0000] {processor.py:914} INFO - Processing file /opt/airflow/dags/API_Crypto_Extraction_modularizad.py for tasks to queue
[2024-09-19T00:49:15.446+0000] {logging_mixin.py:190} INFO - [2024-09-19T00:49:15.446+0000] {dagbag.py:587} INFO - Filling up the DagBag from /opt/airflow/dags/API_Crypto_Extraction_modularizad.py
[2024-09-19T00:49:16.023+0000] {processor.py:925} INFO - DAG(s) 'Bitcoin_ETL' retrieved from /opt/airflow/dags/API_Crypto_Extraction_modularizad.py
[2024-09-19T00:49:16.047+0000] {logging_mixin.py:190} INFO - [2024-09-19T00:49:16.046+0000] {dag.py:3229} INFO - Sync 1 DAGs
[2024-09-19T00:49:16.073+0000] {logging_mixin.py:190} INFO - [2024-09-19T00:49:16.072+0000] {dag.py:4156} INFO - Setting next_dagrun for Bitcoin_ETL to 2024-09-19 00:00:00+00:00, run_after=2024-09-20 00:00:00+00:00
[2024-09-19T00:49:16.095+0000] {processor.py:208} INFO - Processing /opt/airflow/dags/API_Crypto_Extraction_modularizad.py took 0.661 seconds
[2024-09-19T00:49:46.233+0000] {processor.py:186} INFO - Started process (PID=160) to work on /opt/airflow/dags/API_Crypto_Extraction_modularizad.py
[2024-09-19T00:49:46.234+0000] {processor.py:914} INFO - Processing file /opt/airflow/dags/API_Crypto_Extraction_modularizad.py for tasks to queue
[2024-09-19T00:49:46.235+0000] {logging_mixin.py:190} INFO - [2024-09-19T00:49:46.235+0000] {dagbag.py:587} INFO - Filling up the DagBag from /opt/airflow/dags/API_Crypto_Extraction_modularizad.py
[2024-09-19T00:49:46.756+0000] {processor.py:925} INFO - DAG(s) 'Bitcoin_ETL' retrieved from /opt/airflow/dags/API_Crypto_Extraction_modularizad.py
[2024-09-19T00:49:46.781+0000] {logging_mixin.py:190} INFO - [2024-09-19T00:49:46.780+0000] {dag.py:3229} INFO - Sync 1 DAGs
[2024-09-19T00:49:46.808+0000] {logging_mixin.py:190} INFO - [2024-09-19T00:49:46.808+0000] {dag.py:4156} INFO - Setting next_dagrun for Bitcoin_ETL to 2024-09-19 00:00:00+00:00, run_after=2024-09-20 00:00:00+00:00
[2024-09-19T00:49:46.827+0000] {processor.py:208} INFO - Processing /opt/airflow/dags/API_Crypto_Extraction_modularizad.py took 0.602 seconds
[2024-09-19T00:50:17.075+0000] {processor.py:186} INFO - Started process (PID=168) to work on /opt/airflow/dags/API_Crypto_Extraction_modularizad.py
[2024-09-19T00:50:17.076+0000] {processor.py:914} INFO - Processing file /opt/airflow/dags/API_Crypto_Extraction_modularizad.py for tasks to queue
[2024-09-19T00:50:17.079+0000] {logging_mixin.py:190} INFO - [2024-09-19T00:50:17.078+0000] {dagbag.py:587} INFO - Filling up the DagBag from /opt/airflow/dags/API_Crypto_Extraction_modularizad.py
[2024-09-19T00:50:17.678+0000] {processor.py:925} INFO - DAG(s) 'Bitcoin_ETL' retrieved from /opt/airflow/dags/API_Crypto_Extraction_modularizad.py
[2024-09-19T00:50:17.724+0000] {logging_mixin.py:190} INFO - [2024-09-19T00:50:17.723+0000] {dag.py:3229} INFO - Sync 1 DAGs
[2024-09-19T00:50:17.760+0000] {logging_mixin.py:190} INFO - [2024-09-19T00:50:17.759+0000] {dag.py:4156} INFO - Setting next_dagrun for Bitcoin_ETL to 2024-09-19 00:00:00+00:00, run_after=2024-09-20 00:00:00+00:00
[2024-09-19T00:50:17.786+0000] {processor.py:208} INFO - Processing /opt/airflow/dags/API_Crypto_Extraction_modularizad.py took 0.718 seconds
[2024-09-19T00:51:50.962+0000] {processor.py:186} INFO - Started process (PID=63) to work on /opt/airflow/dags/API_Crypto_Extraction_modularizad.py
[2024-09-19T00:51:50.963+0000] {processor.py:914} INFO - Processing file /opt/airflow/dags/API_Crypto_Extraction_modularizad.py for tasks to queue
[2024-09-19T00:51:50.965+0000] {logging_mixin.py:190} INFO - [2024-09-19T00:51:50.964+0000] {dagbag.py:587} INFO - Filling up the DagBag from /opt/airflow/dags/API_Crypto_Extraction_modularizad.py
[2024-09-19T00:51:55.268+0000] {processor.py:925} INFO - DAG(s) 'Bitcoin_ETL' retrieved from /opt/airflow/dags/API_Crypto_Extraction_modularizad.py
[2024-09-19T00:51:55.313+0000] {logging_mixin.py:190} INFO - [2024-09-19T00:51:55.312+0000] {dag.py:3229} INFO - Sync 1 DAGs
[2024-09-19T00:51:55.352+0000] {logging_mixin.py:190} INFO - [2024-09-19T00:51:55.351+0000] {dag.py:4156} INFO - Setting next_dagrun for Bitcoin_ETL to 2024-09-19 00:00:00+00:00, run_after=2024-09-20 00:00:00+00:00
[2024-09-19T00:51:55.379+0000] {processor.py:208} INFO - Processing /opt/airflow/dags/API_Crypto_Extraction_modularizad.py took 4.427 seconds
[2024-09-19T00:52:25.643+0000] {processor.py:186} INFO - Started process (PID=77) to work on /opt/airflow/dags/API_Crypto_Extraction_modularizad.py
[2024-09-19T00:52:25.644+0000] {processor.py:914} INFO - Processing file /opt/airflow/dags/API_Crypto_Extraction_modularizad.py for tasks to queue
[2024-09-19T00:52:25.646+0000] {logging_mixin.py:190} INFO - [2024-09-19T00:52:25.646+0000] {dagbag.py:587} INFO - Filling up the DagBag from /opt/airflow/dags/API_Crypto_Extraction_modularizad.py
[2024-09-19T00:52:26.302+0000] {processor.py:925} INFO - DAG(s) 'Bitcoin_ETL' retrieved from /opt/airflow/dags/API_Crypto_Extraction_modularizad.py
[2024-09-19T00:52:26.338+0000] {logging_mixin.py:190} INFO - [2024-09-19T00:52:26.338+0000] {dag.py:3229} INFO - Sync 1 DAGs
[2024-09-19T00:52:26.371+0000] {logging_mixin.py:190} INFO - [2024-09-19T00:52:26.370+0000] {dag.py:4156} INFO - Setting next_dagrun for Bitcoin_ETL to 2024-09-19 00:00:00+00:00, run_after=2024-09-20 00:00:00+00:00
[2024-09-19T00:52:26.731+0000] {processor.py:208} INFO - Processing /opt/airflow/dags/API_Crypto_Extraction_modularizad.py took 1.100 seconds
[2024-09-19T00:52:56.878+0000] {processor.py:186} INFO - Started process (PID=85) to work on /opt/airflow/dags/API_Crypto_Extraction_modularizad.py
[2024-09-19T00:52:56.879+0000] {processor.py:914} INFO - Processing file /opt/airflow/dags/API_Crypto_Extraction_modularizad.py for tasks to queue
[2024-09-19T00:52:56.881+0000] {logging_mixin.py:190} INFO - [2024-09-19T00:52:56.881+0000] {dagbag.py:587} INFO - Filling up the DagBag from /opt/airflow/dags/API_Crypto_Extraction_modularizad.py
[2024-09-19T00:52:57.537+0000] {processor.py:925} INFO - DAG(s) 'Bitcoin_ETL' retrieved from /opt/airflow/dags/API_Crypto_Extraction_modularizad.py
[2024-09-19T00:52:57.566+0000] {logging_mixin.py:190} INFO - [2024-09-19T00:52:57.565+0000] {dag.py:3229} INFO - Sync 1 DAGs
[2024-09-19T00:52:57.599+0000] {logging_mixin.py:190} INFO - [2024-09-19T00:52:57.599+0000] {dag.py:4156} INFO - Setting next_dagrun for Bitcoin_ETL to 2024-09-19 00:00:00+00:00, run_after=2024-09-20 00:00:00+00:00
[2024-09-19T00:52:57.626+0000] {processor.py:208} INFO - Processing /opt/airflow/dags/API_Crypto_Extraction_modularizad.py took 0.757 seconds
[2024-09-19T00:53:12.782+0000] {processor.py:186} INFO - Started process (PID=87) to work on /opt/airflow/dags/API_Crypto_Extraction_modularizad.py
[2024-09-19T00:53:12.783+0000] {processor.py:914} INFO - Processing file /opt/airflow/dags/API_Crypto_Extraction_modularizad.py for tasks to queue
[2024-09-19T00:53:12.784+0000] {logging_mixin.py:190} INFO - [2024-09-19T00:53:12.784+0000] {dagbag.py:587} INFO - Filling up the DagBag from /opt/airflow/dags/API_Crypto_Extraction_modularizad.py
[2024-09-19T00:53:13.358+0000] {processor.py:925} INFO - DAG(s) 'Bitcoin_ETL' retrieved from /opt/airflow/dags/API_Crypto_Extraction_modularizad.py
[2024-09-19T00:53:13.399+0000] {logging_mixin.py:190} INFO - [2024-09-19T00:53:13.399+0000] {dag.py:3229} INFO - Sync 1 DAGs
[2024-09-19T00:53:13.431+0000] {logging_mixin.py:190} INFO - [2024-09-19T00:53:13.430+0000] {dag.py:4156} INFO - Setting next_dagrun for Bitcoin_ETL to 2024-09-19 00:00:00+00:00, run_after=2024-09-20 00:00:00+00:00
[2024-09-19T00:53:13.459+0000] {processor.py:208} INFO - Processing /opt/airflow/dags/API_Crypto_Extraction_modularizad.py took 0.684 seconds
[2024-09-19T00:53:43.717+0000] {processor.py:186} INFO - Started process (PID=95) to work on /opt/airflow/dags/API_Crypto_Extraction_modularizad.py
[2024-09-19T00:53:43.719+0000] {processor.py:914} INFO - Processing file /opt/airflow/dags/API_Crypto_Extraction_modularizad.py for tasks to queue
[2024-09-19T00:53:43.721+0000] {logging_mixin.py:190} INFO - [2024-09-19T00:53:43.720+0000] {dagbag.py:587} INFO - Filling up the DagBag from /opt/airflow/dags/API_Crypto_Extraction_modularizad.py
[2024-09-19T00:53:44.254+0000] {processor.py:925} INFO - DAG(s) 'Bitcoin_ETL' retrieved from /opt/airflow/dags/API_Crypto_Extraction_modularizad.py
[2024-09-19T00:53:44.279+0000] {logging_mixin.py:190} INFO - [2024-09-19T00:53:44.278+0000] {dag.py:3229} INFO - Sync 1 DAGs
[2024-09-19T00:53:44.304+0000] {logging_mixin.py:190} INFO - [2024-09-19T00:53:44.304+0000] {dag.py:4156} INFO - Setting next_dagrun for Bitcoin_ETL to 2024-09-19 00:00:00+00:00, run_after=2024-09-20 00:00:00+00:00
[2024-09-19T00:53:44.324+0000] {processor.py:208} INFO - Processing /opt/airflow/dags/API_Crypto_Extraction_modularizad.py took 0.615 seconds
[2024-09-19T00:54:14.498+0000] {processor.py:186} INFO - Started process (PID=103) to work on /opt/airflow/dags/API_Crypto_Extraction_modularizad.py
[2024-09-19T00:54:14.499+0000] {processor.py:914} INFO - Processing file /opt/airflow/dags/API_Crypto_Extraction_modularizad.py for tasks to queue
[2024-09-19T00:54:14.502+0000] {logging_mixin.py:190} INFO - [2024-09-19T00:54:14.501+0000] {dagbag.py:587} INFO - Filling up the DagBag from /opt/airflow/dags/API_Crypto_Extraction_modularizad.py
[2024-09-19T00:54:15.114+0000] {processor.py:925} INFO - DAG(s) 'Bitcoin_ETL' retrieved from /opt/airflow/dags/API_Crypto_Extraction_modularizad.py
[2024-09-19T00:54:15.146+0000] {logging_mixin.py:190} INFO - [2024-09-19T00:54:15.146+0000] {dag.py:3229} INFO - Sync 1 DAGs
[2024-09-19T00:54:15.177+0000] {logging_mixin.py:190} INFO - [2024-09-19T00:54:15.176+0000] {dag.py:4156} INFO - Setting next_dagrun for Bitcoin_ETL to 2024-09-19 00:00:00+00:00, run_after=2024-09-20 00:00:00+00:00
[2024-09-19T00:54:15.201+0000] {processor.py:208} INFO - Processing /opt/airflow/dags/API_Crypto_Extraction_modularizad.py took 0.710 seconds
[2024-09-19T00:54:45.468+0000] {processor.py:186} INFO - Started process (PID=111) to work on /opt/airflow/dags/API_Crypto_Extraction_modularizad.py
[2024-09-19T00:54:45.469+0000] {processor.py:914} INFO - Processing file /opt/airflow/dags/API_Crypto_Extraction_modularizad.py for tasks to queue
[2024-09-19T00:54:45.471+0000] {logging_mixin.py:190} INFO - [2024-09-19T00:54:45.471+0000] {dagbag.py:587} INFO - Filling up the DagBag from /opt/airflow/dags/API_Crypto_Extraction_modularizad.py
[2024-09-19T00:54:46.029+0000] {processor.py:925} INFO - DAG(s) 'Bitcoin_ETL' retrieved from /opt/airflow/dags/API_Crypto_Extraction_modularizad.py
[2024-09-19T00:54:46.060+0000] {logging_mixin.py:190} INFO - [2024-09-19T00:54:46.060+0000] {dag.py:3229} INFO - Sync 1 DAGs
[2024-09-19T00:54:46.087+0000] {logging_mixin.py:190} INFO - [2024-09-19T00:54:46.087+0000] {dag.py:4156} INFO - Setting next_dagrun for Bitcoin_ETL to 2024-09-19 00:00:00+00:00, run_after=2024-09-20 00:00:00+00:00
[2024-09-19T00:54:46.111+0000] {processor.py:208} INFO - Processing /opt/airflow/dags/API_Crypto_Extraction_modularizad.py took 0.652 seconds
[2024-09-19T00:55:16.365+0000] {processor.py:186} INFO - Started process (PID=123) to work on /opt/airflow/dags/API_Crypto_Extraction_modularizad.py
[2024-09-19T00:55:16.366+0000] {processor.py:914} INFO - Processing file /opt/airflow/dags/API_Crypto_Extraction_modularizad.py for tasks to queue
[2024-09-19T00:55:16.368+0000] {logging_mixin.py:190} INFO - [2024-09-19T00:55:16.368+0000] {dagbag.py:587} INFO - Filling up the DagBag from /opt/airflow/dags/API_Crypto_Extraction_modularizad.py
[2024-09-19T00:55:16.918+0000] {processor.py:925} INFO - DAG(s) 'Bitcoin_ETL' retrieved from /opt/airflow/dags/API_Crypto_Extraction_modularizad.py
[2024-09-19T00:55:16.942+0000] {logging_mixin.py:190} INFO - [2024-09-19T00:55:16.941+0000] {dag.py:3229} INFO - Sync 1 DAGs
[2024-09-19T00:55:16.967+0000] {logging_mixin.py:190} INFO - [2024-09-19T00:55:16.967+0000] {dag.py:4156} INFO - Setting next_dagrun for Bitcoin_ETL to 2024-09-19 00:00:00+00:00, run_after=2024-09-20 00:00:00+00:00
[2024-09-19T00:55:16.986+0000] {processor.py:208} INFO - Processing /opt/airflow/dags/API_Crypto_Extraction_modularizad.py took 0.629 seconds
[2024-09-19T00:55:47.184+0000] {processor.py:186} INFO - Started process (PID=131) to work on /opt/airflow/dags/API_Crypto_Extraction_modularizad.py
[2024-09-19T00:55:47.185+0000] {processor.py:914} INFO - Processing file /opt/airflow/dags/API_Crypto_Extraction_modularizad.py for tasks to queue
[2024-09-19T00:55:47.187+0000] {logging_mixin.py:190} INFO - [2024-09-19T00:55:47.186+0000] {dagbag.py:587} INFO - Filling up the DagBag from /opt/airflow/dags/API_Crypto_Extraction_modularizad.py
[2024-09-19T00:55:47.776+0000] {processor.py:925} INFO - DAG(s) 'Bitcoin_ETL' retrieved from /opt/airflow/dags/API_Crypto_Extraction_modularizad.py
[2024-09-19T00:55:47.812+0000] {logging_mixin.py:190} INFO - [2024-09-19T00:55:47.812+0000] {dag.py:3229} INFO - Sync 1 DAGs
[2024-09-19T00:55:47.850+0000] {logging_mixin.py:190} INFO - [2024-09-19T00:55:47.850+0000] {dag.py:4156} INFO - Setting next_dagrun for Bitcoin_ETL to 2024-09-19 00:00:00+00:00, run_after=2024-09-20 00:00:00+00:00
[2024-09-19T00:55:47.880+0000] {processor.py:208} INFO - Processing /opt/airflow/dags/API_Crypto_Extraction_modularizad.py took 0.703 seconds
[2024-09-19T00:56:18.146+0000] {processor.py:186} INFO - Started process (PID=139) to work on /opt/airflow/dags/API_Crypto_Extraction_modularizad.py
[2024-09-19T00:56:18.148+0000] {processor.py:914} INFO - Processing file /opt/airflow/dags/API_Crypto_Extraction_modularizad.py for tasks to queue
[2024-09-19T00:56:18.151+0000] {logging_mixin.py:190} INFO - [2024-09-19T00:56:18.151+0000] {dagbag.py:587} INFO - Filling up the DagBag from /opt/airflow/dags/API_Crypto_Extraction_modularizad.py
[2024-09-19T00:56:18.775+0000] {processor.py:925} INFO - DAG(s) 'Bitcoin_ETL' retrieved from /opt/airflow/dags/API_Crypto_Extraction_modularizad.py
[2024-09-19T00:56:18.806+0000] {logging_mixin.py:190} INFO - [2024-09-19T00:56:18.805+0000] {dag.py:3229} INFO - Sync 1 DAGs
[2024-09-19T00:56:18.846+0000] {logging_mixin.py:190} INFO - [2024-09-19T00:56:18.846+0000] {dag.py:4156} INFO - Setting next_dagrun for Bitcoin_ETL to 2024-09-19 00:00:00+00:00, run_after=2024-09-20 00:00:00+00:00
[2024-09-19T00:56:18.876+0000] {processor.py:208} INFO - Processing /opt/airflow/dags/API_Crypto_Extraction_modularizad.py took 0.743 seconds
