[2024-09-19T00:31:11.557+0000] {local_task_job_runner.py:123} INFO - ::group::Pre task execution logs
[2024-09-19T00:31:11.580+0000] {taskinstance.py:2612} INFO - Dependencies all met for dep_context=non-requeueable deps ti=<TaskInstance: Bitcoin_ETL.data_load scheduled__2024-09-18T00:00:00+00:00 [queued]>
[2024-09-19T00:31:11.592+0000] {taskinstance.py:2612} INFO - Dependencies all met for dep_context=requeueable deps ti=<TaskInstance: Bitcoin_ETL.data_load scheduled__2024-09-18T00:00:00+00:00 [queued]>
[2024-09-19T00:31:11.598+0000] {taskinstance.py:2865} INFO - Starting attempt 1 of 6
[2024-09-19T00:31:11.780+0000] {taskinstance.py:2888} INFO - Executing <Task(PythonOperator): data_load> on 2024-09-18 00:00:00+00:00
[2024-09-19T00:31:11.790+0000] {warnings.py:112} WARNING - /home/***/.local/lib/python3.12/site-packages/***/task/task_runner/standard_task_runner.py:70: DeprecationWarning: This process (pid=86) is multi-threaded, use of fork() may lead to deadlocks in the child.
  pid = os.fork()

[2024-09-19T00:31:11.793+0000] {standard_task_runner.py:72} INFO - Started process 90 to run task
[2024-09-19T00:31:11.792+0000] {standard_task_runner.py:104} INFO - Running: ['***', 'tasks', 'run', 'Bitcoin_ETL', 'data_load', 'scheduled__2024-09-18T00:00:00+00:00', '--job-id', '549', '--raw', '--subdir', 'DAGS_FOLDER/API_Crypto_Extraction_modularizad.py', '--cfg-path', '/tmp/tmpbd51jiuu']
[2024-09-19T00:31:11.795+0000] {standard_task_runner.py:105} INFO - Job 549: Subtask data_load
[2024-09-19T00:31:11.854+0000] {task_command.py:467} INFO - Running <TaskInstance: Bitcoin_ETL.data_load scheduled__2024-09-18T00:00:00+00:00 [running]> on host 6e7de3e5a10a
[2024-09-19T00:31:11.951+0000] {taskinstance.py:3131} INFO - Exporting env vars: AIRFLOW_CTX_DAG_EMAIL='nicolas.rivas@taligent.com.ar' AIRFLOW_CTX_DAG_OWNER='NicolasRivas' AIRFLOW_CTX_DAG_ID='Bitcoin_ETL' AIRFLOW_CTX_TASK_ID='data_load' AIRFLOW_CTX_EXECUTION_DATE='2024-09-18T00:00:00+00:00' AIRFLOW_CTX_TRY_NUMBER='1' AIRFLOW_CTX_DAG_RUN_ID='scheduled__2024-09-18T00:00:00+00:00'
[2024-09-19T00:31:11.952+0000] {taskinstance.py:731} INFO - ::endgroup::
[2024-09-19T00:31:11.983+0000] {logging_mixin.py:190} INFO - data file path /opt/***/dags/tmp_files/data2024-09-19 00:31:10.457341.csv
[2024-09-19T00:31:12.013+0000] {logging_mixin.py:190} INFO - CSV data                       id  ...                          key_id_date_time
0                bitcoin  ...               bitcoin|2024-09-19 00:31:10
1               ethereum  ...              ethereum|2024-09-19 00:31:10
2                 tether  ...                tether|2024-09-19 00:31:10
3           binance-coin  ...          binance-coin|2024-09-19 00:31:10
4                 solana  ...                solana|2024-09-19 00:31:10
..                   ...  ...                                       ...
95                   amp  ...                   amp|2024-09-19 00:31:10
96                  dash  ...                  dash|2024-09-19 00:31:10
97                  holo  ...                  holo|2024-09-19 00:31:10
98  golem-network-tokens  ...  golem-network-tokens|2024-09-19 00:31:10
99                  just  ...                  just|2024-09-19 00:31:10

[100 rows x 5 columns]
[2024-09-19T00:31:13.261+0000] {logging_mixin.py:190} INFO - se va a insertar la table nicolas_rivas_coderhouse.cripto_price_new_data
[2024-09-19T00:31:15.305+0000] {python.py:240} INFO - Done. Returned value was: None
[2024-09-19T00:31:15.318+0000] {taskinstance.py:340} INFO - ::group::Post task execution logs
[2024-09-19T00:31:15.319+0000] {taskinstance.py:352} INFO - Marking task as SUCCESS. dag_id=Bitcoin_ETL, task_id=data_load, run_id=scheduled__2024-09-18T00:00:00+00:00, execution_date=20240918T000000, start_date=20240919T003111, end_date=20240919T003115
[2024-09-19T00:31:15.342+0000] {local_task_job_runner.py:266} INFO - Task exited with return code 0
[2024-09-19T00:31:15.362+0000] {taskinstance.py:3900} INFO - 0 downstream tasks scheduled from follow-on schedule check
[2024-09-19T00:31:15.364+0000] {local_task_job_runner.py:245} INFO - ::endgroup::
