[2024-09-20T23:32:31.668+0000] {local_task_job_runner.py:123} INFO - ::group::Pre task execution logs
[2024-09-20T23:32:31.704+0000] {taskinstance.py:2612} INFO - Dependencies all met for dep_context=non-requeueable deps ti=<TaskInstance: Bitcoin_ETL.extraer_data manual__2024-09-20T23:32:24.811526+00:00 [queued]>
[2024-09-20T23:32:31.715+0000] {taskinstance.py:2612} INFO - Dependencies all met for dep_context=requeueable deps ti=<TaskInstance: Bitcoin_ETL.extraer_data manual__2024-09-20T23:32:24.811526+00:00 [queued]>
[2024-09-20T23:32:31.717+0000] {taskinstance.py:2865} INFO - Starting attempt 1 of 6
[2024-09-20T23:32:31.743+0000] {taskinstance.py:2888} INFO - Executing <Task(PythonOperator): extraer_data> on 2024-09-20 23:32:24.811526+00:00
[2024-09-20T23:32:31.757+0000] {warnings.py:112} WARNING - /home/***/.local/lib/python3.12/site-packages/***/task/task_runner/standard_task_runner.py:70: DeprecationWarning: This process (pid=69) is multi-threaded, use of fork() may lead to deadlocks in the child.
  pid = os.fork()

[2024-09-20T23:32:31.767+0000] {standard_task_runner.py:72} INFO - Started process 71 to run task
[2024-09-20T23:32:31.759+0000] {standard_task_runner.py:104} INFO - Running: ['***', 'tasks', 'run', 'Bitcoin_ETL', 'extraer_data', 'manual__2024-09-20T23:32:24.811526+00:00', '--job-id', '20', '--raw', '--subdir', 'DAGS_FOLDER/API_Crypto_Extraction_modularizad.py', '--cfg-path', '/tmp/tmp5xsuzpx1']
[2024-09-20T23:32:31.770+0000] {standard_task_runner.py:105} INFO - Job 20: Subtask extraer_data
[2024-09-20T23:32:33.783+0000] {task_command.py:467} INFO - Running <TaskInstance: Bitcoin_ETL.extraer_data manual__2024-09-20T23:32:24.811526+00:00 [running]> on host 18f18961c44f
[2024-09-20T23:32:33.959+0000] {taskinstance.py:3131} INFO - Exporting env vars: AIRFLOW_CTX_DAG_EMAIL='francogranieri56@gmail.com' AIRFLOW_CTX_DAG_OWNER='FrancoGranieri' AIRFLOW_CTX_DAG_ID='Bitcoin_ETL' AIRFLOW_CTX_TASK_ID='extraer_data' AIRFLOW_CTX_EXECUTION_DATE='2024-09-20T23:32:24.811526+00:00' AIRFLOW_CTX_TRY_NUMBER='1' AIRFLOW_CTX_DAG_RUN_ID='manual__2024-09-20T23:32:24.811526+00:00'
[2024-09-20T23:32:33.961+0000] {taskinstance.py:731} INFO - ::endgroup::
[2024-09-20T23:32:35.380+0000] {logging_mixin.py:190} INFO - line 40 - Pushed data to XCom: {"id":{"0":"bitcoin","1":"ethereum","2":"tether","3":"binance-coin","4":"solana","5":"usd-coin","6":
[2024-09-20T23:32:35.383+0000] {python.py:240} INFO - Done. Returned value was: None
[2024-09-20T23:32:35.399+0000] {taskinstance.py:340} INFO - ::group::Post task execution logs
[2024-09-20T23:32:35.400+0000] {taskinstance.py:352} INFO - Marking task as SUCCESS. dag_id=Bitcoin_ETL, task_id=extraer_data, run_id=manual__2024-09-20T23:32:24.811526+00:00, execution_date=20240920T233224, start_date=20240920T233231, end_date=20240920T233235
[2024-09-20T23:32:35.458+0000] {local_task_job_runner.py:266} INFO - Task exited with return code 0
[2024-09-20T23:32:35.754+0000] {taskinstance.py:3900} INFO - 1 downstream tasks scheduled from follow-on schedule check
[2024-09-20T23:32:35.757+0000] {local_task_job_runner.py:245} INFO - ::endgroup::
