[2024-09-18T00:01:06.194+0000] {processor.py:186} INFO - Started process (PID=52) to work on /opt/airflow/dags/API_Crypto_Extraction.py
[2024-09-18T00:01:06.195+0000] {processor.py:914} INFO - Processing file /opt/airflow/dags/API_Crypto_Extraction.py for tasks to queue
[2024-09-18T00:01:06.197+0000] {logging_mixin.py:190} INFO - [2024-09-18T00:01:06.196+0000] {dagbag.py:587} INFO - Filling up the DagBag from /opt/airflow/dags/API_Crypto_Extraction.py
[2024-09-18T00:01:06.783+0000] {processor.py:925} INFO - DAG(s) 'Bitcoin_ETL' retrieved from /opt/airflow/dags/API_Crypto_Extraction.py
[2024-09-18T00:01:06.819+0000] {logging_mixin.py:190} INFO - [2024-09-18T00:01:06.818+0000] {dag.py:3229} INFO - Sync 1 DAGs
[2024-09-18T00:01:06.853+0000] {logging_mixin.py:190} INFO - [2024-09-18T00:01:06.853+0000] {dag.py:4156} INFO - Setting next_dagrun for Bitcoin_ETL to 2024-09-18 00:00:00+00:00, run_after=2024-09-19 00:00:00+00:00
[2024-09-18T00:01:06.875+0000] {processor.py:208} INFO - Processing /opt/airflow/dags/API_Crypto_Extraction.py took 0.690 seconds
[2024-09-18T00:01:37.142+0000] {processor.py:186} INFO - Started process (PID=60) to work on /opt/airflow/dags/API_Crypto_Extraction.py
[2024-09-18T00:01:37.143+0000] {processor.py:914} INFO - Processing file /opt/airflow/dags/API_Crypto_Extraction.py for tasks to queue
[2024-09-18T00:01:37.145+0000] {logging_mixin.py:190} INFO - [2024-09-18T00:01:37.145+0000] {dagbag.py:587} INFO - Filling up the DagBag from /opt/airflow/dags/API_Crypto_Extraction.py
[2024-09-18T00:01:37.667+0000] {processor.py:925} INFO - DAG(s) 'Bitcoin_ETL' retrieved from /opt/airflow/dags/API_Crypto_Extraction.py
[2024-09-18T00:01:37.690+0000] {logging_mixin.py:190} INFO - [2024-09-18T00:01:37.689+0000] {dag.py:3229} INFO - Sync 1 DAGs
[2024-09-18T00:01:37.714+0000] {logging_mixin.py:190} INFO - [2024-09-18T00:01:37.714+0000] {dag.py:4156} INFO - Setting next_dagrun for Bitcoin_ETL to 2024-09-18 00:00:00+00:00, run_after=2024-09-19 00:00:00+00:00
[2024-09-18T00:01:37.739+0000] {processor.py:208} INFO - Processing /opt/airflow/dags/API_Crypto_Extraction.py took 0.604 seconds
[2024-09-18T00:02:07.989+0000] {processor.py:186} INFO - Started process (PID=74) to work on /opt/airflow/dags/API_Crypto_Extraction.py
[2024-09-18T00:02:07.990+0000] {processor.py:914} INFO - Processing file /opt/airflow/dags/API_Crypto_Extraction.py for tasks to queue
[2024-09-18T00:02:07.993+0000] {logging_mixin.py:190} INFO - [2024-09-18T00:02:07.992+0000] {dagbag.py:587} INFO - Filling up the DagBag from /opt/airflow/dags/API_Crypto_Extraction.py
[2024-09-18T00:02:08.546+0000] {processor.py:925} INFO - DAG(s) 'Bitcoin_ETL' retrieved from /opt/airflow/dags/API_Crypto_Extraction.py
[2024-09-18T00:02:08.570+0000] {logging_mixin.py:190} INFO - [2024-09-18T00:02:08.570+0000] {dag.py:3229} INFO - Sync 1 DAGs
[2024-09-18T00:02:08.596+0000] {logging_mixin.py:190} INFO - [2024-09-18T00:02:08.595+0000] {dag.py:4156} INFO - Setting next_dagrun for Bitcoin_ETL to 2024-09-18 00:00:00+00:00, run_after=2024-09-19 00:00:00+00:00
[2024-09-18T00:02:08.619+0000] {processor.py:208} INFO - Processing /opt/airflow/dags/API_Crypto_Extraction.py took 0.638 seconds
[2024-09-18T00:02:38.848+0000] {processor.py:186} INFO - Started process (PID=82) to work on /opt/airflow/dags/API_Crypto_Extraction.py
[2024-09-18T00:02:38.849+0000] {processor.py:914} INFO - Processing file /opt/airflow/dags/API_Crypto_Extraction.py for tasks to queue
[2024-09-18T00:02:38.851+0000] {logging_mixin.py:190} INFO - [2024-09-18T00:02:38.850+0000] {dagbag.py:587} INFO - Filling up the DagBag from /opt/airflow/dags/API_Crypto_Extraction.py
[2024-09-18T00:02:39.380+0000] {processor.py:925} INFO - DAG(s) 'Bitcoin_ETL' retrieved from /opt/airflow/dags/API_Crypto_Extraction.py
[2024-09-18T00:02:39.403+0000] {logging_mixin.py:190} INFO - [2024-09-18T00:02:39.402+0000] {dag.py:3229} INFO - Sync 1 DAGs
[2024-09-18T00:02:39.428+0000] {logging_mixin.py:190} INFO - [2024-09-18T00:02:39.428+0000] {dag.py:4156} INFO - Setting next_dagrun for Bitcoin_ETL to 2024-09-18 00:00:00+00:00, run_after=2024-09-19 00:00:00+00:00
[2024-09-18T00:02:39.448+0000] {processor.py:208} INFO - Processing /opt/airflow/dags/API_Crypto_Extraction.py took 0.608 seconds
[2024-09-18T00:03:09.713+0000] {processor.py:186} INFO - Started process (PID=90) to work on /opt/airflow/dags/API_Crypto_Extraction.py
[2024-09-18T00:03:09.714+0000] {processor.py:914} INFO - Processing file /opt/airflow/dags/API_Crypto_Extraction.py for tasks to queue
[2024-09-18T00:03:09.716+0000] {logging_mixin.py:190} INFO - [2024-09-18T00:03:09.715+0000] {dagbag.py:587} INFO - Filling up the DagBag from /opt/airflow/dags/API_Crypto_Extraction.py
[2024-09-18T00:03:10.258+0000] {processor.py:925} INFO - DAG(s) 'Bitcoin_ETL' retrieved from /opt/airflow/dags/API_Crypto_Extraction.py
[2024-09-18T00:03:10.283+0000] {logging_mixin.py:190} INFO - [2024-09-18T00:03:10.282+0000] {dag.py:3229} INFO - Sync 1 DAGs
[2024-09-18T00:03:10.309+0000] {logging_mixin.py:190} INFO - [2024-09-18T00:03:10.309+0000] {dag.py:4156} INFO - Setting next_dagrun for Bitcoin_ETL to 2024-09-18 00:00:00+00:00, run_after=2024-09-19 00:00:00+00:00
[2024-09-18T00:03:10.335+0000] {processor.py:208} INFO - Processing /opt/airflow/dags/API_Crypto_Extraction.py took 0.630 seconds
[2024-09-18T00:04:14.315+0000] {processor.py:186} INFO - Started process (PID=52) to work on /opt/airflow/dags/API_Crypto_Extraction.py
[2024-09-18T00:04:14.316+0000] {processor.py:914} INFO - Processing file /opt/airflow/dags/API_Crypto_Extraction.py for tasks to queue
[2024-09-18T00:04:14.317+0000] {logging_mixin.py:190} INFO - [2024-09-18T00:04:14.317+0000] {dagbag.py:587} INFO - Filling up the DagBag from /opt/airflow/dags/API_Crypto_Extraction.py
[2024-09-18T00:04:15.020+0000] {processor.py:925} INFO - DAG(s) 'Bitcoin_ETL' retrieved from /opt/airflow/dags/API_Crypto_Extraction.py
[2024-09-18T00:04:15.053+0000] {logging_mixin.py:190} INFO - [2024-09-18T00:04:15.053+0000] {dag.py:3229} INFO - Sync 1 DAGs
[2024-09-18T00:04:15.095+0000] {logging_mixin.py:190} INFO - [2024-09-18T00:04:15.094+0000] {dag.py:4156} INFO - Setting next_dagrun for Bitcoin_ETL to 2024-09-18 00:00:00+00:00, run_after=2024-09-19 00:00:00+00:00
[2024-09-18T00:04:15.120+0000] {processor.py:208} INFO - Processing /opt/airflow/dags/API_Crypto_Extraction.py took 0.814 seconds
[2024-09-18T00:04:45.398+0000] {processor.py:186} INFO - Started process (PID=66) to work on /opt/airflow/dags/API_Crypto_Extraction.py
[2024-09-18T00:04:45.399+0000] {processor.py:914} INFO - Processing file /opt/airflow/dags/API_Crypto_Extraction.py for tasks to queue
[2024-09-18T00:04:45.400+0000] {logging_mixin.py:190} INFO - [2024-09-18T00:04:45.400+0000] {dagbag.py:587} INFO - Filling up the DagBag from /opt/airflow/dags/API_Crypto_Extraction.py
[2024-09-18T00:04:45.952+0000] {processor.py:925} INFO - DAG(s) 'Bitcoin_ETL' retrieved from /opt/airflow/dags/API_Crypto_Extraction.py
[2024-09-18T00:04:45.977+0000] {logging_mixin.py:190} INFO - [2024-09-18T00:04:45.977+0000] {dag.py:3229} INFO - Sync 1 DAGs
[2024-09-18T00:04:46.010+0000] {logging_mixin.py:190} INFO - [2024-09-18T00:04:46.010+0000] {dag.py:4156} INFO - Setting next_dagrun for Bitcoin_ETL to 2024-09-18 00:00:00+00:00, run_after=2024-09-19 00:00:00+00:00
[2024-09-18T00:04:46.032+0000] {processor.py:208} INFO - Processing /opt/airflow/dags/API_Crypto_Extraction.py took 0.642 seconds
[2024-09-18T00:05:16.275+0000] {processor.py:186} INFO - Started process (PID=74) to work on /opt/airflow/dags/API_Crypto_Extraction.py
[2024-09-18T00:05:16.276+0000] {processor.py:914} INFO - Processing file /opt/airflow/dags/API_Crypto_Extraction.py for tasks to queue
[2024-09-18T00:05:16.277+0000] {logging_mixin.py:190} INFO - [2024-09-18T00:05:16.277+0000] {dagbag.py:587} INFO - Filling up the DagBag from /opt/airflow/dags/API_Crypto_Extraction.py
[2024-09-18T00:05:16.807+0000] {processor.py:925} INFO - DAG(s) 'Bitcoin_ETL' retrieved from /opt/airflow/dags/API_Crypto_Extraction.py
[2024-09-18T00:05:16.831+0000] {logging_mixin.py:190} INFO - [2024-09-18T00:05:16.830+0000] {dag.py:3229} INFO - Sync 1 DAGs
[2024-09-18T00:05:16.855+0000] {logging_mixin.py:190} INFO - [2024-09-18T00:05:16.855+0000] {dag.py:4156} INFO - Setting next_dagrun for Bitcoin_ETL to 2024-09-18 00:00:00+00:00, run_after=2024-09-19 00:00:00+00:00
[2024-09-18T00:05:16.874+0000] {processor.py:208} INFO - Processing /opt/airflow/dags/API_Crypto_Extraction.py took 0.606 seconds
[2024-09-18T00:05:46.927+0000] {processor.py:186} INFO - Started process (PID=82) to work on /opt/airflow/dags/API_Crypto_Extraction.py
[2024-09-18T00:05:46.928+0000] {processor.py:914} INFO - Processing file /opt/airflow/dags/API_Crypto_Extraction.py for tasks to queue
[2024-09-18T00:05:46.930+0000] {logging_mixin.py:190} INFO - [2024-09-18T00:05:46.930+0000] {dagbag.py:587} INFO - Filling up the DagBag from /opt/airflow/dags/API_Crypto_Extraction.py
[2024-09-18T00:05:47.430+0000] {processor.py:925} INFO - DAG(s) 'Bitcoin_ETL' retrieved from /opt/airflow/dags/API_Crypto_Extraction.py
[2024-09-18T00:05:47.455+0000] {logging_mixin.py:190} INFO - [2024-09-18T00:05:47.454+0000] {dag.py:3229} INFO - Sync 1 DAGs
[2024-09-18T00:05:47.481+0000] {logging_mixin.py:190} INFO - [2024-09-18T00:05:47.481+0000] {dag.py:4156} INFO - Setting next_dagrun for Bitcoin_ETL to 2024-09-18 00:00:00+00:00, run_after=2024-09-19 00:00:00+00:00
[2024-09-18T00:05:47.508+0000] {processor.py:208} INFO - Processing /opt/airflow/dags/API_Crypto_Extraction.py took 0.587 seconds
[2024-09-18T00:06:17.755+0000] {processor.py:186} INFO - Started process (PID=90) to work on /opt/airflow/dags/API_Crypto_Extraction.py
[2024-09-18T00:06:17.756+0000] {processor.py:914} INFO - Processing file /opt/airflow/dags/API_Crypto_Extraction.py for tasks to queue
[2024-09-18T00:06:17.758+0000] {logging_mixin.py:190} INFO - [2024-09-18T00:06:17.758+0000] {dagbag.py:587} INFO - Filling up the DagBag from /opt/airflow/dags/API_Crypto_Extraction.py
[2024-09-18T00:06:18.319+0000] {processor.py:925} INFO - DAG(s) 'Bitcoin_ETL' retrieved from /opt/airflow/dags/API_Crypto_Extraction.py
[2024-09-18T00:06:18.342+0000] {logging_mixin.py:190} INFO - [2024-09-18T00:06:18.341+0000] {dag.py:3229} INFO - Sync 1 DAGs
[2024-09-18T00:06:18.367+0000] {logging_mixin.py:190} INFO - [2024-09-18T00:06:18.367+0000] {dag.py:4156} INFO - Setting next_dagrun for Bitcoin_ETL to 2024-09-18 00:00:00+00:00, run_after=2024-09-19 00:00:00+00:00
[2024-09-18T00:06:18.386+0000] {processor.py:208} INFO - Processing /opt/airflow/dags/API_Crypto_Extraction.py took 0.638 seconds
[2024-09-18T00:06:48.504+0000] {processor.py:186} INFO - Started process (PID=98) to work on /opt/airflow/dags/API_Crypto_Extraction.py
[2024-09-18T00:06:48.505+0000] {processor.py:914} INFO - Processing file /opt/airflow/dags/API_Crypto_Extraction.py for tasks to queue
[2024-09-18T00:06:48.506+0000] {logging_mixin.py:190} INFO - [2024-09-18T00:06:48.506+0000] {dagbag.py:587} INFO - Filling up the DagBag from /opt/airflow/dags/API_Crypto_Extraction.py
[2024-09-18T00:06:49.032+0000] {processor.py:925} INFO - DAG(s) 'Bitcoin_ETL' retrieved from /opt/airflow/dags/API_Crypto_Extraction.py
[2024-09-18T00:06:49.058+0000] {logging_mixin.py:190} INFO - [2024-09-18T00:06:49.057+0000] {dag.py:3229} INFO - Sync 1 DAGs
[2024-09-18T00:06:49.085+0000] {logging_mixin.py:190} INFO - [2024-09-18T00:06:49.084+0000] {dag.py:4156} INFO - Setting next_dagrun for Bitcoin_ETL to 2024-09-18 00:00:00+00:00, run_after=2024-09-19 00:00:00+00:00
[2024-09-18T00:06:49.111+0000] {processor.py:208} INFO - Processing /opt/airflow/dags/API_Crypto_Extraction.py took 0.614 seconds
[2024-09-18T00:07:19.369+0000] {processor.py:186} INFO - Started process (PID=106) to work on /opt/airflow/dags/API_Crypto_Extraction.py
[2024-09-18T00:07:19.370+0000] {processor.py:914} INFO - Processing file /opt/airflow/dags/API_Crypto_Extraction.py for tasks to queue
[2024-09-18T00:07:19.372+0000] {logging_mixin.py:190} INFO - [2024-09-18T00:07:19.372+0000] {dagbag.py:587} INFO - Filling up the DagBag from /opt/airflow/dags/API_Crypto_Extraction.py
[2024-09-18T00:07:19.908+0000] {processor.py:925} INFO - DAG(s) 'Bitcoin_ETL' retrieved from /opt/airflow/dags/API_Crypto_Extraction.py
[2024-09-18T00:07:19.944+0000] {logging_mixin.py:190} INFO - [2024-09-18T00:07:19.943+0000] {dag.py:3229} INFO - Sync 1 DAGs
[2024-09-18T00:07:19.979+0000] {logging_mixin.py:190} INFO - [2024-09-18T00:07:19.979+0000] {dag.py:4156} INFO - Setting next_dagrun for Bitcoin_ETL to 2024-09-18 00:00:00+00:00, run_after=2024-09-19 00:00:00+00:00
[2024-09-18T00:07:20.000+0000] {processor.py:208} INFO - Processing /opt/airflow/dags/API_Crypto_Extraction.py took 0.640 seconds
[2024-09-18T00:07:50.237+0000] {processor.py:186} INFO - Started process (PID=114) to work on /opt/airflow/dags/API_Crypto_Extraction.py
[2024-09-18T00:07:50.238+0000] {processor.py:914} INFO - Processing file /opt/airflow/dags/API_Crypto_Extraction.py for tasks to queue
[2024-09-18T00:07:50.240+0000] {logging_mixin.py:190} INFO - [2024-09-18T00:07:50.240+0000] {dagbag.py:587} INFO - Filling up the DagBag from /opt/airflow/dags/API_Crypto_Extraction.py
[2024-09-18T00:07:50.786+0000] {processor.py:925} INFO - DAG(s) 'Bitcoin_ETL' retrieved from /opt/airflow/dags/API_Crypto_Extraction.py
[2024-09-18T00:07:50.810+0000] {logging_mixin.py:190} INFO - [2024-09-18T00:07:50.810+0000] {dag.py:3229} INFO - Sync 1 DAGs
[2024-09-18T00:07:50.836+0000] {logging_mixin.py:190} INFO - [2024-09-18T00:07:50.836+0000] {dag.py:4156} INFO - Setting next_dagrun for Bitcoin_ETL to 2024-09-18 00:00:00+00:00, run_after=2024-09-19 00:00:00+00:00
[2024-09-18T00:07:50.856+0000] {processor.py:208} INFO - Processing /opt/airflow/dags/API_Crypto_Extraction.py took 0.626 seconds
[2024-09-18T00:09:40.566+0000] {processor.py:186} INFO - Started process (PID=64) to work on /opt/airflow/dags/API_Crypto_Extraction.py
[2024-09-18T00:09:40.567+0000] {processor.py:914} INFO - Processing file /opt/airflow/dags/API_Crypto_Extraction.py for tasks to queue
[2024-09-18T00:09:40.570+0000] {logging_mixin.py:190} INFO - [2024-09-18T00:09:40.569+0000] {dagbag.py:587} INFO - Filling up the DagBag from /opt/airflow/dags/API_Crypto_Extraction.py
[2024-09-18T00:09:43.025+0000] {processor.py:925} INFO - DAG(s) 'Bitcoin_ETL' retrieved from /opt/airflow/dags/API_Crypto_Extraction.py
[2024-09-18T00:09:43.076+0000] {logging_mixin.py:190} INFO - [2024-09-18T00:09:43.076+0000] {dag.py:3229} INFO - Sync 1 DAGs
[2024-09-18T00:09:43.120+0000] {logging_mixin.py:190} INFO - [2024-09-18T00:09:43.120+0000] {dag.py:4156} INFO - Setting next_dagrun for Bitcoin_ETL to 2024-09-18 00:00:00+00:00, run_after=2024-09-19 00:00:00+00:00
[2024-09-18T00:09:43.143+0000] {processor.py:208} INFO - Processing /opt/airflow/dags/API_Crypto_Extraction.py took 2.587 seconds
[2024-09-18T00:10:13.420+0000] {processor.py:186} INFO - Started process (PID=84) to work on /opt/airflow/dags/API_Crypto_Extraction.py
[2024-09-18T00:10:13.421+0000] {processor.py:914} INFO - Processing file /opt/airflow/dags/API_Crypto_Extraction.py for tasks to queue
[2024-09-18T00:10:13.423+0000] {logging_mixin.py:190} INFO - [2024-09-18T00:10:13.423+0000] {dagbag.py:587} INFO - Filling up the DagBag from /opt/airflow/dags/API_Crypto_Extraction.py
[2024-09-18T00:10:14.004+0000] {processor.py:925} INFO - DAG(s) 'Bitcoin_ETL' retrieved from /opt/airflow/dags/API_Crypto_Extraction.py
[2024-09-18T00:10:14.031+0000] {logging_mixin.py:190} INFO - [2024-09-18T00:10:14.030+0000] {dag.py:3229} INFO - Sync 1 DAGs
[2024-09-18T00:10:14.057+0000] {logging_mixin.py:190} INFO - [2024-09-18T00:10:14.057+0000] {dag.py:4156} INFO - Setting next_dagrun for Bitcoin_ETL to 2024-09-18 00:00:00+00:00, run_after=2024-09-19 00:00:00+00:00
[2024-09-18T00:10:14.077+0000] {processor.py:208} INFO - Processing /opt/airflow/dags/API_Crypto_Extraction.py took 0.663 seconds
[2024-09-18T00:10:44.306+0000] {processor.py:186} INFO - Started process (PID=92) to work on /opt/airflow/dags/API_Crypto_Extraction.py
[2024-09-18T00:10:44.307+0000] {processor.py:914} INFO - Processing file /opt/airflow/dags/API_Crypto_Extraction.py for tasks to queue
[2024-09-18T00:10:44.308+0000] {logging_mixin.py:190} INFO - [2024-09-18T00:10:44.308+0000] {dagbag.py:587} INFO - Filling up the DagBag from /opt/airflow/dags/API_Crypto_Extraction.py
[2024-09-18T00:10:44.881+0000] {processor.py:925} INFO - DAG(s) 'Bitcoin_ETL' retrieved from /opt/airflow/dags/API_Crypto_Extraction.py
[2024-09-18T00:10:44.911+0000] {logging_mixin.py:190} INFO - [2024-09-18T00:10:44.910+0000] {dag.py:3229} INFO - Sync 1 DAGs
[2024-09-18T00:10:44.940+0000] {logging_mixin.py:190} INFO - [2024-09-18T00:10:44.939+0000] {dag.py:4156} INFO - Setting next_dagrun for Bitcoin_ETL to 2024-09-18 00:00:00+00:00, run_after=2024-09-19 00:00:00+00:00
[2024-09-18T00:10:44.972+0000] {processor.py:208} INFO - Processing /opt/airflow/dags/API_Crypto_Extraction.py took 0.674 seconds
[2024-09-18T00:10:48.353+0000] {processor.py:186} INFO - Started process (PID=94) to work on /opt/airflow/dags/API_Crypto_Extraction.py
[2024-09-18T00:10:48.354+0000] {processor.py:914} INFO - Processing file /opt/airflow/dags/API_Crypto_Extraction.py for tasks to queue
[2024-09-18T00:10:48.355+0000] {logging_mixin.py:190} INFO - [2024-09-18T00:10:48.355+0000] {dagbag.py:587} INFO - Filling up the DagBag from /opt/airflow/dags/API_Crypto_Extraction.py
[2024-09-18T00:10:49.128+0000] {processor.py:925} INFO - DAG(s) 'Bitcoin_ETL' retrieved from /opt/airflow/dags/API_Crypto_Extraction.py
[2024-09-18T00:10:49.161+0000] {logging_mixin.py:190} INFO - [2024-09-18T00:10:49.160+0000] {dag.py:3229} INFO - Sync 1 DAGs
[2024-09-18T00:10:49.195+0000] {logging_mixin.py:190} INFO - [2024-09-18T00:10:49.194+0000] {dag.py:4156} INFO - Setting next_dagrun for Bitcoin_ETL to 2024-09-18 00:00:00+00:00, run_after=2024-09-19 00:00:00+00:00
[2024-09-18T00:10:49.224+0000] {processor.py:208} INFO - Processing /opt/airflow/dags/API_Crypto_Extraction.py took 0.880 seconds
[2024-09-18T00:11:19.497+0000] {processor.py:186} INFO - Started process (PID=102) to work on /opt/airflow/dags/API_Crypto_Extraction.py
[2024-09-18T00:11:19.498+0000] {processor.py:914} INFO - Processing file /opt/airflow/dags/API_Crypto_Extraction.py for tasks to queue
[2024-09-18T00:11:19.501+0000] {logging_mixin.py:190} INFO - [2024-09-18T00:11:19.500+0000] {dagbag.py:587} INFO - Filling up the DagBag from /opt/airflow/dags/API_Crypto_Extraction.py
[2024-09-18T00:11:20.154+0000] {processor.py:925} INFO - DAG(s) 'Bitcoin_ETL' retrieved from /opt/airflow/dags/API_Crypto_Extraction.py
[2024-09-18T00:11:20.179+0000] {logging_mixin.py:190} INFO - [2024-09-18T00:11:20.178+0000] {dag.py:3229} INFO - Sync 1 DAGs
[2024-09-18T00:11:20.206+0000] {logging_mixin.py:190} INFO - [2024-09-18T00:11:20.206+0000] {dag.py:4156} INFO - Setting next_dagrun for Bitcoin_ETL to 2024-09-18 00:00:00+00:00, run_after=2024-09-19 00:00:00+00:00
[2024-09-18T00:11:20.228+0000] {processor.py:208} INFO - Processing /opt/airflow/dags/API_Crypto_Extraction.py took 0.744 seconds
[2024-09-18T00:11:29.369+0000] {processor.py:186} INFO - Started process (PID=104) to work on /opt/airflow/dags/API_Crypto_Extraction.py
[2024-09-18T00:11:29.370+0000] {processor.py:914} INFO - Processing file /opt/airflow/dags/API_Crypto_Extraction.py for tasks to queue
[2024-09-18T00:11:29.371+0000] {logging_mixin.py:190} INFO - [2024-09-18T00:11:29.371+0000] {dagbag.py:587} INFO - Filling up the DagBag from /opt/airflow/dags/API_Crypto_Extraction.py
[2024-09-18T00:11:29.915+0000] {processor.py:925} INFO - DAG(s) 'Bitcoin_ETL' retrieved from /opt/airflow/dags/API_Crypto_Extraction.py
[2024-09-18T00:11:29.943+0000] {logging_mixin.py:190} INFO - [2024-09-18T00:11:29.943+0000] {dag.py:3229} INFO - Sync 1 DAGs
[2024-09-18T00:11:29.972+0000] {logging_mixin.py:190} INFO - [2024-09-18T00:11:29.971+0000] {dag.py:4156} INFO - Setting next_dagrun for Bitcoin_ETL to 2024-09-18 00:00:00+00:00, run_after=2024-09-19 00:00:00+00:00
[2024-09-18T00:11:29.996+0000] {processor.py:208} INFO - Processing /opt/airflow/dags/API_Crypto_Extraction.py took 0.636 seconds
