[2024-09-05T00:04:09.973+0000] {processor.py:186} INFO - Started process (PID=98) to work on /home/airflow/.local/lib/python3.12/site-packages/airflow/example_dags/example_latest_only.py
[2024-09-05T00:04:09.976+0000] {processor.py:914} INFO - Processing file /home/airflow/.local/lib/python3.12/site-packages/airflow/example_dags/example_latest_only.py for tasks to queue
[2024-09-05T00:04:09.983+0000] {logging_mixin.py:190} INFO - [2024-09-05T00:04:09.981+0000] {dagbag.py:587} INFO - Filling up the DagBag from /home/airflow/.local/lib/python3.12/site-packages/airflow/example_dags/example_latest_only.py
[2024-09-05T00:04:10.017+0000] {processor.py:925} INFO - DAG(s) 'latest_only' retrieved from /home/airflow/.local/lib/python3.12/site-packages/airflow/example_dags/example_latest_only.py
[2024-09-05T00:04:10.435+0000] {logging_mixin.py:190} INFO - [2024-09-05T00:04:10.433+0000] {override.py:1858} INFO - Created Permission View: can delete on DAG:latest_only
[2024-09-05T00:04:10.495+0000] {logging_mixin.py:190} INFO - [2024-09-05T00:04:10.494+0000] {override.py:1858} INFO - Created Permission View: can read on DAG:latest_only
[2024-09-05T00:04:10.522+0000] {logging_mixin.py:190} INFO - [2024-09-05T00:04:10.521+0000] {override.py:1858} INFO - Created Permission View: can edit on DAG:latest_only
[2024-09-05T00:04:10.525+0000] {logging_mixin.py:190} INFO - [2024-09-05T00:04:10.524+0000] {dag.py:3211} INFO - Sync 1 DAGs
[2024-09-05T00:04:10.592+0000] {logging_mixin.py:190} INFO - [2024-09-05T00:04:10.591+0000] {dag.py:3234} INFO - Creating ORM DAG for latest_only
[2024-09-05T00:04:10.640+0000] {logging_mixin.py:190} INFO - [2024-09-05T00:04:10.640+0000] {dag.py:4138} INFO - Setting next_dagrun for latest_only to 2024-09-04 20:00:00+00:00, run_after=2024-09-05 00:00:00+00:00
[2024-09-05T00:04:10.694+0000] {processor.py:208} INFO - Processing /home/airflow/.local/lib/python3.12/site-packages/airflow/example_dags/example_latest_only.py took 0.748 seconds
[2024-09-05T00:04:41.078+0000] {processor.py:186} INFO - Started process (PID=159) to work on /home/airflow/.local/lib/python3.12/site-packages/airflow/example_dags/example_latest_only.py
[2024-09-05T00:04:41.086+0000] {processor.py:914} INFO - Processing file /home/airflow/.local/lib/python3.12/site-packages/airflow/example_dags/example_latest_only.py for tasks to queue
[2024-09-05T00:04:41.092+0000] {logging_mixin.py:190} INFO - [2024-09-05T00:04:41.090+0000] {dagbag.py:587} INFO - Filling up the DagBag from /home/airflow/.local/lib/python3.12/site-packages/airflow/example_dags/example_latest_only.py
[2024-09-05T00:04:41.163+0000] {processor.py:925} INFO - DAG(s) 'latest_only' retrieved from /home/airflow/.local/lib/python3.12/site-packages/airflow/example_dags/example_latest_only.py
[2024-09-05T00:04:41.331+0000] {logging_mixin.py:190} INFO - [2024-09-05T00:04:41.330+0000] {dag.py:3211} INFO - Sync 1 DAGs
[2024-09-05T00:04:41.533+0000] {logging_mixin.py:190} INFO - [2024-09-05T00:04:41.532+0000] {dag.py:4138} INFO - Setting next_dagrun for latest_only to 2024-09-04 20:00:00+00:00, run_after=2024-09-05 00:00:00+00:00
[2024-09-05T00:04:41.651+0000] {processor.py:208} INFO - Processing /home/airflow/.local/lib/python3.12/site-packages/airflow/example_dags/example_latest_only.py took 0.629 seconds
[2024-09-05T00:05:14.315+0000] {processor.py:186} INFO - Started process (PID=221) to work on /home/airflow/.local/lib/python3.12/site-packages/airflow/example_dags/example_latest_only.py
[2024-09-05T00:05:14.317+0000] {processor.py:914} INFO - Processing file /home/airflow/.local/lib/python3.12/site-packages/airflow/example_dags/example_latest_only.py for tasks to queue
[2024-09-05T00:05:14.321+0000] {logging_mixin.py:190} INFO - [2024-09-05T00:05:14.320+0000] {dagbag.py:587} INFO - Filling up the DagBag from /home/airflow/.local/lib/python3.12/site-packages/airflow/example_dags/example_latest_only.py
[2024-09-05T00:05:14.360+0000] {processor.py:925} INFO - DAG(s) 'latest_only' retrieved from /home/airflow/.local/lib/python3.12/site-packages/airflow/example_dags/example_latest_only.py
[2024-09-05T00:05:14.462+0000] {logging_mixin.py:190} INFO - [2024-09-05T00:05:14.461+0000] {dag.py:3211} INFO - Sync 1 DAGs
[2024-09-05T00:05:14.589+0000] {logging_mixin.py:190} INFO - [2024-09-05T00:05:14.588+0000] {dag.py:4138} INFO - Setting next_dagrun for latest_only to 2024-09-04 20:00:00+00:00, run_after=2024-09-05 00:00:00+00:00
[2024-09-05T00:05:14.679+0000] {processor.py:208} INFO - Processing /home/airflow/.local/lib/python3.12/site-packages/airflow/example_dags/example_latest_only.py took 0.391 seconds
[2024-09-05T00:13:21.841+0000] {processor.py:186} INFO - Started process (PID=91) to work on /home/airflow/.local/lib/python3.12/site-packages/airflow/example_dags/example_latest_only.py
[2024-09-05T00:13:21.853+0000] {processor.py:914} INFO - Processing file /home/airflow/.local/lib/python3.12/site-packages/airflow/example_dags/example_latest_only.py for tasks to queue
[2024-09-05T00:13:21.901+0000] {logging_mixin.py:190} INFO - [2024-09-05T00:13:21.891+0000] {dagbag.py:587} INFO - Filling up the DagBag from /home/airflow/.local/lib/python3.12/site-packages/airflow/example_dags/example_latest_only.py
[2024-09-05T00:13:22.105+0000] {processor.py:925} INFO - DAG(s) 'latest_only' retrieved from /home/airflow/.local/lib/python3.12/site-packages/airflow/example_dags/example_latest_only.py
[2024-09-05T00:13:22.684+0000] {logging_mixin.py:190} INFO - [2024-09-05T00:13:22.682+0000] {dag.py:3211} INFO - Sync 1 DAGs
[2024-09-05T00:13:23.747+0000] {logging_mixin.py:190} INFO - [2024-09-05T00:13:23.743+0000] {dag.py:4138} INFO - Setting next_dagrun for latest_only to 2024-09-04 20:00:00+00:00, run_after=2024-09-05 00:00:00+00:00
[2024-09-05T00:13:24.276+0000] {processor.py:208} INFO - Processing /home/airflow/.local/lib/python3.12/site-packages/airflow/example_dags/example_latest_only.py took 2.481 seconds
[2024-09-05T00:13:54.945+0000] {processor.py:186} INFO - Started process (PID=154) to work on /home/airflow/.local/lib/python3.12/site-packages/airflow/example_dags/example_latest_only.py
[2024-09-05T00:13:54.967+0000] {processor.py:914} INFO - Processing file /home/airflow/.local/lib/python3.12/site-packages/airflow/example_dags/example_latest_only.py for tasks to queue
[2024-09-05T00:13:55.014+0000] {logging_mixin.py:190} INFO - [2024-09-05T00:13:55.012+0000] {dagbag.py:587} INFO - Filling up the DagBag from /home/airflow/.local/lib/python3.12/site-packages/airflow/example_dags/example_latest_only.py
[2024-09-05T00:13:55.137+0000] {processor.py:925} INFO - DAG(s) 'latest_only' retrieved from /home/airflow/.local/lib/python3.12/site-packages/airflow/example_dags/example_latest_only.py
[2024-09-05T00:13:55.307+0000] {logging_mixin.py:190} INFO - [2024-09-05T00:13:55.306+0000] {dag.py:3211} INFO - Sync 1 DAGs
[2024-09-05T00:13:55.636+0000] {logging_mixin.py:190} INFO - [2024-09-05T00:13:55.626+0000] {dag.py:4138} INFO - Setting next_dagrun for latest_only to 2024-09-04 20:00:00+00:00, run_after=2024-09-05 00:00:00+00:00
[2024-09-05T00:13:55.740+0000] {processor.py:208} INFO - Processing /home/airflow/.local/lib/python3.12/site-packages/airflow/example_dags/example_latest_only.py took 0.980 seconds
[2024-09-05T00:14:31.558+0000] {processor.py:186} INFO - Started process (PID=217) to work on /home/airflow/.local/lib/python3.12/site-packages/airflow/example_dags/example_latest_only.py
[2024-09-05T00:14:31.561+0000] {processor.py:914} INFO - Processing file /home/airflow/.local/lib/python3.12/site-packages/airflow/example_dags/example_latest_only.py for tasks to queue
[2024-09-05T00:14:31.564+0000] {logging_mixin.py:190} INFO - [2024-09-05T00:14:31.563+0000] {dagbag.py:587} INFO - Filling up the DagBag from /home/airflow/.local/lib/python3.12/site-packages/airflow/example_dags/example_latest_only.py
[2024-09-05T00:14:31.587+0000] {processor.py:925} INFO - DAG(s) 'latest_only' retrieved from /home/airflow/.local/lib/python3.12/site-packages/airflow/example_dags/example_latest_only.py
[2024-09-05T00:14:31.644+0000] {logging_mixin.py:190} INFO - [2024-09-05T00:14:31.643+0000] {dag.py:3211} INFO - Sync 1 DAGs
[2024-09-05T00:14:31.717+0000] {logging_mixin.py:190} INFO - [2024-09-05T00:14:31.717+0000] {dag.py:4138} INFO - Setting next_dagrun for latest_only to 2024-09-04 20:00:00+00:00, run_after=2024-09-05 00:00:00+00:00
[2024-09-05T00:14:31.778+0000] {processor.py:208} INFO - Processing /home/airflow/.local/lib/python3.12/site-packages/airflow/example_dags/example_latest_only.py took 0.243 seconds
[2024-09-05T00:15:03.865+0000] {processor.py:186} INFO - Started process (PID=292) to work on /home/airflow/.local/lib/python3.12/site-packages/airflow/example_dags/example_latest_only.py
[2024-09-05T00:15:03.866+0000] {processor.py:914} INFO - Processing file /home/airflow/.local/lib/python3.12/site-packages/airflow/example_dags/example_latest_only.py for tasks to queue
[2024-09-05T00:15:03.869+0000] {logging_mixin.py:190} INFO - [2024-09-05T00:15:03.868+0000] {dagbag.py:587} INFO - Filling up the DagBag from /home/airflow/.local/lib/python3.12/site-packages/airflow/example_dags/example_latest_only.py
[2024-09-05T00:15:03.901+0000] {processor.py:925} INFO - DAG(s) 'latest_only' retrieved from /home/airflow/.local/lib/python3.12/site-packages/airflow/example_dags/example_latest_only.py
[2024-09-05T00:15:03.962+0000] {logging_mixin.py:190} INFO - [2024-09-05T00:15:03.961+0000] {dag.py:3211} INFO - Sync 1 DAGs
[2024-09-05T00:15:04.147+0000] {logging_mixin.py:190} INFO - [2024-09-05T00:15:04.144+0000] {dag.py:4138} INFO - Setting next_dagrun for latest_only to 2024-09-04 20:00:00+00:00, run_after=2024-09-05 00:00:00+00:00
[2024-09-05T00:15:04.301+0000] {processor.py:208} INFO - Processing /home/airflow/.local/lib/python3.12/site-packages/airflow/example_dags/example_latest_only.py took 0.454 seconds
[2024-09-05T00:32:31.797+0000] {processor.py:186} INFO - Started process (PID=111) to work on /home/airflow/.local/lib/python3.12/site-packages/airflow/example_dags/example_latest_only.py
[2024-09-05T00:32:31.823+0000] {processor.py:914} INFO - Processing file /home/airflow/.local/lib/python3.12/site-packages/airflow/example_dags/example_latest_only.py for tasks to queue
[2024-09-05T00:32:31.851+0000] {logging_mixin.py:190} INFO - [2024-09-05T00:32:31.850+0000] {dagbag.py:587} INFO - Filling up the DagBag from /home/airflow/.local/lib/python3.12/site-packages/airflow/example_dags/example_latest_only.py
[2024-09-05T00:32:32.040+0000] {processor.py:925} INFO - DAG(s) 'latest_only' retrieved from /home/airflow/.local/lib/python3.12/site-packages/airflow/example_dags/example_latest_only.py
[2024-09-05T00:32:32.222+0000] {logging_mixin.py:190} INFO - [2024-09-05T00:32:32.221+0000] {dag.py:3211} INFO - Sync 1 DAGs
[2024-09-05T00:32:32.377+0000] {logging_mixin.py:190} INFO - [2024-09-05T00:32:32.376+0000] {dag.py:4138} INFO - Setting next_dagrun for latest_only to 2024-09-04 20:00:00+00:00, run_after=2024-09-05 00:00:00+00:00
[2024-09-05T00:32:32.546+0000] {processor.py:208} INFO - Processing /home/airflow/.local/lib/python3.12/site-packages/airflow/example_dags/example_latest_only.py took 0.789 seconds
[2024-09-05T00:33:02.769+0000] {processor.py:186} INFO - Started process (PID=174) to work on /home/airflow/.local/lib/python3.12/site-packages/airflow/example_dags/example_latest_only.py
[2024-09-05T00:33:02.771+0000] {processor.py:914} INFO - Processing file /home/airflow/.local/lib/python3.12/site-packages/airflow/example_dags/example_latest_only.py for tasks to queue
[2024-09-05T00:33:02.774+0000] {logging_mixin.py:190} INFO - [2024-09-05T00:33:02.773+0000] {dagbag.py:587} INFO - Filling up the DagBag from /home/airflow/.local/lib/python3.12/site-packages/airflow/example_dags/example_latest_only.py
[2024-09-05T00:33:02.788+0000] {processor.py:925} INFO - DAG(s) 'latest_only' retrieved from /home/airflow/.local/lib/python3.12/site-packages/airflow/example_dags/example_latest_only.py
[2024-09-05T00:33:02.826+0000] {logging_mixin.py:190} INFO - [2024-09-05T00:33:02.825+0000] {dag.py:3211} INFO - Sync 1 DAGs
[2024-09-05T00:33:02.864+0000] {logging_mixin.py:190} INFO - [2024-09-05T00:33:02.863+0000] {dag.py:4138} INFO - Setting next_dagrun for latest_only to 2024-09-04 20:00:00+00:00, run_after=2024-09-05 00:00:00+00:00
[2024-09-05T00:33:02.896+0000] {processor.py:208} INFO - Processing /home/airflow/.local/lib/python3.12/site-packages/airflow/example_dags/example_latest_only.py took 0.139 seconds
[2024-09-05T00:33:33.510+0000] {processor.py:186} INFO - Started process (PID=237) to work on /home/airflow/.local/lib/python3.12/site-packages/airflow/example_dags/example_latest_only.py
[2024-09-05T00:33:33.515+0000] {processor.py:914} INFO - Processing file /home/airflow/.local/lib/python3.12/site-packages/airflow/example_dags/example_latest_only.py for tasks to queue
[2024-09-05T00:33:33.525+0000] {logging_mixin.py:190} INFO - [2024-09-05T00:33:33.524+0000] {dagbag.py:587} INFO - Filling up the DagBag from /home/airflow/.local/lib/python3.12/site-packages/airflow/example_dags/example_latest_only.py
[2024-09-05T00:33:33.546+0000] {processor.py:925} INFO - DAG(s) 'latest_only' retrieved from /home/airflow/.local/lib/python3.12/site-packages/airflow/example_dags/example_latest_only.py
[2024-09-05T00:33:33.645+0000] {logging_mixin.py:190} INFO - [2024-09-05T00:33:33.644+0000] {dag.py:3211} INFO - Sync 1 DAGs
[2024-09-05T00:33:33.742+0000] {logging_mixin.py:190} INFO - [2024-09-05T00:33:33.742+0000] {dag.py:4138} INFO - Setting next_dagrun for latest_only to 2024-09-04 20:00:00+00:00, run_after=2024-09-05 00:00:00+00:00
[2024-09-05T00:33:33.822+0000] {processor.py:208} INFO - Processing /home/airflow/.local/lib/python3.12/site-packages/airflow/example_dags/example_latest_only.py took 0.341 seconds
[2024-09-05T00:34:31.411+0000] {processor.py:186} INFO - Started process (PID=306) to work on /home/airflow/.local/lib/python3.12/site-packages/airflow/example_dags/example_latest_only.py
[2024-09-05T00:34:31.432+0000] {processor.py:914} INFO - Processing file /home/airflow/.local/lib/python3.12/site-packages/airflow/example_dags/example_latest_only.py for tasks to queue
[2024-09-05T00:34:31.622+0000] {logging_mixin.py:190} INFO - [2024-09-05T00:34:31.619+0000] {dagbag.py:587} INFO - Filling up the DagBag from /home/airflow/.local/lib/python3.12/site-packages/airflow/example_dags/example_latest_only.py
[2024-09-05T00:34:31.822+0000] {processor.py:925} INFO - DAG(s) 'latest_only' retrieved from /home/airflow/.local/lib/python3.12/site-packages/airflow/example_dags/example_latest_only.py
[2024-09-05T00:34:32.310+0000] {logging_mixin.py:190} INFO - [2024-09-05T00:34:32.306+0000] {dag.py:3211} INFO - Sync 1 DAGs
[2024-09-05T00:34:32.882+0000] {logging_mixin.py:190} INFO - [2024-09-05T00:34:32.880+0000] {dag.py:4138} INFO - Setting next_dagrun for latest_only to 2024-09-04 20:00:00+00:00, run_after=2024-09-05 00:00:00+00:00
[2024-09-05T00:34:33.385+0000] {processor.py:208} INFO - Processing /home/airflow/.local/lib/python3.12/site-packages/airflow/example_dags/example_latest_only.py took 2.131 seconds
[2024-09-05T00:36:09.605+0000] {processor.py:186} INFO - Started process (PID=381) to work on /home/airflow/.local/lib/python3.12/site-packages/airflow/example_dags/example_latest_only.py
[2024-09-05T00:36:09.606+0000] {processor.py:914} INFO - Processing file /home/airflow/.local/lib/python3.12/site-packages/airflow/example_dags/example_latest_only.py for tasks to queue
[2024-09-05T00:36:09.609+0000] {logging_mixin.py:190} INFO - [2024-09-05T00:36:09.608+0000] {dagbag.py:587} INFO - Filling up the DagBag from /home/airflow/.local/lib/python3.12/site-packages/airflow/example_dags/example_latest_only.py
[2024-09-05T00:36:09.621+0000] {processor.py:925} INFO - DAG(s) 'latest_only' retrieved from /home/airflow/.local/lib/python3.12/site-packages/airflow/example_dags/example_latest_only.py
[2024-09-05T00:36:09.665+0000] {logging_mixin.py:190} INFO - [2024-09-05T00:36:09.665+0000] {dag.py:3211} INFO - Sync 1 DAGs
[2024-09-05T00:36:09.711+0000] {logging_mixin.py:190} INFO - [2024-09-05T00:36:09.711+0000] {dag.py:4138} INFO - Setting next_dagrun for latest_only to 2024-09-04 20:00:00+00:00, run_after=2024-09-05 00:00:00+00:00
[2024-09-05T00:36:09.746+0000] {processor.py:208} INFO - Processing /home/airflow/.local/lib/python3.12/site-packages/airflow/example_dags/example_latest_only.py took 0.152 seconds
[2024-09-05T00:36:41.204+0000] {processor.py:186} INFO - Started process (PID=444) to work on /home/airflow/.local/lib/python3.12/site-packages/airflow/example_dags/example_latest_only.py
[2024-09-05T00:36:41.205+0000] {processor.py:914} INFO - Processing file /home/airflow/.local/lib/python3.12/site-packages/airflow/example_dags/example_latest_only.py for tasks to queue
[2024-09-05T00:36:41.211+0000] {logging_mixin.py:190} INFO - [2024-09-05T00:36:41.210+0000] {dagbag.py:587} INFO - Filling up the DagBag from /home/airflow/.local/lib/python3.12/site-packages/airflow/example_dags/example_latest_only.py
[2024-09-05T00:36:41.256+0000] {processor.py:925} INFO - DAG(s) 'latest_only' retrieved from /home/airflow/.local/lib/python3.12/site-packages/airflow/example_dags/example_latest_only.py
[2024-09-05T00:36:41.330+0000] {logging_mixin.py:190} INFO - [2024-09-05T00:36:41.328+0000] {dag.py:3211} INFO - Sync 1 DAGs
[2024-09-05T00:36:41.462+0000] {logging_mixin.py:190} INFO - [2024-09-05T00:36:41.460+0000] {dag.py:4138} INFO - Setting next_dagrun for latest_only to 2024-09-04 20:00:00+00:00, run_after=2024-09-05 00:00:00+00:00
[2024-09-05T00:36:41.619+0000] {processor.py:208} INFO - Processing /home/airflow/.local/lib/python3.12/site-packages/airflow/example_dags/example_latest_only.py took 0.447 seconds
[2024-09-05T00:37:12.527+0000] {processor.py:186} INFO - Started process (PID=507) to work on /home/airflow/.local/lib/python3.12/site-packages/airflow/example_dags/example_latest_only.py
[2024-09-05T00:37:12.529+0000] {processor.py:914} INFO - Processing file /home/airflow/.local/lib/python3.12/site-packages/airflow/example_dags/example_latest_only.py for tasks to queue
[2024-09-05T00:37:12.531+0000] {logging_mixin.py:190} INFO - [2024-09-05T00:37:12.531+0000] {dagbag.py:587} INFO - Filling up the DagBag from /home/airflow/.local/lib/python3.12/site-packages/airflow/example_dags/example_latest_only.py
[2024-09-05T00:37:12.543+0000] {processor.py:925} INFO - DAG(s) 'latest_only' retrieved from /home/airflow/.local/lib/python3.12/site-packages/airflow/example_dags/example_latest_only.py
[2024-09-05T00:37:12.583+0000] {logging_mixin.py:190} INFO - [2024-09-05T00:37:12.582+0000] {dag.py:3211} INFO - Sync 1 DAGs
[2024-09-05T00:37:12.618+0000] {logging_mixin.py:190} INFO - [2024-09-05T00:37:12.618+0000] {dag.py:4138} INFO - Setting next_dagrun for latest_only to 2024-09-04 20:00:00+00:00, run_after=2024-09-05 00:00:00+00:00
[2024-09-05T00:37:12.665+0000] {processor.py:208} INFO - Processing /home/airflow/.local/lib/python3.12/site-packages/airflow/example_dags/example_latest_only.py took 0.147 seconds
[2024-09-05T00:37:42.836+0000] {processor.py:186} INFO - Started process (PID=570) to work on /home/airflow/.local/lib/python3.12/site-packages/airflow/example_dags/example_latest_only.py
[2024-09-05T00:37:42.837+0000] {processor.py:914} INFO - Processing file /home/airflow/.local/lib/python3.12/site-packages/airflow/example_dags/example_latest_only.py for tasks to queue
[2024-09-05T00:37:42.840+0000] {logging_mixin.py:190} INFO - [2024-09-05T00:37:42.840+0000] {dagbag.py:587} INFO - Filling up the DagBag from /home/airflow/.local/lib/python3.12/site-packages/airflow/example_dags/example_latest_only.py
[2024-09-05T00:37:42.862+0000] {processor.py:925} INFO - DAG(s) 'latest_only' retrieved from /home/airflow/.local/lib/python3.12/site-packages/airflow/example_dags/example_latest_only.py
[2024-09-05T00:37:42.896+0000] {logging_mixin.py:190} INFO - [2024-09-05T00:37:42.895+0000] {dag.py:3211} INFO - Sync 1 DAGs
[2024-09-05T00:37:42.933+0000] {logging_mixin.py:190} INFO - [2024-09-05T00:37:42.933+0000] {dag.py:4138} INFO - Setting next_dagrun for latest_only to 2024-09-04 20:00:00+00:00, run_after=2024-09-05 00:00:00+00:00
[2024-09-05T00:37:42.963+0000] {processor.py:208} INFO - Processing /home/airflow/.local/lib/python3.12/site-packages/airflow/example_dags/example_latest_only.py took 0.140 seconds
[2024-09-05T00:38:13.389+0000] {processor.py:186} INFO - Started process (PID=632) to work on /home/airflow/.local/lib/python3.12/site-packages/airflow/example_dags/example_latest_only.py
[2024-09-05T00:38:13.393+0000] {processor.py:914} INFO - Processing file /home/airflow/.local/lib/python3.12/site-packages/airflow/example_dags/example_latest_only.py for tasks to queue
[2024-09-05T00:38:13.399+0000] {logging_mixin.py:190} INFO - [2024-09-05T00:38:13.398+0000] {dagbag.py:587} INFO - Filling up the DagBag from /home/airflow/.local/lib/python3.12/site-packages/airflow/example_dags/example_latest_only.py
[2024-09-05T00:38:13.415+0000] {processor.py:925} INFO - DAG(s) 'latest_only' retrieved from /home/airflow/.local/lib/python3.12/site-packages/airflow/example_dags/example_latest_only.py
[2024-09-05T00:38:13.502+0000] {logging_mixin.py:190} INFO - [2024-09-05T00:38:13.501+0000] {dag.py:3211} INFO - Sync 1 DAGs
[2024-09-05T00:38:13.553+0000] {logging_mixin.py:190} INFO - [2024-09-05T00:38:13.553+0000] {dag.py:4138} INFO - Setting next_dagrun for latest_only to 2024-09-04 20:00:00+00:00, run_after=2024-09-05 00:00:00+00:00
[2024-09-05T00:38:13.597+0000] {processor.py:208} INFO - Processing /home/airflow/.local/lib/python3.12/site-packages/airflow/example_dags/example_latest_only.py took 0.225 seconds
[2024-09-05T00:38:46.135+0000] {processor.py:186} INFO - Started process (PID=695) to work on /home/airflow/.local/lib/python3.12/site-packages/airflow/example_dags/example_latest_only.py
[2024-09-05T00:38:46.147+0000] {processor.py:914} INFO - Processing file /home/airflow/.local/lib/python3.12/site-packages/airflow/example_dags/example_latest_only.py for tasks to queue
[2024-09-05T00:38:46.152+0000] {logging_mixin.py:190} INFO - [2024-09-05T00:38:46.151+0000] {dagbag.py:587} INFO - Filling up the DagBag from /home/airflow/.local/lib/python3.12/site-packages/airflow/example_dags/example_latest_only.py
[2024-09-05T00:38:46.197+0000] {processor.py:925} INFO - DAG(s) 'latest_only' retrieved from /home/airflow/.local/lib/python3.12/site-packages/airflow/example_dags/example_latest_only.py
[2024-09-05T00:38:46.296+0000] {logging_mixin.py:190} INFO - [2024-09-05T00:38:46.295+0000] {dag.py:3211} INFO - Sync 1 DAGs
[2024-09-05T00:38:46.424+0000] {logging_mixin.py:190} INFO - [2024-09-05T00:38:46.423+0000] {dag.py:4138} INFO - Setting next_dagrun for latest_only to 2024-09-04 20:00:00+00:00, run_after=2024-09-05 00:00:00+00:00
[2024-09-05T00:38:46.499+0000] {processor.py:208} INFO - Processing /home/airflow/.local/lib/python3.12/site-packages/airflow/example_dags/example_latest_only.py took 0.400 seconds
[2024-09-05T00:39:16.764+0000] {processor.py:186} INFO - Started process (PID=758) to work on /home/airflow/.local/lib/python3.12/site-packages/airflow/example_dags/example_latest_only.py
[2024-09-05T00:39:16.765+0000] {processor.py:914} INFO - Processing file /home/airflow/.local/lib/python3.12/site-packages/airflow/example_dags/example_latest_only.py for tasks to queue
[2024-09-05T00:39:16.768+0000] {logging_mixin.py:190} INFO - [2024-09-05T00:39:16.767+0000] {dagbag.py:587} INFO - Filling up the DagBag from /home/airflow/.local/lib/python3.12/site-packages/airflow/example_dags/example_latest_only.py
[2024-09-05T00:39:16.789+0000] {processor.py:925} INFO - DAG(s) 'latest_only' retrieved from /home/airflow/.local/lib/python3.12/site-packages/airflow/example_dags/example_latest_only.py
[2024-09-05T00:39:16.848+0000] {logging_mixin.py:190} INFO - [2024-09-05T00:39:16.847+0000] {dag.py:3211} INFO - Sync 1 DAGs
[2024-09-05T00:39:16.932+0000] {logging_mixin.py:190} INFO - [2024-09-05T00:39:16.932+0000] {dag.py:4138} INFO - Setting next_dagrun for latest_only to 2024-09-04 20:00:00+00:00, run_after=2024-09-05 00:00:00+00:00
[2024-09-05T00:39:16.983+0000] {processor.py:208} INFO - Processing /home/airflow/.local/lib/python3.12/site-packages/airflow/example_dags/example_latest_only.py took 0.235 seconds
[2024-09-05T00:39:47.357+0000] {processor.py:186} INFO - Started process (PID=821) to work on /home/airflow/.local/lib/python3.12/site-packages/airflow/example_dags/example_latest_only.py
[2024-09-05T00:39:47.359+0000] {processor.py:914} INFO - Processing file /home/airflow/.local/lib/python3.12/site-packages/airflow/example_dags/example_latest_only.py for tasks to queue
[2024-09-05T00:39:47.365+0000] {logging_mixin.py:190} INFO - [2024-09-05T00:39:47.362+0000] {dagbag.py:587} INFO - Filling up the DagBag from /home/airflow/.local/lib/python3.12/site-packages/airflow/example_dags/example_latest_only.py
[2024-09-05T00:39:47.391+0000] {processor.py:925} INFO - DAG(s) 'latest_only' retrieved from /home/airflow/.local/lib/python3.12/site-packages/airflow/example_dags/example_latest_only.py
[2024-09-05T00:39:47.438+0000] {logging_mixin.py:190} INFO - [2024-09-05T00:39:47.438+0000] {dag.py:3211} INFO - Sync 1 DAGs
[2024-09-05T00:39:47.504+0000] {logging_mixin.py:190} INFO - [2024-09-05T00:39:47.503+0000] {dag.py:4138} INFO - Setting next_dagrun for latest_only to 2024-09-04 20:00:00+00:00, run_after=2024-09-05 00:00:00+00:00
[2024-09-05T00:39:47.553+0000] {processor.py:208} INFO - Processing /home/airflow/.local/lib/python3.12/site-packages/airflow/example_dags/example_latest_only.py took 0.212 seconds
[2024-09-05T00:40:20.785+0000] {processor.py:186} INFO - Started process (PID=891) to work on /home/airflow/.local/lib/python3.12/site-packages/airflow/example_dags/example_latest_only.py
[2024-09-05T00:40:20.789+0000] {processor.py:914} INFO - Processing file /home/airflow/.local/lib/python3.12/site-packages/airflow/example_dags/example_latest_only.py for tasks to queue
[2024-09-05T00:40:20.793+0000] {logging_mixin.py:190} INFO - [2024-09-05T00:40:20.792+0000] {dagbag.py:587} INFO - Filling up the DagBag from /home/airflow/.local/lib/python3.12/site-packages/airflow/example_dags/example_latest_only.py
[2024-09-05T00:40:20.831+0000] {processor.py:925} INFO - DAG(s) 'latest_only' retrieved from /home/airflow/.local/lib/python3.12/site-packages/airflow/example_dags/example_latest_only.py
[2024-09-05T00:40:20.934+0000] {logging_mixin.py:190} INFO - [2024-09-05T00:40:20.931+0000] {dag.py:3211} INFO - Sync 1 DAGs
[2024-09-05T00:40:21.012+0000] {logging_mixin.py:190} INFO - [2024-09-05T00:40:21.012+0000] {dag.py:4138} INFO - Setting next_dagrun for latest_only to 2024-09-04 20:00:00+00:00, run_after=2024-09-05 00:00:00+00:00
[2024-09-05T00:40:21.065+0000] {processor.py:208} INFO - Processing /home/airflow/.local/lib/python3.12/site-packages/airflow/example_dags/example_latest_only.py took 0.306 seconds
[2024-09-05T00:41:57.127+0000] {processor.py:186} INFO - Started process (PID=959) to work on /home/airflow/.local/lib/python3.12/site-packages/airflow/example_dags/example_latest_only.py
[2024-09-05T00:41:57.185+0000] {processor.py:914} INFO - Processing file /home/airflow/.local/lib/python3.12/site-packages/airflow/example_dags/example_latest_only.py for tasks to queue
[2024-09-05T00:41:57.290+0000] {logging_mixin.py:190} INFO - [2024-09-05T00:41:57.287+0000] {dagbag.py:587} INFO - Filling up the DagBag from /home/airflow/.local/lib/python3.12/site-packages/airflow/example_dags/example_latest_only.py
[2024-09-05T00:41:57.744+0000] {processor.py:925} INFO - DAG(s) 'latest_only' retrieved from /home/airflow/.local/lib/python3.12/site-packages/airflow/example_dags/example_latest_only.py
[2024-09-05T00:41:58.364+0000] {logging_mixin.py:190} INFO - [2024-09-05T00:41:58.350+0000] {dag.py:3211} INFO - Sync 1 DAGs
[2024-09-05T00:41:59.325+0000] {logging_mixin.py:190} INFO - [2024-09-05T00:41:59.322+0000] {dag.py:4138} INFO - Setting next_dagrun for latest_only to 2024-09-04 20:00:00+00:00, run_after=2024-09-05 00:00:00+00:00
[2024-09-05T00:41:59.835+0000] {processor.py:208} INFO - Processing /home/airflow/.local/lib/python3.12/site-packages/airflow/example_dags/example_latest_only.py took 3.107 seconds
