[2024-09-05T00:04:04.772+0000] {processor.py:186} INFO - Started process (PID=91) to work on /home/airflow/.local/lib/python3.12/site-packages/airflow/example_dags/example_branch_operator.py
[2024-09-05T00:04:04.776+0000] {processor.py:914} INFO - Processing file /home/airflow/.local/lib/python3.12/site-packages/airflow/example_dags/example_branch_operator.py for tasks to queue
[2024-09-05T00:04:04.787+0000] {logging_mixin.py:190} INFO - [2024-09-05T00:04:04.786+0000] {dagbag.py:587} INFO - Filling up the DagBag from /home/airflow/.local/lib/python3.12/site-packages/airflow/example_dags/example_branch_operator.py
[2024-09-05T00:04:04.925+0000] {processor.py:925} INFO - DAG(s) 'example_branch_operator' retrieved from /home/airflow/.local/lib/python3.12/site-packages/airflow/example_dags/example_branch_operator.py
[2024-09-05T00:04:05.964+0000] {logging_mixin.py:190} INFO - [2024-09-05T00:04:05.960+0000] {override.py:1858} INFO - Created Permission View: can delete on DAG:example_branch_operator
[2024-09-05T00:04:06.036+0000] {logging_mixin.py:190} INFO - [2024-09-05T00:04:06.035+0000] {override.py:1858} INFO - Created Permission View: can read on DAG:example_branch_operator
[2024-09-05T00:04:06.094+0000] {logging_mixin.py:190} INFO - [2024-09-05T00:04:06.092+0000] {override.py:1858} INFO - Created Permission View: can edit on DAG:example_branch_operator
[2024-09-05T00:04:06.100+0000] {logging_mixin.py:190} INFO - [2024-09-05T00:04:06.099+0000] {dag.py:3211} INFO - Sync 1 DAGs
[2024-09-05T00:04:06.170+0000] {logging_mixin.py:190} INFO - [2024-09-05T00:04:06.158+0000] {dag.py:3234} INFO - Creating ORM DAG for example_branch_operator
[2024-09-05T00:04:06.288+0000] {logging_mixin.py:190} INFO - [2024-09-05T00:04:06.287+0000] {dag.py:4138} INFO - Setting next_dagrun for example_branch_operator to 2024-09-04 00:00:00+00:00, run_after=2024-09-05 00:00:00+00:00
[2024-09-05T00:04:06.394+0000] {processor.py:208} INFO - Processing /home/airflow/.local/lib/python3.12/site-packages/airflow/example_dags/example_branch_operator.py took 1.686 seconds
[2024-09-05T00:04:36.592+0000] {processor.py:186} INFO - Started process (PID=153) to work on /home/airflow/.local/lib/python3.12/site-packages/airflow/example_dags/example_branch_operator.py
[2024-09-05T00:04:36.595+0000] {processor.py:914} INFO - Processing file /home/airflow/.local/lib/python3.12/site-packages/airflow/example_dags/example_branch_operator.py for tasks to queue
[2024-09-05T00:04:36.600+0000] {logging_mixin.py:190} INFO - [2024-09-05T00:04:36.598+0000] {dagbag.py:587} INFO - Filling up the DagBag from /home/airflow/.local/lib/python3.12/site-packages/airflow/example_dags/example_branch_operator.py
[2024-09-05T00:04:36.704+0000] {processor.py:925} INFO - DAG(s) 'example_branch_operator' retrieved from /home/airflow/.local/lib/python3.12/site-packages/airflow/example_dags/example_branch_operator.py
[2024-09-05T00:04:36.885+0000] {logging_mixin.py:190} INFO - [2024-09-05T00:04:36.884+0000] {dag.py:3211} INFO - Sync 1 DAGs
[2024-09-05T00:04:36.995+0000] {logging_mixin.py:190} INFO - [2024-09-05T00:04:36.994+0000] {dag.py:4138} INFO - Setting next_dagrun for example_branch_operator to 2024-09-04 00:00:00+00:00, run_after=2024-09-05 00:00:00+00:00
[2024-09-05T00:04:37.079+0000] {processor.py:208} INFO - Processing /home/airflow/.local/lib/python3.12/site-packages/airflow/example_dags/example_branch_operator.py took 0.519 seconds
[2024-09-05T00:05:13.228+0000] {processor.py:186} INFO - Started process (PID=215) to work on /home/airflow/.local/lib/python3.12/site-packages/airflow/example_dags/example_branch_operator.py
[2024-09-05T00:05:13.234+0000] {processor.py:914} INFO - Processing file /home/airflow/.local/lib/python3.12/site-packages/airflow/example_dags/example_branch_operator.py for tasks to queue
[2024-09-05T00:05:13.239+0000] {logging_mixin.py:190} INFO - [2024-09-05T00:05:13.238+0000] {dagbag.py:587} INFO - Filling up the DagBag from /home/airflow/.local/lib/python3.12/site-packages/airflow/example_dags/example_branch_operator.py
[2024-09-05T00:05:13.311+0000] {processor.py:925} INFO - DAG(s) 'example_branch_operator' retrieved from /home/airflow/.local/lib/python3.12/site-packages/airflow/example_dags/example_branch_operator.py
[2024-09-05T00:05:13.433+0000] {logging_mixin.py:190} INFO - [2024-09-05T00:05:13.432+0000] {dag.py:3211} INFO - Sync 1 DAGs
[2024-09-05T00:05:13.527+0000] {logging_mixin.py:190} INFO - [2024-09-05T00:05:13.527+0000] {dag.py:4138} INFO - Setting next_dagrun for example_branch_operator to 2024-09-04 00:00:00+00:00, run_after=2024-09-05 00:00:00+00:00
[2024-09-05T00:05:13.590+0000] {processor.py:208} INFO - Processing /home/airflow/.local/lib/python3.12/site-packages/airflow/example_dags/example_branch_operator.py took 0.385 seconds
[2024-09-05T00:13:07.042+0000] {processor.py:186} INFO - Started process (PID=84) to work on /home/airflow/.local/lib/python3.12/site-packages/airflow/example_dags/example_branch_operator.py
[2024-09-05T00:13:07.049+0000] {processor.py:914} INFO - Processing file /home/airflow/.local/lib/python3.12/site-packages/airflow/example_dags/example_branch_operator.py for tasks to queue
[2024-09-05T00:13:07.065+0000] {logging_mixin.py:190} INFO - [2024-09-05T00:13:07.061+0000] {dagbag.py:587} INFO - Filling up the DagBag from /home/airflow/.local/lib/python3.12/site-packages/airflow/example_dags/example_branch_operator.py
[2024-09-05T00:13:07.263+0000] {processor.py:925} INFO - DAG(s) 'example_branch_operator' retrieved from /home/airflow/.local/lib/python3.12/site-packages/airflow/example_dags/example_branch_operator.py
[2024-09-05T00:13:14.661+0000] {logging_mixin.py:190} INFO - [2024-09-05T00:13:14.660+0000] {dag.py:3211} INFO - Sync 1 DAGs
[2024-09-05T00:13:15.516+0000] {logging_mixin.py:190} INFO - [2024-09-05T00:13:15.515+0000] {dag.py:4138} INFO - Setting next_dagrun for example_branch_operator to 2024-09-04 00:00:00+00:00, run_after=2024-09-05 00:00:00+00:00
[2024-09-05T00:13:15.711+0000] {processor.py:208} INFO - Processing /home/airflow/.local/lib/python3.12/site-packages/airflow/example_dags/example_branch_operator.py took 8.789 seconds
[2024-09-05T00:13:48.323+0000] {processor.py:186} INFO - Started process (PID=147) to work on /home/airflow/.local/lib/python3.12/site-packages/airflow/example_dags/example_branch_operator.py
[2024-09-05T00:13:48.326+0000] {processor.py:914} INFO - Processing file /home/airflow/.local/lib/python3.12/site-packages/airflow/example_dags/example_branch_operator.py for tasks to queue
[2024-09-05T00:13:48.331+0000] {logging_mixin.py:190} INFO - [2024-09-05T00:13:48.330+0000] {dagbag.py:587} INFO - Filling up the DagBag from /home/airflow/.local/lib/python3.12/site-packages/airflow/example_dags/example_branch_operator.py
[2024-09-05T00:13:48.385+0000] {processor.py:925} INFO - DAG(s) 'example_branch_operator' retrieved from /home/airflow/.local/lib/python3.12/site-packages/airflow/example_dags/example_branch_operator.py
[2024-09-05T00:13:48.466+0000] {logging_mixin.py:190} INFO - [2024-09-05T00:13:48.465+0000] {dag.py:3211} INFO - Sync 1 DAGs
[2024-09-05T00:13:48.539+0000] {logging_mixin.py:190} INFO - [2024-09-05T00:13:48.538+0000] {dag.py:4138} INFO - Setting next_dagrun for example_branch_operator to 2024-09-04 00:00:00+00:00, run_after=2024-09-05 00:00:00+00:00
[2024-09-05T00:13:48.591+0000] {processor.py:208} INFO - Processing /home/airflow/.local/lib/python3.12/site-packages/airflow/example_dags/example_branch_operator.py took 0.289 seconds
[2024-09-05T00:14:27.810+0000] {processor.py:186} INFO - Started process (PID=200) to work on /home/airflow/.local/lib/python3.12/site-packages/airflow/example_dags/example_branch_operator.py
[2024-09-05T00:14:27.819+0000] {processor.py:914} INFO - Processing file /home/airflow/.local/lib/python3.12/site-packages/airflow/example_dags/example_branch_operator.py for tasks to queue
[2024-09-05T00:14:27.829+0000] {logging_mixin.py:190} INFO - [2024-09-05T00:14:27.828+0000] {dagbag.py:587} INFO - Filling up the DagBag from /home/airflow/.local/lib/python3.12/site-packages/airflow/example_dags/example_branch_operator.py
[2024-09-05T00:14:27.982+0000] {processor.py:925} INFO - DAG(s) 'example_branch_operator' retrieved from /home/airflow/.local/lib/python3.12/site-packages/airflow/example_dags/example_branch_operator.py
[2024-09-05T00:14:28.194+0000] {logging_mixin.py:190} INFO - [2024-09-05T00:14:28.194+0000] {dag.py:3211} INFO - Sync 1 DAGs
[2024-09-05T00:14:28.314+0000] {logging_mixin.py:190} INFO - [2024-09-05T00:14:28.313+0000] {dag.py:4138} INFO - Setting next_dagrun for example_branch_operator to 2024-09-04 00:00:00+00:00, run_after=2024-09-05 00:00:00+00:00
[2024-09-05T00:14:28.374+0000] {processor.py:208} INFO - Processing /home/airflow/.local/lib/python3.12/site-packages/airflow/example_dags/example_branch_operator.py took 0.602 seconds
[2024-09-05T00:14:58.946+0000] {processor.py:186} INFO - Started process (PID=275) to work on /home/airflow/.local/lib/python3.12/site-packages/airflow/example_dags/example_branch_operator.py
[2024-09-05T00:14:58.947+0000] {processor.py:914} INFO - Processing file /home/airflow/.local/lib/python3.12/site-packages/airflow/example_dags/example_branch_operator.py for tasks to queue
[2024-09-05T00:14:58.951+0000] {logging_mixin.py:190} INFO - [2024-09-05T00:14:58.950+0000] {dagbag.py:587} INFO - Filling up the DagBag from /home/airflow/.local/lib/python3.12/site-packages/airflow/example_dags/example_branch_operator.py
[2024-09-05T00:14:59.031+0000] {processor.py:925} INFO - DAG(s) 'example_branch_operator' retrieved from /home/airflow/.local/lib/python3.12/site-packages/airflow/example_dags/example_branch_operator.py
[2024-09-05T00:14:59.161+0000] {logging_mixin.py:190} INFO - [2024-09-05T00:14:59.159+0000] {dag.py:3211} INFO - Sync 1 DAGs
[2024-09-05T00:14:59.241+0000] {logging_mixin.py:190} INFO - [2024-09-05T00:14:59.240+0000] {dag.py:4138} INFO - Setting next_dagrun for example_branch_operator to 2024-09-04 00:00:00+00:00, run_after=2024-09-05 00:00:00+00:00
[2024-09-05T00:14:59.341+0000] {processor.py:208} INFO - Processing /home/airflow/.local/lib/python3.12/site-packages/airflow/example_dags/example_branch_operator.py took 0.424 seconds
[2024-09-05T00:32:27.939+0000] {processor.py:186} INFO - Started process (PID=104) to work on /home/airflow/.local/lib/python3.12/site-packages/airflow/example_dags/example_branch_operator.py
[2024-09-05T00:32:27.943+0000] {processor.py:914} INFO - Processing file /home/airflow/.local/lib/python3.12/site-packages/airflow/example_dags/example_branch_operator.py for tasks to queue
[2024-09-05T00:32:27.953+0000] {logging_mixin.py:190} INFO - [2024-09-05T00:32:27.951+0000] {dagbag.py:587} INFO - Filling up the DagBag from /home/airflow/.local/lib/python3.12/site-packages/airflow/example_dags/example_branch_operator.py
[2024-09-05T00:32:28.029+0000] {processor.py:925} INFO - DAG(s) 'example_branch_operator' retrieved from /home/airflow/.local/lib/python3.12/site-packages/airflow/example_dags/example_branch_operator.py
[2024-09-05T00:32:28.864+0000] {logging_mixin.py:190} INFO - [2024-09-05T00:32:28.864+0000] {dag.py:3211} INFO - Sync 1 DAGs
[2024-09-05T00:32:29.042+0000] {logging_mixin.py:190} INFO - [2024-09-05T00:32:29.041+0000] {dag.py:4138} INFO - Setting next_dagrun for example_branch_operator to 2024-09-04 00:00:00+00:00, run_after=2024-09-05 00:00:00+00:00
[2024-09-05T00:32:29.238+0000] {processor.py:208} INFO - Processing /home/airflow/.local/lib/python3.12/site-packages/airflow/example_dags/example_branch_operator.py took 1.316 seconds
[2024-09-05T00:32:59.816+0000] {processor.py:186} INFO - Started process (PID=167) to work on /home/airflow/.local/lib/python3.12/site-packages/airflow/example_dags/example_branch_operator.py
[2024-09-05T00:32:59.820+0000] {processor.py:914} INFO - Processing file /home/airflow/.local/lib/python3.12/site-packages/airflow/example_dags/example_branch_operator.py for tasks to queue
[2024-09-05T00:32:59.823+0000] {logging_mixin.py:190} INFO - [2024-09-05T00:32:59.822+0000] {dagbag.py:587} INFO - Filling up the DagBag from /home/airflow/.local/lib/python3.12/site-packages/airflow/example_dags/example_branch_operator.py
[2024-09-05T00:32:59.870+0000] {processor.py:925} INFO - DAG(s) 'example_branch_operator' retrieved from /home/airflow/.local/lib/python3.12/site-packages/airflow/example_dags/example_branch_operator.py
[2024-09-05T00:32:59.927+0000] {logging_mixin.py:190} INFO - [2024-09-05T00:32:59.927+0000] {dag.py:3211} INFO - Sync 1 DAGs
[2024-09-05T00:32:59.997+0000] {logging_mixin.py:190} INFO - [2024-09-05T00:32:59.997+0000] {dag.py:4138} INFO - Setting next_dagrun for example_branch_operator to 2024-09-04 00:00:00+00:00, run_after=2024-09-05 00:00:00+00:00
[2024-09-05T00:33:00.054+0000] {processor.py:208} INFO - Processing /home/airflow/.local/lib/python3.12/site-packages/airflow/example_dags/example_branch_operator.py took 0.272 seconds
[2024-09-05T00:33:30.142+0000] {processor.py:186} INFO - Started process (PID=230) to work on /home/airflow/.local/lib/python3.12/site-packages/airflow/example_dags/example_branch_operator.py
[2024-09-05T00:33:30.144+0000] {processor.py:914} INFO - Processing file /home/airflow/.local/lib/python3.12/site-packages/airflow/example_dags/example_branch_operator.py for tasks to queue
[2024-09-05T00:33:30.147+0000] {logging_mixin.py:190} INFO - [2024-09-05T00:33:30.147+0000] {dagbag.py:587} INFO - Filling up the DagBag from /home/airflow/.local/lib/python3.12/site-packages/airflow/example_dags/example_branch_operator.py
[2024-09-05T00:33:30.178+0000] {processor.py:925} INFO - DAG(s) 'example_branch_operator' retrieved from /home/airflow/.local/lib/python3.12/site-packages/airflow/example_dags/example_branch_operator.py
[2024-09-05T00:33:30.239+0000] {logging_mixin.py:190} INFO - [2024-09-05T00:33:30.239+0000] {dag.py:3211} INFO - Sync 1 DAGs
[2024-09-05T00:33:30.304+0000] {logging_mixin.py:190} INFO - [2024-09-05T00:33:30.303+0000] {dag.py:4138} INFO - Setting next_dagrun for example_branch_operator to 2024-09-04 00:00:00+00:00, run_after=2024-09-05 00:00:00+00:00
[2024-09-05T00:33:30.364+0000] {processor.py:208} INFO - Processing /home/airflow/.local/lib/python3.12/site-packages/airflow/example_dags/example_branch_operator.py took 0.234 seconds
[2024-09-05T00:34:13.374+0000] {processor.py:186} INFO - Started process (PID=299) to work on /home/airflow/.local/lib/python3.12/site-packages/airflow/example_dags/example_branch_operator.py
[2024-09-05T00:34:13.579+0000] {processor.py:914} INFO - Processing file /home/airflow/.local/lib/python3.12/site-packages/airflow/example_dags/example_branch_operator.py for tasks to queue
[2024-09-05T00:34:13.824+0000] {logging_mixin.py:190} INFO - [2024-09-05T00:34:13.820+0000] {dagbag.py:587} INFO - Filling up the DagBag from /home/airflow/.local/lib/python3.12/site-packages/airflow/example_dags/example_branch_operator.py
[2024-09-05T00:34:14.691+0000] {processor.py:925} INFO - DAG(s) 'example_branch_operator' retrieved from /home/airflow/.local/lib/python3.12/site-packages/airflow/example_dags/example_branch_operator.py
[2024-09-05T00:34:15.632+0000] {logging_mixin.py:190} INFO - [2024-09-05T00:34:15.619+0000] {dag.py:3211} INFO - Sync 1 DAGs
[2024-09-05T00:34:16.708+0000] {logging_mixin.py:190} INFO - [2024-09-05T00:34:16.695+0000] {dag.py:4138} INFO - Setting next_dagrun for example_branch_operator to 2024-09-04 00:00:00+00:00, run_after=2024-09-05 00:00:00+00:00
[2024-09-05T00:34:17.296+0000] {processor.py:208} INFO - Processing /home/airflow/.local/lib/python3.12/site-packages/airflow/example_dags/example_branch_operator.py took 4.128 seconds
[2024-09-05T00:36:07.987+0000] {processor.py:186} INFO - Started process (PID=374) to work on /home/airflow/.local/lib/python3.12/site-packages/airflow/example_dags/example_branch_operator.py
[2024-09-05T00:36:07.989+0000] {processor.py:914} INFO - Processing file /home/airflow/.local/lib/python3.12/site-packages/airflow/example_dags/example_branch_operator.py for tasks to queue
[2024-09-05T00:36:07.993+0000] {logging_mixin.py:190} INFO - [2024-09-05T00:36:07.992+0000] {dagbag.py:587} INFO - Filling up the DagBag from /home/airflow/.local/lib/python3.12/site-packages/airflow/example_dags/example_branch_operator.py
[2024-09-05T00:36:08.037+0000] {processor.py:925} INFO - DAG(s) 'example_branch_operator' retrieved from /home/airflow/.local/lib/python3.12/site-packages/airflow/example_dags/example_branch_operator.py
[2024-09-05T00:36:08.107+0000] {logging_mixin.py:190} INFO - [2024-09-05T00:36:08.106+0000] {dag.py:3211} INFO - Sync 1 DAGs
[2024-09-05T00:36:08.196+0000] {logging_mixin.py:190} INFO - [2024-09-05T00:36:08.195+0000] {dag.py:4138} INFO - Setting next_dagrun for example_branch_operator to 2024-09-04 00:00:00+00:00, run_after=2024-09-05 00:00:00+00:00
[2024-09-05T00:36:08.246+0000] {processor.py:208} INFO - Processing /home/airflow/.local/lib/python3.12/site-packages/airflow/example_dags/example_branch_operator.py took 0.276 seconds
[2024-09-05T00:36:38.481+0000] {processor.py:186} INFO - Started process (PID=437) to work on /home/airflow/.local/lib/python3.12/site-packages/airflow/example_dags/example_branch_operator.py
[2024-09-05T00:36:38.485+0000] {processor.py:914} INFO - Processing file /home/airflow/.local/lib/python3.12/site-packages/airflow/example_dags/example_branch_operator.py for tasks to queue
[2024-09-05T00:36:38.488+0000] {logging_mixin.py:190} INFO - [2024-09-05T00:36:38.488+0000] {dagbag.py:587} INFO - Filling up the DagBag from /home/airflow/.local/lib/python3.12/site-packages/airflow/example_dags/example_branch_operator.py
[2024-09-05T00:36:38.535+0000] {processor.py:925} INFO - DAG(s) 'example_branch_operator' retrieved from /home/airflow/.local/lib/python3.12/site-packages/airflow/example_dags/example_branch_operator.py
[2024-09-05T00:36:38.604+0000] {logging_mixin.py:190} INFO - [2024-09-05T00:36:38.603+0000] {dag.py:3211} INFO - Sync 1 DAGs
[2024-09-05T00:36:38.680+0000] {logging_mixin.py:190} INFO - [2024-09-05T00:36:38.680+0000] {dag.py:4138} INFO - Setting next_dagrun for example_branch_operator to 2024-09-04 00:00:00+00:00, run_after=2024-09-05 00:00:00+00:00
[2024-09-05T00:36:38.741+0000] {processor.py:208} INFO - Processing /home/airflow/.local/lib/python3.12/site-packages/airflow/example_dags/example_branch_operator.py took 0.281 seconds
[2024-09-05T00:37:11.267+0000] {processor.py:186} INFO - Started process (PID=500) to work on /home/airflow/.local/lib/python3.12/site-packages/airflow/example_dags/example_branch_operator.py
[2024-09-05T00:37:11.275+0000] {processor.py:914} INFO - Processing file /home/airflow/.local/lib/python3.12/site-packages/airflow/example_dags/example_branch_operator.py for tasks to queue
[2024-09-05T00:37:11.281+0000] {logging_mixin.py:190} INFO - [2024-09-05T00:37:11.280+0000] {dagbag.py:587} INFO - Filling up the DagBag from /home/airflow/.local/lib/python3.12/site-packages/airflow/example_dags/example_branch_operator.py
[2024-09-05T00:37:11.334+0000] {processor.py:925} INFO - DAG(s) 'example_branch_operator' retrieved from /home/airflow/.local/lib/python3.12/site-packages/airflow/example_dags/example_branch_operator.py
[2024-09-05T00:37:11.399+0000] {logging_mixin.py:190} INFO - [2024-09-05T00:37:11.398+0000] {dag.py:3211} INFO - Sync 1 DAGs
[2024-09-05T00:37:11.441+0000] {logging_mixin.py:190} INFO - [2024-09-05T00:37:11.440+0000] {dag.py:4138} INFO - Setting next_dagrun for example_branch_operator to 2024-09-04 00:00:00+00:00, run_after=2024-09-05 00:00:00+00:00
[2024-09-05T00:37:11.477+0000] {processor.py:208} INFO - Processing /home/airflow/.local/lib/python3.12/site-packages/airflow/example_dags/example_branch_operator.py took 0.227 seconds
[2024-09-05T00:37:41.727+0000] {processor.py:186} INFO - Started process (PID=563) to work on /home/airflow/.local/lib/python3.12/site-packages/airflow/example_dags/example_branch_operator.py
[2024-09-05T00:37:41.729+0000] {processor.py:914} INFO - Processing file /home/airflow/.local/lib/python3.12/site-packages/airflow/example_dags/example_branch_operator.py for tasks to queue
[2024-09-05T00:37:41.732+0000] {logging_mixin.py:190} INFO - [2024-09-05T00:37:41.731+0000] {dagbag.py:587} INFO - Filling up the DagBag from /home/airflow/.local/lib/python3.12/site-packages/airflow/example_dags/example_branch_operator.py
[2024-09-05T00:37:41.764+0000] {processor.py:925} INFO - DAG(s) 'example_branch_operator' retrieved from /home/airflow/.local/lib/python3.12/site-packages/airflow/example_dags/example_branch_operator.py
[2024-09-05T00:37:41.812+0000] {logging_mixin.py:190} INFO - [2024-09-05T00:37:41.811+0000] {dag.py:3211} INFO - Sync 1 DAGs
[2024-09-05T00:37:41.864+0000] {logging_mixin.py:190} INFO - [2024-09-05T00:37:41.863+0000] {dag.py:4138} INFO - Setting next_dagrun for example_branch_operator to 2024-09-04 00:00:00+00:00, run_after=2024-09-05 00:00:00+00:00
[2024-09-05T00:37:41.899+0000] {processor.py:208} INFO - Processing /home/airflow/.local/lib/python3.12/site-packages/airflow/example_dags/example_branch_operator.py took 0.183 seconds
[2024-09-05T00:38:12.397+0000] {processor.py:186} INFO - Started process (PID=626) to work on /home/airflow/.local/lib/python3.12/site-packages/airflow/example_dags/example_branch_operator.py
[2024-09-05T00:38:12.398+0000] {processor.py:914} INFO - Processing file /home/airflow/.local/lib/python3.12/site-packages/airflow/example_dags/example_branch_operator.py for tasks to queue
[2024-09-05T00:38:12.401+0000] {logging_mixin.py:190} INFO - [2024-09-05T00:38:12.400+0000] {dagbag.py:587} INFO - Filling up the DagBag from /home/airflow/.local/lib/python3.12/site-packages/airflow/example_dags/example_branch_operator.py
[2024-09-05T00:38:12.454+0000] {processor.py:925} INFO - DAG(s) 'example_branch_operator' retrieved from /home/airflow/.local/lib/python3.12/site-packages/airflow/example_dags/example_branch_operator.py
[2024-09-05T00:38:12.500+0000] {logging_mixin.py:190} INFO - [2024-09-05T00:38:12.500+0000] {dag.py:3211} INFO - Sync 1 DAGs
[2024-09-05T00:38:12.553+0000] {logging_mixin.py:190} INFO - [2024-09-05T00:38:12.552+0000] {dag.py:4138} INFO - Setting next_dagrun for example_branch_operator to 2024-09-04 00:00:00+00:00, run_after=2024-09-05 00:00:00+00:00
[2024-09-05T00:38:12.583+0000] {processor.py:208} INFO - Processing /home/airflow/.local/lib/python3.12/site-packages/airflow/example_dags/example_branch_operator.py took 0.198 seconds
[2024-09-05T00:38:44.159+0000] {processor.py:186} INFO - Started process (PID=689) to work on /home/airflow/.local/lib/python3.12/site-packages/airflow/example_dags/example_branch_operator.py
[2024-09-05T00:38:44.162+0000] {processor.py:914} INFO - Processing file /home/airflow/.local/lib/python3.12/site-packages/airflow/example_dags/example_branch_operator.py for tasks to queue
[2024-09-05T00:38:44.168+0000] {logging_mixin.py:190} INFO - [2024-09-05T00:38:44.167+0000] {dagbag.py:587} INFO - Filling up the DagBag from /home/airflow/.local/lib/python3.12/site-packages/airflow/example_dags/example_branch_operator.py
[2024-09-05T00:38:44.228+0000] {processor.py:925} INFO - DAG(s) 'example_branch_operator' retrieved from /home/airflow/.local/lib/python3.12/site-packages/airflow/example_dags/example_branch_operator.py
[2024-09-05T00:38:44.358+0000] {logging_mixin.py:190} INFO - [2024-09-05T00:38:44.357+0000] {dag.py:3211} INFO - Sync 1 DAGs
[2024-09-05T00:38:44.560+0000] {logging_mixin.py:190} INFO - [2024-09-05T00:38:44.559+0000] {dag.py:4138} INFO - Setting next_dagrun for example_branch_operator to 2024-09-04 00:00:00+00:00, run_after=2024-09-05 00:00:00+00:00
[2024-09-05T00:38:44.674+0000] {processor.py:208} INFO - Processing /home/airflow/.local/lib/python3.12/site-packages/airflow/example_dags/example_branch_operator.py took 0.527 seconds
[2024-09-05T00:39:15.635+0000] {processor.py:186} INFO - Started process (PID=752) to work on /home/airflow/.local/lib/python3.12/site-packages/airflow/example_dags/example_branch_operator.py
[2024-09-05T00:39:15.638+0000] {processor.py:914} INFO - Processing file /home/airflow/.local/lib/python3.12/site-packages/airflow/example_dags/example_branch_operator.py for tasks to queue
[2024-09-05T00:39:15.641+0000] {logging_mixin.py:190} INFO - [2024-09-05T00:39:15.640+0000] {dagbag.py:587} INFO - Filling up the DagBag from /home/airflow/.local/lib/python3.12/site-packages/airflow/example_dags/example_branch_operator.py
[2024-09-05T00:39:15.688+0000] {processor.py:925} INFO - DAG(s) 'example_branch_operator' retrieved from /home/airflow/.local/lib/python3.12/site-packages/airflow/example_dags/example_branch_operator.py
[2024-09-05T00:39:15.772+0000] {logging_mixin.py:190} INFO - [2024-09-05T00:39:15.770+0000] {dag.py:3211} INFO - Sync 1 DAGs
[2024-09-05T00:39:15.850+0000] {logging_mixin.py:190} INFO - [2024-09-05T00:39:15.849+0000] {dag.py:4138} INFO - Setting next_dagrun for example_branch_operator to 2024-09-04 00:00:00+00:00, run_after=2024-09-05 00:00:00+00:00
[2024-09-05T00:39:15.919+0000] {processor.py:208} INFO - Processing /home/airflow/.local/lib/python3.12/site-packages/airflow/example_dags/example_branch_operator.py took 0.300 seconds
[2024-09-05T00:39:46.157+0000] {processor.py:186} INFO - Started process (PID=816) to work on /home/airflow/.local/lib/python3.12/site-packages/airflow/example_dags/example_branch_operator.py
[2024-09-05T00:39:46.159+0000] {processor.py:914} INFO - Processing file /home/airflow/.local/lib/python3.12/site-packages/airflow/example_dags/example_branch_operator.py for tasks to queue
[2024-09-05T00:39:46.162+0000] {logging_mixin.py:190} INFO - [2024-09-05T00:39:46.161+0000] {dagbag.py:587} INFO - Filling up the DagBag from /home/airflow/.local/lib/python3.12/site-packages/airflow/example_dags/example_branch_operator.py
[2024-09-05T00:39:46.201+0000] {processor.py:925} INFO - DAG(s) 'example_branch_operator' retrieved from /home/airflow/.local/lib/python3.12/site-packages/airflow/example_dags/example_branch_operator.py
[2024-09-05T00:39:46.262+0000] {logging_mixin.py:190} INFO - [2024-09-05T00:39:46.261+0000] {dag.py:3211} INFO - Sync 1 DAGs
[2024-09-05T00:39:46.313+0000] {logging_mixin.py:190} INFO - [2024-09-05T00:39:46.313+0000] {dag.py:4138} INFO - Setting next_dagrun for example_branch_operator to 2024-09-04 00:00:00+00:00, run_after=2024-09-05 00:00:00+00:00
[2024-09-05T00:39:46.370+0000] {processor.py:208} INFO - Processing /home/airflow/.local/lib/python3.12/site-packages/airflow/example_dags/example_branch_operator.py took 0.220 seconds
[2024-09-05T00:40:18.465+0000] {processor.py:186} INFO - Started process (PID=878) to work on /home/airflow/.local/lib/python3.12/site-packages/airflow/example_dags/example_branch_operator.py
[2024-09-05T00:40:18.471+0000] {processor.py:914} INFO - Processing file /home/airflow/.local/lib/python3.12/site-packages/airflow/example_dags/example_branch_operator.py for tasks to queue
[2024-09-05T00:40:18.476+0000] {logging_mixin.py:190} INFO - [2024-09-05T00:40:18.474+0000] {dagbag.py:587} INFO - Filling up the DagBag from /home/airflow/.local/lib/python3.12/site-packages/airflow/example_dags/example_branch_operator.py
[2024-09-05T00:40:18.550+0000] {processor.py:925} INFO - DAG(s) 'example_branch_operator' retrieved from /home/airflow/.local/lib/python3.12/site-packages/airflow/example_dags/example_branch_operator.py
[2024-09-05T00:40:18.656+0000] {logging_mixin.py:190} INFO - [2024-09-05T00:40:18.655+0000] {dag.py:3211} INFO - Sync 1 DAGs
[2024-09-05T00:40:18.753+0000] {logging_mixin.py:190} INFO - [2024-09-05T00:40:18.752+0000] {dag.py:4138} INFO - Setting next_dagrun for example_branch_operator to 2024-09-04 00:00:00+00:00, run_after=2024-09-05 00:00:00+00:00
[2024-09-05T00:40:18.837+0000] {processor.py:208} INFO - Processing /home/airflow/.local/lib/python3.12/site-packages/airflow/example_dags/example_branch_operator.py took 0.400 seconds
[2024-09-05T00:41:27.936+0000] {processor.py:186} INFO - Started process (PID=952) to work on /home/airflow/.local/lib/python3.12/site-packages/airflow/example_dags/example_branch_operator.py
[2024-09-05T00:41:27.952+0000] {processor.py:914} INFO - Processing file /home/airflow/.local/lib/python3.12/site-packages/airflow/example_dags/example_branch_operator.py for tasks to queue
[2024-09-05T00:41:28.000+0000] {logging_mixin.py:190} INFO - [2024-09-05T00:41:27.983+0000] {dagbag.py:587} INFO - Filling up the DagBag from /home/airflow/.local/lib/python3.12/site-packages/airflow/example_dags/example_branch_operator.py
[2024-09-05T00:41:28.909+0000] {processor.py:925} INFO - DAG(s) 'example_branch_operator' retrieved from /home/airflow/.local/lib/python3.12/site-packages/airflow/example_dags/example_branch_operator.py
[2024-09-05T00:41:30.247+0000] {logging_mixin.py:190} INFO - [2024-09-05T00:41:30.239+0000] {dag.py:3211} INFO - Sync 1 DAGs
[2024-09-05T00:41:31.762+0000] {logging_mixin.py:190} INFO - [2024-09-05T00:41:31.760+0000] {dag.py:4138} INFO - Setting next_dagrun for example_branch_operator to 2024-09-04 00:00:00+00:00, run_after=2024-09-05 00:00:00+00:00
[2024-09-05T00:41:32.413+0000] {processor.py:208} INFO - Processing /home/airflow/.local/lib/python3.12/site-packages/airflow/example_dags/example_branch_operator.py took 4.887 seconds
