[2024-09-05T00:04:01.829+0000] {processor.py:186} INFO - Started process (PID=88) to work on /home/airflow/.local/lib/python3.12/site-packages/airflow/example_dags/example_params_ui_tutorial.py
[2024-09-05T00:04:01.831+0000] {processor.py:914} INFO - Processing file /home/airflow/.local/lib/python3.12/site-packages/airflow/example_dags/example_params_ui_tutorial.py for tasks to queue
[2024-09-05T00:04:01.836+0000] {logging_mixin.py:190} INFO - [2024-09-05T00:04:01.835+0000] {dagbag.py:587} INFO - Filling up the DagBag from /home/airflow/.local/lib/python3.12/site-packages/airflow/example_dags/example_params_ui_tutorial.py
[2024-09-05T00:04:01.907+0000] {processor.py:925} INFO - DAG(s) 'example_params_ui_tutorial' retrieved from /home/airflow/.local/lib/python3.12/site-packages/airflow/example_dags/example_params_ui_tutorial.py
[2024-09-05T00:04:02.879+0000] {logging_mixin.py:190} INFO - [2024-09-05T00:04:02.877+0000] {override.py:1858} INFO - Created Permission View: can delete on DAG:example_params_ui_tutorial
[2024-09-05T00:04:02.951+0000] {logging_mixin.py:190} INFO - [2024-09-05T00:04:02.950+0000] {override.py:1858} INFO - Created Permission View: can read on DAG:example_params_ui_tutorial
[2024-09-05T00:04:03.028+0000] {logging_mixin.py:190} INFO - [2024-09-05T00:04:03.027+0000] {override.py:1858} INFO - Created Permission View: can edit on DAG:example_params_ui_tutorial
[2024-09-05T00:04:03.045+0000] {logging_mixin.py:190} INFO - [2024-09-05T00:04:03.044+0000] {dag.py:3211} INFO - Sync 1 DAGs
[2024-09-05T00:04:03.165+0000] {logging_mixin.py:190} INFO - [2024-09-05T00:04:03.164+0000] {dag.py:3234} INFO - Creating ORM DAG for example_params_ui_tutorial
[2024-09-05T00:04:03.176+0000] {logging_mixin.py:190} INFO - [2024-09-05T00:04:03.175+0000] {dag.py:4138} INFO - Setting next_dagrun for example_params_ui_tutorial to None, run_after=None
[2024-09-05T00:04:03.301+0000] {processor.py:208} INFO - Processing /home/airflow/.local/lib/python3.12/site-packages/airflow/example_dags/example_params_ui_tutorial.py took 1.510 seconds
[2024-09-05T00:04:35.378+0000] {processor.py:186} INFO - Started process (PID=150) to work on /home/airflow/.local/lib/python3.12/site-packages/airflow/example_dags/example_params_ui_tutorial.py
[2024-09-05T00:04:35.384+0000] {processor.py:914} INFO - Processing file /home/airflow/.local/lib/python3.12/site-packages/airflow/example_dags/example_params_ui_tutorial.py for tasks to queue
[2024-09-05T00:04:35.395+0000] {logging_mixin.py:190} INFO - [2024-09-05T00:04:35.393+0000] {dagbag.py:587} INFO - Filling up the DagBag from /home/airflow/.local/lib/python3.12/site-packages/airflow/example_dags/example_params_ui_tutorial.py
[2024-09-05T00:04:35.469+0000] {processor.py:925} INFO - DAG(s) 'example_params_ui_tutorial' retrieved from /home/airflow/.local/lib/python3.12/site-packages/airflow/example_dags/example_params_ui_tutorial.py
[2024-09-05T00:04:35.845+0000] {logging_mixin.py:190} INFO - [2024-09-05T00:04:35.844+0000] {dag.py:3211} INFO - Sync 1 DAGs
[2024-09-05T00:04:35.957+0000] {logging_mixin.py:190} INFO - [2024-09-05T00:04:35.956+0000] {dag.py:4138} INFO - Setting next_dagrun for example_params_ui_tutorial to None, run_after=None
[2024-09-05T00:04:36.033+0000] {processor.py:208} INFO - Processing /home/airflow/.local/lib/python3.12/site-packages/airflow/example_dags/example_params_ui_tutorial.py took 0.708 seconds
[2024-09-05T00:05:12.424+0000] {processor.py:186} INFO - Started process (PID=212) to work on /home/airflow/.local/lib/python3.12/site-packages/airflow/example_dags/example_params_ui_tutorial.py
[2024-09-05T00:05:12.432+0000] {processor.py:914} INFO - Processing file /home/airflow/.local/lib/python3.12/site-packages/airflow/example_dags/example_params_ui_tutorial.py for tasks to queue
[2024-09-05T00:05:12.441+0000] {logging_mixin.py:190} INFO - [2024-09-05T00:05:12.440+0000] {dagbag.py:587} INFO - Filling up the DagBag from /home/airflow/.local/lib/python3.12/site-packages/airflow/example_dags/example_params_ui_tutorial.py
[2024-09-05T00:05:12.477+0000] {processor.py:925} INFO - DAG(s) 'example_params_ui_tutorial' retrieved from /home/airflow/.local/lib/python3.12/site-packages/airflow/example_dags/example_params_ui_tutorial.py
[2024-09-05T00:05:12.653+0000] {logging_mixin.py:190} INFO - [2024-09-05T00:05:12.652+0000] {dag.py:3211} INFO - Sync 1 DAGs
[2024-09-05T00:05:12.697+0000] {logging_mixin.py:190} INFO - [2024-09-05T00:05:12.697+0000] {dag.py:4138} INFO - Setting next_dagrun for example_params_ui_tutorial to None, run_after=None
[2024-09-05T00:05:12.762+0000] {processor.py:208} INFO - Processing /home/airflow/.local/lib/python3.12/site-packages/airflow/example_dags/example_params_ui_tutorial.py took 0.365 seconds
[2024-09-05T00:13:05.558+0000] {processor.py:186} INFO - Started process (PID=81) to work on /home/airflow/.local/lib/python3.12/site-packages/airflow/example_dags/example_params_ui_tutorial.py
[2024-09-05T00:13:05.564+0000] {processor.py:914} INFO - Processing file /home/airflow/.local/lib/python3.12/site-packages/airflow/example_dags/example_params_ui_tutorial.py for tasks to queue
[2024-09-05T00:13:05.575+0000] {logging_mixin.py:190} INFO - [2024-09-05T00:13:05.572+0000] {dagbag.py:587} INFO - Filling up the DagBag from /home/airflow/.local/lib/python3.12/site-packages/airflow/example_dags/example_params_ui_tutorial.py
[2024-09-05T00:13:05.769+0000] {processor.py:925} INFO - DAG(s) 'example_params_ui_tutorial' retrieved from /home/airflow/.local/lib/python3.12/site-packages/airflow/example_dags/example_params_ui_tutorial.py
[2024-09-05T00:13:06.318+0000] {logging_mixin.py:190} INFO - [2024-09-05T00:13:06.317+0000] {dag.py:3211} INFO - Sync 1 DAGs
[2024-09-05T00:13:06.486+0000] {logging_mixin.py:190} INFO - [2024-09-05T00:13:06.486+0000] {dag.py:4138} INFO - Setting next_dagrun for example_params_ui_tutorial to None, run_after=None
[2024-09-05T00:13:06.592+0000] {processor.py:208} INFO - Processing /home/airflow/.local/lib/python3.12/site-packages/airflow/example_dags/example_params_ui_tutorial.py took 1.197 seconds
[2024-09-05T00:13:47.980+0000] {processor.py:186} INFO - Started process (PID=144) to work on /home/airflow/.local/lib/python3.12/site-packages/airflow/example_dags/example_params_ui_tutorial.py
[2024-09-05T00:13:47.982+0000] {processor.py:914} INFO - Processing file /home/airflow/.local/lib/python3.12/site-packages/airflow/example_dags/example_params_ui_tutorial.py for tasks to queue
[2024-09-05T00:13:47.987+0000] {logging_mixin.py:190} INFO - [2024-09-05T00:13:47.985+0000] {dagbag.py:587} INFO - Filling up the DagBag from /home/airflow/.local/lib/python3.12/site-packages/airflow/example_dags/example_params_ui_tutorial.py
[2024-09-05T00:13:48.015+0000] {processor.py:925} INFO - DAG(s) 'example_params_ui_tutorial' retrieved from /home/airflow/.local/lib/python3.12/site-packages/airflow/example_dags/example_params_ui_tutorial.py
[2024-09-05T00:13:48.148+0000] {logging_mixin.py:190} INFO - [2024-09-05T00:13:48.147+0000] {dag.py:3211} INFO - Sync 1 DAGs
[2024-09-05T00:13:48.182+0000] {logging_mixin.py:190} INFO - [2024-09-05T00:13:48.181+0000] {dag.py:4138} INFO - Setting next_dagrun for example_params_ui_tutorial to None, run_after=None
[2024-09-05T00:13:48.230+0000] {processor.py:208} INFO - Processing /home/airflow/.local/lib/python3.12/site-packages/airflow/example_dags/example_params_ui_tutorial.py took 0.270 seconds
[2024-09-05T00:14:25.675+0000] {processor.py:186} INFO - Started process (PID=197) to work on /home/airflow/.local/lib/python3.12/site-packages/airflow/example_dags/example_params_ui_tutorial.py
[2024-09-05T00:14:25.678+0000] {processor.py:914} INFO - Processing file /home/airflow/.local/lib/python3.12/site-packages/airflow/example_dags/example_params_ui_tutorial.py for tasks to queue
[2024-09-05T00:14:25.693+0000] {logging_mixin.py:190} INFO - [2024-09-05T00:14:25.691+0000] {dagbag.py:587} INFO - Filling up the DagBag from /home/airflow/.local/lib/python3.12/site-packages/airflow/example_dags/example_params_ui_tutorial.py
[2024-09-05T00:14:25.772+0000] {processor.py:925} INFO - DAG(s) 'example_params_ui_tutorial' retrieved from /home/airflow/.local/lib/python3.12/site-packages/airflow/example_dags/example_params_ui_tutorial.py
[2024-09-05T00:14:26.350+0000] {logging_mixin.py:190} INFO - [2024-09-05T00:14:26.349+0000] {dag.py:3211} INFO - Sync 1 DAGs
[2024-09-05T00:14:26.562+0000] {logging_mixin.py:190} INFO - [2024-09-05T00:14:26.561+0000] {dag.py:4138} INFO - Setting next_dagrun for example_params_ui_tutorial to None, run_after=None
[2024-09-05T00:14:26.771+0000] {processor.py:208} INFO - Processing /home/airflow/.local/lib/python3.12/site-packages/airflow/example_dags/example_params_ui_tutorial.py took 1.131 seconds
[2024-09-05T00:14:57.234+0000] {processor.py:186} INFO - Started process (PID=272) to work on /home/airflow/.local/lib/python3.12/site-packages/airflow/example_dags/example_params_ui_tutorial.py
[2024-09-05T00:14:57.237+0000] {processor.py:914} INFO - Processing file /home/airflow/.local/lib/python3.12/site-packages/airflow/example_dags/example_params_ui_tutorial.py for tasks to queue
[2024-09-05T00:14:57.246+0000] {logging_mixin.py:190} INFO - [2024-09-05T00:14:57.244+0000] {dagbag.py:587} INFO - Filling up the DagBag from /home/airflow/.local/lib/python3.12/site-packages/airflow/example_dags/example_params_ui_tutorial.py
[2024-09-05T00:14:57.279+0000] {processor.py:925} INFO - DAG(s) 'example_params_ui_tutorial' retrieved from /home/airflow/.local/lib/python3.12/site-packages/airflow/example_dags/example_params_ui_tutorial.py
[2024-09-05T00:14:57.479+0000] {logging_mixin.py:190} INFO - [2024-09-05T00:14:57.478+0000] {dag.py:3211} INFO - Sync 1 DAGs
[2024-09-05T00:14:57.567+0000] {logging_mixin.py:190} INFO - [2024-09-05T00:14:57.566+0000] {dag.py:4138} INFO - Setting next_dagrun for example_params_ui_tutorial to None, run_after=None
[2024-09-05T00:14:57.742+0000] {processor.py:208} INFO - Processing /home/airflow/.local/lib/python3.12/site-packages/airflow/example_dags/example_params_ui_tutorial.py took 0.539 seconds
[2024-09-05T00:32:26.619+0000] {processor.py:186} INFO - Started process (PID=101) to work on /home/airflow/.local/lib/python3.12/site-packages/airflow/example_dags/example_params_ui_tutorial.py
[2024-09-05T00:32:26.632+0000] {processor.py:914} INFO - Processing file /home/airflow/.local/lib/python3.12/site-packages/airflow/example_dags/example_params_ui_tutorial.py for tasks to queue
[2024-09-05T00:32:26.631+0000] {logging_mixin.py:190} INFO - [2024-09-05T00:32:26.630+0000] {dagbag.py:587} INFO - Filling up the DagBag from /home/airflow/.local/lib/python3.12/site-packages/airflow/example_dags/example_params_ui_tutorial.py
[2024-09-05T00:32:26.727+0000] {processor.py:925} INFO - DAG(s) 'example_params_ui_tutorial' retrieved from /home/airflow/.local/lib/python3.12/site-packages/airflow/example_dags/example_params_ui_tutorial.py
[2024-09-05T00:32:27.062+0000] {logging_mixin.py:190} INFO - [2024-09-05T00:32:27.060+0000] {dag.py:3211} INFO - Sync 1 DAGs
[2024-09-05T00:32:27.208+0000] {logging_mixin.py:190} INFO - [2024-09-05T00:32:27.207+0000] {dag.py:4138} INFO - Setting next_dagrun for example_params_ui_tutorial to None, run_after=None
[2024-09-05T00:32:27.283+0000] {processor.py:208} INFO - Processing /home/airflow/.local/lib/python3.12/site-packages/airflow/example_dags/example_params_ui_tutorial.py took 0.711 seconds
[2024-09-05T00:32:58.193+0000] {processor.py:186} INFO - Started process (PID=164) to work on /home/airflow/.local/lib/python3.12/site-packages/airflow/example_dags/example_params_ui_tutorial.py
[2024-09-05T00:32:58.272+0000] {processor.py:914} INFO - Processing file /home/airflow/.local/lib/python3.12/site-packages/airflow/example_dags/example_params_ui_tutorial.py for tasks to queue
[2024-09-05T00:32:58.278+0000] {logging_mixin.py:190} INFO - [2024-09-05T00:32:58.277+0000] {dagbag.py:587} INFO - Filling up the DagBag from /home/airflow/.local/lib/python3.12/site-packages/airflow/example_dags/example_params_ui_tutorial.py
[2024-09-05T00:32:58.358+0000] {processor.py:925} INFO - DAG(s) 'example_params_ui_tutorial' retrieved from /home/airflow/.local/lib/python3.12/site-packages/airflow/example_dags/example_params_ui_tutorial.py
[2024-09-05T00:32:58.735+0000] {logging_mixin.py:190} INFO - [2024-09-05T00:32:58.735+0000] {dag.py:3211} INFO - Sync 1 DAGs
[2024-09-05T00:32:58.858+0000] {logging_mixin.py:190} INFO - [2024-09-05T00:32:58.857+0000] {dag.py:4138} INFO - Setting next_dagrun for example_params_ui_tutorial to None, run_after=None
[2024-09-05T00:32:59.191+0000] {processor.py:208} INFO - Processing /home/airflow/.local/lib/python3.12/site-packages/airflow/example_dags/example_params_ui_tutorial.py took 1.030 seconds
[2024-09-05T00:33:29.814+0000] {processor.py:186} INFO - Started process (PID=227) to work on /home/airflow/.local/lib/python3.12/site-packages/airflow/example_dags/example_params_ui_tutorial.py
[2024-09-05T00:33:29.816+0000] {processor.py:914} INFO - Processing file /home/airflow/.local/lib/python3.12/site-packages/airflow/example_dags/example_params_ui_tutorial.py for tasks to queue
[2024-09-05T00:33:29.821+0000] {logging_mixin.py:190} INFO - [2024-09-05T00:33:29.821+0000] {dagbag.py:587} INFO - Filling up the DagBag from /home/airflow/.local/lib/python3.12/site-packages/airflow/example_dags/example_params_ui_tutorial.py
[2024-09-05T00:33:29.842+0000] {processor.py:925} INFO - DAG(s) 'example_params_ui_tutorial' retrieved from /home/airflow/.local/lib/python3.12/site-packages/airflow/example_dags/example_params_ui_tutorial.py
[2024-09-05T00:33:29.973+0000] {logging_mixin.py:190} INFO - [2024-09-05T00:33:29.973+0000] {dag.py:3211} INFO - Sync 1 DAGs
[2024-09-05T00:33:30.009+0000] {logging_mixin.py:190} INFO - [2024-09-05T00:33:30.009+0000] {dag.py:4138} INFO - Setting next_dagrun for example_params_ui_tutorial to None, run_after=None
[2024-09-05T00:33:30.062+0000] {processor.py:208} INFO - Processing /home/airflow/.local/lib/python3.12/site-packages/airflow/example_dags/example_params_ui_tutorial.py took 0.257 seconds
[2024-09-05T00:34:08.611+0000] {processor.py:186} INFO - Started process (PID=291) to work on /home/airflow/.local/lib/python3.12/site-packages/airflow/example_dags/example_params_ui_tutorial.py
[2024-09-05T00:34:08.656+0000] {processor.py:914} INFO - Processing file /home/airflow/.local/lib/python3.12/site-packages/airflow/example_dags/example_params_ui_tutorial.py for tasks to queue
[2024-09-05T00:34:09.009+0000] {logging_mixin.py:190} INFO - [2024-09-05T00:34:08.993+0000] {dagbag.py:587} INFO - Filling up the DagBag from /home/airflow/.local/lib/python3.12/site-packages/airflow/example_dags/example_params_ui_tutorial.py
[2024-09-05T00:34:09.581+0000] {processor.py:925} INFO - DAG(s) 'example_params_ui_tutorial' retrieved from /home/airflow/.local/lib/python3.12/site-packages/airflow/example_dags/example_params_ui_tutorial.py
[2024-09-05T00:34:11.043+0000] {logging_mixin.py:190} INFO - [2024-09-05T00:34:11.039+0000] {dag.py:3211} INFO - Sync 1 DAGs
[2024-09-05T00:34:11.530+0000] {logging_mixin.py:190} INFO - [2024-09-05T00:34:11.528+0000] {dag.py:4138} INFO - Setting next_dagrun for example_params_ui_tutorial to None, run_after=None
[2024-09-05T00:34:12.257+0000] {processor.py:208} INFO - Processing /home/airflow/.local/lib/python3.12/site-packages/airflow/example_dags/example_params_ui_tutorial.py took 3.802 seconds
[2024-09-05T00:36:07.500+0000] {processor.py:186} INFO - Started process (PID=371) to work on /home/airflow/.local/lib/python3.12/site-packages/airflow/example_dags/example_params_ui_tutorial.py
[2024-09-05T00:36:07.503+0000] {processor.py:914} INFO - Processing file /home/airflow/.local/lib/python3.12/site-packages/airflow/example_dags/example_params_ui_tutorial.py for tasks to queue
[2024-09-05T00:36:07.507+0000] {logging_mixin.py:190} INFO - [2024-09-05T00:36:07.506+0000] {dagbag.py:587} INFO - Filling up the DagBag from /home/airflow/.local/lib/python3.12/site-packages/airflow/example_dags/example_params_ui_tutorial.py
[2024-09-05T00:36:07.531+0000] {processor.py:925} INFO - DAG(s) 'example_params_ui_tutorial' retrieved from /home/airflow/.local/lib/python3.12/site-packages/airflow/example_dags/example_params_ui_tutorial.py
[2024-09-05T00:36:07.667+0000] {logging_mixin.py:190} INFO - [2024-09-05T00:36:07.665+0000] {dag.py:3211} INFO - Sync 1 DAGs
[2024-09-05T00:36:07.713+0000] {logging_mixin.py:190} INFO - [2024-09-05T00:36:07.712+0000] {dag.py:4138} INFO - Setting next_dagrun for example_params_ui_tutorial to None, run_after=None
[2024-09-05T00:36:07.768+0000] {processor.py:208} INFO - Processing /home/airflow/.local/lib/python3.12/site-packages/airflow/example_dags/example_params_ui_tutorial.py took 0.291 seconds
[2024-09-05T00:36:38.079+0000] {processor.py:186} INFO - Started process (PID=434) to work on /home/airflow/.local/lib/python3.12/site-packages/airflow/example_dags/example_params_ui_tutorial.py
[2024-09-05T00:36:38.083+0000] {processor.py:914} INFO - Processing file /home/airflow/.local/lib/python3.12/site-packages/airflow/example_dags/example_params_ui_tutorial.py for tasks to queue
[2024-09-05T00:36:38.088+0000] {logging_mixin.py:190} INFO - [2024-09-05T00:36:38.086+0000] {dagbag.py:587} INFO - Filling up the DagBag from /home/airflow/.local/lib/python3.12/site-packages/airflow/example_dags/example_params_ui_tutorial.py
[2024-09-05T00:36:38.115+0000] {processor.py:925} INFO - DAG(s) 'example_params_ui_tutorial' retrieved from /home/airflow/.local/lib/python3.12/site-packages/airflow/example_dags/example_params_ui_tutorial.py
[2024-09-05T00:36:38.241+0000] {logging_mixin.py:190} INFO - [2024-09-05T00:36:38.240+0000] {dag.py:3211} INFO - Sync 1 DAGs
[2024-09-05T00:36:38.311+0000] {logging_mixin.py:190} INFO - [2024-09-05T00:36:38.310+0000] {dag.py:4138} INFO - Setting next_dagrun for example_params_ui_tutorial to None, run_after=None
[2024-09-05T00:36:38.386+0000] {processor.py:208} INFO - Processing /home/airflow/.local/lib/python3.12/site-packages/airflow/example_dags/example_params_ui_tutorial.py took 0.335 seconds
[2024-09-05T00:37:10.744+0000] {processor.py:186} INFO - Started process (PID=498) to work on /home/airflow/.local/lib/python3.12/site-packages/airflow/example_dags/example_params_ui_tutorial.py
[2024-09-05T00:37:10.745+0000] {processor.py:914} INFO - Processing file /home/airflow/.local/lib/python3.12/site-packages/airflow/example_dags/example_params_ui_tutorial.py for tasks to queue
[2024-09-05T00:37:10.750+0000] {logging_mixin.py:190} INFO - [2024-09-05T00:37:10.749+0000] {dagbag.py:587} INFO - Filling up the DagBag from /home/airflow/.local/lib/python3.12/site-packages/airflow/example_dags/example_params_ui_tutorial.py
[2024-09-05T00:37:10.796+0000] {processor.py:925} INFO - DAG(s) 'example_params_ui_tutorial' retrieved from /home/airflow/.local/lib/python3.12/site-packages/airflow/example_dags/example_params_ui_tutorial.py
[2024-09-05T00:37:10.987+0000] {logging_mixin.py:190} INFO - [2024-09-05T00:37:10.987+0000] {dag.py:3211} INFO - Sync 1 DAGs
[2024-09-05T00:37:11.022+0000] {logging_mixin.py:190} INFO - [2024-09-05T00:37:11.021+0000] {dag.py:4138} INFO - Setting next_dagrun for example_params_ui_tutorial to None, run_after=None
[2024-09-05T00:37:11.074+0000] {processor.py:208} INFO - Processing /home/airflow/.local/lib/python3.12/site-packages/airflow/example_dags/example_params_ui_tutorial.py took 0.346 seconds
[2024-09-05T00:37:41.286+0000] {processor.py:186} INFO - Started process (PID=561) to work on /home/airflow/.local/lib/python3.12/site-packages/airflow/example_dags/example_params_ui_tutorial.py
[2024-09-05T00:37:41.287+0000] {processor.py:914} INFO - Processing file /home/airflow/.local/lib/python3.12/site-packages/airflow/example_dags/example_params_ui_tutorial.py for tasks to queue
[2024-09-05T00:37:41.291+0000] {logging_mixin.py:190} INFO - [2024-09-05T00:37:41.290+0000] {dagbag.py:587} INFO - Filling up the DagBag from /home/airflow/.local/lib/python3.12/site-packages/airflow/example_dags/example_params_ui_tutorial.py
[2024-09-05T00:37:41.308+0000] {processor.py:925} INFO - DAG(s) 'example_params_ui_tutorial' retrieved from /home/airflow/.local/lib/python3.12/site-packages/airflow/example_dags/example_params_ui_tutorial.py
[2024-09-05T00:37:41.372+0000] {logging_mixin.py:190} INFO - [2024-09-05T00:37:41.372+0000] {dag.py:3211} INFO - Sync 1 DAGs
[2024-09-05T00:37:41.393+0000] {logging_mixin.py:190} INFO - [2024-09-05T00:37:41.392+0000] {dag.py:4138} INFO - Setting next_dagrun for example_params_ui_tutorial to None, run_after=None
[2024-09-05T00:37:41.425+0000] {processor.py:208} INFO - Processing /home/airflow/.local/lib/python3.12/site-packages/airflow/example_dags/example_params_ui_tutorial.py took 0.151 seconds
[2024-09-05T00:38:12.080+0000] {processor.py:186} INFO - Started process (PID=623) to work on /home/airflow/.local/lib/python3.12/site-packages/airflow/example_dags/example_params_ui_tutorial.py
[2024-09-05T00:38:12.081+0000] {processor.py:914} INFO - Processing file /home/airflow/.local/lib/python3.12/site-packages/airflow/example_dags/example_params_ui_tutorial.py for tasks to queue
[2024-09-05T00:38:12.086+0000] {logging_mixin.py:190} INFO - [2024-09-05T00:38:12.085+0000] {dagbag.py:587} INFO - Filling up the DagBag from /home/airflow/.local/lib/python3.12/site-packages/airflow/example_dags/example_params_ui_tutorial.py
[2024-09-05T00:38:12.111+0000] {processor.py:925} INFO - DAG(s) 'example_params_ui_tutorial' retrieved from /home/airflow/.local/lib/python3.12/site-packages/airflow/example_dags/example_params_ui_tutorial.py
[2024-09-05T00:38:12.206+0000] {logging_mixin.py:190} INFO - [2024-09-05T00:38:12.205+0000] {dag.py:3211} INFO - Sync 1 DAGs
[2024-09-05T00:38:12.231+0000] {logging_mixin.py:190} INFO - [2024-09-05T00:38:12.230+0000] {dag.py:4138} INFO - Setting next_dagrun for example_params_ui_tutorial to None, run_after=None
[2024-09-05T00:38:12.267+0000] {processor.py:208} INFO - Processing /home/airflow/.local/lib/python3.12/site-packages/airflow/example_dags/example_params_ui_tutorial.py took 0.214 seconds
[2024-09-05T00:38:43.241+0000] {processor.py:186} INFO - Started process (PID=686) to work on /home/airflow/.local/lib/python3.12/site-packages/airflow/example_dags/example_params_ui_tutorial.py
[2024-09-05T00:38:43.245+0000] {processor.py:914} INFO - Processing file /home/airflow/.local/lib/python3.12/site-packages/airflow/example_dags/example_params_ui_tutorial.py for tasks to queue
[2024-09-05T00:38:43.258+0000] {logging_mixin.py:190} INFO - [2024-09-05T00:38:43.256+0000] {dagbag.py:587} INFO - Filling up the DagBag from /home/airflow/.local/lib/python3.12/site-packages/airflow/example_dags/example_params_ui_tutorial.py
[2024-09-05T00:38:43.299+0000] {processor.py:925} INFO - DAG(s) 'example_params_ui_tutorial' retrieved from /home/airflow/.local/lib/python3.12/site-packages/airflow/example_dags/example_params_ui_tutorial.py
[2024-09-05T00:38:43.484+0000] {logging_mixin.py:190} INFO - [2024-09-05T00:38:43.484+0000] {dag.py:3211} INFO - Sync 1 DAGs
[2024-09-05T00:38:43.540+0000] {logging_mixin.py:190} INFO - [2024-09-05T00:38:43.540+0000] {dag.py:4138} INFO - Setting next_dagrun for example_params_ui_tutorial to None, run_after=None
[2024-09-05T00:38:43.598+0000] {processor.py:208} INFO - Processing /home/airflow/.local/lib/python3.12/site-packages/airflow/example_dags/example_params_ui_tutorial.py took 0.389 seconds
[2024-09-05T00:39:13.908+0000] {processor.py:186} INFO - Started process (PID=749) to work on /home/airflow/.local/lib/python3.12/site-packages/airflow/example_dags/example_params_ui_tutorial.py
[2024-09-05T00:39:13.910+0000] {processor.py:914} INFO - Processing file /home/airflow/.local/lib/python3.12/site-packages/airflow/example_dags/example_params_ui_tutorial.py for tasks to queue
[2024-09-05T00:39:13.913+0000] {logging_mixin.py:190} INFO - [2024-09-05T00:39:13.912+0000] {dagbag.py:587} INFO - Filling up the DagBag from /home/airflow/.local/lib/python3.12/site-packages/airflow/example_dags/example_params_ui_tutorial.py
[2024-09-05T00:39:13.937+0000] {processor.py:925} INFO - DAG(s) 'example_params_ui_tutorial' retrieved from /home/airflow/.local/lib/python3.12/site-packages/airflow/example_dags/example_params_ui_tutorial.py
[2024-09-05T00:39:14.098+0000] {logging_mixin.py:190} INFO - [2024-09-05T00:39:14.097+0000] {dag.py:3211} INFO - Sync 1 DAGs
[2024-09-05T00:39:14.141+0000] {logging_mixin.py:190} INFO - [2024-09-05T00:39:14.141+0000] {dag.py:4138} INFO - Setting next_dagrun for example_params_ui_tutorial to None, run_after=None
[2024-09-05T00:39:14.200+0000] {processor.py:208} INFO - Processing /home/airflow/.local/lib/python3.12/site-packages/airflow/example_dags/example_params_ui_tutorial.py took 0.303 seconds
[2024-09-05T00:39:44.545+0000] {processor.py:186} INFO - Started process (PID=812) to work on /home/airflow/.local/lib/python3.12/site-packages/airflow/example_dags/example_params_ui_tutorial.py
[2024-09-05T00:39:44.549+0000] {processor.py:914} INFO - Processing file /home/airflow/.local/lib/python3.12/site-packages/airflow/example_dags/example_params_ui_tutorial.py for tasks to queue
[2024-09-05T00:39:44.553+0000] {logging_mixin.py:190} INFO - [2024-09-05T00:39:44.552+0000] {dagbag.py:587} INFO - Filling up the DagBag from /home/airflow/.local/lib/python3.12/site-packages/airflow/example_dags/example_params_ui_tutorial.py
[2024-09-05T00:39:44.573+0000] {processor.py:925} INFO - DAG(s) 'example_params_ui_tutorial' retrieved from /home/airflow/.local/lib/python3.12/site-packages/airflow/example_dags/example_params_ui_tutorial.py
[2024-09-05T00:39:44.728+0000] {logging_mixin.py:190} INFO - [2024-09-05T00:39:44.727+0000] {dag.py:3211} INFO - Sync 1 DAGs
[2024-09-05T00:39:44.762+0000] {logging_mixin.py:190} INFO - [2024-09-05T00:39:44.762+0000] {dag.py:4138} INFO - Setting next_dagrun for example_params_ui_tutorial to None, run_after=None
[2024-09-05T00:39:44.805+0000] {processor.py:208} INFO - Processing /home/airflow/.local/lib/python3.12/site-packages/airflow/example_dags/example_params_ui_tutorial.py took 0.277 seconds
[2024-09-05T00:40:17.614+0000] {processor.py:186} INFO - Started process (PID=875) to work on /home/airflow/.local/lib/python3.12/site-packages/airflow/example_dags/example_params_ui_tutorial.py
[2024-09-05T00:40:17.618+0000] {processor.py:914} INFO - Processing file /home/airflow/.local/lib/python3.12/site-packages/airflow/example_dags/example_params_ui_tutorial.py for tasks to queue
[2024-09-05T00:40:17.622+0000] {logging_mixin.py:190} INFO - [2024-09-05T00:40:17.621+0000] {dagbag.py:587} INFO - Filling up the DagBag from /home/airflow/.local/lib/python3.12/site-packages/airflow/example_dags/example_params_ui_tutorial.py
[2024-09-05T00:40:17.693+0000] {processor.py:925} INFO - DAG(s) 'example_params_ui_tutorial' retrieved from /home/airflow/.local/lib/python3.12/site-packages/airflow/example_dags/example_params_ui_tutorial.py
[2024-09-05T00:40:17.941+0000] {logging_mixin.py:190} INFO - [2024-09-05T00:40:17.940+0000] {dag.py:3211} INFO - Sync 1 DAGs
[2024-09-05T00:40:17.997+0000] {logging_mixin.py:190} INFO - [2024-09-05T00:40:17.997+0000] {dag.py:4138} INFO - Setting next_dagrun for example_params_ui_tutorial to None, run_after=None
[2024-09-05T00:40:18.042+0000] {processor.py:208} INFO - Processing /home/airflow/.local/lib/python3.12/site-packages/airflow/example_dags/example_params_ui_tutorial.py took 0.475 seconds
[2024-09-05T00:41:13.171+0000] {processor.py:186} INFO - Started process (PID=943) to work on /home/airflow/.local/lib/python3.12/site-packages/airflow/example_dags/example_params_ui_tutorial.py
[2024-09-05T00:41:13.287+0000] {processor.py:914} INFO - Processing file /home/airflow/.local/lib/python3.12/site-packages/airflow/example_dags/example_params_ui_tutorial.py for tasks to queue
[2024-09-05T00:41:13.683+0000] {logging_mixin.py:190} INFO - [2024-09-05T00:41:13.637+0000] {dagbag.py:587} INFO - Filling up the DagBag from /home/airflow/.local/lib/python3.12/site-packages/airflow/example_dags/example_params_ui_tutorial.py
[2024-09-05T00:41:14.517+0000] {processor.py:925} INFO - DAG(s) 'example_params_ui_tutorial' retrieved from /home/airflow/.local/lib/python3.12/site-packages/airflow/example_dags/example_params_ui_tutorial.py
[2024-09-05T00:41:17.130+0000] {logging_mixin.py:190} INFO - [2024-09-05T00:41:17.117+0000] {dag.py:3211} INFO - Sync 1 DAGs
[2024-09-05T00:41:18.310+0000] {logging_mixin.py:190} INFO - [2024-09-05T00:41:18.295+0000] {dag.py:4138} INFO - Setting next_dagrun for example_params_ui_tutorial to None, run_after=None
[2024-09-05T00:41:20.177+0000] {processor.py:208} INFO - Processing /home/airflow/.local/lib/python3.12/site-packages/airflow/example_dags/example_params_ui_tutorial.py took 7.200 seconds
