[2024-09-05T00:04:23.381+0000] {processor.py:186} INFO - Started process (PID=129) to work on /home/airflow/.local/lib/python3.12/site-packages/airflow/example_dags/example_branch_operator_decorator.py
[2024-09-05T00:04:23.384+0000] {processor.py:914} INFO - Processing file /home/airflow/.local/lib/python3.12/site-packages/airflow/example_dags/example_branch_operator_decorator.py for tasks to queue
[2024-09-05T00:04:23.390+0000] {logging_mixin.py:190} INFO - [2024-09-05T00:04:23.389+0000] {dagbag.py:587} INFO - Filling up the DagBag from /home/airflow/.local/lib/python3.12/site-packages/airflow/example_dags/example_branch_operator_decorator.py
[2024-09-05T00:04:23.536+0000] {processor.py:925} INFO - DAG(s) 'example_branch_python_operator_decorator' retrieved from /home/airflow/.local/lib/python3.12/site-packages/airflow/example_dags/example_branch_operator_decorator.py
[2024-09-05T00:04:24.057+0000] {logging_mixin.py:190} INFO - [2024-09-05T00:04:24.055+0000] {override.py:1858} INFO - Created Permission View: can delete on DAG:example_branch_python_operator_decorator
[2024-09-05T00:04:24.104+0000] {logging_mixin.py:190} INFO - [2024-09-05T00:04:24.103+0000] {override.py:1858} INFO - Created Permission View: can read on DAG:example_branch_python_operator_decorator
[2024-09-05T00:04:24.123+0000] {logging_mixin.py:190} INFO - [2024-09-05T00:04:24.122+0000] {override.py:1858} INFO - Created Permission View: can edit on DAG:example_branch_python_operator_decorator
[2024-09-05T00:04:24.125+0000] {logging_mixin.py:190} INFO - [2024-09-05T00:04:24.124+0000] {dag.py:3211} INFO - Sync 1 DAGs
[2024-09-05T00:04:24.186+0000] {logging_mixin.py:190} INFO - [2024-09-05T00:04:24.185+0000] {dag.py:3234} INFO - Creating ORM DAG for example_branch_python_operator_decorator
[2024-09-05T00:04:24.246+0000] {logging_mixin.py:190} INFO - [2024-09-05T00:04:24.246+0000] {dag.py:4138} INFO - Setting next_dagrun for example_branch_python_operator_decorator to 2024-09-04 00:00:00+00:00, run_after=2024-09-05 00:00:00+00:00
[2024-09-05T00:04:24.306+0000] {processor.py:208} INFO - Processing /home/airflow/.local/lib/python3.12/site-packages/airflow/example_dags/example_branch_operator_decorator.py took 0.975 seconds
[2024-09-05T00:05:02.370+0000] {processor.py:186} INFO - Started process (PID=191) to work on /home/airflow/.local/lib/python3.12/site-packages/airflow/example_dags/example_branch_operator_decorator.py
[2024-09-05T00:05:02.386+0000] {processor.py:914} INFO - Processing file /home/airflow/.local/lib/python3.12/site-packages/airflow/example_dags/example_branch_operator_decorator.py for tasks to queue
[2024-09-05T00:05:02.400+0000] {logging_mixin.py:190} INFO - [2024-09-05T00:05:02.396+0000] {dagbag.py:587} INFO - Filling up the DagBag from /home/airflow/.local/lib/python3.12/site-packages/airflow/example_dags/example_branch_operator_decorator.py
[2024-09-05T00:05:02.667+0000] {processor.py:925} INFO - DAG(s) 'example_branch_python_operator_decorator' retrieved from /home/airflow/.local/lib/python3.12/site-packages/airflow/example_dags/example_branch_operator_decorator.py
[2024-09-05T00:05:02.875+0000] {logging_mixin.py:190} INFO - [2024-09-05T00:05:02.874+0000] {dag.py:3211} INFO - Sync 1 DAGs
[2024-09-05T00:05:03.027+0000] {logging_mixin.py:190} INFO - [2024-09-05T00:05:03.027+0000] {dag.py:4138} INFO - Setting next_dagrun for example_branch_python_operator_decorator to 2024-09-04 00:00:00+00:00, run_after=2024-09-05 00:00:00+00:00
[2024-09-05T00:05:03.158+0000] {processor.py:208} INFO - Processing /home/airflow/.local/lib/python3.12/site-packages/airflow/example_dags/example_branch_operator_decorator.py took 0.855 seconds
[2024-09-05T00:05:37.402+0000] {processor.py:186} INFO - Started process (PID=257) to work on /home/airflow/.local/lib/python3.12/site-packages/airflow/example_dags/example_branch_operator_decorator.py
[2024-09-05T00:05:37.406+0000] {processor.py:914} INFO - Processing file /home/airflow/.local/lib/python3.12/site-packages/airflow/example_dags/example_branch_operator_decorator.py for tasks to queue
[2024-09-05T00:05:37.420+0000] {logging_mixin.py:190} INFO - [2024-09-05T00:05:37.418+0000] {dagbag.py:587} INFO - Filling up the DagBag from /home/airflow/.local/lib/python3.12/site-packages/airflow/example_dags/example_branch_operator_decorator.py
[2024-09-05T00:05:37.746+0000] {processor.py:925} INFO - DAG(s) 'example_branch_python_operator_decorator' retrieved from /home/airflow/.local/lib/python3.12/site-packages/airflow/example_dags/example_branch_operator_decorator.py
[2024-09-05T00:05:38.078+0000] {logging_mixin.py:190} INFO - [2024-09-05T00:05:38.077+0000] {dag.py:3211} INFO - Sync 1 DAGs
[2024-09-05T00:05:38.324+0000] {logging_mixin.py:190} INFO - [2024-09-05T00:05:38.322+0000] {dag.py:4138} INFO - Setting next_dagrun for example_branch_python_operator_decorator to 2024-09-04 00:00:00+00:00, run_after=2024-09-05 00:00:00+00:00
[2024-09-05T00:05:38.453+0000] {processor.py:208} INFO - Processing /home/airflow/.local/lib/python3.12/site-packages/airflow/example_dags/example_branch_operator_decorator.py took 1.130 seconds
[2024-09-05T00:13:43.642+0000] {processor.py:186} INFO - Started process (PID=123) to work on /home/airflow/.local/lib/python3.12/site-packages/airflow/example_dags/example_branch_operator_decorator.py
[2024-09-05T00:13:43.644+0000] {processor.py:914} INFO - Processing file /home/airflow/.local/lib/python3.12/site-packages/airflow/example_dags/example_branch_operator_decorator.py for tasks to queue
[2024-09-05T00:13:43.650+0000] {logging_mixin.py:190} INFO - [2024-09-05T00:13:43.649+0000] {dagbag.py:587} INFO - Filling up the DagBag from /home/airflow/.local/lib/python3.12/site-packages/airflow/example_dags/example_branch_operator_decorator.py
[2024-09-05T00:13:43.715+0000] {processor.py:925} INFO - DAG(s) 'example_branch_python_operator_decorator' retrieved from /home/airflow/.local/lib/python3.12/site-packages/airflow/example_dags/example_branch_operator_decorator.py
[2024-09-05T00:13:44.005+0000] {logging_mixin.py:190} INFO - [2024-09-05T00:13:44.004+0000] {dag.py:3211} INFO - Sync 1 DAGs
[2024-09-05T00:13:44.076+0000] {logging_mixin.py:190} INFO - [2024-09-05T00:13:44.075+0000] {dag.py:4138} INFO - Setting next_dagrun for example_branch_python_operator_decorator to 2024-09-04 00:00:00+00:00, run_after=2024-09-05 00:00:00+00:00
[2024-09-05T00:13:44.131+0000] {processor.py:208} INFO - Processing /home/airflow/.local/lib/python3.12/site-packages/airflow/example_dags/example_branch_operator_decorator.py took 0.505 seconds
[2024-09-05T00:14:19.731+0000] {processor.py:186} INFO - Started process (PID=186) to work on /home/airflow/.local/lib/python3.12/site-packages/airflow/example_dags/example_branch_operator_decorator.py
[2024-09-05T00:14:19.777+0000] {processor.py:914} INFO - Processing file /home/airflow/.local/lib/python3.12/site-packages/airflow/example_dags/example_branch_operator_decorator.py for tasks to queue
[2024-09-05T00:14:19.794+0000] {logging_mixin.py:190} INFO - [2024-09-05T00:14:19.792+0000] {dagbag.py:587} INFO - Filling up the DagBag from /home/airflow/.local/lib/python3.12/site-packages/airflow/example_dags/example_branch_operator_decorator.py
[2024-09-05T00:14:20.020+0000] {processor.py:925} INFO - DAG(s) 'example_branch_python_operator_decorator' retrieved from /home/airflow/.local/lib/python3.12/site-packages/airflow/example_dags/example_branch_operator_decorator.py
[2024-09-05T00:14:20.328+0000] {logging_mixin.py:190} INFO - [2024-09-05T00:14:20.327+0000] {dag.py:3211} INFO - Sync 1 DAGs
[2024-09-05T00:14:20.539+0000] {logging_mixin.py:190} INFO - [2024-09-05T00:14:20.538+0000] {dag.py:4138} INFO - Setting next_dagrun for example_branch_python_operator_decorator to 2024-09-04 00:00:00+00:00, run_after=2024-09-05 00:00:00+00:00
[2024-09-05T00:14:20.857+0000] {processor.py:208} INFO - Processing /home/airflow/.local/lib/python3.12/site-packages/airflow/example_dags/example_branch_operator_decorator.py took 1.168 seconds
[2024-09-05T00:14:51.119+0000] {processor.py:186} INFO - Started process (PID=261) to work on /home/airflow/.local/lib/python3.12/site-packages/airflow/example_dags/example_branch_operator_decorator.py
[2024-09-05T00:14:51.121+0000] {processor.py:914} INFO - Processing file /home/airflow/.local/lib/python3.12/site-packages/airflow/example_dags/example_branch_operator_decorator.py for tasks to queue
[2024-09-05T00:14:51.126+0000] {logging_mixin.py:190} INFO - [2024-09-05T00:14:51.125+0000] {dagbag.py:587} INFO - Filling up the DagBag from /home/airflow/.local/lib/python3.12/site-packages/airflow/example_dags/example_branch_operator_decorator.py
[2024-09-05T00:14:51.206+0000] {processor.py:925} INFO - DAG(s) 'example_branch_python_operator_decorator' retrieved from /home/airflow/.local/lib/python3.12/site-packages/airflow/example_dags/example_branch_operator_decorator.py
[2024-09-05T00:14:51.305+0000] {logging_mixin.py:190} INFO - [2024-09-05T00:14:51.305+0000] {dag.py:3211} INFO - Sync 1 DAGs
[2024-09-05T00:14:51.424+0000] {logging_mixin.py:190} INFO - [2024-09-05T00:14:51.424+0000] {dag.py:4138} INFO - Setting next_dagrun for example_branch_python_operator_decorator to 2024-09-04 00:00:00+00:00, run_after=2024-09-05 00:00:00+00:00
[2024-09-05T00:14:51.512+0000] {processor.py:208} INFO - Processing /home/airflow/.local/lib/python3.12/site-packages/airflow/example_dags/example_branch_operator_decorator.py took 0.421 seconds
[2024-09-05T00:32:43.165+0000] {processor.py:186} INFO - Started process (PID=143) to work on /home/airflow/.local/lib/python3.12/site-packages/airflow/example_dags/example_branch_operator_decorator.py
[2024-09-05T00:32:43.168+0000] {processor.py:914} INFO - Processing file /home/airflow/.local/lib/python3.12/site-packages/airflow/example_dags/example_branch_operator_decorator.py for tasks to queue
[2024-09-05T00:32:43.170+0000] {logging_mixin.py:190} INFO - [2024-09-05T00:32:43.170+0000] {dagbag.py:587} INFO - Filling up the DagBag from /home/airflow/.local/lib/python3.12/site-packages/airflow/example_dags/example_branch_operator_decorator.py
[2024-09-05T00:32:43.216+0000] {processor.py:925} INFO - DAG(s) 'example_branch_python_operator_decorator' retrieved from /home/airflow/.local/lib/python3.12/site-packages/airflow/example_dags/example_branch_operator_decorator.py
[2024-09-05T00:32:43.471+0000] {logging_mixin.py:190} INFO - [2024-09-05T00:32:43.470+0000] {dag.py:3211} INFO - Sync 1 DAGs
[2024-09-05T00:32:43.554+0000] {logging_mixin.py:190} INFO - [2024-09-05T00:32:43.554+0000] {dag.py:4138} INFO - Setting next_dagrun for example_branch_python_operator_decorator to 2024-09-04 00:00:00+00:00, run_after=2024-09-05 00:00:00+00:00
[2024-09-05T00:32:43.624+0000] {processor.py:208} INFO - Processing /home/airflow/.local/lib/python3.12/site-packages/airflow/example_dags/example_branch_operator_decorator.py took 0.473 seconds
[2024-09-05T00:33:13.777+0000] {processor.py:186} INFO - Started process (PID=206) to work on /home/airflow/.local/lib/python3.12/site-packages/airflow/example_dags/example_branch_operator_decorator.py
[2024-09-05T00:33:13.779+0000] {processor.py:914} INFO - Processing file /home/airflow/.local/lib/python3.12/site-packages/airflow/example_dags/example_branch_operator_decorator.py for tasks to queue
[2024-09-05T00:33:13.781+0000] {logging_mixin.py:190} INFO - [2024-09-05T00:33:13.781+0000] {dagbag.py:587} INFO - Filling up the DagBag from /home/airflow/.local/lib/python3.12/site-packages/airflow/example_dags/example_branch_operator_decorator.py
[2024-09-05T00:33:13.810+0000] {processor.py:925} INFO - DAG(s) 'example_branch_python_operator_decorator' retrieved from /home/airflow/.local/lib/python3.12/site-packages/airflow/example_dags/example_branch_operator_decorator.py
[2024-09-05T00:33:13.862+0000] {logging_mixin.py:190} INFO - [2024-09-05T00:33:13.861+0000] {dag.py:3211} INFO - Sync 1 DAGs
[2024-09-05T00:33:13.900+0000] {logging_mixin.py:190} INFO - [2024-09-05T00:33:13.900+0000] {dag.py:4138} INFO - Setting next_dagrun for example_branch_python_operator_decorator to 2024-09-04 00:00:00+00:00, run_after=2024-09-05 00:00:00+00:00
[2024-09-05T00:33:13.943+0000] {processor.py:208} INFO - Processing /home/airflow/.local/lib/python3.12/site-packages/airflow/example_dags/example_branch_operator_decorator.py took 0.173 seconds
[2024-09-05T00:33:44.521+0000] {processor.py:186} INFO - Started process (PID=269) to work on /home/airflow/.local/lib/python3.12/site-packages/airflow/example_dags/example_branch_operator_decorator.py
[2024-09-05T00:33:44.523+0000] {processor.py:914} INFO - Processing file /home/airflow/.local/lib/python3.12/site-packages/airflow/example_dags/example_branch_operator_decorator.py for tasks to queue
[2024-09-05T00:33:44.526+0000] {logging_mixin.py:190} INFO - [2024-09-05T00:33:44.525+0000] {dagbag.py:587} INFO - Filling up the DagBag from /home/airflow/.local/lib/python3.12/site-packages/airflow/example_dags/example_branch_operator_decorator.py
[2024-09-05T00:33:44.562+0000] {processor.py:925} INFO - DAG(s) 'example_branch_python_operator_decorator' retrieved from /home/airflow/.local/lib/python3.12/site-packages/airflow/example_dags/example_branch_operator_decorator.py
[2024-09-05T00:33:44.630+0000] {logging_mixin.py:190} INFO - [2024-09-05T00:33:44.629+0000] {dag.py:3211} INFO - Sync 1 DAGs
[2024-09-05T00:33:44.696+0000] {logging_mixin.py:190} INFO - [2024-09-05T00:33:44.695+0000] {dag.py:4138} INFO - Setting next_dagrun for example_branch_python_operator_decorator to 2024-09-04 00:00:00+00:00, run_after=2024-09-05 00:00:00+00:00
[2024-09-05T00:33:44.743+0000] {processor.py:208} INFO - Processing /home/airflow/.local/lib/python3.12/site-packages/airflow/example_dags/example_branch_operator_decorator.py took 0.234 seconds
[2024-09-05T00:35:57.366+0000] {processor.py:186} INFO - Started process (PID=350) to work on /home/airflow/.local/lib/python3.12/site-packages/airflow/example_dags/example_branch_operator_decorator.py
[2024-09-05T00:35:57.507+0000] {processor.py:914} INFO - Processing file /home/airflow/.local/lib/python3.12/site-packages/airflow/example_dags/example_branch_operator_decorator.py for tasks to queue
[2024-09-05T00:35:57.579+0000] {logging_mixin.py:190} INFO - [2024-09-05T00:35:57.576+0000] {dagbag.py:587} INFO - Filling up the DagBag from /home/airflow/.local/lib/python3.12/site-packages/airflow/example_dags/example_branch_operator_decorator.py
[2024-09-05T00:35:58.399+0000] {processor.py:925} INFO - DAG(s) 'example_branch_python_operator_decorator' retrieved from /home/airflow/.local/lib/python3.12/site-packages/airflow/example_dags/example_branch_operator_decorator.py
[2024-09-05T00:35:58.921+0000] {logging_mixin.py:190} INFO - [2024-09-05T00:35:58.917+0000] {dag.py:3211} INFO - Sync 1 DAGs
[2024-09-05T00:35:59.426+0000] {logging_mixin.py:190} INFO - [2024-09-05T00:35:59.421+0000] {dag.py:4138} INFO - Setting next_dagrun for example_branch_python_operator_decorator to 2024-09-04 00:00:00+00:00, run_after=2024-09-05 00:00:00+00:00
[2024-09-05T00:35:59.819+0000] {processor.py:208} INFO - Processing /home/airflow/.local/lib/python3.12/site-packages/airflow/example_dags/example_branch_operator_decorator.py took 3.575 seconds
[2024-09-05T00:36:31.071+0000] {processor.py:186} INFO - Started process (PID=413) to work on /home/airflow/.local/lib/python3.12/site-packages/airflow/example_dags/example_branch_operator_decorator.py
[2024-09-05T00:36:31.074+0000] {processor.py:914} INFO - Processing file /home/airflow/.local/lib/python3.12/site-packages/airflow/example_dags/example_branch_operator_decorator.py for tasks to queue
[2024-09-05T00:36:31.082+0000] {logging_mixin.py:190} INFO - [2024-09-05T00:36:31.080+0000] {dagbag.py:587} INFO - Filling up the DagBag from /home/airflow/.local/lib/python3.12/site-packages/airflow/example_dags/example_branch_operator_decorator.py
[2024-09-05T00:36:31.139+0000] {processor.py:925} INFO - DAG(s) 'example_branch_python_operator_decorator' retrieved from /home/airflow/.local/lib/python3.12/site-packages/airflow/example_dags/example_branch_operator_decorator.py
[2024-09-05T00:36:31.209+0000] {logging_mixin.py:190} INFO - [2024-09-05T00:36:31.208+0000] {dag.py:3211} INFO - Sync 1 DAGs
[2024-09-05T00:36:31.273+0000] {logging_mixin.py:190} INFO - [2024-09-05T00:36:31.272+0000] {dag.py:4138} INFO - Setting next_dagrun for example_branch_python_operator_decorator to 2024-09-04 00:00:00+00:00, run_after=2024-09-05 00:00:00+00:00
[2024-09-05T00:36:31.310+0000] {processor.py:208} INFO - Processing /home/airflow/.local/lib/python3.12/site-packages/airflow/example_dags/example_branch_operator_decorator.py took 0.255 seconds
[2024-09-05T00:37:01.903+0000] {processor.py:186} INFO - Started process (PID=476) to work on /home/airflow/.local/lib/python3.12/site-packages/airflow/example_dags/example_branch_operator_decorator.py
[2024-09-05T00:37:01.915+0000] {processor.py:914} INFO - Processing file /home/airflow/.local/lib/python3.12/site-packages/airflow/example_dags/example_branch_operator_decorator.py for tasks to queue
[2024-09-05T00:37:01.928+0000] {logging_mixin.py:190} INFO - [2024-09-05T00:37:01.921+0000] {dagbag.py:587} INFO - Filling up the DagBag from /home/airflow/.local/lib/python3.12/site-packages/airflow/example_dags/example_branch_operator_decorator.py
[2024-09-05T00:37:02.074+0000] {processor.py:925} INFO - DAG(s) 'example_branch_python_operator_decorator' retrieved from /home/airflow/.local/lib/python3.12/site-packages/airflow/example_dags/example_branch_operator_decorator.py
[2024-09-05T00:37:02.265+0000] {logging_mixin.py:190} INFO - [2024-09-05T00:37:02.264+0000] {dag.py:3211} INFO - Sync 1 DAGs
[2024-09-05T00:37:02.439+0000] {logging_mixin.py:190} INFO - [2024-09-05T00:37:02.438+0000] {dag.py:4138} INFO - Setting next_dagrun for example_branch_python_operator_decorator to 2024-09-04 00:00:00+00:00, run_after=2024-09-05 00:00:00+00:00
[2024-09-05T00:37:02.519+0000] {processor.py:208} INFO - Processing /home/airflow/.local/lib/python3.12/site-packages/airflow/example_dags/example_branch_operator_decorator.py took 0.653 seconds
[2024-09-05T00:37:33.100+0000] {processor.py:186} INFO - Started process (PID=539) to work on /home/airflow/.local/lib/python3.12/site-packages/airflow/example_dags/example_branch_operator_decorator.py
[2024-09-05T00:37:33.103+0000] {processor.py:914} INFO - Processing file /home/airflow/.local/lib/python3.12/site-packages/airflow/example_dags/example_branch_operator_decorator.py for tasks to queue
[2024-09-05T00:37:33.104+0000] {logging_mixin.py:190} INFO - [2024-09-05T00:37:33.104+0000] {dagbag.py:587} INFO - Filling up the DagBag from /home/airflow/.local/lib/python3.12/site-packages/airflow/example_dags/example_branch_operator_decorator.py
[2024-09-05T00:37:33.148+0000] {processor.py:925} INFO - DAG(s) 'example_branch_python_operator_decorator' retrieved from /home/airflow/.local/lib/python3.12/site-packages/airflow/example_dags/example_branch_operator_decorator.py
[2024-09-05T00:37:33.206+0000] {logging_mixin.py:190} INFO - [2024-09-05T00:37:33.206+0000] {dag.py:3211} INFO - Sync 1 DAGs
[2024-09-05T00:37:33.256+0000] {logging_mixin.py:190} INFO - [2024-09-05T00:37:33.256+0000] {dag.py:4138} INFO - Setting next_dagrun for example_branch_python_operator_decorator to 2024-09-04 00:00:00+00:00, run_after=2024-09-05 00:00:00+00:00
[2024-09-05T00:37:33.295+0000] {processor.py:208} INFO - Processing /home/airflow/.local/lib/python3.12/site-packages/airflow/example_dags/example_branch_operator_decorator.py took 0.207 seconds
[2024-09-05T00:38:03.472+0000] {processor.py:186} INFO - Started process (PID=602) to work on /home/airflow/.local/lib/python3.12/site-packages/airflow/example_dags/example_branch_operator_decorator.py
[2024-09-05T00:38:03.474+0000] {processor.py:914} INFO - Processing file /home/airflow/.local/lib/python3.12/site-packages/airflow/example_dags/example_branch_operator_decorator.py for tasks to queue
[2024-09-05T00:38:03.477+0000] {logging_mixin.py:190} INFO - [2024-09-05T00:38:03.476+0000] {dagbag.py:587} INFO - Filling up the DagBag from /home/airflow/.local/lib/python3.12/site-packages/airflow/example_dags/example_branch_operator_decorator.py
[2024-09-05T00:38:03.535+0000] {processor.py:925} INFO - DAG(s) 'example_branch_python_operator_decorator' retrieved from /home/airflow/.local/lib/python3.12/site-packages/airflow/example_dags/example_branch_operator_decorator.py
[2024-09-05T00:38:03.609+0000] {logging_mixin.py:190} INFO - [2024-09-05T00:38:03.608+0000] {dag.py:3211} INFO - Sync 1 DAGs
[2024-09-05T00:38:03.668+0000] {logging_mixin.py:190} INFO - [2024-09-05T00:38:03.667+0000] {dag.py:4138} INFO - Setting next_dagrun for example_branch_python_operator_decorator to 2024-09-04 00:00:00+00:00, run_after=2024-09-05 00:00:00+00:00
[2024-09-05T00:38:03.722+0000] {processor.py:208} INFO - Processing /home/airflow/.local/lib/python3.12/site-packages/airflow/example_dags/example_branch_operator_decorator.py took 0.268 seconds
[2024-09-05T00:38:34.092+0000] {processor.py:186} INFO - Started process (PID=665) to work on /home/airflow/.local/lib/python3.12/site-packages/airflow/example_dags/example_branch_operator_decorator.py
[2024-09-05T00:38:34.094+0000] {processor.py:914} INFO - Processing file /home/airflow/.local/lib/python3.12/site-packages/airflow/example_dags/example_branch_operator_decorator.py for tasks to queue
[2024-09-05T00:38:34.098+0000] {logging_mixin.py:190} INFO - [2024-09-05T00:38:34.097+0000] {dagbag.py:587} INFO - Filling up the DagBag from /home/airflow/.local/lib/python3.12/site-packages/airflow/example_dags/example_branch_operator_decorator.py
[2024-09-05T00:38:34.150+0000] {processor.py:925} INFO - DAG(s) 'example_branch_python_operator_decorator' retrieved from /home/airflow/.local/lib/python3.12/site-packages/airflow/example_dags/example_branch_operator_decorator.py
[2024-09-05T00:38:34.220+0000] {logging_mixin.py:190} INFO - [2024-09-05T00:38:34.220+0000] {dag.py:3211} INFO - Sync 1 DAGs
[2024-09-05T00:38:34.307+0000] {logging_mixin.py:190} INFO - [2024-09-05T00:38:34.307+0000] {dag.py:4138} INFO - Setting next_dagrun for example_branch_python_operator_decorator to 2024-09-04 00:00:00+00:00, run_after=2024-09-05 00:00:00+00:00
[2024-09-05T00:38:34.364+0000] {processor.py:208} INFO - Processing /home/airflow/.local/lib/python3.12/site-packages/airflow/example_dags/example_branch_operator_decorator.py took 0.286 seconds
[2024-09-05T00:39:04.908+0000] {processor.py:186} INFO - Started process (PID=728) to work on /home/airflow/.local/lib/python3.12/site-packages/airflow/example_dags/example_branch_operator_decorator.py
[2024-09-05T00:39:04.910+0000] {processor.py:914} INFO - Processing file /home/airflow/.local/lib/python3.12/site-packages/airflow/example_dags/example_branch_operator_decorator.py for tasks to queue
[2024-09-05T00:39:04.912+0000] {logging_mixin.py:190} INFO - [2024-09-05T00:39:04.911+0000] {dagbag.py:587} INFO - Filling up the DagBag from /home/airflow/.local/lib/python3.12/site-packages/airflow/example_dags/example_branch_operator_decorator.py
[2024-09-05T00:39:04.957+0000] {processor.py:925} INFO - DAG(s) 'example_branch_python_operator_decorator' retrieved from /home/airflow/.local/lib/python3.12/site-packages/airflow/example_dags/example_branch_operator_decorator.py
[2024-09-05T00:39:05.030+0000] {logging_mixin.py:190} INFO - [2024-09-05T00:39:05.030+0000] {dag.py:3211} INFO - Sync 1 DAGs
[2024-09-05T00:39:05.083+0000] {logging_mixin.py:190} INFO - [2024-09-05T00:39:05.082+0000] {dag.py:4138} INFO - Setting next_dagrun for example_branch_python_operator_decorator to 2024-09-04 00:00:00+00:00, run_after=2024-09-05 00:00:00+00:00
[2024-09-05T00:39:05.134+0000] {processor.py:208} INFO - Processing /home/airflow/.local/lib/python3.12/site-packages/airflow/example_dags/example_branch_operator_decorator.py took 0.243 seconds
[2024-09-05T00:39:35.617+0000] {processor.py:186} INFO - Started process (PID=791) to work on /home/airflow/.local/lib/python3.12/site-packages/airflow/example_dags/example_branch_operator_decorator.py
[2024-09-05T00:39:35.620+0000] {processor.py:914} INFO - Processing file /home/airflow/.local/lib/python3.12/site-packages/airflow/example_dags/example_branch_operator_decorator.py for tasks to queue
[2024-09-05T00:39:35.623+0000] {logging_mixin.py:190} INFO - [2024-09-05T00:39:35.622+0000] {dagbag.py:587} INFO - Filling up the DagBag from /home/airflow/.local/lib/python3.12/site-packages/airflow/example_dags/example_branch_operator_decorator.py
[2024-09-05T00:39:35.660+0000] {processor.py:925} INFO - DAG(s) 'example_branch_python_operator_decorator' retrieved from /home/airflow/.local/lib/python3.12/site-packages/airflow/example_dags/example_branch_operator_decorator.py
[2024-09-05T00:39:35.712+0000] {logging_mixin.py:190} INFO - [2024-09-05T00:39:35.712+0000] {dag.py:3211} INFO - Sync 1 DAGs
[2024-09-05T00:39:35.763+0000] {logging_mixin.py:190} INFO - [2024-09-05T00:39:35.763+0000] {dag.py:4138} INFO - Setting next_dagrun for example_branch_python_operator_decorator to 2024-09-04 00:00:00+00:00, run_after=2024-09-05 00:00:00+00:00
[2024-09-05T00:39:35.804+0000] {processor.py:208} INFO - Processing /home/airflow/.local/lib/python3.12/site-packages/airflow/example_dags/example_branch_operator_decorator.py took 0.201 seconds
[2024-09-05T00:40:06.047+0000] {processor.py:186} INFO - Started process (PID=854) to work on /home/airflow/.local/lib/python3.12/site-packages/airflow/example_dags/example_branch_operator_decorator.py
[2024-09-05T00:40:06.054+0000] {processor.py:914} INFO - Processing file /home/airflow/.local/lib/python3.12/site-packages/airflow/example_dags/example_branch_operator_decorator.py for tasks to queue
[2024-09-05T00:40:06.058+0000] {logging_mixin.py:190} INFO - [2024-09-05T00:40:06.057+0000] {dagbag.py:587} INFO - Filling up the DagBag from /home/airflow/.local/lib/python3.12/site-packages/airflow/example_dags/example_branch_operator_decorator.py
[2024-09-05T00:40:06.254+0000] {processor.py:925} INFO - DAG(s) 'example_branch_python_operator_decorator' retrieved from /home/airflow/.local/lib/python3.12/site-packages/airflow/example_dags/example_branch_operator_decorator.py
[2024-09-05T00:40:06.392+0000] {logging_mixin.py:190} INFO - [2024-09-05T00:40:06.391+0000] {dag.py:3211} INFO - Sync 1 DAGs
[2024-09-05T00:40:06.487+0000] {logging_mixin.py:190} INFO - [2024-09-05T00:40:06.486+0000] {dag.py:4138} INFO - Setting next_dagrun for example_branch_python_operator_decorator to 2024-09-04 00:00:00+00:00, run_after=2024-09-05 00:00:00+00:00
[2024-09-05T00:40:06.532+0000] {processor.py:208} INFO - Processing /home/airflow/.local/lib/python3.12/site-packages/airflow/example_dags/example_branch_operator_decorator.py took 0.516 seconds
[2024-09-05T00:40:37.174+0000] {processor.py:186} INFO - Started process (PID=919) to work on /home/airflow/.local/lib/python3.12/site-packages/airflow/example_dags/example_branch_operator_decorator.py
[2024-09-05T00:40:37.196+0000] {processor.py:914} INFO - Processing file /home/airflow/.local/lib/python3.12/site-packages/airflow/example_dags/example_branch_operator_decorator.py for tasks to queue
[2024-09-05T00:40:37.202+0000] {logging_mixin.py:190} INFO - [2024-09-05T00:40:37.201+0000] {dagbag.py:587} INFO - Filling up the DagBag from /home/airflow/.local/lib/python3.12/site-packages/airflow/example_dags/example_branch_operator_decorator.py
[2024-09-05T00:40:37.474+0000] {processor.py:925} INFO - DAG(s) 'example_branch_python_operator_decorator' retrieved from /home/airflow/.local/lib/python3.12/site-packages/airflow/example_dags/example_branch_operator_decorator.py
[2024-09-05T00:40:37.814+0000] {logging_mixin.py:190} INFO - [2024-09-05T00:40:37.813+0000] {dag.py:3211} INFO - Sync 1 DAGs
[2024-09-05T00:40:38.004+0000] {logging_mixin.py:190} INFO - [2024-09-05T00:40:38.003+0000] {dag.py:4138} INFO - Setting next_dagrun for example_branch_python_operator_decorator to 2024-09-04 00:00:00+00:00, run_after=2024-09-05 00:00:00+00:00
[2024-09-05T00:40:38.175+0000] {processor.py:208} INFO - Processing /home/airflow/.local/lib/python3.12/site-packages/airflow/example_dags/example_branch_operator_decorator.py took 1.056 seconds
