[2024-09-05T00:04:24.836+0000] {processor.py:186} INFO - Started process (PID=132) to work on /home/airflow/.local/lib/python3.12/site-packages/airflow/example_dags/example_nested_branch_dag.py
[2024-09-05T00:04:24.840+0000] {processor.py:914} INFO - Processing file /home/airflow/.local/lib/python3.12/site-packages/airflow/example_dags/example_nested_branch_dag.py for tasks to queue
[2024-09-05T00:04:24.851+0000] {logging_mixin.py:190} INFO - [2024-09-05T00:04:24.845+0000] {dagbag.py:587} INFO - Filling up the DagBag from /home/airflow/.local/lib/python3.12/site-packages/airflow/example_dags/example_nested_branch_dag.py
[2024-09-05T00:04:24.923+0000] {processor.py:925} INFO - DAG(s) 'example_nested_branch_dag' retrieved from /home/airflow/.local/lib/python3.12/site-packages/airflow/example_dags/example_nested_branch_dag.py
[2024-09-05T00:04:25.678+0000] {logging_mixin.py:190} INFO - [2024-09-05T00:04:25.675+0000] {override.py:1858} INFO - Created Permission View: can delete on DAG:example_nested_branch_dag
[2024-09-05T00:04:25.714+0000] {logging_mixin.py:190} INFO - [2024-09-05T00:04:25.713+0000] {override.py:1858} INFO - Created Permission View: can read on DAG:example_nested_branch_dag
[2024-09-05T00:04:25.737+0000] {logging_mixin.py:190} INFO - [2024-09-05T00:04:25.736+0000] {override.py:1858} INFO - Created Permission View: can edit on DAG:example_nested_branch_dag
[2024-09-05T00:04:25.739+0000] {logging_mixin.py:190} INFO - [2024-09-05T00:04:25.738+0000] {dag.py:3211} INFO - Sync 1 DAGs
[2024-09-05T00:04:25.847+0000] {logging_mixin.py:190} INFO - [2024-09-05T00:04:25.846+0000] {dag.py:3234} INFO - Creating ORM DAG for example_nested_branch_dag
[2024-09-05T00:04:25.899+0000] {logging_mixin.py:190} INFO - [2024-09-05T00:04:25.897+0000] {dag.py:4138} INFO - Setting next_dagrun for example_nested_branch_dag to 2024-09-04 00:00:00+00:00, run_after=2024-09-05 00:00:00+00:00
[2024-09-05T00:04:25.989+0000] {processor.py:208} INFO - Processing /home/airflow/.local/lib/python3.12/site-packages/airflow/example_dags/example_nested_branch_dag.py took 1.181 seconds
[2024-09-05T00:05:03.378+0000] {processor.py:186} INFO - Started process (PID=193) to work on /home/airflow/.local/lib/python3.12/site-packages/airflow/example_dags/example_nested_branch_dag.py
[2024-09-05T00:05:03.390+0000] {processor.py:914} INFO - Processing file /home/airflow/.local/lib/python3.12/site-packages/airflow/example_dags/example_nested_branch_dag.py for tasks to queue
[2024-09-05T00:05:03.406+0000] {logging_mixin.py:190} INFO - [2024-09-05T00:05:03.402+0000] {dagbag.py:587} INFO - Filling up the DagBag from /home/airflow/.local/lib/python3.12/site-packages/airflow/example_dags/example_nested_branch_dag.py
[2024-09-05T00:05:03.472+0000] {processor.py:925} INFO - DAG(s) 'example_nested_branch_dag' retrieved from /home/airflow/.local/lib/python3.12/site-packages/airflow/example_dags/example_nested_branch_dag.py
[2024-09-05T00:05:03.637+0000] {logging_mixin.py:190} INFO - [2024-09-05T00:05:03.634+0000] {dag.py:3211} INFO - Sync 1 DAGs
[2024-09-05T00:05:03.911+0000] {logging_mixin.py:190} INFO - [2024-09-05T00:05:03.911+0000] {dag.py:4138} INFO - Setting next_dagrun for example_nested_branch_dag to 2024-09-04 00:00:00+00:00, run_after=2024-09-05 00:00:00+00:00
[2024-09-05T00:05:04.057+0000] {processor.py:208} INFO - Processing /home/airflow/.local/lib/python3.12/site-packages/airflow/example_dags/example_nested_branch_dag.py took 0.730 seconds
[2024-09-05T00:05:38.743+0000] {processor.py:186} INFO - Started process (PID=259) to work on /home/airflow/.local/lib/python3.12/site-packages/airflow/example_dags/example_nested_branch_dag.py
[2024-09-05T00:05:38.745+0000] {processor.py:914} INFO - Processing file /home/airflow/.local/lib/python3.12/site-packages/airflow/example_dags/example_nested_branch_dag.py for tasks to queue
[2024-09-05T00:05:38.762+0000] {logging_mixin.py:190} INFO - [2024-09-05T00:05:38.761+0000] {dagbag.py:587} INFO - Filling up the DagBag from /home/airflow/.local/lib/python3.12/site-packages/airflow/example_dags/example_nested_branch_dag.py
[2024-09-05T00:05:38.895+0000] {processor.py:925} INFO - DAG(s) 'example_nested_branch_dag' retrieved from /home/airflow/.local/lib/python3.12/site-packages/airflow/example_dags/example_nested_branch_dag.py
[2024-09-05T00:05:39.109+0000] {logging_mixin.py:190} INFO - [2024-09-05T00:05:39.108+0000] {dag.py:3211} INFO - Sync 1 DAGs
[2024-09-05T00:05:39.329+0000] {logging_mixin.py:190} INFO - [2024-09-05T00:05:39.328+0000] {dag.py:4138} INFO - Setting next_dagrun for example_nested_branch_dag to 2024-09-04 00:00:00+00:00, run_after=2024-09-05 00:00:00+00:00
[2024-09-05T00:05:39.510+0000] {processor.py:208} INFO - Processing /home/airflow/.local/lib/python3.12/site-packages/airflow/example_dags/example_nested_branch_dag.py took 0.806 seconds
[2024-09-05T00:13:44.233+0000] {processor.py:186} INFO - Started process (PID=126) to work on /home/airflow/.local/lib/python3.12/site-packages/airflow/example_dags/example_nested_branch_dag.py
[2024-09-05T00:13:44.237+0000] {processor.py:914} INFO - Processing file /home/airflow/.local/lib/python3.12/site-packages/airflow/example_dags/example_nested_branch_dag.py for tasks to queue
[2024-09-05T00:13:44.242+0000] {logging_mixin.py:190} INFO - [2024-09-05T00:13:44.241+0000] {dagbag.py:587} INFO - Filling up the DagBag from /home/airflow/.local/lib/python3.12/site-packages/airflow/example_dags/example_nested_branch_dag.py
[2024-09-05T00:13:44.274+0000] {processor.py:925} INFO - DAG(s) 'example_nested_branch_dag' retrieved from /home/airflow/.local/lib/python3.12/site-packages/airflow/example_dags/example_nested_branch_dag.py
[2024-09-05T00:13:44.359+0000] {logging_mixin.py:190} INFO - [2024-09-05T00:13:44.355+0000] {dag.py:3211} INFO - Sync 1 DAGs
[2024-09-05T00:13:44.450+0000] {logging_mixin.py:190} INFO - [2024-09-05T00:13:44.449+0000] {dag.py:4138} INFO - Setting next_dagrun for example_nested_branch_dag to 2024-09-04 00:00:00+00:00, run_after=2024-09-05 00:00:00+00:00
[2024-09-05T00:13:44.498+0000] {processor.py:208} INFO - Processing /home/airflow/.local/lib/python3.12/site-packages/airflow/example_dags/example_nested_branch_dag.py took 0.283 seconds
[2024-09-05T00:14:28.963+0000] {processor.py:186} INFO - Started process (PID=205) to work on /home/airflow/.local/lib/python3.12/site-packages/airflow/example_dags/example_nested_branch_dag.py
[2024-09-05T00:14:28.966+0000] {processor.py:914} INFO - Processing file /home/airflow/.local/lib/python3.12/site-packages/airflow/example_dags/example_nested_branch_dag.py for tasks to queue
[2024-09-05T00:14:28.970+0000] {logging_mixin.py:190} INFO - [2024-09-05T00:14:28.969+0000] {dagbag.py:587} INFO - Filling up the DagBag from /home/airflow/.local/lib/python3.12/site-packages/airflow/example_dags/example_nested_branch_dag.py
[2024-09-05T00:14:29.011+0000] {processor.py:925} INFO - DAG(s) 'example_nested_branch_dag' retrieved from /home/airflow/.local/lib/python3.12/site-packages/airflow/example_dags/example_nested_branch_dag.py
[2024-09-05T00:14:29.087+0000] {logging_mixin.py:190} INFO - [2024-09-05T00:14:29.085+0000] {dag.py:3211} INFO - Sync 1 DAGs
[2024-09-05T00:14:29.161+0000] {logging_mixin.py:190} INFO - [2024-09-05T00:14:29.160+0000] {dag.py:4138} INFO - Setting next_dagrun for example_nested_branch_dag to 2024-09-04 00:00:00+00:00, run_after=2024-09-05 00:00:00+00:00
[2024-09-05T00:14:29.209+0000] {processor.py:208} INFO - Processing /home/airflow/.local/lib/python3.12/site-packages/airflow/example_dags/example_nested_branch_dag.py took 0.271 seconds
[2024-09-05T00:15:00.195+0000] {processor.py:186} INFO - Started process (PID=280) to work on /home/airflow/.local/lib/python3.12/site-packages/airflow/example_dags/example_nested_branch_dag.py
[2024-09-05T00:15:00.199+0000] {processor.py:914} INFO - Processing file /home/airflow/.local/lib/python3.12/site-packages/airflow/example_dags/example_nested_branch_dag.py for tasks to queue
[2024-09-05T00:15:00.203+0000] {logging_mixin.py:190} INFO - [2024-09-05T00:15:00.202+0000] {dagbag.py:587} INFO - Filling up the DagBag from /home/airflow/.local/lib/python3.12/site-packages/airflow/example_dags/example_nested_branch_dag.py
[2024-09-05T00:15:00.251+0000] {processor.py:925} INFO - DAG(s) 'example_nested_branch_dag' retrieved from /home/airflow/.local/lib/python3.12/site-packages/airflow/example_dags/example_nested_branch_dag.py
[2024-09-05T00:15:00.423+0000] {logging_mixin.py:190} INFO - [2024-09-05T00:15:00.422+0000] {dag.py:3211} INFO - Sync 1 DAGs
[2024-09-05T00:15:00.689+0000] {logging_mixin.py:190} INFO - [2024-09-05T00:15:00.688+0000] {dag.py:4138} INFO - Setting next_dagrun for example_nested_branch_dag to 2024-09-04 00:00:00+00:00, run_after=2024-09-05 00:00:00+00:00
[2024-09-05T00:15:00.920+0000] {processor.py:208} INFO - Processing /home/airflow/.local/lib/python3.12/site-packages/airflow/example_dags/example_nested_branch_dag.py took 0.746 seconds
[2024-09-05T00:32:43.688+0000] {processor.py:186} INFO - Started process (PID=146) to work on /home/airflow/.local/lib/python3.12/site-packages/airflow/example_dags/example_nested_branch_dag.py
[2024-09-05T00:32:43.690+0000] {processor.py:914} INFO - Processing file /home/airflow/.local/lib/python3.12/site-packages/airflow/example_dags/example_nested_branch_dag.py for tasks to queue
[2024-09-05T00:32:43.692+0000] {logging_mixin.py:190} INFO - [2024-09-05T00:32:43.692+0000] {dagbag.py:587} INFO - Filling up the DagBag from /home/airflow/.local/lib/python3.12/site-packages/airflow/example_dags/example_nested_branch_dag.py
[2024-09-05T00:32:43.711+0000] {processor.py:925} INFO - DAG(s) 'example_nested_branch_dag' retrieved from /home/airflow/.local/lib/python3.12/site-packages/airflow/example_dags/example_nested_branch_dag.py
[2024-09-05T00:32:43.751+0000] {logging_mixin.py:190} INFO - [2024-09-05T00:32:43.750+0000] {dag.py:3211} INFO - Sync 1 DAGs
[2024-09-05T00:32:43.795+0000] {logging_mixin.py:190} INFO - [2024-09-05T00:32:43.794+0000] {dag.py:4138} INFO - Setting next_dagrun for example_nested_branch_dag to 2024-09-04 00:00:00+00:00, run_after=2024-09-05 00:00:00+00:00
[2024-09-05T00:32:43.829+0000] {processor.py:208} INFO - Processing /home/airflow/.local/lib/python3.12/site-packages/airflow/example_dags/example_nested_branch_dag.py took 0.153 seconds
[2024-09-05T00:33:14.004+0000] {processor.py:186} INFO - Started process (PID=208) to work on /home/airflow/.local/lib/python3.12/site-packages/airflow/example_dags/example_nested_branch_dag.py
[2024-09-05T00:33:14.005+0000] {processor.py:914} INFO - Processing file /home/airflow/.local/lib/python3.12/site-packages/airflow/example_dags/example_nested_branch_dag.py for tasks to queue
[2024-09-05T00:33:14.008+0000] {logging_mixin.py:190} INFO - [2024-09-05T00:33:14.008+0000] {dagbag.py:587} INFO - Filling up the DagBag from /home/airflow/.local/lib/python3.12/site-packages/airflow/example_dags/example_nested_branch_dag.py
[2024-09-05T00:33:14.026+0000] {processor.py:925} INFO - DAG(s) 'example_nested_branch_dag' retrieved from /home/airflow/.local/lib/python3.12/site-packages/airflow/example_dags/example_nested_branch_dag.py
[2024-09-05T00:33:14.067+0000] {logging_mixin.py:190} INFO - [2024-09-05T00:33:14.066+0000] {dag.py:3211} INFO - Sync 1 DAGs
[2024-09-05T00:33:14.103+0000] {logging_mixin.py:190} INFO - [2024-09-05T00:33:14.102+0000] {dag.py:4138} INFO - Setting next_dagrun for example_nested_branch_dag to 2024-09-04 00:00:00+00:00, run_after=2024-09-05 00:00:00+00:00
[2024-09-05T00:33:14.137+0000] {processor.py:208} INFO - Processing /home/airflow/.local/lib/python3.12/site-packages/airflow/example_dags/example_nested_branch_dag.py took 0.142 seconds
[2024-09-05T00:33:44.737+0000] {processor.py:186} INFO - Started process (PID=271) to work on /home/airflow/.local/lib/python3.12/site-packages/airflow/example_dags/example_nested_branch_dag.py
[2024-09-05T00:33:44.739+0000] {processor.py:914} INFO - Processing file /home/airflow/.local/lib/python3.12/site-packages/airflow/example_dags/example_nested_branch_dag.py for tasks to queue
[2024-09-05T00:33:44.742+0000] {logging_mixin.py:190} INFO - [2024-09-05T00:33:44.741+0000] {dagbag.py:587} INFO - Filling up the DagBag from /home/airflow/.local/lib/python3.12/site-packages/airflow/example_dags/example_nested_branch_dag.py
[2024-09-05T00:33:44.769+0000] {processor.py:925} INFO - DAG(s) 'example_nested_branch_dag' retrieved from /home/airflow/.local/lib/python3.12/site-packages/airflow/example_dags/example_nested_branch_dag.py
[2024-09-05T00:33:44.824+0000] {logging_mixin.py:190} INFO - [2024-09-05T00:33:44.822+0000] {dag.py:3211} INFO - Sync 1 DAGs
[2024-09-05T00:33:44.874+0000] {logging_mixin.py:190} INFO - [2024-09-05T00:33:44.874+0000] {dag.py:4138} INFO - Setting next_dagrun for example_nested_branch_dag to 2024-09-04 00:00:00+00:00, run_after=2024-09-05 00:00:00+00:00
[2024-09-05T00:33:44.911+0000] {processor.py:208} INFO - Processing /home/airflow/.local/lib/python3.12/site-packages/airflow/example_dags/example_nested_branch_dag.py took 0.188 seconds
[2024-09-05T00:36:01.182+0000] {processor.py:186} INFO - Started process (PID=353) to work on /home/airflow/.local/lib/python3.12/site-packages/airflow/example_dags/example_nested_branch_dag.py
[2024-09-05T00:36:01.192+0000] {processor.py:914} INFO - Processing file /home/airflow/.local/lib/python3.12/site-packages/airflow/example_dags/example_nested_branch_dag.py for tasks to queue
[2024-09-05T00:36:01.224+0000] {logging_mixin.py:190} INFO - [2024-09-05T00:36:01.223+0000] {dagbag.py:587} INFO - Filling up the DagBag from /home/airflow/.local/lib/python3.12/site-packages/airflow/example_dags/example_nested_branch_dag.py
[2024-09-05T00:36:01.323+0000] {processor.py:925} INFO - DAG(s) 'example_nested_branch_dag' retrieved from /home/airflow/.local/lib/python3.12/site-packages/airflow/example_dags/example_nested_branch_dag.py
[2024-09-05T00:36:01.482+0000] {logging_mixin.py:190} INFO - [2024-09-05T00:36:01.481+0000] {dag.py:3211} INFO - Sync 1 DAGs
[2024-09-05T00:36:01.642+0000] {logging_mixin.py:190} INFO - [2024-09-05T00:36:01.642+0000] {dag.py:4138} INFO - Setting next_dagrun for example_nested_branch_dag to 2024-09-04 00:00:00+00:00, run_after=2024-09-05 00:00:00+00:00
[2024-09-05T00:36:01.784+0000] {processor.py:208} INFO - Processing /home/airflow/.local/lib/python3.12/site-packages/airflow/example_dags/example_nested_branch_dag.py took 0.638 seconds
[2024-09-05T00:36:32.338+0000] {processor.py:186} INFO - Started process (PID=415) to work on /home/airflow/.local/lib/python3.12/site-packages/airflow/example_dags/example_nested_branch_dag.py
[2024-09-05T00:36:32.340+0000] {processor.py:914} INFO - Processing file /home/airflow/.local/lib/python3.12/site-packages/airflow/example_dags/example_nested_branch_dag.py for tasks to queue
[2024-09-05T00:36:32.343+0000] {logging_mixin.py:190} INFO - [2024-09-05T00:36:32.342+0000] {dagbag.py:587} INFO - Filling up the DagBag from /home/airflow/.local/lib/python3.12/site-packages/airflow/example_dags/example_nested_branch_dag.py
[2024-09-05T00:36:32.362+0000] {processor.py:925} INFO - DAG(s) 'example_nested_branch_dag' retrieved from /home/airflow/.local/lib/python3.12/site-packages/airflow/example_dags/example_nested_branch_dag.py
[2024-09-05T00:36:32.422+0000] {logging_mixin.py:190} INFO - [2024-09-05T00:36:32.421+0000] {dag.py:3211} INFO - Sync 1 DAGs
[2024-09-05T00:36:32.471+0000] {logging_mixin.py:190} INFO - [2024-09-05T00:36:32.471+0000] {dag.py:4138} INFO - Setting next_dagrun for example_nested_branch_dag to 2024-09-04 00:00:00+00:00, run_after=2024-09-05 00:00:00+00:00
[2024-09-05T00:36:32.516+0000] {processor.py:208} INFO - Processing /home/airflow/.local/lib/python3.12/site-packages/airflow/example_dags/example_nested_branch_dag.py took 0.189 seconds
[2024-09-05T00:37:02.678+0000] {processor.py:186} INFO - Started process (PID=478) to work on /home/airflow/.local/lib/python3.12/site-packages/airflow/example_dags/example_nested_branch_dag.py
[2024-09-05T00:37:02.681+0000] {processor.py:914} INFO - Processing file /home/airflow/.local/lib/python3.12/site-packages/airflow/example_dags/example_nested_branch_dag.py for tasks to queue
[2024-09-05T00:37:02.687+0000] {logging_mixin.py:190} INFO - [2024-09-05T00:37:02.684+0000] {dagbag.py:587} INFO - Filling up the DagBag from /home/airflow/.local/lib/python3.12/site-packages/airflow/example_dags/example_nested_branch_dag.py
[2024-09-05T00:37:02.742+0000] {processor.py:925} INFO - DAG(s) 'example_nested_branch_dag' retrieved from /home/airflow/.local/lib/python3.12/site-packages/airflow/example_dags/example_nested_branch_dag.py
[2024-09-05T00:37:02.827+0000] {logging_mixin.py:190} INFO - [2024-09-05T00:37:02.826+0000] {dag.py:3211} INFO - Sync 1 DAGs
[2024-09-05T00:37:02.925+0000] {logging_mixin.py:190} INFO - [2024-09-05T00:37:02.924+0000] {dag.py:4138} INFO - Setting next_dagrun for example_nested_branch_dag to 2024-09-04 00:00:00+00:00, run_after=2024-09-05 00:00:00+00:00
[2024-09-05T00:37:03.007+0000] {processor.py:208} INFO - Processing /home/airflow/.local/lib/python3.12/site-packages/airflow/example_dags/example_nested_branch_dag.py took 0.361 seconds
[2024-09-05T00:37:33.292+0000] {processor.py:186} INFO - Started process (PID=541) to work on /home/airflow/.local/lib/python3.12/site-packages/airflow/example_dags/example_nested_branch_dag.py
[2024-09-05T00:37:33.294+0000] {processor.py:914} INFO - Processing file /home/airflow/.local/lib/python3.12/site-packages/airflow/example_dags/example_nested_branch_dag.py for tasks to queue
[2024-09-05T00:37:33.296+0000] {logging_mixin.py:190} INFO - [2024-09-05T00:37:33.296+0000] {dagbag.py:587} INFO - Filling up the DagBag from /home/airflow/.local/lib/python3.12/site-packages/airflow/example_dags/example_nested_branch_dag.py
[2024-09-05T00:37:33.335+0000] {processor.py:925} INFO - DAG(s) 'example_nested_branch_dag' retrieved from /home/airflow/.local/lib/python3.12/site-packages/airflow/example_dags/example_nested_branch_dag.py
[2024-09-05T00:37:33.372+0000] {logging_mixin.py:190} INFO - [2024-09-05T00:37:33.371+0000] {dag.py:3211} INFO - Sync 1 DAGs
[2024-09-05T00:37:33.417+0000] {logging_mixin.py:190} INFO - [2024-09-05T00:37:33.417+0000] {dag.py:4138} INFO - Setting next_dagrun for example_nested_branch_dag to 2024-09-04 00:00:00+00:00, run_after=2024-09-05 00:00:00+00:00
[2024-09-05T00:37:33.447+0000] {processor.py:208} INFO - Processing /home/airflow/.local/lib/python3.12/site-packages/airflow/example_dags/example_nested_branch_dag.py took 0.168 seconds
[2024-09-05T00:38:03.689+0000] {processor.py:186} INFO - Started process (PID=604) to work on /home/airflow/.local/lib/python3.12/site-packages/airflow/example_dags/example_nested_branch_dag.py
[2024-09-05T00:38:03.692+0000] {processor.py:914} INFO - Processing file /home/airflow/.local/lib/python3.12/site-packages/airflow/example_dags/example_nested_branch_dag.py for tasks to queue
[2024-09-05T00:38:03.695+0000] {logging_mixin.py:190} INFO - [2024-09-05T00:38:03.695+0000] {dagbag.py:587} INFO - Filling up the DagBag from /home/airflow/.local/lib/python3.12/site-packages/airflow/example_dags/example_nested_branch_dag.py
[2024-09-05T00:38:03.728+0000] {processor.py:925} INFO - DAG(s) 'example_nested_branch_dag' retrieved from /home/airflow/.local/lib/python3.12/site-packages/airflow/example_dags/example_nested_branch_dag.py
[2024-09-05T00:38:03.771+0000] {logging_mixin.py:190} INFO - [2024-09-05T00:38:03.771+0000] {dag.py:3211} INFO - Sync 1 DAGs
[2024-09-05T00:38:03.821+0000] {logging_mixin.py:190} INFO - [2024-09-05T00:38:03.820+0000] {dag.py:4138} INFO - Setting next_dagrun for example_nested_branch_dag to 2024-09-04 00:00:00+00:00, run_after=2024-09-05 00:00:00+00:00
[2024-09-05T00:38:03.864+0000] {processor.py:208} INFO - Processing /home/airflow/.local/lib/python3.12/site-packages/airflow/example_dags/example_nested_branch_dag.py took 0.192 seconds
[2024-09-05T00:38:34.337+0000] {processor.py:186} INFO - Started process (PID=667) to work on /home/airflow/.local/lib/python3.12/site-packages/airflow/example_dags/example_nested_branch_dag.py
[2024-09-05T00:38:34.339+0000] {processor.py:914} INFO - Processing file /home/airflow/.local/lib/python3.12/site-packages/airflow/example_dags/example_nested_branch_dag.py for tasks to queue
[2024-09-05T00:38:34.342+0000] {logging_mixin.py:190} INFO - [2024-09-05T00:38:34.341+0000] {dagbag.py:587} INFO - Filling up the DagBag from /home/airflow/.local/lib/python3.12/site-packages/airflow/example_dags/example_nested_branch_dag.py
[2024-09-05T00:38:34.370+0000] {processor.py:925} INFO - DAG(s) 'example_nested_branch_dag' retrieved from /home/airflow/.local/lib/python3.12/site-packages/airflow/example_dags/example_nested_branch_dag.py
[2024-09-05T00:38:34.435+0000] {logging_mixin.py:190} INFO - [2024-09-05T00:38:34.434+0000] {dag.py:3211} INFO - Sync 1 DAGs
[2024-09-05T00:38:34.506+0000] {logging_mixin.py:190} INFO - [2024-09-05T00:38:34.506+0000] {dag.py:4138} INFO - Setting next_dagrun for example_nested_branch_dag to 2024-09-04 00:00:00+00:00, run_after=2024-09-05 00:00:00+00:00
[2024-09-05T00:38:34.546+0000] {processor.py:208} INFO - Processing /home/airflow/.local/lib/python3.12/site-packages/airflow/example_dags/example_nested_branch_dag.py took 0.230 seconds
[2024-09-05T00:39:05.128+0000] {processor.py:186} INFO - Started process (PID=730) to work on /home/airflow/.local/lib/python3.12/site-packages/airflow/example_dags/example_nested_branch_dag.py
[2024-09-05T00:39:05.130+0000] {processor.py:914} INFO - Processing file /home/airflow/.local/lib/python3.12/site-packages/airflow/example_dags/example_nested_branch_dag.py for tasks to queue
[2024-09-05T00:39:05.133+0000] {logging_mixin.py:190} INFO - [2024-09-05T00:39:05.132+0000] {dagbag.py:587} INFO - Filling up the DagBag from /home/airflow/.local/lib/python3.12/site-packages/airflow/example_dags/example_nested_branch_dag.py
[2024-09-05T00:39:05.168+0000] {processor.py:925} INFO - DAG(s) 'example_nested_branch_dag' retrieved from /home/airflow/.local/lib/python3.12/site-packages/airflow/example_dags/example_nested_branch_dag.py
[2024-09-05T00:39:05.240+0000] {logging_mixin.py:190} INFO - [2024-09-05T00:39:05.240+0000] {dag.py:3211} INFO - Sync 1 DAGs
[2024-09-05T00:39:05.301+0000] {logging_mixin.py:190} INFO - [2024-09-05T00:39:05.300+0000] {dag.py:4138} INFO - Setting next_dagrun for example_nested_branch_dag to 2024-09-04 00:00:00+00:00, run_after=2024-09-05 00:00:00+00:00
[2024-09-05T00:39:05.345+0000] {processor.py:208} INFO - Processing /home/airflow/.local/lib/python3.12/site-packages/airflow/example_dags/example_nested_branch_dag.py took 0.234 seconds
[2024-09-05T00:39:35.794+0000] {processor.py:186} INFO - Started process (PID=793) to work on /home/airflow/.local/lib/python3.12/site-packages/airflow/example_dags/example_nested_branch_dag.py
[2024-09-05T00:39:35.795+0000] {processor.py:914} INFO - Processing file /home/airflow/.local/lib/python3.12/site-packages/airflow/example_dags/example_nested_branch_dag.py for tasks to queue
[2024-09-05T00:39:35.798+0000] {logging_mixin.py:190} INFO - [2024-09-05T00:39:35.798+0000] {dagbag.py:587} INFO - Filling up the DagBag from /home/airflow/.local/lib/python3.12/site-packages/airflow/example_dags/example_nested_branch_dag.py
[2024-09-05T00:39:35.823+0000] {processor.py:925} INFO - DAG(s) 'example_nested_branch_dag' retrieved from /home/airflow/.local/lib/python3.12/site-packages/airflow/example_dags/example_nested_branch_dag.py
[2024-09-05T00:39:35.876+0000] {logging_mixin.py:190} INFO - [2024-09-05T00:39:35.876+0000] {dag.py:3211} INFO - Sync 1 DAGs
[2024-09-05T00:39:35.918+0000] {logging_mixin.py:190} INFO - [2024-09-05T00:39:35.918+0000] {dag.py:4138} INFO - Setting next_dagrun for example_nested_branch_dag to 2024-09-04 00:00:00+00:00, run_after=2024-09-05 00:00:00+00:00
[2024-09-05T00:39:35.958+0000] {processor.py:208} INFO - Processing /home/airflow/.local/lib/python3.12/site-packages/airflow/example_dags/example_nested_branch_dag.py took 0.173 seconds
[2024-09-05T00:40:06.505+0000] {processor.py:186} INFO - Started process (PID=856) to work on /home/airflow/.local/lib/python3.12/site-packages/airflow/example_dags/example_nested_branch_dag.py
[2024-09-05T00:40:06.507+0000] {processor.py:914} INFO - Processing file /home/airflow/.local/lib/python3.12/site-packages/airflow/example_dags/example_nested_branch_dag.py for tasks to queue
[2024-09-05T00:40:06.510+0000] {logging_mixin.py:190} INFO - [2024-09-05T00:40:06.509+0000] {dagbag.py:587} INFO - Filling up the DagBag from /home/airflow/.local/lib/python3.12/site-packages/airflow/example_dags/example_nested_branch_dag.py
[2024-09-05T00:40:06.537+0000] {processor.py:925} INFO - DAG(s) 'example_nested_branch_dag' retrieved from /home/airflow/.local/lib/python3.12/site-packages/airflow/example_dags/example_nested_branch_dag.py
[2024-09-05T00:40:06.601+0000] {logging_mixin.py:190} INFO - [2024-09-05T00:40:06.600+0000] {dag.py:3211} INFO - Sync 1 DAGs
[2024-09-05T00:40:06.667+0000] {logging_mixin.py:190} INFO - [2024-09-05T00:40:06.666+0000] {dag.py:4138} INFO - Setting next_dagrun for example_nested_branch_dag to 2024-09-04 00:00:00+00:00, run_after=2024-09-05 00:00:00+00:00
[2024-09-05T00:40:06.719+0000] {processor.py:208} INFO - Processing /home/airflow/.local/lib/python3.12/site-packages/airflow/example_dags/example_nested_branch_dag.py took 0.230 seconds
[2024-09-05T00:40:37.705+0000] {processor.py:186} INFO - Started process (PID=920) to work on /home/airflow/.local/lib/python3.12/site-packages/airflow/example_dags/example_nested_branch_dag.py
[2024-09-05T00:40:37.711+0000] {processor.py:914} INFO - Processing file /home/airflow/.local/lib/python3.12/site-packages/airflow/example_dags/example_nested_branch_dag.py for tasks to queue
[2024-09-05T00:40:37.738+0000] {logging_mixin.py:190} INFO - [2024-09-05T00:40:37.735+0000] {dagbag.py:587} INFO - Filling up the DagBag from /home/airflow/.local/lib/python3.12/site-packages/airflow/example_dags/example_nested_branch_dag.py
[2024-09-05T00:40:37.817+0000] {processor.py:925} INFO - DAG(s) 'example_nested_branch_dag' retrieved from /home/airflow/.local/lib/python3.12/site-packages/airflow/example_dags/example_nested_branch_dag.py
[2024-09-05T00:40:38.023+0000] {logging_mixin.py:190} INFO - [2024-09-05T00:40:38.022+0000] {dag.py:3211} INFO - Sync 1 DAGs
[2024-09-05T00:40:38.290+0000] {logging_mixin.py:190} INFO - [2024-09-05T00:40:38.290+0000] {dag.py:4138} INFO - Setting next_dagrun for example_nested_branch_dag to 2024-09-04 00:00:00+00:00, run_after=2024-09-05 00:00:00+00:00
[2024-09-05T00:40:38.415+0000] {processor.py:208} INFO - Processing /home/airflow/.local/lib/python3.12/site-packages/airflow/example_dags/example_nested_branch_dag.py took 0.774 seconds
