[2024-09-05T00:04:12.665+0000] {processor.py:186} INFO - Started process (PID=103) to work on /home/airflow/.local/lib/python3.12/site-packages/airflow/example_dags/example_dataset_alias.py
[2024-09-05T00:04:12.667+0000] {processor.py:914} INFO - Processing file /home/airflow/.local/lib/python3.12/site-packages/airflow/example_dags/example_dataset_alias.py for tasks to queue
[2024-09-05T00:04:12.672+0000] {logging_mixin.py:190} INFO - [2024-09-05T00:04:12.671+0000] {dagbag.py:587} INFO - Filling up the DagBag from /home/airflow/.local/lib/python3.12/site-packages/airflow/example_dags/example_dataset_alias.py
[2024-09-05T00:04:13.383+0000] {processor.py:925} INFO - DAG(s) 'dataset_alias_example_alias_consumer', 'dataset_alias_example_alias_producer', 'dataset_s3_bucket_consumer', 'dataset_s3_bucket_producer' retrieved from /home/airflow/.local/lib/python3.12/site-packages/airflow/example_dags/example_dataset_alias.py
[2024-09-05T00:04:13.731+0000] {logging_mixin.py:190} INFO - [2024-09-05T00:04:13.729+0000] {override.py:1858} INFO - Created Permission View: can delete on DAG:dataset_alias_example_alias_consumer
[2024-09-05T00:04:13.776+0000] {logging_mixin.py:190} INFO - [2024-09-05T00:04:13.774+0000] {override.py:1858} INFO - Created Permission View: can read on DAG:dataset_alias_example_alias_consumer
[2024-09-05T00:04:13.799+0000] {logging_mixin.py:190} INFO - [2024-09-05T00:04:13.798+0000] {override.py:1858} INFO - Created Permission View: can edit on DAG:dataset_alias_example_alias_consumer
[2024-09-05T00:04:13.859+0000] {logging_mixin.py:190} INFO - [2024-09-05T00:04:13.858+0000] {override.py:1858} INFO - Created Permission View: can delete on DAG:dataset_alias_example_alias_producer
[2024-09-05T00:04:13.884+0000] {logging_mixin.py:190} INFO - [2024-09-05T00:04:13.884+0000] {override.py:1858} INFO - Created Permission View: can read on DAG:dataset_alias_example_alias_producer
[2024-09-05T00:04:13.911+0000] {logging_mixin.py:190} INFO - [2024-09-05T00:04:13.910+0000] {override.py:1858} INFO - Created Permission View: can edit on DAG:dataset_alias_example_alias_producer
[2024-09-05T00:04:13.954+0000] {logging_mixin.py:190} INFO - [2024-09-05T00:04:13.953+0000] {override.py:1858} INFO - Created Permission View: can delete on DAG:dataset_s3_bucket_consumer
[2024-09-05T00:04:13.975+0000] {logging_mixin.py:190} INFO - [2024-09-05T00:04:13.975+0000] {override.py:1858} INFO - Created Permission View: can read on DAG:dataset_s3_bucket_consumer
[2024-09-05T00:04:13.996+0000] {logging_mixin.py:190} INFO - [2024-09-05T00:04:13.995+0000] {override.py:1858} INFO - Created Permission View: can edit on DAG:dataset_s3_bucket_consumer
[2024-09-05T00:04:14.053+0000] {logging_mixin.py:190} INFO - [2024-09-05T00:04:14.052+0000] {override.py:1858} INFO - Created Permission View: can delete on DAG:dataset_s3_bucket_producer
[2024-09-05T00:04:14.076+0000] {logging_mixin.py:190} INFO - [2024-09-05T00:04:14.075+0000] {override.py:1858} INFO - Created Permission View: can read on DAG:dataset_s3_bucket_producer
[2024-09-05T00:04:14.096+0000] {logging_mixin.py:190} INFO - [2024-09-05T00:04:14.095+0000] {override.py:1858} INFO - Created Permission View: can edit on DAG:dataset_s3_bucket_producer
[2024-09-05T00:04:14.099+0000] {logging_mixin.py:190} INFO - [2024-09-05T00:04:14.098+0000] {dag.py:3211} INFO - Sync 4 DAGs
[2024-09-05T00:04:14.151+0000] {logging_mixin.py:190} INFO - [2024-09-05T00:04:14.150+0000] {dag.py:3234} INFO - Creating ORM DAG for dataset_s3_bucket_consumer
[2024-09-05T00:04:14.153+0000] {logging_mixin.py:190} INFO - [2024-09-05T00:04:14.153+0000] {dag.py:3234} INFO - Creating ORM DAG for dataset_alias_example_alias_producer
[2024-09-05T00:04:14.156+0000] {logging_mixin.py:190} INFO - [2024-09-05T00:04:14.155+0000] {dag.py:3234} INFO - Creating ORM DAG for dataset_alias_example_alias_consumer
[2024-09-05T00:04:14.159+0000] {logging_mixin.py:190} INFO - [2024-09-05T00:04:14.158+0000] {dag.py:3234} INFO - Creating ORM DAG for dataset_s3_bucket_producer
[2024-09-05T00:04:14.199+0000] {logging_mixin.py:190} INFO - [2024-09-05T00:04:14.197+0000] {dag.py:4138} INFO - Setting next_dagrun for dataset_alias_example_alias_consumer to None, run_after=None
[2024-09-05T00:04:14.216+0000] {logging_mixin.py:190} INFO - [2024-09-05T00:04:14.215+0000] {dag.py:4138} INFO - Setting next_dagrun for dataset_alias_example_alias_producer to None, run_after=None
[2024-09-05T00:04:14.218+0000] {logging_mixin.py:190} INFO - [2024-09-05T00:04:14.218+0000] {dag.py:4138} INFO - Setting next_dagrun for dataset_s3_bucket_consumer to None, run_after=None
[2024-09-05T00:04:14.220+0000] {logging_mixin.py:190} INFO - [2024-09-05T00:04:14.220+0000] {dag.py:4138} INFO - Setting next_dagrun for dataset_s3_bucket_producer to None, run_after=None
[2024-09-05T00:04:14.393+0000] {processor.py:208} INFO - Processing /home/airflow/.local/lib/python3.12/site-packages/airflow/example_dags/example_dataset_alias.py took 1.762 seconds
[2024-09-05T00:04:46.534+0000] {processor.py:186} INFO - Started process (PID=166) to work on /home/airflow/.local/lib/python3.12/site-packages/airflow/example_dags/example_dataset_alias.py
[2024-09-05T00:04:46.539+0000] {processor.py:914} INFO - Processing file /home/airflow/.local/lib/python3.12/site-packages/airflow/example_dags/example_dataset_alias.py for tasks to queue
[2024-09-05T00:04:46.564+0000] {logging_mixin.py:190} INFO - [2024-09-05T00:04:46.563+0000] {dagbag.py:587} INFO - Filling up the DagBag from /home/airflow/.local/lib/python3.12/site-packages/airflow/example_dags/example_dataset_alias.py
[2024-09-05T00:04:47.619+0000] {processor.py:925} INFO - DAG(s) 'dataset_s3_bucket_consumer', 'dataset_alias_example_alias_consumer', 'dataset_alias_example_alias_producer', 'dataset_s3_bucket_producer' retrieved from /home/airflow/.local/lib/python3.12/site-packages/airflow/example_dags/example_dataset_alias.py
[2024-09-05T00:04:47.849+0000] {logging_mixin.py:190} INFO - [2024-09-05T00:04:47.849+0000] {dag.py:3211} INFO - Sync 4 DAGs
[2024-09-05T00:04:48.046+0000] {logging_mixin.py:190} INFO - [2024-09-05T00:04:48.045+0000] {dag.py:4138} INFO - Setting next_dagrun for dataset_alias_example_alias_consumer to None, run_after=None
[2024-09-05T00:04:48.090+0000] {logging_mixin.py:190} INFO - [2024-09-05T00:04:48.088+0000] {dag.py:4138} INFO - Setting next_dagrun for dataset_alias_example_alias_producer to None, run_after=None
[2024-09-05T00:04:48.112+0000] {logging_mixin.py:190} INFO - [2024-09-05T00:04:48.111+0000] {dag.py:4138} INFO - Setting next_dagrun for dataset_s3_bucket_consumer to None, run_after=None
[2024-09-05T00:04:48.128+0000] {logging_mixin.py:190} INFO - [2024-09-05T00:04:48.126+0000] {dag.py:4138} INFO - Setting next_dagrun for dataset_s3_bucket_producer to None, run_after=None
[2024-09-05T00:04:48.356+0000] {processor.py:208} INFO - Processing /home/airflow/.local/lib/python3.12/site-packages/airflow/example_dags/example_dataset_alias.py took 1.876 seconds
[2024-09-05T00:05:18.795+0000] {processor.py:186} INFO - Started process (PID=236) to work on /home/airflow/.local/lib/python3.12/site-packages/airflow/example_dags/example_dataset_alias.py
[2024-09-05T00:05:18.797+0000] {processor.py:914} INFO - Processing file /home/airflow/.local/lib/python3.12/site-packages/airflow/example_dags/example_dataset_alias.py for tasks to queue
[2024-09-05T00:05:18.803+0000] {logging_mixin.py:190} INFO - [2024-09-05T00:05:18.801+0000] {dagbag.py:587} INFO - Filling up the DagBag from /home/airflow/.local/lib/python3.12/site-packages/airflow/example_dags/example_dataset_alias.py
[2024-09-05T00:05:19.453+0000] {processor.py:925} INFO - DAG(s) 'dataset_s3_bucket_consumer', 'dataset_s3_bucket_producer', 'dataset_alias_example_alias_consumer', 'dataset_alias_example_alias_producer' retrieved from /home/airflow/.local/lib/python3.12/site-packages/airflow/example_dags/example_dataset_alias.py
[2024-09-05T00:05:19.558+0000] {logging_mixin.py:190} INFO - [2024-09-05T00:05:19.557+0000] {dag.py:3211} INFO - Sync 4 DAGs
[2024-09-05T00:05:19.641+0000] {logging_mixin.py:190} INFO - [2024-09-05T00:05:19.640+0000] {dag.py:4138} INFO - Setting next_dagrun for dataset_alias_example_alias_consumer to None, run_after=None
[2024-09-05T00:05:19.652+0000] {logging_mixin.py:190} INFO - [2024-09-05T00:05:19.650+0000] {dag.py:4138} INFO - Setting next_dagrun for dataset_alias_example_alias_producer to None, run_after=None
[2024-09-05T00:05:19.658+0000] {logging_mixin.py:190} INFO - [2024-09-05T00:05:19.657+0000] {dag.py:4138} INFO - Setting next_dagrun for dataset_s3_bucket_consumer to None, run_after=None
[2024-09-05T00:05:19.663+0000] {logging_mixin.py:190} INFO - [2024-09-05T00:05:19.662+0000] {dag.py:4138} INFO - Setting next_dagrun for dataset_s3_bucket_producer to None, run_after=None
[2024-09-05T00:05:19.740+0000] {processor.py:208} INFO - Processing /home/airflow/.local/lib/python3.12/site-packages/airflow/example_dags/example_dataset_alias.py took 0.970 seconds
[2024-09-05T00:13:30.671+0000] {processor.py:186} INFO - Started process (PID=96) to work on /home/airflow/.local/lib/python3.12/site-packages/airflow/example_dags/example_dataset_alias.py
[2024-09-05T00:13:30.679+0000] {processor.py:914} INFO - Processing file /home/airflow/.local/lib/python3.12/site-packages/airflow/example_dags/example_dataset_alias.py for tasks to queue
[2024-09-05T00:13:30.687+0000] {logging_mixin.py:190} INFO - [2024-09-05T00:13:30.686+0000] {dagbag.py:587} INFO - Filling up the DagBag from /home/airflow/.local/lib/python3.12/site-packages/airflow/example_dags/example_dataset_alias.py
[2024-09-05T00:13:34.092+0000] {processor.py:925} INFO - DAG(s) 'dataset_s3_bucket_producer', 'dataset_alias_example_alias_consumer', 'dataset_alias_example_alias_producer', 'dataset_s3_bucket_consumer' retrieved from /home/airflow/.local/lib/python3.12/site-packages/airflow/example_dags/example_dataset_alias.py
[2024-09-05T00:13:34.393+0000] {logging_mixin.py:190} INFO - [2024-09-05T00:13:34.385+0000] {dag.py:3211} INFO - Sync 4 DAGs
[2024-09-05T00:13:34.710+0000] {logging_mixin.py:190} INFO - [2024-09-05T00:13:34.709+0000] {dag.py:4138} INFO - Setting next_dagrun for dataset_alias_example_alias_consumer to None, run_after=None
[2024-09-05T00:13:34.736+0000] {logging_mixin.py:190} INFO - [2024-09-05T00:13:34.735+0000] {dag.py:4138} INFO - Setting next_dagrun for dataset_alias_example_alias_producer to None, run_after=None
[2024-09-05T00:13:34.741+0000] {logging_mixin.py:190} INFO - [2024-09-05T00:13:34.740+0000] {dag.py:4138} INFO - Setting next_dagrun for dataset_s3_bucket_consumer to None, run_after=None
[2024-09-05T00:13:34.747+0000] {logging_mixin.py:190} INFO - [2024-09-05T00:13:34.747+0000] {dag.py:4138} INFO - Setting next_dagrun for dataset_s3_bucket_producer to None, run_after=None
[2024-09-05T00:13:34.917+0000] {processor.py:208} INFO - Processing /home/airflow/.local/lib/python3.12/site-packages/airflow/example_dags/example_dataset_alias.py took 4.484 seconds
[2024-09-05T00:14:05.455+0000] {processor.py:186} INFO - Started process (PID=166) to work on /home/airflow/.local/lib/python3.12/site-packages/airflow/example_dags/example_dataset_alias.py
[2024-09-05T00:14:05.459+0000] {processor.py:914} INFO - Processing file /home/airflow/.local/lib/python3.12/site-packages/airflow/example_dags/example_dataset_alias.py for tasks to queue
[2024-09-05T00:14:05.465+0000] {logging_mixin.py:190} INFO - [2024-09-05T00:14:05.463+0000] {dagbag.py:587} INFO - Filling up the DagBag from /home/airflow/.local/lib/python3.12/site-packages/airflow/example_dags/example_dataset_alias.py
[2024-09-05T00:14:05.882+0000] {processor.py:925} INFO - DAG(s) 'dataset_alias_example_alias_producer', 'dataset_alias_example_alias_consumer', 'dataset_s3_bucket_consumer', 'dataset_s3_bucket_producer' retrieved from /home/airflow/.local/lib/python3.12/site-packages/airflow/example_dags/example_dataset_alias.py
[2024-09-05T00:14:05.947+0000] {logging_mixin.py:190} INFO - [2024-09-05T00:14:05.946+0000] {dag.py:3211} INFO - Sync 4 DAGs
[2024-09-05T00:14:06.008+0000] {logging_mixin.py:190} INFO - [2024-09-05T00:14:06.008+0000] {dag.py:4138} INFO - Setting next_dagrun for dataset_alias_example_alias_consumer to None, run_after=None
[2024-09-05T00:14:06.016+0000] {logging_mixin.py:190} INFO - [2024-09-05T00:14:06.015+0000] {dag.py:4138} INFO - Setting next_dagrun for dataset_alias_example_alias_producer to None, run_after=None
[2024-09-05T00:14:06.023+0000] {logging_mixin.py:190} INFO - [2024-09-05T00:14:06.022+0000] {dag.py:4138} INFO - Setting next_dagrun for dataset_s3_bucket_consumer to None, run_after=None
[2024-09-05T00:14:06.030+0000] {logging_mixin.py:190} INFO - [2024-09-05T00:14:06.029+0000] {dag.py:4138} INFO - Setting next_dagrun for dataset_s3_bucket_producer to None, run_after=None
[2024-09-05T00:14:06.094+0000] {processor.py:208} INFO - Processing /home/airflow/.local/lib/python3.12/site-packages/airflow/example_dags/example_dataset_alias.py took 0.660 seconds
[2024-09-05T00:14:36.881+0000] {processor.py:186} INFO - Started process (PID=229) to work on /home/airflow/.local/lib/python3.12/site-packages/airflow/example_dags/example_dataset_alias.py
[2024-09-05T00:14:36.917+0000] {processor.py:914} INFO - Processing file /home/airflow/.local/lib/python3.12/site-packages/airflow/example_dags/example_dataset_alias.py for tasks to queue
[2024-09-05T00:14:36.979+0000] {logging_mixin.py:190} INFO - [2024-09-05T00:14:36.955+0000] {dagbag.py:587} INFO - Filling up the DagBag from /home/airflow/.local/lib/python3.12/site-packages/airflow/example_dags/example_dataset_alias.py
[2024-09-05T00:14:40.102+0000] {processor.py:925} INFO - DAG(s) 'dataset_alias_example_alias_producer', 'dataset_s3_bucket_consumer', 'dataset_alias_example_alias_consumer', 'dataset_s3_bucket_producer' retrieved from /home/airflow/.local/lib/python3.12/site-packages/airflow/example_dags/example_dataset_alias.py
[2024-09-05T00:14:40.345+0000] {logging_mixin.py:190} INFO - [2024-09-05T00:14:40.344+0000] {dag.py:3211} INFO - Sync 4 DAGs
[2024-09-05T00:14:40.820+0000] {logging_mixin.py:190} INFO - [2024-09-05T00:14:40.819+0000] {dag.py:4138} INFO - Setting next_dagrun for dataset_alias_example_alias_consumer to None, run_after=None
[2024-09-05T00:14:40.883+0000] {logging_mixin.py:190} INFO - [2024-09-05T00:14:40.881+0000] {dag.py:4138} INFO - Setting next_dagrun for dataset_alias_example_alias_producer to None, run_after=None
[2024-09-05T00:14:40.901+0000] {logging_mixin.py:190} INFO - [2024-09-05T00:14:40.897+0000] {dag.py:4138} INFO - Setting next_dagrun for dataset_s3_bucket_consumer to None, run_after=None
[2024-09-05T00:14:40.920+0000] {logging_mixin.py:190} INFO - [2024-09-05T00:14:40.919+0000] {dag.py:4138} INFO - Setting next_dagrun for dataset_s3_bucket_producer to None, run_after=None
[2024-09-05T00:14:41.137+0000] {processor.py:208} INFO - Processing /home/airflow/.local/lib/python3.12/site-packages/airflow/example_dags/example_dataset_alias.py took 4.432 seconds
[2024-09-05T00:15:11.800+0000] {processor.py:186} INFO - Started process (PID=305) to work on /home/airflow/.local/lib/python3.12/site-packages/airflow/example_dags/example_dataset_alias.py
[2024-09-05T00:15:11.821+0000] {processor.py:914} INFO - Processing file /home/airflow/.local/lib/python3.12/site-packages/airflow/example_dags/example_dataset_alias.py for tasks to queue
[2024-09-05T00:15:11.849+0000] {logging_mixin.py:190} INFO - [2024-09-05T00:15:11.848+0000] {dagbag.py:587} INFO - Filling up the DagBag from /home/airflow/.local/lib/python3.12/site-packages/airflow/example_dags/example_dataset_alias.py
[2024-09-05T00:15:13.379+0000] {processor.py:925} INFO - DAG(s) 'dataset_alias_example_alias_consumer', 'dataset_s3_bucket_producer', 'dataset_alias_example_alias_producer', 'dataset_s3_bucket_consumer' retrieved from /home/airflow/.local/lib/python3.12/site-packages/airflow/example_dags/example_dataset_alias.py
[2024-09-05T00:15:13.643+0000] {logging_mixin.py:190} INFO - [2024-09-05T00:15:13.629+0000] {dag.py:3211} INFO - Sync 4 DAGs
[2024-09-05T00:15:13.918+0000] {logging_mixin.py:190} INFO - [2024-09-05T00:15:13.918+0000] {dag.py:4138} INFO - Setting next_dagrun for dataset_alias_example_alias_consumer to None, run_after=None
[2024-09-05T00:15:13.947+0000] {logging_mixin.py:190} INFO - [2024-09-05T00:15:13.945+0000] {dag.py:4138} INFO - Setting next_dagrun for dataset_alias_example_alias_producer to None, run_after=None
[2024-09-05T00:15:13.955+0000] {logging_mixin.py:190} INFO - [2024-09-05T00:15:13.954+0000] {dag.py:4138} INFO - Setting next_dagrun for dataset_s3_bucket_consumer to None, run_after=None
[2024-09-05T00:15:13.968+0000] {logging_mixin.py:190} INFO - [2024-09-05T00:15:13.967+0000] {dag.py:4138} INFO - Setting next_dagrun for dataset_s3_bucket_producer to None, run_after=None
[2024-09-05T00:15:14.160+0000] {processor.py:208} INFO - Processing /home/airflow/.local/lib/python3.12/site-packages/airflow/example_dags/example_dataset_alias.py took 2.414 seconds
[2024-09-05T00:32:34.387+0000] {processor.py:186} INFO - Started process (PID=116) to work on /home/airflow/.local/lib/python3.12/site-packages/airflow/example_dags/example_dataset_alias.py
[2024-09-05T00:32:34.419+0000] {processor.py:914} INFO - Processing file /home/airflow/.local/lib/python3.12/site-packages/airflow/example_dags/example_dataset_alias.py for tasks to queue
[2024-09-05T00:32:34.433+0000] {logging_mixin.py:190} INFO - [2024-09-05T00:32:34.426+0000] {dagbag.py:587} INFO - Filling up the DagBag from /home/airflow/.local/lib/python3.12/site-packages/airflow/example_dags/example_dataset_alias.py
[2024-09-05T00:32:37.067+0000] {processor.py:925} INFO - DAG(s) 'dataset_alias_example_alias_producer', 'dataset_alias_example_alias_consumer', 'dataset_s3_bucket_consumer', 'dataset_s3_bucket_producer' retrieved from /home/airflow/.local/lib/python3.12/site-packages/airflow/example_dags/example_dataset_alias.py
[2024-09-05T00:32:37.625+0000] {logging_mixin.py:190} INFO - [2024-09-05T00:32:37.622+0000] {dag.py:3211} INFO - Sync 4 DAGs
[2024-09-05T00:32:37.895+0000] {logging_mixin.py:190} INFO - [2024-09-05T00:32:37.895+0000] {dag.py:4138} INFO - Setting next_dagrun for dataset_alias_example_alias_consumer to None, run_after=None
[2024-09-05T00:32:37.911+0000] {logging_mixin.py:190} INFO - [2024-09-05T00:32:37.911+0000] {dag.py:4138} INFO - Setting next_dagrun for dataset_alias_example_alias_producer to None, run_after=None
[2024-09-05T00:32:37.918+0000] {logging_mixin.py:190} INFO - [2024-09-05T00:32:37.917+0000] {dag.py:4138} INFO - Setting next_dagrun for dataset_s3_bucket_consumer to None, run_after=None
[2024-09-05T00:32:37.934+0000] {logging_mixin.py:190} INFO - [2024-09-05T00:32:37.931+0000] {dag.py:4138} INFO - Setting next_dagrun for dataset_s3_bucket_producer to None, run_after=None
[2024-09-05T00:32:38.086+0000] {processor.py:208} INFO - Processing /home/airflow/.local/lib/python3.12/site-packages/airflow/example_dags/example_dataset_alias.py took 3.746 seconds
[2024-09-05T00:33:08.378+0000] {processor.py:186} INFO - Started process (PID=179) to work on /home/airflow/.local/lib/python3.12/site-packages/airflow/example_dags/example_dataset_alias.py
[2024-09-05T00:33:08.381+0000] {processor.py:914} INFO - Processing file /home/airflow/.local/lib/python3.12/site-packages/airflow/example_dags/example_dataset_alias.py for tasks to queue
[2024-09-05T00:33:08.386+0000] {logging_mixin.py:190} INFO - [2024-09-05T00:33:08.385+0000] {dagbag.py:587} INFO - Filling up the DagBag from /home/airflow/.local/lib/python3.12/site-packages/airflow/example_dags/example_dataset_alias.py
[2024-09-05T00:33:08.914+0000] {processor.py:925} INFO - DAG(s) 'dataset_s3_bucket_producer', 'dataset_alias_example_alias_consumer', 'dataset_alias_example_alias_producer', 'dataset_s3_bucket_consumer' retrieved from /home/airflow/.local/lib/python3.12/site-packages/airflow/example_dags/example_dataset_alias.py
[2024-09-05T00:33:08.968+0000] {logging_mixin.py:190} INFO - [2024-09-05T00:33:08.968+0000] {dag.py:3211} INFO - Sync 4 DAGs
[2024-09-05T00:33:09.018+0000] {logging_mixin.py:190} INFO - [2024-09-05T00:33:09.017+0000] {dag.py:4138} INFO - Setting next_dagrun for dataset_alias_example_alias_consumer to None, run_after=None
[2024-09-05T00:33:09.021+0000] {logging_mixin.py:190} INFO - [2024-09-05T00:33:09.021+0000] {dag.py:4138} INFO - Setting next_dagrun for dataset_alias_example_alias_producer to None, run_after=None
[2024-09-05T00:33:09.023+0000] {logging_mixin.py:190} INFO - [2024-09-05T00:33:09.023+0000] {dag.py:4138} INFO - Setting next_dagrun for dataset_s3_bucket_consumer to None, run_after=None
[2024-09-05T00:33:09.025+0000] {logging_mixin.py:190} INFO - [2024-09-05T00:33:09.025+0000] {dag.py:4138} INFO - Setting next_dagrun for dataset_s3_bucket_producer to None, run_after=None
[2024-09-05T00:33:09.056+0000] {processor.py:208} INFO - Processing /home/airflow/.local/lib/python3.12/site-packages/airflow/example_dags/example_dataset_alias.py took 0.710 seconds
[2024-09-05T00:33:39.190+0000] {processor.py:186} INFO - Started process (PID=243) to work on /home/airflow/.local/lib/python3.12/site-packages/airflow/example_dags/example_dataset_alias.py
[2024-09-05T00:33:39.191+0000] {processor.py:914} INFO - Processing file /home/airflow/.local/lib/python3.12/site-packages/airflow/example_dags/example_dataset_alias.py for tasks to queue
[2024-09-05T00:33:39.193+0000] {logging_mixin.py:190} INFO - [2024-09-05T00:33:39.192+0000] {dagbag.py:587} INFO - Filling up the DagBag from /home/airflow/.local/lib/python3.12/site-packages/airflow/example_dags/example_dataset_alias.py
[2024-09-05T00:33:39.499+0000] {processor.py:925} INFO - DAG(s) 'dataset_s3_bucket_consumer', 'dataset_alias_example_alias_producer', 'dataset_alias_example_alias_consumer', 'dataset_s3_bucket_producer' retrieved from /home/airflow/.local/lib/python3.12/site-packages/airflow/example_dags/example_dataset_alias.py
[2024-09-05T00:33:39.541+0000] {logging_mixin.py:190} INFO - [2024-09-05T00:33:39.541+0000] {dag.py:3211} INFO - Sync 4 DAGs
[2024-09-05T00:33:39.582+0000] {logging_mixin.py:190} INFO - [2024-09-05T00:33:39.582+0000] {dag.py:4138} INFO - Setting next_dagrun for dataset_alias_example_alias_consumer to None, run_after=None
[2024-09-05T00:33:39.594+0000] {logging_mixin.py:190} INFO - [2024-09-05T00:33:39.593+0000] {dag.py:4138} INFO - Setting next_dagrun for dataset_alias_example_alias_producer to None, run_after=None
[2024-09-05T00:33:39.599+0000] {logging_mixin.py:190} INFO - [2024-09-05T00:33:39.599+0000] {dag.py:4138} INFO - Setting next_dagrun for dataset_s3_bucket_consumer to None, run_after=None
[2024-09-05T00:33:39.603+0000] {logging_mixin.py:190} INFO - [2024-09-05T00:33:39.603+0000] {dag.py:4138} INFO - Setting next_dagrun for dataset_s3_bucket_producer to None, run_after=None
[2024-09-05T00:33:39.651+0000] {processor.py:208} INFO - Processing /home/airflow/.local/lib/python3.12/site-packages/airflow/example_dags/example_dataset_alias.py took 0.470 seconds
[2024-09-05T00:34:38.774+0000] {processor.py:186} INFO - Started process (PID=311) to work on /home/airflow/.local/lib/python3.12/site-packages/airflow/example_dags/example_dataset_alias.py
[2024-09-05T00:34:38.790+0000] {processor.py:914} INFO - Processing file /home/airflow/.local/lib/python3.12/site-packages/airflow/example_dags/example_dataset_alias.py for tasks to queue
[2024-09-05T00:34:38.840+0000] {logging_mixin.py:190} INFO - [2024-09-05T00:34:38.838+0000] {dagbag.py:587} INFO - Filling up the DagBag from /home/airflow/.local/lib/python3.12/site-packages/airflow/example_dags/example_dataset_alias.py
[2024-09-05T00:34:44.613+0000] {processor.py:925} INFO - DAG(s) 'dataset_alias_example_alias_producer', 'dataset_alias_example_alias_consumer', 'dataset_s3_bucket_consumer', 'dataset_s3_bucket_producer' retrieved from /home/airflow/.local/lib/python3.12/site-packages/airflow/example_dags/example_dataset_alias.py
[2024-09-05T00:34:45.154+0000] {logging_mixin.py:190} INFO - [2024-09-05T00:34:45.152+0000] {dag.py:3211} INFO - Sync 4 DAGs
[2024-09-05T00:34:46.096+0000] {logging_mixin.py:190} INFO - [2024-09-05T00:34:46.095+0000] {dag.py:4138} INFO - Setting next_dagrun for dataset_alias_example_alias_consumer to None, run_after=None
[2024-09-05T00:34:46.142+0000] {logging_mixin.py:190} INFO - [2024-09-05T00:34:46.139+0000] {dag.py:4138} INFO - Setting next_dagrun for dataset_alias_example_alias_producer to None, run_after=None
[2024-09-05T00:34:46.176+0000] {logging_mixin.py:190} INFO - [2024-09-05T00:34:46.174+0000] {dag.py:4138} INFO - Setting next_dagrun for dataset_s3_bucket_consumer to None, run_after=None
[2024-09-05T00:34:46.213+0000] {logging_mixin.py:190} INFO - [2024-09-05T00:34:46.211+0000] {dag.py:4138} INFO - Setting next_dagrun for dataset_s3_bucket_producer to None, run_after=None
[2024-09-05T00:34:46.631+0000] {processor.py:208} INFO - Processing /home/airflow/.local/lib/python3.12/site-packages/airflow/example_dags/example_dataset_alias.py took 8.033 seconds
[2024-09-05T00:36:10.248+0000] {processor.py:186} INFO - Started process (PID=386) to work on /home/airflow/.local/lib/python3.12/site-packages/airflow/example_dags/example_dataset_alias.py
[2024-09-05T00:36:10.250+0000] {processor.py:914} INFO - Processing file /home/airflow/.local/lib/python3.12/site-packages/airflow/example_dags/example_dataset_alias.py for tasks to queue
[2024-09-05T00:36:10.252+0000] {logging_mixin.py:190} INFO - [2024-09-05T00:36:10.251+0000] {dagbag.py:587} INFO - Filling up the DagBag from /home/airflow/.local/lib/python3.12/site-packages/airflow/example_dags/example_dataset_alias.py
[2024-09-05T00:36:10.553+0000] {processor.py:925} INFO - DAG(s) 'dataset_alias_example_alias_consumer', 'dataset_alias_example_alias_producer', 'dataset_s3_bucket_producer', 'dataset_s3_bucket_consumer' retrieved from /home/airflow/.local/lib/python3.12/site-packages/airflow/example_dags/example_dataset_alias.py
[2024-09-05T00:36:10.596+0000] {logging_mixin.py:190} INFO - [2024-09-05T00:36:10.596+0000] {dag.py:3211} INFO - Sync 4 DAGs
[2024-09-05T00:36:10.630+0000] {logging_mixin.py:190} INFO - [2024-09-05T00:36:10.630+0000] {dag.py:4138} INFO - Setting next_dagrun for dataset_alias_example_alias_consumer to None, run_after=None
[2024-09-05T00:36:10.635+0000] {logging_mixin.py:190} INFO - [2024-09-05T00:36:10.635+0000] {dag.py:4138} INFO - Setting next_dagrun for dataset_alias_example_alias_producer to None, run_after=None
[2024-09-05T00:36:10.638+0000] {logging_mixin.py:190} INFO - [2024-09-05T00:36:10.638+0000] {dag.py:4138} INFO - Setting next_dagrun for dataset_s3_bucket_consumer to None, run_after=None
[2024-09-05T00:36:10.641+0000] {logging_mixin.py:190} INFO - [2024-09-05T00:36:10.640+0000] {dag.py:4138} INFO - Setting next_dagrun for dataset_s3_bucket_producer to None, run_after=None
[2024-09-05T00:36:10.688+0000] {processor.py:208} INFO - Processing /home/airflow/.local/lib/python3.12/site-packages/airflow/example_dags/example_dataset_alias.py took 0.453 seconds
[2024-09-05T00:36:43.010+0000] {processor.py:186} INFO - Started process (PID=449) to work on /home/airflow/.local/lib/python3.12/site-packages/airflow/example_dags/example_dataset_alias.py
[2024-09-05T00:36:43.012+0000] {processor.py:914} INFO - Processing file /home/airflow/.local/lib/python3.12/site-packages/airflow/example_dags/example_dataset_alias.py for tasks to queue
[2024-09-05T00:36:43.016+0000] {logging_mixin.py:190} INFO - [2024-09-05T00:36:43.015+0000] {dagbag.py:587} INFO - Filling up the DagBag from /home/airflow/.local/lib/python3.12/site-packages/airflow/example_dags/example_dataset_alias.py
[2024-09-05T00:36:43.474+0000] {processor.py:925} INFO - DAG(s) 'dataset_alias_example_alias_consumer', 'dataset_s3_bucket_consumer', 'dataset_alias_example_alias_producer', 'dataset_s3_bucket_producer' retrieved from /home/airflow/.local/lib/python3.12/site-packages/airflow/example_dags/example_dataset_alias.py
[2024-09-05T00:36:43.553+0000] {logging_mixin.py:190} INFO - [2024-09-05T00:36:43.552+0000] {dag.py:3211} INFO - Sync 4 DAGs
[2024-09-05T00:36:43.684+0000] {logging_mixin.py:190} INFO - [2024-09-05T00:36:43.684+0000] {dag.py:4138} INFO - Setting next_dagrun for dataset_alias_example_alias_consumer to None, run_after=None
[2024-09-05T00:36:43.691+0000] {logging_mixin.py:190} INFO - [2024-09-05T00:36:43.691+0000] {dag.py:4138} INFO - Setting next_dagrun for dataset_alias_example_alias_producer to None, run_after=None
[2024-09-05T00:36:43.704+0000] {logging_mixin.py:190} INFO - [2024-09-05T00:36:43.704+0000] {dag.py:4138} INFO - Setting next_dagrun for dataset_s3_bucket_consumer to None, run_after=None
[2024-09-05T00:36:43.719+0000] {logging_mixin.py:190} INFO - [2024-09-05T00:36:43.711+0000] {dag.py:4138} INFO - Setting next_dagrun for dataset_s3_bucket_producer to None, run_after=None
[2024-09-05T00:36:43.856+0000] {processor.py:208} INFO - Processing /home/airflow/.local/lib/python3.12/site-packages/airflow/example_dags/example_dataset_alias.py took 0.867 seconds
[2024-09-05T00:37:14.273+0000] {processor.py:186} INFO - Started process (PID=512) to work on /home/airflow/.local/lib/python3.12/site-packages/airflow/example_dags/example_dataset_alias.py
[2024-09-05T00:37:14.274+0000] {processor.py:914} INFO - Processing file /home/airflow/.local/lib/python3.12/site-packages/airflow/example_dags/example_dataset_alias.py for tasks to queue
[2024-09-05T00:37:14.280+0000] {logging_mixin.py:190} INFO - [2024-09-05T00:37:14.279+0000] {dagbag.py:587} INFO - Filling up the DagBag from /home/airflow/.local/lib/python3.12/site-packages/airflow/example_dags/example_dataset_alias.py
[2024-09-05T00:37:14.559+0000] {processor.py:925} INFO - DAG(s) 'dataset_alias_example_alias_producer', 'dataset_s3_bucket_consumer', 'dataset_s3_bucket_producer', 'dataset_alias_example_alias_consumer' retrieved from /home/airflow/.local/lib/python3.12/site-packages/airflow/example_dags/example_dataset_alias.py
[2024-09-05T00:37:14.633+0000] {logging_mixin.py:190} INFO - [2024-09-05T00:37:14.632+0000] {dag.py:3211} INFO - Sync 4 DAGs
[2024-09-05T00:37:14.737+0000] {logging_mixin.py:190} INFO - [2024-09-05T00:37:14.736+0000] {dag.py:4138} INFO - Setting next_dagrun for dataset_alias_example_alias_consumer to None, run_after=None
[2024-09-05T00:37:14.755+0000] {logging_mixin.py:190} INFO - [2024-09-05T00:37:14.754+0000] {dag.py:4138} INFO - Setting next_dagrun for dataset_alias_example_alias_producer to None, run_after=None
[2024-09-05T00:37:14.758+0000] {logging_mixin.py:190} INFO - [2024-09-05T00:37:14.758+0000] {dag.py:4138} INFO - Setting next_dagrun for dataset_s3_bucket_consumer to None, run_after=None
[2024-09-05T00:37:14.763+0000] {logging_mixin.py:190} INFO - [2024-09-05T00:37:14.762+0000] {dag.py:4138} INFO - Setting next_dagrun for dataset_s3_bucket_producer to None, run_after=None
[2024-09-05T00:37:14.837+0000] {processor.py:208} INFO - Processing /home/airflow/.local/lib/python3.12/site-packages/airflow/example_dags/example_dataset_alias.py took 0.570 seconds
[2024-09-05T00:37:45.711+0000] {processor.py:186} INFO - Started process (PID=576) to work on /home/airflow/.local/lib/python3.12/site-packages/airflow/example_dags/example_dataset_alias.py
[2024-09-05T00:37:45.712+0000] {processor.py:914} INFO - Processing file /home/airflow/.local/lib/python3.12/site-packages/airflow/example_dags/example_dataset_alias.py for tasks to queue
[2024-09-05T00:37:45.717+0000] {logging_mixin.py:190} INFO - [2024-09-05T00:37:45.715+0000] {dagbag.py:587} INFO - Filling up the DagBag from /home/airflow/.local/lib/python3.12/site-packages/airflow/example_dags/example_dataset_alias.py
[2024-09-05T00:37:45.997+0000] {processor.py:925} INFO - DAG(s) 'dataset_alias_example_alias_consumer', 'dataset_alias_example_alias_producer', 'dataset_s3_bucket_consumer', 'dataset_s3_bucket_producer' retrieved from /home/airflow/.local/lib/python3.12/site-packages/airflow/example_dags/example_dataset_alias.py
[2024-09-05T00:37:46.033+0000] {logging_mixin.py:190} INFO - [2024-09-05T00:37:46.032+0000] {dag.py:3211} INFO - Sync 4 DAGs
[2024-09-05T00:37:46.070+0000] {logging_mixin.py:190} INFO - [2024-09-05T00:37:46.070+0000] {dag.py:4138} INFO - Setting next_dagrun for dataset_alias_example_alias_consumer to None, run_after=None
[2024-09-05T00:37:46.075+0000] {logging_mixin.py:190} INFO - [2024-09-05T00:37:46.075+0000] {dag.py:4138} INFO - Setting next_dagrun for dataset_alias_example_alias_producer to None, run_after=None
[2024-09-05T00:37:46.078+0000] {logging_mixin.py:190} INFO - [2024-09-05T00:37:46.078+0000] {dag.py:4138} INFO - Setting next_dagrun for dataset_s3_bucket_consumer to None, run_after=None
[2024-09-05T00:37:46.083+0000] {logging_mixin.py:190} INFO - [2024-09-05T00:37:46.083+0000] {dag.py:4138} INFO - Setting next_dagrun for dataset_s3_bucket_producer to None, run_after=None
[2024-09-05T00:37:46.124+0000] {processor.py:208} INFO - Processing /home/airflow/.local/lib/python3.12/site-packages/airflow/example_dags/example_dataset_alias.py took 0.421 seconds
[2024-09-05T00:38:16.482+0000] {processor.py:186} INFO - Started process (PID=639) to work on /home/airflow/.local/lib/python3.12/site-packages/airflow/example_dags/example_dataset_alias.py
[2024-09-05T00:38:16.483+0000] {processor.py:914} INFO - Processing file /home/airflow/.local/lib/python3.12/site-packages/airflow/example_dags/example_dataset_alias.py for tasks to queue
[2024-09-05T00:38:16.486+0000] {logging_mixin.py:190} INFO - [2024-09-05T00:38:16.485+0000] {dagbag.py:587} INFO - Filling up the DagBag from /home/airflow/.local/lib/python3.12/site-packages/airflow/example_dags/example_dataset_alias.py
[2024-09-05T00:38:16.796+0000] {processor.py:925} INFO - DAG(s) 'dataset_alias_example_alias_consumer', 'dataset_s3_bucket_producer', 'dataset_alias_example_alias_producer', 'dataset_s3_bucket_consumer' retrieved from /home/airflow/.local/lib/python3.12/site-packages/airflow/example_dags/example_dataset_alias.py
[2024-09-05T00:38:16.846+0000] {logging_mixin.py:190} INFO - [2024-09-05T00:38:16.846+0000] {dag.py:3211} INFO - Sync 4 DAGs
[2024-09-05T00:38:16.902+0000] {logging_mixin.py:190} INFO - [2024-09-05T00:38:16.902+0000] {dag.py:4138} INFO - Setting next_dagrun for dataset_alias_example_alias_consumer to None, run_after=None
[2024-09-05T00:38:16.907+0000] {logging_mixin.py:190} INFO - [2024-09-05T00:38:16.907+0000] {dag.py:4138} INFO - Setting next_dagrun for dataset_alias_example_alias_producer to None, run_after=None
[2024-09-05T00:38:16.911+0000] {logging_mixin.py:190} INFO - [2024-09-05T00:38:16.910+0000] {dag.py:4138} INFO - Setting next_dagrun for dataset_s3_bucket_consumer to None, run_after=None
[2024-09-05T00:38:16.918+0000] {logging_mixin.py:190} INFO - [2024-09-05T00:38:16.917+0000] {dag.py:4138} INFO - Setting next_dagrun for dataset_s3_bucket_producer to None, run_after=None
[2024-09-05T00:38:16.978+0000] {processor.py:208} INFO - Processing /home/airflow/.local/lib/python3.12/site-packages/airflow/example_dags/example_dataset_alias.py took 0.510 seconds
[2024-09-05T00:38:47.939+0000] {processor.py:186} INFO - Started process (PID=702) to work on /home/airflow/.local/lib/python3.12/site-packages/airflow/example_dags/example_dataset_alias.py
[2024-09-05T00:38:47.941+0000] {processor.py:914} INFO - Processing file /home/airflow/.local/lib/python3.12/site-packages/airflow/example_dags/example_dataset_alias.py for tasks to queue
[2024-09-05T00:38:47.944+0000] {logging_mixin.py:190} INFO - [2024-09-05T00:38:47.943+0000] {dagbag.py:587} INFO - Filling up the DagBag from /home/airflow/.local/lib/python3.12/site-packages/airflow/example_dags/example_dataset_alias.py
[2024-09-05T00:38:48.319+0000] {processor.py:925} INFO - DAG(s) 'dataset_alias_example_alias_producer', 'dataset_s3_bucket_consumer', 'dataset_alias_example_alias_consumer', 'dataset_s3_bucket_producer' retrieved from /home/airflow/.local/lib/python3.12/site-packages/airflow/example_dags/example_dataset_alias.py
[2024-09-05T00:38:48.398+0000] {logging_mixin.py:190} INFO - [2024-09-05T00:38:48.397+0000] {dag.py:3211} INFO - Sync 4 DAGs
[2024-09-05T00:38:48.498+0000] {logging_mixin.py:190} INFO - [2024-09-05T00:38:48.497+0000] {dag.py:4138} INFO - Setting next_dagrun for dataset_alias_example_alias_consumer to None, run_after=None
[2024-09-05T00:38:48.507+0000] {logging_mixin.py:190} INFO - [2024-09-05T00:38:48.507+0000] {dag.py:4138} INFO - Setting next_dagrun for dataset_alias_example_alias_producer to None, run_after=None
[2024-09-05T00:38:48.512+0000] {logging_mixin.py:190} INFO - [2024-09-05T00:38:48.512+0000] {dag.py:4138} INFO - Setting next_dagrun for dataset_s3_bucket_consumer to None, run_after=None
[2024-09-05T00:38:48.520+0000] {logging_mixin.py:190} INFO - [2024-09-05T00:38:48.519+0000] {dag.py:4138} INFO - Setting next_dagrun for dataset_s3_bucket_producer to None, run_after=None
[2024-09-05T00:38:48.652+0000] {processor.py:208} INFO - Processing /home/airflow/.local/lib/python3.12/site-packages/airflow/example_dags/example_dataset_alias.py took 0.730 seconds
[2024-09-05T00:39:19.149+0000] {processor.py:186} INFO - Started process (PID=771) to work on /home/airflow/.local/lib/python3.12/site-packages/airflow/example_dags/example_dataset_alias.py
[2024-09-05T00:39:19.151+0000] {processor.py:914} INFO - Processing file /home/airflow/.local/lib/python3.12/site-packages/airflow/example_dags/example_dataset_alias.py for tasks to queue
[2024-09-05T00:39:19.155+0000] {logging_mixin.py:190} INFO - [2024-09-05T00:39:19.154+0000] {dagbag.py:587} INFO - Filling up the DagBag from /home/airflow/.local/lib/python3.12/site-packages/airflow/example_dags/example_dataset_alias.py
[2024-09-05T00:39:19.938+0000] {processor.py:925} INFO - DAG(s) 'dataset_s3_bucket_producer', 'dataset_s3_bucket_consumer', 'dataset_alias_example_alias_producer', 'dataset_alias_example_alias_consumer' retrieved from /home/airflow/.local/lib/python3.12/site-packages/airflow/example_dags/example_dataset_alias.py
[2024-09-05T00:39:20.044+0000] {logging_mixin.py:190} INFO - [2024-09-05T00:39:20.043+0000] {dag.py:3211} INFO - Sync 4 DAGs
[2024-09-05T00:39:20.166+0000] {logging_mixin.py:190} INFO - [2024-09-05T00:39:20.165+0000] {dag.py:4138} INFO - Setting next_dagrun for dataset_alias_example_alias_consumer to None, run_after=None
[2024-09-05T00:39:20.174+0000] {logging_mixin.py:190} INFO - [2024-09-05T00:39:20.173+0000] {dag.py:4138} INFO - Setting next_dagrun for dataset_alias_example_alias_producer to None, run_after=None
[2024-09-05T00:39:20.180+0000] {logging_mixin.py:190} INFO - [2024-09-05T00:39:20.178+0000] {dag.py:4138} INFO - Setting next_dagrun for dataset_s3_bucket_consumer to None, run_after=None
[2024-09-05T00:39:20.184+0000] {logging_mixin.py:190} INFO - [2024-09-05T00:39:20.184+0000] {dag.py:4138} INFO - Setting next_dagrun for dataset_s3_bucket_producer to None, run_after=None
[2024-09-05T00:39:20.288+0000] {processor.py:208} INFO - Processing /home/airflow/.local/lib/python3.12/site-packages/airflow/example_dags/example_dataset_alias.py took 1.159 seconds
[2024-09-05T00:39:50.401+0000] {processor.py:186} INFO - Started process (PID=835) to work on /home/airflow/.local/lib/python3.12/site-packages/airflow/example_dags/example_dataset_alias.py
[2024-09-05T00:39:50.403+0000] {processor.py:914} INFO - Processing file /home/airflow/.local/lib/python3.12/site-packages/airflow/example_dags/example_dataset_alias.py for tasks to queue
[2024-09-05T00:39:50.406+0000] {logging_mixin.py:190} INFO - [2024-09-05T00:39:50.405+0000] {dagbag.py:587} INFO - Filling up the DagBag from /home/airflow/.local/lib/python3.12/site-packages/airflow/example_dags/example_dataset_alias.py
[2024-09-05T00:39:50.971+0000] {processor.py:925} INFO - DAG(s) 'dataset_s3_bucket_producer', 'dataset_s3_bucket_consumer', 'dataset_alias_example_alias_producer', 'dataset_alias_example_alias_consumer' retrieved from /home/airflow/.local/lib/python3.12/site-packages/airflow/example_dags/example_dataset_alias.py
[2024-09-05T00:39:51.079+0000] {logging_mixin.py:190} INFO - [2024-09-05T00:39:51.079+0000] {dag.py:3211} INFO - Sync 4 DAGs
[2024-09-05T00:39:51.158+0000] {logging_mixin.py:190} INFO - [2024-09-05T00:39:51.158+0000] {dag.py:4138} INFO - Setting next_dagrun for dataset_alias_example_alias_consumer to None, run_after=None
[2024-09-05T00:39:51.164+0000] {logging_mixin.py:190} INFO - [2024-09-05T00:39:51.163+0000] {dag.py:4138} INFO - Setting next_dagrun for dataset_alias_example_alias_producer to None, run_after=None
[2024-09-05T00:39:51.167+0000] {logging_mixin.py:190} INFO - [2024-09-05T00:39:51.167+0000] {dag.py:4138} INFO - Setting next_dagrun for dataset_s3_bucket_consumer to None, run_after=None
[2024-09-05T00:39:51.171+0000] {logging_mixin.py:190} INFO - [2024-09-05T00:39:51.171+0000] {dag.py:4138} INFO - Setting next_dagrun for dataset_s3_bucket_producer to None, run_after=None
[2024-09-05T00:39:51.245+0000] {processor.py:208} INFO - Processing /home/airflow/.local/lib/python3.12/site-packages/airflow/example_dags/example_dataset_alias.py took 0.863 seconds
[2024-09-05T00:40:21.823+0000] {processor.py:186} INFO - Started process (PID=897) to work on /home/airflow/.local/lib/python3.12/site-packages/airflow/example_dags/example_dataset_alias.py
[2024-09-05T00:40:21.825+0000] {processor.py:914} INFO - Processing file /home/airflow/.local/lib/python3.12/site-packages/airflow/example_dags/example_dataset_alias.py for tasks to queue
[2024-09-05T00:40:21.835+0000] {logging_mixin.py:190} INFO - [2024-09-05T00:40:21.831+0000] {dagbag.py:587} INFO - Filling up the DagBag from /home/airflow/.local/lib/python3.12/site-packages/airflow/example_dags/example_dataset_alias.py
[2024-09-05T00:40:22.178+0000] {processor.py:925} INFO - DAG(s) 'dataset_s3_bucket_consumer', 'dataset_alias_example_alias_consumer', 'dataset_s3_bucket_producer', 'dataset_alias_example_alias_producer' retrieved from /home/airflow/.local/lib/python3.12/site-packages/airflow/example_dags/example_dataset_alias.py
[2024-09-05T00:40:22.238+0000] {logging_mixin.py:190} INFO - [2024-09-05T00:40:22.237+0000] {dag.py:3211} INFO - Sync 4 DAGs
[2024-09-05T00:40:22.301+0000] {logging_mixin.py:190} INFO - [2024-09-05T00:40:22.300+0000] {dag.py:4138} INFO - Setting next_dagrun for dataset_alias_example_alias_consumer to None, run_after=None
[2024-09-05T00:40:22.309+0000] {logging_mixin.py:190} INFO - [2024-09-05T00:40:22.307+0000] {dag.py:4138} INFO - Setting next_dagrun for dataset_alias_example_alias_producer to None, run_after=None
[2024-09-05T00:40:22.316+0000] {logging_mixin.py:190} INFO - [2024-09-05T00:40:22.315+0000] {dag.py:4138} INFO - Setting next_dagrun for dataset_s3_bucket_consumer to None, run_after=None
[2024-09-05T00:40:22.321+0000] {logging_mixin.py:190} INFO - [2024-09-05T00:40:22.320+0000] {dag.py:4138} INFO - Setting next_dagrun for dataset_s3_bucket_producer to None, run_after=None
[2024-09-05T00:40:22.383+0000] {processor.py:208} INFO - Processing /home/airflow/.local/lib/python3.12/site-packages/airflow/example_dags/example_dataset_alias.py took 0.589 seconds
