[2024-09-05T00:04:20.233+0000] {processor.py:186} INFO - Started process (PID=122) to work on /home/airflow/.local/lib/python3.12/site-packages/airflow/example_dags/example_branch_labels.py
[2024-09-05T00:04:20.234+0000] {processor.py:914} INFO - Processing file /home/airflow/.local/lib/python3.12/site-packages/airflow/example_dags/example_branch_labels.py for tasks to queue
[2024-09-05T00:04:20.238+0000] {logging_mixin.py:190} INFO - [2024-09-05T00:04:20.237+0000] {dagbag.py:587} INFO - Filling up the DagBag from /home/airflow/.local/lib/python3.12/site-packages/airflow/example_dags/example_branch_labels.py
[2024-09-05T00:04:20.269+0000] {processor.py:925} INFO - DAG(s) 'example_branch_labels' retrieved from /home/airflow/.local/lib/python3.12/site-packages/airflow/example_dags/example_branch_labels.py
[2024-09-05T00:04:20.612+0000] {logging_mixin.py:190} INFO - [2024-09-05T00:04:20.610+0000] {override.py:1858} INFO - Created Permission View: can delete on DAG:example_branch_labels
[2024-09-05T00:04:20.651+0000] {logging_mixin.py:190} INFO - [2024-09-05T00:04:20.650+0000] {override.py:1858} INFO - Created Permission View: can read on DAG:example_branch_labels
[2024-09-05T00:04:20.672+0000] {logging_mixin.py:190} INFO - [2024-09-05T00:04:20.671+0000] {override.py:1858} INFO - Created Permission View: can edit on DAG:example_branch_labels
[2024-09-05T00:04:20.674+0000] {logging_mixin.py:190} INFO - [2024-09-05T00:04:20.673+0000] {dag.py:3211} INFO - Sync 1 DAGs
[2024-09-05T00:04:20.728+0000] {logging_mixin.py:190} INFO - [2024-09-05T00:04:20.728+0000] {dag.py:3234} INFO - Creating ORM DAG for example_branch_labels
[2024-09-05T00:04:20.769+0000] {logging_mixin.py:190} INFO - [2024-09-05T00:04:20.767+0000] {dag.py:4138} INFO - Setting next_dagrun for example_branch_labels to 2024-09-04 00:00:00+00:00, run_after=2024-09-05 00:00:00+00:00
[2024-09-05T00:04:20.848+0000] {processor.py:208} INFO - Processing /home/airflow/.local/lib/python3.12/site-packages/airflow/example_dags/example_branch_labels.py took 0.637 seconds
[2024-09-05T00:04:59.410+0000] {processor.py:186} INFO - Started process (PID=184) to work on /home/airflow/.local/lib/python3.12/site-packages/airflow/example_dags/example_branch_labels.py
[2024-09-05T00:04:59.418+0000] {processor.py:914} INFO - Processing file /home/airflow/.local/lib/python3.12/site-packages/airflow/example_dags/example_branch_labels.py for tasks to queue
[2024-09-05T00:04:59.436+0000] {logging_mixin.py:190} INFO - [2024-09-05T00:04:59.435+0000] {dagbag.py:587} INFO - Filling up the DagBag from /home/airflow/.local/lib/python3.12/site-packages/airflow/example_dags/example_branch_labels.py
[2024-09-05T00:04:59.492+0000] {processor.py:925} INFO - DAG(s) 'example_branch_labels' retrieved from /home/airflow/.local/lib/python3.12/site-packages/airflow/example_dags/example_branch_labels.py
[2024-09-05T00:04:59.633+0000] {logging_mixin.py:190} INFO - [2024-09-05T00:04:59.632+0000] {dag.py:3211} INFO - Sync 1 DAGs
[2024-09-05T00:04:59.782+0000] {logging_mixin.py:190} INFO - [2024-09-05T00:04:59.780+0000] {dag.py:4138} INFO - Setting next_dagrun for example_branch_labels to 2024-09-04 00:00:00+00:00, run_after=2024-09-05 00:00:00+00:00
[2024-09-05T00:04:59.886+0000] {processor.py:208} INFO - Processing /home/airflow/.local/lib/python3.12/site-packages/airflow/example_dags/example_branch_labels.py took 0.513 seconds
[2024-09-05T00:05:30.235+0000] {processor.py:186} INFO - Started process (PID=248) to work on /home/airflow/.local/lib/python3.12/site-packages/airflow/example_dags/example_branch_labels.py
[2024-09-05T00:05:30.241+0000] {processor.py:914} INFO - Processing file /home/airflow/.local/lib/python3.12/site-packages/airflow/example_dags/example_branch_labels.py for tasks to queue
[2024-09-05T00:05:30.255+0000] {logging_mixin.py:190} INFO - [2024-09-05T00:05:30.254+0000] {dagbag.py:587} INFO - Filling up the DagBag from /home/airflow/.local/lib/python3.12/site-packages/airflow/example_dags/example_branch_labels.py
[2024-09-05T00:05:30.318+0000] {processor.py:925} INFO - DAG(s) 'example_branch_labels' retrieved from /home/airflow/.local/lib/python3.12/site-packages/airflow/example_dags/example_branch_labels.py
[2024-09-05T00:05:30.461+0000] {logging_mixin.py:190} INFO - [2024-09-05T00:05:30.461+0000] {dag.py:3211} INFO - Sync 1 DAGs
[2024-09-05T00:05:30.666+0000] {logging_mixin.py:190} INFO - [2024-09-05T00:05:30.665+0000] {dag.py:4138} INFO - Setting next_dagrun for example_branch_labels to 2024-09-04 00:00:00+00:00, run_after=2024-09-05 00:00:00+00:00
[2024-09-05T00:05:30.834+0000] {processor.py:208} INFO - Processing /home/airflow/.local/lib/python3.12/site-packages/airflow/example_dags/example_branch_labels.py took 0.667 seconds
[2024-09-05T00:13:41.650+0000] {processor.py:186} INFO - Started process (PID=116) to work on /home/airflow/.local/lib/python3.12/site-packages/airflow/example_dags/example_branch_labels.py
[2024-09-05T00:13:41.654+0000] {processor.py:914} INFO - Processing file /home/airflow/.local/lib/python3.12/site-packages/airflow/example_dags/example_branch_labels.py for tasks to queue
[2024-09-05T00:13:41.660+0000] {logging_mixin.py:190} INFO - [2024-09-05T00:13:41.658+0000] {dagbag.py:587} INFO - Filling up the DagBag from /home/airflow/.local/lib/python3.12/site-packages/airflow/example_dags/example_branch_labels.py
[2024-09-05T00:13:41.696+0000] {processor.py:925} INFO - DAG(s) 'example_branch_labels' retrieved from /home/airflow/.local/lib/python3.12/site-packages/airflow/example_dags/example_branch_labels.py
[2024-09-05T00:13:41.797+0000] {logging_mixin.py:190} INFO - [2024-09-05T00:13:41.797+0000] {dag.py:3211} INFO - Sync 1 DAGs
[2024-09-05T00:13:41.917+0000] {logging_mixin.py:190} INFO - [2024-09-05T00:13:41.916+0000] {dag.py:4138} INFO - Setting next_dagrun for example_branch_labels to 2024-09-04 00:00:00+00:00, run_after=2024-09-05 00:00:00+00:00
[2024-09-05T00:13:42.040+0000] {processor.py:208} INFO - Processing /home/airflow/.local/lib/python3.12/site-packages/airflow/example_dags/example_branch_labels.py took 0.419 seconds
[2024-09-05T00:14:14.675+0000] {processor.py:186} INFO - Started process (PID=179) to work on /home/airflow/.local/lib/python3.12/site-packages/airflow/example_dags/example_branch_labels.py
[2024-09-05T00:14:14.679+0000] {processor.py:914} INFO - Processing file /home/airflow/.local/lib/python3.12/site-packages/airflow/example_dags/example_branch_labels.py for tasks to queue
[2024-09-05T00:14:14.684+0000] {logging_mixin.py:190} INFO - [2024-09-05T00:14:14.683+0000] {dagbag.py:587} INFO - Filling up the DagBag from /home/airflow/.local/lib/python3.12/site-packages/airflow/example_dags/example_branch_labels.py
[2024-09-05T00:14:14.726+0000] {processor.py:925} INFO - DAG(s) 'example_branch_labels' retrieved from /home/airflow/.local/lib/python3.12/site-packages/airflow/example_dags/example_branch_labels.py
[2024-09-05T00:14:14.841+0000] {logging_mixin.py:190} INFO - [2024-09-05T00:14:14.840+0000] {dag.py:3211} INFO - Sync 1 DAGs
[2024-09-05T00:14:14.965+0000] {logging_mixin.py:190} INFO - [2024-09-05T00:14:14.964+0000] {dag.py:4138} INFO - Setting next_dagrun for example_branch_labels to 2024-09-04 00:00:00+00:00, run_after=2024-09-05 00:00:00+00:00
[2024-09-05T00:14:15.213+0000] {processor.py:208} INFO - Processing /home/airflow/.local/lib/python3.12/site-packages/airflow/example_dags/example_branch_labels.py took 0.584 seconds
[2024-09-05T00:14:45.667+0000] {processor.py:186} INFO - Started process (PID=254) to work on /home/airflow/.local/lib/python3.12/site-packages/airflow/example_dags/example_branch_labels.py
[2024-09-05T00:14:45.669+0000] {processor.py:914} INFO - Processing file /home/airflow/.local/lib/python3.12/site-packages/airflow/example_dags/example_branch_labels.py for tasks to queue
[2024-09-05T00:14:45.672+0000] {logging_mixin.py:190} INFO - [2024-09-05T00:14:45.671+0000] {dagbag.py:587} INFO - Filling up the DagBag from /home/airflow/.local/lib/python3.12/site-packages/airflow/example_dags/example_branch_labels.py
[2024-09-05T00:14:45.714+0000] {processor.py:925} INFO - DAG(s) 'example_branch_labels' retrieved from /home/airflow/.local/lib/python3.12/site-packages/airflow/example_dags/example_branch_labels.py
[2024-09-05T00:14:45.788+0000] {logging_mixin.py:190} INFO - [2024-09-05T00:14:45.787+0000] {dag.py:3211} INFO - Sync 1 DAGs
[2024-09-05T00:14:45.880+0000] {logging_mixin.py:190} INFO - [2024-09-05T00:14:45.880+0000] {dag.py:4138} INFO - Setting next_dagrun for example_branch_labels to 2024-09-04 00:00:00+00:00, run_after=2024-09-05 00:00:00+00:00
[2024-09-05T00:14:45.947+0000] {processor.py:208} INFO - Processing /home/airflow/.local/lib/python3.12/site-packages/airflow/example_dags/example_branch_labels.py took 0.310 seconds
[2024-09-05T00:15:42.694+0000] {processor.py:186} INFO - Started process (PID=323) to work on /home/airflow/.local/lib/python3.12/site-packages/airflow/example_dags/example_branch_labels.py
[2024-09-05T00:15:43.148+0000] {processor.py:914} INFO - Processing file /home/airflow/.local/lib/python3.12/site-packages/airflow/example_dags/example_branch_labels.py for tasks to queue
[2024-09-05T00:15:43.532+0000] {logging_mixin.py:190} INFO - [2024-09-05T00:15:43.519+0000] {dagbag.py:587} INFO - Filling up the DagBag from /home/airflow/.local/lib/python3.12/site-packages/airflow/example_dags/example_branch_labels.py
[2024-09-05T00:15:44.475+0000] {processor.py:925} INFO - DAG(s) 'example_branch_labels' retrieved from /home/airflow/.local/lib/python3.12/site-packages/airflow/example_dags/example_branch_labels.py
[2024-09-05T00:15:45.537+0000] {logging_mixin.py:190} INFO - [2024-09-05T00:15:45.534+0000] {dag.py:3211} INFO - Sync 1 DAGs
[2024-09-05T00:15:46.952+0000] {logging_mixin.py:190} INFO - [2024-09-05T00:15:46.940+0000] {dag.py:4138} INFO - Setting next_dagrun for example_branch_labels to 2024-09-04 00:00:00+00:00, run_after=2024-09-05 00:00:00+00:00
[2024-09-05T00:32:42.217+0000] {processor.py:186} INFO - Started process (PID=136) to work on /home/airflow/.local/lib/python3.12/site-packages/airflow/example_dags/example_branch_labels.py
[2024-09-05T00:32:42.219+0000] {processor.py:914} INFO - Processing file /home/airflow/.local/lib/python3.12/site-packages/airflow/example_dags/example_branch_labels.py for tasks to queue
[2024-09-05T00:32:42.222+0000] {logging_mixin.py:190} INFO - [2024-09-05T00:32:42.221+0000] {dagbag.py:587} INFO - Filling up the DagBag from /home/airflow/.local/lib/python3.12/site-packages/airflow/example_dags/example_branch_labels.py
[2024-09-05T00:32:42.259+0000] {processor.py:925} INFO - DAG(s) 'example_branch_labels' retrieved from /home/airflow/.local/lib/python3.12/site-packages/airflow/example_dags/example_branch_labels.py
[2024-09-05T00:32:42.312+0000] {logging_mixin.py:190} INFO - [2024-09-05T00:32:42.312+0000] {dag.py:3211} INFO - Sync 1 DAGs
[2024-09-05T00:32:42.362+0000] {logging_mixin.py:190} INFO - [2024-09-05T00:32:42.362+0000] {dag.py:4138} INFO - Setting next_dagrun for example_branch_labels to 2024-09-04 00:00:00+00:00, run_after=2024-09-05 00:00:00+00:00
[2024-09-05T00:32:42.396+0000] {processor.py:208} INFO - Processing /home/airflow/.local/lib/python3.12/site-packages/airflow/example_dags/example_branch_labels.py took 0.193 seconds
[2024-09-05T00:33:12.754+0000] {processor.py:186} INFO - Started process (PID=199) to work on /home/airflow/.local/lib/python3.12/site-packages/airflow/example_dags/example_branch_labels.py
[2024-09-05T00:33:12.756+0000] {processor.py:914} INFO - Processing file /home/airflow/.local/lib/python3.12/site-packages/airflow/example_dags/example_branch_labels.py for tasks to queue
[2024-09-05T00:33:12.758+0000] {logging_mixin.py:190} INFO - [2024-09-05T00:33:12.758+0000] {dagbag.py:587} INFO - Filling up the DagBag from /home/airflow/.local/lib/python3.12/site-packages/airflow/example_dags/example_branch_labels.py
[2024-09-05T00:33:12.772+0000] {processor.py:925} INFO - DAG(s) 'example_branch_labels' retrieved from /home/airflow/.local/lib/python3.12/site-packages/airflow/example_dags/example_branch_labels.py
[2024-09-05T00:33:12.810+0000] {logging_mixin.py:190} INFO - [2024-09-05T00:33:12.810+0000] {dag.py:3211} INFO - Sync 1 DAGs
[2024-09-05T00:33:12.843+0000] {logging_mixin.py:190} INFO - [2024-09-05T00:33:12.843+0000] {dag.py:4138} INFO - Setting next_dagrun for example_branch_labels to 2024-09-04 00:00:00+00:00, run_after=2024-09-05 00:00:00+00:00
[2024-09-05T00:33:12.880+0000] {processor.py:208} INFO - Processing /home/airflow/.local/lib/python3.12/site-packages/airflow/example_dags/example_branch_labels.py took 0.136 seconds
[2024-09-05T00:33:43.286+0000] {processor.py:186} INFO - Started process (PID=262) to work on /home/airflow/.local/lib/python3.12/site-packages/airflow/example_dags/example_branch_labels.py
[2024-09-05T00:33:43.288+0000] {processor.py:914} INFO - Processing file /home/airflow/.local/lib/python3.12/site-packages/airflow/example_dags/example_branch_labels.py for tasks to queue
[2024-09-05T00:33:43.292+0000] {logging_mixin.py:190} INFO - [2024-09-05T00:33:43.291+0000] {dagbag.py:587} INFO - Filling up the DagBag from /home/airflow/.local/lib/python3.12/site-packages/airflow/example_dags/example_branch_labels.py
[2024-09-05T00:33:43.313+0000] {processor.py:925} INFO - DAG(s) 'example_branch_labels' retrieved from /home/airflow/.local/lib/python3.12/site-packages/airflow/example_dags/example_branch_labels.py
[2024-09-05T00:33:43.349+0000] {logging_mixin.py:190} INFO - [2024-09-05T00:33:43.349+0000] {dag.py:3211} INFO - Sync 1 DAGs
[2024-09-05T00:33:43.395+0000] {logging_mixin.py:190} INFO - [2024-09-05T00:33:43.394+0000] {dag.py:4138} INFO - Setting next_dagrun for example_branch_labels to 2024-09-04 00:00:00+00:00, run_after=2024-09-05 00:00:00+00:00
[2024-09-05T00:33:43.437+0000] {processor.py:208} INFO - Processing /home/airflow/.local/lib/python3.12/site-packages/airflow/example_dags/example_branch_labels.py took 0.163 seconds
[2024-09-05T00:35:34.102+0000] {processor.py:186} INFO - Started process (PID=337) to work on /home/airflow/.local/lib/python3.12/site-packages/airflow/example_dags/example_branch_labels.py
[2024-09-05T00:35:34.135+0000] {processor.py:914} INFO - Processing file /home/airflow/.local/lib/python3.12/site-packages/airflow/example_dags/example_branch_labels.py for tasks to queue
[2024-09-05T00:35:34.157+0000] {logging_mixin.py:190} INFO - [2024-09-05T00:35:34.150+0000] {dagbag.py:587} INFO - Filling up the DagBag from /home/airflow/.local/lib/python3.12/site-packages/airflow/example_dags/example_branch_labels.py
[2024-09-05T00:35:34.513+0000] {processor.py:925} INFO - DAG(s) 'example_branch_labels' retrieved from /home/airflow/.local/lib/python3.12/site-packages/airflow/example_dags/example_branch_labels.py
[2024-09-05T00:35:35.237+0000] {logging_mixin.py:190} INFO - [2024-09-05T00:35:35.221+0000] {dag.py:3211} INFO - Sync 1 DAGs
[2024-09-05T00:35:36.509+0000] {logging_mixin.py:190} INFO - [2024-09-05T00:35:36.506+0000] {dag.py:4138} INFO - Setting next_dagrun for example_branch_labels to 2024-09-04 00:00:00+00:00, run_after=2024-09-05 00:00:00+00:00
[2024-09-05T00:35:37.285+0000] {processor.py:208} INFO - Processing /home/airflow/.local/lib/python3.12/site-packages/airflow/example_dags/example_branch_labels.py took 3.336 seconds
[2024-09-05T00:36:12.094+0000] {processor.py:186} INFO - Started process (PID=400) to work on /home/airflow/.local/lib/python3.12/site-packages/airflow/example_dags/example_branch_labels.py
[2024-09-05T00:36:12.096+0000] {processor.py:914} INFO - Processing file /home/airflow/.local/lib/python3.12/site-packages/airflow/example_dags/example_branch_labels.py for tasks to queue
[2024-09-05T00:36:12.098+0000] {logging_mixin.py:190} INFO - [2024-09-05T00:36:12.098+0000] {dagbag.py:587} INFO - Filling up the DagBag from /home/airflow/.local/lib/python3.12/site-packages/airflow/example_dags/example_branch_labels.py
[2024-09-05T00:36:12.116+0000] {processor.py:925} INFO - DAG(s) 'example_branch_labels' retrieved from /home/airflow/.local/lib/python3.12/site-packages/airflow/example_dags/example_branch_labels.py
[2024-09-05T00:36:12.149+0000] {logging_mixin.py:190} INFO - [2024-09-05T00:36:12.149+0000] {dag.py:3211} INFO - Sync 1 DAGs
[2024-09-05T00:36:12.196+0000] {logging_mixin.py:190} INFO - [2024-09-05T00:36:12.196+0000] {dag.py:4138} INFO - Setting next_dagrun for example_branch_labels to 2024-09-04 00:00:00+00:00, run_after=2024-09-05 00:00:00+00:00
[2024-09-05T00:36:12.234+0000] {processor.py:208} INFO - Processing /home/airflow/.local/lib/python3.12/site-packages/airflow/example_dags/example_branch_labels.py took 0.153 seconds
[2024-09-05T00:36:47.374+0000] {processor.py:186} INFO - Started process (PID=463) to work on /home/airflow/.local/lib/python3.12/site-packages/airflow/example_dags/example_branch_labels.py
[2024-09-05T00:36:47.377+0000] {processor.py:914} INFO - Processing file /home/airflow/.local/lib/python3.12/site-packages/airflow/example_dags/example_branch_labels.py for tasks to queue
[2024-09-05T00:36:47.385+0000] {logging_mixin.py:190} INFO - [2024-09-05T00:36:47.382+0000] {dagbag.py:587} INFO - Filling up the DagBag from /home/airflow/.local/lib/python3.12/site-packages/airflow/example_dags/example_branch_labels.py
[2024-09-05T00:36:47.438+0000] {processor.py:925} INFO - DAG(s) 'example_branch_labels' retrieved from /home/airflow/.local/lib/python3.12/site-packages/airflow/example_dags/example_branch_labels.py
[2024-09-05T00:36:47.520+0000] {logging_mixin.py:190} INFO - [2024-09-05T00:36:47.519+0000] {dag.py:3211} INFO - Sync 1 DAGs
[2024-09-05T00:36:47.600+0000] {logging_mixin.py:190} INFO - [2024-09-05T00:36:47.599+0000] {dag.py:4138} INFO - Setting next_dagrun for example_branch_labels to 2024-09-04 00:00:00+00:00, run_after=2024-09-05 00:00:00+00:00
[2024-09-05T00:36:47.667+0000] {processor.py:208} INFO - Processing /home/airflow/.local/lib/python3.12/site-packages/airflow/example_dags/example_branch_labels.py took 0.329 seconds
[2024-09-05T00:37:18.119+0000] {processor.py:186} INFO - Started process (PID=526) to work on /home/airflow/.local/lib/python3.12/site-packages/airflow/example_dags/example_branch_labels.py
[2024-09-05T00:37:18.120+0000] {processor.py:914} INFO - Processing file /home/airflow/.local/lib/python3.12/site-packages/airflow/example_dags/example_branch_labels.py for tasks to queue
[2024-09-05T00:37:18.122+0000] {logging_mixin.py:190} INFO - [2024-09-05T00:37:18.122+0000] {dagbag.py:587} INFO - Filling up the DagBag from /home/airflow/.local/lib/python3.12/site-packages/airflow/example_dags/example_branch_labels.py
[2024-09-05T00:37:18.143+0000] {processor.py:925} INFO - DAG(s) 'example_branch_labels' retrieved from /home/airflow/.local/lib/python3.12/site-packages/airflow/example_dags/example_branch_labels.py
[2024-09-05T00:37:18.195+0000] {logging_mixin.py:190} INFO - [2024-09-05T00:37:18.194+0000] {dag.py:3211} INFO - Sync 1 DAGs
[2024-09-05T00:37:18.236+0000] {logging_mixin.py:190} INFO - [2024-09-05T00:37:18.236+0000] {dag.py:4138} INFO - Setting next_dagrun for example_branch_labels to 2024-09-04 00:00:00+00:00, run_after=2024-09-05 00:00:00+00:00
[2024-09-05T00:37:18.268+0000] {processor.py:208} INFO - Processing /home/airflow/.local/lib/python3.12/site-packages/airflow/example_dags/example_branch_labels.py took 0.159 seconds
[2024-09-05T00:37:48.414+0000] {processor.py:186} INFO - Started process (PID=589) to work on /home/airflow/.local/lib/python3.12/site-packages/airflow/example_dags/example_branch_labels.py
[2024-09-05T00:37:48.415+0000] {processor.py:914} INFO - Processing file /home/airflow/.local/lib/python3.12/site-packages/airflow/example_dags/example_branch_labels.py for tasks to queue
[2024-09-05T00:37:48.418+0000] {logging_mixin.py:190} INFO - [2024-09-05T00:37:48.417+0000] {dagbag.py:587} INFO - Filling up the DagBag from /home/airflow/.local/lib/python3.12/site-packages/airflow/example_dags/example_branch_labels.py
[2024-09-05T00:37:48.437+0000] {processor.py:925} INFO - DAG(s) 'example_branch_labels' retrieved from /home/airflow/.local/lib/python3.12/site-packages/airflow/example_dags/example_branch_labels.py
[2024-09-05T00:37:48.488+0000] {logging_mixin.py:190} INFO - [2024-09-05T00:37:48.487+0000] {dag.py:3211} INFO - Sync 1 DAGs
[2024-09-05T00:37:48.549+0000] {logging_mixin.py:190} INFO - [2024-09-05T00:37:48.549+0000] {dag.py:4138} INFO - Setting next_dagrun for example_branch_labels to 2024-09-04 00:00:00+00:00, run_after=2024-09-05 00:00:00+00:00
[2024-09-05T00:37:48.579+0000] {processor.py:208} INFO - Processing /home/airflow/.local/lib/python3.12/site-packages/airflow/example_dags/example_branch_labels.py took 0.175 seconds
[2024-09-05T00:38:19.658+0000] {processor.py:186} INFO - Started process (PID=658) to work on /home/airflow/.local/lib/python3.12/site-packages/airflow/example_dags/example_branch_labels.py
[2024-09-05T00:38:19.660+0000] {processor.py:914} INFO - Processing file /home/airflow/.local/lib/python3.12/site-packages/airflow/example_dags/example_branch_labels.py for tasks to queue
[2024-09-05T00:38:19.664+0000] {logging_mixin.py:190} INFO - [2024-09-05T00:38:19.663+0000] {dagbag.py:587} INFO - Filling up the DagBag from /home/airflow/.local/lib/python3.12/site-packages/airflow/example_dags/example_branch_labels.py
[2024-09-05T00:38:19.714+0000] {processor.py:925} INFO - DAG(s) 'example_branch_labels' retrieved from /home/airflow/.local/lib/python3.12/site-packages/airflow/example_dags/example_branch_labels.py
[2024-09-05T00:38:19.771+0000] {logging_mixin.py:190} INFO - [2024-09-05T00:38:19.770+0000] {dag.py:3211} INFO - Sync 1 DAGs
[2024-09-05T00:38:19.829+0000] {logging_mixin.py:190} INFO - [2024-09-05T00:38:19.828+0000] {dag.py:4138} INFO - Setting next_dagrun for example_branch_labels to 2024-09-04 00:00:00+00:00, run_after=2024-09-05 00:00:00+00:00
[2024-09-05T00:38:19.877+0000] {processor.py:208} INFO - Processing /home/airflow/.local/lib/python3.12/site-packages/airflow/example_dags/example_branch_labels.py took 0.236 seconds
[2024-09-05T00:38:51.546+0000] {processor.py:186} INFO - Started process (PID=721) to work on /home/airflow/.local/lib/python3.12/site-packages/airflow/example_dags/example_branch_labels.py
[2024-09-05T00:38:51.548+0000] {processor.py:914} INFO - Processing file /home/airflow/.local/lib/python3.12/site-packages/airflow/example_dags/example_branch_labels.py for tasks to queue
[2024-09-05T00:38:51.551+0000] {logging_mixin.py:190} INFO - [2024-09-05T00:38:51.551+0000] {dagbag.py:587} INFO - Filling up the DagBag from /home/airflow/.local/lib/python3.12/site-packages/airflow/example_dags/example_branch_labels.py
[2024-09-05T00:38:51.581+0000] {processor.py:925} INFO - DAG(s) 'example_branch_labels' retrieved from /home/airflow/.local/lib/python3.12/site-packages/airflow/example_dags/example_branch_labels.py
[2024-09-05T00:38:51.666+0000] {logging_mixin.py:190} INFO - [2024-09-05T00:38:51.665+0000] {dag.py:3211} INFO - Sync 1 DAGs
[2024-09-05T00:38:51.773+0000] {logging_mixin.py:190} INFO - [2024-09-05T00:38:51.772+0000] {dag.py:4138} INFO - Setting next_dagrun for example_branch_labels to 2024-09-04 00:00:00+00:00, run_after=2024-09-05 00:00:00+00:00
[2024-09-05T00:38:51.840+0000] {processor.py:208} INFO - Processing /home/airflow/.local/lib/python3.12/site-packages/airflow/example_dags/example_branch_labels.py took 0.331 seconds
[2024-09-05T00:39:21.945+0000] {processor.py:186} INFO - Started process (PID=784) to work on /home/airflow/.local/lib/python3.12/site-packages/airflow/example_dags/example_branch_labels.py
[2024-09-05T00:39:21.947+0000] {processor.py:914} INFO - Processing file /home/airflow/.local/lib/python3.12/site-packages/airflow/example_dags/example_branch_labels.py for tasks to queue
[2024-09-05T00:39:21.950+0000] {logging_mixin.py:190} INFO - [2024-09-05T00:39:21.949+0000] {dagbag.py:587} INFO - Filling up the DagBag from /home/airflow/.local/lib/python3.12/site-packages/airflow/example_dags/example_branch_labels.py
[2024-09-05T00:39:21.985+0000] {processor.py:925} INFO - DAG(s) 'example_branch_labels' retrieved from /home/airflow/.local/lib/python3.12/site-packages/airflow/example_dags/example_branch_labels.py
[2024-09-05T00:39:22.041+0000] {logging_mixin.py:190} INFO - [2024-09-05T00:39:22.040+0000] {dag.py:3211} INFO - Sync 1 DAGs
[2024-09-05T00:39:22.107+0000] {logging_mixin.py:190} INFO - [2024-09-05T00:39:22.106+0000] {dag.py:4138} INFO - Setting next_dagrun for example_branch_labels to 2024-09-04 00:00:00+00:00, run_after=2024-09-05 00:00:00+00:00
[2024-09-05T00:39:22.154+0000] {processor.py:208} INFO - Processing /home/airflow/.local/lib/python3.12/site-packages/airflow/example_dags/example_branch_labels.py took 0.231 seconds
[2024-09-05T00:39:53.077+0000] {processor.py:186} INFO - Started process (PID=846) to work on /home/airflow/.local/lib/python3.12/site-packages/airflow/example_dags/example_branch_labels.py
[2024-09-05T00:39:53.079+0000] {processor.py:914} INFO - Processing file /home/airflow/.local/lib/python3.12/site-packages/airflow/example_dags/example_branch_labels.py for tasks to queue
[2024-09-05T00:39:53.087+0000] {logging_mixin.py:190} INFO - [2024-09-05T00:39:53.084+0000] {dagbag.py:587} INFO - Filling up the DagBag from /home/airflow/.local/lib/python3.12/site-packages/airflow/example_dags/example_branch_labels.py
[2024-09-05T00:39:53.118+0000] {processor.py:925} INFO - DAG(s) 'example_branch_labels' retrieved from /home/airflow/.local/lib/python3.12/site-packages/airflow/example_dags/example_branch_labels.py
[2024-09-05T00:39:53.195+0000] {logging_mixin.py:190} INFO - [2024-09-05T00:39:53.195+0000] {dag.py:3211} INFO - Sync 1 DAGs
[2024-09-05T00:39:53.259+0000] {logging_mixin.py:190} INFO - [2024-09-05T00:39:53.259+0000] {dag.py:4138} INFO - Setting next_dagrun for example_branch_labels to 2024-09-04 00:00:00+00:00, run_after=2024-09-05 00:00:00+00:00
[2024-09-05T00:39:53.307+0000] {processor.py:208} INFO - Processing /home/airflow/.local/lib/python3.12/site-packages/airflow/example_dags/example_branch_labels.py took 0.249 seconds
[2024-09-05T00:40:24.381+0000] {processor.py:186} INFO - Started process (PID=909) to work on /home/airflow/.local/lib/python3.12/site-packages/airflow/example_dags/example_branch_labels.py
[2024-09-05T00:40:24.386+0000] {processor.py:914} INFO - Processing file /home/airflow/.local/lib/python3.12/site-packages/airflow/example_dags/example_branch_labels.py for tasks to queue
[2024-09-05T00:40:24.390+0000] {logging_mixin.py:190} INFO - [2024-09-05T00:40:24.389+0000] {dagbag.py:587} INFO - Filling up the DagBag from /home/airflow/.local/lib/python3.12/site-packages/airflow/example_dags/example_branch_labels.py
[2024-09-05T00:40:24.415+0000] {processor.py:925} INFO - DAG(s) 'example_branch_labels' retrieved from /home/airflow/.local/lib/python3.12/site-packages/airflow/example_dags/example_branch_labels.py
[2024-09-05T00:40:24.469+0000] {logging_mixin.py:190} INFO - [2024-09-05T00:40:24.469+0000] {dag.py:3211} INFO - Sync 1 DAGs
[2024-09-05T00:40:24.557+0000] {logging_mixin.py:190} INFO - [2024-09-05T00:40:24.555+0000] {dag.py:4138} INFO - Setting next_dagrun for example_branch_labels to 2024-09-04 00:00:00+00:00, run_after=2024-09-05 00:00:00+00:00
[2024-09-05T00:40:24.625+0000] {processor.py:208} INFO - Processing /home/airflow/.local/lib/python3.12/site-packages/airflow/example_dags/example_branch_labels.py took 0.267 seconds
