[2024-09-05T00:03:58.419+0000] {processor.py:186} INFO - Started process (PID=84) to work on /home/airflow/.local/lib/python3.12/site-packages/airflow/example_dags/example_time_delta_sensor_async.py
[2024-09-05T00:03:58.423+0000] {processor.py:914} INFO - Processing file /home/airflow/.local/lib/python3.12/site-packages/airflow/example_dags/example_time_delta_sensor_async.py for tasks to queue
[2024-09-05T00:03:58.431+0000] {logging_mixin.py:190} INFO - [2024-09-05T00:03:58.429+0000] {dagbag.py:587} INFO - Filling up the DagBag from /home/airflow/.local/lib/python3.12/site-packages/airflow/example_dags/example_time_delta_sensor_async.py
[2024-09-05T00:03:58.506+0000] {processor.py:925} INFO - DAG(s) 'example_time_delta_sensor_async' retrieved from /home/airflow/.local/lib/python3.12/site-packages/airflow/example_dags/example_time_delta_sensor_async.py
[2024-09-05T00:03:59.676+0000] {logging_mixin.py:190} INFO - [2024-09-05T00:03:59.674+0000] {override.py:1858} INFO - Created Permission View: can delete on DAG:example_time_delta_sensor_async
[2024-09-05T00:03:59.764+0000] {logging_mixin.py:190} INFO - [2024-09-05T00:03:59.763+0000] {override.py:1858} INFO - Created Permission View: can read on DAG:example_time_delta_sensor_async
[2024-09-05T00:03:59.834+0000] {logging_mixin.py:190} INFO - [2024-09-05T00:03:59.833+0000] {override.py:1858} INFO - Created Permission View: can edit on DAG:example_time_delta_sensor_async
[2024-09-05T00:03:59.848+0000] {logging_mixin.py:190} INFO - [2024-09-05T00:03:59.847+0000] {dag.py:3211} INFO - Sync 1 DAGs
[2024-09-05T00:03:59.967+0000] {logging_mixin.py:190} INFO - [2024-09-05T00:03:59.966+0000] {dag.py:3234} INFO - Creating ORM DAG for example_time_delta_sensor_async
[2024-09-05T00:03:59.972+0000] {logging_mixin.py:190} INFO - [2024-09-05T00:03:59.971+0000] {dag.py:4138} INFO - Setting next_dagrun for example_time_delta_sensor_async to None, run_after=None
[2024-09-05T00:04:00.106+0000] {processor.py:208} INFO - Processing /home/airflow/.local/lib/python3.12/site-packages/airflow/example_dags/example_time_delta_sensor_async.py took 1.776 seconds
[2024-09-05T00:04:33.380+0000] {processor.py:186} INFO - Started process (PID=146) to work on /home/airflow/.local/lib/python3.12/site-packages/airflow/example_dags/example_time_delta_sensor_async.py
[2024-09-05T00:04:33.382+0000] {processor.py:914} INFO - Processing file /home/airflow/.local/lib/python3.12/site-packages/airflow/example_dags/example_time_delta_sensor_async.py for tasks to queue
[2024-09-05T00:04:33.387+0000] {logging_mixin.py:190} INFO - [2024-09-05T00:04:33.386+0000] {dagbag.py:587} INFO - Filling up the DagBag from /home/airflow/.local/lib/python3.12/site-packages/airflow/example_dags/example_time_delta_sensor_async.py
[2024-09-05T00:04:33.443+0000] {processor.py:925} INFO - DAG(s) 'example_time_delta_sensor_async' retrieved from /home/airflow/.local/lib/python3.12/site-packages/airflow/example_dags/example_time_delta_sensor_async.py
[2024-09-05T00:04:33.669+0000] {logging_mixin.py:190} INFO - [2024-09-05T00:04:33.668+0000] {dag.py:3211} INFO - Sync 1 DAGs
[2024-09-05T00:04:33.890+0000] {logging_mixin.py:190} INFO - [2024-09-05T00:04:33.888+0000] {dag.py:4138} INFO - Setting next_dagrun for example_time_delta_sensor_async to None, run_after=None
[2024-09-05T00:04:34.103+0000] {processor.py:208} INFO - Processing /home/airflow/.local/lib/python3.12/site-packages/airflow/example_dags/example_time_delta_sensor_async.py took 0.765 seconds
[2024-09-05T00:05:09.904+0000] {processor.py:186} INFO - Started process (PID=208) to work on /home/airflow/.local/lib/python3.12/site-packages/airflow/example_dags/example_time_delta_sensor_async.py
[2024-09-05T00:05:09.924+0000] {processor.py:914} INFO - Processing file /home/airflow/.local/lib/python3.12/site-packages/airflow/example_dags/example_time_delta_sensor_async.py for tasks to queue
[2024-09-05T00:05:09.944+0000] {logging_mixin.py:190} INFO - [2024-09-05T00:05:09.942+0000] {dagbag.py:587} INFO - Filling up the DagBag from /home/airflow/.local/lib/python3.12/site-packages/airflow/example_dags/example_time_delta_sensor_async.py
[2024-09-05T00:05:10.011+0000] {processor.py:925} INFO - DAG(s) 'example_time_delta_sensor_async' retrieved from /home/airflow/.local/lib/python3.12/site-packages/airflow/example_dags/example_time_delta_sensor_async.py
[2024-09-05T00:05:10.153+0000] {logging_mixin.py:190} INFO - [2024-09-05T00:05:10.152+0000] {dag.py:3211} INFO - Sync 1 DAGs
[2024-09-05T00:05:10.272+0000] {logging_mixin.py:190} INFO - [2024-09-05T00:05:10.269+0000] {dag.py:4138} INFO - Setting next_dagrun for example_time_delta_sensor_async to None, run_after=None
[2024-09-05T00:05:10.409+0000] {processor.py:208} INFO - Processing /home/airflow/.local/lib/python3.12/site-packages/airflow/example_dags/example_time_delta_sensor_async.py took 0.588 seconds
[2024-09-05T00:13:02.144+0000] {processor.py:186} INFO - Started process (PID=71) to work on /home/airflow/.local/lib/python3.12/site-packages/airflow/example_dags/example_time_delta_sensor_async.py
[2024-09-05T00:13:02.152+0000] {processor.py:914} INFO - Processing file /home/airflow/.local/lib/python3.12/site-packages/airflow/example_dags/example_time_delta_sensor_async.py for tasks to queue
[2024-09-05T00:13:02.261+0000] {logging_mixin.py:190} INFO - [2024-09-05T00:13:02.251+0000] {dagbag.py:587} INFO - Filling up the DagBag from /home/airflow/.local/lib/python3.12/site-packages/airflow/example_dags/example_time_delta_sensor_async.py
[2024-09-05T00:13:02.424+0000] {processor.py:925} INFO - DAG(s) 'example_time_delta_sensor_async' retrieved from /home/airflow/.local/lib/python3.12/site-packages/airflow/example_dags/example_time_delta_sensor_async.py
[2024-09-05T00:13:02.667+0000] {logging_mixin.py:190} INFO - [2024-09-05T00:13:02.666+0000] {dag.py:3211} INFO - Sync 1 DAGs
[2024-09-05T00:13:02.861+0000] {logging_mixin.py:190} INFO - [2024-09-05T00:13:02.860+0000] {dag.py:4138} INFO - Setting next_dagrun for example_time_delta_sensor_async to None, run_after=None
[2024-09-05T00:13:02.986+0000] {processor.py:208} INFO - Processing /home/airflow/.local/lib/python3.12/site-packages/airflow/example_dags/example_time_delta_sensor_async.py took 0.938 seconds
[2024-09-05T00:13:47.084+0000] {processor.py:186} INFO - Started process (PID=140) to work on /home/airflow/.local/lib/python3.12/site-packages/airflow/example_dags/example_time_delta_sensor_async.py
[2024-09-05T00:13:47.087+0000] {processor.py:914} INFO - Processing file /home/airflow/.local/lib/python3.12/site-packages/airflow/example_dags/example_time_delta_sensor_async.py for tasks to queue
[2024-09-05T00:13:47.091+0000] {logging_mixin.py:190} INFO - [2024-09-05T00:13:47.089+0000] {dagbag.py:587} INFO - Filling up the DagBag from /home/airflow/.local/lib/python3.12/site-packages/airflow/example_dags/example_time_delta_sensor_async.py
[2024-09-05T00:13:47.117+0000] {processor.py:925} INFO - DAG(s) 'example_time_delta_sensor_async' retrieved from /home/airflow/.local/lib/python3.12/site-packages/airflow/example_dags/example_time_delta_sensor_async.py
[2024-09-05T00:13:47.185+0000] {logging_mixin.py:190} INFO - [2024-09-05T00:13:47.184+0000] {dag.py:3211} INFO - Sync 1 DAGs
[2024-09-05T00:13:47.243+0000] {logging_mixin.py:190} INFO - [2024-09-05T00:13:47.242+0000] {dag.py:4138} INFO - Setting next_dagrun for example_time_delta_sensor_async to None, run_after=None
[2024-09-05T00:13:47.291+0000] {processor.py:208} INFO - Processing /home/airflow/.local/lib/python3.12/site-packages/airflow/example_dags/example_time_delta_sensor_async.py took 0.227 seconds
[2024-09-05T00:14:23.954+0000] {processor.py:186} INFO - Started process (PID=193) to work on /home/airflow/.local/lib/python3.12/site-packages/airflow/example_dags/example_time_delta_sensor_async.py
[2024-09-05T00:14:23.957+0000] {processor.py:914} INFO - Processing file /home/airflow/.local/lib/python3.12/site-packages/airflow/example_dags/example_time_delta_sensor_async.py for tasks to queue
[2024-09-05T00:14:23.965+0000] {logging_mixin.py:190} INFO - [2024-09-05T00:14:23.963+0000] {dagbag.py:587} INFO - Filling up the DagBag from /home/airflow/.local/lib/python3.12/site-packages/airflow/example_dags/example_time_delta_sensor_async.py
[2024-09-05T00:14:24.046+0000] {processor.py:925} INFO - DAG(s) 'example_time_delta_sensor_async' retrieved from /home/airflow/.local/lib/python3.12/site-packages/airflow/example_dags/example_time_delta_sensor_async.py
[2024-09-05T00:14:24.172+0000] {logging_mixin.py:190} INFO - [2024-09-05T00:14:24.170+0000] {dag.py:3211} INFO - Sync 1 DAGs
[2024-09-05T00:14:24.271+0000] {logging_mixin.py:190} INFO - [2024-09-05T00:14:24.270+0000] {dag.py:4138} INFO - Setting next_dagrun for example_time_delta_sensor_async to None, run_after=None
[2024-09-05T00:14:24.381+0000] {processor.py:208} INFO - Processing /home/airflow/.local/lib/python3.12/site-packages/airflow/example_dags/example_time_delta_sensor_async.py took 0.483 seconds
[2024-09-05T00:14:54.552+0000] {processor.py:186} INFO - Started process (PID=267) to work on /home/airflow/.local/lib/python3.12/site-packages/airflow/example_dags/example_time_delta_sensor_async.py
[2024-09-05T00:14:54.555+0000] {processor.py:914} INFO - Processing file /home/airflow/.local/lib/python3.12/site-packages/airflow/example_dags/example_time_delta_sensor_async.py for tasks to queue
[2024-09-05T00:14:54.560+0000] {logging_mixin.py:190} INFO - [2024-09-05T00:14:54.559+0000] {dagbag.py:587} INFO - Filling up the DagBag from /home/airflow/.local/lib/python3.12/site-packages/airflow/example_dags/example_time_delta_sensor_async.py
[2024-09-05T00:14:54.599+0000] {processor.py:925} INFO - DAG(s) 'example_time_delta_sensor_async' retrieved from /home/airflow/.local/lib/python3.12/site-packages/airflow/example_dags/example_time_delta_sensor_async.py
[2024-09-05T00:14:54.681+0000] {logging_mixin.py:190} INFO - [2024-09-05T00:14:54.680+0000] {dag.py:3211} INFO - Sync 1 DAGs
[2024-09-05T00:14:54.737+0000] {logging_mixin.py:190} INFO - [2024-09-05T00:14:54.736+0000] {dag.py:4138} INFO - Setting next_dagrun for example_time_delta_sensor_async to None, run_after=None
[2024-09-05T00:14:54.821+0000] {processor.py:208} INFO - Processing /home/airflow/.local/lib/python3.12/site-packages/airflow/example_dags/example_time_delta_sensor_async.py took 0.305 seconds
[2024-09-05T00:32:21.821+0000] {processor.py:186} INFO - Started process (PID=87) to work on /home/airflow/.local/lib/python3.12/site-packages/airflow/example_dags/example_time_delta_sensor_async.py
[2024-09-05T00:32:21.823+0000] {processor.py:914} INFO - Processing file /home/airflow/.local/lib/python3.12/site-packages/airflow/example_dags/example_time_delta_sensor_async.py for tasks to queue
[2024-09-05T00:32:21.911+0000] {logging_mixin.py:190} INFO - [2024-09-05T00:32:21.903+0000] {dagbag.py:587} INFO - Filling up the DagBag from /home/airflow/.local/lib/python3.12/site-packages/airflow/example_dags/example_time_delta_sensor_async.py
[2024-09-05T00:32:22.086+0000] {processor.py:925} INFO - DAG(s) 'example_time_delta_sensor_async' retrieved from /home/airflow/.local/lib/python3.12/site-packages/airflow/example_dags/example_time_delta_sensor_async.py
[2024-09-05T00:32:22.312+0000] {logging_mixin.py:190} INFO - [2024-09-05T00:32:22.312+0000] {dag.py:3211} INFO - Sync 1 DAGs
[2024-09-05T00:32:22.678+0000] {logging_mixin.py:190} INFO - [2024-09-05T00:32:22.678+0000] {dag.py:4138} INFO - Setting next_dagrun for example_time_delta_sensor_async to None, run_after=None
[2024-09-05T00:32:23.432+0000] {processor.py:208} INFO - Processing /home/airflow/.local/lib/python3.12/site-packages/airflow/example_dags/example_time_delta_sensor_async.py took 1.668 seconds
[2024-09-05T00:32:53.635+0000] {processor.py:186} INFO - Started process (PID=159) to work on /home/airflow/.local/lib/python3.12/site-packages/airflow/example_dags/example_time_delta_sensor_async.py
[2024-09-05T00:32:53.637+0000] {processor.py:914} INFO - Processing file /home/airflow/.local/lib/python3.12/site-packages/airflow/example_dags/example_time_delta_sensor_async.py for tasks to queue
[2024-09-05T00:32:53.640+0000] {logging_mixin.py:190} INFO - [2024-09-05T00:32:53.639+0000] {dagbag.py:587} INFO - Filling up the DagBag from /home/airflow/.local/lib/python3.12/site-packages/airflow/example_dags/example_time_delta_sensor_async.py
[2024-09-05T00:32:53.678+0000] {processor.py:925} INFO - DAG(s) 'example_time_delta_sensor_async' retrieved from /home/airflow/.local/lib/python3.12/site-packages/airflow/example_dags/example_time_delta_sensor_async.py
[2024-09-05T00:32:53.788+0000] {logging_mixin.py:190} INFO - [2024-09-05T00:32:53.788+0000] {dag.py:3211} INFO - Sync 1 DAGs
[2024-09-05T00:32:53.874+0000] {logging_mixin.py:190} INFO - [2024-09-05T00:32:53.874+0000] {dag.py:4138} INFO - Setting next_dagrun for example_time_delta_sensor_async to None, run_after=None
[2024-09-05T00:32:53.935+0000] {processor.py:208} INFO - Processing /home/airflow/.local/lib/python3.12/site-packages/airflow/example_dags/example_time_delta_sensor_async.py took 0.314 seconds
[2024-09-05T00:33:24.893+0000] {processor.py:186} INFO - Started process (PID=222) to work on /home/airflow/.local/lib/python3.12/site-packages/airflow/example_dags/example_time_delta_sensor_async.py
[2024-09-05T00:33:24.894+0000] {processor.py:914} INFO - Processing file /home/airflow/.local/lib/python3.12/site-packages/airflow/example_dags/example_time_delta_sensor_async.py for tasks to queue
[2024-09-05T00:33:24.897+0000] {logging_mixin.py:190} INFO - [2024-09-05T00:33:24.896+0000] {dagbag.py:587} INFO - Filling up the DagBag from /home/airflow/.local/lib/python3.12/site-packages/airflow/example_dags/example_time_delta_sensor_async.py
[2024-09-05T00:33:24.914+0000] {processor.py:925} INFO - DAG(s) 'example_time_delta_sensor_async' retrieved from /home/airflow/.local/lib/python3.12/site-packages/airflow/example_dags/example_time_delta_sensor_async.py
[2024-09-05T00:33:24.974+0000] {logging_mixin.py:190} INFO - [2024-09-05T00:33:24.972+0000] {dag.py:3211} INFO - Sync 1 DAGs
[2024-09-05T00:33:25.062+0000] {logging_mixin.py:190} INFO - [2024-09-05T00:33:25.051+0000] {dag.py:4138} INFO - Setting next_dagrun for example_time_delta_sensor_async to None, run_after=None
[2024-09-05T00:33:25.218+0000] {processor.py:208} INFO - Processing /home/airflow/.local/lib/python3.12/site-packages/airflow/example_dags/example_time_delta_sensor_async.py took 0.338 seconds
[2024-09-05T00:33:56.018+0000] {processor.py:186} INFO - Started process (PID=285) to work on /home/airflow/.local/lib/python3.12/site-packages/airflow/example_dags/example_time_delta_sensor_async.py
[2024-09-05T00:33:56.020+0000] {processor.py:914} INFO - Processing file /home/airflow/.local/lib/python3.12/site-packages/airflow/example_dags/example_time_delta_sensor_async.py for tasks to queue
[2024-09-05T00:33:56.023+0000] {logging_mixin.py:190} INFO - [2024-09-05T00:33:56.022+0000] {dagbag.py:587} INFO - Filling up the DagBag from /home/airflow/.local/lib/python3.12/site-packages/airflow/example_dags/example_time_delta_sensor_async.py
[2024-09-05T00:33:56.051+0000] {processor.py:925} INFO - DAG(s) 'example_time_delta_sensor_async' retrieved from /home/airflow/.local/lib/python3.12/site-packages/airflow/example_dags/example_time_delta_sensor_async.py
[2024-09-05T00:33:56.102+0000] {logging_mixin.py:190} INFO - [2024-09-05T00:33:56.102+0000] {dag.py:3211} INFO - Sync 1 DAGs
[2024-09-05T00:33:56.164+0000] {logging_mixin.py:190} INFO - [2024-09-05T00:33:56.163+0000] {dag.py:4138} INFO - Setting next_dagrun for example_time_delta_sensor_async to None, run_after=None
[2024-09-05T00:33:56.226+0000] {processor.py:208} INFO - Processing /home/airflow/.local/lib/python3.12/site-packages/airflow/example_dags/example_time_delta_sensor_async.py took 0.236 seconds
[2024-09-05T00:36:06.880+0000] {processor.py:186} INFO - Started process (PID=367) to work on /home/airflow/.local/lib/python3.12/site-packages/airflow/example_dags/example_time_delta_sensor_async.py
[2024-09-05T00:36:06.882+0000] {processor.py:914} INFO - Processing file /home/airflow/.local/lib/python3.12/site-packages/airflow/example_dags/example_time_delta_sensor_async.py for tasks to queue
[2024-09-05T00:36:06.885+0000] {logging_mixin.py:190} INFO - [2024-09-05T00:36:06.884+0000] {dagbag.py:587} INFO - Filling up the DagBag from /home/airflow/.local/lib/python3.12/site-packages/airflow/example_dags/example_time_delta_sensor_async.py
[2024-09-05T00:36:06.900+0000] {processor.py:925} INFO - DAG(s) 'example_time_delta_sensor_async' retrieved from /home/airflow/.local/lib/python3.12/site-packages/airflow/example_dags/example_time_delta_sensor_async.py
[2024-09-05T00:36:06.955+0000] {logging_mixin.py:190} INFO - [2024-09-05T00:36:06.954+0000] {dag.py:3211} INFO - Sync 1 DAGs
[2024-09-05T00:36:06.988+0000] {logging_mixin.py:190} INFO - [2024-09-05T00:36:06.987+0000] {dag.py:4138} INFO - Setting next_dagrun for example_time_delta_sensor_async to None, run_after=None
[2024-09-05T00:36:07.041+0000] {processor.py:208} INFO - Processing /home/airflow/.local/lib/python3.12/site-packages/airflow/example_dags/example_time_delta_sensor_async.py took 0.187 seconds
[2024-09-05T00:36:37.348+0000] {processor.py:186} INFO - Started process (PID=430) to work on /home/airflow/.local/lib/python3.12/site-packages/airflow/example_dags/example_time_delta_sensor_async.py
[2024-09-05T00:36:37.350+0000] {processor.py:914} INFO - Processing file /home/airflow/.local/lib/python3.12/site-packages/airflow/example_dags/example_time_delta_sensor_async.py for tasks to queue
[2024-09-05T00:36:37.353+0000] {logging_mixin.py:190} INFO - [2024-09-05T00:36:37.352+0000] {dagbag.py:587} INFO - Filling up the DagBag from /home/airflow/.local/lib/python3.12/site-packages/airflow/example_dags/example_time_delta_sensor_async.py
[2024-09-05T00:36:37.366+0000] {processor.py:925} INFO - DAG(s) 'example_time_delta_sensor_async' retrieved from /home/airflow/.local/lib/python3.12/site-packages/airflow/example_dags/example_time_delta_sensor_async.py
[2024-09-05T00:36:37.420+0000] {logging_mixin.py:190} INFO - [2024-09-05T00:36:37.419+0000] {dag.py:3211} INFO - Sync 1 DAGs
[2024-09-05T00:36:37.453+0000] {logging_mixin.py:190} INFO - [2024-09-05T00:36:37.453+0000] {dag.py:4138} INFO - Setting next_dagrun for example_time_delta_sensor_async to None, run_after=None
[2024-09-05T00:36:37.502+0000] {processor.py:208} INFO - Processing /home/airflow/.local/lib/python3.12/site-packages/airflow/example_dags/example_time_delta_sensor_async.py took 0.176 seconds
[2024-09-05T00:37:09.902+0000] {processor.py:186} INFO - Started process (PID=493) to work on /home/airflow/.local/lib/python3.12/site-packages/airflow/example_dags/example_time_delta_sensor_async.py
[2024-09-05T00:37:09.904+0000] {processor.py:914} INFO - Processing file /home/airflow/.local/lib/python3.12/site-packages/airflow/example_dags/example_time_delta_sensor_async.py for tasks to queue
[2024-09-05T00:37:09.907+0000] {logging_mixin.py:190} INFO - [2024-09-05T00:37:09.906+0000] {dagbag.py:587} INFO - Filling up the DagBag from /home/airflow/.local/lib/python3.12/site-packages/airflow/example_dags/example_time_delta_sensor_async.py
[2024-09-05T00:37:09.926+0000] {processor.py:925} INFO - DAG(s) 'example_time_delta_sensor_async' retrieved from /home/airflow/.local/lib/python3.12/site-packages/airflow/example_dags/example_time_delta_sensor_async.py
[2024-09-05T00:37:09.977+0000] {logging_mixin.py:190} INFO - [2024-09-05T00:37:09.976+0000] {dag.py:3211} INFO - Sync 1 DAGs
[2024-09-05T00:37:10.006+0000] {logging_mixin.py:190} INFO - [2024-09-05T00:37:10.005+0000] {dag.py:4138} INFO - Setting next_dagrun for example_time_delta_sensor_async to None, run_after=None
[2024-09-05T00:37:10.051+0000] {processor.py:208} INFO - Processing /home/airflow/.local/lib/python3.12/site-packages/airflow/example_dags/example_time_delta_sensor_async.py took 0.166 seconds
[2024-09-05T00:37:40.413+0000] {processor.py:186} INFO - Started process (PID=556) to work on /home/airflow/.local/lib/python3.12/site-packages/airflow/example_dags/example_time_delta_sensor_async.py
[2024-09-05T00:37:40.417+0000] {processor.py:914} INFO - Processing file /home/airflow/.local/lib/python3.12/site-packages/airflow/example_dags/example_time_delta_sensor_async.py for tasks to queue
[2024-09-05T00:37:40.421+0000] {logging_mixin.py:190} INFO - [2024-09-05T00:37:40.420+0000] {dagbag.py:587} INFO - Filling up the DagBag from /home/airflow/.local/lib/python3.12/site-packages/airflow/example_dags/example_time_delta_sensor_async.py
[2024-09-05T00:37:40.443+0000] {processor.py:925} INFO - DAG(s) 'example_time_delta_sensor_async' retrieved from /home/airflow/.local/lib/python3.12/site-packages/airflow/example_dags/example_time_delta_sensor_async.py
[2024-09-05T00:37:40.482+0000] {logging_mixin.py:190} INFO - [2024-09-05T00:37:40.481+0000] {dag.py:3211} INFO - Sync 1 DAGs
[2024-09-05T00:37:40.519+0000] {logging_mixin.py:190} INFO - [2024-09-05T00:37:40.519+0000] {dag.py:4138} INFO - Setting next_dagrun for example_time_delta_sensor_async to None, run_after=None
[2024-09-05T00:37:40.565+0000] {processor.py:208} INFO - Processing /home/airflow/.local/lib/python3.12/site-packages/airflow/example_dags/example_time_delta_sensor_async.py took 0.172 seconds
[2024-09-05T00:38:10.980+0000] {processor.py:186} INFO - Started process (PID=619) to work on /home/airflow/.local/lib/python3.12/site-packages/airflow/example_dags/example_time_delta_sensor_async.py
[2024-09-05T00:38:10.982+0000] {processor.py:914} INFO - Processing file /home/airflow/.local/lib/python3.12/site-packages/airflow/example_dags/example_time_delta_sensor_async.py for tasks to queue
[2024-09-05T00:38:10.986+0000] {logging_mixin.py:190} INFO - [2024-09-05T00:38:10.985+0000] {dagbag.py:587} INFO - Filling up the DagBag from /home/airflow/.local/lib/python3.12/site-packages/airflow/example_dags/example_time_delta_sensor_async.py
[2024-09-05T00:38:11.001+0000] {processor.py:925} INFO - DAG(s) 'example_time_delta_sensor_async' retrieved from /home/airflow/.local/lib/python3.12/site-packages/airflow/example_dags/example_time_delta_sensor_async.py
[2024-09-05T00:38:11.055+0000] {logging_mixin.py:190} INFO - [2024-09-05T00:38:11.054+0000] {dag.py:3211} INFO - Sync 1 DAGs
[2024-09-05T00:38:11.093+0000] {logging_mixin.py:190} INFO - [2024-09-05T00:38:11.091+0000] {dag.py:4138} INFO - Setting next_dagrun for example_time_delta_sensor_async to None, run_after=None
[2024-09-05T00:38:11.238+0000] {processor.py:208} INFO - Processing /home/airflow/.local/lib/python3.12/site-packages/airflow/example_dags/example_time_delta_sensor_async.py took 0.272 seconds
[2024-09-05T00:38:41.614+0000] {processor.py:186} INFO - Started process (PID=681) to work on /home/airflow/.local/lib/python3.12/site-packages/airflow/example_dags/example_time_delta_sensor_async.py
[2024-09-05T00:38:41.616+0000] {processor.py:914} INFO - Processing file /home/airflow/.local/lib/python3.12/site-packages/airflow/example_dags/example_time_delta_sensor_async.py for tasks to queue
[2024-09-05T00:38:41.619+0000] {logging_mixin.py:190} INFO - [2024-09-05T00:38:41.618+0000] {dagbag.py:587} INFO - Filling up the DagBag from /home/airflow/.local/lib/python3.12/site-packages/airflow/example_dags/example_time_delta_sensor_async.py
[2024-09-05T00:38:41.634+0000] {processor.py:925} INFO - DAG(s) 'example_time_delta_sensor_async' retrieved from /home/airflow/.local/lib/python3.12/site-packages/airflow/example_dags/example_time_delta_sensor_async.py
[2024-09-05T00:38:41.679+0000] {logging_mixin.py:190} INFO - [2024-09-05T00:38:41.679+0000] {dag.py:3211} INFO - Sync 1 DAGs
[2024-09-05T00:38:41.747+0000] {logging_mixin.py:190} INFO - [2024-09-05T00:38:41.746+0000] {dag.py:4138} INFO - Setting next_dagrun for example_time_delta_sensor_async to None, run_after=None
[2024-09-05T00:38:41.892+0000] {processor.py:208} INFO - Processing /home/airflow/.local/lib/python3.12/site-packages/airflow/example_dags/example_time_delta_sensor_async.py took 0.304 seconds
[2024-09-05T00:39:12.933+0000] {processor.py:186} INFO - Started process (PID=744) to work on /home/airflow/.local/lib/python3.12/site-packages/airflow/example_dags/example_time_delta_sensor_async.py
[2024-09-05T00:39:12.935+0000] {processor.py:914} INFO - Processing file /home/airflow/.local/lib/python3.12/site-packages/airflow/example_dags/example_time_delta_sensor_async.py for tasks to queue
[2024-09-05T00:39:12.939+0000] {logging_mixin.py:190} INFO - [2024-09-05T00:39:12.938+0000] {dagbag.py:587} INFO - Filling up the DagBag from /home/airflow/.local/lib/python3.12/site-packages/airflow/example_dags/example_time_delta_sensor_async.py
[2024-09-05T00:39:12.952+0000] {processor.py:925} INFO - DAG(s) 'example_time_delta_sensor_async' retrieved from /home/airflow/.local/lib/python3.12/site-packages/airflow/example_dags/example_time_delta_sensor_async.py
[2024-09-05T00:39:13.032+0000] {logging_mixin.py:190} INFO - [2024-09-05T00:39:13.031+0000] {dag.py:3211} INFO - Sync 1 DAGs
[2024-09-05T00:39:13.103+0000] {logging_mixin.py:190} INFO - [2024-09-05T00:39:13.102+0000] {dag.py:4138} INFO - Setting next_dagrun for example_time_delta_sensor_async to None, run_after=None
[2024-09-05T00:39:13.207+0000] {processor.py:208} INFO - Processing /home/airflow/.local/lib/python3.12/site-packages/airflow/example_dags/example_time_delta_sensor_async.py took 0.295 seconds
[2024-09-05T00:39:43.617+0000] {processor.py:186} INFO - Started process (PID=807) to work on /home/airflow/.local/lib/python3.12/site-packages/airflow/example_dags/example_time_delta_sensor_async.py
[2024-09-05T00:39:43.621+0000] {processor.py:914} INFO - Processing file /home/airflow/.local/lib/python3.12/site-packages/airflow/example_dags/example_time_delta_sensor_async.py for tasks to queue
[2024-09-05T00:39:43.628+0000] {logging_mixin.py:190} INFO - [2024-09-05T00:39:43.624+0000] {dagbag.py:587} INFO - Filling up the DagBag from /home/airflow/.local/lib/python3.12/site-packages/airflow/example_dags/example_time_delta_sensor_async.py
[2024-09-05T00:39:43.679+0000] {processor.py:925} INFO - DAG(s) 'example_time_delta_sensor_async' retrieved from /home/airflow/.local/lib/python3.12/site-packages/airflow/example_dags/example_time_delta_sensor_async.py
[2024-09-05T00:39:43.745+0000] {logging_mixin.py:190} INFO - [2024-09-05T00:39:43.745+0000] {dag.py:3211} INFO - Sync 1 DAGs
[2024-09-05T00:39:43.780+0000] {logging_mixin.py:190} INFO - [2024-09-05T00:39:43.780+0000] {dag.py:4138} INFO - Setting next_dagrun for example_time_delta_sensor_async to None, run_after=None
[2024-09-05T00:39:43.833+0000] {processor.py:208} INFO - Processing /home/airflow/.local/lib/python3.12/site-packages/airflow/example_dags/example_time_delta_sensor_async.py took 0.243 seconds
[2024-09-05T00:40:16.352+0000] {processor.py:186} INFO - Started process (PID=871) to work on /home/airflow/.local/lib/python3.12/site-packages/airflow/example_dags/example_time_delta_sensor_async.py
[2024-09-05T00:40:16.353+0000] {processor.py:914} INFO - Processing file /home/airflow/.local/lib/python3.12/site-packages/airflow/example_dags/example_time_delta_sensor_async.py for tasks to queue
[2024-09-05T00:40:16.367+0000] {logging_mixin.py:190} INFO - [2024-09-05T00:40:16.366+0000] {dagbag.py:587} INFO - Filling up the DagBag from /home/airflow/.local/lib/python3.12/site-packages/airflow/example_dags/example_time_delta_sensor_async.py
[2024-09-05T00:40:16.406+0000] {processor.py:925} INFO - DAG(s) 'example_time_delta_sensor_async' retrieved from /home/airflow/.local/lib/python3.12/site-packages/airflow/example_dags/example_time_delta_sensor_async.py
[2024-09-05T00:40:16.499+0000] {logging_mixin.py:190} INFO - [2024-09-05T00:40:16.498+0000] {dag.py:3211} INFO - Sync 1 DAGs
[2024-09-05T00:40:16.559+0000] {logging_mixin.py:190} INFO - [2024-09-05T00:40:16.558+0000] {dag.py:4138} INFO - Setting next_dagrun for example_time_delta_sensor_async to None, run_after=None
[2024-09-05T00:40:16.627+0000] {processor.py:208} INFO - Processing /home/airflow/.local/lib/python3.12/site-packages/airflow/example_dags/example_time_delta_sensor_async.py took 0.304 seconds
[2024-09-05T00:41:01.397+0000] {processor.py:186} INFO - Started process (PID=939) to work on /home/airflow/.local/lib/python3.12/site-packages/airflow/example_dags/example_time_delta_sensor_async.py
[2024-09-05T00:41:01.451+0000] {processor.py:914} INFO - Processing file /home/airflow/.local/lib/python3.12/site-packages/airflow/example_dags/example_time_delta_sensor_async.py for tasks to queue
[2024-09-05T00:41:01.576+0000] {logging_mixin.py:190} INFO - [2024-09-05T00:41:01.506+0000] {dagbag.py:587} INFO - Filling up the DagBag from /home/airflow/.local/lib/python3.12/site-packages/airflow/example_dags/example_time_delta_sensor_async.py
[2024-09-05T00:41:02.684+0000] {processor.py:925} INFO - DAG(s) 'example_time_delta_sensor_async' retrieved from /home/airflow/.local/lib/python3.12/site-packages/airflow/example_dags/example_time_delta_sensor_async.py
[2024-09-05T00:41:03.939+0000] {logging_mixin.py:190} INFO - [2024-09-05T00:41:03.923+0000] {dag.py:3211} INFO - Sync 1 DAGs
[2024-09-05T00:41:05.041+0000] {logging_mixin.py:190} INFO - [2024-09-05T00:41:05.038+0000] {dag.py:4138} INFO - Setting next_dagrun for example_time_delta_sensor_async to None, run_after=None
[2024-09-05T00:41:06.004+0000] {processor.py:208} INFO - Processing /home/airflow/.local/lib/python3.12/site-packages/airflow/example_dags/example_time_delta_sensor_async.py took 5.335 seconds
