[2024-09-05T00:04:18.754+0000] {processor.py:186} INFO - Started process (PID=119) to work on /home/airflow/.local/lib/python3.12/site-packages/airflow/example_dags/example_dataset_alias_with_no_taskflow.py
[2024-09-05T00:04:18.756+0000] {processor.py:914} INFO - Processing file /home/airflow/.local/lib/python3.12/site-packages/airflow/example_dags/example_dataset_alias_with_no_taskflow.py for tasks to queue
[2024-09-05T00:04:18.760+0000] {logging_mixin.py:190} INFO - [2024-09-05T00:04:18.759+0000] {dagbag.py:587} INFO - Filling up the DagBag from /home/airflow/.local/lib/python3.12/site-packages/airflow/example_dags/example_dataset_alias_with_no_taskflow.py
[2024-09-05T00:04:19.245+0000] {processor.py:925} INFO - DAG(s) 'dataset_s3_bucket_consumer_with_no_taskflow', 'dataset_alias_example_alias_producer_with_no_taskflow', 'dataset_alias_example_alias_consumer_with_no_taskflow', 'dataset_s3_bucket_producer_with_no_taskflow' retrieved from /home/airflow/.local/lib/python3.12/site-packages/airflow/example_dags/example_dataset_alias_with_no_taskflow.py
[2024-09-05T00:04:19.519+0000] {logging_mixin.py:190} INFO - [2024-09-05T00:04:19.517+0000] {override.py:1858} INFO - Created Permission View: can delete on DAG:dataset_s3_bucket_consumer_with_no_taskflow
[2024-09-05T00:04:19.557+0000] {logging_mixin.py:190} INFO - [2024-09-05T00:04:19.556+0000] {override.py:1858} INFO - Created Permission View: can read on DAG:dataset_s3_bucket_consumer_with_no_taskflow
[2024-09-05T00:04:19.584+0000] {logging_mixin.py:190} INFO - [2024-09-05T00:04:19.584+0000] {override.py:1858} INFO - Created Permission View: can edit on DAG:dataset_s3_bucket_consumer_with_no_taskflow
[2024-09-05T00:04:19.626+0000] {logging_mixin.py:190} INFO - [2024-09-05T00:04:19.625+0000] {override.py:1858} INFO - Created Permission View: can delete on DAG:dataset_alias_example_alias_producer_with_no_taskflow
[2024-09-05T00:04:19.646+0000] {logging_mixin.py:190} INFO - [2024-09-05T00:04:19.645+0000] {override.py:1858} INFO - Created Permission View: can read on DAG:dataset_alias_example_alias_producer_with_no_taskflow
[2024-09-05T00:04:19.663+0000] {logging_mixin.py:190} INFO - [2024-09-05T00:04:19.662+0000] {override.py:1858} INFO - Created Permission View: can edit on DAG:dataset_alias_example_alias_producer_with_no_taskflow
[2024-09-05T00:04:19.695+0000] {logging_mixin.py:190} INFO - [2024-09-05T00:04:19.694+0000] {override.py:1858} INFO - Created Permission View: can delete on DAG:dataset_alias_example_alias_consumer_with_no_taskflow
[2024-09-05T00:04:19.717+0000] {logging_mixin.py:190} INFO - [2024-09-05T00:04:19.717+0000] {override.py:1858} INFO - Created Permission View: can read on DAG:dataset_alias_example_alias_consumer_with_no_taskflow
[2024-09-05T00:04:19.740+0000] {logging_mixin.py:190} INFO - [2024-09-05T00:04:19.739+0000] {override.py:1858} INFO - Created Permission View: can edit on DAG:dataset_alias_example_alias_consumer_with_no_taskflow
[2024-09-05T00:04:19.772+0000] {logging_mixin.py:190} INFO - [2024-09-05T00:04:19.771+0000] {override.py:1858} INFO - Created Permission View: can delete on DAG:dataset_s3_bucket_producer_with_no_taskflow
[2024-09-05T00:04:19.791+0000] {logging_mixin.py:190} INFO - [2024-09-05T00:04:19.790+0000] {override.py:1858} INFO - Created Permission View: can read on DAG:dataset_s3_bucket_producer_with_no_taskflow
[2024-09-05T00:04:19.811+0000] {logging_mixin.py:190} INFO - [2024-09-05T00:04:19.810+0000] {override.py:1858} INFO - Created Permission View: can edit on DAG:dataset_s3_bucket_producer_with_no_taskflow
[2024-09-05T00:04:19.813+0000] {logging_mixin.py:190} INFO - [2024-09-05T00:04:19.812+0000] {dag.py:3211} INFO - Sync 4 DAGs
[2024-09-05T00:04:19.859+0000] {logging_mixin.py:190} INFO - [2024-09-05T00:04:19.858+0000] {dag.py:3234} INFO - Creating ORM DAG for dataset_alias_example_alias_producer_with_no_taskflow
[2024-09-05T00:04:19.861+0000] {logging_mixin.py:190} INFO - [2024-09-05T00:04:19.861+0000] {dag.py:3234} INFO - Creating ORM DAG for dataset_s3_bucket_producer_with_no_taskflow
[2024-09-05T00:04:19.865+0000] {logging_mixin.py:190} INFO - [2024-09-05T00:04:19.864+0000] {dag.py:3234} INFO - Creating ORM DAG for dataset_alias_example_alias_consumer_with_no_taskflow
[2024-09-05T00:04:19.868+0000] {logging_mixin.py:190} INFO - [2024-09-05T00:04:19.867+0000] {dag.py:3234} INFO - Creating ORM DAG for dataset_s3_bucket_consumer_with_no_taskflow
[2024-09-05T00:04:19.936+0000] {logging_mixin.py:190} INFO - [2024-09-05T00:04:19.936+0000] {dag.py:4138} INFO - Setting next_dagrun for dataset_alias_example_alias_consumer_with_no_taskflow to None, run_after=None
[2024-09-05T00:04:19.941+0000] {logging_mixin.py:190} INFO - [2024-09-05T00:04:19.941+0000] {dag.py:4138} INFO - Setting next_dagrun for dataset_alias_example_alias_producer_with_no_taskflow to None, run_after=None
[2024-09-05T00:04:19.947+0000] {logging_mixin.py:190} INFO - [2024-09-05T00:04:19.946+0000] {dag.py:4138} INFO - Setting next_dagrun for dataset_s3_bucket_consumer_with_no_taskflow to None, run_after=None
[2024-09-05T00:04:19.955+0000] {logging_mixin.py:190} INFO - [2024-09-05T00:04:19.954+0000] {dag.py:4138} INFO - Setting next_dagrun for dataset_s3_bucket_producer_with_no_taskflow to None, run_after=None
[2024-09-05T00:04:20.123+0000] {processor.py:208} INFO - Processing /home/airflow/.local/lib/python3.12/site-packages/airflow/example_dags/example_dataset_alias_with_no_taskflow.py took 1.394 seconds
[2024-09-05T00:04:57.066+0000] {processor.py:186} INFO - Started process (PID=182) to work on /home/airflow/.local/lib/python3.12/site-packages/airflow/example_dags/example_dataset_alias_with_no_taskflow.py
[2024-09-05T00:04:57.072+0000] {processor.py:914} INFO - Processing file /home/airflow/.local/lib/python3.12/site-packages/airflow/example_dags/example_dataset_alias_with_no_taskflow.py for tasks to queue
[2024-09-05T00:04:57.082+0000] {logging_mixin.py:190} INFO - [2024-09-05T00:04:57.076+0000] {dagbag.py:587} INFO - Filling up the DagBag from /home/airflow/.local/lib/python3.12/site-packages/airflow/example_dags/example_dataset_alias_with_no_taskflow.py
[2024-09-05T00:04:58.493+0000] {processor.py:925} INFO - DAG(s) 'dataset_alias_example_alias_producer_with_no_taskflow', 'dataset_s3_bucket_consumer_with_no_taskflow', 'dataset_alias_example_alias_consumer_with_no_taskflow', 'dataset_s3_bucket_producer_with_no_taskflow' retrieved from /home/airflow/.local/lib/python3.12/site-packages/airflow/example_dags/example_dataset_alias_with_no_taskflow.py
[2024-09-05T00:04:58.922+0000] {logging_mixin.py:190} INFO - [2024-09-05T00:04:58.909+0000] {dag.py:3211} INFO - Sync 4 DAGs
[2024-09-05T00:04:59.176+0000] {logging_mixin.py:190} INFO - [2024-09-05T00:04:59.176+0000] {dag.py:4138} INFO - Setting next_dagrun for dataset_alias_example_alias_consumer_with_no_taskflow to None, run_after=None
[2024-09-05T00:04:59.198+0000] {logging_mixin.py:190} INFO - [2024-09-05T00:04:59.197+0000] {dag.py:4138} INFO - Setting next_dagrun for dataset_alias_example_alias_producer_with_no_taskflow to None, run_after=None
[2024-09-05T00:04:59.208+0000] {logging_mixin.py:190} INFO - [2024-09-05T00:04:59.208+0000] {dag.py:4138} INFO - Setting next_dagrun for dataset_s3_bucket_consumer_with_no_taskflow to None, run_after=None
[2024-09-05T00:04:59.220+0000] {logging_mixin.py:190} INFO - [2024-09-05T00:04:59.219+0000] {dag.py:4138} INFO - Setting next_dagrun for dataset_s3_bucket_producer_with_no_taskflow to None, run_after=None
[2024-09-05T00:04:59.360+0000] {processor.py:208} INFO - Processing /home/airflow/.local/lib/python3.12/site-packages/airflow/example_dags/example_dataset_alias_with_no_taskflow.py took 2.334 seconds
[2024-09-05T00:05:29.940+0000] {processor.py:186} INFO - Started process (PID=247) to work on /home/airflow/.local/lib/python3.12/site-packages/airflow/example_dags/example_dataset_alias_with_no_taskflow.py
[2024-09-05T00:05:29.944+0000] {processor.py:914} INFO - Processing file /home/airflow/.local/lib/python3.12/site-packages/airflow/example_dags/example_dataset_alias_with_no_taskflow.py for tasks to queue
[2024-09-05T00:05:29.967+0000] {logging_mixin.py:190} INFO - [2024-09-05T00:05:29.958+0000] {dagbag.py:587} INFO - Filling up the DagBag from /home/airflow/.local/lib/python3.12/site-packages/airflow/example_dags/example_dataset_alias_with_no_taskflow.py
[2024-09-05T00:05:31.515+0000] {processor.py:925} INFO - DAG(s) 'dataset_s3_bucket_producer_with_no_taskflow', 'dataset_s3_bucket_consumer_with_no_taskflow', 'dataset_alias_example_alias_producer_with_no_taskflow', 'dataset_alias_example_alias_consumer_with_no_taskflow' retrieved from /home/airflow/.local/lib/python3.12/site-packages/airflow/example_dags/example_dataset_alias_with_no_taskflow.py
[2024-09-05T00:05:31.775+0000] {logging_mixin.py:190} INFO - [2024-09-05T00:05:31.773+0000] {dag.py:3211} INFO - Sync 4 DAGs
[2024-09-05T00:05:32.013+0000] {logging_mixin.py:190} INFO - [2024-09-05T00:05:32.011+0000] {dag.py:4138} INFO - Setting next_dagrun for dataset_alias_example_alias_consumer_with_no_taskflow to None, run_after=None
[2024-09-05T00:05:32.047+0000] {logging_mixin.py:190} INFO - [2024-09-05T00:05:32.045+0000] {dag.py:4138} INFO - Setting next_dagrun for dataset_alias_example_alias_producer_with_no_taskflow to None, run_after=None
[2024-09-05T00:05:32.058+0000] {logging_mixin.py:190} INFO - [2024-09-05T00:05:32.057+0000] {dag.py:4138} INFO - Setting next_dagrun for dataset_s3_bucket_consumer_with_no_taskflow to None, run_after=None
[2024-09-05T00:05:32.067+0000] {logging_mixin.py:190} INFO - [2024-09-05T00:05:32.066+0000] {dag.py:4138} INFO - Setting next_dagrun for dataset_s3_bucket_producer_with_no_taskflow to None, run_after=None
[2024-09-05T00:05:32.241+0000] {processor.py:208} INFO - Processing /home/airflow/.local/lib/python3.12/site-packages/airflow/example_dags/example_dataset_alias_with_no_taskflow.py took 2.367 seconds
[2024-09-05T00:13:40.529+0000] {processor.py:186} INFO - Started process (PID=113) to work on /home/airflow/.local/lib/python3.12/site-packages/airflow/example_dags/example_dataset_alias_with_no_taskflow.py
[2024-09-05T00:13:40.541+0000] {processor.py:914} INFO - Processing file /home/airflow/.local/lib/python3.12/site-packages/airflow/example_dags/example_dataset_alias_with_no_taskflow.py for tasks to queue
[2024-09-05T00:13:40.547+0000] {logging_mixin.py:190} INFO - [2024-09-05T00:13:40.546+0000] {dagbag.py:587} INFO - Filling up the DagBag from /home/airflow/.local/lib/python3.12/site-packages/airflow/example_dags/example_dataset_alias_with_no_taskflow.py
[2024-09-05T00:13:41.293+0000] {processor.py:925} INFO - DAG(s) 'dataset_alias_example_alias_producer_with_no_taskflow', 'dataset_alias_example_alias_consumer_with_no_taskflow', 'dataset_s3_bucket_producer_with_no_taskflow', 'dataset_s3_bucket_consumer_with_no_taskflow' retrieved from /home/airflow/.local/lib/python3.12/site-packages/airflow/example_dags/example_dataset_alias_with_no_taskflow.py
[2024-09-05T00:13:41.438+0000] {logging_mixin.py:190} INFO - [2024-09-05T00:13:41.437+0000] {dag.py:3211} INFO - Sync 4 DAGs
[2024-09-05T00:13:41.563+0000] {logging_mixin.py:190} INFO - [2024-09-05T00:13:41.562+0000] {dag.py:4138} INFO - Setting next_dagrun for dataset_alias_example_alias_consumer_with_no_taskflow to None, run_after=None
[2024-09-05T00:13:41.581+0000] {logging_mixin.py:190} INFO - [2024-09-05T00:13:41.571+0000] {dag.py:4138} INFO - Setting next_dagrun for dataset_alias_example_alias_producer_with_no_taskflow to None, run_after=None
[2024-09-05T00:13:41.588+0000] {logging_mixin.py:190} INFO - [2024-09-05T00:13:41.587+0000] {dag.py:4138} INFO - Setting next_dagrun for dataset_s3_bucket_consumer_with_no_taskflow to None, run_after=None
[2024-09-05T00:13:41.602+0000] {logging_mixin.py:190} INFO - [2024-09-05T00:13:41.601+0000] {dag.py:4138} INFO - Setting next_dagrun for dataset_s3_bucket_producer_with_no_taskflow to None, run_after=None
[2024-09-05T00:13:41.692+0000] {processor.py:208} INFO - Processing /home/airflow/.local/lib/python3.12/site-packages/airflow/example_dags/example_dataset_alias_with_no_taskflow.py took 1.186 seconds
[2024-09-05T00:14:12.290+0000] {processor.py:186} INFO - Started process (PID=176) to work on /home/airflow/.local/lib/python3.12/site-packages/airflow/example_dags/example_dataset_alias_with_no_taskflow.py
[2024-09-05T00:14:12.307+0000] {processor.py:914} INFO - Processing file /home/airflow/.local/lib/python3.12/site-packages/airflow/example_dags/example_dataset_alias_with_no_taskflow.py for tasks to queue
[2024-09-05T00:14:12.336+0000] {logging_mixin.py:190} INFO - [2024-09-05T00:14:12.334+0000] {dagbag.py:587} INFO - Filling up the DagBag from /home/airflow/.local/lib/python3.12/site-packages/airflow/example_dags/example_dataset_alias_with_no_taskflow.py
[2024-09-05T00:14:13.936+0000] {processor.py:925} INFO - DAG(s) 'dataset_s3_bucket_consumer_with_no_taskflow', 'dataset_alias_example_alias_consumer_with_no_taskflow', 'dataset_alias_example_alias_producer_with_no_taskflow', 'dataset_s3_bucket_producer_with_no_taskflow' retrieved from /home/airflow/.local/lib/python3.12/site-packages/airflow/example_dags/example_dataset_alias_with_no_taskflow.py
[2024-09-05T00:14:14.115+0000] {logging_mixin.py:190} INFO - [2024-09-05T00:14:14.114+0000] {dag.py:3211} INFO - Sync 4 DAGs
[2024-09-05T00:14:14.267+0000] {logging_mixin.py:190} INFO - [2024-09-05T00:14:14.266+0000] {dag.py:4138} INFO - Setting next_dagrun for dataset_alias_example_alias_consumer_with_no_taskflow to None, run_after=None
[2024-09-05T00:14:14.282+0000] {logging_mixin.py:190} INFO - [2024-09-05T00:14:14.281+0000] {dag.py:4138} INFO - Setting next_dagrun for dataset_alias_example_alias_producer_with_no_taskflow to None, run_after=None
[2024-09-05T00:14:14.301+0000] {logging_mixin.py:190} INFO - [2024-09-05T00:14:14.300+0000] {dag.py:4138} INFO - Setting next_dagrun for dataset_s3_bucket_consumer_with_no_taskflow to None, run_after=None
[2024-09-05T00:14:14.310+0000] {logging_mixin.py:190} INFO - [2024-09-05T00:14:14.308+0000] {dag.py:4138} INFO - Setting next_dagrun for dataset_s3_bucket_producer_with_no_taskflow to None, run_after=None
[2024-09-05T00:14:14.437+0000] {processor.py:208} INFO - Processing /home/airflow/.local/lib/python3.12/site-packages/airflow/example_dags/example_dataset_alias_with_no_taskflow.py took 2.198 seconds
[2024-09-05T00:14:45.135+0000] {processor.py:186} INFO - Started process (PID=252) to work on /home/airflow/.local/lib/python3.12/site-packages/airflow/example_dags/example_dataset_alias_with_no_taskflow.py
[2024-09-05T00:14:45.138+0000] {processor.py:914} INFO - Processing file /home/airflow/.local/lib/python3.12/site-packages/airflow/example_dags/example_dataset_alias_with_no_taskflow.py for tasks to queue
[2024-09-05T00:14:45.148+0000] {logging_mixin.py:190} INFO - [2024-09-05T00:14:45.144+0000] {dagbag.py:587} INFO - Filling up the DagBag from /home/airflow/.local/lib/python3.12/site-packages/airflow/example_dags/example_dataset_alias_with_no_taskflow.py
[2024-09-05T00:14:45.864+0000] {processor.py:925} INFO - DAG(s) 'dataset_s3_bucket_consumer_with_no_taskflow', 'dataset_alias_example_alias_consumer_with_no_taskflow', 'dataset_s3_bucket_producer_with_no_taskflow', 'dataset_alias_example_alias_producer_with_no_taskflow' retrieved from /home/airflow/.local/lib/python3.12/site-packages/airflow/example_dags/example_dataset_alias_with_no_taskflow.py
[2024-09-05T00:14:45.946+0000] {logging_mixin.py:190} INFO - [2024-09-05T00:14:45.945+0000] {dag.py:3211} INFO - Sync 4 DAGs
[2024-09-05T00:14:46.035+0000] {logging_mixin.py:190} INFO - [2024-09-05T00:14:46.034+0000] {dag.py:4138} INFO - Setting next_dagrun for dataset_alias_example_alias_consumer_with_no_taskflow to None, run_after=None
[2024-09-05T00:14:46.043+0000] {logging_mixin.py:190} INFO - [2024-09-05T00:14:46.042+0000] {dag.py:4138} INFO - Setting next_dagrun for dataset_alias_example_alias_producer_with_no_taskflow to None, run_after=None
[2024-09-05T00:14:46.047+0000] {logging_mixin.py:190} INFO - [2024-09-05T00:14:46.047+0000] {dag.py:4138} INFO - Setting next_dagrun for dataset_s3_bucket_consumer_with_no_taskflow to None, run_after=None
[2024-09-05T00:14:46.051+0000] {logging_mixin.py:190} INFO - [2024-09-05T00:14:46.050+0000] {dag.py:4138} INFO - Setting next_dagrun for dataset_s3_bucket_producer_with_no_taskflow to None, run_after=None
[2024-09-05T00:14:46.134+0000] {processor.py:208} INFO - Processing /home/airflow/.local/lib/python3.12/site-packages/airflow/example_dags/example_dataset_alias_with_no_taskflow.py took 1.021 seconds
[2024-09-05T00:15:23.283+0000] {processor.py:186} INFO - Started process (PID=314) to work on /home/airflow/.local/lib/python3.12/site-packages/airflow/example_dags/example_dataset_alias_with_no_taskflow.py
[2024-09-05T00:15:23.299+0000] {processor.py:914} INFO - Processing file /home/airflow/.local/lib/python3.12/site-packages/airflow/example_dags/example_dataset_alias_with_no_taskflow.py for tasks to queue
[2024-09-05T00:15:23.335+0000] {logging_mixin.py:190} INFO - [2024-09-05T00:15:23.319+0000] {dagbag.py:587} INFO - Filling up the DagBag from /home/airflow/.local/lib/python3.12/site-packages/airflow/example_dags/example_dataset_alias_with_no_taskflow.py
[2024-09-05T00:15:29.862+0000] {processor.py:925} INFO - DAG(s) 'dataset_s3_bucket_producer_with_no_taskflow', 'dataset_s3_bucket_consumer_with_no_taskflow', 'dataset_alias_example_alias_producer_with_no_taskflow', 'dataset_alias_example_alias_consumer_with_no_taskflow' retrieved from /home/airflow/.local/lib/python3.12/site-packages/airflow/example_dags/example_dataset_alias_with_no_taskflow.py
[2024-09-05T00:15:30.668+0000] {logging_mixin.py:190} INFO - [2024-09-05T00:15:30.666+0000] {dag.py:3211} INFO - Sync 4 DAGs
[2024-09-05T00:15:32.711+0000] {logging_mixin.py:190} INFO - [2024-09-05T00:15:32.709+0000] {dag.py:4138} INFO - Setting next_dagrun for dataset_alias_example_alias_consumer_with_no_taskflow to None, run_after=None
[2024-09-05T00:15:32.903+0000] {logging_mixin.py:190} INFO - [2024-09-05T00:15:32.899+0000] {dag.py:4138} INFO - Setting next_dagrun for dataset_alias_example_alias_producer_with_no_taskflow to None, run_after=None
[2024-09-05T00:15:33.324+0000] {logging_mixin.py:190} INFO - [2024-09-05T00:15:33.312+0000] {dag.py:4138} INFO - Setting next_dagrun for dataset_s3_bucket_consumer_with_no_taskflow to None, run_after=None
[2024-09-05T00:15:33.562+0000] {logging_mixin.py:190} INFO - [2024-09-05T00:15:33.550+0000] {dag.py:4138} INFO - Setting next_dagrun for dataset_s3_bucket_producer_with_no_taskflow to None, run_after=None
[2024-09-05T00:15:36.166+0000] {processor.py:208} INFO - Processing /home/airflow/.local/lib/python3.12/site-packages/airflow/example_dags/example_dataset_alias_with_no_taskflow.py took 13.496 seconds
[2024-09-05T00:32:41.368+0000] {processor.py:186} INFO - Started process (PID=133) to work on /home/airflow/.local/lib/python3.12/site-packages/airflow/example_dags/example_dataset_alias_with_no_taskflow.py
[2024-09-05T00:32:41.370+0000] {processor.py:914} INFO - Processing file /home/airflow/.local/lib/python3.12/site-packages/airflow/example_dags/example_dataset_alias_with_no_taskflow.py for tasks to queue
[2024-09-05T00:32:41.374+0000] {logging_mixin.py:190} INFO - [2024-09-05T00:32:41.373+0000] {dagbag.py:587} INFO - Filling up the DagBag from /home/airflow/.local/lib/python3.12/site-packages/airflow/example_dags/example_dataset_alias_with_no_taskflow.py
[2024-09-05T00:32:41.918+0000] {processor.py:925} INFO - DAG(s) 'dataset_s3_bucket_producer_with_no_taskflow', 'dataset_s3_bucket_consumer_with_no_taskflow', 'dataset_alias_example_alias_consumer_with_no_taskflow', 'dataset_alias_example_alias_producer_with_no_taskflow' retrieved from /home/airflow/.local/lib/python3.12/site-packages/airflow/example_dags/example_dataset_alias_with_no_taskflow.py
[2024-09-05T00:32:42.007+0000] {logging_mixin.py:190} INFO - [2024-09-05T00:32:42.007+0000] {dag.py:3211} INFO - Sync 4 DAGs
[2024-09-05T00:32:42.069+0000] {logging_mixin.py:190} INFO - [2024-09-05T00:32:42.069+0000] {dag.py:4138} INFO - Setting next_dagrun for dataset_alias_example_alias_consumer_with_no_taskflow to None, run_after=None
[2024-09-05T00:32:42.075+0000] {logging_mixin.py:190} INFO - [2024-09-05T00:32:42.075+0000] {dag.py:4138} INFO - Setting next_dagrun for dataset_alias_example_alias_producer_with_no_taskflow to None, run_after=None
[2024-09-05T00:32:42.079+0000] {logging_mixin.py:190} INFO - [2024-09-05T00:32:42.078+0000] {dag.py:4138} INFO - Setting next_dagrun for dataset_s3_bucket_consumer_with_no_taskflow to None, run_after=None
[2024-09-05T00:32:42.082+0000] {logging_mixin.py:190} INFO - [2024-09-05T00:32:42.082+0000] {dag.py:4138} INFO - Setting next_dagrun for dataset_s3_bucket_producer_with_no_taskflow to None, run_after=None
[2024-09-05T00:32:42.146+0000] {processor.py:208} INFO - Processing /home/airflow/.local/lib/python3.12/site-packages/airflow/example_dags/example_dataset_alias_with_no_taskflow.py took 0.807 seconds
[2024-09-05T00:33:12.323+0000] {processor.py:186} INFO - Started process (PID=197) to work on /home/airflow/.local/lib/python3.12/site-packages/airflow/example_dags/example_dataset_alias_with_no_taskflow.py
[2024-09-05T00:33:12.324+0000] {processor.py:914} INFO - Processing file /home/airflow/.local/lib/python3.12/site-packages/airflow/example_dags/example_dataset_alias_with_no_taskflow.py for tasks to queue
[2024-09-05T00:33:12.326+0000] {logging_mixin.py:190} INFO - [2024-09-05T00:33:12.326+0000] {dagbag.py:587} INFO - Filling up the DagBag from /home/airflow/.local/lib/python3.12/site-packages/airflow/example_dags/example_dataset_alias_with_no_taskflow.py
[2024-09-05T00:33:12.549+0000] {processor.py:925} INFO - DAG(s) 'dataset_alias_example_alias_consumer_with_no_taskflow', 'dataset_s3_bucket_producer_with_no_taskflow', 'dataset_s3_bucket_consumer_with_no_taskflow', 'dataset_alias_example_alias_producer_with_no_taskflow' retrieved from /home/airflow/.local/lib/python3.12/site-packages/airflow/example_dags/example_dataset_alias_with_no_taskflow.py
[2024-09-05T00:33:12.592+0000] {logging_mixin.py:190} INFO - [2024-09-05T00:33:12.592+0000] {dag.py:3211} INFO - Sync 4 DAGs
[2024-09-05T00:33:12.625+0000] {logging_mixin.py:190} INFO - [2024-09-05T00:33:12.625+0000] {dag.py:4138} INFO - Setting next_dagrun for dataset_alias_example_alias_consumer_with_no_taskflow to None, run_after=None
[2024-09-05T00:33:12.631+0000] {logging_mixin.py:190} INFO - [2024-09-05T00:33:12.630+0000] {dag.py:4138} INFO - Setting next_dagrun for dataset_alias_example_alias_producer_with_no_taskflow to None, run_after=None
[2024-09-05T00:33:12.633+0000] {logging_mixin.py:190} INFO - [2024-09-05T00:33:12.633+0000] {dag.py:4138} INFO - Setting next_dagrun for dataset_s3_bucket_consumer_with_no_taskflow to None, run_after=None
[2024-09-05T00:33:12.636+0000] {logging_mixin.py:190} INFO - [2024-09-05T00:33:12.636+0000] {dag.py:4138} INFO - Setting next_dagrun for dataset_s3_bucket_producer_with_no_taskflow to None, run_after=None
[2024-09-05T00:33:12.675+0000] {processor.py:208} INFO - Processing /home/airflow/.local/lib/python3.12/site-packages/airflow/example_dags/example_dataset_alias_with_no_taskflow.py took 0.369 seconds
[2024-09-05T00:33:42.927+0000] {processor.py:186} INFO - Started process (PID=260) to work on /home/airflow/.local/lib/python3.12/site-packages/airflow/example_dags/example_dataset_alias_with_no_taskflow.py
[2024-09-05T00:33:42.928+0000] {processor.py:914} INFO - Processing file /home/airflow/.local/lib/python3.12/site-packages/airflow/example_dags/example_dataset_alias_with_no_taskflow.py for tasks to queue
[2024-09-05T00:33:42.930+0000] {logging_mixin.py:190} INFO - [2024-09-05T00:33:42.929+0000] {dagbag.py:587} INFO - Filling up the DagBag from /home/airflow/.local/lib/python3.12/site-packages/airflow/example_dags/example_dataset_alias_with_no_taskflow.py
[2024-09-05T00:33:43.253+0000] {processor.py:925} INFO - DAG(s) 'dataset_alias_example_alias_consumer_with_no_taskflow', 'dataset_s3_bucket_producer_with_no_taskflow', 'dataset_s3_bucket_consumer_with_no_taskflow', 'dataset_alias_example_alias_producer_with_no_taskflow' retrieved from /home/airflow/.local/lib/python3.12/site-packages/airflow/example_dags/example_dataset_alias_with_no_taskflow.py
[2024-09-05T00:33:43.309+0000] {logging_mixin.py:190} INFO - [2024-09-05T00:33:43.309+0000] {dag.py:3211} INFO - Sync 4 DAGs
[2024-09-05T00:33:43.347+0000] {logging_mixin.py:190} INFO - [2024-09-05T00:33:43.347+0000] {dag.py:4138} INFO - Setting next_dagrun for dataset_alias_example_alias_consumer_with_no_taskflow to None, run_after=None
[2024-09-05T00:33:43.352+0000] {logging_mixin.py:190} INFO - [2024-09-05T00:33:43.352+0000] {dag.py:4138} INFO - Setting next_dagrun for dataset_alias_example_alias_producer_with_no_taskflow to None, run_after=None
[2024-09-05T00:33:43.356+0000] {logging_mixin.py:190} INFO - [2024-09-05T00:33:43.356+0000] {dag.py:4138} INFO - Setting next_dagrun for dataset_s3_bucket_consumer_with_no_taskflow to None, run_after=None
[2024-09-05T00:33:43.360+0000] {logging_mixin.py:190} INFO - [2024-09-05T00:33:43.360+0000] {dag.py:4138} INFO - Setting next_dagrun for dataset_s3_bucket_producer_with_no_taskflow to None, run_after=None
[2024-09-05T00:33:43.408+0000] {processor.py:208} INFO - Processing /home/airflow/.local/lib/python3.12/site-packages/airflow/example_dags/example_dataset_alias_with_no_taskflow.py took 0.498 seconds
[2024-09-05T00:35:16.201+0000] {processor.py:186} INFO - Started process (PID=334) to work on /home/airflow/.local/lib/python3.12/site-packages/airflow/example_dags/example_dataset_alias_with_no_taskflow.py
[2024-09-05T00:35:16.246+0000] {processor.py:914} INFO - Processing file /home/airflow/.local/lib/python3.12/site-packages/airflow/example_dags/example_dataset_alias_with_no_taskflow.py for tasks to queue
[2024-09-05T00:35:16.332+0000] {logging_mixin.py:190} INFO - [2024-09-05T00:35:16.319+0000] {dagbag.py:587} INFO - Filling up the DagBag from /home/airflow/.local/lib/python3.12/site-packages/airflow/example_dags/example_dataset_alias_with_no_taskflow.py
[2024-09-05T00:35:28.813+0000] {processor.py:925} INFO - DAG(s) 'dataset_s3_bucket_producer_with_no_taskflow', 'dataset_alias_example_alias_consumer_with_no_taskflow', 'dataset_alias_example_alias_producer_with_no_taskflow', 'dataset_s3_bucket_consumer_with_no_taskflow' retrieved from /home/airflow/.local/lib/python3.12/site-packages/airflow/example_dags/example_dataset_alias_with_no_taskflow.py
[2024-09-05T00:35:29.492+0000] {logging_mixin.py:190} INFO - [2024-09-05T00:35:29.479+0000] {dag.py:3211} INFO - Sync 4 DAGs
[2024-09-05T00:35:30.174+0000] {logging_mixin.py:190} INFO - [2024-09-05T00:35:30.173+0000] {dag.py:4138} INFO - Setting next_dagrun for dataset_alias_example_alias_consumer_with_no_taskflow to None, run_after=None
[2024-09-05T00:35:30.363+0000] {logging_mixin.py:190} INFO - [2024-09-05T00:35:30.351+0000] {dag.py:4138} INFO - Setting next_dagrun for dataset_alias_example_alias_producer_with_no_taskflow to None, run_after=None
[2024-09-05T00:35:30.396+0000] {logging_mixin.py:190} INFO - [2024-09-05T00:35:30.394+0000] {dag.py:4138} INFO - Setting next_dagrun for dataset_s3_bucket_consumer_with_no_taskflow to None, run_after=None
[2024-09-05T00:35:30.423+0000] {logging_mixin.py:190} INFO - [2024-09-05T00:35:30.420+0000] {dag.py:4138} INFO - Setting next_dagrun for dataset_s3_bucket_producer_with_no_taskflow to None, run_after=None
[2024-09-05T00:35:32.974+0000] {processor.py:208} INFO - Processing /home/airflow/.local/lib/python3.12/site-packages/airflow/example_dags/example_dataset_alias_with_no_taskflow.py took 17.080 seconds
[2024-09-05T00:36:11.606+0000] {processor.py:186} INFO - Started process (PID=397) to work on /home/airflow/.local/lib/python3.12/site-packages/airflow/example_dags/example_dataset_alias_with_no_taskflow.py
[2024-09-05T00:36:11.608+0000] {processor.py:914} INFO - Processing file /home/airflow/.local/lib/python3.12/site-packages/airflow/example_dags/example_dataset_alias_with_no_taskflow.py for tasks to queue
[2024-09-05T00:36:11.612+0000] {logging_mixin.py:190} INFO - [2024-09-05T00:36:11.612+0000] {dagbag.py:587} INFO - Filling up the DagBag from /home/airflow/.local/lib/python3.12/site-packages/airflow/example_dags/example_dataset_alias_with_no_taskflow.py
[2024-09-05T00:36:11.879+0000] {processor.py:925} INFO - DAG(s) 'dataset_alias_example_alias_consumer_with_no_taskflow', 'dataset_s3_bucket_producer_with_no_taskflow', 'dataset_s3_bucket_consumer_with_no_taskflow', 'dataset_alias_example_alias_producer_with_no_taskflow' retrieved from /home/airflow/.local/lib/python3.12/site-packages/airflow/example_dags/example_dataset_alias_with_no_taskflow.py
[2024-09-05T00:36:11.932+0000] {logging_mixin.py:190} INFO - [2024-09-05T00:36:11.932+0000] {dag.py:3211} INFO - Sync 4 DAGs
[2024-09-05T00:36:11.973+0000] {logging_mixin.py:190} INFO - [2024-09-05T00:36:11.973+0000] {dag.py:4138} INFO - Setting next_dagrun for dataset_alias_example_alias_consumer_with_no_taskflow to None, run_after=None
[2024-09-05T00:36:11.978+0000] {logging_mixin.py:190} INFO - [2024-09-05T00:36:11.977+0000] {dag.py:4138} INFO - Setting next_dagrun for dataset_alias_example_alias_producer_with_no_taskflow to None, run_after=None
[2024-09-05T00:36:11.980+0000] {logging_mixin.py:190} INFO - [2024-09-05T00:36:11.980+0000] {dag.py:4138} INFO - Setting next_dagrun for dataset_s3_bucket_consumer_with_no_taskflow to None, run_after=None
[2024-09-05T00:36:11.983+0000] {logging_mixin.py:190} INFO - [2024-09-05T00:36:11.983+0000] {dag.py:4138} INFO - Setting next_dagrun for dataset_s3_bucket_producer_with_no_taskflow to None, run_after=None
[2024-09-05T00:36:12.033+0000] {processor.py:208} INFO - Processing /home/airflow/.local/lib/python3.12/site-packages/airflow/example_dags/example_dataset_alias_with_no_taskflow.py took 0.437 seconds
[2024-09-05T00:36:46.531+0000] {processor.py:186} INFO - Started process (PID=460) to work on /home/airflow/.local/lib/python3.12/site-packages/airflow/example_dags/example_dataset_alias_with_no_taskflow.py
[2024-09-05T00:36:46.532+0000] {processor.py:914} INFO - Processing file /home/airflow/.local/lib/python3.12/site-packages/airflow/example_dags/example_dataset_alias_with_no_taskflow.py for tasks to queue
[2024-09-05T00:36:46.535+0000] {logging_mixin.py:190} INFO - [2024-09-05T00:36:46.534+0000] {dagbag.py:587} INFO - Filling up the DagBag from /home/airflow/.local/lib/python3.12/site-packages/airflow/example_dags/example_dataset_alias_with_no_taskflow.py
[2024-09-05T00:36:46.906+0000] {processor.py:925} INFO - DAG(s) 'dataset_alias_example_alias_producer_with_no_taskflow', 'dataset_s3_bucket_consumer_with_no_taskflow', 'dataset_s3_bucket_producer_with_no_taskflow', 'dataset_alias_example_alias_consumer_with_no_taskflow' retrieved from /home/airflow/.local/lib/python3.12/site-packages/airflow/example_dags/example_dataset_alias_with_no_taskflow.py
[2024-09-05T00:36:46.971+0000] {logging_mixin.py:190} INFO - [2024-09-05T00:36:46.971+0000] {dag.py:3211} INFO - Sync 4 DAGs
[2024-09-05T00:36:47.097+0000] {logging_mixin.py:190} INFO - [2024-09-05T00:36:47.096+0000] {dag.py:4138} INFO - Setting next_dagrun for dataset_alias_example_alias_consumer_with_no_taskflow to None, run_after=None
[2024-09-05T00:36:47.111+0000] {logging_mixin.py:190} INFO - [2024-09-05T00:36:47.110+0000] {dag.py:4138} INFO - Setting next_dagrun for dataset_alias_example_alias_producer_with_no_taskflow to None, run_after=None
[2024-09-05T00:36:47.116+0000] {logging_mixin.py:190} INFO - [2024-09-05T00:36:47.116+0000] {dag.py:4138} INFO - Setting next_dagrun for dataset_s3_bucket_consumer_with_no_taskflow to None, run_after=None
[2024-09-05T00:36:47.119+0000] {logging_mixin.py:190} INFO - [2024-09-05T00:36:47.119+0000] {dag.py:4138} INFO - Setting next_dagrun for dataset_s3_bucket_producer_with_no_taskflow to None, run_after=None
[2024-09-05T00:36:47.202+0000] {processor.py:208} INFO - Processing /home/airflow/.local/lib/python3.12/site-packages/airflow/example_dags/example_dataset_alias_with_no_taskflow.py took 0.690 seconds
[2024-09-05T00:37:17.484+0000] {processor.py:186} INFO - Started process (PID=523) to work on /home/airflow/.local/lib/python3.12/site-packages/airflow/example_dags/example_dataset_alias_with_no_taskflow.py
[2024-09-05T00:37:17.486+0000] {processor.py:914} INFO - Processing file /home/airflow/.local/lib/python3.12/site-packages/airflow/example_dags/example_dataset_alias_with_no_taskflow.py for tasks to queue
[2024-09-05T00:37:17.488+0000] {logging_mixin.py:190} INFO - [2024-09-05T00:37:17.488+0000] {dagbag.py:587} INFO - Filling up the DagBag from /home/airflow/.local/lib/python3.12/site-packages/airflow/example_dags/example_dataset_alias_with_no_taskflow.py
[2024-09-05T00:37:17.854+0000] {processor.py:925} INFO - DAG(s) 'dataset_s3_bucket_consumer_with_no_taskflow', 'dataset_alias_example_alias_consumer_with_no_taskflow', 'dataset_alias_example_alias_producer_with_no_taskflow', 'dataset_s3_bucket_producer_with_no_taskflow' retrieved from /home/airflow/.local/lib/python3.12/site-packages/airflow/example_dags/example_dataset_alias_with_no_taskflow.py
[2024-09-05T00:37:17.920+0000] {logging_mixin.py:190} INFO - [2024-09-05T00:37:17.920+0000] {dag.py:3211} INFO - Sync 4 DAGs
[2024-09-05T00:37:17.984+0000] {logging_mixin.py:190} INFO - [2024-09-05T00:37:17.983+0000] {dag.py:4138} INFO - Setting next_dagrun for dataset_alias_example_alias_consumer_with_no_taskflow to None, run_after=None
[2024-09-05T00:37:17.999+0000] {logging_mixin.py:190} INFO - [2024-09-05T00:37:17.999+0000] {dag.py:4138} INFO - Setting next_dagrun for dataset_alias_example_alias_producer_with_no_taskflow to None, run_after=None
[2024-09-05T00:37:18.003+0000] {logging_mixin.py:190} INFO - [2024-09-05T00:37:18.002+0000] {dag.py:4138} INFO - Setting next_dagrun for dataset_s3_bucket_consumer_with_no_taskflow to None, run_after=None
[2024-09-05T00:37:18.008+0000] {logging_mixin.py:190} INFO - [2024-09-05T00:37:18.008+0000] {dag.py:4138} INFO - Setting next_dagrun for dataset_s3_bucket_producer_with_no_taskflow to None, run_after=None
[2024-09-05T00:37:18.058+0000] {processor.py:208} INFO - Processing /home/airflow/.local/lib/python3.12/site-packages/airflow/example_dags/example_dataset_alias_with_no_taskflow.py took 0.584 seconds
[2024-09-05T00:37:48.164+0000] {processor.py:186} INFO - Started process (PID=587) to work on /home/airflow/.local/lib/python3.12/site-packages/airflow/example_dags/example_dataset_alias_with_no_taskflow.py
[2024-09-05T00:37:48.166+0000] {processor.py:914} INFO - Processing file /home/airflow/.local/lib/python3.12/site-packages/airflow/example_dags/example_dataset_alias_with_no_taskflow.py for tasks to queue
[2024-09-05T00:37:48.168+0000] {logging_mixin.py:190} INFO - [2024-09-05T00:37:48.168+0000] {dagbag.py:587} INFO - Filling up the DagBag from /home/airflow/.local/lib/python3.12/site-packages/airflow/example_dags/example_dataset_alias_with_no_taskflow.py
[2024-09-05T00:37:48.443+0000] {processor.py:925} INFO - DAG(s) 'dataset_alias_example_alias_consumer_with_no_taskflow', 'dataset_s3_bucket_producer_with_no_taskflow', 'dataset_s3_bucket_consumer_with_no_taskflow', 'dataset_alias_example_alias_producer_with_no_taskflow' retrieved from /home/airflow/.local/lib/python3.12/site-packages/airflow/example_dags/example_dataset_alias_with_no_taskflow.py
[2024-09-05T00:37:48.500+0000] {logging_mixin.py:190} INFO - [2024-09-05T00:37:48.499+0000] {dag.py:3211} INFO - Sync 4 DAGs
[2024-09-05T00:37:48.555+0000] {logging_mixin.py:190} INFO - [2024-09-05T00:37:48.555+0000] {dag.py:4138} INFO - Setting next_dagrun for dataset_alias_example_alias_consumer_with_no_taskflow to None, run_after=None
[2024-09-05T00:37:48.560+0000] {logging_mixin.py:190} INFO - [2024-09-05T00:37:48.560+0000] {dag.py:4138} INFO - Setting next_dagrun for dataset_alias_example_alias_producer_with_no_taskflow to None, run_after=None
[2024-09-05T00:37:48.563+0000] {logging_mixin.py:190} INFO - [2024-09-05T00:37:48.563+0000] {dag.py:4138} INFO - Setting next_dagrun for dataset_s3_bucket_consumer_with_no_taskflow to None, run_after=None
[2024-09-05T00:37:48.566+0000] {logging_mixin.py:190} INFO - [2024-09-05T00:37:48.565+0000] {dag.py:4138} INFO - Setting next_dagrun for dataset_s3_bucket_producer_with_no_taskflow to None, run_after=None
[2024-09-05T00:37:48.607+0000] {processor.py:208} INFO - Processing /home/airflow/.local/lib/python3.12/site-packages/airflow/example_dags/example_dataset_alias_with_no_taskflow.py took 0.453 seconds
[2024-09-05T00:38:18.968+0000] {processor.py:186} INFO - Started process (PID=655) to work on /home/airflow/.local/lib/python3.12/site-packages/airflow/example_dags/example_dataset_alias_with_no_taskflow.py
[2024-09-05T00:38:18.969+0000] {processor.py:914} INFO - Processing file /home/airflow/.local/lib/python3.12/site-packages/airflow/example_dags/example_dataset_alias_with_no_taskflow.py for tasks to queue
[2024-09-05T00:38:18.971+0000] {logging_mixin.py:190} INFO - [2024-09-05T00:38:18.971+0000] {dagbag.py:587} INFO - Filling up the DagBag from /home/airflow/.local/lib/python3.12/site-packages/airflow/example_dags/example_dataset_alias_with_no_taskflow.py
[2024-09-05T00:38:19.378+0000] {processor.py:925} INFO - DAG(s) 'dataset_s3_bucket_producer_with_no_taskflow', 'dataset_alias_example_alias_consumer_with_no_taskflow', 'dataset_s3_bucket_consumer_with_no_taskflow', 'dataset_alias_example_alias_producer_with_no_taskflow' retrieved from /home/airflow/.local/lib/python3.12/site-packages/airflow/example_dags/example_dataset_alias_with_no_taskflow.py
[2024-09-05T00:38:19.465+0000] {logging_mixin.py:190} INFO - [2024-09-05T00:38:19.464+0000] {dag.py:3211} INFO - Sync 4 DAGs
[2024-09-05T00:38:19.533+0000] {logging_mixin.py:190} INFO - [2024-09-05T00:38:19.532+0000] {dag.py:4138} INFO - Setting next_dagrun for dataset_alias_example_alias_consumer_with_no_taskflow to None, run_after=None
[2024-09-05T00:38:19.537+0000] {logging_mixin.py:190} INFO - [2024-09-05T00:38:19.537+0000] {dag.py:4138} INFO - Setting next_dagrun for dataset_alias_example_alias_producer_with_no_taskflow to None, run_after=None
[2024-09-05T00:38:19.540+0000] {logging_mixin.py:190} INFO - [2024-09-05T00:38:19.539+0000] {dag.py:4138} INFO - Setting next_dagrun for dataset_s3_bucket_consumer_with_no_taskflow to None, run_after=None
[2024-09-05T00:38:19.543+0000] {logging_mixin.py:190} INFO - [2024-09-05T00:38:19.543+0000] {dag.py:4138} INFO - Setting next_dagrun for dataset_s3_bucket_producer_with_no_taskflow to None, run_after=None
[2024-09-05T00:38:19.586+0000] {processor.py:208} INFO - Processing /home/airflow/.local/lib/python3.12/site-packages/airflow/example_dags/example_dataset_alias_with_no_taskflow.py took 0.636 seconds
[2024-09-05T00:38:50.555+0000] {processor.py:186} INFO - Started process (PID=719) to work on /home/airflow/.local/lib/python3.12/site-packages/airflow/example_dags/example_dataset_alias_with_no_taskflow.py
[2024-09-05T00:38:50.556+0000] {processor.py:914} INFO - Processing file /home/airflow/.local/lib/python3.12/site-packages/airflow/example_dags/example_dataset_alias_with_no_taskflow.py for tasks to queue
[2024-09-05T00:38:50.561+0000] {logging_mixin.py:190} INFO - [2024-09-05T00:38:50.560+0000] {dagbag.py:587} INFO - Filling up the DagBag from /home/airflow/.local/lib/python3.12/site-packages/airflow/example_dags/example_dataset_alias_with_no_taskflow.py
[2024-09-05T00:38:51.268+0000] {processor.py:925} INFO - DAG(s) 'dataset_s3_bucket_consumer_with_no_taskflow', 'dataset_s3_bucket_producer_with_no_taskflow', 'dataset_alias_example_alias_producer_with_no_taskflow', 'dataset_alias_example_alias_consumer_with_no_taskflow' retrieved from /home/airflow/.local/lib/python3.12/site-packages/airflow/example_dags/example_dataset_alias_with_no_taskflow.py
[2024-09-05T00:38:51.384+0000] {logging_mixin.py:190} INFO - [2024-09-05T00:38:51.383+0000] {dag.py:3211} INFO - Sync 4 DAGs
[2024-09-05T00:38:51.510+0000] {logging_mixin.py:190} INFO - [2024-09-05T00:38:51.510+0000] {dag.py:4138} INFO - Setting next_dagrun for dataset_alias_example_alias_consumer_with_no_taskflow to None, run_after=None
[2024-09-05T00:38:51.529+0000] {logging_mixin.py:190} INFO - [2024-09-05T00:38:51.528+0000] {dag.py:4138} INFO - Setting next_dagrun for dataset_alias_example_alias_producer_with_no_taskflow to None, run_after=None
[2024-09-05T00:38:51.536+0000] {logging_mixin.py:190} INFO - [2024-09-05T00:38:51.535+0000] {dag.py:4138} INFO - Setting next_dagrun for dataset_s3_bucket_consumer_with_no_taskflow to None, run_after=None
[2024-09-05T00:38:51.544+0000] {logging_mixin.py:190} INFO - [2024-09-05T00:38:51.543+0000] {dag.py:4138} INFO - Setting next_dagrun for dataset_s3_bucket_producer_with_no_taskflow to None, run_after=None
[2024-09-05T00:38:51.624+0000] {processor.py:208} INFO - Processing /home/airflow/.local/lib/python3.12/site-packages/airflow/example_dags/example_dataset_alias_with_no_taskflow.py took 1.093 seconds
[2024-09-05T00:39:21.888+0000] {processor.py:186} INFO - Started process (PID=783) to work on /home/airflow/.local/lib/python3.12/site-packages/airflow/example_dags/example_dataset_alias_with_no_taskflow.py
[2024-09-05T00:39:21.889+0000] {processor.py:914} INFO - Processing file /home/airflow/.local/lib/python3.12/site-packages/airflow/example_dags/example_dataset_alias_with_no_taskflow.py for tasks to queue
[2024-09-05T00:39:21.895+0000] {logging_mixin.py:190} INFO - [2024-09-05T00:39:21.894+0000] {dagbag.py:587} INFO - Filling up the DagBag from /home/airflow/.local/lib/python3.12/site-packages/airflow/example_dags/example_dataset_alias_with_no_taskflow.py
[2024-09-05T00:39:22.303+0000] {processor.py:925} INFO - DAG(s) 'dataset_alias_example_alias_producer_with_no_taskflow', 'dataset_s3_bucket_consumer_with_no_taskflow', 'dataset_s3_bucket_producer_with_no_taskflow', 'dataset_alias_example_alias_consumer_with_no_taskflow' retrieved from /home/airflow/.local/lib/python3.12/site-packages/airflow/example_dags/example_dataset_alias_with_no_taskflow.py
[2024-09-05T00:39:22.369+0000] {logging_mixin.py:190} INFO - [2024-09-05T00:39:22.369+0000] {dag.py:3211} INFO - Sync 4 DAGs
[2024-09-05T00:39:22.451+0000] {logging_mixin.py:190} INFO - [2024-09-05T00:39:22.450+0000] {dag.py:4138} INFO - Setting next_dagrun for dataset_alias_example_alias_consumer_with_no_taskflow to None, run_after=None
[2024-09-05T00:39:22.458+0000] {logging_mixin.py:190} INFO - [2024-09-05T00:39:22.458+0000] {dag.py:4138} INFO - Setting next_dagrun for dataset_alias_example_alias_producer_with_no_taskflow to None, run_after=None
[2024-09-05T00:39:22.465+0000] {logging_mixin.py:190} INFO - [2024-09-05T00:39:22.464+0000] {dag.py:4138} INFO - Setting next_dagrun for dataset_s3_bucket_consumer_with_no_taskflow to None, run_after=None
[2024-09-05T00:39:22.474+0000] {logging_mixin.py:190} INFO - [2024-09-05T00:39:22.473+0000] {dag.py:4138} INFO - Setting next_dagrun for dataset_s3_bucket_producer_with_no_taskflow to None, run_after=None
[2024-09-05T00:39:22.545+0000] {processor.py:208} INFO - Processing /home/airflow/.local/lib/python3.12/site-packages/airflow/example_dags/example_dataset_alias_with_no_taskflow.py took 0.695 seconds
[2024-09-05T00:39:53.188+0000] {processor.py:186} INFO - Started process (PID=847) to work on /home/airflow/.local/lib/python3.12/site-packages/airflow/example_dags/example_dataset_alias_with_no_taskflow.py
[2024-09-05T00:39:53.190+0000] {processor.py:914} INFO - Processing file /home/airflow/.local/lib/python3.12/site-packages/airflow/example_dags/example_dataset_alias_with_no_taskflow.py for tasks to queue
[2024-09-05T00:39:53.193+0000] {logging_mixin.py:190} INFO - [2024-09-05T00:39:53.193+0000] {dagbag.py:587} INFO - Filling up the DagBag from /home/airflow/.local/lib/python3.12/site-packages/airflow/example_dags/example_dataset_alias_with_no_taskflow.py
[2024-09-05T00:39:53.644+0000] {processor.py:925} INFO - DAG(s) 'dataset_alias_example_alias_producer_with_no_taskflow', 'dataset_s3_bucket_producer_with_no_taskflow', 'dataset_alias_example_alias_consumer_with_no_taskflow', 'dataset_s3_bucket_consumer_with_no_taskflow' retrieved from /home/airflow/.local/lib/python3.12/site-packages/airflow/example_dags/example_dataset_alias_with_no_taskflow.py
[2024-09-05T00:39:53.733+0000] {logging_mixin.py:190} INFO - [2024-09-05T00:39:53.731+0000] {dag.py:3211} INFO - Sync 4 DAGs
[2024-09-05T00:39:53.888+0000] {logging_mixin.py:190} INFO - [2024-09-05T00:39:53.884+0000] {dag.py:4138} INFO - Setting next_dagrun for dataset_alias_example_alias_consumer_with_no_taskflow to None, run_after=None
[2024-09-05T00:39:53.901+0000] {logging_mixin.py:190} INFO - [2024-09-05T00:39:53.900+0000] {dag.py:4138} INFO - Setting next_dagrun for dataset_alias_example_alias_producer_with_no_taskflow to None, run_after=None
[2024-09-05T00:39:53.914+0000] {logging_mixin.py:190} INFO - [2024-09-05T00:39:53.913+0000] {dag.py:4138} INFO - Setting next_dagrun for dataset_s3_bucket_consumer_with_no_taskflow to None, run_after=None
[2024-09-05T00:39:53.924+0000] {logging_mixin.py:190} INFO - [2024-09-05T00:39:53.923+0000] {dag.py:4138} INFO - Setting next_dagrun for dataset_s3_bucket_producer_with_no_taskflow to None, run_after=None
[2024-09-05T00:39:54.064+0000] {processor.py:208} INFO - Processing /home/airflow/.local/lib/python3.12/site-packages/airflow/example_dags/example_dataset_alias_with_no_taskflow.py took 0.900 seconds
[2024-09-05T00:40:24.716+0000] {processor.py:186} INFO - Started process (PID=911) to work on /home/airflow/.local/lib/python3.12/site-packages/airflow/example_dags/example_dataset_alias_with_no_taskflow.py
[2024-09-05T00:40:24.719+0000] {processor.py:914} INFO - Processing file /home/airflow/.local/lib/python3.12/site-packages/airflow/example_dags/example_dataset_alias_with_no_taskflow.py for tasks to queue
[2024-09-05T00:40:24.722+0000] {logging_mixin.py:190} INFO - [2024-09-05T00:40:24.722+0000] {dagbag.py:587} INFO - Filling up the DagBag from /home/airflow/.local/lib/python3.12/site-packages/airflow/example_dags/example_dataset_alias_with_no_taskflow.py
[2024-09-05T00:40:25.111+0000] {processor.py:925} INFO - DAG(s) 'dataset_s3_bucket_producer_with_no_taskflow', 'dataset_alias_example_alias_producer_with_no_taskflow', 'dataset_s3_bucket_consumer_with_no_taskflow', 'dataset_alias_example_alias_consumer_with_no_taskflow' retrieved from /home/airflow/.local/lib/python3.12/site-packages/airflow/example_dags/example_dataset_alias_with_no_taskflow.py
[2024-09-05T00:40:25.208+0000] {logging_mixin.py:190} INFO - [2024-09-05T00:40:25.208+0000] {dag.py:3211} INFO - Sync 4 DAGs
[2024-09-05T00:40:25.277+0000] {logging_mixin.py:190} INFO - [2024-09-05T00:40:25.276+0000] {dag.py:4138} INFO - Setting next_dagrun for dataset_alias_example_alias_consumer_with_no_taskflow to None, run_after=None
[2024-09-05T00:40:25.282+0000] {logging_mixin.py:190} INFO - [2024-09-05T00:40:25.282+0000] {dag.py:4138} INFO - Setting next_dagrun for dataset_alias_example_alias_producer_with_no_taskflow to None, run_after=None
[2024-09-05T00:40:25.286+0000] {logging_mixin.py:190} INFO - [2024-09-05T00:40:25.286+0000] {dag.py:4138} INFO - Setting next_dagrun for dataset_s3_bucket_consumer_with_no_taskflow to None, run_after=None
[2024-09-05T00:40:25.289+0000] {logging_mixin.py:190} INFO - [2024-09-05T00:40:25.289+0000] {dag.py:4138} INFO - Setting next_dagrun for dataset_s3_bucket_producer_with_no_taskflow to None, run_after=None
[2024-09-05T00:40:25.346+0000] {processor.py:208} INFO - Processing /home/airflow/.local/lib/python3.12/site-packages/airflow/example_dags/example_dataset_alias_with_no_taskflow.py took 0.650 seconds
