[2024-09-05T00:04:15.967+0000] {processor.py:186} INFO - Started process (PID=109) to work on /home/airflow/.local/lib/python3.12/site-packages/airflow/example_dags/example_external_task_marker_dag.py
[2024-09-05T00:04:15.970+0000] {processor.py:914} INFO - Processing file /home/airflow/.local/lib/python3.12/site-packages/airflow/example_dags/example_external_task_marker_dag.py for tasks to queue
[2024-09-05T00:04:15.977+0000] {logging_mixin.py:190} INFO - [2024-09-05T00:04:15.974+0000] {dagbag.py:587} INFO - Filling up the DagBag from /home/airflow/.local/lib/python3.12/site-packages/airflow/example_dags/example_external_task_marker_dag.py
[2024-09-05T00:04:16.012+0000] {processor.py:925} INFO - DAG(s) 'example_external_task_marker_child', 'example_external_task_marker_parent' retrieved from /home/airflow/.local/lib/python3.12/site-packages/airflow/example_dags/example_external_task_marker_dag.py
[2024-09-05T00:04:16.538+0000] {logging_mixin.py:190} INFO - [2024-09-05T00:04:16.536+0000] {override.py:1858} INFO - Created Permission View: can delete on DAG:example_external_task_marker_child
[2024-09-05T00:04:16.580+0000] {logging_mixin.py:190} INFO - [2024-09-05T00:04:16.579+0000] {override.py:1858} INFO - Created Permission View: can read on DAG:example_external_task_marker_child
[2024-09-05T00:04:16.602+0000] {logging_mixin.py:190} INFO - [2024-09-05T00:04:16.601+0000] {override.py:1858} INFO - Created Permission View: can edit on DAG:example_external_task_marker_child
[2024-09-05T00:04:16.641+0000] {logging_mixin.py:190} INFO - [2024-09-05T00:04:16.641+0000] {override.py:1858} INFO - Created Permission View: can delete on DAG:example_external_task_marker_parent
[2024-09-05T00:04:16.668+0000] {logging_mixin.py:190} INFO - [2024-09-05T00:04:16.668+0000] {override.py:1858} INFO - Created Permission View: can read on DAG:example_external_task_marker_parent
[2024-09-05T00:04:16.690+0000] {logging_mixin.py:190} INFO - [2024-09-05T00:04:16.689+0000] {override.py:1858} INFO - Created Permission View: can edit on DAG:example_external_task_marker_parent
[2024-09-05T00:04:16.697+0000] {logging_mixin.py:190} INFO - [2024-09-05T00:04:16.691+0000] {dag.py:3211} INFO - Sync 2 DAGs
[2024-09-05T00:04:16.759+0000] {logging_mixin.py:190} INFO - [2024-09-05T00:04:16.758+0000] {dag.py:3234} INFO - Creating ORM DAG for example_external_task_marker_child
[2024-09-05T00:04:16.764+0000] {logging_mixin.py:190} INFO - [2024-09-05T00:04:16.763+0000] {dag.py:3234} INFO - Creating ORM DAG for example_external_task_marker_parent
[2024-09-05T00:04:16.767+0000] {logging_mixin.py:190} INFO - [2024-09-05T00:04:16.766+0000] {dag.py:4138} INFO - Setting next_dagrun for example_external_task_marker_child to None, run_after=None
[2024-09-05T00:04:16.769+0000] {logging_mixin.py:190} INFO - [2024-09-05T00:04:16.769+0000] {dag.py:4138} INFO - Setting next_dagrun for example_external_task_marker_parent to None, run_after=None
[2024-09-05T00:04:16.834+0000] {processor.py:208} INFO - Processing /home/airflow/.local/lib/python3.12/site-packages/airflow/example_dags/example_external_task_marker_dag.py took 0.902 seconds
[2024-09-05T00:04:50.555+0000] {processor.py:186} INFO - Started process (PID=176) to work on /home/airflow/.local/lib/python3.12/site-packages/airflow/example_dags/example_external_task_marker_dag.py
[2024-09-05T00:04:50.573+0000] {processor.py:914} INFO - Processing file /home/airflow/.local/lib/python3.12/site-packages/airflow/example_dags/example_external_task_marker_dag.py for tasks to queue
[2024-09-05T00:04:50.621+0000] {logging_mixin.py:190} INFO - [2024-09-05T00:04:50.612+0000] {dagbag.py:587} INFO - Filling up the DagBag from /home/airflow/.local/lib/python3.12/site-packages/airflow/example_dags/example_external_task_marker_dag.py
[2024-09-05T00:04:50.771+0000] {processor.py:925} INFO - DAG(s) 'example_external_task_marker_child', 'example_external_task_marker_parent' retrieved from /home/airflow/.local/lib/python3.12/site-packages/airflow/example_dags/example_external_task_marker_dag.py
[2024-09-05T00:04:51.055+0000] {logging_mixin.py:190} INFO - [2024-09-05T00:04:51.053+0000] {dag.py:3211} INFO - Sync 2 DAGs
[2024-09-05T00:04:51.391+0000] {logging_mixin.py:190} INFO - [2024-09-05T00:04:51.390+0000] {dag.py:4138} INFO - Setting next_dagrun for example_external_task_marker_child to None, run_after=None
[2024-09-05T00:04:51.445+0000] {logging_mixin.py:190} INFO - [2024-09-05T00:04:51.445+0000] {dag.py:4138} INFO - Setting next_dagrun for example_external_task_marker_parent to None, run_after=None
[2024-09-05T00:04:51.668+0000] {processor.py:208} INFO - Processing /home/airflow/.local/lib/python3.12/site-packages/airflow/example_dags/example_external_task_marker_dag.py took 1.216 seconds
[2024-09-05T00:05:21.963+0000] {processor.py:186} INFO - Started process (PID=240) to work on /home/airflow/.local/lib/python3.12/site-packages/airflow/example_dags/example_external_task_marker_dag.py
[2024-09-05T00:05:21.967+0000] {processor.py:914} INFO - Processing file /home/airflow/.local/lib/python3.12/site-packages/airflow/example_dags/example_external_task_marker_dag.py for tasks to queue
[2024-09-05T00:05:21.974+0000] {logging_mixin.py:190} INFO - [2024-09-05T00:05:21.972+0000] {dagbag.py:587} INFO - Filling up the DagBag from /home/airflow/.local/lib/python3.12/site-packages/airflow/example_dags/example_external_task_marker_dag.py
[2024-09-05T00:05:22.011+0000] {processor.py:925} INFO - DAG(s) 'example_external_task_marker_parent', 'example_external_task_marker_child' retrieved from /home/airflow/.local/lib/python3.12/site-packages/airflow/example_dags/example_external_task_marker_dag.py
[2024-09-05T00:05:22.124+0000] {logging_mixin.py:190} INFO - [2024-09-05T00:05:22.123+0000] {dag.py:3211} INFO - Sync 2 DAGs
[2024-09-05T00:05:22.199+0000] {logging_mixin.py:190} INFO - [2024-09-05T00:05:22.199+0000] {dag.py:4138} INFO - Setting next_dagrun for example_external_task_marker_child to None, run_after=None
[2024-09-05T00:05:22.215+0000] {logging_mixin.py:190} INFO - [2024-09-05T00:05:22.214+0000] {dag.py:4138} INFO - Setting next_dagrun for example_external_task_marker_parent to None, run_after=None
[2024-09-05T00:05:22.276+0000] {processor.py:208} INFO - Processing /home/airflow/.local/lib/python3.12/site-packages/airflow/example_dags/example_external_task_marker_dag.py took 0.348 seconds
[2024-09-05T00:13:37.198+0000] {processor.py:186} INFO - Started process (PID=108) to work on /home/airflow/.local/lib/python3.12/site-packages/airflow/example_dags/example_external_task_marker_dag.py
[2024-09-05T00:13:37.202+0000] {processor.py:914} INFO - Processing file /home/airflow/.local/lib/python3.12/site-packages/airflow/example_dags/example_external_task_marker_dag.py for tasks to queue
[2024-09-05T00:13:37.208+0000] {logging_mixin.py:190} INFO - [2024-09-05T00:13:37.207+0000] {dagbag.py:587} INFO - Filling up the DagBag from /home/airflow/.local/lib/python3.12/site-packages/airflow/example_dags/example_external_task_marker_dag.py
[2024-09-05T00:13:37.313+0000] {processor.py:925} INFO - DAG(s) 'example_external_task_marker_parent', 'example_external_task_marker_child' retrieved from /home/airflow/.local/lib/python3.12/site-packages/airflow/example_dags/example_external_task_marker_dag.py
[2024-09-05T00:13:37.668+0000] {logging_mixin.py:190} INFO - [2024-09-05T00:13:37.667+0000] {dag.py:3211} INFO - Sync 2 DAGs
[2024-09-05T00:13:38.025+0000] {logging_mixin.py:190} INFO - [2024-09-05T00:13:38.024+0000] {dag.py:4138} INFO - Setting next_dagrun for example_external_task_marker_child to None, run_after=None
[2024-09-05T00:13:38.071+0000] {logging_mixin.py:190} INFO - [2024-09-05T00:13:38.063+0000] {dag.py:4138} INFO - Setting next_dagrun for example_external_task_marker_parent to None, run_after=None
[2024-09-05T00:13:38.442+0000] {processor.py:208} INFO - Processing /home/airflow/.local/lib/python3.12/site-packages/airflow/example_dags/example_external_task_marker_dag.py took 1.326 seconds
[2024-09-05T00:14:09.601+0000] {processor.py:186} INFO - Started process (PID=171) to work on /home/airflow/.local/lib/python3.12/site-packages/airflow/example_dags/example_external_task_marker_dag.py
[2024-09-05T00:14:09.604+0000] {processor.py:914} INFO - Processing file /home/airflow/.local/lib/python3.12/site-packages/airflow/example_dags/example_external_task_marker_dag.py for tasks to queue
[2024-09-05T00:14:09.611+0000] {logging_mixin.py:190} INFO - [2024-09-05T00:14:09.609+0000] {dagbag.py:587} INFO - Filling up the DagBag from /home/airflow/.local/lib/python3.12/site-packages/airflow/example_dags/example_external_task_marker_dag.py
[2024-09-05T00:14:09.642+0000] {processor.py:925} INFO - DAG(s) 'example_external_task_marker_parent', 'example_external_task_marker_child' retrieved from /home/airflow/.local/lib/python3.12/site-packages/airflow/example_dags/example_external_task_marker_dag.py
[2024-09-05T00:14:09.724+0000] {logging_mixin.py:190} INFO - [2024-09-05T00:14:09.723+0000] {dag.py:3211} INFO - Sync 2 DAGs
[2024-09-05T00:14:09.773+0000] {logging_mixin.py:190} INFO - [2024-09-05T00:14:09.772+0000] {dag.py:4138} INFO - Setting next_dagrun for example_external_task_marker_child to None, run_after=None
[2024-09-05T00:14:09.783+0000] {logging_mixin.py:190} INFO - [2024-09-05T00:14:09.783+0000] {dag.py:4138} INFO - Setting next_dagrun for example_external_task_marker_parent to None, run_after=None
[2024-09-05T00:14:09.834+0000] {processor.py:208} INFO - Processing /home/airflow/.local/lib/python3.12/site-packages/airflow/example_dags/example_external_task_marker_dag.py took 0.280 seconds
[2024-09-05T00:14:42.063+0000] {processor.py:186} INFO - Started process (PID=242) to work on /home/airflow/.local/lib/python3.12/site-packages/airflow/example_dags/example_external_task_marker_dag.py
[2024-09-05T00:14:42.066+0000] {processor.py:914} INFO - Processing file /home/airflow/.local/lib/python3.12/site-packages/airflow/example_dags/example_external_task_marker_dag.py for tasks to queue
[2024-09-05T00:14:42.071+0000] {logging_mixin.py:190} INFO - [2024-09-05T00:14:42.070+0000] {dagbag.py:587} INFO - Filling up the DagBag from /home/airflow/.local/lib/python3.12/site-packages/airflow/example_dags/example_external_task_marker_dag.py
[2024-09-05T00:14:42.116+0000] {processor.py:925} INFO - DAG(s) 'example_external_task_marker_child', 'example_external_task_marker_parent' retrieved from /home/airflow/.local/lib/python3.12/site-packages/airflow/example_dags/example_external_task_marker_dag.py
[2024-09-05T00:14:42.246+0000] {logging_mixin.py:190} INFO - [2024-09-05T00:14:42.245+0000] {dag.py:3211} INFO - Sync 2 DAGs
[2024-09-05T00:14:42.333+0000] {logging_mixin.py:190} INFO - [2024-09-05T00:14:42.332+0000] {dag.py:4138} INFO - Setting next_dagrun for example_external_task_marker_child to None, run_after=None
[2024-09-05T00:14:42.350+0000] {logging_mixin.py:190} INFO - [2024-09-05T00:14:42.349+0000] {dag.py:4138} INFO - Setting next_dagrun for example_external_task_marker_parent to None, run_after=None
[2024-09-05T00:14:42.446+0000] {processor.py:208} INFO - Processing /home/airflow/.local/lib/python3.12/site-packages/airflow/example_dags/example_external_task_marker_dag.py took 0.413 seconds
[2024-09-05T00:15:14.517+0000] {processor.py:186} INFO - Started process (PID=309) to work on /home/airflow/.local/lib/python3.12/site-packages/airflow/example_dags/example_external_task_marker_dag.py
[2024-09-05T00:15:14.545+0000] {processor.py:914} INFO - Processing file /home/airflow/.local/lib/python3.12/site-packages/airflow/example_dags/example_external_task_marker_dag.py for tasks to queue
[2024-09-05T00:15:14.598+0000] {logging_mixin.py:190} INFO - [2024-09-05T00:15:14.597+0000] {dagbag.py:587} INFO - Filling up the DagBag from /home/airflow/.local/lib/python3.12/site-packages/airflow/example_dags/example_external_task_marker_dag.py
[2024-09-05T00:15:14.712+0000] {processor.py:925} INFO - DAG(s) 'example_external_task_marker_parent', 'example_external_task_marker_child' retrieved from /home/airflow/.local/lib/python3.12/site-packages/airflow/example_dags/example_external_task_marker_dag.py
[2024-09-05T00:15:14.978+0000] {logging_mixin.py:190} INFO - [2024-09-05T00:15:14.977+0000] {dag.py:3211} INFO - Sync 2 DAGs
[2024-09-05T00:15:15.195+0000] {logging_mixin.py:190} INFO - [2024-09-05T00:15:15.194+0000] {dag.py:4138} INFO - Setting next_dagrun for example_external_task_marker_child to None, run_after=None
[2024-09-05T00:15:15.238+0000] {logging_mixin.py:190} INFO - [2024-09-05T00:15:15.238+0000] {dag.py:4138} INFO - Setting next_dagrun for example_external_task_marker_parent to None, run_after=None
[2024-09-05T00:15:15.500+0000] {processor.py:208} INFO - Processing /home/airflow/.local/lib/python3.12/site-packages/airflow/example_dags/example_external_task_marker_dag.py took 1.050 seconds
[2024-09-05T00:32:39.989+0000] {processor.py:186} INFO - Started process (PID=128) to work on /home/airflow/.local/lib/python3.12/site-packages/airflow/example_dags/example_external_task_marker_dag.py
[2024-09-05T00:32:39.991+0000] {processor.py:914} INFO - Processing file /home/airflow/.local/lib/python3.12/site-packages/airflow/example_dags/example_external_task_marker_dag.py for tasks to queue
[2024-09-05T00:32:40.001+0000] {logging_mixin.py:190} INFO - [2024-09-05T00:32:39.998+0000] {dagbag.py:587} INFO - Filling up the DagBag from /home/airflow/.local/lib/python3.12/site-packages/airflow/example_dags/example_external_task_marker_dag.py
[2024-09-05T00:32:40.030+0000] {processor.py:925} INFO - DAG(s) 'example_external_task_marker_parent', 'example_external_task_marker_child' retrieved from /home/airflow/.local/lib/python3.12/site-packages/airflow/example_dags/example_external_task_marker_dag.py
[2024-09-05T00:32:40.097+0000] {logging_mixin.py:190} INFO - [2024-09-05T00:32:40.096+0000] {dag.py:3211} INFO - Sync 2 DAGs
[2024-09-05T00:32:40.152+0000] {logging_mixin.py:190} INFO - [2024-09-05T00:32:40.151+0000] {dag.py:4138} INFO - Setting next_dagrun for example_external_task_marker_child to None, run_after=None
[2024-09-05T00:32:40.160+0000] {logging_mixin.py:190} INFO - [2024-09-05T00:32:40.160+0000] {dag.py:4138} INFO - Setting next_dagrun for example_external_task_marker_parent to None, run_after=None
[2024-09-05T00:32:40.236+0000] {processor.py:208} INFO - Processing /home/airflow/.local/lib/python3.12/site-packages/airflow/example_dags/example_external_task_marker_dag.py took 0.294 seconds
[2024-09-05T00:33:10.318+0000] {processor.py:186} INFO - Started process (PID=190) to work on /home/airflow/.local/lib/python3.12/site-packages/airflow/example_dags/example_external_task_marker_dag.py
[2024-09-05T00:33:10.320+0000] {processor.py:914} INFO - Processing file /home/airflow/.local/lib/python3.12/site-packages/airflow/example_dags/example_external_task_marker_dag.py for tasks to queue
[2024-09-05T00:33:10.323+0000] {logging_mixin.py:190} INFO - [2024-09-05T00:33:10.323+0000] {dagbag.py:587} INFO - Filling up the DagBag from /home/airflow/.local/lib/python3.12/site-packages/airflow/example_dags/example_external_task_marker_dag.py
[2024-09-05T00:33:10.334+0000] {processor.py:925} INFO - DAG(s) 'example_external_task_marker_parent', 'example_external_task_marker_child' retrieved from /home/airflow/.local/lib/python3.12/site-packages/airflow/example_dags/example_external_task_marker_dag.py
[2024-09-05T00:33:10.372+0000] {logging_mixin.py:190} INFO - [2024-09-05T00:33:10.371+0000] {dag.py:3211} INFO - Sync 2 DAGs
[2024-09-05T00:33:10.397+0000] {logging_mixin.py:190} INFO - [2024-09-05T00:33:10.396+0000] {dag.py:4138} INFO - Setting next_dagrun for example_external_task_marker_child to None, run_after=None
[2024-09-05T00:33:10.408+0000] {logging_mixin.py:190} INFO - [2024-09-05T00:33:10.407+0000] {dag.py:4138} INFO - Setting next_dagrun for example_external_task_marker_parent to None, run_after=None
[2024-09-05T00:33:10.442+0000] {processor.py:208} INFO - Processing /home/airflow/.local/lib/python3.12/site-packages/airflow/example_dags/example_external_task_marker_dag.py took 0.134 seconds
[2024-09-05T00:33:40.976+0000] {processor.py:186} INFO - Started process (PID=253) to work on /home/airflow/.local/lib/python3.12/site-packages/airflow/example_dags/example_external_task_marker_dag.py
[2024-09-05T00:33:40.977+0000] {processor.py:914} INFO - Processing file /home/airflow/.local/lib/python3.12/site-packages/airflow/example_dags/example_external_task_marker_dag.py for tasks to queue
[2024-09-05T00:33:40.979+0000] {logging_mixin.py:190} INFO - [2024-09-05T00:33:40.979+0000] {dagbag.py:587} INFO - Filling up the DagBag from /home/airflow/.local/lib/python3.12/site-packages/airflow/example_dags/example_external_task_marker_dag.py
[2024-09-05T00:33:40.994+0000] {processor.py:925} INFO - DAG(s) 'example_external_task_marker_parent', 'example_external_task_marker_child' retrieved from /home/airflow/.local/lib/python3.12/site-packages/airflow/example_dags/example_external_task_marker_dag.py
[2024-09-05T00:33:41.045+0000] {logging_mixin.py:190} INFO - [2024-09-05T00:33:41.044+0000] {dag.py:3211} INFO - Sync 2 DAGs
[2024-09-05T00:33:41.074+0000] {logging_mixin.py:190} INFO - [2024-09-05T00:33:41.074+0000] {dag.py:4138} INFO - Setting next_dagrun for example_external_task_marker_child to None, run_after=None
[2024-09-05T00:33:41.081+0000] {logging_mixin.py:190} INFO - [2024-09-05T00:33:41.081+0000] {dag.py:4138} INFO - Setting next_dagrun for example_external_task_marker_parent to None, run_after=None
[2024-09-05T00:33:41.115+0000] {processor.py:208} INFO - Processing /home/airflow/.local/lib/python3.12/site-packages/airflow/example_dags/example_external_task_marker_dag.py took 0.154 seconds
[2024-09-05T00:34:55.668+0000] {processor.py:186} INFO - Started process (PID=323) to work on /home/airflow/.local/lib/python3.12/site-packages/airflow/example_dags/example_external_task_marker_dag.py
[2024-09-05T00:34:56.107+0000] {processor.py:914} INFO - Processing file /home/airflow/.local/lib/python3.12/site-packages/airflow/example_dags/example_external_task_marker_dag.py for tasks to queue
[2024-09-05T00:34:56.226+0000] {logging_mixin.py:190} INFO - [2024-09-05T00:34:56.222+0000] {dagbag.py:587} INFO - Filling up the DagBag from /home/airflow/.local/lib/python3.12/site-packages/airflow/example_dags/example_external_task_marker_dag.py
[2024-09-05T00:34:57.201+0000] {processor.py:925} INFO - DAG(s) 'example_external_task_marker_parent', 'example_external_task_marker_child' retrieved from /home/airflow/.local/lib/python3.12/site-packages/airflow/example_dags/example_external_task_marker_dag.py
[2024-09-05T00:34:58.637+0000] {logging_mixin.py:190} INFO - [2024-09-05T00:34:58.634+0000] {dag.py:3211} INFO - Sync 2 DAGs
[2024-09-05T00:34:59.542+0000] {logging_mixin.py:190} INFO - [2024-09-05T00:34:59.541+0000] {dag.py:4138} INFO - Setting next_dagrun for example_external_task_marker_child to None, run_after=None
[2024-09-05T00:35:00.970+0000] {logging_mixin.py:190} INFO - [2024-09-05T00:35:00.959+0000] {dag.py:4138} INFO - Setting next_dagrun for example_external_task_marker_parent to None, run_after=None
[2024-09-05T00:35:02.758+0000] {processor.py:208} INFO - Processing /home/airflow/.local/lib/python3.12/site-packages/airflow/example_dags/example_external_task_marker_dag.py took 7.768 seconds
[2024-09-05T00:36:10.988+0000] {processor.py:186} INFO - Started process (PID=392) to work on /home/airflow/.local/lib/python3.12/site-packages/airflow/example_dags/example_external_task_marker_dag.py
[2024-09-05T00:36:10.990+0000] {processor.py:914} INFO - Processing file /home/airflow/.local/lib/python3.12/site-packages/airflow/example_dags/example_external_task_marker_dag.py for tasks to queue
[2024-09-05T00:36:10.992+0000] {logging_mixin.py:190} INFO - [2024-09-05T00:36:10.992+0000] {dagbag.py:587} INFO - Filling up the DagBag from /home/airflow/.local/lib/python3.12/site-packages/airflow/example_dags/example_external_task_marker_dag.py
[2024-09-05T00:36:11.005+0000] {processor.py:925} INFO - DAG(s) 'example_external_task_marker_child', 'example_external_task_marker_parent' retrieved from /home/airflow/.local/lib/python3.12/site-packages/airflow/example_dags/example_external_task_marker_dag.py
[2024-09-05T00:36:11.047+0000] {logging_mixin.py:190} INFO - [2024-09-05T00:36:11.046+0000] {dag.py:3211} INFO - Sync 2 DAGs
[2024-09-05T00:36:11.078+0000] {logging_mixin.py:190} INFO - [2024-09-05T00:36:11.077+0000] {dag.py:4138} INFO - Setting next_dagrun for example_external_task_marker_child to None, run_after=None
[2024-09-05T00:36:11.086+0000] {logging_mixin.py:190} INFO - [2024-09-05T00:36:11.086+0000] {dag.py:4138} INFO - Setting next_dagrun for example_external_task_marker_parent to None, run_after=None
[2024-09-05T00:36:11.126+0000] {processor.py:208} INFO - Processing /home/airflow/.local/lib/python3.12/site-packages/airflow/example_dags/example_external_task_marker_dag.py took 0.148 seconds
[2024-09-05T00:36:45.271+0000] {processor.py:186} INFO - Started process (PID=455) to work on /home/airflow/.local/lib/python3.12/site-packages/airflow/example_dags/example_external_task_marker_dag.py
[2024-09-05T00:36:45.279+0000] {processor.py:914} INFO - Processing file /home/airflow/.local/lib/python3.12/site-packages/airflow/example_dags/example_external_task_marker_dag.py for tasks to queue
[2024-09-05T00:36:45.286+0000] {logging_mixin.py:190} INFO - [2024-09-05T00:36:45.284+0000] {dagbag.py:587} INFO - Filling up the DagBag from /home/airflow/.local/lib/python3.12/site-packages/airflow/example_dags/example_external_task_marker_dag.py
[2024-09-05T00:36:45.350+0000] {processor.py:925} INFO - DAG(s) 'example_external_task_marker_child', 'example_external_task_marker_parent' retrieved from /home/airflow/.local/lib/python3.12/site-packages/airflow/example_dags/example_external_task_marker_dag.py
[2024-09-05T00:36:45.494+0000] {logging_mixin.py:190} INFO - [2024-09-05T00:36:45.492+0000] {dag.py:3211} INFO - Sync 2 DAGs
[2024-09-05T00:36:45.611+0000] {logging_mixin.py:190} INFO - [2024-09-05T00:36:45.610+0000] {dag.py:4138} INFO - Setting next_dagrun for example_external_task_marker_child to None, run_after=None
[2024-09-05T00:36:45.644+0000] {logging_mixin.py:190} INFO - [2024-09-05T00:36:45.642+0000] {dag.py:4138} INFO - Setting next_dagrun for example_external_task_marker_parent to None, run_after=None
[2024-09-05T00:36:45.739+0000] {processor.py:208} INFO - Processing /home/airflow/.local/lib/python3.12/site-packages/airflow/example_dags/example_external_task_marker_dag.py took 0.516 seconds
[2024-09-05T00:37:16.628+0000] {processor.py:186} INFO - Started process (PID=518) to work on /home/airflow/.local/lib/python3.12/site-packages/airflow/example_dags/example_external_task_marker_dag.py
[2024-09-05T00:37:16.630+0000] {processor.py:914} INFO - Processing file /home/airflow/.local/lib/python3.12/site-packages/airflow/example_dags/example_external_task_marker_dag.py for tasks to queue
[2024-09-05T00:37:16.633+0000] {logging_mixin.py:190} INFO - [2024-09-05T00:37:16.633+0000] {dagbag.py:587} INFO - Filling up the DagBag from /home/airflow/.local/lib/python3.12/site-packages/airflow/example_dags/example_external_task_marker_dag.py
[2024-09-05T00:37:16.650+0000] {processor.py:925} INFO - DAG(s) 'example_external_task_marker_child', 'example_external_task_marker_parent' retrieved from /home/airflow/.local/lib/python3.12/site-packages/airflow/example_dags/example_external_task_marker_dag.py
[2024-09-05T00:37:16.699+0000] {logging_mixin.py:190} INFO - [2024-09-05T00:37:16.699+0000] {dag.py:3211} INFO - Sync 2 DAGs
[2024-09-05T00:37:16.727+0000] {logging_mixin.py:190} INFO - [2024-09-05T00:37:16.727+0000] {dag.py:4138} INFO - Setting next_dagrun for example_external_task_marker_child to None, run_after=None
[2024-09-05T00:37:16.733+0000] {logging_mixin.py:190} INFO - [2024-09-05T00:37:16.732+0000] {dag.py:4138} INFO - Setting next_dagrun for example_external_task_marker_parent to None, run_after=None
[2024-09-05T00:37:16.767+0000] {processor.py:208} INFO - Processing /home/airflow/.local/lib/python3.12/site-packages/airflow/example_dags/example_external_task_marker_dag.py took 0.147 seconds
[2024-09-05T00:37:47.202+0000] {processor.py:186} INFO - Started process (PID=581) to work on /home/airflow/.local/lib/python3.12/site-packages/airflow/example_dags/example_external_task_marker_dag.py
[2024-09-05T00:37:47.203+0000] {processor.py:914} INFO - Processing file /home/airflow/.local/lib/python3.12/site-packages/airflow/example_dags/example_external_task_marker_dag.py for tasks to queue
[2024-09-05T00:37:47.208+0000] {logging_mixin.py:190} INFO - [2024-09-05T00:37:47.207+0000] {dagbag.py:587} INFO - Filling up the DagBag from /home/airflow/.local/lib/python3.12/site-packages/airflow/example_dags/example_external_task_marker_dag.py
[2024-09-05T00:37:47.222+0000] {processor.py:925} INFO - DAG(s) 'example_external_task_marker_parent', 'example_external_task_marker_child' retrieved from /home/airflow/.local/lib/python3.12/site-packages/airflow/example_dags/example_external_task_marker_dag.py
[2024-09-05T00:37:47.276+0000] {logging_mixin.py:190} INFO - [2024-09-05T00:37:47.275+0000] {dag.py:3211} INFO - Sync 2 DAGs
[2024-09-05T00:37:47.299+0000] {logging_mixin.py:190} INFO - [2024-09-05T00:37:47.299+0000] {dag.py:4138} INFO - Setting next_dagrun for example_external_task_marker_child to None, run_after=None
[2024-09-05T00:37:47.306+0000] {logging_mixin.py:190} INFO - [2024-09-05T00:37:47.306+0000] {dag.py:4138} INFO - Setting next_dagrun for example_external_task_marker_parent to None, run_after=None
[2024-09-05T00:37:47.337+0000] {processor.py:208} INFO - Processing /home/airflow/.local/lib/python3.12/site-packages/airflow/example_dags/example_external_task_marker_dag.py took 0.144 seconds
[2024-09-05T00:38:18.082+0000] {processor.py:186} INFO - Started process (PID=644) to work on /home/airflow/.local/lib/python3.12/site-packages/airflow/example_dags/example_external_task_marker_dag.py
[2024-09-05T00:38:18.083+0000] {processor.py:914} INFO - Processing file /home/airflow/.local/lib/python3.12/site-packages/airflow/example_dags/example_external_task_marker_dag.py for tasks to queue
[2024-09-05T00:38:18.086+0000] {logging_mixin.py:190} INFO - [2024-09-05T00:38:18.085+0000] {dagbag.py:587} INFO - Filling up the DagBag from /home/airflow/.local/lib/python3.12/site-packages/airflow/example_dags/example_external_task_marker_dag.py
[2024-09-05T00:38:18.105+0000] {processor.py:925} INFO - DAG(s) 'example_external_task_marker_child', 'example_external_task_marker_parent' retrieved from /home/airflow/.local/lib/python3.12/site-packages/airflow/example_dags/example_external_task_marker_dag.py
[2024-09-05T00:38:18.153+0000] {logging_mixin.py:190} INFO - [2024-09-05T00:38:18.153+0000] {dag.py:3211} INFO - Sync 2 DAGs
[2024-09-05T00:38:18.175+0000] {logging_mixin.py:190} INFO - [2024-09-05T00:38:18.175+0000] {dag.py:4138} INFO - Setting next_dagrun for example_external_task_marker_child to None, run_after=None
[2024-09-05T00:38:18.183+0000] {logging_mixin.py:190} INFO - [2024-09-05T00:38:18.183+0000] {dag.py:4138} INFO - Setting next_dagrun for example_external_task_marker_parent to None, run_after=None
[2024-09-05T00:38:18.218+0000] {processor.py:208} INFO - Processing /home/airflow/.local/lib/python3.12/site-packages/airflow/example_dags/example_external_task_marker_dag.py took 0.147 seconds
[2024-09-05T00:38:49.094+0000] {processor.py:186} INFO - Started process (PID=713) to work on /home/airflow/.local/lib/python3.12/site-packages/airflow/example_dags/example_external_task_marker_dag.py
[2024-09-05T00:38:49.099+0000] {processor.py:914} INFO - Processing file /home/airflow/.local/lib/python3.12/site-packages/airflow/example_dags/example_external_task_marker_dag.py for tasks to queue
[2024-09-05T00:38:49.107+0000] {logging_mixin.py:190} INFO - [2024-09-05T00:38:49.103+0000] {dagbag.py:587} INFO - Filling up the DagBag from /home/airflow/.local/lib/python3.12/site-packages/airflow/example_dags/example_external_task_marker_dag.py
[2024-09-05T00:38:49.138+0000] {processor.py:925} INFO - DAG(s) 'example_external_task_marker_child', 'example_external_task_marker_parent' retrieved from /home/airflow/.local/lib/python3.12/site-packages/airflow/example_dags/example_external_task_marker_dag.py
[2024-09-05T00:38:49.245+0000] {logging_mixin.py:190} INFO - [2024-09-05T00:38:49.244+0000] {dag.py:3211} INFO - Sync 2 DAGs
[2024-09-05T00:38:49.316+0000] {logging_mixin.py:190} INFO - [2024-09-05T00:38:49.314+0000] {dag.py:4138} INFO - Setting next_dagrun for example_external_task_marker_child to None, run_after=None
[2024-09-05T00:38:49.332+0000] {logging_mixin.py:190} INFO - [2024-09-05T00:38:49.331+0000] {dag.py:4138} INFO - Setting next_dagrun for example_external_task_marker_parent to None, run_after=None
[2024-09-05T00:38:49.424+0000] {processor.py:208} INFO - Processing /home/airflow/.local/lib/python3.12/site-packages/airflow/example_dags/example_external_task_marker_dag.py took 0.363 seconds
[2024-09-05T00:39:20.728+0000] {processor.py:186} INFO - Started process (PID=776) to work on /home/airflow/.local/lib/python3.12/site-packages/airflow/example_dags/example_external_task_marker_dag.py
[2024-09-05T00:39:20.730+0000] {processor.py:914} INFO - Processing file /home/airflow/.local/lib/python3.12/site-packages/airflow/example_dags/example_external_task_marker_dag.py for tasks to queue
[2024-09-05T00:39:20.734+0000] {logging_mixin.py:190} INFO - [2024-09-05T00:39:20.733+0000] {dagbag.py:587} INFO - Filling up the DagBag from /home/airflow/.local/lib/python3.12/site-packages/airflow/example_dags/example_external_task_marker_dag.py
[2024-09-05T00:39:20.756+0000] {processor.py:925} INFO - DAG(s) 'example_external_task_marker_parent', 'example_external_task_marker_child' retrieved from /home/airflow/.local/lib/python3.12/site-packages/airflow/example_dags/example_external_task_marker_dag.py
[2024-09-05T00:39:20.830+0000] {logging_mixin.py:190} INFO - [2024-09-05T00:39:20.830+0000] {dag.py:3211} INFO - Sync 2 DAGs
[2024-09-05T00:39:20.877+0000] {logging_mixin.py:190} INFO - [2024-09-05T00:39:20.876+0000] {dag.py:4138} INFO - Setting next_dagrun for example_external_task_marker_child to None, run_after=None
[2024-09-05T00:39:20.891+0000] {logging_mixin.py:190} INFO - [2024-09-05T00:39:20.890+0000] {dag.py:4138} INFO - Setting next_dagrun for example_external_task_marker_parent to None, run_after=None
[2024-09-05T00:39:20.935+0000] {processor.py:208} INFO - Processing /home/airflow/.local/lib/python3.12/site-packages/airflow/example_dags/example_external_task_marker_dag.py took 0.228 seconds
[2024-09-05T00:39:51.610+0000] {processor.py:186} INFO - Started process (PID=839) to work on /home/airflow/.local/lib/python3.12/site-packages/airflow/example_dags/example_external_task_marker_dag.py
[2024-09-05T00:39:51.612+0000] {processor.py:914} INFO - Processing file /home/airflow/.local/lib/python3.12/site-packages/airflow/example_dags/example_external_task_marker_dag.py for tasks to queue
[2024-09-05T00:39:51.615+0000] {logging_mixin.py:190} INFO - [2024-09-05T00:39:51.614+0000] {dagbag.py:587} INFO - Filling up the DagBag from /home/airflow/.local/lib/python3.12/site-packages/airflow/example_dags/example_external_task_marker_dag.py
[2024-09-05T00:39:51.639+0000] {processor.py:925} INFO - DAG(s) 'example_external_task_marker_parent', 'example_external_task_marker_child' retrieved from /home/airflow/.local/lib/python3.12/site-packages/airflow/example_dags/example_external_task_marker_dag.py
[2024-09-05T00:39:51.708+0000] {logging_mixin.py:190} INFO - [2024-09-05T00:39:51.708+0000] {dag.py:3211} INFO - Sync 2 DAGs
[2024-09-05T00:39:51.756+0000] {logging_mixin.py:190} INFO - [2024-09-05T00:39:51.755+0000] {dag.py:4138} INFO - Setting next_dagrun for example_external_task_marker_child to None, run_after=None
[2024-09-05T00:39:51.765+0000] {logging_mixin.py:190} INFO - [2024-09-05T00:39:51.764+0000] {dag.py:4138} INFO - Setting next_dagrun for example_external_task_marker_parent to None, run_after=None
[2024-09-05T00:39:51.820+0000] {processor.py:208} INFO - Processing /home/airflow/.local/lib/python3.12/site-packages/airflow/example_dags/example_external_task_marker_dag.py took 0.226 seconds
[2024-09-05T00:40:22.849+0000] {processor.py:186} INFO - Started process (PID=902) to work on /home/airflow/.local/lib/python3.12/site-packages/airflow/example_dags/example_external_task_marker_dag.py
[2024-09-05T00:40:22.852+0000] {processor.py:914} INFO - Processing file /home/airflow/.local/lib/python3.12/site-packages/airflow/example_dags/example_external_task_marker_dag.py for tasks to queue
[2024-09-05T00:40:22.856+0000] {logging_mixin.py:190} INFO - [2024-09-05T00:40:22.855+0000] {dagbag.py:587} INFO - Filling up the DagBag from /home/airflow/.local/lib/python3.12/site-packages/airflow/example_dags/example_external_task_marker_dag.py
[2024-09-05T00:40:22.885+0000] {processor.py:925} INFO - DAG(s) 'example_external_task_marker_parent', 'example_external_task_marker_child' retrieved from /home/airflow/.local/lib/python3.12/site-packages/airflow/example_dags/example_external_task_marker_dag.py
[2024-09-05T00:40:22.945+0000] {logging_mixin.py:190} INFO - [2024-09-05T00:40:22.945+0000] {dag.py:3211} INFO - Sync 2 DAGs
[2024-09-05T00:40:22.995+0000] {logging_mixin.py:190} INFO - [2024-09-05T00:40:22.994+0000] {dag.py:4138} INFO - Setting next_dagrun for example_external_task_marker_child to None, run_after=None
[2024-09-05T00:40:23.003+0000] {logging_mixin.py:190} INFO - [2024-09-05T00:40:23.003+0000] {dag.py:4138} INFO - Setting next_dagrun for example_external_task_marker_parent to None, run_after=None
[2024-09-05T00:40:23.061+0000] {processor.py:208} INFO - Processing /home/airflow/.local/lib/python3.12/site-packages/airflow/example_dags/example_external_task_marker_dag.py took 0.232 seconds
