[2024-09-05T00:04:01.681+0000] {processor.py:186} INFO - Started process (PID=87) to work on /home/airflow/.local/lib/python3.12/site-packages/airflow/example_dags/example_display_name.py
[2024-09-05T00:04:01.683+0000] {processor.py:914} INFO - Processing file /home/airflow/.local/lib/python3.12/site-packages/airflow/example_dags/example_display_name.py for tasks to queue
[2024-09-05T00:04:01.696+0000] {logging_mixin.py:190} INFO - [2024-09-05T00:04:01.694+0000] {dagbag.py:587} INFO - Filling up the DagBag from /home/airflow/.local/lib/python3.12/site-packages/airflow/example_dags/example_display_name.py
[2024-09-05T00:04:01.747+0000] {processor.py:925} INFO - DAG(s) 'example_display_name' retrieved from /home/airflow/.local/lib/python3.12/site-packages/airflow/example_dags/example_display_name.py
[2024-09-05T00:04:02.429+0000] {logging_mixin.py:190} INFO - [2024-09-05T00:04:02.426+0000] {override.py:1858} INFO - Created Permission View: can delete on DAG:example_display_name
[2024-09-05T00:04:02.502+0000] {logging_mixin.py:190} INFO - [2024-09-05T00:04:02.501+0000] {override.py:1858} INFO - Created Permission View: can read on DAG:example_display_name
[2024-09-05T00:04:02.546+0000] {logging_mixin.py:190} INFO - [2024-09-05T00:04:02.545+0000] {override.py:1858} INFO - Created Permission View: can edit on DAG:example_display_name
[2024-09-05T00:04:02.550+0000] {logging_mixin.py:190} INFO - [2024-09-05T00:04:02.548+0000] {dag.py:3211} INFO - Sync 1 DAGs
[2024-09-05T00:04:02.848+0000] {logging_mixin.py:190} INFO - [2024-09-05T00:04:02.847+0000] {dag.py:3234} INFO - Creating ORM DAG for example_display_name
[2024-09-05T00:04:02.852+0000] {logging_mixin.py:190} INFO - [2024-09-05T00:04:02.851+0000] {dag.py:4138} INFO - Setting next_dagrun for example_display_name to None, run_after=None
[2024-09-05T00:04:03.023+0000] {processor.py:208} INFO - Processing /home/airflow/.local/lib/python3.12/site-packages/airflow/example_dags/example_display_name.py took 1.386 seconds
[2024-09-05T00:04:35.305+0000] {processor.py:186} INFO - Started process (PID=149) to work on /home/airflow/.local/lib/python3.12/site-packages/airflow/example_dags/example_display_name.py
[2024-09-05T00:04:35.309+0000] {processor.py:914} INFO - Processing file /home/airflow/.local/lib/python3.12/site-packages/airflow/example_dags/example_display_name.py for tasks to queue
[2024-09-05T00:04:35.315+0000] {logging_mixin.py:190} INFO - [2024-09-05T00:04:35.314+0000] {dagbag.py:587} INFO - Filling up the DagBag from /home/airflow/.local/lib/python3.12/site-packages/airflow/example_dags/example_display_name.py
[2024-09-05T00:04:35.367+0000] {processor.py:925} INFO - DAG(s) 'example_display_name' retrieved from /home/airflow/.local/lib/python3.12/site-packages/airflow/example_dags/example_display_name.py
[2024-09-05T00:04:35.528+0000] {logging_mixin.py:190} INFO - [2024-09-05T00:04:35.527+0000] {dag.py:3211} INFO - Sync 1 DAGs
[2024-09-05T00:04:35.657+0000] {logging_mixin.py:190} INFO - [2024-09-05T00:04:35.657+0000] {dag.py:4138} INFO - Setting next_dagrun for example_display_name to None, run_after=None
[2024-09-05T00:04:35.761+0000] {processor.py:208} INFO - Processing /home/airflow/.local/lib/python3.12/site-packages/airflow/example_dags/example_display_name.py took 0.490 seconds
[2024-09-05T00:05:11.921+0000] {processor.py:186} INFO - Started process (PID=211) to work on /home/airflow/.local/lib/python3.12/site-packages/airflow/example_dags/example_display_name.py
[2024-09-05T00:05:11.925+0000] {processor.py:914} INFO - Processing file /home/airflow/.local/lib/python3.12/site-packages/airflow/example_dags/example_display_name.py for tasks to queue
[2024-09-05T00:05:11.929+0000] {logging_mixin.py:190} INFO - [2024-09-05T00:05:11.928+0000] {dagbag.py:587} INFO - Filling up the DagBag from /home/airflow/.local/lib/python3.12/site-packages/airflow/example_dags/example_display_name.py
[2024-09-05T00:05:11.966+0000] {processor.py:925} INFO - DAG(s) 'example_display_name' retrieved from /home/airflow/.local/lib/python3.12/site-packages/airflow/example_dags/example_display_name.py
[2024-09-05T00:05:12.051+0000] {logging_mixin.py:190} INFO - [2024-09-05T00:05:12.050+0000] {dag.py:3211} INFO - Sync 1 DAGs
[2024-09-05T00:05:12.123+0000] {logging_mixin.py:190} INFO - [2024-09-05T00:05:12.122+0000] {dag.py:4138} INFO - Setting next_dagrun for example_display_name to None, run_after=None
[2024-09-05T00:05:12.222+0000] {processor.py:208} INFO - Processing /home/airflow/.local/lib/python3.12/site-packages/airflow/example_dags/example_display_name.py took 0.328 seconds
[2024-09-05T00:13:04.247+0000] {processor.py:186} INFO - Started process (PID=80) to work on /home/airflow/.local/lib/python3.12/site-packages/airflow/example_dags/example_display_name.py
[2024-09-05T00:13:04.289+0000] {processor.py:914} INFO - Processing file /home/airflow/.local/lib/python3.12/site-packages/airflow/example_dags/example_display_name.py for tasks to queue
[2024-09-05T00:13:04.417+0000] {logging_mixin.py:190} INFO - [2024-09-05T00:13:04.370+0000] {dagbag.py:587} INFO - Filling up the DagBag from /home/airflow/.local/lib/python3.12/site-packages/airflow/example_dags/example_display_name.py
[2024-09-05T00:13:04.871+0000] {processor.py:925} INFO - DAG(s) 'example_display_name' retrieved from /home/airflow/.local/lib/python3.12/site-packages/airflow/example_dags/example_display_name.py
[2024-09-05T00:13:05.058+0000] {logging_mixin.py:190} INFO - [2024-09-05T00:13:05.056+0000] {dag.py:3211} INFO - Sync 1 DAGs
[2024-09-05T00:13:05.277+0000] {logging_mixin.py:190} INFO - [2024-09-05T00:13:05.276+0000] {dag.py:4138} INFO - Setting next_dagrun for example_display_name to None, run_after=None
[2024-09-05T00:13:05.469+0000] {processor.py:208} INFO - Processing /home/airflow/.local/lib/python3.12/site-packages/airflow/example_dags/example_display_name.py took 1.374 seconds
[2024-09-05T00:13:47.687+0000] {processor.py:186} INFO - Started process (PID=143) to work on /home/airflow/.local/lib/python3.12/site-packages/airflow/example_dags/example_display_name.py
[2024-09-05T00:13:47.689+0000] {processor.py:914} INFO - Processing file /home/airflow/.local/lib/python3.12/site-packages/airflow/example_dags/example_display_name.py for tasks to queue
[2024-09-05T00:13:47.692+0000] {logging_mixin.py:190} INFO - [2024-09-05T00:13:47.692+0000] {dagbag.py:587} INFO - Filling up the DagBag from /home/airflow/.local/lib/python3.12/site-packages/airflow/example_dags/example_display_name.py
[2024-09-05T00:13:47.708+0000] {processor.py:925} INFO - DAG(s) 'example_display_name' retrieved from /home/airflow/.local/lib/python3.12/site-packages/airflow/example_dags/example_display_name.py
[2024-09-05T00:13:47.764+0000] {logging_mixin.py:190} INFO - [2024-09-05T00:13:47.763+0000] {dag.py:3211} INFO - Sync 1 DAGs
[2024-09-05T00:13:47.810+0000] {logging_mixin.py:190} INFO - [2024-09-05T00:13:47.810+0000] {dag.py:4138} INFO - Setting next_dagrun for example_display_name to None, run_after=None
[2024-09-05T00:13:47.872+0000] {processor.py:208} INFO - Processing /home/airflow/.local/lib/python3.12/site-packages/airflow/example_dags/example_display_name.py took 0.204 seconds
[2024-09-05T00:14:25.279+0000] {processor.py:186} INFO - Started process (PID=196) to work on /home/airflow/.local/lib/python3.12/site-packages/airflow/example_dags/example_display_name.py
[2024-09-05T00:14:25.291+0000] {processor.py:914} INFO - Processing file /home/airflow/.local/lib/python3.12/site-packages/airflow/example_dags/example_display_name.py for tasks to queue
[2024-09-05T00:14:25.298+0000] {logging_mixin.py:190} INFO - [2024-09-05T00:14:25.297+0000] {dagbag.py:587} INFO - Filling up the DagBag from /home/airflow/.local/lib/python3.12/site-packages/airflow/example_dags/example_display_name.py
[2024-09-05T00:14:25.352+0000] {processor.py:925} INFO - DAG(s) 'example_display_name' retrieved from /home/airflow/.local/lib/python3.12/site-packages/airflow/example_dags/example_display_name.py
[2024-09-05T00:14:25.524+0000] {logging_mixin.py:190} INFO - [2024-09-05T00:14:25.523+0000] {dag.py:3211} INFO - Sync 1 DAGs
[2024-09-05T00:14:25.688+0000] {logging_mixin.py:190} INFO - [2024-09-05T00:14:25.687+0000] {dag.py:4138} INFO - Setting next_dagrun for example_display_name to None, run_after=None
[2024-09-05T00:14:25.971+0000] {processor.py:208} INFO - Processing /home/airflow/.local/lib/python3.12/site-packages/airflow/example_dags/example_display_name.py took 0.728 seconds
[2024-09-05T00:14:56.135+0000] {processor.py:186} INFO - Started process (PID=271) to work on /home/airflow/.local/lib/python3.12/site-packages/airflow/example_dags/example_display_name.py
[2024-09-05T00:14:56.141+0000] {processor.py:914} INFO - Processing file /home/airflow/.local/lib/python3.12/site-packages/airflow/example_dags/example_display_name.py for tasks to queue
[2024-09-05T00:14:56.145+0000] {logging_mixin.py:190} INFO - [2024-09-05T00:14:56.144+0000] {dagbag.py:587} INFO - Filling up the DagBag from /home/airflow/.local/lib/python3.12/site-packages/airflow/example_dags/example_display_name.py
[2024-09-05T00:14:56.178+0000] {processor.py:925} INFO - DAG(s) 'example_display_name' retrieved from /home/airflow/.local/lib/python3.12/site-packages/airflow/example_dags/example_display_name.py
[2024-09-05T00:14:56.266+0000] {logging_mixin.py:190} INFO - [2024-09-05T00:14:56.265+0000] {dag.py:3211} INFO - Sync 1 DAGs
[2024-09-05T00:14:56.343+0000] {logging_mixin.py:190} INFO - [2024-09-05T00:14:56.342+0000] {dag.py:4138} INFO - Setting next_dagrun for example_display_name to None, run_after=None
[2024-09-05T00:14:56.468+0000] {processor.py:208} INFO - Processing /home/airflow/.local/lib/python3.12/site-packages/airflow/example_dags/example_display_name.py took 0.364 seconds
[2024-09-05T00:32:26.294+0000] {processor.py:186} INFO - Started process (PID=100) to work on /home/airflow/.local/lib/python3.12/site-packages/airflow/example_dags/example_display_name.py
[2024-09-05T00:32:26.318+0000] {processor.py:914} INFO - Processing file /home/airflow/.local/lib/python3.12/site-packages/airflow/example_dags/example_display_name.py for tasks to queue
[2024-09-05T00:32:26.336+0000] {logging_mixin.py:190} INFO - [2024-09-05T00:32:26.331+0000] {dagbag.py:587} INFO - Filling up the DagBag from /home/airflow/.local/lib/python3.12/site-packages/airflow/example_dags/example_display_name.py
[2024-09-05T00:32:26.570+0000] {processor.py:925} INFO - DAG(s) 'example_display_name' retrieved from /home/airflow/.local/lib/python3.12/site-packages/airflow/example_dags/example_display_name.py
[2024-09-05T00:32:26.807+0000] {logging_mixin.py:190} INFO - [2024-09-05T00:32:26.805+0000] {dag.py:3211} INFO - Sync 1 DAGs
[2024-09-05T00:32:27.062+0000] {logging_mixin.py:190} INFO - [2024-09-05T00:32:27.061+0000] {dag.py:4138} INFO - Setting next_dagrun for example_display_name to None, run_after=None
[2024-09-05T00:32:27.185+0000] {processor.py:208} INFO - Processing /home/airflow/.local/lib/python3.12/site-packages/airflow/example_dags/example_display_name.py took 1.106 seconds
[2024-09-05T00:32:57.537+0000] {processor.py:186} INFO - Started process (PID=163) to work on /home/airflow/.local/lib/python3.12/site-packages/airflow/example_dags/example_display_name.py
[2024-09-05T00:32:57.544+0000] {processor.py:914} INFO - Processing file /home/airflow/.local/lib/python3.12/site-packages/airflow/example_dags/example_display_name.py for tasks to queue
[2024-09-05T00:32:57.555+0000] {logging_mixin.py:190} INFO - [2024-09-05T00:32:57.554+0000] {dagbag.py:587} INFO - Filling up the DagBag from /home/airflow/.local/lib/python3.12/site-packages/airflow/example_dags/example_display_name.py
[2024-09-05T00:32:57.601+0000] {processor.py:925} INFO - DAG(s) 'example_display_name' retrieved from /home/airflow/.local/lib/python3.12/site-packages/airflow/example_dags/example_display_name.py
[2024-09-05T00:32:57.711+0000] {logging_mixin.py:190} INFO - [2024-09-05T00:32:57.710+0000] {dag.py:3211} INFO - Sync 1 DAGs
[2024-09-05T00:32:57.835+0000] {logging_mixin.py:190} INFO - [2024-09-05T00:32:57.834+0000] {dag.py:4138} INFO - Setting next_dagrun for example_display_name to None, run_after=None
[2024-09-05T00:32:58.038+0000] {processor.py:208} INFO - Processing /home/airflow/.local/lib/python3.12/site-packages/airflow/example_dags/example_display_name.py took 0.529 seconds
[2024-09-05T00:33:28.511+0000] {processor.py:186} INFO - Started process (PID=226) to work on /home/airflow/.local/lib/python3.12/site-packages/airflow/example_dags/example_display_name.py
[2024-09-05T00:33:28.513+0000] {processor.py:914} INFO - Processing file /home/airflow/.local/lib/python3.12/site-packages/airflow/example_dags/example_display_name.py for tasks to queue
[2024-09-05T00:33:28.521+0000] {logging_mixin.py:190} INFO - [2024-09-05T00:33:28.521+0000] {dagbag.py:587} INFO - Filling up the DagBag from /home/airflow/.local/lib/python3.12/site-packages/airflow/example_dags/example_display_name.py
[2024-09-05T00:33:28.555+0000] {processor.py:925} INFO - DAG(s) 'example_display_name' retrieved from /home/airflow/.local/lib/python3.12/site-packages/airflow/example_dags/example_display_name.py
[2024-09-05T00:33:28.725+0000] {logging_mixin.py:190} INFO - [2024-09-05T00:33:28.725+0000] {dag.py:3211} INFO - Sync 1 DAGs
[2024-09-05T00:33:28.791+0000] {logging_mixin.py:190} INFO - [2024-09-05T00:33:28.790+0000] {dag.py:4138} INFO - Setting next_dagrun for example_display_name to None, run_after=None
[2024-09-05T00:33:28.882+0000] {processor.py:208} INFO - Processing /home/airflow/.local/lib/python3.12/site-packages/airflow/example_dags/example_display_name.py took 0.387 seconds
[2024-09-05T00:34:01.689+0000] {processor.py:186} INFO - Started process (PID=289) to work on /home/airflow/.local/lib/python3.12/site-packages/airflow/example_dags/example_display_name.py
[2024-09-05T00:34:01.718+0000] {processor.py:914} INFO - Processing file /home/airflow/.local/lib/python3.12/site-packages/airflow/example_dags/example_display_name.py for tasks to queue
[2024-09-05T00:34:01.742+0000] {logging_mixin.py:190} INFO - [2024-09-05T00:34:01.739+0000] {dagbag.py:587} INFO - Filling up the DagBag from /home/airflow/.local/lib/python3.12/site-packages/airflow/example_dags/example_display_name.py
[2024-09-05T00:34:01.951+0000] {processor.py:925} INFO - DAG(s) 'example_display_name' retrieved from /home/airflow/.local/lib/python3.12/site-packages/airflow/example_dags/example_display_name.py
[2024-09-05T00:34:02.541+0000] {logging_mixin.py:190} INFO - [2024-09-05T00:34:02.531+0000] {dag.py:3211} INFO - Sync 1 DAGs
[2024-09-05T00:34:03.318+0000] {logging_mixin.py:190} INFO - [2024-09-05T00:34:03.315+0000] {dag.py:4138} INFO - Setting next_dagrun for example_display_name to None, run_after=None
[2024-09-05T00:34:05.246+0000] {processor.py:208} INFO - Processing /home/airflow/.local/lib/python3.12/site-packages/airflow/example_dags/example_display_name.py took 3.671 seconds
[2024-09-05T00:36:07.416+0000] {processor.py:186} INFO - Started process (PID=370) to work on /home/airflow/.local/lib/python3.12/site-packages/airflow/example_dags/example_display_name.py
[2024-09-05T00:36:07.419+0000] {processor.py:914} INFO - Processing file /home/airflow/.local/lib/python3.12/site-packages/airflow/example_dags/example_display_name.py for tasks to queue
[2024-09-05T00:36:07.424+0000] {logging_mixin.py:190} INFO - [2024-09-05T00:36:07.422+0000] {dagbag.py:587} INFO - Filling up the DagBag from /home/airflow/.local/lib/python3.12/site-packages/airflow/example_dags/example_display_name.py
[2024-09-05T00:36:07.446+0000] {processor.py:925} INFO - DAG(s) 'example_display_name' retrieved from /home/airflow/.local/lib/python3.12/site-packages/airflow/example_dags/example_display_name.py
[2024-09-05T00:36:07.504+0000] {logging_mixin.py:190} INFO - [2024-09-05T00:36:07.504+0000] {dag.py:3211} INFO - Sync 1 DAGs
[2024-09-05T00:36:07.543+0000] {logging_mixin.py:190} INFO - [2024-09-05T00:36:07.543+0000] {dag.py:4138} INFO - Setting next_dagrun for example_display_name to None, run_after=None
[2024-09-05T00:36:07.597+0000] {processor.py:208} INFO - Processing /home/airflow/.local/lib/python3.12/site-packages/airflow/example_dags/example_display_name.py took 0.204 seconds
[2024-09-05T00:36:37.836+0000] {processor.py:186} INFO - Started process (PID=433) to work on /home/airflow/.local/lib/python3.12/site-packages/airflow/example_dags/example_display_name.py
[2024-09-05T00:36:37.838+0000] {processor.py:914} INFO - Processing file /home/airflow/.local/lib/python3.12/site-packages/airflow/example_dags/example_display_name.py for tasks to queue
[2024-09-05T00:36:37.840+0000] {logging_mixin.py:190} INFO - [2024-09-05T00:36:37.839+0000] {dagbag.py:587} INFO - Filling up the DagBag from /home/airflow/.local/lib/python3.12/site-packages/airflow/example_dags/example_display_name.py
[2024-09-05T00:36:37.852+0000] {processor.py:925} INFO - DAG(s) 'example_display_name' retrieved from /home/airflow/.local/lib/python3.12/site-packages/airflow/example_dags/example_display_name.py
[2024-09-05T00:36:37.913+0000] {logging_mixin.py:190} INFO - [2024-09-05T00:36:37.911+0000] {dag.py:3211} INFO - Sync 1 DAGs
[2024-09-05T00:36:37.954+0000] {logging_mixin.py:190} INFO - [2024-09-05T00:36:37.953+0000] {dag.py:4138} INFO - Setting next_dagrun for example_display_name to None, run_after=None
[2024-09-05T00:36:38.031+0000] {processor.py:208} INFO - Processing /home/airflow/.local/lib/python3.12/site-packages/airflow/example_dags/example_display_name.py took 0.213 seconds
[2024-09-05T00:37:10.502+0000] {processor.py:186} INFO - Started process (PID=496) to work on /home/airflow/.local/lib/python3.12/site-packages/airflow/example_dags/example_display_name.py
[2024-09-05T00:37:10.504+0000] {processor.py:914} INFO - Processing file /home/airflow/.local/lib/python3.12/site-packages/airflow/example_dags/example_display_name.py for tasks to queue
[2024-09-05T00:37:10.506+0000] {logging_mixin.py:190} INFO - [2024-09-05T00:37:10.506+0000] {dagbag.py:587} INFO - Filling up the DagBag from /home/airflow/.local/lib/python3.12/site-packages/airflow/example_dags/example_display_name.py
[2024-09-05T00:37:10.526+0000] {processor.py:925} INFO - DAG(s) 'example_display_name' retrieved from /home/airflow/.local/lib/python3.12/site-packages/airflow/example_dags/example_display_name.py
[2024-09-05T00:37:10.593+0000] {logging_mixin.py:190} INFO - [2024-09-05T00:37:10.592+0000] {dag.py:3211} INFO - Sync 1 DAGs
[2024-09-05T00:37:10.631+0000] {logging_mixin.py:190} INFO - [2024-09-05T00:37:10.630+0000] {dag.py:4138} INFO - Setting next_dagrun for example_display_name to None, run_after=None
[2024-09-05T00:37:10.672+0000] {processor.py:208} INFO - Processing /home/airflow/.local/lib/python3.12/site-packages/airflow/example_dags/example_display_name.py took 0.188 seconds
[2024-09-05T00:37:40.886+0000] {processor.py:186} INFO - Started process (PID=559) to work on /home/airflow/.local/lib/python3.12/site-packages/airflow/example_dags/example_display_name.py
[2024-09-05T00:37:40.888+0000] {processor.py:914} INFO - Processing file /home/airflow/.local/lib/python3.12/site-packages/airflow/example_dags/example_display_name.py for tasks to queue
[2024-09-05T00:37:40.891+0000] {logging_mixin.py:190} INFO - [2024-09-05T00:37:40.891+0000] {dagbag.py:587} INFO - Filling up the DagBag from /home/airflow/.local/lib/python3.12/site-packages/airflow/example_dags/example_display_name.py
[2024-09-05T00:37:40.908+0000] {processor.py:925} INFO - DAG(s) 'example_display_name' retrieved from /home/airflow/.local/lib/python3.12/site-packages/airflow/example_dags/example_display_name.py
[2024-09-05T00:37:40.949+0000] {logging_mixin.py:190} INFO - [2024-09-05T00:37:40.948+0000] {dag.py:3211} INFO - Sync 1 DAGs
[2024-09-05T00:37:41.006+0000] {logging_mixin.py:190} INFO - [2024-09-05T00:37:41.006+0000] {dag.py:4138} INFO - Setting next_dagrun for example_display_name to None, run_after=None
[2024-09-05T00:37:41.060+0000] {processor.py:208} INFO - Processing /home/airflow/.local/lib/python3.12/site-packages/airflow/example_dags/example_display_name.py took 0.186 seconds
[2024-09-05T00:38:11.950+0000] {processor.py:186} INFO - Started process (PID=622) to work on /home/airflow/.local/lib/python3.12/site-packages/airflow/example_dags/example_display_name.py
[2024-09-05T00:38:11.952+0000] {processor.py:914} INFO - Processing file /home/airflow/.local/lib/python3.12/site-packages/airflow/example_dags/example_display_name.py for tasks to queue
[2024-09-05T00:38:11.955+0000] {logging_mixin.py:190} INFO - [2024-09-05T00:38:11.954+0000] {dagbag.py:587} INFO - Filling up the DagBag from /home/airflow/.local/lib/python3.12/site-packages/airflow/example_dags/example_display_name.py
[2024-09-05T00:38:11.974+0000] {processor.py:925} INFO - DAG(s) 'example_display_name' retrieved from /home/airflow/.local/lib/python3.12/site-packages/airflow/example_dags/example_display_name.py
[2024-09-05T00:38:12.042+0000] {logging_mixin.py:190} INFO - [2024-09-05T00:38:12.041+0000] {dag.py:3211} INFO - Sync 1 DAGs
[2024-09-05T00:38:12.107+0000] {logging_mixin.py:190} INFO - [2024-09-05T00:38:12.106+0000] {dag.py:4138} INFO - Setting next_dagrun for example_display_name to None, run_after=None
[2024-09-05T00:38:12.147+0000] {processor.py:208} INFO - Processing /home/airflow/.local/lib/python3.12/site-packages/airflow/example_dags/example_display_name.py took 0.213 seconds
[2024-09-05T00:38:42.728+0000] {processor.py:186} INFO - Started process (PID=685) to work on /home/airflow/.local/lib/python3.12/site-packages/airflow/example_dags/example_display_name.py
[2024-09-05T00:38:42.732+0000] {processor.py:914} INFO - Processing file /home/airflow/.local/lib/python3.12/site-packages/airflow/example_dags/example_display_name.py for tasks to queue
[2024-09-05T00:38:42.735+0000] {logging_mixin.py:190} INFO - [2024-09-05T00:38:42.734+0000] {dagbag.py:587} INFO - Filling up the DagBag from /home/airflow/.local/lib/python3.12/site-packages/airflow/example_dags/example_display_name.py
[2024-09-05T00:38:42.781+0000] {processor.py:925} INFO - DAG(s) 'example_display_name' retrieved from /home/airflow/.local/lib/python3.12/site-packages/airflow/example_dags/example_display_name.py
[2024-09-05T00:38:42.861+0000] {logging_mixin.py:190} INFO - [2024-09-05T00:38:42.860+0000] {dag.py:3211} INFO - Sync 1 DAGs
[2024-09-05T00:38:42.951+0000] {logging_mixin.py:190} INFO - [2024-09-05T00:38:42.950+0000] {dag.py:4138} INFO - Setting next_dagrun for example_display_name to None, run_after=None
[2024-09-05T00:38:43.045+0000] {processor.py:208} INFO - Processing /home/airflow/.local/lib/python3.12/site-packages/airflow/example_dags/example_display_name.py took 0.351 seconds
[2024-09-05T00:39:13.667+0000] {processor.py:186} INFO - Started process (PID=747) to work on /home/airflow/.local/lib/python3.12/site-packages/airflow/example_dags/example_display_name.py
[2024-09-05T00:39:13.669+0000] {processor.py:914} INFO - Processing file /home/airflow/.local/lib/python3.12/site-packages/airflow/example_dags/example_display_name.py for tasks to queue
[2024-09-05T00:39:13.671+0000] {logging_mixin.py:190} INFO - [2024-09-05T00:39:13.671+0000] {dagbag.py:587} INFO - Filling up the DagBag from /home/airflow/.local/lib/python3.12/site-packages/airflow/example_dags/example_display_name.py
[2024-09-05T00:39:13.691+0000] {processor.py:925} INFO - DAG(s) 'example_display_name' retrieved from /home/airflow/.local/lib/python3.12/site-packages/airflow/example_dags/example_display_name.py
[2024-09-05T00:39:13.744+0000] {logging_mixin.py:190} INFO - [2024-09-05T00:39:13.744+0000] {dag.py:3211} INFO - Sync 1 DAGs
[2024-09-05T00:39:13.778+0000] {logging_mixin.py:190} INFO - [2024-09-05T00:39:13.777+0000] {dag.py:4138} INFO - Setting next_dagrun for example_display_name to None, run_after=None
[2024-09-05T00:39:13.828+0000] {processor.py:208} INFO - Processing /home/airflow/.local/lib/python3.12/site-packages/airflow/example_dags/example_display_name.py took 0.174 seconds
[2024-09-05T00:39:44.387+0000] {processor.py:186} INFO - Started process (PID=811) to work on /home/airflow/.local/lib/python3.12/site-packages/airflow/example_dags/example_display_name.py
[2024-09-05T00:39:44.389+0000] {processor.py:914} INFO - Processing file /home/airflow/.local/lib/python3.12/site-packages/airflow/example_dags/example_display_name.py for tasks to queue
[2024-09-05T00:39:44.393+0000] {logging_mixin.py:190} INFO - [2024-09-05T00:39:44.392+0000] {dagbag.py:587} INFO - Filling up the DagBag from /home/airflow/.local/lib/python3.12/site-packages/airflow/example_dags/example_display_name.py
[2024-09-05T00:39:44.420+0000] {processor.py:925} INFO - DAG(s) 'example_display_name' retrieved from /home/airflow/.local/lib/python3.12/site-packages/airflow/example_dags/example_display_name.py
[2024-09-05T00:39:44.481+0000] {logging_mixin.py:190} INFO - [2024-09-05T00:39:44.479+0000] {dag.py:3211} INFO - Sync 1 DAGs
[2024-09-05T00:39:44.513+0000] {logging_mixin.py:190} INFO - [2024-09-05T00:39:44.513+0000] {dag.py:4138} INFO - Setting next_dagrun for example_display_name to None, run_after=None
[2024-09-05T00:39:44.570+0000] {processor.py:208} INFO - Processing /home/airflow/.local/lib/python3.12/site-packages/airflow/example_dags/example_display_name.py took 0.212 seconds
[2024-09-05T00:40:17.163+0000] {processor.py:186} INFO - Started process (PID=874) to work on /home/airflow/.local/lib/python3.12/site-packages/airflow/example_dags/example_display_name.py
[2024-09-05T00:40:17.166+0000] {processor.py:914} INFO - Processing file /home/airflow/.local/lib/python3.12/site-packages/airflow/example_dags/example_display_name.py for tasks to queue
[2024-09-05T00:40:17.179+0000] {logging_mixin.py:190} INFO - [2024-09-05T00:40:17.178+0000] {dagbag.py:587} INFO - Filling up the DagBag from /home/airflow/.local/lib/python3.12/site-packages/airflow/example_dags/example_display_name.py
[2024-09-05T00:40:17.213+0000] {processor.py:925} INFO - DAG(s) 'example_display_name' retrieved from /home/airflow/.local/lib/python3.12/site-packages/airflow/example_dags/example_display_name.py
[2024-09-05T00:40:17.289+0000] {logging_mixin.py:190} INFO - [2024-09-05T00:40:17.288+0000] {dag.py:3211} INFO - Sync 1 DAGs
[2024-09-05T00:40:17.349+0000] {logging_mixin.py:190} INFO - [2024-09-05T00:40:17.348+0000] {dag.py:4138} INFO - Setting next_dagrun for example_display_name to None, run_after=None
[2024-09-05T00:40:17.443+0000] {processor.py:208} INFO - Processing /home/airflow/.local/lib/python3.12/site-packages/airflow/example_dags/example_display_name.py took 0.302 seconds
[2024-09-05T00:41:12.712+0000] {processor.py:186} INFO - Started process (PID=942) to work on /home/airflow/.local/lib/python3.12/site-packages/airflow/example_dags/example_display_name.py
[2024-09-05T00:41:12.744+0000] {processor.py:914} INFO - Processing file /home/airflow/.local/lib/python3.12/site-packages/airflow/example_dags/example_display_name.py for tasks to queue
[2024-09-05T00:41:12.825+0000] {logging_mixin.py:190} INFO - [2024-09-05T00:41:12.807+0000] {dagbag.py:587} INFO - Filling up the DagBag from /home/airflow/.local/lib/python3.12/site-packages/airflow/example_dags/example_display_name.py
[2024-09-05T00:41:13.195+0000] {processor.py:925} INFO - DAG(s) 'example_display_name' retrieved from /home/airflow/.local/lib/python3.12/site-packages/airflow/example_dags/example_display_name.py
[2024-09-05T00:41:13.771+0000] {logging_mixin.py:190} INFO - [2024-09-05T00:41:13.760+0000] {dag.py:3211} INFO - Sync 1 DAGs
[2024-09-05T00:41:15.262+0000] {logging_mixin.py:190} INFO - [2024-09-05T00:41:15.261+0000] {dag.py:4138} INFO - Setting next_dagrun for example_display_name to None, run_after=None
[2024-09-05T00:41:16.913+0000] {processor.py:208} INFO - Processing /home/airflow/.local/lib/python3.12/site-packages/airflow/example_dags/example_display_name.py took 4.414 seconds
