[2024-09-05T00:03:57.753+0000] {processor.py:186} INFO - Started process (PID=83) to work on /home/airflow/.local/lib/python3.12/site-packages/airflow/example_dags/example_dag_decorator.py
[2024-09-05T00:03:57.767+0000] {processor.py:914} INFO - Processing file /home/airflow/.local/lib/python3.12/site-packages/airflow/example_dags/example_dag_decorator.py for tasks to queue
[2024-09-05T00:03:57.818+0000] {logging_mixin.py:190} INFO - [2024-09-05T00:03:57.816+0000] {dagbag.py:587} INFO - Filling up the DagBag from /home/airflow/.local/lib/python3.12/site-packages/airflow/example_dags/example_dag_decorator.py
[2024-09-05T00:03:58.179+0000] {processor.py:925} INFO - DAG(s) 'example_dag_decorator' retrieved from /home/airflow/.local/lib/python3.12/site-packages/airflow/example_dags/example_dag_decorator.py
[2024-09-05T00:03:59.443+0000] {logging_mixin.py:190} INFO - [2024-09-05T00:03:59.439+0000] {override.py:1858} INFO - Created Permission View: can delete on DAG:example_dag_decorator
[2024-09-05T00:03:59.509+0000] {logging_mixin.py:190} INFO - [2024-09-05T00:03:59.508+0000] {override.py:1858} INFO - Created Permission View: can read on DAG:example_dag_decorator
[2024-09-05T00:03:59.545+0000] {logging_mixin.py:190} INFO - [2024-09-05T00:03:59.540+0000] {override.py:1858} INFO - Created Permission View: can edit on DAG:example_dag_decorator
[2024-09-05T00:03:59.548+0000] {logging_mixin.py:190} INFO - [2024-09-05T00:03:59.547+0000] {dag.py:3211} INFO - Sync 1 DAGs
[2024-09-05T00:03:59.676+0000] {logging_mixin.py:190} INFO - [2024-09-05T00:03:59.675+0000] {dag.py:3234} INFO - Creating ORM DAG for example_dag_decorator
[2024-09-05T00:03:59.680+0000] {logging_mixin.py:190} INFO - [2024-09-05T00:03:59.680+0000] {dag.py:4138} INFO - Setting next_dagrun for example_dag_decorator to None, run_after=None
[2024-09-05T00:03:59.851+0000] {processor.py:208} INFO - Processing /home/airflow/.local/lib/python3.12/site-packages/airflow/example_dags/example_dag_decorator.py took 2.155 seconds
[2024-09-05T00:04:32.813+0000] {processor.py:186} INFO - Started process (PID=145) to work on /home/airflow/.local/lib/python3.12/site-packages/airflow/example_dags/example_dag_decorator.py
[2024-09-05T00:04:32.819+0000] {processor.py:914} INFO - Processing file /home/airflow/.local/lib/python3.12/site-packages/airflow/example_dags/example_dag_decorator.py for tasks to queue
[2024-09-05T00:04:32.831+0000] {logging_mixin.py:190} INFO - [2024-09-05T00:04:32.830+0000] {dagbag.py:587} INFO - Filling up the DagBag from /home/airflow/.local/lib/python3.12/site-packages/airflow/example_dags/example_dag_decorator.py
[2024-09-05T00:04:32.942+0000] {processor.py:925} INFO - DAG(s) 'example_dag_decorator' retrieved from /home/airflow/.local/lib/python3.12/site-packages/airflow/example_dags/example_dag_decorator.py
[2024-09-05T00:04:34.055+0000] {logging_mixin.py:190} INFO - [2024-09-05T00:04:34.054+0000] {dag.py:3211} INFO - Sync 1 DAGs
[2024-09-05T00:04:34.160+0000] {logging_mixin.py:190} INFO - [2024-09-05T00:04:34.160+0000] {dag.py:4138} INFO - Setting next_dagrun for example_dag_decorator to None, run_after=None
[2024-09-05T00:04:34.342+0000] {processor.py:208} INFO - Processing /home/airflow/.local/lib/python3.12/site-packages/airflow/example_dags/example_dag_decorator.py took 1.570 seconds
[2024-09-05T00:05:09.656+0000] {processor.py:186} INFO - Started process (PID=207) to work on /home/airflow/.local/lib/python3.12/site-packages/airflow/example_dags/example_dag_decorator.py
[2024-09-05T00:05:09.660+0000] {processor.py:914} INFO - Processing file /home/airflow/.local/lib/python3.12/site-packages/airflow/example_dags/example_dag_decorator.py for tasks to queue
[2024-09-05T00:05:09.669+0000] {logging_mixin.py:190} INFO - [2024-09-05T00:05:09.668+0000] {dagbag.py:587} INFO - Filling up the DagBag from /home/airflow/.local/lib/python3.12/site-packages/airflow/example_dags/example_dag_decorator.py
[2024-09-05T00:05:09.750+0000] {processor.py:925} INFO - DAG(s) 'example_dag_decorator' retrieved from /home/airflow/.local/lib/python3.12/site-packages/airflow/example_dags/example_dag_decorator.py
[2024-09-05T00:05:10.967+0000] {logging_mixin.py:190} INFO - [2024-09-05T00:05:10.966+0000] {dag.py:3211} INFO - Sync 1 DAGs
[2024-09-05T00:05:11.036+0000] {logging_mixin.py:190} INFO - [2024-09-05T00:05:11.035+0000] {dag.py:4138} INFO - Setting next_dagrun for example_dag_decorator to None, run_after=None
[2024-09-05T00:05:11.162+0000] {processor.py:208} INFO - Processing /home/airflow/.local/lib/python3.12/site-packages/airflow/example_dags/example_dag_decorator.py took 1.547 seconds
[2024-09-05T00:13:01.672+0000] {processor.py:186} INFO - Started process (PID=70) to work on /home/airflow/.local/lib/python3.12/site-packages/airflow/example_dags/example_dag_decorator.py
[2024-09-05T00:13:01.692+0000] {processor.py:914} INFO - Processing file /home/airflow/.local/lib/python3.12/site-packages/airflow/example_dags/example_dag_decorator.py for tasks to queue
[2024-09-05T00:13:01.715+0000] {logging_mixin.py:190} INFO - [2024-09-05T00:13:01.714+0000] {dagbag.py:587} INFO - Filling up the DagBag from /home/airflow/.local/lib/python3.12/site-packages/airflow/example_dags/example_dag_decorator.py
[2024-09-05T00:13:02.010+0000] {processor.py:925} INFO - DAG(s) 'example_dag_decorator' retrieved from /home/airflow/.local/lib/python3.12/site-packages/airflow/example_dags/example_dag_decorator.py
[2024-09-05T00:13:03.287+0000] {logging_mixin.py:190} INFO - [2024-09-05T00:13:03.286+0000] {dag.py:3211} INFO - Sync 1 DAGs
[2024-09-05T00:13:03.370+0000] {logging_mixin.py:190} INFO - [2024-09-05T00:13:03.369+0000] {dag.py:4138} INFO - Setting next_dagrun for example_dag_decorator to None, run_after=None
[2024-09-05T00:13:03.495+0000] {processor.py:208} INFO - Processing /home/airflow/.local/lib/python3.12/site-packages/airflow/example_dags/example_dag_decorator.py took 2.071 seconds
[2024-09-05T00:13:46.856+0000] {processor.py:186} INFO - Started process (PID=139) to work on /home/airflow/.local/lib/python3.12/site-packages/airflow/example_dags/example_dag_decorator.py
[2024-09-05T00:13:46.858+0000] {processor.py:914} INFO - Processing file /home/airflow/.local/lib/python3.12/site-packages/airflow/example_dags/example_dag_decorator.py for tasks to queue
[2024-09-05T00:13:46.868+0000] {logging_mixin.py:190} INFO - [2024-09-05T00:13:46.866+0000] {dagbag.py:587} INFO - Filling up the DagBag from /home/airflow/.local/lib/python3.12/site-packages/airflow/example_dags/example_dag_decorator.py
[2024-09-05T00:13:46.916+0000] {processor.py:925} INFO - DAG(s) 'example_dag_decorator' retrieved from /home/airflow/.local/lib/python3.12/site-packages/airflow/example_dags/example_dag_decorator.py
[2024-09-05T00:13:47.256+0000] {logging_mixin.py:190} INFO - [2024-09-05T00:13:47.255+0000] {dag.py:3211} INFO - Sync 1 DAGs
[2024-09-05T00:13:47.292+0000] {logging_mixin.py:190} INFO - [2024-09-05T00:13:47.292+0000] {dag.py:4138} INFO - Setting next_dagrun for example_dag_decorator to None, run_after=None
[2024-09-05T00:13:47.361+0000] {processor.py:208} INFO - Processing /home/airflow/.local/lib/python3.12/site-packages/airflow/example_dags/example_dag_decorator.py took 0.528 seconds
[2024-09-05T00:14:23.618+0000] {processor.py:186} INFO - Started process (PID=192) to work on /home/airflow/.local/lib/python3.12/site-packages/airflow/example_dags/example_dag_decorator.py
[2024-09-05T00:14:23.625+0000] {processor.py:914} INFO - Processing file /home/airflow/.local/lib/python3.12/site-packages/airflow/example_dags/example_dag_decorator.py for tasks to queue
[2024-09-05T00:14:23.630+0000] {logging_mixin.py:190} INFO - [2024-09-05T00:14:23.628+0000] {dagbag.py:587} INFO - Filling up the DagBag from /home/airflow/.local/lib/python3.12/site-packages/airflow/example_dags/example_dag_decorator.py
[2024-09-05T00:14:23.709+0000] {processor.py:925} INFO - DAG(s) 'example_dag_decorator' retrieved from /home/airflow/.local/lib/python3.12/site-packages/airflow/example_dags/example_dag_decorator.py
[2024-09-05T00:14:24.566+0000] {logging_mixin.py:190} INFO - [2024-09-05T00:14:24.566+0000] {dag.py:3211} INFO - Sync 1 DAGs
[2024-09-05T00:14:24.632+0000] {logging_mixin.py:190} INFO - [2024-09-05T00:14:24.631+0000] {dag.py:4138} INFO - Setting next_dagrun for example_dag_decorator to None, run_after=None
[2024-09-05T00:14:24.753+0000] {processor.py:208} INFO - Processing /home/airflow/.local/lib/python3.12/site-packages/airflow/example_dags/example_dag_decorator.py took 1.162 seconds
[2024-09-05T00:14:54.939+0000] {processor.py:186} INFO - Started process (PID=268) to work on /home/airflow/.local/lib/python3.12/site-packages/airflow/example_dags/example_dag_decorator.py
[2024-09-05T00:14:54.942+0000] {processor.py:914} INFO - Processing file /home/airflow/.local/lib/python3.12/site-packages/airflow/example_dags/example_dag_decorator.py for tasks to queue
[2024-09-05T00:14:54.947+0000] {logging_mixin.py:190} INFO - [2024-09-05T00:14:54.946+0000] {dagbag.py:587} INFO - Filling up the DagBag from /home/airflow/.local/lib/python3.12/site-packages/airflow/example_dags/example_dag_decorator.py
[2024-09-05T00:14:54.989+0000] {processor.py:925} INFO - DAG(s) 'example_dag_decorator' retrieved from /home/airflow/.local/lib/python3.12/site-packages/airflow/example_dags/example_dag_decorator.py
[2024-09-05T00:14:55.417+0000] {logging_mixin.py:190} INFO - [2024-09-05T00:14:55.417+0000] {dag.py:3211} INFO - Sync 1 DAGs
[2024-09-05T00:14:55.503+0000] {logging_mixin.py:190} INFO - [2024-09-05T00:14:55.502+0000] {dag.py:4138} INFO - Setting next_dagrun for example_dag_decorator to None, run_after=None
[2024-09-05T00:14:55.608+0000] {processor.py:208} INFO - Processing /home/airflow/.local/lib/python3.12/site-packages/airflow/example_dags/example_dag_decorator.py took 0.690 seconds
[2024-09-05T00:32:21.691+0000] {processor.py:186} INFO - Started process (PID=86) to work on /home/airflow/.local/lib/python3.12/site-packages/airflow/example_dags/example_dag_decorator.py
[2024-09-05T00:32:21.693+0000] {processor.py:914} INFO - Processing file /home/airflow/.local/lib/python3.12/site-packages/airflow/example_dags/example_dag_decorator.py for tasks to queue
[2024-09-05T00:32:21.702+0000] {logging_mixin.py:190} INFO - [2024-09-05T00:32:21.700+0000] {dagbag.py:587} INFO - Filling up the DagBag from /home/airflow/.local/lib/python3.12/site-packages/airflow/example_dags/example_dag_decorator.py
[2024-09-05T00:32:21.822+0000] {processor.py:925} INFO - DAG(s) 'example_dag_decorator' retrieved from /home/airflow/.local/lib/python3.12/site-packages/airflow/example_dags/example_dag_decorator.py
[2024-09-05T00:32:23.574+0000] {logging_mixin.py:190} INFO - [2024-09-05T00:32:23.573+0000] {dag.py:3211} INFO - Sync 1 DAGs
[2024-09-05T00:32:23.663+0000] {logging_mixin.py:190} INFO - [2024-09-05T00:32:23.662+0000] {dag.py:4138} INFO - Setting next_dagrun for example_dag_decorator to None, run_after=None
[2024-09-05T00:32:23.790+0000] {processor.py:208} INFO - Processing /home/airflow/.local/lib/python3.12/site-packages/airflow/example_dags/example_dag_decorator.py took 2.131 seconds
[2024-09-05T00:32:54.838+0000] {processor.py:186} INFO - Started process (PID=160) to work on /home/airflow/.local/lib/python3.12/site-packages/airflow/example_dags/example_dag_decorator.py
[2024-09-05T00:32:54.890+0000] {processor.py:914} INFO - Processing file /home/airflow/.local/lib/python3.12/site-packages/airflow/example_dags/example_dag_decorator.py for tasks to queue
[2024-09-05T00:32:54.933+0000] {logging_mixin.py:190} INFO - [2024-09-05T00:32:54.932+0000] {dagbag.py:587} INFO - Filling up the DagBag from /home/airflow/.local/lib/python3.12/site-packages/airflow/example_dags/example_dag_decorator.py
[2024-09-05T00:32:55.705+0000] {processor.py:925} INFO - DAG(s) 'example_dag_decorator' retrieved from /home/airflow/.local/lib/python3.12/site-packages/airflow/example_dags/example_dag_decorator.py
[2024-09-05T00:32:56.596+0000] {logging_mixin.py:190} INFO - [2024-09-05T00:32:56.596+0000] {dag.py:3211} INFO - Sync 1 DAGs
[2024-09-05T00:32:56.649+0000] {logging_mixin.py:190} INFO - [2024-09-05T00:32:56.648+0000] {dag.py:4138} INFO - Setting next_dagrun for example_dag_decorator to None, run_after=None
[2024-09-05T00:32:56.734+0000] {processor.py:208} INFO - Processing /home/airflow/.local/lib/python3.12/site-packages/airflow/example_dags/example_dag_decorator.py took 1.917 seconds
[2024-09-05T00:33:26.922+0000] {processor.py:186} INFO - Started process (PID=223) to work on /home/airflow/.local/lib/python3.12/site-packages/airflow/example_dags/example_dag_decorator.py
[2024-09-05T00:33:26.924+0000] {processor.py:914} INFO - Processing file /home/airflow/.local/lib/python3.12/site-packages/airflow/example_dags/example_dag_decorator.py for tasks to queue
[2024-09-05T00:33:26.930+0000] {logging_mixin.py:190} INFO - [2024-09-05T00:33:26.929+0000] {dagbag.py:587} INFO - Filling up the DagBag from /home/airflow/.local/lib/python3.12/site-packages/airflow/example_dags/example_dag_decorator.py
[2024-09-05T00:33:26.949+0000] {processor.py:925} INFO - DAG(s) 'example_dag_decorator' retrieved from /home/airflow/.local/lib/python3.12/site-packages/airflow/example_dags/example_dag_decorator.py
[2024-09-05T00:33:27.315+0000] {logging_mixin.py:190} INFO - [2024-09-05T00:33:27.315+0000] {dag.py:3211} INFO - Sync 1 DAGs
[2024-09-05T00:33:27.342+0000] {logging_mixin.py:190} INFO - [2024-09-05T00:33:27.342+0000] {dag.py:4138} INFO - Setting next_dagrun for example_dag_decorator to None, run_after=None
[2024-09-05T00:33:27.390+0000] {processor.py:208} INFO - Processing /home/airflow/.local/lib/python3.12/site-packages/airflow/example_dags/example_dag_decorator.py took 0.481 seconds
[2024-09-05T00:33:57.607+0000] {processor.py:186} INFO - Started process (PID=287) to work on /home/airflow/.local/lib/python3.12/site-packages/airflow/example_dags/example_dag_decorator.py
[2024-09-05T00:33:57.609+0000] {processor.py:914} INFO - Processing file /home/airflow/.local/lib/python3.12/site-packages/airflow/example_dags/example_dag_decorator.py for tasks to queue
[2024-09-05T00:33:57.612+0000] {logging_mixin.py:190} INFO - [2024-09-05T00:33:57.612+0000] {dagbag.py:587} INFO - Filling up the DagBag from /home/airflow/.local/lib/python3.12/site-packages/airflow/example_dags/example_dag_decorator.py
[2024-09-05T00:33:57.638+0000] {processor.py:925} INFO - DAG(s) 'example_dag_decorator' retrieved from /home/airflow/.local/lib/python3.12/site-packages/airflow/example_dags/example_dag_decorator.py
[2024-09-05T00:33:57.697+0000] {logging_mixin.py:190} INFO - [2024-09-05T00:33:57.696+0000] {dag.py:3211} INFO - Sync 1 DAGs
[2024-09-05T00:33:57.738+0000] {logging_mixin.py:190} INFO - [2024-09-05T00:33:57.736+0000] {dag.py:4138} INFO - Setting next_dagrun for example_dag_decorator to None, run_after=None
[2024-09-05T00:33:57.794+0000] {processor.py:208} INFO - Processing /home/airflow/.local/lib/python3.12/site-packages/airflow/example_dags/example_dag_decorator.py took 0.203 seconds
[2024-09-05T00:36:06.664+0000] {processor.py:186} INFO - Started process (PID=366) to work on /home/airflow/.local/lib/python3.12/site-packages/airflow/example_dags/example_dag_decorator.py
[2024-09-05T00:36:06.666+0000] {processor.py:914} INFO - Processing file /home/airflow/.local/lib/python3.12/site-packages/airflow/example_dags/example_dag_decorator.py for tasks to queue
[2024-09-05T00:36:06.671+0000] {logging_mixin.py:190} INFO - [2024-09-05T00:36:06.669+0000] {dagbag.py:587} INFO - Filling up the DagBag from /home/airflow/.local/lib/python3.12/site-packages/airflow/example_dags/example_dag_decorator.py
[2024-09-05T00:36:06.720+0000] {processor.py:925} INFO - DAG(s) 'example_dag_decorator' retrieved from /home/airflow/.local/lib/python3.12/site-packages/airflow/example_dags/example_dag_decorator.py
[2024-09-05T00:36:07.057+0000] {logging_mixin.py:190} INFO - [2024-09-05T00:36:07.057+0000] {dag.py:3211} INFO - Sync 1 DAGs
[2024-09-05T00:36:07.091+0000] {logging_mixin.py:190} INFO - [2024-09-05T00:36:07.091+0000] {dag.py:4138} INFO - Setting next_dagrun for example_dag_decorator to None, run_after=None
[2024-09-05T00:36:07.159+0000] {processor.py:208} INFO - Processing /home/airflow/.local/lib/python3.12/site-packages/airflow/example_dags/example_dag_decorator.py took 0.526 seconds
[2024-09-05T00:36:37.343+0000] {processor.py:186} INFO - Started process (PID=429) to work on /home/airflow/.local/lib/python3.12/site-packages/airflow/example_dags/example_dag_decorator.py
[2024-09-05T00:36:37.346+0000] {processor.py:914} INFO - Processing file /home/airflow/.local/lib/python3.12/site-packages/airflow/example_dags/example_dag_decorator.py for tasks to queue
[2024-09-05T00:36:37.350+0000] {logging_mixin.py:190} INFO - [2024-09-05T00:36:37.349+0000] {dagbag.py:587} INFO - Filling up the DagBag from /home/airflow/.local/lib/python3.12/site-packages/airflow/example_dags/example_dag_decorator.py
[2024-09-05T00:36:37.375+0000] {processor.py:925} INFO - DAG(s) 'example_dag_decorator' retrieved from /home/airflow/.local/lib/python3.12/site-packages/airflow/example_dags/example_dag_decorator.py
[2024-09-05T00:36:37.661+0000] {logging_mixin.py:190} INFO - [2024-09-05T00:36:37.661+0000] {dag.py:3211} INFO - Sync 1 DAGs
[2024-09-05T00:36:37.682+0000] {logging_mixin.py:190} INFO - [2024-09-05T00:36:37.682+0000] {dag.py:4138} INFO - Setting next_dagrun for example_dag_decorator to None, run_after=None
[2024-09-05T00:36:37.730+0000] {processor.py:208} INFO - Processing /home/airflow/.local/lib/python3.12/site-packages/airflow/example_dags/example_dag_decorator.py took 0.405 seconds
[2024-09-05T00:37:09.736+0000] {processor.py:186} INFO - Started process (PID=492) to work on /home/airflow/.local/lib/python3.12/site-packages/airflow/example_dags/example_dag_decorator.py
[2024-09-05T00:37:09.737+0000] {processor.py:914} INFO - Processing file /home/airflow/.local/lib/python3.12/site-packages/airflow/example_dags/example_dag_decorator.py for tasks to queue
[2024-09-05T00:37:09.741+0000] {logging_mixin.py:190} INFO - [2024-09-05T00:37:09.739+0000] {dagbag.py:587} INFO - Filling up the DagBag from /home/airflow/.local/lib/python3.12/site-packages/airflow/example_dags/example_dag_decorator.py
[2024-09-05T00:37:09.779+0000] {processor.py:925} INFO - DAG(s) 'example_dag_decorator' retrieved from /home/airflow/.local/lib/python3.12/site-packages/airflow/example_dags/example_dag_decorator.py
[2024-09-05T00:37:10.106+0000] {logging_mixin.py:190} INFO - [2024-09-05T00:37:10.105+0000] {dag.py:3211} INFO - Sync 1 DAGs
[2024-09-05T00:37:10.148+0000] {logging_mixin.py:190} INFO - [2024-09-05T00:37:10.148+0000] {dag.py:4138} INFO - Setting next_dagrun for example_dag_decorator to None, run_after=None
[2024-09-05T00:37:10.213+0000] {processor.py:208} INFO - Processing /home/airflow/.local/lib/python3.12/site-packages/airflow/example_dags/example_dag_decorator.py took 0.493 seconds
[2024-09-05T00:37:40.357+0000] {processor.py:186} INFO - Started process (PID=555) to work on /home/airflow/.local/lib/python3.12/site-packages/airflow/example_dags/example_dag_decorator.py
[2024-09-05T00:37:40.358+0000] {processor.py:914} INFO - Processing file /home/airflow/.local/lib/python3.12/site-packages/airflow/example_dags/example_dag_decorator.py for tasks to queue
[2024-09-05T00:37:40.361+0000] {logging_mixin.py:190} INFO - [2024-09-05T00:37:40.360+0000] {dagbag.py:587} INFO - Filling up the DagBag from /home/airflow/.local/lib/python3.12/site-packages/airflow/example_dags/example_dag_decorator.py
[2024-09-05T00:37:40.401+0000] {processor.py:925} INFO - DAG(s) 'example_dag_decorator' retrieved from /home/airflow/.local/lib/python3.12/site-packages/airflow/example_dags/example_dag_decorator.py
[2024-09-05T00:37:40.688+0000] {logging_mixin.py:190} INFO - [2024-09-05T00:37:40.687+0000] {dag.py:3211} INFO - Sync 1 DAGs
[2024-09-05T00:37:40.711+0000] {logging_mixin.py:190} INFO - [2024-09-05T00:37:40.710+0000] {dag.py:4138} INFO - Setting next_dagrun for example_dag_decorator to None, run_after=None
[2024-09-05T00:37:40.755+0000] {processor.py:208} INFO - Processing /home/airflow/.local/lib/python3.12/site-packages/airflow/example_dags/example_dag_decorator.py took 0.413 seconds
[2024-09-05T00:38:10.903+0000] {processor.py:186} INFO - Started process (PID=618) to work on /home/airflow/.local/lib/python3.12/site-packages/airflow/example_dags/example_dag_decorator.py
[2024-09-05T00:38:10.905+0000] {processor.py:914} INFO - Processing file /home/airflow/.local/lib/python3.12/site-packages/airflow/example_dags/example_dag_decorator.py for tasks to queue
[2024-09-05T00:38:10.908+0000] {logging_mixin.py:190} INFO - [2024-09-05T00:38:10.907+0000] {dagbag.py:587} INFO - Filling up the DagBag from /home/airflow/.local/lib/python3.12/site-packages/airflow/example_dags/example_dag_decorator.py
[2024-09-05T00:38:10.944+0000] {processor.py:925} INFO - DAG(s) 'example_dag_decorator' retrieved from /home/airflow/.local/lib/python3.12/site-packages/airflow/example_dags/example_dag_decorator.py
[2024-09-05T00:38:11.406+0000] {logging_mixin.py:190} INFO - [2024-09-05T00:38:11.406+0000] {dag.py:3211} INFO - Sync 1 DAGs
[2024-09-05T00:38:11.521+0000] {logging_mixin.py:190} INFO - [2024-09-05T00:38:11.520+0000] {dag.py:4138} INFO - Setting next_dagrun for example_dag_decorator to None, run_after=None
[2024-09-05T00:38:11.652+0000] {processor.py:208} INFO - Processing /home/airflow/.local/lib/python3.12/site-packages/airflow/example_dags/example_dag_decorator.py took 0.766 seconds
[2024-09-05T00:38:42.039+0000] {processor.py:186} INFO - Started process (PID=682) to work on /home/airflow/.local/lib/python3.12/site-packages/airflow/example_dags/example_dag_decorator.py
[2024-09-05T00:38:42.041+0000] {processor.py:914} INFO - Processing file /home/airflow/.local/lib/python3.12/site-packages/airflow/example_dags/example_dag_decorator.py for tasks to queue
[2024-09-05T00:38:42.045+0000] {logging_mixin.py:190} INFO - [2024-09-05T00:38:42.044+0000] {dagbag.py:587} INFO - Filling up the DagBag from /home/airflow/.local/lib/python3.12/site-packages/airflow/example_dags/example_dag_decorator.py
[2024-09-05T00:38:42.126+0000] {processor.py:925} INFO - DAG(s) 'example_dag_decorator' retrieved from /home/airflow/.local/lib/python3.12/site-packages/airflow/example_dags/example_dag_decorator.py
[2024-09-05T00:38:42.309+0000] {logging_mixin.py:190} INFO - [2024-09-05T00:38:42.305+0000] {dag.py:3211} INFO - Sync 1 DAGs
[2024-09-05T00:38:42.390+0000] {logging_mixin.py:190} INFO - [2024-09-05T00:38:42.389+0000] {dag.py:4138} INFO - Setting next_dagrun for example_dag_decorator to None, run_after=None
[2024-09-05T00:38:42.474+0000] {processor.py:208} INFO - Processing /home/airflow/.local/lib/python3.12/site-packages/airflow/example_dags/example_dag_decorator.py took 0.472 seconds
[2024-09-05T00:39:13.204+0000] {processor.py:186} INFO - Started process (PID=745) to work on /home/airflow/.local/lib/python3.12/site-packages/airflow/example_dags/example_dag_decorator.py
[2024-09-05T00:39:13.213+0000] {processor.py:914} INFO - Processing file /home/airflow/.local/lib/python3.12/site-packages/airflow/example_dags/example_dag_decorator.py for tasks to queue
[2024-09-05T00:39:13.219+0000] {logging_mixin.py:190} INFO - [2024-09-05T00:39:13.218+0000] {dagbag.py:587} INFO - Filling up the DagBag from /home/airflow/.local/lib/python3.12/site-packages/airflow/example_dags/example_dag_decorator.py
[2024-09-05T00:39:13.295+0000] {processor.py:925} INFO - DAG(s) 'example_dag_decorator' retrieved from /home/airflow/.local/lib/python3.12/site-packages/airflow/example_dags/example_dag_decorator.py
[2024-09-05T00:39:13.644+0000] {logging_mixin.py:190} INFO - [2024-09-05T00:39:13.644+0000] {dag.py:3211} INFO - Sync 1 DAGs
[2024-09-05T00:39:13.678+0000] {logging_mixin.py:190} INFO - [2024-09-05T00:39:13.677+0000] {dag.py:4138} INFO - Setting next_dagrun for example_dag_decorator to None, run_after=None
[2024-09-05T00:39:13.732+0000] {processor.py:208} INFO - Processing /home/airflow/.local/lib/python3.12/site-packages/airflow/example_dags/example_dag_decorator.py took 0.564 seconds
[2024-09-05T00:39:43.801+0000] {processor.py:186} INFO - Started process (PID=808) to work on /home/airflow/.local/lib/python3.12/site-packages/airflow/example_dags/example_dag_decorator.py
[2024-09-05T00:39:43.802+0000] {processor.py:914} INFO - Processing file /home/airflow/.local/lib/python3.12/site-packages/airflow/example_dags/example_dag_decorator.py for tasks to queue
[2024-09-05T00:39:43.806+0000] {logging_mixin.py:190} INFO - [2024-09-05T00:39:43.805+0000] {dagbag.py:587} INFO - Filling up the DagBag from /home/airflow/.local/lib/python3.12/site-packages/airflow/example_dags/example_dag_decorator.py
[2024-09-05T00:39:43.848+0000] {processor.py:925} INFO - DAG(s) 'example_dag_decorator' retrieved from /home/airflow/.local/lib/python3.12/site-packages/airflow/example_dags/example_dag_decorator.py
[2024-09-05T00:39:44.184+0000] {logging_mixin.py:190} INFO - [2024-09-05T00:39:44.184+0000] {dag.py:3211} INFO - Sync 1 DAGs
[2024-09-05T00:39:44.218+0000] {logging_mixin.py:190} INFO - [2024-09-05T00:39:44.217+0000] {dag.py:4138} INFO - Setting next_dagrun for example_dag_decorator to None, run_after=None
[2024-09-05T00:39:44.284+0000] {processor.py:208} INFO - Processing /home/airflow/.local/lib/python3.12/site-packages/airflow/example_dags/example_dag_decorator.py took 0.498 seconds
[2024-09-05T00:40:15.928+0000] {processor.py:186} INFO - Started process (PID=870) to work on /home/airflow/.local/lib/python3.12/site-packages/airflow/example_dags/example_dag_decorator.py
[2024-09-05T00:40:15.935+0000] {processor.py:914} INFO - Processing file /home/airflow/.local/lib/python3.12/site-packages/airflow/example_dags/example_dag_decorator.py for tasks to queue
[2024-09-05T00:40:15.941+0000] {logging_mixin.py:190} INFO - [2024-09-05T00:40:15.940+0000] {dagbag.py:587} INFO - Filling up the DagBag from /home/airflow/.local/lib/python3.12/site-packages/airflow/example_dags/example_dag_decorator.py
[2024-09-05T00:40:16.006+0000] {processor.py:925} INFO - DAG(s) 'example_dag_decorator' retrieved from /home/airflow/.local/lib/python3.12/site-packages/airflow/example_dags/example_dag_decorator.py
[2024-09-05T00:40:16.522+0000] {logging_mixin.py:190} INFO - [2024-09-05T00:40:16.521+0000] {dag.py:3211} INFO - Sync 1 DAGs
[2024-09-05T00:40:16.569+0000] {logging_mixin.py:190} INFO - [2024-09-05T00:40:16.568+0000] {dag.py:4138} INFO - Setting next_dagrun for example_dag_decorator to None, run_after=None
[2024-09-05T00:40:16.634+0000] {processor.py:208} INFO - Processing /home/airflow/.local/lib/python3.12/site-packages/airflow/example_dags/example_dag_decorator.py took 0.730 seconds
[2024-09-05T00:40:58.025+0000] {processor.py:186} INFO - Started process (PID=938) to work on /home/airflow/.local/lib/python3.12/site-packages/airflow/example_dags/example_dag_decorator.py
[2024-09-05T00:40:58.071+0000] {processor.py:914} INFO - Processing file /home/airflow/.local/lib/python3.12/site-packages/airflow/example_dags/example_dag_decorator.py for tasks to queue
[2024-09-05T00:40:58.326+0000] {logging_mixin.py:190} INFO - [2024-09-05T00:40:58.310+0000] {dagbag.py:587} INFO - Filling up the DagBag from /home/airflow/.local/lib/python3.12/site-packages/airflow/example_dags/example_dag_decorator.py
[2024-09-05T00:40:59.174+0000] {processor.py:925} INFO - DAG(s) 'example_dag_decorator' retrieved from /home/airflow/.local/lib/python3.12/site-packages/airflow/example_dags/example_dag_decorator.py
[2024-09-05T00:41:04.382+0000] {logging_mixin.py:190} INFO - [2024-09-05T00:41:04.380+0000] {dag.py:3211} INFO - Sync 1 DAGs
[2024-09-05T00:41:05.284+0000] {logging_mixin.py:190} INFO - [2024-09-05T00:41:05.282+0000] {dag.py:4138} INFO - Setting next_dagrun for example_dag_decorator to None, run_after=None
[2024-09-05T00:41:06.344+0000] {processor.py:208} INFO - Processing /home/airflow/.local/lib/python3.12/site-packages/airflow/example_dags/example_dag_decorator.py took 8.543 seconds
