[2024-09-05T00:04:19.586+0000] {processor.py:186} INFO - Started process (PID=121) to work on /home/airflow/.local/lib/python3.12/site-packages/airflow/example_dags/example_skip_dag.py
[2024-09-05T00:04:19.588+0000] {processor.py:914} INFO - Processing file /home/airflow/.local/lib/python3.12/site-packages/airflow/example_dags/example_skip_dag.py for tasks to queue
[2024-09-05T00:04:19.592+0000] {logging_mixin.py:190} INFO - [2024-09-05T00:04:19.591+0000] {dagbag.py:587} INFO - Filling up the DagBag from /home/airflow/.local/lib/python3.12/site-packages/airflow/example_dags/example_skip_dag.py
[2024-09-05T00:04:19.618+0000] {processor.py:925} INFO - DAG(s) 'example_skip_dag' retrieved from /home/airflow/.local/lib/python3.12/site-packages/airflow/example_dags/example_skip_dag.py
[2024-09-05T00:04:20.030+0000] {logging_mixin.py:190} INFO - [2024-09-05T00:04:20.028+0000] {override.py:1858} INFO - Created Permission View: can delete on DAG:example_skip_dag
[2024-09-05T00:04:20.091+0000] {logging_mixin.py:190} INFO - [2024-09-05T00:04:20.090+0000] {override.py:1858} INFO - Created Permission View: can read on DAG:example_skip_dag
[2024-09-05T00:04:20.119+0000] {logging_mixin.py:190} INFO - [2024-09-05T00:04:20.118+0000] {override.py:1858} INFO - Created Permission View: can edit on DAG:example_skip_dag
[2024-09-05T00:04:20.122+0000] {logging_mixin.py:190} INFO - [2024-09-05T00:04:20.121+0000] {dag.py:3211} INFO - Sync 1 DAGs
[2024-09-05T00:04:20.181+0000] {logging_mixin.py:190} INFO - [2024-09-05T00:04:20.179+0000] {dag.py:3234} INFO - Creating ORM DAG for example_skip_dag
[2024-09-05T00:04:20.212+0000] {logging_mixin.py:190} INFO - [2024-09-05T00:04:20.212+0000] {dag.py:4138} INFO - Setting next_dagrun for example_skip_dag to 2024-09-04 00:00:00+00:00, run_after=2024-09-05 00:00:00+00:00
[2024-09-05T00:04:20.268+0000] {processor.py:208} INFO - Processing /home/airflow/.local/lib/python3.12/site-packages/airflow/example_dags/example_skip_dag.py took 0.707 seconds
[2024-09-05T00:04:58.164+0000] {processor.py:186} INFO - Started process (PID=183) to work on /home/airflow/.local/lib/python3.12/site-packages/airflow/example_dags/example_skip_dag.py
[2024-09-05T00:04:58.226+0000] {processor.py:914} INFO - Processing file /home/airflow/.local/lib/python3.12/site-packages/airflow/example_dags/example_skip_dag.py for tasks to queue
[2024-09-05T00:04:58.241+0000] {logging_mixin.py:190} INFO - [2024-09-05T00:04:58.240+0000] {dagbag.py:587} INFO - Filling up the DagBag from /home/airflow/.local/lib/python3.12/site-packages/airflow/example_dags/example_skip_dag.py
[2024-09-05T00:04:58.363+0000] {processor.py:925} INFO - DAG(s) 'example_skip_dag' retrieved from /home/airflow/.local/lib/python3.12/site-packages/airflow/example_dags/example_skip_dag.py
[2024-09-05T00:04:58.608+0000] {logging_mixin.py:190} INFO - [2024-09-05T00:04:58.607+0000] {dag.py:3211} INFO - Sync 1 DAGs
[2024-09-05T00:04:59.057+0000] {logging_mixin.py:190} INFO - [2024-09-05T00:04:59.052+0000] {dag.py:4138} INFO - Setting next_dagrun for example_skip_dag to 2024-09-04 00:00:00+00:00, run_after=2024-09-05 00:00:00+00:00
[2024-09-05T00:04:59.206+0000] {processor.py:208} INFO - Processing /home/airflow/.local/lib/python3.12/site-packages/airflow/example_dags/example_skip_dag.py took 1.116 seconds
[2024-09-05T00:05:29.451+0000] {processor.py:186} INFO - Started process (PID=246) to work on /home/airflow/.local/lib/python3.12/site-packages/airflow/example_dags/example_skip_dag.py
[2024-09-05T00:05:29.454+0000] {processor.py:914} INFO - Processing file /home/airflow/.local/lib/python3.12/site-packages/airflow/example_dags/example_skip_dag.py for tasks to queue
[2024-09-05T00:05:29.461+0000] {logging_mixin.py:190} INFO - [2024-09-05T00:05:29.460+0000] {dagbag.py:587} INFO - Filling up the DagBag from /home/airflow/.local/lib/python3.12/site-packages/airflow/example_dags/example_skip_dag.py
[2024-09-05T00:05:29.522+0000] {processor.py:925} INFO - DAG(s) 'example_skip_dag' retrieved from /home/airflow/.local/lib/python3.12/site-packages/airflow/example_dags/example_skip_dag.py
[2024-09-05T00:05:29.646+0000] {logging_mixin.py:190} INFO - [2024-09-05T00:05:29.644+0000] {dag.py:3211} INFO - Sync 1 DAGs
[2024-09-05T00:05:29.764+0000] {logging_mixin.py:190} INFO - [2024-09-05T00:05:29.763+0000] {dag.py:4138} INFO - Setting next_dagrun for example_skip_dag to 2024-09-04 00:00:00+00:00, run_after=2024-09-05 00:00:00+00:00
[2024-09-05T00:05:29.856+0000] {processor.py:208} INFO - Processing /home/airflow/.local/lib/python3.12/site-packages/airflow/example_dags/example_skip_dag.py took 0.450 seconds
[2024-09-05T00:13:41.101+0000] {processor.py:186} INFO - Started process (PID=115) to work on /home/airflow/.local/lib/python3.12/site-packages/airflow/example_dags/example_skip_dag.py
[2024-09-05T00:13:41.105+0000] {processor.py:914} INFO - Processing file /home/airflow/.local/lib/python3.12/site-packages/airflow/example_dags/example_skip_dag.py for tasks to queue
[2024-09-05T00:13:41.111+0000] {logging_mixin.py:190} INFO - [2024-09-05T00:13:41.110+0000] {dagbag.py:587} INFO - Filling up the DagBag from /home/airflow/.local/lib/python3.12/site-packages/airflow/example_dags/example_skip_dag.py
[2024-09-05T00:13:41.139+0000] {processor.py:925} INFO - DAG(s) 'example_skip_dag' retrieved from /home/airflow/.local/lib/python3.12/site-packages/airflow/example_dags/example_skip_dag.py
[2024-09-05T00:13:41.281+0000] {logging_mixin.py:190} INFO - [2024-09-05T00:13:41.280+0000] {dag.py:3211} INFO - Sync 1 DAGs
[2024-09-05T00:13:41.436+0000] {logging_mixin.py:190} INFO - [2024-09-05T00:13:41.435+0000] {dag.py:4138} INFO - Setting next_dagrun for example_skip_dag to 2024-09-04 00:00:00+00:00, run_after=2024-09-05 00:00:00+00:00
[2024-09-05T00:13:41.509+0000] {processor.py:208} INFO - Processing /home/airflow/.local/lib/python3.12/site-packages/airflow/example_dags/example_skip_dag.py took 0.438 seconds
[2024-09-05T00:14:14.048+0000] {processor.py:186} INFO - Started process (PID=178) to work on /home/airflow/.local/lib/python3.12/site-packages/airflow/example_dags/example_skip_dag.py
[2024-09-05T00:14:14.055+0000] {processor.py:914} INFO - Processing file /home/airflow/.local/lib/python3.12/site-packages/airflow/example_dags/example_skip_dag.py for tasks to queue
[2024-09-05T00:14:14.064+0000] {logging_mixin.py:190} INFO - [2024-09-05T00:14:14.063+0000] {dagbag.py:587} INFO - Filling up the DagBag from /home/airflow/.local/lib/python3.12/site-packages/airflow/example_dags/example_skip_dag.py
[2024-09-05T00:14:14.122+0000] {processor.py:925} INFO - DAG(s) 'example_skip_dag' retrieved from /home/airflow/.local/lib/python3.12/site-packages/airflow/example_dags/example_skip_dag.py
[2024-09-05T00:14:14.240+0000] {logging_mixin.py:190} INFO - [2024-09-05T00:14:14.239+0000] {dag.py:3211} INFO - Sync 1 DAGs
[2024-09-05T00:14:14.394+0000] {logging_mixin.py:190} INFO - [2024-09-05T00:14:14.393+0000] {dag.py:4138} INFO - Setting next_dagrun for example_skip_dag to 2024-09-04 00:00:00+00:00, run_after=2024-09-05 00:00:00+00:00
[2024-09-05T00:14:14.512+0000] {processor.py:208} INFO - Processing /home/airflow/.local/lib/python3.12/site-packages/airflow/example_dags/example_skip_dag.py took 0.510 seconds
[2024-09-05T00:14:45.137+0000] {processor.py:186} INFO - Started process (PID=253) to work on /home/airflow/.local/lib/python3.12/site-packages/airflow/example_dags/example_skip_dag.py
[2024-09-05T00:14:45.139+0000] {processor.py:914} INFO - Processing file /home/airflow/.local/lib/python3.12/site-packages/airflow/example_dags/example_skip_dag.py for tasks to queue
[2024-09-05T00:14:45.149+0000] {logging_mixin.py:190} INFO - [2024-09-05T00:14:45.148+0000] {dagbag.py:587} INFO - Filling up the DagBag from /home/airflow/.local/lib/python3.12/site-packages/airflow/example_dags/example_skip_dag.py
[2024-09-05T00:14:45.188+0000] {processor.py:925} INFO - DAG(s) 'example_skip_dag' retrieved from /home/airflow/.local/lib/python3.12/site-packages/airflow/example_dags/example_skip_dag.py
[2024-09-05T00:14:45.262+0000] {logging_mixin.py:190} INFO - [2024-09-05T00:14:45.261+0000] {dag.py:3211} INFO - Sync 1 DAGs
[2024-09-05T00:14:45.400+0000] {logging_mixin.py:190} INFO - [2024-09-05T00:14:45.399+0000] {dag.py:4138} INFO - Setting next_dagrun for example_skip_dag to 2024-09-04 00:00:00+00:00, run_after=2024-09-05 00:00:00+00:00
[2024-09-05T00:14:45.525+0000] {processor.py:208} INFO - Processing /home/airflow/.local/lib/python3.12/site-packages/airflow/example_dags/example_skip_dag.py took 0.412 seconds
[2024-09-05T00:15:41.581+0000] {processor.py:186} INFO - Started process (PID=316) to work on /home/airflow/.local/lib/python3.12/site-packages/airflow/example_dags/example_skip_dag.py
[2024-09-05T00:15:41.593+0000] {processor.py:914} INFO - Processing file /home/airflow/.local/lib/python3.12/site-packages/airflow/example_dags/example_skip_dag.py for tasks to queue
[2024-09-05T00:15:41.622+0000] {logging_mixin.py:190} INFO - [2024-09-05T00:15:41.618+0000] {dagbag.py:587} INFO - Filling up the DagBag from /home/airflow/.local/lib/python3.12/site-packages/airflow/example_dags/example_skip_dag.py
[2024-09-05T00:15:42.023+0000] {processor.py:925} INFO - DAG(s) 'example_skip_dag' retrieved from /home/airflow/.local/lib/python3.12/site-packages/airflow/example_dags/example_skip_dag.py
[2024-09-05T00:15:43.803+0000] {logging_mixin.py:190} INFO - [2024-09-05T00:15:43.799+0000] {dag.py:3211} INFO - Sync 1 DAGs
[2024-09-05T00:15:45.138+0000] {logging_mixin.py:190} INFO - [2024-09-05T00:15:45.130+0000] {dag.py:4138} INFO - Setting next_dagrun for example_skip_dag to 2024-09-04 00:00:00+00:00, run_after=2024-09-05 00:00:00+00:00
[2024-09-05T00:15:45.906+0000] {processor.py:208} INFO - Processing /home/airflow/.local/lib/python3.12/site-packages/airflow/example_dags/example_skip_dag.py took 4.646 seconds
[2024-09-05T00:32:42.047+0000] {processor.py:186} INFO - Started process (PID=135) to work on /home/airflow/.local/lib/python3.12/site-packages/airflow/example_dags/example_skip_dag.py
[2024-09-05T00:32:42.049+0000] {processor.py:914} INFO - Processing file /home/airflow/.local/lib/python3.12/site-packages/airflow/example_dags/example_skip_dag.py for tasks to queue
[2024-09-05T00:32:42.052+0000] {logging_mixin.py:190} INFO - [2024-09-05T00:32:42.052+0000] {dagbag.py:587} INFO - Filling up the DagBag from /home/airflow/.local/lib/python3.12/site-packages/airflow/example_dags/example_skip_dag.py
[2024-09-05T00:32:42.073+0000] {processor.py:925} INFO - DAG(s) 'example_skip_dag' retrieved from /home/airflow/.local/lib/python3.12/site-packages/airflow/example_dags/example_skip_dag.py
[2024-09-05T00:32:42.127+0000] {logging_mixin.py:190} INFO - [2024-09-05T00:32:42.126+0000] {dag.py:3211} INFO - Sync 1 DAGs
[2024-09-05T00:32:42.182+0000] {logging_mixin.py:190} INFO - [2024-09-05T00:32:42.181+0000] {dag.py:4138} INFO - Setting next_dagrun for example_skip_dag to 2024-09-04 00:00:00+00:00, run_after=2024-09-05 00:00:00+00:00
[2024-09-05T00:32:42.232+0000] {processor.py:208} INFO - Processing /home/airflow/.local/lib/python3.12/site-packages/airflow/example_dags/example_skip_dag.py took 0.200 seconds
[2024-09-05T00:33:12.754+0000] {processor.py:186} INFO - Started process (PID=198) to work on /home/airflow/.local/lib/python3.12/site-packages/airflow/example_dags/example_skip_dag.py
[2024-09-05T00:33:12.756+0000] {processor.py:914} INFO - Processing file /home/airflow/.local/lib/python3.12/site-packages/airflow/example_dags/example_skip_dag.py for tasks to queue
[2024-09-05T00:33:12.758+0000] {logging_mixin.py:190} INFO - [2024-09-05T00:33:12.758+0000] {dagbag.py:587} INFO - Filling up the DagBag from /home/airflow/.local/lib/python3.12/site-packages/airflow/example_dags/example_skip_dag.py
[2024-09-05T00:33:12.770+0000] {processor.py:925} INFO - DAG(s) 'example_skip_dag' retrieved from /home/airflow/.local/lib/python3.12/site-packages/airflow/example_dags/example_skip_dag.py
[2024-09-05T00:33:12.806+0000] {logging_mixin.py:190} INFO - [2024-09-05T00:33:12.806+0000] {dag.py:3211} INFO - Sync 1 DAGs
[2024-09-05T00:33:12.840+0000] {logging_mixin.py:190} INFO - [2024-09-05T00:33:12.840+0000] {dag.py:4138} INFO - Setting next_dagrun for example_skip_dag to 2024-09-04 00:00:00+00:00, run_after=2024-09-05 00:00:00+00:00
[2024-09-05T00:33:12.878+0000] {processor.py:208} INFO - Processing /home/airflow/.local/lib/python3.12/site-packages/airflow/example_dags/example_skip_dag.py took 0.134 seconds
[2024-09-05T00:33:43.060+0000] {processor.py:186} INFO - Started process (PID=261) to work on /home/airflow/.local/lib/python3.12/site-packages/airflow/example_dags/example_skip_dag.py
[2024-09-05T00:33:43.062+0000] {processor.py:914} INFO - Processing file /home/airflow/.local/lib/python3.12/site-packages/airflow/example_dags/example_skip_dag.py for tasks to queue
[2024-09-05T00:33:43.065+0000] {logging_mixin.py:190} INFO - [2024-09-05T00:33:43.064+0000] {dagbag.py:587} INFO - Filling up the DagBag from /home/airflow/.local/lib/python3.12/site-packages/airflow/example_dags/example_skip_dag.py
[2024-09-05T00:33:43.087+0000] {processor.py:925} INFO - DAG(s) 'example_skip_dag' retrieved from /home/airflow/.local/lib/python3.12/site-packages/airflow/example_dags/example_skip_dag.py
[2024-09-05T00:33:43.141+0000] {logging_mixin.py:190} INFO - [2024-09-05T00:33:43.141+0000] {dag.py:3211} INFO - Sync 1 DAGs
[2024-09-05T00:33:43.188+0000] {logging_mixin.py:190} INFO - [2024-09-05T00:33:43.187+0000] {dag.py:4138} INFO - Setting next_dagrun for example_skip_dag to 2024-09-04 00:00:00+00:00, run_after=2024-09-05 00:00:00+00:00
[2024-09-05T00:33:43.225+0000] {processor.py:208} INFO - Processing /home/airflow/.local/lib/python3.12/site-packages/airflow/example_dags/example_skip_dag.py took 0.180 seconds
[2024-09-05T00:35:29.227+0000] {processor.py:186} INFO - Started process (PID=336) to work on /home/airflow/.local/lib/python3.12/site-packages/airflow/example_dags/example_skip_dag.py
[2024-09-05T00:35:29.247+0000] {processor.py:914} INFO - Processing file /home/airflow/.local/lib/python3.12/site-packages/airflow/example_dags/example_skip_dag.py for tasks to queue
[2024-09-05T00:35:29.289+0000] {logging_mixin.py:190} INFO - [2024-09-05T00:35:29.276+0000] {dagbag.py:587} INFO - Filling up the DagBag from /home/airflow/.local/lib/python3.12/site-packages/airflow/example_dags/example_skip_dag.py
[2024-09-05T00:35:30.051+0000] {processor.py:925} INFO - DAG(s) 'example_skip_dag' retrieved from /home/airflow/.local/lib/python3.12/site-packages/airflow/example_dags/example_skip_dag.py
[2024-09-05T00:35:32.879+0000] {logging_mixin.py:190} INFO - [2024-09-05T00:35:32.877+0000] {dag.py:3211} INFO - Sync 1 DAGs
[2024-09-05T00:35:34.031+0000] {logging_mixin.py:190} INFO - [2024-09-05T00:35:34.028+0000] {dag.py:4138} INFO - Setting next_dagrun for example_skip_dag to 2024-09-04 00:00:00+00:00, run_after=2024-09-05 00:00:00+00:00
[2024-09-05T00:35:34.534+0000] {processor.py:208} INFO - Processing /home/airflow/.local/lib/python3.12/site-packages/airflow/example_dags/example_skip_dag.py took 5.546 seconds
[2024-09-05T00:36:11.912+0000] {processor.py:186} INFO - Started process (PID=399) to work on /home/airflow/.local/lib/python3.12/site-packages/airflow/example_dags/example_skip_dag.py
[2024-09-05T00:36:11.915+0000] {processor.py:914} INFO - Processing file /home/airflow/.local/lib/python3.12/site-packages/airflow/example_dags/example_skip_dag.py for tasks to queue
[2024-09-05T00:36:11.918+0000] {logging_mixin.py:190} INFO - [2024-09-05T00:36:11.917+0000] {dagbag.py:587} INFO - Filling up the DagBag from /home/airflow/.local/lib/python3.12/site-packages/airflow/example_dags/example_skip_dag.py
[2024-09-05T00:36:11.936+0000] {processor.py:925} INFO - DAG(s) 'example_skip_dag' retrieved from /home/airflow/.local/lib/python3.12/site-packages/airflow/example_dags/example_skip_dag.py
[2024-09-05T00:36:11.972+0000] {logging_mixin.py:190} INFO - [2024-09-05T00:36:11.971+0000] {dag.py:3211} INFO - Sync 1 DAGs
[2024-09-05T00:36:12.015+0000] {logging_mixin.py:190} INFO - [2024-09-05T00:36:12.014+0000] {dag.py:4138} INFO - Setting next_dagrun for example_skip_dag to 2024-09-04 00:00:00+00:00, run_after=2024-09-05 00:00:00+00:00
[2024-09-05T00:36:12.056+0000] {processor.py:208} INFO - Processing /home/airflow/.local/lib/python3.12/site-packages/airflow/example_dags/example_skip_dag.py took 0.156 seconds
[2024-09-05T00:36:47.045+0000] {processor.py:186} INFO - Started process (PID=462) to work on /home/airflow/.local/lib/python3.12/site-packages/airflow/example_dags/example_skip_dag.py
[2024-09-05T00:36:47.056+0000] {processor.py:914} INFO - Processing file /home/airflow/.local/lib/python3.12/site-packages/airflow/example_dags/example_skip_dag.py for tasks to queue
[2024-09-05T00:36:47.060+0000] {logging_mixin.py:190} INFO - [2024-09-05T00:36:47.059+0000] {dagbag.py:587} INFO - Filling up the DagBag from /home/airflow/.local/lib/python3.12/site-packages/airflow/example_dags/example_skip_dag.py
[2024-09-05T00:36:47.103+0000] {processor.py:925} INFO - DAG(s) 'example_skip_dag' retrieved from /home/airflow/.local/lib/python3.12/site-packages/airflow/example_dags/example_skip_dag.py
[2024-09-05T00:36:47.159+0000] {logging_mixin.py:190} INFO - [2024-09-05T00:36:47.157+0000] {dag.py:3211} INFO - Sync 1 DAGs
[2024-09-05T00:36:47.327+0000] {logging_mixin.py:190} INFO - [2024-09-05T00:36:47.326+0000] {dag.py:4138} INFO - Setting next_dagrun for example_skip_dag to 2024-09-04 00:00:00+00:00, run_after=2024-09-05 00:00:00+00:00
[2024-09-05T00:36:47.425+0000] {processor.py:208} INFO - Processing /home/airflow/.local/lib/python3.12/site-packages/airflow/example_dags/example_skip_dag.py took 0.416 seconds
[2024-09-05T00:37:17.939+0000] {processor.py:186} INFO - Started process (PID=525) to work on /home/airflow/.local/lib/python3.12/site-packages/airflow/example_dags/example_skip_dag.py
[2024-09-05T00:37:17.940+0000] {processor.py:914} INFO - Processing file /home/airflow/.local/lib/python3.12/site-packages/airflow/example_dags/example_skip_dag.py for tasks to queue
[2024-09-05T00:37:17.944+0000] {logging_mixin.py:190} INFO - [2024-09-05T00:37:17.943+0000] {dagbag.py:587} INFO - Filling up the DagBag from /home/airflow/.local/lib/python3.12/site-packages/airflow/example_dags/example_skip_dag.py
[2024-09-05T00:37:17.964+0000] {processor.py:925} INFO - DAG(s) 'example_skip_dag' retrieved from /home/airflow/.local/lib/python3.12/site-packages/airflow/example_dags/example_skip_dag.py
[2024-09-05T00:37:18.024+0000] {logging_mixin.py:190} INFO - [2024-09-05T00:37:18.024+0000] {dag.py:3211} INFO - Sync 1 DAGs
[2024-09-05T00:37:18.086+0000] {logging_mixin.py:190} INFO - [2024-09-05T00:37:18.083+0000] {dag.py:4138} INFO - Setting next_dagrun for example_skip_dag to 2024-09-04 00:00:00+00:00, run_after=2024-09-05 00:00:00+00:00
[2024-09-05T00:37:18.124+0000] {processor.py:208} INFO - Processing /home/airflow/.local/lib/python3.12/site-packages/airflow/example_dags/example_skip_dag.py took 0.199 seconds
[2024-09-05T00:37:48.214+0000] {processor.py:186} INFO - Started process (PID=588) to work on /home/airflow/.local/lib/python3.12/site-packages/airflow/example_dags/example_skip_dag.py
[2024-09-05T00:37:48.215+0000] {processor.py:914} INFO - Processing file /home/airflow/.local/lib/python3.12/site-packages/airflow/example_dags/example_skip_dag.py for tasks to queue
[2024-09-05T00:37:48.217+0000] {logging_mixin.py:190} INFO - [2024-09-05T00:37:48.217+0000] {dagbag.py:587} INFO - Filling up the DagBag from /home/airflow/.local/lib/python3.12/site-packages/airflow/example_dags/example_skip_dag.py
[2024-09-05T00:37:48.230+0000] {processor.py:925} INFO - DAG(s) 'example_skip_dag' retrieved from /home/airflow/.local/lib/python3.12/site-packages/airflow/example_dags/example_skip_dag.py
[2024-09-05T00:37:48.268+0000] {logging_mixin.py:190} INFO - [2024-09-05T00:37:48.267+0000] {dag.py:3211} INFO - Sync 1 DAGs
[2024-09-05T00:37:48.317+0000] {logging_mixin.py:190} INFO - [2024-09-05T00:37:48.317+0000] {dag.py:4138} INFO - Setting next_dagrun for example_skip_dag to 2024-09-04 00:00:00+00:00, run_after=2024-09-05 00:00:00+00:00
[2024-09-05T00:37:48.362+0000] {processor.py:208} INFO - Processing /home/airflow/.local/lib/python3.12/site-packages/airflow/example_dags/example_skip_dag.py took 0.157 seconds
[2024-09-05T00:38:19.479+0000] {processor.py:186} INFO - Started process (PID=657) to work on /home/airflow/.local/lib/python3.12/site-packages/airflow/example_dags/example_skip_dag.py
[2024-09-05T00:38:19.481+0000] {processor.py:914} INFO - Processing file /home/airflow/.local/lib/python3.12/site-packages/airflow/example_dags/example_skip_dag.py for tasks to queue
[2024-09-05T00:38:19.486+0000] {logging_mixin.py:190} INFO - [2024-09-05T00:38:19.485+0000] {dagbag.py:587} INFO - Filling up the DagBag from /home/airflow/.local/lib/python3.12/site-packages/airflow/example_dags/example_skip_dag.py
[2024-09-05T00:38:19.506+0000] {processor.py:925} INFO - DAG(s) 'example_skip_dag' retrieved from /home/airflow/.local/lib/python3.12/site-packages/airflow/example_dags/example_skip_dag.py
[2024-09-05T00:38:19.549+0000] {logging_mixin.py:190} INFO - [2024-09-05T00:38:19.549+0000] {dag.py:3211} INFO - Sync 1 DAGs
[2024-09-05T00:38:19.602+0000] {logging_mixin.py:190} INFO - [2024-09-05T00:38:19.601+0000] {dag.py:4138} INFO - Setting next_dagrun for example_skip_dag to 2024-09-04 00:00:00+00:00, run_after=2024-09-05 00:00:00+00:00
[2024-09-05T00:38:19.649+0000] {processor.py:208} INFO - Processing /home/airflow/.local/lib/python3.12/site-packages/airflow/example_dags/example_skip_dag.py took 0.185 seconds
[2024-09-05T00:38:50.999+0000] {processor.py:186} INFO - Started process (PID=720) to work on /home/airflow/.local/lib/python3.12/site-packages/airflow/example_dags/example_skip_dag.py
[2024-09-05T00:38:51.001+0000] {processor.py:914} INFO - Processing file /home/airflow/.local/lib/python3.12/site-packages/airflow/example_dags/example_skip_dag.py for tasks to queue
[2024-09-05T00:38:51.015+0000] {logging_mixin.py:190} INFO - [2024-09-05T00:38:51.008+0000] {dagbag.py:587} INFO - Filling up the DagBag from /home/airflow/.local/lib/python3.12/site-packages/airflow/example_dags/example_skip_dag.py
[2024-09-05T00:38:51.075+0000] {processor.py:925} INFO - DAG(s) 'example_skip_dag' retrieved from /home/airflow/.local/lib/python3.12/site-packages/airflow/example_dags/example_skip_dag.py
[2024-09-05T00:38:51.195+0000] {logging_mixin.py:190} INFO - [2024-09-05T00:38:51.194+0000] {dag.py:3211} INFO - Sync 1 DAGs
[2024-09-05T00:38:51.309+0000] {logging_mixin.py:190} INFO - [2024-09-05T00:38:51.308+0000] {dag.py:4138} INFO - Setting next_dagrun for example_skip_dag to 2024-09-04 00:00:00+00:00, run_after=2024-09-05 00:00:00+00:00
[2024-09-05T00:38:51.402+0000] {processor.py:208} INFO - Processing /home/airflow/.local/lib/python3.12/site-packages/airflow/example_dags/example_skip_dag.py took 0.424 seconds
[2024-09-05T00:39:21.635+0000] {processor.py:186} INFO - Started process (PID=782) to work on /home/airflow/.local/lib/python3.12/site-packages/airflow/example_dags/example_skip_dag.py
[2024-09-05T00:39:21.638+0000] {processor.py:914} INFO - Processing file /home/airflow/.local/lib/python3.12/site-packages/airflow/example_dags/example_skip_dag.py for tasks to queue
[2024-09-05T00:39:21.642+0000] {logging_mixin.py:190} INFO - [2024-09-05T00:39:21.641+0000] {dagbag.py:587} INFO - Filling up the DagBag from /home/airflow/.local/lib/python3.12/site-packages/airflow/example_dags/example_skip_dag.py
[2024-09-05T00:39:21.657+0000] {processor.py:925} INFO - DAG(s) 'example_skip_dag' retrieved from /home/airflow/.local/lib/python3.12/site-packages/airflow/example_dags/example_skip_dag.py
[2024-09-05T00:39:21.708+0000] {logging_mixin.py:190} INFO - [2024-09-05T00:39:21.707+0000] {dag.py:3211} INFO - Sync 1 DAGs
[2024-09-05T00:39:21.746+0000] {logging_mixin.py:190} INFO - [2024-09-05T00:39:21.746+0000] {dag.py:4138} INFO - Setting next_dagrun for example_skip_dag to 2024-09-04 00:00:00+00:00, run_after=2024-09-05 00:00:00+00:00
[2024-09-05T00:39:21.791+0000] {processor.py:208} INFO - Processing /home/airflow/.local/lib/python3.12/site-packages/airflow/example_dags/example_skip_dag.py took 0.170 seconds
[2024-09-05T00:39:52.765+0000] {processor.py:186} INFO - Started process (PID=845) to work on /home/airflow/.local/lib/python3.12/site-packages/airflow/example_dags/example_skip_dag.py
[2024-09-05T00:39:52.767+0000] {processor.py:914} INFO - Processing file /home/airflow/.local/lib/python3.12/site-packages/airflow/example_dags/example_skip_dag.py for tasks to queue
[2024-09-05T00:39:52.770+0000] {logging_mixin.py:190} INFO - [2024-09-05T00:39:52.769+0000] {dagbag.py:587} INFO - Filling up the DagBag from /home/airflow/.local/lib/python3.12/site-packages/airflow/example_dags/example_skip_dag.py
[2024-09-05T00:39:52.800+0000] {processor.py:925} INFO - DAG(s) 'example_skip_dag' retrieved from /home/airflow/.local/lib/python3.12/site-packages/airflow/example_dags/example_skip_dag.py
[2024-09-05T00:39:52.858+0000] {logging_mixin.py:190} INFO - [2024-09-05T00:39:52.857+0000] {dag.py:3211} INFO - Sync 1 DAGs
[2024-09-05T00:39:52.924+0000] {logging_mixin.py:190} INFO - [2024-09-05T00:39:52.924+0000] {dag.py:4138} INFO - Setting next_dagrun for example_skip_dag to 2024-09-04 00:00:00+00:00, run_after=2024-09-05 00:00:00+00:00
[2024-09-05T00:39:52.988+0000] {processor.py:208} INFO - Processing /home/airflow/.local/lib/python3.12/site-packages/airflow/example_dags/example_skip_dag.py took 0.249 seconds
[2024-09-05T00:40:24.124+0000] {processor.py:186} INFO - Started process (PID=908) to work on /home/airflow/.local/lib/python3.12/site-packages/airflow/example_dags/example_skip_dag.py
[2024-09-05T00:40:24.126+0000] {processor.py:914} INFO - Processing file /home/airflow/.local/lib/python3.12/site-packages/airflow/example_dags/example_skip_dag.py for tasks to queue
[2024-09-05T00:40:24.129+0000] {logging_mixin.py:190} INFO - [2024-09-05T00:40:24.128+0000] {dagbag.py:587} INFO - Filling up the DagBag from /home/airflow/.local/lib/python3.12/site-packages/airflow/example_dags/example_skip_dag.py
[2024-09-05T00:40:24.147+0000] {processor.py:925} INFO - DAG(s) 'example_skip_dag' retrieved from /home/airflow/.local/lib/python3.12/site-packages/airflow/example_dags/example_skip_dag.py
[2024-09-05T00:40:24.193+0000] {logging_mixin.py:190} INFO - [2024-09-05T00:40:24.193+0000] {dag.py:3211} INFO - Sync 1 DAGs
[2024-09-05T00:40:24.258+0000] {logging_mixin.py:190} INFO - [2024-09-05T00:40:24.258+0000] {dag.py:4138} INFO - Setting next_dagrun for example_skip_dag to 2024-09-04 00:00:00+00:00, run_after=2024-09-05 00:00:00+00:00
[2024-09-05T00:40:24.306+0000] {processor.py:208} INFO - Processing /home/airflow/.local/lib/python3.12/site-packages/airflow/example_dags/example_skip_dag.py took 0.204 seconds
