[2024-09-05T00:04:15.453+0000] {processor.py:186} INFO - Started process (PID=108) to work on /home/airflow/.local/lib/python3.12/site-packages/airflow/example_dags/example_python_operator.py
[2024-09-05T00:04:15.455+0000] {processor.py:914} INFO - Processing file /home/airflow/.local/lib/python3.12/site-packages/airflow/example_dags/example_python_operator.py for tasks to queue
[2024-09-05T00:04:15.467+0000] {logging_mixin.py:190} INFO - [2024-09-05T00:04:15.465+0000] {dagbag.py:587} INFO - Filling up the DagBag from /home/airflow/.local/lib/python3.12/site-packages/airflow/example_dags/example_python_operator.py
[2024-09-05T00:04:15.545+0000] {processor.py:925} INFO - DAG(s) 'example_python_operator' retrieved from /home/airflow/.local/lib/python3.12/site-packages/airflow/example_dags/example_python_operator.py
[2024-09-05T00:04:16.093+0000] {logging_mixin.py:190} INFO - [2024-09-05T00:04:16.086+0000] {override.py:1858} INFO - Created Permission View: can delete on DAG:example_python_operator
[2024-09-05T00:04:16.147+0000] {logging_mixin.py:190} INFO - [2024-09-05T00:04:16.146+0000] {override.py:1858} INFO - Created Permission View: can read on DAG:example_python_operator
[2024-09-05T00:04:16.179+0000] {logging_mixin.py:190} INFO - [2024-09-05T00:04:16.178+0000] {override.py:1858} INFO - Created Permission View: can edit on DAG:example_python_operator
[2024-09-05T00:04:16.187+0000] {logging_mixin.py:190} INFO - [2024-09-05T00:04:16.186+0000] {dag.py:3211} INFO - Sync 1 DAGs
[2024-09-05T00:04:16.243+0000] {logging_mixin.py:190} INFO - [2024-09-05T00:04:16.242+0000] {dag.py:3234} INFO - Creating ORM DAG for example_python_operator
[2024-09-05T00:04:16.251+0000] {logging_mixin.py:190} INFO - [2024-09-05T00:04:16.250+0000] {dag.py:4138} INFO - Setting next_dagrun for example_python_operator to None, run_after=None
[2024-09-05T00:04:16.333+0000] {processor.py:208} INFO - Processing /home/airflow/.local/lib/python3.12/site-packages/airflow/example_dags/example_python_operator.py took 0.907 seconds
[2024-09-05T00:04:49.902+0000] {processor.py:186} INFO - Started process (PID=175) to work on /home/airflow/.local/lib/python3.12/site-packages/airflow/example_dags/example_python_operator.py
[2024-09-05T00:04:49.911+0000] {processor.py:914} INFO - Processing file /home/airflow/.local/lib/python3.12/site-packages/airflow/example_dags/example_python_operator.py for tasks to queue
[2024-09-05T00:04:49.946+0000] {logging_mixin.py:190} INFO - [2024-09-05T00:04:49.943+0000] {dagbag.py:587} INFO - Filling up the DagBag from /home/airflow/.local/lib/python3.12/site-packages/airflow/example_dags/example_python_operator.py
[2024-09-05T00:04:50.103+0000] {processor.py:925} INFO - DAG(s) 'example_python_operator' retrieved from /home/airflow/.local/lib/python3.12/site-packages/airflow/example_dags/example_python_operator.py
[2024-09-05T00:04:50.381+0000] {logging_mixin.py:190} INFO - [2024-09-05T00:04:50.379+0000] {dag.py:3211} INFO - Sync 1 DAGs
[2024-09-05T00:04:50.608+0000] {logging_mixin.py:190} INFO - [2024-09-05T00:04:50.607+0000] {dag.py:4138} INFO - Setting next_dagrun for example_python_operator to None, run_after=None
[2024-09-05T00:04:50.835+0000] {processor.py:208} INFO - Processing /home/airflow/.local/lib/python3.12/site-packages/airflow/example_dags/example_python_operator.py took 1.017 seconds
[2024-09-05T00:05:21.628+0000] {processor.py:186} INFO - Started process (PID=239) to work on /home/airflow/.local/lib/python3.12/site-packages/airflow/example_dags/example_python_operator.py
[2024-09-05T00:05:21.630+0000] {processor.py:914} INFO - Processing file /home/airflow/.local/lib/python3.12/site-packages/airflow/example_dags/example_python_operator.py for tasks to queue
[2024-09-05T00:05:21.635+0000] {logging_mixin.py:190} INFO - [2024-09-05T00:05:21.634+0000] {dagbag.py:587} INFO - Filling up the DagBag from /home/airflow/.local/lib/python3.12/site-packages/airflow/example_dags/example_python_operator.py
[2024-09-05T00:05:21.683+0000] {processor.py:925} INFO - DAG(s) 'example_python_operator' retrieved from /home/airflow/.local/lib/python3.12/site-packages/airflow/example_dags/example_python_operator.py
[2024-09-05T00:05:21.783+0000] {logging_mixin.py:190} INFO - [2024-09-05T00:05:21.782+0000] {dag.py:3211} INFO - Sync 1 DAGs
[2024-09-05T00:05:21.841+0000] {logging_mixin.py:190} INFO - [2024-09-05T00:05:21.841+0000] {dag.py:4138} INFO - Setting next_dagrun for example_python_operator to None, run_after=None
[2024-09-05T00:05:21.933+0000] {processor.py:208} INFO - Processing /home/airflow/.local/lib/python3.12/site-packages/airflow/example_dags/example_python_operator.py took 0.331 seconds
[2024-09-05T00:13:36.926+0000] {processor.py:186} INFO - Started process (PID=107) to work on /home/airflow/.local/lib/python3.12/site-packages/airflow/example_dags/example_python_operator.py
[2024-09-05T00:13:36.936+0000] {processor.py:914} INFO - Processing file /home/airflow/.local/lib/python3.12/site-packages/airflow/example_dags/example_python_operator.py for tasks to queue
[2024-09-05T00:13:36.945+0000] {logging_mixin.py:190} INFO - [2024-09-05T00:13:36.944+0000] {dagbag.py:587} INFO - Filling up the DagBag from /home/airflow/.local/lib/python3.12/site-packages/airflow/example_dags/example_python_operator.py
[2024-09-05T00:13:37.053+0000] {processor.py:925} INFO - DAG(s) 'example_python_operator' retrieved from /home/airflow/.local/lib/python3.12/site-packages/airflow/example_dags/example_python_operator.py
[2024-09-05T00:13:38.819+0000] {logging_mixin.py:190} INFO - [2024-09-05T00:13:38.818+0000] {dag.py:3211} INFO - Sync 1 DAGs
[2024-09-05T00:13:38.985+0000] {logging_mixin.py:190} INFO - [2024-09-05T00:13:38.984+0000] {dag.py:4138} INFO - Setting next_dagrun for example_python_operator to None, run_after=None
[2024-09-05T00:13:39.191+0000] {processor.py:208} INFO - Processing /home/airflow/.local/lib/python3.12/site-packages/airflow/example_dags/example_python_operator.py took 2.298 seconds
[2024-09-05T00:14:09.602+0000] {processor.py:186} INFO - Started process (PID=170) to work on /home/airflow/.local/lib/python3.12/site-packages/airflow/example_dags/example_python_operator.py
[2024-09-05T00:14:09.604+0000] {processor.py:914} INFO - Processing file /home/airflow/.local/lib/python3.12/site-packages/airflow/example_dags/example_python_operator.py for tasks to queue
[2024-09-05T00:14:09.616+0000] {logging_mixin.py:190} INFO - [2024-09-05T00:14:09.609+0000] {dagbag.py:587} INFO - Filling up the DagBag from /home/airflow/.local/lib/python3.12/site-packages/airflow/example_dags/example_python_operator.py
[2024-09-05T00:14:09.659+0000] {processor.py:925} INFO - DAG(s) 'example_python_operator' retrieved from /home/airflow/.local/lib/python3.12/site-packages/airflow/example_dags/example_python_operator.py
[2024-09-05T00:14:09.732+0000] {logging_mixin.py:190} INFO - [2024-09-05T00:14:09.731+0000] {dag.py:3211} INFO - Sync 1 DAGs
[2024-09-05T00:14:09.782+0000] {logging_mixin.py:190} INFO - [2024-09-05T00:14:09.781+0000] {dag.py:4138} INFO - Setting next_dagrun for example_python_operator to None, run_after=None
[2024-09-05T00:14:09.847+0000] {processor.py:208} INFO - Processing /home/airflow/.local/lib/python3.12/site-packages/airflow/example_dags/example_python_operator.py took 0.298 seconds
[2024-09-05T00:14:41.478+0000] {processor.py:186} INFO - Started process (PID=241) to work on /home/airflow/.local/lib/python3.12/site-packages/airflow/example_dags/example_python_operator.py
[2024-09-05T00:14:41.483+0000] {processor.py:914} INFO - Processing file /home/airflow/.local/lib/python3.12/site-packages/airflow/example_dags/example_python_operator.py for tasks to queue
[2024-09-05T00:14:41.489+0000] {logging_mixin.py:190} INFO - [2024-09-05T00:14:41.487+0000] {dagbag.py:587} INFO - Filling up the DagBag from /home/airflow/.local/lib/python3.12/site-packages/airflow/example_dags/example_python_operator.py
[2024-09-05T00:14:41.550+0000] {processor.py:925} INFO - DAG(s) 'example_python_operator' retrieved from /home/airflow/.local/lib/python3.12/site-packages/airflow/example_dags/example_python_operator.py
[2024-09-05T00:14:41.727+0000] {logging_mixin.py:190} INFO - [2024-09-05T00:14:41.727+0000] {dag.py:3211} INFO - Sync 1 DAGs
[2024-09-05T00:14:41.817+0000] {logging_mixin.py:190} INFO - [2024-09-05T00:14:41.816+0000] {dag.py:4138} INFO - Setting next_dagrun for example_python_operator to None, run_after=None
[2024-09-05T00:14:41.920+0000] {processor.py:208} INFO - Processing /home/airflow/.local/lib/python3.12/site-packages/airflow/example_dags/example_python_operator.py took 0.478 seconds
[2024-09-05T00:15:14.396+0000] {processor.py:186} INFO - Started process (PID=308) to work on /home/airflow/.local/lib/python3.12/site-packages/airflow/example_dags/example_python_operator.py
[2024-09-05T00:15:14.410+0000] {processor.py:914} INFO - Processing file /home/airflow/.local/lib/python3.12/site-packages/airflow/example_dags/example_python_operator.py for tasks to queue
[2024-09-05T00:15:14.427+0000] {logging_mixin.py:190} INFO - [2024-09-05T00:15:14.418+0000] {dagbag.py:587} INFO - Filling up the DagBag from /home/airflow/.local/lib/python3.12/site-packages/airflow/example_dags/example_python_operator.py
[2024-09-05T00:15:14.554+0000] {processor.py:925} INFO - DAG(s) 'example_python_operator' retrieved from /home/airflow/.local/lib/python3.12/site-packages/airflow/example_dags/example_python_operator.py
[2024-09-05T00:15:14.860+0000] {logging_mixin.py:190} INFO - [2024-09-05T00:15:14.859+0000] {dag.py:3211} INFO - Sync 1 DAGs
[2024-09-05T00:15:15.035+0000] {logging_mixin.py:190} INFO - [2024-09-05T00:15:15.034+0000] {dag.py:4138} INFO - Setting next_dagrun for example_python_operator to None, run_after=None
[2024-09-05T00:15:15.227+0000] {processor.py:208} INFO - Processing /home/airflow/.local/lib/python3.12/site-packages/airflow/example_dags/example_python_operator.py took 0.872 seconds
[2024-09-05T00:32:39.887+0000] {processor.py:186} INFO - Started process (PID=127) to work on /home/airflow/.local/lib/python3.12/site-packages/airflow/example_dags/example_python_operator.py
[2024-09-05T00:32:39.889+0000] {processor.py:914} INFO - Processing file /home/airflow/.local/lib/python3.12/site-packages/airflow/example_dags/example_python_operator.py for tasks to queue
[2024-09-05T00:32:39.902+0000] {logging_mixin.py:190} INFO - [2024-09-05T00:32:39.893+0000] {dagbag.py:587} INFO - Filling up the DagBag from /home/airflow/.local/lib/python3.12/site-packages/airflow/example_dags/example_python_operator.py
[2024-09-05T00:32:39.954+0000] {processor.py:925} INFO - DAG(s) 'example_python_operator' retrieved from /home/airflow/.local/lib/python3.12/site-packages/airflow/example_dags/example_python_operator.py
[2024-09-05T00:32:40.336+0000] {logging_mixin.py:190} INFO - [2024-09-05T00:32:40.335+0000] {dag.py:3211} INFO - Sync 1 DAGs
[2024-09-05T00:32:40.384+0000] {logging_mixin.py:190} INFO - [2024-09-05T00:32:40.382+0000] {dag.py:4138} INFO - Setting next_dagrun for example_python_operator to None, run_after=None
[2024-09-05T00:32:40.445+0000] {processor.py:208} INFO - Processing /home/airflow/.local/lib/python3.12/site-packages/airflow/example_dags/example_python_operator.py took 0.589 seconds
[2024-09-05T00:33:11.372+0000] {processor.py:186} INFO - Started process (PID=191) to work on /home/airflow/.local/lib/python3.12/site-packages/airflow/example_dags/example_python_operator.py
[2024-09-05T00:33:11.374+0000] {processor.py:914} INFO - Processing file /home/airflow/.local/lib/python3.12/site-packages/airflow/example_dags/example_python_operator.py for tasks to queue
[2024-09-05T00:33:11.377+0000] {logging_mixin.py:190} INFO - [2024-09-05T00:33:11.376+0000] {dagbag.py:587} INFO - Filling up the DagBag from /home/airflow/.local/lib/python3.12/site-packages/airflow/example_dags/example_python_operator.py
[2024-09-05T00:33:11.400+0000] {processor.py:925} INFO - DAG(s) 'example_python_operator' retrieved from /home/airflow/.local/lib/python3.12/site-packages/airflow/example_dags/example_python_operator.py
[2024-09-05T00:33:11.444+0000] {logging_mixin.py:190} INFO - [2024-09-05T00:33:11.443+0000] {dag.py:3211} INFO - Sync 1 DAGs
[2024-09-05T00:33:11.472+0000] {logging_mixin.py:190} INFO - [2024-09-05T00:33:11.471+0000] {dag.py:4138} INFO - Setting next_dagrun for example_python_operator to None, run_after=None
[2024-09-05T00:33:11.506+0000] {processor.py:208} INFO - Processing /home/airflow/.local/lib/python3.12/site-packages/airflow/example_dags/example_python_operator.py took 0.143 seconds
[2024-09-05T00:33:42.035+0000] {processor.py:186} INFO - Started process (PID=254) to work on /home/airflow/.local/lib/python3.12/site-packages/airflow/example_dags/example_python_operator.py
[2024-09-05T00:33:42.038+0000] {processor.py:914} INFO - Processing file /home/airflow/.local/lib/python3.12/site-packages/airflow/example_dags/example_python_operator.py for tasks to queue
[2024-09-05T00:33:42.043+0000] {logging_mixin.py:190} INFO - [2024-09-05T00:33:42.041+0000] {dagbag.py:587} INFO - Filling up the DagBag from /home/airflow/.local/lib/python3.12/site-packages/airflow/example_dags/example_python_operator.py
[2024-09-05T00:33:42.063+0000] {processor.py:925} INFO - DAG(s) 'example_python_operator' retrieved from /home/airflow/.local/lib/python3.12/site-packages/airflow/example_dags/example_python_operator.py
[2024-09-05T00:33:42.103+0000] {logging_mixin.py:190} INFO - [2024-09-05T00:33:42.103+0000] {dag.py:3211} INFO - Sync 1 DAGs
[2024-09-05T00:33:42.123+0000] {logging_mixin.py:190} INFO - [2024-09-05T00:33:42.122+0000] {dag.py:4138} INFO - Setting next_dagrun for example_python_operator to None, run_after=None
[2024-09-05T00:33:42.153+0000] {processor.py:208} INFO - Processing /home/airflow/.local/lib/python3.12/site-packages/airflow/example_dags/example_python_operator.py took 0.128 seconds
[2024-09-05T00:34:53.997+0000] {processor.py:186} INFO - Started process (PID=322) to work on /home/airflow/.local/lib/python3.12/site-packages/airflow/example_dags/example_python_operator.py
[2024-09-05T00:34:54.069+0000] {processor.py:914} INFO - Processing file /home/airflow/.local/lib/python3.12/site-packages/airflow/example_dags/example_python_operator.py for tasks to queue
[2024-09-05T00:34:54.904+0000] {logging_mixin.py:190} INFO - [2024-09-05T00:34:54.901+0000] {dagbag.py:587} INFO - Filling up the DagBag from /home/airflow/.local/lib/python3.12/site-packages/airflow/example_dags/example_python_operator.py
[2024-09-05T00:34:55.409+0000] {processor.py:925} INFO - DAG(s) 'example_python_operator' retrieved from /home/airflow/.local/lib/python3.12/site-packages/airflow/example_dags/example_python_operator.py
[2024-09-05T00:34:56.991+0000] {logging_mixin.py:190} INFO - [2024-09-05T00:34:56.978+0000] {dag.py:3211} INFO - Sync 1 DAGs
[2024-09-05T00:34:58.709+0000] {logging_mixin.py:190} INFO - [2024-09-05T00:34:58.697+0000] {dag.py:4138} INFO - Setting next_dagrun for example_python_operator to None, run_after=None
[2024-09-05T00:34:59.067+0000] {processor.py:208} INFO - Processing /home/airflow/.local/lib/python3.12/site-packages/airflow/example_dags/example_python_operator.py took 5.184 seconds
[2024-09-05T00:36:10.905+0000] {processor.py:186} INFO - Started process (PID=391) to work on /home/airflow/.local/lib/python3.12/site-packages/airflow/example_dags/example_python_operator.py
[2024-09-05T00:36:10.906+0000] {processor.py:914} INFO - Processing file /home/airflow/.local/lib/python3.12/site-packages/airflow/example_dags/example_python_operator.py for tasks to queue
[2024-09-05T00:36:10.910+0000] {logging_mixin.py:190} INFO - [2024-09-05T00:36:10.909+0000] {dagbag.py:587} INFO - Filling up the DagBag from /home/airflow/.local/lib/python3.12/site-packages/airflow/example_dags/example_python_operator.py
[2024-09-05T00:36:10.932+0000] {processor.py:925} INFO - DAG(s) 'example_python_operator' retrieved from /home/airflow/.local/lib/python3.12/site-packages/airflow/example_dags/example_python_operator.py
[2024-09-05T00:36:10.978+0000] {logging_mixin.py:190} INFO - [2024-09-05T00:36:10.977+0000] {dag.py:3211} INFO - Sync 1 DAGs
[2024-09-05T00:36:11.002+0000] {logging_mixin.py:190} INFO - [2024-09-05T00:36:11.001+0000] {dag.py:4138} INFO - Setting next_dagrun for example_python_operator to None, run_after=None
[2024-09-05T00:36:11.037+0000] {processor.py:208} INFO - Processing /home/airflow/.local/lib/python3.12/site-packages/airflow/example_dags/example_python_operator.py took 0.143 seconds
[2024-09-05T00:36:44.937+0000] {processor.py:186} INFO - Started process (PID=454) to work on /home/airflow/.local/lib/python3.12/site-packages/airflow/example_dags/example_python_operator.py
[2024-09-05T00:36:44.940+0000] {processor.py:914} INFO - Processing file /home/airflow/.local/lib/python3.12/site-packages/airflow/example_dags/example_python_operator.py for tasks to queue
[2024-09-05T00:36:44.946+0000] {logging_mixin.py:190} INFO - [2024-09-05T00:36:44.945+0000] {dagbag.py:587} INFO - Filling up the DagBag from /home/airflow/.local/lib/python3.12/site-packages/airflow/example_dags/example_python_operator.py
[2024-09-05T00:36:45.036+0000] {processor.py:925} INFO - DAG(s) 'example_python_operator' retrieved from /home/airflow/.local/lib/python3.12/site-packages/airflow/example_dags/example_python_operator.py
[2024-09-05T00:36:45.245+0000] {logging_mixin.py:190} INFO - [2024-09-05T00:36:45.244+0000] {dag.py:3211} INFO - Sync 1 DAGs
[2024-09-05T00:36:45.368+0000] {logging_mixin.py:190} INFO - [2024-09-05T00:36:45.358+0000] {dag.py:4138} INFO - Setting next_dagrun for example_python_operator to None, run_after=None
[2024-09-05T00:36:45.517+0000] {processor.py:208} INFO - Processing /home/airflow/.local/lib/python3.12/site-packages/airflow/example_dags/example_python_operator.py took 0.640 seconds
[2024-09-05T00:37:16.629+0000] {processor.py:186} INFO - Started process (PID=517) to work on /home/airflow/.local/lib/python3.12/site-packages/airflow/example_dags/example_python_operator.py
[2024-09-05T00:37:16.631+0000] {processor.py:914} INFO - Processing file /home/airflow/.local/lib/python3.12/site-packages/airflow/example_dags/example_python_operator.py for tasks to queue
[2024-09-05T00:37:16.635+0000] {logging_mixin.py:190} INFO - [2024-09-05T00:37:16.634+0000] {dagbag.py:587} INFO - Filling up the DagBag from /home/airflow/.local/lib/python3.12/site-packages/airflow/example_dags/example_python_operator.py
[2024-09-05T00:37:16.661+0000] {processor.py:925} INFO - DAG(s) 'example_python_operator' retrieved from /home/airflow/.local/lib/python3.12/site-packages/airflow/example_dags/example_python_operator.py
[2024-09-05T00:37:16.705+0000] {logging_mixin.py:190} INFO - [2024-09-05T00:37:16.705+0000] {dag.py:3211} INFO - Sync 1 DAGs
[2024-09-05T00:37:16.729+0000] {logging_mixin.py:190} INFO - [2024-09-05T00:37:16.729+0000] {dag.py:4138} INFO - Setting next_dagrun for example_python_operator to None, run_after=None
[2024-09-05T00:37:16.769+0000] {processor.py:208} INFO - Processing /home/airflow/.local/lib/python3.12/site-packages/airflow/example_dags/example_python_operator.py took 0.149 seconds
[2024-09-05T00:37:47.202+0000] {processor.py:186} INFO - Started process (PID=580) to work on /home/airflow/.local/lib/python3.12/site-packages/airflow/example_dags/example_python_operator.py
[2024-09-05T00:37:47.203+0000] {processor.py:914} INFO - Processing file /home/airflow/.local/lib/python3.12/site-packages/airflow/example_dags/example_python_operator.py for tasks to queue
[2024-09-05T00:37:47.207+0000] {logging_mixin.py:190} INFO - [2024-09-05T00:37:47.206+0000] {dagbag.py:587} INFO - Filling up the DagBag from /home/airflow/.local/lib/python3.12/site-packages/airflow/example_dags/example_python_operator.py
[2024-09-05T00:37:47.233+0000] {processor.py:925} INFO - DAG(s) 'example_python_operator' retrieved from /home/airflow/.local/lib/python3.12/site-packages/airflow/example_dags/example_python_operator.py
[2024-09-05T00:37:47.272+0000] {logging_mixin.py:190} INFO - [2024-09-05T00:37:47.272+0000] {dag.py:3211} INFO - Sync 1 DAGs
[2024-09-05T00:37:47.294+0000] {logging_mixin.py:190} INFO - [2024-09-05T00:37:47.293+0000] {dag.py:4138} INFO - Setting next_dagrun for example_python_operator to None, run_after=None
[2024-09-05T00:37:47.329+0000] {processor.py:208} INFO - Processing /home/airflow/.local/lib/python3.12/site-packages/airflow/example_dags/example_python_operator.py took 0.136 seconds
[2024-09-05T00:38:18.082+0000] {processor.py:186} INFO - Started process (PID=643) to work on /home/airflow/.local/lib/python3.12/site-packages/airflow/example_dags/example_python_operator.py
[2024-09-05T00:38:18.083+0000] {processor.py:914} INFO - Processing file /home/airflow/.local/lib/python3.12/site-packages/airflow/example_dags/example_python_operator.py for tasks to queue
[2024-09-05T00:38:18.086+0000] {logging_mixin.py:190} INFO - [2024-09-05T00:38:18.085+0000] {dagbag.py:587} INFO - Filling up the DagBag from /home/airflow/.local/lib/python3.12/site-packages/airflow/example_dags/example_python_operator.py
[2024-09-05T00:38:18.116+0000] {processor.py:925} INFO - DAG(s) 'example_python_operator' retrieved from /home/airflow/.local/lib/python3.12/site-packages/airflow/example_dags/example_python_operator.py
[2024-09-05T00:38:18.159+0000] {logging_mixin.py:190} INFO - [2024-09-05T00:38:18.159+0000] {dag.py:3211} INFO - Sync 1 DAGs
[2024-09-05T00:38:18.181+0000] {logging_mixin.py:190} INFO - [2024-09-05T00:38:18.180+0000] {dag.py:4138} INFO - Setting next_dagrun for example_python_operator to None, run_after=None
[2024-09-05T00:38:18.219+0000] {processor.py:208} INFO - Processing /home/airflow/.local/lib/python3.12/site-packages/airflow/example_dags/example_python_operator.py took 0.148 seconds
[2024-09-05T00:38:48.801+0000] {processor.py:186} INFO - Started process (PID=712) to work on /home/airflow/.local/lib/python3.12/site-packages/airflow/example_dags/example_python_operator.py
[2024-09-05T00:38:48.803+0000] {processor.py:914} INFO - Processing file /home/airflow/.local/lib/python3.12/site-packages/airflow/example_dags/example_python_operator.py for tasks to queue
[2024-09-05T00:38:48.808+0000] {logging_mixin.py:190} INFO - [2024-09-05T00:38:48.807+0000] {dagbag.py:587} INFO - Filling up the DagBag from /home/airflow/.local/lib/python3.12/site-packages/airflow/example_dags/example_python_operator.py
[2024-09-05T00:38:48.846+0000] {processor.py:925} INFO - DAG(s) 'example_python_operator' retrieved from /home/airflow/.local/lib/python3.12/site-packages/airflow/example_dags/example_python_operator.py
[2024-09-05T00:38:48.919+0000] {logging_mixin.py:190} INFO - [2024-09-05T00:38:48.918+0000] {dag.py:3211} INFO - Sync 1 DAGs
[2024-09-05T00:38:48.975+0000] {logging_mixin.py:190} INFO - [2024-09-05T00:38:48.974+0000] {dag.py:4138} INFO - Setting next_dagrun for example_python_operator to None, run_after=None
[2024-09-05T00:38:49.041+0000] {processor.py:208} INFO - Processing /home/airflow/.local/lib/python3.12/site-packages/airflow/example_dags/example_python_operator.py took 0.262 seconds
[2024-09-05T00:39:20.408+0000] {processor.py:186} INFO - Started process (PID=775) to work on /home/airflow/.local/lib/python3.12/site-packages/airflow/example_dags/example_python_operator.py
[2024-09-05T00:39:20.410+0000] {processor.py:914} INFO - Processing file /home/airflow/.local/lib/python3.12/site-packages/airflow/example_dags/example_python_operator.py for tasks to queue
[2024-09-05T00:39:20.412+0000] {logging_mixin.py:190} INFO - [2024-09-05T00:39:20.412+0000] {dagbag.py:587} INFO - Filling up the DagBag from /home/airflow/.local/lib/python3.12/site-packages/airflow/example_dags/example_python_operator.py
[2024-09-05T00:39:20.439+0000] {processor.py:925} INFO - DAG(s) 'example_python_operator' retrieved from /home/airflow/.local/lib/python3.12/site-packages/airflow/example_dags/example_python_operator.py
[2024-09-05T00:39:20.537+0000] {logging_mixin.py:190} INFO - [2024-09-05T00:39:20.532+0000] {dag.py:3211} INFO - Sync 1 DAGs
[2024-09-05T00:39:20.619+0000] {logging_mixin.py:190} INFO - [2024-09-05T00:39:20.618+0000] {dag.py:4138} INFO - Setting next_dagrun for example_python_operator to None, run_after=None
[2024-09-05T00:39:20.694+0000] {processor.py:208} INFO - Processing /home/airflow/.local/lib/python3.12/site-packages/airflow/example_dags/example_python_operator.py took 0.306 seconds
[2024-09-05T00:39:51.338+0000] {processor.py:186} INFO - Started process (PID=838) to work on /home/airflow/.local/lib/python3.12/site-packages/airflow/example_dags/example_python_operator.py
[2024-09-05T00:39:51.342+0000] {processor.py:914} INFO - Processing file /home/airflow/.local/lib/python3.12/site-packages/airflow/example_dags/example_python_operator.py for tasks to queue
[2024-09-05T00:39:51.346+0000] {logging_mixin.py:190} INFO - [2024-09-05T00:39:51.345+0000] {dagbag.py:587} INFO - Filling up the DagBag from /home/airflow/.local/lib/python3.12/site-packages/airflow/example_dags/example_python_operator.py
[2024-09-05T00:39:51.375+0000] {processor.py:925} INFO - DAG(s) 'example_python_operator' retrieved from /home/airflow/.local/lib/python3.12/site-packages/airflow/example_dags/example_python_operator.py
[2024-09-05T00:39:51.456+0000] {logging_mixin.py:190} INFO - [2024-09-05T00:39:51.456+0000] {dag.py:3211} INFO - Sync 1 DAGs
[2024-09-05T00:39:51.497+0000] {logging_mixin.py:190} INFO - [2024-09-05T00:39:51.497+0000] {dag.py:4138} INFO - Setting next_dagrun for example_python_operator to None, run_after=None
[2024-09-05T00:39:51.536+0000] {processor.py:208} INFO - Processing /home/airflow/.local/lib/python3.12/site-packages/airflow/example_dags/example_python_operator.py took 0.213 seconds
[2024-09-05T00:40:22.670+0000] {processor.py:186} INFO - Started process (PID=901) to work on /home/airflow/.local/lib/python3.12/site-packages/airflow/example_dags/example_python_operator.py
[2024-09-05T00:40:22.672+0000] {processor.py:914} INFO - Processing file /home/airflow/.local/lib/python3.12/site-packages/airflow/example_dags/example_python_operator.py for tasks to queue
[2024-09-05T00:40:22.675+0000] {logging_mixin.py:190} INFO - [2024-09-05T00:40:22.674+0000] {dagbag.py:587} INFO - Filling up the DagBag from /home/airflow/.local/lib/python3.12/site-packages/airflow/example_dags/example_python_operator.py
[2024-09-05T00:40:22.720+0000] {processor.py:925} INFO - DAG(s) 'example_python_operator' retrieved from /home/airflow/.local/lib/python3.12/site-packages/airflow/example_dags/example_python_operator.py
[2024-09-05T00:40:22.790+0000] {logging_mixin.py:190} INFO - [2024-09-05T00:40:22.788+0000] {dag.py:3211} INFO - Sync 1 DAGs
[2024-09-05T00:40:22.846+0000] {logging_mixin.py:190} INFO - [2024-09-05T00:40:22.846+0000] {dag.py:4138} INFO - Setting next_dagrun for example_python_operator to None, run_after=None
[2024-09-05T00:40:22.908+0000] {processor.py:208} INFO - Processing /home/airflow/.local/lib/python3.12/site-packages/airflow/example_dags/example_python_operator.py took 0.249 seconds
