[2024-09-05T00:04:00.390+0000] {processor.py:186} INFO - Started process (PID=86) to work on /home/airflow/.local/lib/python3.12/site-packages/airflow/example_dags/example_trigger_target_dag.py
[2024-09-05T00:04:00.395+0000] {processor.py:914} INFO - Processing file /home/airflow/.local/lib/python3.12/site-packages/airflow/example_dags/example_trigger_target_dag.py for tasks to queue
[2024-09-05T00:04:00.403+0000] {logging_mixin.py:190} INFO - [2024-09-05T00:04:00.399+0000] {dagbag.py:587} INFO - Filling up the DagBag from /home/airflow/.local/lib/python3.12/site-packages/airflow/example_dags/example_trigger_target_dag.py
[2024-09-05T00:04:00.481+0000] {processor.py:925} INFO - DAG(s) 'example_trigger_target_dag' retrieved from /home/airflow/.local/lib/python3.12/site-packages/airflow/example_dags/example_trigger_target_dag.py
[2024-09-05T00:04:01.346+0000] {logging_mixin.py:190} INFO - [2024-09-05T00:04:01.335+0000] {override.py:1858} INFO - Created Permission View: can delete on DAG:example_trigger_target_dag
[2024-09-05T00:04:01.386+0000] {logging_mixin.py:190} INFO - [2024-09-05T00:04:01.385+0000] {override.py:1858} INFO - Created Permission View: can read on DAG:example_trigger_target_dag
[2024-09-05T00:04:01.450+0000] {logging_mixin.py:190} INFO - [2024-09-05T00:04:01.439+0000] {override.py:1858} INFO - Created Permission View: can edit on DAG:example_trigger_target_dag
[2024-09-05T00:04:01.459+0000] {logging_mixin.py:190} INFO - [2024-09-05T00:04:01.458+0000] {dag.py:3211} INFO - Sync 1 DAGs
[2024-09-05T00:04:01.555+0000] {logging_mixin.py:190} INFO - [2024-09-05T00:04:01.554+0000] {dag.py:3234} INFO - Creating ORM DAG for example_trigger_target_dag
[2024-09-05T00:04:01.560+0000] {logging_mixin.py:190} INFO - [2024-09-05T00:04:01.559+0000] {dag.py:4138} INFO - Setting next_dagrun for example_trigger_target_dag to None, run_after=None
[2024-09-05T00:04:01.634+0000] {processor.py:208} INFO - Processing /home/airflow/.local/lib/python3.12/site-packages/airflow/example_dags/example_trigger_target_dag.py took 1.308 seconds
[2024-09-05T00:04:34.575+0000] {processor.py:186} INFO - Started process (PID=148) to work on /home/airflow/.local/lib/python3.12/site-packages/airflow/example_dags/example_trigger_target_dag.py
[2024-09-05T00:04:34.579+0000] {processor.py:914} INFO - Processing file /home/airflow/.local/lib/python3.12/site-packages/airflow/example_dags/example_trigger_target_dag.py for tasks to queue
[2024-09-05T00:04:34.586+0000] {logging_mixin.py:190} INFO - [2024-09-05T00:04:34.584+0000] {dagbag.py:587} INFO - Filling up the DagBag from /home/airflow/.local/lib/python3.12/site-packages/airflow/example_dags/example_trigger_target_dag.py
[2024-09-05T00:04:34.645+0000] {processor.py:925} INFO - DAG(s) 'example_trigger_target_dag' retrieved from /home/airflow/.local/lib/python3.12/site-packages/airflow/example_dags/example_trigger_target_dag.py
[2024-09-05T00:04:34.791+0000] {logging_mixin.py:190} INFO - [2024-09-05T00:04:34.790+0000] {dag.py:3211} INFO - Sync 1 DAGs
[2024-09-05T00:04:34.957+0000] {logging_mixin.py:190} INFO - [2024-09-05T00:04:34.956+0000] {dag.py:4138} INFO - Setting next_dagrun for example_trigger_target_dag to None, run_after=None
[2024-09-05T00:04:35.094+0000] {processor.py:208} INFO - Processing /home/airflow/.local/lib/python3.12/site-packages/airflow/example_dags/example_trigger_target_dag.py took 0.571 seconds
[2024-09-05T00:05:11.321+0000] {processor.py:186} INFO - Started process (PID=210) to work on /home/airflow/.local/lib/python3.12/site-packages/airflow/example_dags/example_trigger_target_dag.py
[2024-09-05T00:05:11.323+0000] {processor.py:914} INFO - Processing file /home/airflow/.local/lib/python3.12/site-packages/airflow/example_dags/example_trigger_target_dag.py for tasks to queue
[2024-09-05T00:05:11.328+0000] {logging_mixin.py:190} INFO - [2024-09-05T00:05:11.327+0000] {dagbag.py:587} INFO - Filling up the DagBag from /home/airflow/.local/lib/python3.12/site-packages/airflow/example_dags/example_trigger_target_dag.py
[2024-09-05T00:05:11.379+0000] {processor.py:925} INFO - DAG(s) 'example_trigger_target_dag' retrieved from /home/airflow/.local/lib/python3.12/site-packages/airflow/example_dags/example_trigger_target_dag.py
[2024-09-05T00:05:11.548+0000] {logging_mixin.py:190} INFO - [2024-09-05T00:05:11.547+0000] {dag.py:3211} INFO - Sync 1 DAGs
[2024-09-05T00:05:11.677+0000] {logging_mixin.py:190} INFO - [2024-09-05T00:05:11.676+0000] {dag.py:4138} INFO - Setting next_dagrun for example_trigger_target_dag to None, run_after=None
[2024-09-05T00:05:11.797+0000] {processor.py:208} INFO - Processing /home/airflow/.local/lib/python3.12/site-packages/airflow/example_dags/example_trigger_target_dag.py took 0.505 seconds
[2024-09-05T00:13:03.674+0000] {processor.py:186} INFO - Started process (PID=79) to work on /home/airflow/.local/lib/python3.12/site-packages/airflow/example_dags/example_trigger_target_dag.py
[2024-09-05T00:13:03.680+0000] {processor.py:914} INFO - Processing file /home/airflow/.local/lib/python3.12/site-packages/airflow/example_dags/example_trigger_target_dag.py for tasks to queue
[2024-09-05T00:13:03.693+0000] {logging_mixin.py:190} INFO - [2024-09-05T00:13:03.692+0000] {dagbag.py:587} INFO - Filling up the DagBag from /home/airflow/.local/lib/python3.12/site-packages/airflow/example_dags/example_trigger_target_dag.py
[2024-09-05T00:13:03.817+0000] {processor.py:925} INFO - DAG(s) 'example_trigger_target_dag' retrieved from /home/airflow/.local/lib/python3.12/site-packages/airflow/example_dags/example_trigger_target_dag.py
[2024-09-05T00:13:04.008+0000] {logging_mixin.py:190} INFO - [2024-09-05T00:13:04.008+0000] {dag.py:3211} INFO - Sync 1 DAGs
[2024-09-05T00:13:04.276+0000] {logging_mixin.py:190} INFO - [2024-09-05T00:13:04.275+0000] {dag.py:4138} INFO - Setting next_dagrun for example_trigger_target_dag to None, run_after=None
[2024-09-05T00:13:04.811+0000] {processor.py:208} INFO - Processing /home/airflow/.local/lib/python3.12/site-packages/airflow/example_dags/example_trigger_target_dag.py took 1.210 seconds
[2024-09-05T00:13:47.449+0000] {processor.py:186} INFO - Started process (PID=142) to work on /home/airflow/.local/lib/python3.12/site-packages/airflow/example_dags/example_trigger_target_dag.py
[2024-09-05T00:13:47.451+0000] {processor.py:914} INFO - Processing file /home/airflow/.local/lib/python3.12/site-packages/airflow/example_dags/example_trigger_target_dag.py for tasks to queue
[2024-09-05T00:13:47.454+0000] {logging_mixin.py:190} INFO - [2024-09-05T00:13:47.454+0000] {dagbag.py:587} INFO - Filling up the DagBag from /home/airflow/.local/lib/python3.12/site-packages/airflow/example_dags/example_trigger_target_dag.py
[2024-09-05T00:13:47.472+0000] {processor.py:925} INFO - DAG(s) 'example_trigger_target_dag' retrieved from /home/airflow/.local/lib/python3.12/site-packages/airflow/example_dags/example_trigger_target_dag.py
[2024-09-05T00:13:47.521+0000] {logging_mixin.py:190} INFO - [2024-09-05T00:13:47.520+0000] {dag.py:3211} INFO - Sync 1 DAGs
[2024-09-05T00:13:47.565+0000] {logging_mixin.py:190} INFO - [2024-09-05T00:13:47.564+0000] {dag.py:4138} INFO - Setting next_dagrun for example_trigger_target_dag to None, run_after=None
[2024-09-05T00:13:47.619+0000] {processor.py:208} INFO - Processing /home/airflow/.local/lib/python3.12/site-packages/airflow/example_dags/example_trigger_target_dag.py took 0.188 seconds
[2024-09-05T00:14:24.936+0000] {processor.py:186} INFO - Started process (PID=195) to work on /home/airflow/.local/lib/python3.12/site-packages/airflow/example_dags/example_trigger_target_dag.py
[2024-09-05T00:14:24.957+0000] {processor.py:914} INFO - Processing file /home/airflow/.local/lib/python3.12/site-packages/airflow/example_dags/example_trigger_target_dag.py for tasks to queue
[2024-09-05T00:14:24.961+0000] {logging_mixin.py:190} INFO - [2024-09-05T00:14:24.960+0000] {dagbag.py:587} INFO - Filling up the DagBag from /home/airflow/.local/lib/python3.12/site-packages/airflow/example_dags/example_trigger_target_dag.py
[2024-09-05T00:14:25.046+0000] {processor.py:925} INFO - DAG(s) 'example_trigger_target_dag' retrieved from /home/airflow/.local/lib/python3.12/site-packages/airflow/example_dags/example_trigger_target_dag.py
[2024-09-05T00:14:25.188+0000] {logging_mixin.py:190} INFO - [2024-09-05T00:14:25.187+0000] {dag.py:3211} INFO - Sync 1 DAGs
[2024-09-05T00:14:25.300+0000] {logging_mixin.py:190} INFO - [2024-09-05T00:14:25.299+0000] {dag.py:4138} INFO - Setting next_dagrun for example_trigger_target_dag to None, run_after=None
[2024-09-05T00:14:25.421+0000] {processor.py:208} INFO - Processing /home/airflow/.local/lib/python3.12/site-packages/airflow/example_dags/example_trigger_target_dag.py took 0.484 seconds
[2024-09-05T00:14:55.785+0000] {processor.py:186} INFO - Started process (PID=270) to work on /home/airflow/.local/lib/python3.12/site-packages/airflow/example_dags/example_trigger_target_dag.py
[2024-09-05T00:14:55.787+0000] {processor.py:914} INFO - Processing file /home/airflow/.local/lib/python3.12/site-packages/airflow/example_dags/example_trigger_target_dag.py for tasks to queue
[2024-09-05T00:14:55.793+0000] {logging_mixin.py:190} INFO - [2024-09-05T00:14:55.792+0000] {dagbag.py:587} INFO - Filling up the DagBag from /home/airflow/.local/lib/python3.12/site-packages/airflow/example_dags/example_trigger_target_dag.py
[2024-09-05T00:14:55.831+0000] {processor.py:925} INFO - DAG(s) 'example_trigger_target_dag' retrieved from /home/airflow/.local/lib/python3.12/site-packages/airflow/example_dags/example_trigger_target_dag.py
[2024-09-05T00:14:55.908+0000] {logging_mixin.py:190} INFO - [2024-09-05T00:14:55.907+0000] {dag.py:3211} INFO - Sync 1 DAGs
[2024-09-05T00:14:55.974+0000] {logging_mixin.py:190} INFO - [2024-09-05T00:14:55.974+0000] {dag.py:4138} INFO - Setting next_dagrun for example_trigger_target_dag to None, run_after=None
[2024-09-05T00:14:56.021+0000] {processor.py:208} INFO - Processing /home/airflow/.local/lib/python3.12/site-packages/airflow/example_dags/example_trigger_target_dag.py took 0.287 seconds
[2024-09-05T00:32:24.198+0000] {processor.py:186} INFO - Started process (PID=94) to work on /home/airflow/.local/lib/python3.12/site-packages/airflow/example_dags/example_trigger_target_dag.py
[2024-09-05T00:32:24.208+0000] {processor.py:914} INFO - Processing file /home/airflow/.local/lib/python3.12/site-packages/airflow/example_dags/example_trigger_target_dag.py for tasks to queue
[2024-09-05T00:32:24.213+0000] {logging_mixin.py:190} INFO - [2024-09-05T00:32:24.212+0000] {dagbag.py:587} INFO - Filling up the DagBag from /home/airflow/.local/lib/python3.12/site-packages/airflow/example_dags/example_trigger_target_dag.py
[2024-09-05T00:32:24.267+0000] {processor.py:925} INFO - DAG(s) 'example_trigger_target_dag' retrieved from /home/airflow/.local/lib/python3.12/site-packages/airflow/example_dags/example_trigger_target_dag.py
[2024-09-05T00:32:24.917+0000] {logging_mixin.py:190} INFO - [2024-09-05T00:32:24.912+0000] {dag.py:3211} INFO - Sync 1 DAGs
[2024-09-05T00:32:25.291+0000] {logging_mixin.py:190} INFO - [2024-09-05T00:32:25.291+0000] {dag.py:4138} INFO - Setting next_dagrun for example_trigger_target_dag to None, run_after=None
[2024-09-05T00:32:25.536+0000] {processor.py:208} INFO - Processing /home/airflow/.local/lib/python3.12/site-packages/airflow/example_dags/example_trigger_target_dag.py took 1.367 seconds
[2024-09-05T00:32:55.997+0000] {processor.py:186} INFO - Started process (PID=161) to work on /home/airflow/.local/lib/python3.12/site-packages/airflow/example_dags/example_trigger_target_dag.py
[2024-09-05T00:32:56.010+0000] {processor.py:914} INFO - Processing file /home/airflow/.local/lib/python3.12/site-packages/airflow/example_dags/example_trigger_target_dag.py for tasks to queue
[2024-09-05T00:32:56.040+0000] {logging_mixin.py:190} INFO - [2024-09-05T00:32:56.028+0000] {dagbag.py:587} INFO - Filling up the DagBag from /home/airflow/.local/lib/python3.12/site-packages/airflow/example_dags/example_trigger_target_dag.py
[2024-09-05T00:32:56.231+0000] {processor.py:925} INFO - DAG(s) 'example_trigger_target_dag' retrieved from /home/airflow/.local/lib/python3.12/site-packages/airflow/example_dags/example_trigger_target_dag.py
[2024-09-05T00:32:56.376+0000] {logging_mixin.py:190} INFO - [2024-09-05T00:32:56.375+0000] {dag.py:3211} INFO - Sync 1 DAGs
[2024-09-05T00:32:56.467+0000] {logging_mixin.py:190} INFO - [2024-09-05T00:32:56.466+0000] {dag.py:4138} INFO - Setting next_dagrun for example_trigger_target_dag to None, run_after=None
[2024-09-05T00:32:56.576+0000] {processor.py:208} INFO - Processing /home/airflow/.local/lib/python3.12/site-packages/airflow/example_dags/example_trigger_target_dag.py took 0.714 seconds
[2024-09-05T00:33:26.922+0000] {processor.py:186} INFO - Started process (PID=224) to work on /home/airflow/.local/lib/python3.12/site-packages/airflow/example_dags/example_trigger_target_dag.py
[2024-09-05T00:33:26.924+0000] {processor.py:914} INFO - Processing file /home/airflow/.local/lib/python3.12/site-packages/airflow/example_dags/example_trigger_target_dag.py for tasks to queue
[2024-09-05T00:33:26.929+0000] {logging_mixin.py:190} INFO - [2024-09-05T00:33:26.928+0000] {dagbag.py:587} INFO - Filling up the DagBag from /home/airflow/.local/lib/python3.12/site-packages/airflow/example_dags/example_trigger_target_dag.py
[2024-09-05T00:33:26.944+0000] {processor.py:925} INFO - DAG(s) 'example_trigger_target_dag' retrieved from /home/airflow/.local/lib/python3.12/site-packages/airflow/example_dags/example_trigger_target_dag.py
[2024-09-05T00:33:26.984+0000] {logging_mixin.py:190} INFO - [2024-09-05T00:33:26.984+0000] {dag.py:3211} INFO - Sync 1 DAGs
[2024-09-05T00:33:27.018+0000] {logging_mixin.py:190} INFO - [2024-09-05T00:33:27.017+0000] {dag.py:4138} INFO - Setting next_dagrun for example_trigger_target_dag to None, run_after=None
[2024-09-05T00:33:27.099+0000] {processor.py:208} INFO - Processing /home/airflow/.local/lib/python3.12/site-packages/airflow/example_dags/example_trigger_target_dag.py took 0.189 seconds
[2024-09-05T00:33:57.346+0000] {processor.py:186} INFO - Started process (PID=286) to work on /home/airflow/.local/lib/python3.12/site-packages/airflow/example_dags/example_trigger_target_dag.py
[2024-09-05T00:33:57.349+0000] {processor.py:914} INFO - Processing file /home/airflow/.local/lib/python3.12/site-packages/airflow/example_dags/example_trigger_target_dag.py for tasks to queue
[2024-09-05T00:33:57.353+0000] {logging_mixin.py:190} INFO - [2024-09-05T00:33:57.352+0000] {dagbag.py:587} INFO - Filling up the DagBag from /home/airflow/.local/lib/python3.12/site-packages/airflow/example_dags/example_trigger_target_dag.py
[2024-09-05T00:33:57.368+0000] {processor.py:925} INFO - DAG(s) 'example_trigger_target_dag' retrieved from /home/airflow/.local/lib/python3.12/site-packages/airflow/example_dags/example_trigger_target_dag.py
[2024-09-05T00:33:57.413+0000] {logging_mixin.py:190} INFO - [2024-09-05T00:33:57.412+0000] {dag.py:3211} INFO - Sync 1 DAGs
[2024-09-05T00:33:57.444+0000] {logging_mixin.py:190} INFO - [2024-09-05T00:33:57.443+0000] {dag.py:4138} INFO - Setting next_dagrun for example_trigger_target_dag to None, run_after=None
[2024-09-05T00:33:57.498+0000] {processor.py:208} INFO - Processing /home/airflow/.local/lib/python3.12/site-packages/airflow/example_dags/example_trigger_target_dag.py took 0.168 seconds
[2024-09-05T00:36:07.247+0000] {processor.py:186} INFO - Started process (PID=369) to work on /home/airflow/.local/lib/python3.12/site-packages/airflow/example_dags/example_trigger_target_dag.py
[2024-09-05T00:36:07.249+0000] {processor.py:914} INFO - Processing file /home/airflow/.local/lib/python3.12/site-packages/airflow/example_dags/example_trigger_target_dag.py for tasks to queue
[2024-09-05T00:36:07.252+0000] {logging_mixin.py:190} INFO - [2024-09-05T00:36:07.251+0000] {dagbag.py:587} INFO - Filling up the DagBag from /home/airflow/.local/lib/python3.12/site-packages/airflow/example_dags/example_trigger_target_dag.py
[2024-09-05T00:36:07.272+0000] {processor.py:925} INFO - DAG(s) 'example_trigger_target_dag' retrieved from /home/airflow/.local/lib/python3.12/site-packages/airflow/example_dags/example_trigger_target_dag.py
[2024-09-05T00:36:07.316+0000] {logging_mixin.py:190} INFO - [2024-09-05T00:36:07.315+0000] {dag.py:3211} INFO - Sync 1 DAGs
[2024-09-05T00:36:07.364+0000] {logging_mixin.py:190} INFO - [2024-09-05T00:36:07.364+0000] {dag.py:4138} INFO - Setting next_dagrun for example_trigger_target_dag to None, run_after=None
[2024-09-05T00:36:07.420+0000] {processor.py:208} INFO - Processing /home/airflow/.local/lib/python3.12/site-packages/airflow/example_dags/example_trigger_target_dag.py took 0.188 seconds
[2024-09-05T00:36:37.797+0000] {processor.py:186} INFO - Started process (PID=432) to work on /home/airflow/.local/lib/python3.12/site-packages/airflow/example_dags/example_trigger_target_dag.py
[2024-09-05T00:36:37.798+0000] {processor.py:914} INFO - Processing file /home/airflow/.local/lib/python3.12/site-packages/airflow/example_dags/example_trigger_target_dag.py for tasks to queue
[2024-09-05T00:36:37.803+0000] {logging_mixin.py:190} INFO - [2024-09-05T00:36:37.801+0000] {dagbag.py:587} INFO - Filling up the DagBag from /home/airflow/.local/lib/python3.12/site-packages/airflow/example_dags/example_trigger_target_dag.py
[2024-09-05T00:36:37.821+0000] {processor.py:925} INFO - DAG(s) 'example_trigger_target_dag' retrieved from /home/airflow/.local/lib/python3.12/site-packages/airflow/example_dags/example_trigger_target_dag.py
[2024-09-05T00:36:37.865+0000] {logging_mixin.py:190} INFO - [2024-09-05T00:36:37.864+0000] {dag.py:3211} INFO - Sync 1 DAGs
[2024-09-05T00:36:37.908+0000] {logging_mixin.py:190} INFO - [2024-09-05T00:36:37.908+0000] {dag.py:4138} INFO - Setting next_dagrun for example_trigger_target_dag to None, run_after=None
[2024-09-05T00:36:37.967+0000] {processor.py:208} INFO - Processing /home/airflow/.local/lib/python3.12/site-packages/airflow/example_dags/example_trigger_target_dag.py took 0.181 seconds
[2024-09-05T00:37:10.338+0000] {processor.py:186} INFO - Started process (PID=495) to work on /home/airflow/.local/lib/python3.12/site-packages/airflow/example_dags/example_trigger_target_dag.py
[2024-09-05T00:37:10.344+0000] {processor.py:914} INFO - Processing file /home/airflow/.local/lib/python3.12/site-packages/airflow/example_dags/example_trigger_target_dag.py for tasks to queue
[2024-09-05T00:37:10.348+0000] {logging_mixin.py:190} INFO - [2024-09-05T00:37:10.347+0000] {dagbag.py:587} INFO - Filling up the DagBag from /home/airflow/.local/lib/python3.12/site-packages/airflow/example_dags/example_trigger_target_dag.py
[2024-09-05T00:37:10.374+0000] {processor.py:925} INFO - DAG(s) 'example_trigger_target_dag' retrieved from /home/airflow/.local/lib/python3.12/site-packages/airflow/example_dags/example_trigger_target_dag.py
[2024-09-05T00:37:10.428+0000] {logging_mixin.py:190} INFO - [2024-09-05T00:37:10.428+0000] {dag.py:3211} INFO - Sync 1 DAGs
[2024-09-05T00:37:10.470+0000] {logging_mixin.py:190} INFO - [2024-09-05T00:37:10.470+0000] {dag.py:4138} INFO - Setting next_dagrun for example_trigger_target_dag to None, run_after=None
[2024-09-05T00:37:10.517+0000] {processor.py:208} INFO - Processing /home/airflow/.local/lib/python3.12/site-packages/airflow/example_dags/example_trigger_target_dag.py took 0.194 seconds
[2024-09-05T00:37:40.814+0000] {processor.py:186} INFO - Started process (PID=558) to work on /home/airflow/.local/lib/python3.12/site-packages/airflow/example_dags/example_trigger_target_dag.py
[2024-09-05T00:37:40.816+0000] {processor.py:914} INFO - Processing file /home/airflow/.local/lib/python3.12/site-packages/airflow/example_dags/example_trigger_target_dag.py for tasks to queue
[2024-09-05T00:37:40.818+0000] {logging_mixin.py:190} INFO - [2024-09-05T00:37:40.817+0000] {dagbag.py:587} INFO - Filling up the DagBag from /home/airflow/.local/lib/python3.12/site-packages/airflow/example_dags/example_trigger_target_dag.py
[2024-09-05T00:37:40.846+0000] {processor.py:925} INFO - DAG(s) 'example_trigger_target_dag' retrieved from /home/airflow/.local/lib/python3.12/site-packages/airflow/example_dags/example_trigger_target_dag.py
[2024-09-05T00:37:40.881+0000] {logging_mixin.py:190} INFO - [2024-09-05T00:37:40.881+0000] {dag.py:3211} INFO - Sync 1 DAGs
[2024-09-05T00:37:40.915+0000] {logging_mixin.py:190} INFO - [2024-09-05T00:37:40.914+0000] {dag.py:4138} INFO - Setting next_dagrun for example_trigger_target_dag to None, run_after=None
[2024-09-05T00:37:40.957+0000] {processor.py:208} INFO - Processing /home/airflow/.local/lib/python3.12/site-packages/airflow/example_dags/example_trigger_target_dag.py took 0.154 seconds
[2024-09-05T00:38:11.798+0000] {processor.py:186} INFO - Started process (PID=621) to work on /home/airflow/.local/lib/python3.12/site-packages/airflow/example_dags/example_trigger_target_dag.py
[2024-09-05T00:38:11.799+0000] {processor.py:914} INFO - Processing file /home/airflow/.local/lib/python3.12/site-packages/airflow/example_dags/example_trigger_target_dag.py for tasks to queue
[2024-09-05T00:38:11.803+0000] {logging_mixin.py:190} INFO - [2024-09-05T00:38:11.802+0000] {dagbag.py:587} INFO - Filling up the DagBag from /home/airflow/.local/lib/python3.12/site-packages/airflow/example_dags/example_trigger_target_dag.py
[2024-09-05T00:38:11.832+0000] {processor.py:925} INFO - DAG(s) 'example_trigger_target_dag' retrieved from /home/airflow/.local/lib/python3.12/site-packages/airflow/example_dags/example_trigger_target_dag.py
[2024-09-05T00:38:11.892+0000] {logging_mixin.py:190} INFO - [2024-09-05T00:38:11.891+0000] {dag.py:3211} INFO - Sync 1 DAGs
[2024-09-05T00:38:11.932+0000] {logging_mixin.py:190} INFO - [2024-09-05T00:38:11.931+0000] {dag.py:4138} INFO - Setting next_dagrun for example_trigger_target_dag to None, run_after=None
[2024-09-05T00:38:11.990+0000] {processor.py:208} INFO - Processing /home/airflow/.local/lib/python3.12/site-packages/airflow/example_dags/example_trigger_target_dag.py took 0.226 seconds
[2024-09-05T00:38:42.719+0000] {processor.py:186} INFO - Started process (PID=684) to work on /home/airflow/.local/lib/python3.12/site-packages/airflow/example_dags/example_trigger_target_dag.py
[2024-09-05T00:38:42.722+0000] {processor.py:914} INFO - Processing file /home/airflow/.local/lib/python3.12/site-packages/airflow/example_dags/example_trigger_target_dag.py for tasks to queue
[2024-09-05T00:38:42.730+0000] {logging_mixin.py:190} INFO - [2024-09-05T00:38:42.729+0000] {dagbag.py:587} INFO - Filling up the DagBag from /home/airflow/.local/lib/python3.12/site-packages/airflow/example_dags/example_trigger_target_dag.py
[2024-09-05T00:38:42.775+0000] {processor.py:925} INFO - DAG(s) 'example_trigger_target_dag' retrieved from /home/airflow/.local/lib/python3.12/site-packages/airflow/example_dags/example_trigger_target_dag.py
[2024-09-05T00:38:42.865+0000] {logging_mixin.py:190} INFO - [2024-09-05T00:38:42.859+0000] {dag.py:3211} INFO - Sync 1 DAGs
[2024-09-05T00:38:42.945+0000] {logging_mixin.py:190} INFO - [2024-09-05T00:38:42.944+0000] {dag.py:4138} INFO - Setting next_dagrun for example_trigger_target_dag to None, run_after=None
[2024-09-05T00:38:43.056+0000] {processor.py:208} INFO - Processing /home/airflow/.local/lib/python3.12/site-packages/airflow/example_dags/example_trigger_target_dag.py took 0.364 seconds
[2024-09-05T00:39:13.803+0000] {processor.py:186} INFO - Started process (PID=748) to work on /home/airflow/.local/lib/python3.12/site-packages/airflow/example_dags/example_trigger_target_dag.py
[2024-09-05T00:39:13.806+0000] {processor.py:914} INFO - Processing file /home/airflow/.local/lib/python3.12/site-packages/airflow/example_dags/example_trigger_target_dag.py for tasks to queue
[2024-09-05T00:39:13.811+0000] {logging_mixin.py:190} INFO - [2024-09-05T00:39:13.810+0000] {dagbag.py:587} INFO - Filling up the DagBag from /home/airflow/.local/lib/python3.12/site-packages/airflow/example_dags/example_trigger_target_dag.py
[2024-09-05T00:39:13.829+0000] {processor.py:925} INFO - DAG(s) 'example_trigger_target_dag' retrieved from /home/airflow/.local/lib/python3.12/site-packages/airflow/example_dags/example_trigger_target_dag.py
[2024-09-05T00:39:13.891+0000] {logging_mixin.py:190} INFO - [2024-09-05T00:39:13.890+0000] {dag.py:3211} INFO - Sync 1 DAGs
[2024-09-05T00:39:13.929+0000] {logging_mixin.py:190} INFO - [2024-09-05T00:39:13.928+0000] {dag.py:4138} INFO - Setting next_dagrun for example_trigger_target_dag to None, run_after=None
[2024-09-05T00:39:13.980+0000] {processor.py:208} INFO - Processing /home/airflow/.local/lib/python3.12/site-packages/airflow/example_dags/example_trigger_target_dag.py took 0.193 seconds
[2024-09-05T00:39:44.255+0000] {processor.py:186} INFO - Started process (PID=810) to work on /home/airflow/.local/lib/python3.12/site-packages/airflow/example_dags/example_trigger_target_dag.py
[2024-09-05T00:39:44.257+0000] {processor.py:914} INFO - Processing file /home/airflow/.local/lib/python3.12/site-packages/airflow/example_dags/example_trigger_target_dag.py for tasks to queue
[2024-09-05T00:39:44.260+0000] {logging_mixin.py:190} INFO - [2024-09-05T00:39:44.259+0000] {dagbag.py:587} INFO - Filling up the DagBag from /home/airflow/.local/lib/python3.12/site-packages/airflow/example_dags/example_trigger_target_dag.py
[2024-09-05T00:39:44.283+0000] {processor.py:925} INFO - DAG(s) 'example_trigger_target_dag' retrieved from /home/airflow/.local/lib/python3.12/site-packages/airflow/example_dags/example_trigger_target_dag.py
[2024-09-05T00:39:44.350+0000] {logging_mixin.py:190} INFO - [2024-09-05T00:39:44.349+0000] {dag.py:3211} INFO - Sync 1 DAGs
[2024-09-05T00:39:44.412+0000] {logging_mixin.py:190} INFO - [2024-09-05T00:39:44.412+0000] {dag.py:4138} INFO - Setting next_dagrun for example_trigger_target_dag to None, run_after=None
[2024-09-05T00:39:44.473+0000] {processor.py:208} INFO - Processing /home/airflow/.local/lib/python3.12/site-packages/airflow/example_dags/example_trigger_target_dag.py took 0.240 seconds
[2024-09-05T00:40:17.162+0000] {processor.py:186} INFO - Started process (PID=873) to work on /home/airflow/.local/lib/python3.12/site-packages/airflow/example_dags/example_trigger_target_dag.py
[2024-09-05T00:40:17.165+0000] {processor.py:914} INFO - Processing file /home/airflow/.local/lib/python3.12/site-packages/airflow/example_dags/example_trigger_target_dag.py for tasks to queue
[2024-09-05T00:40:17.178+0000] {logging_mixin.py:190} INFO - [2024-09-05T00:40:17.177+0000] {dagbag.py:587} INFO - Filling up the DagBag from /home/airflow/.local/lib/python3.12/site-packages/airflow/example_dags/example_trigger_target_dag.py
[2024-09-05T00:40:17.206+0000] {processor.py:925} INFO - DAG(s) 'example_trigger_target_dag' retrieved from /home/airflow/.local/lib/python3.12/site-packages/airflow/example_dags/example_trigger_target_dag.py
[2024-09-05T00:40:17.285+0000] {logging_mixin.py:190} INFO - [2024-09-05T00:40:17.284+0000] {dag.py:3211} INFO - Sync 1 DAGs
[2024-09-05T00:40:17.344+0000] {logging_mixin.py:190} INFO - [2024-09-05T00:40:17.343+0000] {dag.py:4138} INFO - Setting next_dagrun for example_trigger_target_dag to None, run_after=None
[2024-09-05T00:40:17.450+0000] {processor.py:208} INFO - Processing /home/airflow/.local/lib/python3.12/site-packages/airflow/example_dags/example_trigger_target_dag.py took 0.311 seconds
[2024-09-05T00:41:07.405+0000] {processor.py:186} INFO - Started process (PID=941) to work on /home/airflow/.local/lib/python3.12/site-packages/airflow/example_dags/example_trigger_target_dag.py
[2024-09-05T00:41:07.423+0000] {processor.py:914} INFO - Processing file /home/airflow/.local/lib/python3.12/site-packages/airflow/example_dags/example_trigger_target_dag.py for tasks to queue
[2024-09-05T00:41:07.497+0000] {logging_mixin.py:190} INFO - [2024-09-05T00:41:07.494+0000] {dagbag.py:587} INFO - Filling up the DagBag from /home/airflow/.local/lib/python3.12/site-packages/airflow/example_dags/example_trigger_target_dag.py
[2024-09-05T00:41:07.800+0000] {processor.py:925} INFO - DAG(s) 'example_trigger_target_dag' retrieved from /home/airflow/.local/lib/python3.12/site-packages/airflow/example_dags/example_trigger_target_dag.py
[2024-09-05T00:41:08.499+0000] {logging_mixin.py:190} INFO - [2024-09-05T00:41:08.487+0000] {dag.py:3211} INFO - Sync 1 DAGs
[2024-09-05T00:41:09.450+0000] {logging_mixin.py:190} INFO - [2024-09-05T00:41:09.443+0000] {dag.py:4138} INFO - Setting next_dagrun for example_trigger_target_dag to None, run_after=None
[2024-09-05T00:41:10.448+0000] {processor.py:208} INFO - Processing /home/airflow/.local/lib/python3.12/site-packages/airflow/example_dags/example_trigger_target_dag.py took 3.299 seconds
