[2024-09-05T00:04:11.962+0000] {processor.py:186} INFO - Started process (PID=102) to work on /home/airflow/.local/lib/python3.12/site-packages/airflow/example_dags/example_sensor_decorator.py
[2024-09-05T00:04:11.964+0000] {processor.py:914} INFO - Processing file /home/airflow/.local/lib/python3.12/site-packages/airflow/example_dags/example_sensor_decorator.py for tasks to queue
[2024-09-05T00:04:11.967+0000] {logging_mixin.py:190} INFO - [2024-09-05T00:04:11.966+0000] {dagbag.py:587} INFO - Filling up the DagBag from /home/airflow/.local/lib/python3.12/site-packages/airflow/example_dags/example_sensor_decorator.py
[2024-09-05T00:04:12.001+0000] {processor.py:925} INFO - DAG(s) 'example_sensor_decorator' retrieved from /home/airflow/.local/lib/python3.12/site-packages/airflow/example_dags/example_sensor_decorator.py
[2024-09-05T00:04:12.427+0000] {logging_mixin.py:190} INFO - [2024-09-05T00:04:12.425+0000] {override.py:1858} INFO - Created Permission View: can delete on DAG:example_sensor_decorator
[2024-09-05T00:04:12.463+0000] {logging_mixin.py:190} INFO - [2024-09-05T00:04:12.462+0000] {override.py:1858} INFO - Created Permission View: can read on DAG:example_sensor_decorator
[2024-09-05T00:04:12.485+0000] {logging_mixin.py:190} INFO - [2024-09-05T00:04:12.484+0000] {override.py:1858} INFO - Created Permission View: can edit on DAG:example_sensor_decorator
[2024-09-05T00:04:12.488+0000] {logging_mixin.py:190} INFO - [2024-09-05T00:04:12.487+0000] {dag.py:3211} INFO - Sync 1 DAGs
[2024-09-05T00:04:12.533+0000] {logging_mixin.py:190} INFO - [2024-09-05T00:04:12.532+0000] {dag.py:3234} INFO - Creating ORM DAG for example_sensor_decorator
[2024-09-05T00:04:12.536+0000] {logging_mixin.py:190} INFO - [2024-09-05T00:04:12.535+0000] {dag.py:4138} INFO - Setting next_dagrun for example_sensor_decorator to None, run_after=None
[2024-09-05T00:04:12.610+0000] {processor.py:208} INFO - Processing /home/airflow/.local/lib/python3.12/site-packages/airflow/example_dags/example_sensor_decorator.py took 0.670 seconds
[2024-09-05T00:04:44.212+0000] {processor.py:186} INFO - Started process (PID=164) to work on /home/airflow/.local/lib/python3.12/site-packages/airflow/example_dags/example_sensor_decorator.py
[2024-09-05T00:04:44.226+0000] {processor.py:914} INFO - Processing file /home/airflow/.local/lib/python3.12/site-packages/airflow/example_dags/example_sensor_decorator.py for tasks to queue
[2024-09-05T00:04:44.245+0000] {logging_mixin.py:190} INFO - [2024-09-05T00:04:44.242+0000] {dagbag.py:587} INFO - Filling up the DagBag from /home/airflow/.local/lib/python3.12/site-packages/airflow/example_dags/example_sensor_decorator.py
[2024-09-05T00:04:44.371+0000] {processor.py:925} INFO - DAG(s) 'example_sensor_decorator' retrieved from /home/airflow/.local/lib/python3.12/site-packages/airflow/example_dags/example_sensor_decorator.py
[2024-09-05T00:04:44.599+0000] {logging_mixin.py:190} INFO - [2024-09-05T00:04:44.598+0000] {dag.py:3211} INFO - Sync 1 DAGs
[2024-09-05T00:04:44.835+0000] {logging_mixin.py:190} INFO - [2024-09-05T00:04:44.834+0000] {dag.py:4138} INFO - Setting next_dagrun for example_sensor_decorator to None, run_after=None
[2024-09-05T00:04:45.096+0000] {processor.py:208} INFO - Processing /home/airflow/.local/lib/python3.12/site-packages/airflow/example_dags/example_sensor_decorator.py took 0.937 seconds
[2024-09-05T00:05:15.772+0000] {processor.py:186} INFO - Started process (PID=226) to work on /home/airflow/.local/lib/python3.12/site-packages/airflow/example_dags/example_sensor_decorator.py
[2024-09-05T00:05:15.774+0000] {processor.py:914} INFO - Processing file /home/airflow/.local/lib/python3.12/site-packages/airflow/example_dags/example_sensor_decorator.py for tasks to queue
[2024-09-05T00:05:15.779+0000] {logging_mixin.py:190} INFO - [2024-09-05T00:05:15.778+0000] {dagbag.py:587} INFO - Filling up the DagBag from /home/airflow/.local/lib/python3.12/site-packages/airflow/example_dags/example_sensor_decorator.py
[2024-09-05T00:05:15.812+0000] {processor.py:925} INFO - DAG(s) 'example_sensor_decorator' retrieved from /home/airflow/.local/lib/python3.12/site-packages/airflow/example_dags/example_sensor_decorator.py
[2024-09-05T00:05:15.868+0000] {logging_mixin.py:190} INFO - [2024-09-05T00:05:15.868+0000] {dag.py:3211} INFO - Sync 1 DAGs
[2024-09-05T00:05:15.911+0000] {logging_mixin.py:190} INFO - [2024-09-05T00:05:15.910+0000] {dag.py:4138} INFO - Setting next_dagrun for example_sensor_decorator to None, run_after=None
[2024-09-05T00:05:15.964+0000] {processor.py:208} INFO - Processing /home/airflow/.local/lib/python3.12/site-packages/airflow/example_dags/example_sensor_decorator.py took 0.215 seconds
[2024-09-05T00:13:28.449+0000] {processor.py:186} INFO - Started process (PID=95) to work on /home/airflow/.local/lib/python3.12/site-packages/airflow/example_dags/example_sensor_decorator.py
[2024-09-05T00:13:28.479+0000] {processor.py:914} INFO - Processing file /home/airflow/.local/lib/python3.12/site-packages/airflow/example_dags/example_sensor_decorator.py for tasks to queue
[2024-09-05T00:13:28.553+0000] {logging_mixin.py:190} INFO - [2024-09-05T00:13:28.543+0000] {dagbag.py:587} INFO - Filling up the DagBag from /home/airflow/.local/lib/python3.12/site-packages/airflow/example_dags/example_sensor_decorator.py
[2024-09-05T00:13:28.920+0000] {processor.py:925} INFO - DAG(s) 'example_sensor_decorator' retrieved from /home/airflow/.local/lib/python3.12/site-packages/airflow/example_dags/example_sensor_decorator.py
[2024-09-05T00:13:29.946+0000] {logging_mixin.py:190} INFO - [2024-09-05T00:13:29.945+0000] {dag.py:3211} INFO - Sync 1 DAGs
[2024-09-05T00:13:30.396+0000] {logging_mixin.py:190} INFO - [2024-09-05T00:13:30.395+0000] {dag.py:4138} INFO - Setting next_dagrun for example_sensor_decorator to None, run_after=None
[2024-09-05T00:13:30.627+0000] {processor.py:208} INFO - Processing /home/airflow/.local/lib/python3.12/site-packages/airflow/example_dags/example_sensor_decorator.py took 2.288 seconds
[2024-09-05T00:14:01.011+0000] {processor.py:186} INFO - Started process (PID=158) to work on /home/airflow/.local/lib/python3.12/site-packages/airflow/example_dags/example_sensor_decorator.py
[2024-09-05T00:14:01.013+0000] {processor.py:914} INFO - Processing file /home/airflow/.local/lib/python3.12/site-packages/airflow/example_dags/example_sensor_decorator.py for tasks to queue
[2024-09-05T00:14:01.016+0000] {logging_mixin.py:190} INFO - [2024-09-05T00:14:01.015+0000] {dagbag.py:587} INFO - Filling up the DagBag from /home/airflow/.local/lib/python3.12/site-packages/airflow/example_dags/example_sensor_decorator.py
[2024-09-05T00:14:01.048+0000] {processor.py:925} INFO - DAG(s) 'example_sensor_decorator' retrieved from /home/airflow/.local/lib/python3.12/site-packages/airflow/example_dags/example_sensor_decorator.py
[2024-09-05T00:14:01.112+0000] {logging_mixin.py:190} INFO - [2024-09-05T00:14:01.111+0000] {dag.py:3211} INFO - Sync 1 DAGs
[2024-09-05T00:14:01.168+0000] {logging_mixin.py:190} INFO - [2024-09-05T00:14:01.168+0000] {dag.py:4138} INFO - Setting next_dagrun for example_sensor_decorator to None, run_after=None
[2024-09-05T00:14:01.232+0000] {processor.py:208} INFO - Processing /home/airflow/.local/lib/python3.12/site-packages/airflow/example_dags/example_sensor_decorator.py took 0.244 seconds
[2024-09-05T00:14:32.140+0000] {processor.py:186} INFO - Started process (PID=221) to work on /home/airflow/.local/lib/python3.12/site-packages/airflow/example_dags/example_sensor_decorator.py
[2024-09-05T00:14:32.143+0000] {processor.py:914} INFO - Processing file /home/airflow/.local/lib/python3.12/site-packages/airflow/example_dags/example_sensor_decorator.py for tasks to queue
[2024-09-05T00:14:32.146+0000] {logging_mixin.py:190} INFO - [2024-09-05T00:14:32.145+0000] {dagbag.py:587} INFO - Filling up the DagBag from /home/airflow/.local/lib/python3.12/site-packages/airflow/example_dags/example_sensor_decorator.py
[2024-09-05T00:14:32.166+0000] {processor.py:925} INFO - DAG(s) 'example_sensor_decorator' retrieved from /home/airflow/.local/lib/python3.12/site-packages/airflow/example_dags/example_sensor_decorator.py
[2024-09-05T00:14:32.302+0000] {logging_mixin.py:190} INFO - [2024-09-05T00:14:32.301+0000] {dag.py:3211} INFO - Sync 1 DAGs
[2024-09-05T00:14:32.391+0000] {logging_mixin.py:190} INFO - [2024-09-05T00:14:32.391+0000] {dag.py:4138} INFO - Setting next_dagrun for example_sensor_decorator to None, run_after=None
[2024-09-05T00:14:32.511+0000] {processor.py:208} INFO - Processing /home/airflow/.local/lib/python3.12/site-packages/airflow/example_dags/example_sensor_decorator.py took 0.392 seconds
[2024-09-05T00:15:05.420+0000] {processor.py:186} INFO - Started process (PID=302) to work on /home/airflow/.local/lib/python3.12/site-packages/airflow/example_dags/example_sensor_decorator.py
[2024-09-05T00:15:05.428+0000] {processor.py:914} INFO - Processing file /home/airflow/.local/lib/python3.12/site-packages/airflow/example_dags/example_sensor_decorator.py for tasks to queue
[2024-09-05T00:15:05.442+0000] {logging_mixin.py:190} INFO - [2024-09-05T00:15:05.440+0000] {dagbag.py:587} INFO - Filling up the DagBag from /home/airflow/.local/lib/python3.12/site-packages/airflow/example_dags/example_sensor_decorator.py
[2024-09-05T00:15:05.501+0000] {processor.py:925} INFO - DAG(s) 'example_sensor_decorator' retrieved from /home/airflow/.local/lib/python3.12/site-packages/airflow/example_dags/example_sensor_decorator.py
[2024-09-05T00:15:05.599+0000] {logging_mixin.py:190} INFO - [2024-09-05T00:15:05.598+0000] {dag.py:3211} INFO - Sync 1 DAGs
[2024-09-05T00:15:05.692+0000] {logging_mixin.py:190} INFO - [2024-09-05T00:15:05.691+0000] {dag.py:4138} INFO - Setting next_dagrun for example_sensor_decorator to None, run_after=None
[2024-09-05T00:15:05.808+0000] {processor.py:208} INFO - Processing /home/airflow/.local/lib/python3.12/site-packages/airflow/example_dags/example_sensor_decorator.py took 0.420 seconds
[2024-09-05T00:32:34.342+0000] {processor.py:186} INFO - Started process (PID=115) to work on /home/airflow/.local/lib/python3.12/site-packages/airflow/example_dags/example_sensor_decorator.py
[2024-09-05T00:32:34.366+0000] {processor.py:914} INFO - Processing file /home/airflow/.local/lib/python3.12/site-packages/airflow/example_dags/example_sensor_decorator.py for tasks to queue
[2024-09-05T00:32:34.387+0000] {logging_mixin.py:190} INFO - [2024-09-05T00:32:34.386+0000] {dagbag.py:587} INFO - Filling up the DagBag from /home/airflow/.local/lib/python3.12/site-packages/airflow/example_dags/example_sensor_decorator.py
[2024-09-05T00:32:34.473+0000] {processor.py:925} INFO - DAG(s) 'example_sensor_decorator' retrieved from /home/airflow/.local/lib/python3.12/site-packages/airflow/example_dags/example_sensor_decorator.py
[2024-09-05T00:32:35.061+0000] {logging_mixin.py:190} INFO - [2024-09-05T00:32:35.060+0000] {dag.py:3211} INFO - Sync 1 DAGs
[2024-09-05T00:32:35.319+0000] {logging_mixin.py:190} INFO - [2024-09-05T00:32:35.318+0000] {dag.py:4138} INFO - Setting next_dagrun for example_sensor_decorator to None, run_after=None
[2024-09-05T00:32:35.697+0000] {processor.py:208} INFO - Processing /home/airflow/.local/lib/python3.12/site-packages/airflow/example_dags/example_sensor_decorator.py took 1.378 seconds
[2024-09-05T00:33:06.280+0000] {processor.py:186} INFO - Started process (PID=178) to work on /home/airflow/.local/lib/python3.12/site-packages/airflow/example_dags/example_sensor_decorator.py
[2024-09-05T00:33:06.282+0000] {processor.py:914} INFO - Processing file /home/airflow/.local/lib/python3.12/site-packages/airflow/example_dags/example_sensor_decorator.py for tasks to queue
[2024-09-05T00:33:06.284+0000] {logging_mixin.py:190} INFO - [2024-09-05T00:33:06.283+0000] {dagbag.py:587} INFO - Filling up the DagBag from /home/airflow/.local/lib/python3.12/site-packages/airflow/example_dags/example_sensor_decorator.py
[2024-09-05T00:33:06.294+0000] {processor.py:925} INFO - DAG(s) 'example_sensor_decorator' retrieved from /home/airflow/.local/lib/python3.12/site-packages/airflow/example_dags/example_sensor_decorator.py
[2024-09-05T00:33:06.335+0000] {logging_mixin.py:190} INFO - [2024-09-05T00:33:06.334+0000] {dag.py:3211} INFO - Sync 1 DAGs
[2024-09-05T00:33:06.361+0000] {logging_mixin.py:190} INFO - [2024-09-05T00:33:06.360+0000] {dag.py:4138} INFO - Setting next_dagrun for example_sensor_decorator to None, run_after=None
[2024-09-05T00:33:06.400+0000] {processor.py:208} INFO - Processing /home/airflow/.local/lib/python3.12/site-packages/airflow/example_dags/example_sensor_decorator.py took 0.130 seconds
[2024-09-05T00:33:36.698+0000] {processor.py:186} INFO - Started process (PID=241) to work on /home/airflow/.local/lib/python3.12/site-packages/airflow/example_dags/example_sensor_decorator.py
[2024-09-05T00:33:36.699+0000] {processor.py:914} INFO - Processing file /home/airflow/.local/lib/python3.12/site-packages/airflow/example_dags/example_sensor_decorator.py for tasks to queue
[2024-09-05T00:33:36.702+0000] {logging_mixin.py:190} INFO - [2024-09-05T00:33:36.701+0000] {dagbag.py:587} INFO - Filling up the DagBag from /home/airflow/.local/lib/python3.12/site-packages/airflow/example_dags/example_sensor_decorator.py
[2024-09-05T00:33:36.724+0000] {processor.py:925} INFO - DAG(s) 'example_sensor_decorator' retrieved from /home/airflow/.local/lib/python3.12/site-packages/airflow/example_dags/example_sensor_decorator.py
[2024-09-05T00:33:36.793+0000] {logging_mixin.py:190} INFO - [2024-09-05T00:33:36.792+0000] {dag.py:3211} INFO - Sync 1 DAGs
[2024-09-05T00:33:36.829+0000] {logging_mixin.py:190} INFO - [2024-09-05T00:33:36.828+0000] {dag.py:4138} INFO - Setting next_dagrun for example_sensor_decorator to None, run_after=None
[2024-09-05T00:33:36.881+0000] {processor.py:208} INFO - Processing /home/airflow/.local/lib/python3.12/site-packages/airflow/example_dags/example_sensor_decorator.py took 0.195 seconds
[2024-09-05T00:34:37.125+0000] {processor.py:186} INFO - Started process (PID=310) to work on /home/airflow/.local/lib/python3.12/site-packages/airflow/example_dags/example_sensor_decorator.py
[2024-09-05T00:34:37.153+0000] {processor.py:914} INFO - Processing file /home/airflow/.local/lib/python3.12/site-packages/airflow/example_dags/example_sensor_decorator.py for tasks to queue
[2024-09-05T00:34:37.188+0000] {logging_mixin.py:190} INFO - [2024-09-05T00:34:37.174+0000] {dagbag.py:587} INFO - Filling up the DagBag from /home/airflow/.local/lib/python3.12/site-packages/airflow/example_dags/example_sensor_decorator.py
[2024-09-05T00:34:37.311+0000] {processor.py:925} INFO - DAG(s) 'example_sensor_decorator' retrieved from /home/airflow/.local/lib/python3.12/site-packages/airflow/example_dags/example_sensor_decorator.py
[2024-09-05T00:34:37.754+0000] {logging_mixin.py:190} INFO - [2024-09-05T00:34:37.752+0000] {dag.py:3211} INFO - Sync 1 DAGs
[2024-09-05T00:34:38.180+0000] {logging_mixin.py:190} INFO - [2024-09-05T00:34:38.178+0000] {dag.py:4138} INFO - Setting next_dagrun for example_sensor_decorator to None, run_after=None
[2024-09-05T00:34:38.623+0000] {processor.py:208} INFO - Processing /home/airflow/.local/lib/python3.12/site-packages/airflow/example_dags/example_sensor_decorator.py took 1.631 seconds
[2024-09-05T00:36:10.071+0000] {processor.py:186} INFO - Started process (PID=385) to work on /home/airflow/.local/lib/python3.12/site-packages/airflow/example_dags/example_sensor_decorator.py
[2024-09-05T00:36:10.073+0000] {processor.py:914} INFO - Processing file /home/airflow/.local/lib/python3.12/site-packages/airflow/example_dags/example_sensor_decorator.py for tasks to queue
[2024-09-05T00:36:10.076+0000] {logging_mixin.py:190} INFO - [2024-09-05T00:36:10.075+0000] {dagbag.py:587} INFO - Filling up the DagBag from /home/airflow/.local/lib/python3.12/site-packages/airflow/example_dags/example_sensor_decorator.py
[2024-09-05T00:36:10.090+0000] {processor.py:925} INFO - DAG(s) 'example_sensor_decorator' retrieved from /home/airflow/.local/lib/python3.12/site-packages/airflow/example_dags/example_sensor_decorator.py
[2024-09-05T00:36:10.136+0000] {logging_mixin.py:190} INFO - [2024-09-05T00:36:10.135+0000] {dag.py:3211} INFO - Sync 1 DAGs
[2024-09-05T00:36:10.162+0000] {logging_mixin.py:190} INFO - [2024-09-05T00:36:10.162+0000] {dag.py:4138} INFO - Setting next_dagrun for example_sensor_decorator to None, run_after=None
[2024-09-05T00:36:10.198+0000] {processor.py:208} INFO - Processing /home/airflow/.local/lib/python3.12/site-packages/airflow/example_dags/example_sensor_decorator.py took 0.143 seconds
[2024-09-05T00:36:42.869+0000] {processor.py:186} INFO - Started process (PID=448) to work on /home/airflow/.local/lib/python3.12/site-packages/airflow/example_dags/example_sensor_decorator.py
[2024-09-05T00:36:42.873+0000] {processor.py:914} INFO - Processing file /home/airflow/.local/lib/python3.12/site-packages/airflow/example_dags/example_sensor_decorator.py for tasks to queue
[2024-09-05T00:36:42.880+0000] {logging_mixin.py:190} INFO - [2024-09-05T00:36:42.877+0000] {dagbag.py:587} INFO - Filling up the DagBag from /home/airflow/.local/lib/python3.12/site-packages/airflow/example_dags/example_sensor_decorator.py
[2024-09-05T00:36:42.937+0000] {processor.py:925} INFO - DAG(s) 'example_sensor_decorator' retrieved from /home/airflow/.local/lib/python3.12/site-packages/airflow/example_dags/example_sensor_decorator.py
[2024-09-05T00:36:43.010+0000] {logging_mixin.py:190} INFO - [2024-09-05T00:36:43.009+0000] {dag.py:3211} INFO - Sync 1 DAGs
[2024-09-05T00:36:43.041+0000] {logging_mixin.py:190} INFO - [2024-09-05T00:36:43.040+0000] {dag.py:4138} INFO - Setting next_dagrun for example_sensor_decorator to None, run_after=None
[2024-09-05T00:36:43.125+0000] {processor.py:208} INFO - Processing /home/airflow/.local/lib/python3.12/site-packages/airflow/example_dags/example_sensor_decorator.py took 0.281 seconds
[2024-09-05T00:37:13.273+0000] {processor.py:186} INFO - Started process (PID=511) to work on /home/airflow/.local/lib/python3.12/site-packages/airflow/example_dags/example_sensor_decorator.py
[2024-09-05T00:37:13.275+0000] {processor.py:914} INFO - Processing file /home/airflow/.local/lib/python3.12/site-packages/airflow/example_dags/example_sensor_decorator.py for tasks to queue
[2024-09-05T00:37:13.280+0000] {logging_mixin.py:190} INFO - [2024-09-05T00:37:13.279+0000] {dagbag.py:587} INFO - Filling up the DagBag from /home/airflow/.local/lib/python3.12/site-packages/airflow/example_dags/example_sensor_decorator.py
[2024-09-05T00:37:13.293+0000] {processor.py:925} INFO - DAG(s) 'example_sensor_decorator' retrieved from /home/airflow/.local/lib/python3.12/site-packages/airflow/example_dags/example_sensor_decorator.py
[2024-09-05T00:37:13.338+0000] {logging_mixin.py:190} INFO - [2024-09-05T00:37:13.337+0000] {dag.py:3211} INFO - Sync 1 DAGs
[2024-09-05T00:37:13.360+0000] {logging_mixin.py:190} INFO - [2024-09-05T00:37:13.360+0000] {dag.py:4138} INFO - Setting next_dagrun for example_sensor_decorator to None, run_after=None
[2024-09-05T00:37:13.388+0000] {processor.py:208} INFO - Processing /home/airflow/.local/lib/python3.12/site-packages/airflow/example_dags/example_sensor_decorator.py took 0.124 seconds
[2024-09-05T00:37:43.507+0000] {processor.py:186} INFO - Started process (PID=574) to work on /home/airflow/.local/lib/python3.12/site-packages/airflow/example_dags/example_sensor_decorator.py
[2024-09-05T00:37:43.509+0000] {processor.py:914} INFO - Processing file /home/airflow/.local/lib/python3.12/site-packages/airflow/example_dags/example_sensor_decorator.py for tasks to queue
[2024-09-05T00:37:43.511+0000] {logging_mixin.py:190} INFO - [2024-09-05T00:37:43.511+0000] {dagbag.py:587} INFO - Filling up the DagBag from /home/airflow/.local/lib/python3.12/site-packages/airflow/example_dags/example_sensor_decorator.py
[2024-09-05T00:37:43.526+0000] {processor.py:925} INFO - DAG(s) 'example_sensor_decorator' retrieved from /home/airflow/.local/lib/python3.12/site-packages/airflow/example_dags/example_sensor_decorator.py
[2024-09-05T00:37:43.559+0000] {logging_mixin.py:190} INFO - [2024-09-05T00:37:43.558+0000] {dag.py:3211} INFO - Sync 1 DAGs
[2024-09-05T00:37:43.583+0000] {logging_mixin.py:190} INFO - [2024-09-05T00:37:43.582+0000] {dag.py:4138} INFO - Setting next_dagrun for example_sensor_decorator to None, run_after=None
[2024-09-05T00:37:43.617+0000] {processor.py:208} INFO - Processing /home/airflow/.local/lib/python3.12/site-packages/airflow/example_dags/example_sensor_decorator.py took 0.121 seconds
[2024-09-05T00:38:14.219+0000] {processor.py:186} INFO - Started process (PID=637) to work on /home/airflow/.local/lib/python3.12/site-packages/airflow/example_dags/example_sensor_decorator.py
[2024-09-05T00:38:14.222+0000] {processor.py:914} INFO - Processing file /home/airflow/.local/lib/python3.12/site-packages/airflow/example_dags/example_sensor_decorator.py for tasks to queue
[2024-09-05T00:38:14.227+0000] {logging_mixin.py:190} INFO - [2024-09-05T00:38:14.226+0000] {dagbag.py:587} INFO - Filling up the DagBag from /home/airflow/.local/lib/python3.12/site-packages/airflow/example_dags/example_sensor_decorator.py
[2024-09-05T00:38:14.262+0000] {processor.py:925} INFO - DAG(s) 'example_sensor_decorator' retrieved from /home/airflow/.local/lib/python3.12/site-packages/airflow/example_dags/example_sensor_decorator.py
[2024-09-05T00:38:14.300+0000] {logging_mixin.py:190} INFO - [2024-09-05T00:38:14.300+0000] {dag.py:3211} INFO - Sync 1 DAGs
[2024-09-05T00:38:14.322+0000] {logging_mixin.py:190} INFO - [2024-09-05T00:38:14.322+0000] {dag.py:4138} INFO - Setting next_dagrun for example_sensor_decorator to None, run_after=None
[2024-09-05T00:38:14.362+0000] {processor.py:208} INFO - Processing /home/airflow/.local/lib/python3.12/site-packages/airflow/example_dags/example_sensor_decorator.py took 0.155 seconds
[2024-09-05T00:38:47.408+0000] {processor.py:186} INFO - Started process (PID=700) to work on /home/airflow/.local/lib/python3.12/site-packages/airflow/example_dags/example_sensor_decorator.py
[2024-09-05T00:38:47.412+0000] {processor.py:914} INFO - Processing file /home/airflow/.local/lib/python3.12/site-packages/airflow/example_dags/example_sensor_decorator.py for tasks to queue
[2024-09-05T00:38:47.416+0000] {logging_mixin.py:190} INFO - [2024-09-05T00:38:47.415+0000] {dagbag.py:587} INFO - Filling up the DagBag from /home/airflow/.local/lib/python3.12/site-packages/airflow/example_dags/example_sensor_decorator.py
[2024-09-05T00:38:47.434+0000] {processor.py:925} INFO - DAG(s) 'example_sensor_decorator' retrieved from /home/airflow/.local/lib/python3.12/site-packages/airflow/example_dags/example_sensor_decorator.py
[2024-09-05T00:38:47.485+0000] {logging_mixin.py:190} INFO - [2024-09-05T00:38:47.485+0000] {dag.py:3211} INFO - Sync 1 DAGs
[2024-09-05T00:38:47.521+0000] {logging_mixin.py:190} INFO - [2024-09-05T00:38:47.520+0000] {dag.py:4138} INFO - Setting next_dagrun for example_sensor_decorator to None, run_after=None
[2024-09-05T00:38:47.577+0000] {processor.py:208} INFO - Processing /home/airflow/.local/lib/python3.12/site-packages/airflow/example_dags/example_sensor_decorator.py took 0.183 seconds
[2024-09-05T00:39:17.718+0000] {processor.py:186} INFO - Started process (PID=763) to work on /home/airflow/.local/lib/python3.12/site-packages/airflow/example_dags/example_sensor_decorator.py
[2024-09-05T00:39:17.720+0000] {processor.py:914} INFO - Processing file /home/airflow/.local/lib/python3.12/site-packages/airflow/example_dags/example_sensor_decorator.py for tasks to queue
[2024-09-05T00:39:17.722+0000] {logging_mixin.py:190} INFO - [2024-09-05T00:39:17.721+0000] {dagbag.py:587} INFO - Filling up the DagBag from /home/airflow/.local/lib/python3.12/site-packages/airflow/example_dags/example_sensor_decorator.py
[2024-09-05T00:39:17.735+0000] {processor.py:925} INFO - DAG(s) 'example_sensor_decorator' retrieved from /home/airflow/.local/lib/python3.12/site-packages/airflow/example_dags/example_sensor_decorator.py
[2024-09-05T00:39:17.782+0000] {logging_mixin.py:190} INFO - [2024-09-05T00:39:17.782+0000] {dag.py:3211} INFO - Sync 1 DAGs
[2024-09-05T00:39:17.821+0000] {logging_mixin.py:190} INFO - [2024-09-05T00:39:17.821+0000] {dag.py:4138} INFO - Setting next_dagrun for example_sensor_decorator to None, run_after=None
[2024-09-05T00:39:17.890+0000] {processor.py:208} INFO - Processing /home/airflow/.local/lib/python3.12/site-packages/airflow/example_dags/example_sensor_decorator.py took 0.193 seconds
[2024-09-05T00:39:48.232+0000] {processor.py:186} INFO - Started process (PID=826) to work on /home/airflow/.local/lib/python3.12/site-packages/airflow/example_dags/example_sensor_decorator.py
[2024-09-05T00:39:48.235+0000] {processor.py:914} INFO - Processing file /home/airflow/.local/lib/python3.12/site-packages/airflow/example_dags/example_sensor_decorator.py for tasks to queue
[2024-09-05T00:39:48.238+0000] {logging_mixin.py:190} INFO - [2024-09-05T00:39:48.237+0000] {dagbag.py:587} INFO - Filling up the DagBag from /home/airflow/.local/lib/python3.12/site-packages/airflow/example_dags/example_sensor_decorator.py
[2024-09-05T00:39:48.264+0000] {processor.py:925} INFO - DAG(s) 'example_sensor_decorator' retrieved from /home/airflow/.local/lib/python3.12/site-packages/airflow/example_dags/example_sensor_decorator.py
[2024-09-05T00:39:48.323+0000] {logging_mixin.py:190} INFO - [2024-09-05T00:39:48.322+0000] {dag.py:3211} INFO - Sync 1 DAGs
[2024-09-05T00:39:48.368+0000] {logging_mixin.py:190} INFO - [2024-09-05T00:39:48.367+0000] {dag.py:4138} INFO - Setting next_dagrun for example_sensor_decorator to None, run_after=None
[2024-09-05T00:39:48.424+0000] {processor.py:208} INFO - Processing /home/airflow/.local/lib/python3.12/site-packages/airflow/example_dags/example_sensor_decorator.py took 0.222 seconds
[2024-09-05T00:40:21.486+0000] {processor.py:186} INFO - Started process (PID=895) to work on /home/airflow/.local/lib/python3.12/site-packages/airflow/example_dags/example_sensor_decorator.py
[2024-09-05T00:40:21.488+0000] {processor.py:914} INFO - Processing file /home/airflow/.local/lib/python3.12/site-packages/airflow/example_dags/example_sensor_decorator.py for tasks to queue
[2024-09-05T00:40:21.491+0000] {logging_mixin.py:190} INFO - [2024-09-05T00:40:21.490+0000] {dagbag.py:587} INFO - Filling up the DagBag from /home/airflow/.local/lib/python3.12/site-packages/airflow/example_dags/example_sensor_decorator.py
[2024-09-05T00:40:21.508+0000] {processor.py:925} INFO - DAG(s) 'example_sensor_decorator' retrieved from /home/airflow/.local/lib/python3.12/site-packages/airflow/example_dags/example_sensor_decorator.py
[2024-09-05T00:40:21.567+0000] {logging_mixin.py:190} INFO - [2024-09-05T00:40:21.567+0000] {dag.py:3211} INFO - Sync 1 DAGs
[2024-09-05T00:40:21.630+0000] {logging_mixin.py:190} INFO - [2024-09-05T00:40:21.628+0000] {dag.py:4138} INFO - Setting next_dagrun for example_sensor_decorator to None, run_after=None
[2024-09-05T00:40:21.726+0000] {processor.py:208} INFO - Processing /home/airflow/.local/lib/python3.12/site-packages/airflow/example_dags/example_sensor_decorator.py took 0.259 seconds
