[2024-09-05T00:04:22.843+0000] {processor.py:186} INFO - Started process (PID=128) to work on /home/airflow/.local/lib/python3.12/site-packages/airflow/example_dags/example_setup_teardown.py
[2024-09-05T00:04:22.851+0000] {processor.py:914} INFO - Processing file /home/airflow/.local/lib/python3.12/site-packages/airflow/example_dags/example_setup_teardown.py for tasks to queue
[2024-09-05T00:04:22.862+0000] {logging_mixin.py:190} INFO - [2024-09-05T00:04:22.860+0000] {dagbag.py:587} INFO - Filling up the DagBag from /home/airflow/.local/lib/python3.12/site-packages/airflow/example_dags/example_setup_teardown.py
[2024-09-05T00:04:22.933+0000] {processor.py:925} INFO - DAG(s) 'example_setup_teardown' retrieved from /home/airflow/.local/lib/python3.12/site-packages/airflow/example_dags/example_setup_teardown.py
[2024-09-05T00:04:23.668+0000] {logging_mixin.py:190} INFO - [2024-09-05T00:04:23.663+0000] {override.py:1858} INFO - Created Permission View: can delete on DAG:example_setup_teardown
[2024-09-05T00:04:23.704+0000] {logging_mixin.py:190} INFO - [2024-09-05T00:04:23.703+0000] {override.py:1858} INFO - Created Permission View: can read on DAG:example_setup_teardown
[2024-09-05T00:04:23.725+0000] {logging_mixin.py:190} INFO - [2024-09-05T00:04:23.724+0000] {override.py:1858} INFO - Created Permission View: can edit on DAG:example_setup_teardown
[2024-09-05T00:04:23.727+0000] {logging_mixin.py:190} INFO - [2024-09-05T00:04:23.726+0000] {dag.py:3211} INFO - Sync 1 DAGs
[2024-09-05T00:04:23.774+0000] {logging_mixin.py:190} INFO - [2024-09-05T00:04:23.773+0000] {dag.py:3234} INFO - Creating ORM DAG for example_setup_teardown
[2024-09-05T00:04:23.810+0000] {logging_mixin.py:190} INFO - [2024-09-05T00:04:23.809+0000] {dag.py:4138} INFO - Setting next_dagrun for example_setup_teardown to 2024-09-04 00:00:00+00:00, run_after=2024-09-05 00:00:00+00:00
[2024-09-05T00:04:23.865+0000] {processor.py:208} INFO - Processing /home/airflow/.local/lib/python3.12/site-packages/airflow/example_dags/example_setup_teardown.py took 1.066 seconds
[2024-09-05T00:05:01.886+0000] {processor.py:186} INFO - Started process (PID=190) to work on /home/airflow/.local/lib/python3.12/site-packages/airflow/example_dags/example_setup_teardown.py
[2024-09-05T00:05:01.908+0000] {processor.py:914} INFO - Processing file /home/airflow/.local/lib/python3.12/site-packages/airflow/example_dags/example_setup_teardown.py for tasks to queue
[2024-09-05T00:05:01.946+0000] {logging_mixin.py:190} INFO - [2024-09-05T00:05:01.945+0000] {dagbag.py:587} INFO - Filling up the DagBag from /home/airflow/.local/lib/python3.12/site-packages/airflow/example_dags/example_setup_teardown.py
[2024-09-05T00:05:02.057+0000] {processor.py:925} INFO - DAG(s) 'example_setup_teardown' retrieved from /home/airflow/.local/lib/python3.12/site-packages/airflow/example_dags/example_setup_teardown.py
[2024-09-05T00:05:02.221+0000] {logging_mixin.py:190} INFO - [2024-09-05T00:05:02.220+0000] {dag.py:3211} INFO - Sync 1 DAGs
[2024-09-05T00:05:02.437+0000] {logging_mixin.py:190} INFO - [2024-09-05T00:05:02.434+0000] {dag.py:4138} INFO - Setting next_dagrun for example_setup_teardown to 2024-09-04 00:00:00+00:00, run_after=2024-09-05 00:00:00+00:00
[2024-09-05T00:05:02.576+0000] {processor.py:208} INFO - Processing /home/airflow/.local/lib/python3.12/site-packages/airflow/example_dags/example_setup_teardown.py took 0.747 seconds
[2024-09-05T00:05:35.277+0000] {processor.py:186} INFO - Started process (PID=254) to work on /home/airflow/.local/lib/python3.12/site-packages/airflow/example_dags/example_setup_teardown.py
[2024-09-05T00:05:35.285+0000] {processor.py:914} INFO - Processing file /home/airflow/.local/lib/python3.12/site-packages/airflow/example_dags/example_setup_teardown.py for tasks to queue
[2024-09-05T00:05:35.291+0000] {logging_mixin.py:190} INFO - [2024-09-05T00:05:35.290+0000] {dagbag.py:587} INFO - Filling up the DagBag from /home/airflow/.local/lib/python3.12/site-packages/airflow/example_dags/example_setup_teardown.py
[2024-09-05T00:05:35.414+0000] {processor.py:925} INFO - DAG(s) 'example_setup_teardown' retrieved from /home/airflow/.local/lib/python3.12/site-packages/airflow/example_dags/example_setup_teardown.py
[2024-09-05T00:05:35.627+0000] {logging_mixin.py:190} INFO - [2024-09-05T00:05:35.626+0000] {dag.py:3211} INFO - Sync 1 DAGs
[2024-09-05T00:05:35.852+0000] {logging_mixin.py:190} INFO - [2024-09-05T00:05:35.850+0000] {dag.py:4138} INFO - Setting next_dagrun for example_setup_teardown to 2024-09-04 00:00:00+00:00, run_after=2024-09-05 00:00:00+00:00
[2024-09-05T00:05:35.991+0000] {processor.py:208} INFO - Processing /home/airflow/.local/lib/python3.12/site-packages/airflow/example_dags/example_setup_teardown.py took 0.772 seconds
[2024-09-05T00:13:43.617+0000] {processor.py:186} INFO - Started process (PID=122) to work on /home/airflow/.local/lib/python3.12/site-packages/airflow/example_dags/example_setup_teardown.py
[2024-09-05T00:13:43.619+0000] {processor.py:914} INFO - Processing file /home/airflow/.local/lib/python3.12/site-packages/airflow/example_dags/example_setup_teardown.py for tasks to queue
[2024-09-05T00:13:43.623+0000] {logging_mixin.py:190} INFO - [2024-09-05T00:13:43.622+0000] {dagbag.py:587} INFO - Filling up the DagBag from /home/airflow/.local/lib/python3.12/site-packages/airflow/example_dags/example_setup_teardown.py
[2024-09-05T00:13:43.650+0000] {processor.py:925} INFO - DAG(s) 'example_setup_teardown' retrieved from /home/airflow/.local/lib/python3.12/site-packages/airflow/example_dags/example_setup_teardown.py
[2024-09-05T00:13:43.704+0000] {logging_mixin.py:190} INFO - [2024-09-05T00:13:43.703+0000] {dag.py:3211} INFO - Sync 1 DAGs
[2024-09-05T00:13:43.755+0000] {logging_mixin.py:190} INFO - [2024-09-05T00:13:43.754+0000] {dag.py:4138} INFO - Setting next_dagrun for example_setup_teardown to 2024-09-04 00:00:00+00:00, run_after=2024-09-05 00:00:00+00:00
[2024-09-05T00:13:43.790+0000] {processor.py:208} INFO - Processing /home/airflow/.local/lib/python3.12/site-packages/airflow/example_dags/example_setup_teardown.py took 0.193 seconds
[2024-09-05T00:14:19.035+0000] {processor.py:186} INFO - Started process (PID=185) to work on /home/airflow/.local/lib/python3.12/site-packages/airflow/example_dags/example_setup_teardown.py
[2024-09-05T00:14:19.037+0000] {processor.py:914} INFO - Processing file /home/airflow/.local/lib/python3.12/site-packages/airflow/example_dags/example_setup_teardown.py for tasks to queue
[2024-09-05T00:14:19.062+0000] {logging_mixin.py:190} INFO - [2024-09-05T00:14:19.061+0000] {dagbag.py:587} INFO - Filling up the DagBag from /home/airflow/.local/lib/python3.12/site-packages/airflow/example_dags/example_setup_teardown.py
[2024-09-05T00:14:19.269+0000] {processor.py:925} INFO - DAG(s) 'example_setup_teardown' retrieved from /home/airflow/.local/lib/python3.12/site-packages/airflow/example_dags/example_setup_teardown.py
[2024-09-05T00:14:19.465+0000] {logging_mixin.py:190} INFO - [2024-09-05T00:14:19.464+0000] {dag.py:3211} INFO - Sync 1 DAGs
[2024-09-05T00:14:19.744+0000] {logging_mixin.py:190} INFO - [2024-09-05T00:14:19.734+0000] {dag.py:4138} INFO - Setting next_dagrun for example_setup_teardown to 2024-09-04 00:00:00+00:00, run_after=2024-09-05 00:00:00+00:00
[2024-09-05T00:14:19.945+0000] {processor.py:208} INFO - Processing /home/airflow/.local/lib/python3.12/site-packages/airflow/example_dags/example_setup_teardown.py took 0.968 seconds
[2024-09-05T00:14:50.763+0000] {processor.py:186} INFO - Started process (PID=260) to work on /home/airflow/.local/lib/python3.12/site-packages/airflow/example_dags/example_setup_teardown.py
[2024-09-05T00:14:50.766+0000] {processor.py:914} INFO - Processing file /home/airflow/.local/lib/python3.12/site-packages/airflow/example_dags/example_setup_teardown.py for tasks to queue
[2024-09-05T00:14:50.769+0000] {logging_mixin.py:190} INFO - [2024-09-05T00:14:50.768+0000] {dagbag.py:587} INFO - Filling up the DagBag from /home/airflow/.local/lib/python3.12/site-packages/airflow/example_dags/example_setup_teardown.py
[2024-09-05T00:14:50.795+0000] {processor.py:925} INFO - DAG(s) 'example_setup_teardown' retrieved from /home/airflow/.local/lib/python3.12/site-packages/airflow/example_dags/example_setup_teardown.py
[2024-09-05T00:14:50.859+0000] {logging_mixin.py:190} INFO - [2024-09-05T00:14:50.858+0000] {dag.py:3211} INFO - Sync 1 DAGs
[2024-09-05T00:14:50.926+0000] {logging_mixin.py:190} INFO - [2024-09-05T00:14:50.926+0000] {dag.py:4138} INFO - Setting next_dagrun for example_setup_teardown to 2024-09-04 00:00:00+00:00, run_after=2024-09-05 00:00:00+00:00
[2024-09-05T00:14:50.987+0000] {processor.py:208} INFO - Processing /home/airflow/.local/lib/python3.12/site-packages/airflow/example_dags/example_setup_teardown.py took 0.248 seconds
[2024-09-05T00:32:43.101+0000] {processor.py:186} INFO - Started process (PID=142) to work on /home/airflow/.local/lib/python3.12/site-packages/airflow/example_dags/example_setup_teardown.py
[2024-09-05T00:32:43.103+0000] {processor.py:914} INFO - Processing file /home/airflow/.local/lib/python3.12/site-packages/airflow/example_dags/example_setup_teardown.py for tasks to queue
[2024-09-05T00:32:43.107+0000] {logging_mixin.py:190} INFO - [2024-09-05T00:32:43.106+0000] {dagbag.py:587} INFO - Filling up the DagBag from /home/airflow/.local/lib/python3.12/site-packages/airflow/example_dags/example_setup_teardown.py
[2024-09-05T00:32:43.127+0000] {processor.py:925} INFO - DAG(s) 'example_setup_teardown' retrieved from /home/airflow/.local/lib/python3.12/site-packages/airflow/example_dags/example_setup_teardown.py
[2024-09-05T00:32:43.172+0000] {logging_mixin.py:190} INFO - [2024-09-05T00:32:43.172+0000] {dag.py:3211} INFO - Sync 1 DAGs
[2024-09-05T00:32:43.223+0000] {logging_mixin.py:190} INFO - [2024-09-05T00:32:43.223+0000] {dag.py:4138} INFO - Setting next_dagrun for example_setup_teardown to 2024-09-04 00:00:00+00:00, run_after=2024-09-05 00:00:00+00:00
[2024-09-05T00:32:43.257+0000] {processor.py:208} INFO - Processing /home/airflow/.local/lib/python3.12/site-packages/airflow/example_dags/example_setup_teardown.py took 0.166 seconds
[2024-09-05T00:33:13.777+0000] {processor.py:186} INFO - Started process (PID=205) to work on /home/airflow/.local/lib/python3.12/site-packages/airflow/example_dags/example_setup_teardown.py
[2024-09-05T00:33:13.779+0000] {processor.py:914} INFO - Processing file /home/airflow/.local/lib/python3.12/site-packages/airflow/example_dags/example_setup_teardown.py for tasks to queue
[2024-09-05T00:33:13.781+0000] {logging_mixin.py:190} INFO - [2024-09-05T00:33:13.781+0000] {dagbag.py:587} INFO - Filling up the DagBag from /home/airflow/.local/lib/python3.12/site-packages/airflow/example_dags/example_setup_teardown.py
[2024-09-05T00:33:13.791+0000] {processor.py:925} INFO - DAG(s) 'example_setup_teardown' retrieved from /home/airflow/.local/lib/python3.12/site-packages/airflow/example_dags/example_setup_teardown.py
[2024-09-05T00:33:13.826+0000] {logging_mixin.py:190} INFO - [2024-09-05T00:33:13.826+0000] {dag.py:3211} INFO - Sync 1 DAGs
[2024-09-05T00:33:13.865+0000] {logging_mixin.py:190} INFO - [2024-09-05T00:33:13.865+0000] {dag.py:4138} INFO - Setting next_dagrun for example_setup_teardown to 2024-09-04 00:00:00+00:00, run_after=2024-09-05 00:00:00+00:00
[2024-09-05T00:33:13.896+0000] {processor.py:208} INFO - Processing /home/airflow/.local/lib/python3.12/site-packages/airflow/example_dags/example_setup_teardown.py took 0.127 seconds
[2024-09-05T00:33:44.288+0000] {processor.py:186} INFO - Started process (PID=268) to work on /home/airflow/.local/lib/python3.12/site-packages/airflow/example_dags/example_setup_teardown.py
[2024-09-05T00:33:44.290+0000] {processor.py:914} INFO - Processing file /home/airflow/.local/lib/python3.12/site-packages/airflow/example_dags/example_setup_teardown.py for tasks to queue
[2024-09-05T00:33:44.293+0000] {logging_mixin.py:190} INFO - [2024-09-05T00:33:44.292+0000] {dagbag.py:587} INFO - Filling up the DagBag from /home/airflow/.local/lib/python3.12/site-packages/airflow/example_dags/example_setup_teardown.py
[2024-09-05T00:33:44.315+0000] {processor.py:925} INFO - DAG(s) 'example_setup_teardown' retrieved from /home/airflow/.local/lib/python3.12/site-packages/airflow/example_dags/example_setup_teardown.py
[2024-09-05T00:33:44.364+0000] {logging_mixin.py:190} INFO - [2024-09-05T00:33:44.363+0000] {dag.py:3211} INFO - Sync 1 DAGs
[2024-09-05T00:33:44.408+0000] {logging_mixin.py:190} INFO - [2024-09-05T00:33:44.407+0000] {dag.py:4138} INFO - Setting next_dagrun for example_setup_teardown to 2024-09-04 00:00:00+00:00, run_after=2024-09-05 00:00:00+00:00
[2024-09-05T00:33:44.449+0000] {processor.py:208} INFO - Processing /home/airflow/.local/lib/python3.12/site-packages/airflow/example_dags/example_setup_teardown.py took 0.173 seconds
[2024-09-05T00:35:55.846+0000] {processor.py:186} INFO - Started process (PID=349) to work on /home/airflow/.local/lib/python3.12/site-packages/airflow/example_dags/example_setup_teardown.py
[2024-09-05T00:35:56.026+0000] {processor.py:914} INFO - Processing file /home/airflow/.local/lib/python3.12/site-packages/airflow/example_dags/example_setup_teardown.py for tasks to queue
[2024-09-05T00:35:56.061+0000] {logging_mixin.py:190} INFO - [2024-09-05T00:35:56.058+0000] {dagbag.py:587} INFO - Filling up the DagBag from /home/airflow/.local/lib/python3.12/site-packages/airflow/example_dags/example_setup_teardown.py
[2024-09-05T00:35:57.478+0000] {processor.py:925} INFO - DAG(s) 'example_setup_teardown' retrieved from /home/airflow/.local/lib/python3.12/site-packages/airflow/example_dags/example_setup_teardown.py
[2024-09-05T00:35:57.904+0000] {logging_mixin.py:190} INFO - [2024-09-05T00:35:57.899+0000] {dag.py:3211} INFO - Sync 1 DAGs
[2024-09-05T00:35:58.518+0000] {logging_mixin.py:190} INFO - [2024-09-05T00:35:58.510+0000] {dag.py:4138} INFO - Setting next_dagrun for example_setup_teardown to 2024-09-04 00:00:00+00:00, run_after=2024-09-05 00:00:00+00:00
[2024-09-05T00:35:58.942+0000] {processor.py:208} INFO - Processing /home/airflow/.local/lib/python3.12/site-packages/airflow/example_dags/example_setup_teardown.py took 3.300 seconds
[2024-09-05T00:36:29.843+0000] {processor.py:186} INFO - Started process (PID=412) to work on /home/airflow/.local/lib/python3.12/site-packages/airflow/example_dags/example_setup_teardown.py
[2024-09-05T00:36:29.845+0000] {processor.py:914} INFO - Processing file /home/airflow/.local/lib/python3.12/site-packages/airflow/example_dags/example_setup_teardown.py for tasks to queue
[2024-09-05T00:36:29.850+0000] {logging_mixin.py:190} INFO - [2024-09-05T00:36:29.849+0000] {dagbag.py:587} INFO - Filling up the DagBag from /home/airflow/.local/lib/python3.12/site-packages/airflow/example_dags/example_setup_teardown.py
[2024-09-05T00:36:29.864+0000] {processor.py:925} INFO - DAG(s) 'example_setup_teardown' retrieved from /home/airflow/.local/lib/python3.12/site-packages/airflow/example_dags/example_setup_teardown.py
[2024-09-05T00:36:29.908+0000] {logging_mixin.py:190} INFO - [2024-09-05T00:36:29.907+0000] {dag.py:3211} INFO - Sync 1 DAGs
[2024-09-05T00:36:29.952+0000] {logging_mixin.py:190} INFO - [2024-09-05T00:36:29.951+0000] {dag.py:4138} INFO - Setting next_dagrun for example_setup_teardown to 2024-09-04 00:00:00+00:00, run_after=2024-09-05 00:00:00+00:00
[2024-09-05T00:36:29.996+0000] {processor.py:208} INFO - Processing /home/airflow/.local/lib/python3.12/site-packages/airflow/example_dags/example_setup_teardown.py took 0.165 seconds
[2024-09-05T00:37:00.406+0000] {processor.py:186} INFO - Started process (PID=475) to work on /home/airflow/.local/lib/python3.12/site-packages/airflow/example_dags/example_setup_teardown.py
[2024-09-05T00:37:00.414+0000] {processor.py:914} INFO - Processing file /home/airflow/.local/lib/python3.12/site-packages/airflow/example_dags/example_setup_teardown.py for tasks to queue
[2024-09-05T00:37:00.418+0000] {logging_mixin.py:190} INFO - [2024-09-05T00:37:00.417+0000] {dagbag.py:587} INFO - Filling up the DagBag from /home/airflow/.local/lib/python3.12/site-packages/airflow/example_dags/example_setup_teardown.py
[2024-09-05T00:37:00.442+0000] {processor.py:925} INFO - DAG(s) 'example_setup_teardown' retrieved from /home/airflow/.local/lib/python3.12/site-packages/airflow/example_dags/example_setup_teardown.py
[2024-09-05T00:37:00.519+0000] {logging_mixin.py:190} INFO - [2024-09-05T00:37:00.519+0000] {dag.py:3211} INFO - Sync 1 DAGs
[2024-09-05T00:37:00.614+0000] {logging_mixin.py:190} INFO - [2024-09-05T00:37:00.614+0000] {dag.py:4138} INFO - Setting next_dagrun for example_setup_teardown to 2024-09-04 00:00:00+00:00, run_after=2024-09-05 00:00:00+00:00
[2024-09-05T00:37:00.706+0000] {processor.py:208} INFO - Processing /home/airflow/.local/lib/python3.12/site-packages/airflow/example_dags/example_setup_teardown.py took 0.322 seconds
[2024-09-05T00:37:30.969+0000] {processor.py:186} INFO - Started process (PID=538) to work on /home/airflow/.local/lib/python3.12/site-packages/airflow/example_dags/example_setup_teardown.py
[2024-09-05T00:37:30.971+0000] {processor.py:914} INFO - Processing file /home/airflow/.local/lib/python3.12/site-packages/airflow/example_dags/example_setup_teardown.py for tasks to queue
[2024-09-05T00:37:30.974+0000] {logging_mixin.py:190} INFO - [2024-09-05T00:37:30.973+0000] {dagbag.py:587} INFO - Filling up the DagBag from /home/airflow/.local/lib/python3.12/site-packages/airflow/example_dags/example_setup_teardown.py
[2024-09-05T00:37:30.994+0000] {processor.py:925} INFO - DAG(s) 'example_setup_teardown' retrieved from /home/airflow/.local/lib/python3.12/site-packages/airflow/example_dags/example_setup_teardown.py
[2024-09-05T00:37:31.038+0000] {logging_mixin.py:190} INFO - [2024-09-05T00:37:31.038+0000] {dag.py:3211} INFO - Sync 1 DAGs
[2024-09-05T00:37:31.083+0000] {logging_mixin.py:190} INFO - [2024-09-05T00:37:31.083+0000] {dag.py:4138} INFO - Setting next_dagrun for example_setup_teardown to 2024-09-04 00:00:00+00:00, run_after=2024-09-05 00:00:00+00:00
[2024-09-05T00:37:31.125+0000] {processor.py:208} INFO - Processing /home/airflow/.local/lib/python3.12/site-packages/airflow/example_dags/example_setup_teardown.py took 0.166 seconds
[2024-09-05T00:38:01.302+0000] {processor.py:186} INFO - Started process (PID=601) to work on /home/airflow/.local/lib/python3.12/site-packages/airflow/example_dags/example_setup_teardown.py
[2024-09-05T00:38:01.304+0000] {processor.py:914} INFO - Processing file /home/airflow/.local/lib/python3.12/site-packages/airflow/example_dags/example_setup_teardown.py for tasks to queue
[2024-09-05T00:38:01.307+0000] {logging_mixin.py:190} INFO - [2024-09-05T00:38:01.306+0000] {dagbag.py:587} INFO - Filling up the DagBag from /home/airflow/.local/lib/python3.12/site-packages/airflow/example_dags/example_setup_teardown.py
[2024-09-05T00:38:01.324+0000] {processor.py:925} INFO - DAG(s) 'example_setup_teardown' retrieved from /home/airflow/.local/lib/python3.12/site-packages/airflow/example_dags/example_setup_teardown.py
[2024-09-05T00:38:01.375+0000] {logging_mixin.py:190} INFO - [2024-09-05T00:38:01.374+0000] {dag.py:3211} INFO - Sync 1 DAGs
[2024-09-05T00:38:01.421+0000] {logging_mixin.py:190} INFO - [2024-09-05T00:38:01.420+0000] {dag.py:4138} INFO - Setting next_dagrun for example_setup_teardown to 2024-09-04 00:00:00+00:00, run_after=2024-09-05 00:00:00+00:00
[2024-09-05T00:38:01.452+0000] {processor.py:208} INFO - Processing /home/airflow/.local/lib/python3.12/site-packages/airflow/example_dags/example_setup_teardown.py took 0.161 seconds
[2024-09-05T00:38:31.997+0000] {processor.py:186} INFO - Started process (PID=664) to work on /home/airflow/.local/lib/python3.12/site-packages/airflow/example_dags/example_setup_teardown.py
[2024-09-05T00:38:31.999+0000] {processor.py:914} INFO - Processing file /home/airflow/.local/lib/python3.12/site-packages/airflow/example_dags/example_setup_teardown.py for tasks to queue
[2024-09-05T00:38:32.002+0000] {logging_mixin.py:190} INFO - [2024-09-05T00:38:32.002+0000] {dagbag.py:587} INFO - Filling up the DagBag from /home/airflow/.local/lib/python3.12/site-packages/airflow/example_dags/example_setup_teardown.py
[2024-09-05T00:38:32.024+0000] {processor.py:925} INFO - DAG(s) 'example_setup_teardown' retrieved from /home/airflow/.local/lib/python3.12/site-packages/airflow/example_dags/example_setup_teardown.py
[2024-09-05T00:38:32.058+0000] {logging_mixin.py:190} INFO - [2024-09-05T00:38:32.058+0000] {dag.py:3211} INFO - Sync 1 DAGs
[2024-09-05T00:38:32.102+0000] {logging_mixin.py:190} INFO - [2024-09-05T00:38:32.101+0000] {dag.py:4138} INFO - Setting next_dagrun for example_setup_teardown to 2024-09-04 00:00:00+00:00, run_after=2024-09-05 00:00:00+00:00
[2024-09-05T00:38:32.137+0000] {processor.py:208} INFO - Processing /home/airflow/.local/lib/python3.12/site-packages/airflow/example_dags/example_setup_teardown.py took 0.159 seconds
[2024-09-05T00:39:02.864+0000] {processor.py:186} INFO - Started process (PID=727) to work on /home/airflow/.local/lib/python3.12/site-packages/airflow/example_dags/example_setup_teardown.py
[2024-09-05T00:39:02.867+0000] {processor.py:914} INFO - Processing file /home/airflow/.local/lib/python3.12/site-packages/airflow/example_dags/example_setup_teardown.py for tasks to queue
[2024-09-05T00:39:02.870+0000] {logging_mixin.py:190} INFO - [2024-09-05T00:39:02.869+0000] {dagbag.py:587} INFO - Filling up the DagBag from /home/airflow/.local/lib/python3.12/site-packages/airflow/example_dags/example_setup_teardown.py
[2024-09-05T00:39:02.883+0000] {processor.py:925} INFO - DAG(s) 'example_setup_teardown' retrieved from /home/airflow/.local/lib/python3.12/site-packages/airflow/example_dags/example_setup_teardown.py
[2024-09-05T00:39:02.923+0000] {logging_mixin.py:190} INFO - [2024-09-05T00:39:02.923+0000] {dag.py:3211} INFO - Sync 1 DAGs
[2024-09-05T00:39:02.964+0000] {logging_mixin.py:190} INFO - [2024-09-05T00:39:02.963+0000] {dag.py:4138} INFO - Setting next_dagrun for example_setup_teardown to 2024-09-04 00:00:00+00:00, run_after=2024-09-05 00:00:00+00:00
[2024-09-05T00:39:03.001+0000] {processor.py:208} INFO - Processing /home/airflow/.local/lib/python3.12/site-packages/airflow/example_dags/example_setup_teardown.py took 0.149 seconds
[2024-09-05T00:39:33.541+0000] {processor.py:186} INFO - Started process (PID=790) to work on /home/airflow/.local/lib/python3.12/site-packages/airflow/example_dags/example_setup_teardown.py
[2024-09-05T00:39:33.542+0000] {processor.py:914} INFO - Processing file /home/airflow/.local/lib/python3.12/site-packages/airflow/example_dags/example_setup_teardown.py for tasks to queue
[2024-09-05T00:39:33.545+0000] {logging_mixin.py:190} INFO - [2024-09-05T00:39:33.545+0000] {dagbag.py:587} INFO - Filling up the DagBag from /home/airflow/.local/lib/python3.12/site-packages/airflow/example_dags/example_setup_teardown.py
[2024-09-05T00:39:33.557+0000] {processor.py:925} INFO - DAG(s) 'example_setup_teardown' retrieved from /home/airflow/.local/lib/python3.12/site-packages/airflow/example_dags/example_setup_teardown.py
[2024-09-05T00:39:33.592+0000] {logging_mixin.py:190} INFO - [2024-09-05T00:39:33.591+0000] {dag.py:3211} INFO - Sync 1 DAGs
[2024-09-05T00:39:33.636+0000] {logging_mixin.py:190} INFO - [2024-09-05T00:39:33.635+0000] {dag.py:4138} INFO - Setting next_dagrun for example_setup_teardown to 2024-09-04 00:00:00+00:00, run_after=2024-09-05 00:00:00+00:00
[2024-09-05T00:39:33.666+0000] {processor.py:208} INFO - Processing /home/airflow/.local/lib/python3.12/site-packages/airflow/example_dags/example_setup_teardown.py took 0.139 seconds
[2024-09-05T00:40:03.895+0000] {processor.py:186} INFO - Started process (PID=853) to work on /home/airflow/.local/lib/python3.12/site-packages/airflow/example_dags/example_setup_teardown.py
[2024-09-05T00:40:03.896+0000] {processor.py:914} INFO - Processing file /home/airflow/.local/lib/python3.12/site-packages/airflow/example_dags/example_setup_teardown.py for tasks to queue
[2024-09-05T00:40:03.899+0000] {logging_mixin.py:190} INFO - [2024-09-05T00:40:03.899+0000] {dagbag.py:587} INFO - Filling up the DagBag from /home/airflow/.local/lib/python3.12/site-packages/airflow/example_dags/example_setup_teardown.py
[2024-09-05T00:40:03.932+0000] {processor.py:925} INFO - DAG(s) 'example_setup_teardown' retrieved from /home/airflow/.local/lib/python3.12/site-packages/airflow/example_dags/example_setup_teardown.py
[2024-09-05T00:40:03.988+0000] {logging_mixin.py:190} INFO - [2024-09-05T00:40:03.988+0000] {dag.py:3211} INFO - Sync 1 DAGs
[2024-09-05T00:40:04.069+0000] {logging_mixin.py:190} INFO - [2024-09-05T00:40:04.068+0000] {dag.py:4138} INFO - Setting next_dagrun for example_setup_teardown to 2024-09-04 00:00:00+00:00, run_after=2024-09-05 00:00:00+00:00
[2024-09-05T00:40:04.105+0000] {processor.py:208} INFO - Processing /home/airflow/.local/lib/python3.12/site-packages/airflow/example_dags/example_setup_teardown.py took 0.226 seconds
[2024-09-05T00:40:34.973+0000] {processor.py:186} INFO - Started process (PID=917) to work on /home/airflow/.local/lib/python3.12/site-packages/airflow/example_dags/example_setup_teardown.py
[2024-09-05T00:40:34.984+0000] {processor.py:914} INFO - Processing file /home/airflow/.local/lib/python3.12/site-packages/airflow/example_dags/example_setup_teardown.py for tasks to queue
[2024-09-05T00:40:34.990+0000] {logging_mixin.py:190} INFO - [2024-09-05T00:40:34.989+0000] {dagbag.py:587} INFO - Filling up the DagBag from /home/airflow/.local/lib/python3.12/site-packages/airflow/example_dags/example_setup_teardown.py
[2024-09-05T00:40:35.048+0000] {processor.py:925} INFO - DAG(s) 'example_setup_teardown' retrieved from /home/airflow/.local/lib/python3.12/site-packages/airflow/example_dags/example_setup_teardown.py
[2024-09-05T00:40:35.179+0000] {logging_mixin.py:190} INFO - [2024-09-05T00:40:35.169+0000] {dag.py:3211} INFO - Sync 1 DAGs
[2024-09-05T00:40:35.350+0000] {logging_mixin.py:190} INFO - [2024-09-05T00:40:35.349+0000] {dag.py:4138} INFO - Setting next_dagrun for example_setup_teardown to 2024-09-04 00:00:00+00:00, run_after=2024-09-05 00:00:00+00:00
[2024-09-05T00:40:35.450+0000] {processor.py:208} INFO - Processing /home/airflow/.local/lib/python3.12/site-packages/airflow/example_dags/example_setup_teardown.py took 0.527 seconds
