[2024-09-05T00:04:10.833+0000] {processor.py:186} INFO - Started process (PID=99) to work on /home/airflow/.local/lib/python3.12/site-packages/airflow/example_dags/example_subdag_operator.py
[2024-09-05T00:04:10.835+0000] {processor.py:914} INFO - Processing file /home/airflow/.local/lib/python3.12/site-packages/airflow/example_dags/example_subdag_operator.py for tasks to queue
[2024-09-05T00:04:10.839+0000] {logging_mixin.py:190} INFO - [2024-09-05T00:04:10.838+0000] {dagbag.py:587} INFO - Filling up the DagBag from /home/airflow/.local/lib/python3.12/site-packages/airflow/example_dags/example_subdag_operator.py
[2024-09-05T00:04:10.967+0000] {processor.py:925} INFO - DAG(s) 'example_subdag_operator.section-1', 'example_subdag_operator.section-2', 'example_subdag_operator' retrieved from /home/airflow/.local/lib/python3.12/site-packages/airflow/example_dags/example_subdag_operator.py
[2024-09-05T00:04:11.391+0000] {logging_mixin.py:190} INFO - [2024-09-05T00:04:11.388+0000] {override.py:1858} INFO - Created Permission View: can delete on DAG:example_subdag_operator
[2024-09-05T00:04:11.426+0000] {logging_mixin.py:190} INFO - [2024-09-05T00:04:11.425+0000] {override.py:1858} INFO - Created Permission View: can read on DAG:example_subdag_operator
[2024-09-05T00:04:11.453+0000] {logging_mixin.py:190} INFO - [2024-09-05T00:04:11.452+0000] {override.py:1858} INFO - Created Permission View: can edit on DAG:example_subdag_operator
[2024-09-05T00:04:11.455+0000] {logging_mixin.py:190} INFO - [2024-09-05T00:04:11.454+0000] {dag.py:3211} INFO - Sync 3 DAGs
[2024-09-05T00:04:11.512+0000] {logging_mixin.py:190} INFO - [2024-09-05T00:04:11.511+0000] {dag.py:3234} INFO - Creating ORM DAG for example_subdag_operator.section-1
[2024-09-05T00:04:11.515+0000] {logging_mixin.py:190} INFO - [2024-09-05T00:04:11.514+0000] {dag.py:3234} INFO - Creating ORM DAG for example_subdag_operator.section-2
[2024-09-05T00:04:11.517+0000] {logging_mixin.py:190} INFO - [2024-09-05T00:04:11.517+0000] {dag.py:3234} INFO - Creating ORM DAG for example_subdag_operator
[2024-09-05T00:04:11.547+0000] {logging_mixin.py:190} INFO - [2024-09-05T00:04:11.546+0000] {dag.py:4138} INFO - Setting next_dagrun for example_subdag_operator to 2022-01-01 00:00:00+00:00, run_after=2022-01-01 00:00:00+00:00
[2024-09-05T00:04:11.550+0000] {logging_mixin.py:190} INFO - [2024-09-05T00:04:11.549+0000] {dag.py:4138} INFO - Setting next_dagrun for example_subdag_operator.section-1 to None, run_after=None
[2024-09-05T00:04:11.552+0000] {logging_mixin.py:190} INFO - [2024-09-05T00:04:11.551+0000] {dag.py:4138} INFO - Setting next_dagrun for example_subdag_operator.section-2 to None, run_after=None
[2024-09-05T00:04:11.583+0000] {logging_mixin.py:190} INFO - [2024-09-05T00:04:11.582+0000] {dag.py:3211} INFO - Sync 2 DAGs
[2024-09-05T00:04:11.605+0000] {logging_mixin.py:190} INFO - [2024-09-05T00:04:11.604+0000] {dag.py:4138} INFO - Setting next_dagrun for example_subdag_operator.section-1 to None, run_after=None
[2024-09-05T00:04:11.615+0000] {logging_mixin.py:190} INFO - [2024-09-05T00:04:11.615+0000] {dag.py:4138} INFO - Setting next_dagrun for example_subdag_operator.section-2 to None, run_after=None
[2024-09-05T00:04:11.671+0000] {processor.py:208} INFO - Processing /home/airflow/.local/lib/python3.12/site-packages/airflow/example_dags/example_subdag_operator.py took 0.869 seconds
[2024-09-05T00:04:41.881+0000] {processor.py:186} INFO - Started process (PID=161) to work on /home/airflow/.local/lib/python3.12/site-packages/airflow/example_dags/example_subdag_operator.py
[2024-09-05T00:04:41.886+0000] {processor.py:914} INFO - Processing file /home/airflow/.local/lib/python3.12/site-packages/airflow/example_dags/example_subdag_operator.py for tasks to queue
[2024-09-05T00:04:41.894+0000] {logging_mixin.py:190} INFO - [2024-09-05T00:04:41.892+0000] {dagbag.py:587} INFO - Filling up the DagBag from /home/airflow/.local/lib/python3.12/site-packages/airflow/example_dags/example_subdag_operator.py
[2024-09-05T00:04:42.152+0000] {processor.py:925} INFO - DAG(s) 'example_subdag_operator.section-1', 'example_subdag_operator.section-2', 'example_subdag_operator' retrieved from /home/airflow/.local/lib/python3.12/site-packages/airflow/example_dags/example_subdag_operator.py
[2024-09-05T00:04:42.389+0000] {logging_mixin.py:190} INFO - [2024-09-05T00:04:42.388+0000] {dag.py:3211} INFO - Sync 3 DAGs
[2024-09-05T00:04:42.773+0000] {logging_mixin.py:190} INFO - [2024-09-05T00:04:42.771+0000] {dag.py:4138} INFO - Setting next_dagrun for example_subdag_operator to 2022-01-01 00:00:00+00:00, run_after=2022-01-01 00:00:00+00:00
[2024-09-05T00:04:42.826+0000] {logging_mixin.py:190} INFO - [2024-09-05T00:04:42.825+0000] {dag.py:4138} INFO - Setting next_dagrun for example_subdag_operator.section-1 to None, run_after=None
[2024-09-05T00:04:42.844+0000] {logging_mixin.py:190} INFO - [2024-09-05T00:04:42.843+0000] {dag.py:4138} INFO - Setting next_dagrun for example_subdag_operator.section-2 to None, run_after=None
[2024-09-05T00:04:43.017+0000] {logging_mixin.py:190} INFO - [2024-09-05T00:04:43.016+0000] {dag.py:3211} INFO - Sync 2 DAGs
[2024-09-05T00:04:43.079+0000] {logging_mixin.py:190} INFO - [2024-09-05T00:04:43.079+0000] {dag.py:4138} INFO - Setting next_dagrun for example_subdag_operator.section-1 to None, run_after=None
[2024-09-05T00:04:43.098+0000] {logging_mixin.py:190} INFO - [2024-09-05T00:04:43.098+0000] {dag.py:4138} INFO - Setting next_dagrun for example_subdag_operator.section-2 to None, run_after=None
[2024-09-05T00:04:43.225+0000] {processor.py:208} INFO - Processing /home/airflow/.local/lib/python3.12/site-packages/airflow/example_dags/example_subdag_operator.py took 1.382 seconds
[2024-09-05T00:05:14.422+0000] {processor.py:186} INFO - Started process (PID=222) to work on /home/airflow/.local/lib/python3.12/site-packages/airflow/example_dags/example_subdag_operator.py
[2024-09-05T00:05:14.425+0000] {processor.py:914} INFO - Processing file /home/airflow/.local/lib/python3.12/site-packages/airflow/example_dags/example_subdag_operator.py for tasks to queue
[2024-09-05T00:05:14.429+0000] {logging_mixin.py:190} INFO - [2024-09-05T00:05:14.428+0000] {dagbag.py:587} INFO - Filling up the DagBag from /home/airflow/.local/lib/python3.12/site-packages/airflow/example_dags/example_subdag_operator.py
[2024-09-05T00:05:14.523+0000] {processor.py:925} INFO - DAG(s) 'example_subdag_operator.section-1', 'example_subdag_operator.section-2', 'example_subdag_operator' retrieved from /home/airflow/.local/lib/python3.12/site-packages/airflow/example_dags/example_subdag_operator.py
[2024-09-05T00:05:14.604+0000] {logging_mixin.py:190} INFO - [2024-09-05T00:05:14.602+0000] {dag.py:3211} INFO - Sync 3 DAGs
[2024-09-05T00:05:14.694+0000] {logging_mixin.py:190} INFO - [2024-09-05T00:05:14.693+0000] {dag.py:4138} INFO - Setting next_dagrun for example_subdag_operator to 2022-01-01 00:00:00+00:00, run_after=2022-01-01 00:00:00+00:00
[2024-09-05T00:05:14.708+0000] {logging_mixin.py:190} INFO - [2024-09-05T00:05:14.707+0000] {dag.py:4138} INFO - Setting next_dagrun for example_subdag_operator.section-1 to None, run_after=None
[2024-09-05T00:05:14.712+0000] {logging_mixin.py:190} INFO - [2024-09-05T00:05:14.711+0000] {dag.py:4138} INFO - Setting next_dagrun for example_subdag_operator.section-2 to None, run_after=None
[2024-09-05T00:05:14.744+0000] {logging_mixin.py:190} INFO - [2024-09-05T00:05:14.743+0000] {dag.py:3211} INFO - Sync 2 DAGs
[2024-09-05T00:05:14.764+0000] {logging_mixin.py:190} INFO - [2024-09-05T00:05:14.763+0000] {dag.py:4138} INFO - Setting next_dagrun for example_subdag_operator.section-1 to None, run_after=None
[2024-09-05T00:05:14.768+0000] {logging_mixin.py:190} INFO - [2024-09-05T00:05:14.767+0000] {dag.py:4138} INFO - Setting next_dagrun for example_subdag_operator.section-2 to None, run_after=None
[2024-09-05T00:05:14.812+0000] {processor.py:208} INFO - Processing /home/airflow/.local/lib/python3.12/site-packages/airflow/example_dags/example_subdag_operator.py took 0.418 seconds
[2024-09-05T00:13:23.549+0000] {processor.py:186} INFO - Started process (PID=92) to work on /home/airflow/.local/lib/python3.12/site-packages/airflow/example_dags/example_subdag_operator.py
[2024-09-05T00:13:23.571+0000] {processor.py:914} INFO - Processing file /home/airflow/.local/lib/python3.12/site-packages/airflow/example_dags/example_subdag_operator.py for tasks to queue
[2024-09-05T00:13:23.588+0000] {logging_mixin.py:190} INFO - [2024-09-05T00:13:23.586+0000] {dagbag.py:587} INFO - Filling up the DagBag from /home/airflow/.local/lib/python3.12/site-packages/airflow/example_dags/example_subdag_operator.py
[2024-09-05T00:13:24.314+0000] {processor.py:925} INFO - DAG(s) 'example_subdag_operator.section-1', 'example_subdag_operator.section-2', 'example_subdag_operator' retrieved from /home/airflow/.local/lib/python3.12/site-packages/airflow/example_dags/example_subdag_operator.py
[2024-09-05T00:13:24.450+0000] {logging_mixin.py:190} INFO - [2024-09-05T00:13:24.448+0000] {dag.py:3211} INFO - Sync 3 DAGs
[2024-09-05T00:13:25.133+0000] {logging_mixin.py:190} INFO - [2024-09-05T00:13:25.132+0000] {dag.py:4138} INFO - Setting next_dagrun for example_subdag_operator to 2022-01-01 00:00:00+00:00, run_after=2022-01-01 00:00:00+00:00
[2024-09-05T00:13:25.252+0000] {logging_mixin.py:190} INFO - [2024-09-05T00:13:25.251+0000] {dag.py:4138} INFO - Setting next_dagrun for example_subdag_operator.section-1 to None, run_after=None
[2024-09-05T00:13:25.299+0000] {logging_mixin.py:190} INFO - [2024-09-05T00:13:25.298+0000] {dag.py:4138} INFO - Setting next_dagrun for example_subdag_operator.section-2 to None, run_after=None
[2024-09-05T00:13:25.589+0000] {logging_mixin.py:190} INFO - [2024-09-05T00:13:25.588+0000] {dag.py:3211} INFO - Sync 2 DAGs
[2024-09-05T00:13:25.750+0000] {logging_mixin.py:190} INFO - [2024-09-05T00:13:25.750+0000] {dag.py:4138} INFO - Setting next_dagrun for example_subdag_operator.section-1 to None, run_after=None
[2024-09-05T00:13:25.763+0000] {logging_mixin.py:190} INFO - [2024-09-05T00:13:25.762+0000] {dag.py:4138} INFO - Setting next_dagrun for example_subdag_operator.section-2 to None, run_after=None
[2024-09-05T00:13:25.936+0000] {processor.py:208} INFO - Processing /home/airflow/.local/lib/python3.12/site-packages/airflow/example_dags/example_subdag_operator.py took 3.106 seconds
[2024-09-05T00:13:56.857+0000] {processor.py:186} INFO - Started process (PID=155) to work on /home/airflow/.local/lib/python3.12/site-packages/airflow/example_dags/example_subdag_operator.py
[2024-09-05T00:13:56.863+0000] {processor.py:914} INFO - Processing file /home/airflow/.local/lib/python3.12/site-packages/airflow/example_dags/example_subdag_operator.py for tasks to queue
[2024-09-05T00:13:56.869+0000] {logging_mixin.py:190} INFO - [2024-09-05T00:13:56.868+0000] {dagbag.py:587} INFO - Filling up the DagBag from /home/airflow/.local/lib/python3.12/site-packages/airflow/example_dags/example_subdag_operator.py
[2024-09-05T00:13:56.992+0000] {processor.py:925} INFO - DAG(s) 'example_subdag_operator.section-1', 'example_subdag_operator.section-2', 'example_subdag_operator' retrieved from /home/airflow/.local/lib/python3.12/site-packages/airflow/example_dags/example_subdag_operator.py
[2024-09-05T00:13:57.083+0000] {logging_mixin.py:190} INFO - [2024-09-05T00:13:57.082+0000] {dag.py:3211} INFO - Sync 3 DAGs
[2024-09-05T00:13:57.219+0000] {logging_mixin.py:190} INFO - [2024-09-05T00:13:57.218+0000] {dag.py:4138} INFO - Setting next_dagrun for example_subdag_operator to 2022-01-01 00:00:00+00:00, run_after=2022-01-01 00:00:00+00:00
[2024-09-05T00:13:57.243+0000] {logging_mixin.py:190} INFO - [2024-09-05T00:13:57.241+0000] {dag.py:4138} INFO - Setting next_dagrun for example_subdag_operator.section-1 to None, run_after=None
[2024-09-05T00:13:57.255+0000] {logging_mixin.py:190} INFO - [2024-09-05T00:13:57.254+0000] {dag.py:4138} INFO - Setting next_dagrun for example_subdag_operator.section-2 to None, run_after=None
[2024-09-05T00:13:57.297+0000] {logging_mixin.py:190} INFO - [2024-09-05T00:13:57.296+0000] {dag.py:3211} INFO - Sync 2 DAGs
[2024-09-05T00:13:57.315+0000] {logging_mixin.py:190} INFO - [2024-09-05T00:13:57.314+0000] {dag.py:4138} INFO - Setting next_dagrun for example_subdag_operator.section-1 to None, run_after=None
[2024-09-05T00:13:57.317+0000] {logging_mixin.py:190} INFO - [2024-09-05T00:13:57.317+0000] {dag.py:4138} INFO - Setting next_dagrun for example_subdag_operator.section-2 to None, run_after=None
[2024-09-05T00:13:57.357+0000] {processor.py:208} INFO - Processing /home/airflow/.local/lib/python3.12/site-packages/airflow/example_dags/example_subdag_operator.py took 0.523 seconds
[2024-09-05T00:14:31.694+0000] {processor.py:186} INFO - Started process (PID=218) to work on /home/airflow/.local/lib/python3.12/site-packages/airflow/example_dags/example_subdag_operator.py
[2024-09-05T00:14:31.695+0000] {processor.py:914} INFO - Processing file /home/airflow/.local/lib/python3.12/site-packages/airflow/example_dags/example_subdag_operator.py for tasks to queue
[2024-09-05T00:14:31.699+0000] {logging_mixin.py:190} INFO - [2024-09-05T00:14:31.698+0000] {dagbag.py:587} INFO - Filling up the DagBag from /home/airflow/.local/lib/python3.12/site-packages/airflow/example_dags/example_subdag_operator.py
[2024-09-05T00:14:31.776+0000] {processor.py:925} INFO - DAG(s) 'example_subdag_operator.section-1', 'example_subdag_operator.section-2', 'example_subdag_operator' retrieved from /home/airflow/.local/lib/python3.12/site-packages/airflow/example_dags/example_subdag_operator.py
[2024-09-05T00:14:31.821+0000] {logging_mixin.py:190} INFO - [2024-09-05T00:14:31.820+0000] {dag.py:3211} INFO - Sync 3 DAGs
[2024-09-05T00:14:31.888+0000] {logging_mixin.py:190} INFO - [2024-09-05T00:14:31.887+0000] {dag.py:4138} INFO - Setting next_dagrun for example_subdag_operator to 2022-01-01 00:00:00+00:00, run_after=2022-01-01 00:00:00+00:00
[2024-09-05T00:14:31.900+0000] {logging_mixin.py:190} INFO - [2024-09-05T00:14:31.899+0000] {dag.py:4138} INFO - Setting next_dagrun for example_subdag_operator.section-1 to None, run_after=None
[2024-09-05T00:14:31.904+0000] {logging_mixin.py:190} INFO - [2024-09-05T00:14:31.903+0000] {dag.py:4138} INFO - Setting next_dagrun for example_subdag_operator.section-2 to None, run_after=None
[2024-09-05T00:14:31.927+0000] {logging_mixin.py:190} INFO - [2024-09-05T00:14:31.927+0000] {dag.py:3211} INFO - Sync 2 DAGs
[2024-09-05T00:14:31.941+0000] {logging_mixin.py:190} INFO - [2024-09-05T00:14:31.940+0000] {dag.py:4138} INFO - Setting next_dagrun for example_subdag_operator.section-1 to None, run_after=None
[2024-09-05T00:14:31.943+0000] {logging_mixin.py:190} INFO - [2024-09-05T00:14:31.942+0000] {dag.py:4138} INFO - Setting next_dagrun for example_subdag_operator.section-2 to None, run_after=None
[2024-09-05T00:14:31.971+0000] {processor.py:208} INFO - Processing /home/airflow/.local/lib/python3.12/site-packages/airflow/example_dags/example_subdag_operator.py took 0.302 seconds
[2024-09-05T00:15:04.504+0000] {processor.py:186} INFO - Started process (PID=293) to work on /home/airflow/.local/lib/python3.12/site-packages/airflow/example_dags/example_subdag_operator.py
[2024-09-05T00:15:04.514+0000] {processor.py:914} INFO - Processing file /home/airflow/.local/lib/python3.12/site-packages/airflow/example_dags/example_subdag_operator.py for tasks to queue
[2024-09-05T00:15:04.530+0000] {logging_mixin.py:190} INFO - [2024-09-05T00:15:04.518+0000] {dagbag.py:587} INFO - Filling up the DagBag from /home/airflow/.local/lib/python3.12/site-packages/airflow/example_dags/example_subdag_operator.py
[2024-09-05T00:15:04.752+0000] {processor.py:925} INFO - DAG(s) 'example_subdag_operator.section-1', 'example_subdag_operator.section-2', 'example_subdag_operator' retrieved from /home/airflow/.local/lib/python3.12/site-packages/airflow/example_dags/example_subdag_operator.py
[2024-09-05T00:15:04.897+0000] {logging_mixin.py:190} INFO - [2024-09-05T00:15:04.896+0000] {dag.py:3211} INFO - Sync 3 DAGs
[2024-09-05T00:15:05.120+0000] {logging_mixin.py:190} INFO - [2024-09-05T00:15:05.119+0000] {dag.py:4138} INFO - Setting next_dagrun for example_subdag_operator to 2022-01-01 00:00:00+00:00, run_after=2022-01-01 00:00:00+00:00
[2024-09-05T00:15:05.149+0000] {logging_mixin.py:190} INFO - [2024-09-05T00:15:05.148+0000] {dag.py:4138} INFO - Setting next_dagrun for example_subdag_operator.section-1 to None, run_after=None
[2024-09-05T00:15:05.153+0000] {logging_mixin.py:190} INFO - [2024-09-05T00:15:05.153+0000] {dag.py:4138} INFO - Setting next_dagrun for example_subdag_operator.section-2 to None, run_after=None
[2024-09-05T00:15:05.174+0000] {logging_mixin.py:190} INFO - [2024-09-05T00:15:05.174+0000] {dag.py:3211} INFO - Sync 2 DAGs
[2024-09-05T00:15:05.191+0000] {logging_mixin.py:190} INFO - [2024-09-05T00:15:05.191+0000] {dag.py:4138} INFO - Setting next_dagrun for example_subdag_operator.section-1 to None, run_after=None
[2024-09-05T00:15:05.193+0000] {logging_mixin.py:190} INFO - [2024-09-05T00:15:05.192+0000] {dag.py:4138} INFO - Setting next_dagrun for example_subdag_operator.section-2 to None, run_after=None
[2024-09-05T00:15:05.230+0000] {processor.py:208} INFO - Processing /home/airflow/.local/lib/python3.12/site-packages/airflow/example_dags/example_subdag_operator.py took 0.798 seconds
[2024-09-05T00:32:32.266+0000] {processor.py:186} INFO - Started process (PID=112) to work on /home/airflow/.local/lib/python3.12/site-packages/airflow/example_dags/example_subdag_operator.py
[2024-09-05T00:32:32.297+0000] {processor.py:914} INFO - Processing file /home/airflow/.local/lib/python3.12/site-packages/airflow/example_dags/example_subdag_operator.py for tasks to queue
[2024-09-05T00:32:32.307+0000] {logging_mixin.py:190} INFO - [2024-09-05T00:32:32.306+0000] {dagbag.py:587} INFO - Filling up the DagBag from /home/airflow/.local/lib/python3.12/site-packages/airflow/example_dags/example_subdag_operator.py
[2024-09-05T00:32:32.555+0000] {processor.py:925} INFO - DAG(s) 'example_subdag_operator.section-1', 'example_subdag_operator.section-2', 'example_subdag_operator' retrieved from /home/airflow/.local/lib/python3.12/site-packages/airflow/example_dags/example_subdag_operator.py
[2024-09-05T00:32:32.685+0000] {logging_mixin.py:190} INFO - [2024-09-05T00:32:32.685+0000] {dag.py:3211} INFO - Sync 3 DAGs
[2024-09-05T00:32:32.888+0000] {logging_mixin.py:190} INFO - [2024-09-05T00:32:32.887+0000] {dag.py:4138} INFO - Setting next_dagrun for example_subdag_operator to 2022-01-01 00:00:00+00:00, run_after=2022-01-01 00:00:00+00:00
[2024-09-05T00:32:32.929+0000] {logging_mixin.py:190} INFO - [2024-09-05T00:32:32.927+0000] {dag.py:4138} INFO - Setting next_dagrun for example_subdag_operator.section-1 to None, run_after=None
[2024-09-05T00:32:32.942+0000] {logging_mixin.py:190} INFO - [2024-09-05T00:32:32.938+0000] {dag.py:4138} INFO - Setting next_dagrun for example_subdag_operator.section-2 to None, run_after=None
[2024-09-05T00:32:33.029+0000] {logging_mixin.py:190} INFO - [2024-09-05T00:32:33.028+0000] {dag.py:3211} INFO - Sync 2 DAGs
[2024-09-05T00:32:33.051+0000] {logging_mixin.py:190} INFO - [2024-09-05T00:32:33.050+0000] {dag.py:4138} INFO - Setting next_dagrun for example_subdag_operator.section-1 to None, run_after=None
[2024-09-05T00:32:33.053+0000] {logging_mixin.py:190} INFO - [2024-09-05T00:32:33.053+0000] {dag.py:4138} INFO - Setting next_dagrun for example_subdag_operator.section-2 to None, run_after=None
[2024-09-05T00:32:33.116+0000] {processor.py:208} INFO - Processing /home/airflow/.local/lib/python3.12/site-packages/airflow/example_dags/example_subdag_operator.py took 0.877 seconds
[2024-09-05T00:33:03.978+0000] {processor.py:186} INFO - Started process (PID=175) to work on /home/airflow/.local/lib/python3.12/site-packages/airflow/example_dags/example_subdag_operator.py
[2024-09-05T00:33:03.980+0000] {processor.py:914} INFO - Processing file /home/airflow/.local/lib/python3.12/site-packages/airflow/example_dags/example_subdag_operator.py for tasks to queue
[2024-09-05T00:33:03.982+0000] {logging_mixin.py:190} INFO - [2024-09-05T00:33:03.982+0000] {dagbag.py:587} INFO - Filling up the DagBag from /home/airflow/.local/lib/python3.12/site-packages/airflow/example_dags/example_subdag_operator.py
[2024-09-05T00:33:04.023+0000] {processor.py:925} INFO - DAG(s) 'example_subdag_operator.section-1', 'example_subdag_operator.section-2', 'example_subdag_operator' retrieved from /home/airflow/.local/lib/python3.12/site-packages/airflow/example_dags/example_subdag_operator.py
[2024-09-05T00:33:04.050+0000] {logging_mixin.py:190} INFO - [2024-09-05T00:33:04.049+0000] {dag.py:3211} INFO - Sync 3 DAGs
[2024-09-05T00:33:04.095+0000] {logging_mixin.py:190} INFO - [2024-09-05T00:33:04.094+0000] {dag.py:4138} INFO - Setting next_dagrun for example_subdag_operator to 2022-01-01 00:00:00+00:00, run_after=2022-01-01 00:00:00+00:00
[2024-09-05T00:33:04.103+0000] {logging_mixin.py:190} INFO - [2024-09-05T00:33:04.103+0000] {dag.py:4138} INFO - Setting next_dagrun for example_subdag_operator.section-1 to None, run_after=None
[2024-09-05T00:33:04.106+0000] {logging_mixin.py:190} INFO - [2024-09-05T00:33:04.106+0000] {dag.py:4138} INFO - Setting next_dagrun for example_subdag_operator.section-2 to None, run_after=None
[2024-09-05T00:33:04.118+0000] {logging_mixin.py:190} INFO - [2024-09-05T00:33:04.118+0000] {dag.py:3211} INFO - Sync 2 DAGs
[2024-09-05T00:33:04.129+0000] {logging_mixin.py:190} INFO - [2024-09-05T00:33:04.129+0000] {dag.py:4138} INFO - Setting next_dagrun for example_subdag_operator.section-1 to None, run_after=None
[2024-09-05T00:33:04.130+0000] {logging_mixin.py:190} INFO - [2024-09-05T00:33:04.130+0000] {dag.py:4138} INFO - Setting next_dagrun for example_subdag_operator.section-2 to None, run_after=None
[2024-09-05T00:33:04.150+0000] {processor.py:208} INFO - Processing /home/airflow/.local/lib/python3.12/site-packages/airflow/example_dags/example_subdag_operator.py took 0.180 seconds
[2024-09-05T00:33:34.362+0000] {processor.py:186} INFO - Started process (PID=238) to work on /home/airflow/.local/lib/python3.12/site-packages/airflow/example_dags/example_subdag_operator.py
[2024-09-05T00:33:34.364+0000] {processor.py:914} INFO - Processing file /home/airflow/.local/lib/python3.12/site-packages/airflow/example_dags/example_subdag_operator.py for tasks to queue
[2024-09-05T00:33:34.378+0000] {logging_mixin.py:190} INFO - [2024-09-05T00:33:34.377+0000] {dagbag.py:587} INFO - Filling up the DagBag from /home/airflow/.local/lib/python3.12/site-packages/airflow/example_dags/example_subdag_operator.py
[2024-09-05T00:33:34.442+0000] {processor.py:925} INFO - DAG(s) 'example_subdag_operator.section-1', 'example_subdag_operator.section-2', 'example_subdag_operator' retrieved from /home/airflow/.local/lib/python3.12/site-packages/airflow/example_dags/example_subdag_operator.py
[2024-09-05T00:33:34.475+0000] {logging_mixin.py:190} INFO - [2024-09-05T00:33:34.474+0000] {dag.py:3211} INFO - Sync 3 DAGs
[2024-09-05T00:33:34.521+0000] {logging_mixin.py:190} INFO - [2024-09-05T00:33:34.520+0000] {dag.py:4138} INFO - Setting next_dagrun for example_subdag_operator to 2022-01-01 00:00:00+00:00, run_after=2022-01-01 00:00:00+00:00
[2024-09-05T00:33:34.528+0000] {logging_mixin.py:190} INFO - [2024-09-05T00:33:34.528+0000] {dag.py:4138} INFO - Setting next_dagrun for example_subdag_operator.section-1 to None, run_after=None
[2024-09-05T00:33:34.532+0000] {logging_mixin.py:190} INFO - [2024-09-05T00:33:34.531+0000] {dag.py:4138} INFO - Setting next_dagrun for example_subdag_operator.section-2 to None, run_after=None
[2024-09-05T00:33:34.548+0000] {logging_mixin.py:190} INFO - [2024-09-05T00:33:34.547+0000] {dag.py:3211} INFO - Sync 2 DAGs
[2024-09-05T00:33:34.559+0000] {logging_mixin.py:190} INFO - [2024-09-05T00:33:34.559+0000] {dag.py:4138} INFO - Setting next_dagrun for example_subdag_operator.section-1 to None, run_after=None
[2024-09-05T00:33:34.561+0000] {logging_mixin.py:190} INFO - [2024-09-05T00:33:34.560+0000] {dag.py:4138} INFO - Setting next_dagrun for example_subdag_operator.section-2 to None, run_after=None
[2024-09-05T00:33:34.580+0000] {processor.py:208} INFO - Processing /home/airflow/.local/lib/python3.12/site-packages/airflow/example_dags/example_subdag_operator.py took 0.229 seconds
[2024-09-05T00:34:32.442+0000] {processor.py:186} INFO - Started process (PID=307) to work on /home/airflow/.local/lib/python3.12/site-packages/airflow/example_dags/example_subdag_operator.py
[2024-09-05T00:34:32.451+0000] {processor.py:914} INFO - Processing file /home/airflow/.local/lib/python3.12/site-packages/airflow/example_dags/example_subdag_operator.py for tasks to queue
[2024-09-05T00:34:32.485+0000] {logging_mixin.py:190} INFO - [2024-09-05T00:34:32.473+0000] {dagbag.py:587} INFO - Filling up the DagBag from /home/airflow/.local/lib/python3.12/site-packages/airflow/example_dags/example_subdag_operator.py
[2024-09-05T00:34:32.964+0000] {processor.py:925} INFO - DAG(s) 'example_subdag_operator.section-1', 'example_subdag_operator.section-2', 'example_subdag_operator' retrieved from /home/airflow/.local/lib/python3.12/site-packages/airflow/example_dags/example_subdag_operator.py
[2024-09-05T00:34:33.328+0000] {logging_mixin.py:190} INFO - [2024-09-05T00:34:33.326+0000] {dag.py:3211} INFO - Sync 3 DAGs
[2024-09-05T00:34:33.905+0000] {logging_mixin.py:190} INFO - [2024-09-05T00:34:33.903+0000] {dag.py:4138} INFO - Setting next_dagrun for example_subdag_operator to 2022-01-01 00:00:00+00:00, run_after=2022-01-01 00:00:00+00:00
[2024-09-05T00:34:33.953+0000] {logging_mixin.py:190} INFO - [2024-09-05T00:34:33.951+0000] {dag.py:4138} INFO - Setting next_dagrun for example_subdag_operator.section-1 to None, run_after=None
[2024-09-05T00:34:33.990+0000] {logging_mixin.py:190} INFO - [2024-09-05T00:34:33.988+0000] {dag.py:4138} INFO - Setting next_dagrun for example_subdag_operator.section-2 to None, run_after=None
[2024-09-05T00:34:34.095+0000] {logging_mixin.py:190} INFO - [2024-09-05T00:34:34.093+0000] {dag.py:3211} INFO - Sync 2 DAGs
[2024-09-05T00:34:34.301+0000] {logging_mixin.py:190} INFO - [2024-09-05T00:34:34.299+0000] {dag.py:4138} INFO - Setting next_dagrun for example_subdag_operator.section-1 to None, run_after=None
[2024-09-05T00:34:34.366+0000] {logging_mixin.py:190} INFO - [2024-09-05T00:34:34.365+0000] {dag.py:4138} INFO - Setting next_dagrun for example_subdag_operator.section-2 to None, run_after=None
[2024-09-05T00:34:34.664+0000] {processor.py:208} INFO - Processing /home/airflow/.local/lib/python3.12/site-packages/airflow/example_dags/example_subdag_operator.py took 2.339 seconds
[2024-09-05T00:36:09.812+0000] {processor.py:186} INFO - Started process (PID=382) to work on /home/airflow/.local/lib/python3.12/site-packages/airflow/example_dags/example_subdag_operator.py
[2024-09-05T00:36:09.814+0000] {processor.py:914} INFO - Processing file /home/airflow/.local/lib/python3.12/site-packages/airflow/example_dags/example_subdag_operator.py for tasks to queue
[2024-09-05T00:36:09.817+0000] {logging_mixin.py:190} INFO - [2024-09-05T00:36:09.816+0000] {dagbag.py:587} INFO - Filling up the DagBag from /home/airflow/.local/lib/python3.12/site-packages/airflow/example_dags/example_subdag_operator.py
[2024-09-05T00:36:09.867+0000] {processor.py:925} INFO - DAG(s) 'example_subdag_operator.section-1', 'example_subdag_operator.section-2', 'example_subdag_operator' retrieved from /home/airflow/.local/lib/python3.12/site-packages/airflow/example_dags/example_subdag_operator.py
[2024-09-05T00:36:09.894+0000] {logging_mixin.py:190} INFO - [2024-09-05T00:36:09.894+0000] {dag.py:3211} INFO - Sync 3 DAGs
[2024-09-05T00:36:09.935+0000] {logging_mixin.py:190} INFO - [2024-09-05T00:36:09.934+0000] {dag.py:4138} INFO - Setting next_dagrun for example_subdag_operator to 2022-01-01 00:00:00+00:00, run_after=2022-01-01 00:00:00+00:00
[2024-09-05T00:36:09.941+0000] {logging_mixin.py:190} INFO - [2024-09-05T00:36:09.941+0000] {dag.py:4138} INFO - Setting next_dagrun for example_subdag_operator.section-1 to None, run_after=None
[2024-09-05T00:36:09.944+0000] {logging_mixin.py:190} INFO - [2024-09-05T00:36:09.943+0000] {dag.py:4138} INFO - Setting next_dagrun for example_subdag_operator.section-2 to None, run_after=None
[2024-09-05T00:36:09.957+0000] {logging_mixin.py:190} INFO - [2024-09-05T00:36:09.957+0000] {dag.py:3211} INFO - Sync 2 DAGs
[2024-09-05T00:36:09.967+0000] {logging_mixin.py:190} INFO - [2024-09-05T00:36:09.967+0000] {dag.py:4138} INFO - Setting next_dagrun for example_subdag_operator.section-1 to None, run_after=None
[2024-09-05T00:36:09.968+0000] {logging_mixin.py:190} INFO - [2024-09-05T00:36:09.968+0000] {dag.py:4138} INFO - Setting next_dagrun for example_subdag_operator.section-2 to None, run_after=None
[2024-09-05T00:36:09.995+0000] {processor.py:208} INFO - Processing /home/airflow/.local/lib/python3.12/site-packages/airflow/example_dags/example_subdag_operator.py took 0.199 seconds
[2024-09-05T00:36:41.534+0000] {processor.py:186} INFO - Started process (PID=445) to work on /home/airflow/.local/lib/python3.12/site-packages/airflow/example_dags/example_subdag_operator.py
[2024-09-05T00:36:41.536+0000] {processor.py:914} INFO - Processing file /home/airflow/.local/lib/python3.12/site-packages/airflow/example_dags/example_subdag_operator.py for tasks to queue
[2024-09-05T00:36:41.550+0000] {logging_mixin.py:190} INFO - [2024-09-05T00:36:41.549+0000] {dagbag.py:587} INFO - Filling up the DagBag from /home/airflow/.local/lib/python3.12/site-packages/airflow/example_dags/example_subdag_operator.py
[2024-09-05T00:36:41.793+0000] {processor.py:925} INFO - DAG(s) 'example_subdag_operator.section-1', 'example_subdag_operator.section-2', 'example_subdag_operator' retrieved from /home/airflow/.local/lib/python3.12/site-packages/airflow/example_dags/example_subdag_operator.py
[2024-09-05T00:36:41.925+0000] {logging_mixin.py:190} INFO - [2024-09-05T00:36:41.923+0000] {dag.py:3211} INFO - Sync 3 DAGs
[2024-09-05T00:36:42.122+0000] {logging_mixin.py:190} INFO - [2024-09-05T00:36:42.121+0000] {dag.py:4138} INFO - Setting next_dagrun for example_subdag_operator to 2022-01-01 00:00:00+00:00, run_after=2022-01-01 00:00:00+00:00
[2024-09-05T00:36:42.143+0000] {logging_mixin.py:190} INFO - [2024-09-05T00:36:42.142+0000] {dag.py:4138} INFO - Setting next_dagrun for example_subdag_operator.section-1 to None, run_after=None
[2024-09-05T00:36:42.147+0000] {logging_mixin.py:190} INFO - [2024-09-05T00:36:42.147+0000] {dag.py:4138} INFO - Setting next_dagrun for example_subdag_operator.section-2 to None, run_after=None
[2024-09-05T00:36:42.199+0000] {logging_mixin.py:190} INFO - [2024-09-05T00:36:42.198+0000] {dag.py:3211} INFO - Sync 2 DAGs
[2024-09-05T00:36:42.219+0000] {logging_mixin.py:190} INFO - [2024-09-05T00:36:42.218+0000] {dag.py:4138} INFO - Setting next_dagrun for example_subdag_operator.section-1 to None, run_after=None
[2024-09-05T00:36:42.221+0000] {logging_mixin.py:190} INFO - [2024-09-05T00:36:42.221+0000] {dag.py:4138} INFO - Setting next_dagrun for example_subdag_operator.section-2 to None, run_after=None
[2024-09-05T00:36:42.264+0000] {processor.py:208} INFO - Processing /home/airflow/.local/lib/python3.12/site-packages/airflow/example_dags/example_subdag_operator.py took 0.787 seconds
[2024-09-05T00:37:12.721+0000] {processor.py:186} INFO - Started process (PID=508) to work on /home/airflow/.local/lib/python3.12/site-packages/airflow/example_dags/example_subdag_operator.py
[2024-09-05T00:37:12.723+0000] {processor.py:914} INFO - Processing file /home/airflow/.local/lib/python3.12/site-packages/airflow/example_dags/example_subdag_operator.py for tasks to queue
[2024-09-05T00:37:12.728+0000] {logging_mixin.py:190} INFO - [2024-09-05T00:37:12.727+0000] {dagbag.py:587} INFO - Filling up the DagBag from /home/airflow/.local/lib/python3.12/site-packages/airflow/example_dags/example_subdag_operator.py
[2024-09-05T00:37:12.784+0000] {processor.py:925} INFO - DAG(s) 'example_subdag_operator.section-1', 'example_subdag_operator.section-2', 'example_subdag_operator' retrieved from /home/airflow/.local/lib/python3.12/site-packages/airflow/example_dags/example_subdag_operator.py
[2024-09-05T00:37:12.837+0000] {logging_mixin.py:190} INFO - [2024-09-05T00:37:12.836+0000] {dag.py:3211} INFO - Sync 3 DAGs
[2024-09-05T00:37:12.882+0000] {logging_mixin.py:190} INFO - [2024-09-05T00:37:12.881+0000] {dag.py:4138} INFO - Setting next_dagrun for example_subdag_operator to 2022-01-01 00:00:00+00:00, run_after=2022-01-01 00:00:00+00:00
[2024-09-05T00:37:12.889+0000] {logging_mixin.py:190} INFO - [2024-09-05T00:37:12.888+0000] {dag.py:4138} INFO - Setting next_dagrun for example_subdag_operator.section-1 to None, run_after=None
[2024-09-05T00:37:12.896+0000] {logging_mixin.py:190} INFO - [2024-09-05T00:37:12.896+0000] {dag.py:4138} INFO - Setting next_dagrun for example_subdag_operator.section-2 to None, run_after=None
[2024-09-05T00:37:12.914+0000] {logging_mixin.py:190} INFO - [2024-09-05T00:37:12.913+0000] {dag.py:3211} INFO - Sync 2 DAGs
[2024-09-05T00:37:12.934+0000] {logging_mixin.py:190} INFO - [2024-09-05T00:37:12.933+0000] {dag.py:4138} INFO - Setting next_dagrun for example_subdag_operator.section-1 to None, run_after=None
[2024-09-05T00:37:12.935+0000] {logging_mixin.py:190} INFO - [2024-09-05T00:37:12.935+0000] {dag.py:4138} INFO - Setting next_dagrun for example_subdag_operator.section-2 to None, run_after=None
[2024-09-05T00:37:12.959+0000] {processor.py:208} INFO - Processing /home/airflow/.local/lib/python3.12/site-packages/airflow/example_dags/example_subdag_operator.py took 0.246 seconds
[2024-09-05T00:37:43.021+0000] {processor.py:186} INFO - Started process (PID=571) to work on /home/airflow/.local/lib/python3.12/site-packages/airflow/example_dags/example_subdag_operator.py
[2024-09-05T00:37:43.024+0000] {processor.py:914} INFO - Processing file /home/airflow/.local/lib/python3.12/site-packages/airflow/example_dags/example_subdag_operator.py for tasks to queue
[2024-09-05T00:37:43.027+0000] {logging_mixin.py:190} INFO - [2024-09-05T00:37:43.026+0000] {dagbag.py:587} INFO - Filling up the DagBag from /home/airflow/.local/lib/python3.12/site-packages/airflow/example_dags/example_subdag_operator.py
[2024-09-05T00:37:43.082+0000] {processor.py:925} INFO - DAG(s) 'example_subdag_operator.section-1', 'example_subdag_operator.section-2', 'example_subdag_operator' retrieved from /home/airflow/.local/lib/python3.12/site-packages/airflow/example_dags/example_subdag_operator.py
[2024-09-05T00:37:43.106+0000] {logging_mixin.py:190} INFO - [2024-09-05T00:37:43.106+0000] {dag.py:3211} INFO - Sync 3 DAGs
[2024-09-05T00:37:43.143+0000] {logging_mixin.py:190} INFO - [2024-09-05T00:37:43.143+0000] {dag.py:4138} INFO - Setting next_dagrun for example_subdag_operator to 2022-01-01 00:00:00+00:00, run_after=2022-01-01 00:00:00+00:00
[2024-09-05T00:37:43.149+0000] {logging_mixin.py:190} INFO - [2024-09-05T00:37:43.149+0000] {dag.py:4138} INFO - Setting next_dagrun for example_subdag_operator.section-1 to None, run_after=None
[2024-09-05T00:37:43.151+0000] {logging_mixin.py:190} INFO - [2024-09-05T00:37:43.151+0000] {dag.py:4138} INFO - Setting next_dagrun for example_subdag_operator.section-2 to None, run_after=None
[2024-09-05T00:37:43.167+0000] {logging_mixin.py:190} INFO - [2024-09-05T00:37:43.166+0000] {dag.py:3211} INFO - Sync 2 DAGs
[2024-09-05T00:37:43.176+0000] {logging_mixin.py:190} INFO - [2024-09-05T00:37:43.175+0000] {dag.py:4138} INFO - Setting next_dagrun for example_subdag_operator.section-1 to None, run_after=None
[2024-09-05T00:37:43.177+0000] {logging_mixin.py:190} INFO - [2024-09-05T00:37:43.177+0000] {dag.py:4138} INFO - Setting next_dagrun for example_subdag_operator.section-2 to None, run_after=None
[2024-09-05T00:37:43.199+0000] {processor.py:208} INFO - Processing /home/airflow/.local/lib/python3.12/site-packages/airflow/example_dags/example_subdag_operator.py took 0.187 seconds
[2024-09-05T00:38:13.670+0000] {processor.py:186} INFO - Started process (PID=634) to work on /home/airflow/.local/lib/python3.12/site-packages/airflow/example_dags/example_subdag_operator.py
[2024-09-05T00:38:13.672+0000] {processor.py:914} INFO - Processing file /home/airflow/.local/lib/python3.12/site-packages/airflow/example_dags/example_subdag_operator.py for tasks to queue
[2024-09-05T00:38:13.675+0000] {logging_mixin.py:190} INFO - [2024-09-05T00:38:13.675+0000] {dagbag.py:587} INFO - Filling up the DagBag from /home/airflow/.local/lib/python3.12/site-packages/airflow/example_dags/example_subdag_operator.py
[2024-09-05T00:38:13.722+0000] {processor.py:925} INFO - DAG(s) 'example_subdag_operator.section-1', 'example_subdag_operator.section-2', 'example_subdag_operator' retrieved from /home/airflow/.local/lib/python3.12/site-packages/airflow/example_dags/example_subdag_operator.py
[2024-09-05T00:38:13.763+0000] {logging_mixin.py:190} INFO - [2024-09-05T00:38:13.762+0000] {dag.py:3211} INFO - Sync 3 DAGs
[2024-09-05T00:38:13.813+0000] {logging_mixin.py:190} INFO - [2024-09-05T00:38:13.812+0000] {dag.py:4138} INFO - Setting next_dagrun for example_subdag_operator to 2022-01-01 00:00:00+00:00, run_after=2022-01-01 00:00:00+00:00
[2024-09-05T00:38:13.819+0000] {logging_mixin.py:190} INFO - [2024-09-05T00:38:13.818+0000] {dag.py:4138} INFO - Setting next_dagrun for example_subdag_operator.section-1 to None, run_after=None
[2024-09-05T00:38:13.821+0000] {logging_mixin.py:190} INFO - [2024-09-05T00:38:13.821+0000] {dag.py:4138} INFO - Setting next_dagrun for example_subdag_operator.section-2 to None, run_after=None
[2024-09-05T00:38:13.841+0000] {logging_mixin.py:190} INFO - [2024-09-05T00:38:13.840+0000] {dag.py:3211} INFO - Sync 2 DAGs
[2024-09-05T00:38:13.854+0000] {logging_mixin.py:190} INFO - [2024-09-05T00:38:13.853+0000] {dag.py:4138} INFO - Setting next_dagrun for example_subdag_operator.section-1 to None, run_after=None
[2024-09-05T00:38:13.855+0000] {logging_mixin.py:190} INFO - [2024-09-05T00:38:13.855+0000] {dag.py:4138} INFO - Setting next_dagrun for example_subdag_operator.section-2 to None, run_after=None
[2024-09-05T00:38:13.875+0000] {processor.py:208} INFO - Processing /home/airflow/.local/lib/python3.12/site-packages/airflow/example_dags/example_subdag_operator.py took 0.225 seconds
[2024-09-05T00:38:46.275+0000] {processor.py:186} INFO - Started process (PID=696) to work on /home/airflow/.local/lib/python3.12/site-packages/airflow/example_dags/example_subdag_operator.py
[2024-09-05T00:38:46.282+0000] {processor.py:914} INFO - Processing file /home/airflow/.local/lib/python3.12/site-packages/airflow/example_dags/example_subdag_operator.py for tasks to queue
[2024-09-05T00:38:46.287+0000] {logging_mixin.py:190} INFO - [2024-09-05T00:38:46.286+0000] {dagbag.py:587} INFO - Filling up the DagBag from /home/airflow/.local/lib/python3.12/site-packages/airflow/example_dags/example_subdag_operator.py
[2024-09-05T00:38:46.430+0000] {processor.py:925} INFO - DAG(s) 'example_subdag_operator.section-1', 'example_subdag_operator.section-2', 'example_subdag_operator' retrieved from /home/airflow/.local/lib/python3.12/site-packages/airflow/example_dags/example_subdag_operator.py
[2024-09-05T00:38:46.493+0000] {logging_mixin.py:190} INFO - [2024-09-05T00:38:46.492+0000] {dag.py:3211} INFO - Sync 3 DAGs
[2024-09-05T00:38:46.589+0000] {logging_mixin.py:190} INFO - [2024-09-05T00:38:46.588+0000] {dag.py:4138} INFO - Setting next_dagrun for example_subdag_operator to 2022-01-01 00:00:00+00:00, run_after=2022-01-01 00:00:00+00:00
[2024-09-05T00:38:46.600+0000] {logging_mixin.py:190} INFO - [2024-09-05T00:38:46.599+0000] {dag.py:4138} INFO - Setting next_dagrun for example_subdag_operator.section-1 to None, run_after=None
[2024-09-05T00:38:46.604+0000] {logging_mixin.py:190} INFO - [2024-09-05T00:38:46.603+0000] {dag.py:4138} INFO - Setting next_dagrun for example_subdag_operator.section-2 to None, run_after=None
[2024-09-05T00:38:46.632+0000] {logging_mixin.py:190} INFO - [2024-09-05T00:38:46.631+0000] {dag.py:3211} INFO - Sync 2 DAGs
[2024-09-05T00:38:46.649+0000] {logging_mixin.py:190} INFO - [2024-09-05T00:38:46.648+0000] {dag.py:4138} INFO - Setting next_dagrun for example_subdag_operator.section-1 to None, run_after=None
[2024-09-05T00:38:46.651+0000] {logging_mixin.py:190} INFO - [2024-09-05T00:38:46.650+0000] {dag.py:4138} INFO - Setting next_dagrun for example_subdag_operator.section-2 to None, run_after=None
[2024-09-05T00:38:46.681+0000] {processor.py:208} INFO - Processing /home/airflow/.local/lib/python3.12/site-packages/airflow/example_dags/example_subdag_operator.py took 0.442 seconds
[2024-09-05T00:39:16.816+0000] {processor.py:186} INFO - Started process (PID=759) to work on /home/airflow/.local/lib/python3.12/site-packages/airflow/example_dags/example_subdag_operator.py
[2024-09-05T00:39:16.817+0000] {processor.py:914} INFO - Processing file /home/airflow/.local/lib/python3.12/site-packages/airflow/example_dags/example_subdag_operator.py for tasks to queue
[2024-09-05T00:39:16.821+0000] {logging_mixin.py:190} INFO - [2024-09-05T00:39:16.820+0000] {dagbag.py:587} INFO - Filling up the DagBag from /home/airflow/.local/lib/python3.12/site-packages/airflow/example_dags/example_subdag_operator.py
[2024-09-05T00:39:16.901+0000] {processor.py:925} INFO - DAG(s) 'example_subdag_operator.section-1', 'example_subdag_operator.section-2', 'example_subdag_operator' retrieved from /home/airflow/.local/lib/python3.12/site-packages/airflow/example_dags/example_subdag_operator.py
[2024-09-05T00:39:16.958+0000] {logging_mixin.py:190} INFO - [2024-09-05T00:39:16.957+0000] {dag.py:3211} INFO - Sync 3 DAGs
[2024-09-05T00:39:17.030+0000] {logging_mixin.py:190} INFO - [2024-09-05T00:39:17.030+0000] {dag.py:4138} INFO - Setting next_dagrun for example_subdag_operator to 2022-01-01 00:00:00+00:00, run_after=2022-01-01 00:00:00+00:00
[2024-09-05T00:39:17.039+0000] {logging_mixin.py:190} INFO - [2024-09-05T00:39:17.039+0000] {dag.py:4138} INFO - Setting next_dagrun for example_subdag_operator.section-1 to None, run_after=None
[2024-09-05T00:39:17.043+0000] {logging_mixin.py:190} INFO - [2024-09-05T00:39:17.042+0000] {dag.py:4138} INFO - Setting next_dagrun for example_subdag_operator.section-2 to None, run_after=None
[2024-09-05T00:39:17.065+0000] {logging_mixin.py:190} INFO - [2024-09-05T00:39:17.064+0000] {dag.py:3211} INFO - Sync 2 DAGs
[2024-09-05T00:39:17.076+0000] {logging_mixin.py:190} INFO - [2024-09-05T00:39:17.076+0000] {dag.py:4138} INFO - Setting next_dagrun for example_subdag_operator.section-1 to None, run_after=None
[2024-09-05T00:39:17.078+0000] {logging_mixin.py:190} INFO - [2024-09-05T00:39:17.078+0000] {dag.py:4138} INFO - Setting next_dagrun for example_subdag_operator.section-2 to None, run_after=None
[2024-09-05T00:39:17.106+0000] {processor.py:208} INFO - Processing /home/airflow/.local/lib/python3.12/site-packages/airflow/example_dags/example_subdag_operator.py took 0.315 seconds
[2024-09-05T00:39:47.360+0000] {processor.py:186} INFO - Started process (PID=822) to work on /home/airflow/.local/lib/python3.12/site-packages/airflow/example_dags/example_subdag_operator.py
[2024-09-05T00:39:47.362+0000] {processor.py:914} INFO - Processing file /home/airflow/.local/lib/python3.12/site-packages/airflow/example_dags/example_subdag_operator.py for tasks to queue
[2024-09-05T00:39:47.367+0000] {logging_mixin.py:190} INFO - [2024-09-05T00:39:47.365+0000] {dagbag.py:587} INFO - Filling up the DagBag from /home/airflow/.local/lib/python3.12/site-packages/airflow/example_dags/example_subdag_operator.py
[2024-09-05T00:39:47.429+0000] {processor.py:925} INFO - DAG(s) 'example_subdag_operator.section-1', 'example_subdag_operator.section-2', 'example_subdag_operator' retrieved from /home/airflow/.local/lib/python3.12/site-packages/airflow/example_dags/example_subdag_operator.py
[2024-09-05T00:39:47.472+0000] {logging_mixin.py:190} INFO - [2024-09-05T00:39:47.471+0000] {dag.py:3211} INFO - Sync 3 DAGs
[2024-09-05T00:39:47.526+0000] {logging_mixin.py:190} INFO - [2024-09-05T00:39:47.525+0000] {dag.py:4138} INFO - Setting next_dagrun for example_subdag_operator to 2022-01-01 00:00:00+00:00, run_after=2022-01-01 00:00:00+00:00
[2024-09-05T00:39:47.539+0000] {logging_mixin.py:190} INFO - [2024-09-05T00:39:47.539+0000] {dag.py:4138} INFO - Setting next_dagrun for example_subdag_operator.section-1 to None, run_after=None
[2024-09-05T00:39:47.543+0000] {logging_mixin.py:190} INFO - [2024-09-05T00:39:47.542+0000] {dag.py:4138} INFO - Setting next_dagrun for example_subdag_operator.section-2 to None, run_after=None
[2024-09-05T00:39:47.560+0000] {logging_mixin.py:190} INFO - [2024-09-05T00:39:47.560+0000] {dag.py:3211} INFO - Sync 2 DAGs
[2024-09-05T00:39:47.573+0000] {logging_mixin.py:190} INFO - [2024-09-05T00:39:47.572+0000] {dag.py:4138} INFO - Setting next_dagrun for example_subdag_operator.section-1 to None, run_after=None
[2024-09-05T00:39:47.574+0000] {logging_mixin.py:190} INFO - [2024-09-05T00:39:47.574+0000] {dag.py:4138} INFO - Setting next_dagrun for example_subdag_operator.section-2 to None, run_after=None
[2024-09-05T00:39:47.599+0000] {processor.py:208} INFO - Processing /home/airflow/.local/lib/python3.12/site-packages/airflow/example_dags/example_subdag_operator.py took 0.256 seconds
[2024-09-05T00:40:20.970+0000] {processor.py:186} INFO - Started process (PID=892) to work on /home/airflow/.local/lib/python3.12/site-packages/airflow/example_dags/example_subdag_operator.py
[2024-09-05T00:40:20.972+0000] {processor.py:914} INFO - Processing file /home/airflow/.local/lib/python3.12/site-packages/airflow/example_dags/example_subdag_operator.py for tasks to queue
[2024-09-05T00:40:20.975+0000] {logging_mixin.py:190} INFO - [2024-09-05T00:40:20.975+0000] {dagbag.py:587} INFO - Filling up the DagBag from /home/airflow/.local/lib/python3.12/site-packages/airflow/example_dags/example_subdag_operator.py
[2024-09-05T00:40:21.051+0000] {processor.py:925} INFO - DAG(s) 'example_subdag_operator.section-1', 'example_subdag_operator.section-2', 'example_subdag_operator' retrieved from /home/airflow/.local/lib/python3.12/site-packages/airflow/example_dags/example_subdag_operator.py
[2024-09-05T00:40:21.108+0000] {logging_mixin.py:190} INFO - [2024-09-05T00:40:21.106+0000] {dag.py:3211} INFO - Sync 3 DAGs
[2024-09-05T00:40:21.193+0000] {logging_mixin.py:190} INFO - [2024-09-05T00:40:21.192+0000] {dag.py:4138} INFO - Setting next_dagrun for example_subdag_operator to 2022-01-01 00:00:00+00:00, run_after=2022-01-01 00:00:00+00:00
[2024-09-05T00:40:21.209+0000] {logging_mixin.py:190} INFO - [2024-09-05T00:40:21.208+0000] {dag.py:4138} INFO - Setting next_dagrun for example_subdag_operator.section-1 to None, run_after=None
[2024-09-05T00:40:21.215+0000] {logging_mixin.py:190} INFO - [2024-09-05T00:40:21.214+0000] {dag.py:4138} INFO - Setting next_dagrun for example_subdag_operator.section-2 to None, run_after=None
[2024-09-05T00:40:21.243+0000] {logging_mixin.py:190} INFO - [2024-09-05T00:40:21.242+0000] {dag.py:3211} INFO - Sync 2 DAGs
[2024-09-05T00:40:21.258+0000] {logging_mixin.py:190} INFO - [2024-09-05T00:40:21.257+0000] {dag.py:4138} INFO - Setting next_dagrun for example_subdag_operator.section-1 to None, run_after=None
[2024-09-05T00:40:21.260+0000] {logging_mixin.py:190} INFO - [2024-09-05T00:40:21.259+0000] {dag.py:4138} INFO - Setting next_dagrun for example_subdag_operator.section-2 to None, run_after=None
[2024-09-05T00:40:21.297+0000] {processor.py:208} INFO - Processing /home/airflow/.local/lib/python3.12/site-packages/airflow/example_dags/example_subdag_operator.py took 0.345 seconds
[2024-09-05T00:41:59.427+0000] {processor.py:186} INFO - Started process (PID=966) to work on /home/airflow/.local/lib/python3.12/site-packages/airflow/example_dags/example_subdag_operator.py
[2024-09-05T00:41:59.444+0000] {processor.py:914} INFO - Processing file /home/airflow/.local/lib/python3.12/site-packages/airflow/example_dags/example_subdag_operator.py for tasks to queue
[2024-09-05T00:41:59.494+0000] {logging_mixin.py:190} INFO - [2024-09-05T00:41:59.480+0000] {dagbag.py:587} INFO - Filling up the DagBag from /home/airflow/.local/lib/python3.12/site-packages/airflow/example_dags/example_subdag_operator.py
[2024-09-05T00:42:00.261+0000] {processor.py:925} INFO - DAG(s) 'example_subdag_operator.section-1', 'example_subdag_operator.section-2', 'example_subdag_operator' retrieved from /home/airflow/.local/lib/python3.12/site-packages/airflow/example_dags/example_subdag_operator.py
[2024-09-05T00:42:00.718+0000] {logging_mixin.py:190} INFO - [2024-09-05T00:42:00.717+0000] {dag.py:3211} INFO - Sync 3 DAGs
[2024-09-05T00:42:02.071+0000] {logging_mixin.py:190} INFO - [2024-09-05T00:42:02.057+0000] {dag.py:4138} INFO - Setting next_dagrun for example_subdag_operator to 2022-01-01 00:00:00+00:00, run_after=2022-01-01 00:00:00+00:00
[2024-09-05T00:42:02.274+0000] {logging_mixin.py:190} INFO - [2024-09-05T00:42:02.260+0000] {dag.py:4138} INFO - Setting next_dagrun for example_subdag_operator.section-1 to None, run_after=None
[2024-09-05T00:42:02.331+0000] {logging_mixin.py:190} INFO - [2024-09-05T00:42:02.329+0000] {dag.py:4138} INFO - Setting next_dagrun for example_subdag_operator.section-2 to None, run_after=None
[2024-09-05T00:42:02.885+0000] {logging_mixin.py:190} INFO - [2024-09-05T00:42:02.871+0000] {dag.py:3211} INFO - Sync 2 DAGs
[2024-09-05T00:42:03.020+0000] {logging_mixin.py:190} INFO - [2024-09-05T00:42:03.018+0000] {dag.py:4138} INFO - Setting next_dagrun for example_subdag_operator.section-1 to None, run_after=None
[2024-09-05T00:42:03.060+0000] {logging_mixin.py:190} INFO - [2024-09-05T00:42:03.051+0000] {dag.py:4138} INFO - Setting next_dagrun for example_subdag_operator.section-2 to None, run_after=None
[2024-09-05T00:42:03.568+0000] {processor.py:208} INFO - Processing /home/airflow/.local/lib/python3.12/site-packages/airflow/example_dags/example_subdag_operator.py took 4.334 seconds
