[2024-09-05T00:04:00.131+0000] {processor.py:186} INFO - Started process (PID=85) to work on /home/airflow/.local/lib/python3.12/site-packages/airflow/example_dags/example_short_circuit_operator.py
[2024-09-05T00:04:00.137+0000] {processor.py:914} INFO - Processing file /home/airflow/.local/lib/python3.12/site-packages/airflow/example_dags/example_short_circuit_operator.py for tasks to queue
[2024-09-05T00:04:00.151+0000] {logging_mixin.py:190} INFO - [2024-09-05T00:04:00.147+0000] {dagbag.py:587} INFO - Filling up the DagBag from /home/airflow/.local/lib/python3.12/site-packages/airflow/example_dags/example_short_circuit_operator.py
[2024-09-05T00:04:00.230+0000] {processor.py:925} INFO - DAG(s) 'example_short_circuit_operator' retrieved from /home/airflow/.local/lib/python3.12/site-packages/airflow/example_dags/example_short_circuit_operator.py
[2024-09-05T00:04:01.009+0000] {logging_mixin.py:190} INFO - [2024-09-05T00:04:01.006+0000] {override.py:1858} INFO - Created Permission View: can delete on DAG:example_short_circuit_operator
[2024-09-05T00:04:01.104+0000] {logging_mixin.py:190} INFO - [2024-09-05T00:04:01.103+0000] {override.py:1858} INFO - Created Permission View: can read on DAG:example_short_circuit_operator
[2024-09-05T00:04:01.146+0000] {logging_mixin.py:190} INFO - [2024-09-05T00:04:01.145+0000] {override.py:1858} INFO - Created Permission View: can edit on DAG:example_short_circuit_operator
[2024-09-05T00:04:01.151+0000] {logging_mixin.py:190} INFO - [2024-09-05T00:04:01.150+0000] {dag.py:3211} INFO - Sync 1 DAGs
[2024-09-05T00:04:01.316+0000] {logging_mixin.py:190} INFO - [2024-09-05T00:04:01.314+0000] {dag.py:3234} INFO - Creating ORM DAG for example_short_circuit_operator
[2024-09-05T00:04:01.392+0000] {logging_mixin.py:190} INFO - [2024-09-05T00:04:01.391+0000] {dag.py:4138} INFO - Setting next_dagrun for example_short_circuit_operator to 2024-09-04 00:00:00+00:00, run_after=2024-09-05 00:00:00+00:00
[2024-09-05T00:04:01.492+0000] {processor.py:208} INFO - Processing /home/airflow/.local/lib/python3.12/site-packages/airflow/example_dags/example_short_circuit_operator.py took 1.410 seconds
[2024-09-05T00:04:34.396+0000] {processor.py:186} INFO - Started process (PID=147) to work on /home/airflow/.local/lib/python3.12/site-packages/airflow/example_dags/example_short_circuit_operator.py
[2024-09-05T00:04:34.408+0000] {processor.py:914} INFO - Processing file /home/airflow/.local/lib/python3.12/site-packages/airflow/example_dags/example_short_circuit_operator.py for tasks to queue
[2024-09-05T00:04:34.421+0000] {logging_mixin.py:190} INFO - [2024-09-05T00:04:34.419+0000] {dagbag.py:587} INFO - Filling up the DagBag from /home/airflow/.local/lib/python3.12/site-packages/airflow/example_dags/example_short_circuit_operator.py
[2024-09-05T00:04:34.499+0000] {processor.py:925} INFO - DAG(s) 'example_short_circuit_operator' retrieved from /home/airflow/.local/lib/python3.12/site-packages/airflow/example_dags/example_short_circuit_operator.py
[2024-09-05T00:04:34.651+0000] {logging_mixin.py:190} INFO - [2024-09-05T00:04:34.651+0000] {dag.py:3211} INFO - Sync 1 DAGs
[2024-09-05T00:04:34.850+0000] {logging_mixin.py:190} INFO - [2024-09-05T00:04:34.849+0000] {dag.py:4138} INFO - Setting next_dagrun for example_short_circuit_operator to 2024-09-04 00:00:00+00:00, run_after=2024-09-05 00:00:00+00:00
[2024-09-05T00:04:35.018+0000] {processor.py:208} INFO - Processing /home/airflow/.local/lib/python3.12/site-packages/airflow/example_dags/example_short_circuit_operator.py took 0.663 seconds
[2024-09-05T00:05:10.608+0000] {processor.py:186} INFO - Started process (PID=209) to work on /home/airflow/.local/lib/python3.12/site-packages/airflow/example_dags/example_short_circuit_operator.py
[2024-09-05T00:05:10.613+0000] {processor.py:914} INFO - Processing file /home/airflow/.local/lib/python3.12/site-packages/airflow/example_dags/example_short_circuit_operator.py for tasks to queue
[2024-09-05T00:05:10.625+0000] {logging_mixin.py:190} INFO - [2024-09-05T00:05:10.623+0000] {dagbag.py:587} INFO - Filling up the DagBag from /home/airflow/.local/lib/python3.12/site-packages/airflow/example_dags/example_short_circuit_operator.py
[2024-09-05T00:05:10.687+0000] {processor.py:925} INFO - DAG(s) 'example_short_circuit_operator' retrieved from /home/airflow/.local/lib/python3.12/site-packages/airflow/example_dags/example_short_circuit_operator.py
[2024-09-05T00:05:10.898+0000] {logging_mixin.py:190} INFO - [2024-09-05T00:05:10.897+0000] {dag.py:3211} INFO - Sync 1 DAGs
[2024-09-05T00:05:11.066+0000] {logging_mixin.py:190} INFO - [2024-09-05T00:05:11.063+0000] {dag.py:4138} INFO - Setting next_dagrun for example_short_circuit_operator to 2024-09-04 00:00:00+00:00, run_after=2024-09-05 00:00:00+00:00
[2024-09-05T00:05:11.158+0000] {processor.py:208} INFO - Processing /home/airflow/.local/lib/python3.12/site-packages/airflow/example_dags/example_short_circuit_operator.py took 0.606 seconds
[2024-09-05T00:13:03.153+0000] {processor.py:186} INFO - Started process (PID=72) to work on /home/airflow/.local/lib/python3.12/site-packages/airflow/example_dags/example_short_circuit_operator.py
[2024-09-05T00:13:03.159+0000] {processor.py:914} INFO - Processing file /home/airflow/.local/lib/python3.12/site-packages/airflow/example_dags/example_short_circuit_operator.py for tasks to queue
[2024-09-05T00:13:03.174+0000] {logging_mixin.py:190} INFO - [2024-09-05T00:13:03.170+0000] {dagbag.py:587} INFO - Filling up the DagBag from /home/airflow/.local/lib/python3.12/site-packages/airflow/example_dags/example_short_circuit_operator.py
[2024-09-05T00:13:03.289+0000] {processor.py:925} INFO - DAG(s) 'example_short_circuit_operator' retrieved from /home/airflow/.local/lib/python3.12/site-packages/airflow/example_dags/example_short_circuit_operator.py
[2024-09-05T00:13:03.491+0000] {logging_mixin.py:190} INFO - [2024-09-05T00:13:03.490+0000] {dag.py:3211} INFO - Sync 1 DAGs
[2024-09-05T00:13:03.672+0000] {logging_mixin.py:190} INFO - [2024-09-05T00:13:03.672+0000] {dag.py:4138} INFO - Setting next_dagrun for example_short_circuit_operator to 2024-09-04 00:00:00+00:00, run_after=2024-09-05 00:00:00+00:00
[2024-09-05T00:13:03.843+0000] {processor.py:208} INFO - Processing /home/airflow/.local/lib/python3.12/site-packages/airflow/example_dags/example_short_circuit_operator.py took 0.775 seconds
[2024-09-05T00:13:47.385+0000] {processor.py:186} INFO - Started process (PID=141) to work on /home/airflow/.local/lib/python3.12/site-packages/airflow/example_dags/example_short_circuit_operator.py
[2024-09-05T00:13:47.388+0000] {processor.py:914} INFO - Processing file /home/airflow/.local/lib/python3.12/site-packages/airflow/example_dags/example_short_circuit_operator.py for tasks to queue
[2024-09-05T00:13:47.392+0000] {logging_mixin.py:190} INFO - [2024-09-05T00:13:47.391+0000] {dagbag.py:587} INFO - Filling up the DagBag from /home/airflow/.local/lib/python3.12/site-packages/airflow/example_dags/example_short_circuit_operator.py
[2024-09-05T00:13:47.420+0000] {processor.py:925} INFO - DAG(s) 'example_short_circuit_operator' retrieved from /home/airflow/.local/lib/python3.12/site-packages/airflow/example_dags/example_short_circuit_operator.py
[2024-09-05T00:13:47.480+0000] {logging_mixin.py:190} INFO - [2024-09-05T00:13:47.479+0000] {dag.py:3211} INFO - Sync 1 DAGs
[2024-09-05T00:13:47.540+0000] {logging_mixin.py:190} INFO - [2024-09-05T00:13:47.539+0000] {dag.py:4138} INFO - Setting next_dagrun for example_short_circuit_operator to 2024-09-04 00:00:00+00:00, run_after=2024-09-05 00:00:00+00:00
[2024-09-05T00:13:47.597+0000] {processor.py:208} INFO - Processing /home/airflow/.local/lib/python3.12/site-packages/airflow/example_dags/example_short_circuit_operator.py took 0.229 seconds
[2024-09-05T00:14:24.527+0000] {processor.py:186} INFO - Started process (PID=194) to work on /home/airflow/.local/lib/python3.12/site-packages/airflow/example_dags/example_short_circuit_operator.py
[2024-09-05T00:14:24.530+0000] {processor.py:914} INFO - Processing file /home/airflow/.local/lib/python3.12/site-packages/airflow/example_dags/example_short_circuit_operator.py for tasks to queue
[2024-09-05T00:14:24.536+0000] {logging_mixin.py:190} INFO - [2024-09-05T00:14:24.535+0000] {dagbag.py:587} INFO - Filling up the DagBag from /home/airflow/.local/lib/python3.12/site-packages/airflow/example_dags/example_short_circuit_operator.py
[2024-09-05T00:14:24.576+0000] {processor.py:925} INFO - DAG(s) 'example_short_circuit_operator' retrieved from /home/airflow/.local/lib/python3.12/site-packages/airflow/example_dags/example_short_circuit_operator.py
[2024-09-05T00:14:24.695+0000] {logging_mixin.py:190} INFO - [2024-09-05T00:14:24.694+0000] {dag.py:3211} INFO - Sync 1 DAGs
[2024-09-05T00:14:24.890+0000] {logging_mixin.py:190} INFO - [2024-09-05T00:14:24.878+0000] {dag.py:4138} INFO - Setting next_dagrun for example_short_circuit_operator to 2024-09-04 00:00:00+00:00, run_after=2024-09-05 00:00:00+00:00
[2024-09-05T00:14:25.064+0000] {processor.py:208} INFO - Processing /home/airflow/.local/lib/python3.12/site-packages/airflow/example_dags/example_short_circuit_operator.py took 0.541 seconds
[2024-09-05T00:14:55.625+0000] {processor.py:186} INFO - Started process (PID=269) to work on /home/airflow/.local/lib/python3.12/site-packages/airflow/example_dags/example_short_circuit_operator.py
[2024-09-05T00:14:55.629+0000] {processor.py:914} INFO - Processing file /home/airflow/.local/lib/python3.12/site-packages/airflow/example_dags/example_short_circuit_operator.py for tasks to queue
[2024-09-05T00:14:55.635+0000] {logging_mixin.py:190} INFO - [2024-09-05T00:14:55.633+0000] {dagbag.py:587} INFO - Filling up the DagBag from /home/airflow/.local/lib/python3.12/site-packages/airflow/example_dags/example_short_circuit_operator.py
[2024-09-05T00:14:55.684+0000] {processor.py:925} INFO - DAG(s) 'example_short_circuit_operator' retrieved from /home/airflow/.local/lib/python3.12/site-packages/airflow/example_dags/example_short_circuit_operator.py
[2024-09-05T00:14:55.783+0000] {logging_mixin.py:190} INFO - [2024-09-05T00:14:55.782+0000] {dag.py:3211} INFO - Sync 1 DAGs
[2024-09-05T00:14:55.869+0000] {logging_mixin.py:190} INFO - [2024-09-05T00:14:55.869+0000] {dag.py:4138} INFO - Setting next_dagrun for example_short_circuit_operator to 2024-09-04 00:00:00+00:00, run_after=2024-09-05 00:00:00+00:00
[2024-09-05T00:14:55.929+0000] {processor.py:208} INFO - Processing /home/airflow/.local/lib/python3.12/site-packages/airflow/example_dags/example_short_circuit_operator.py took 0.347 seconds
[2024-09-05T00:32:23.715+0000] {processor.py:186} INFO - Started process (PID=93) to work on /home/airflow/.local/lib/python3.12/site-packages/airflow/example_dags/example_short_circuit_operator.py
[2024-09-05T00:32:23.718+0000] {processor.py:914} INFO - Processing file /home/airflow/.local/lib/python3.12/site-packages/airflow/example_dags/example_short_circuit_operator.py for tasks to queue
[2024-09-05T00:32:23.725+0000] {logging_mixin.py:190} INFO - [2024-09-05T00:32:23.724+0000] {dagbag.py:587} INFO - Filling up the DagBag from /home/airflow/.local/lib/python3.12/site-packages/airflow/example_dags/example_short_circuit_operator.py
[2024-09-05T00:32:23.959+0000] {processor.py:925} INFO - DAG(s) 'example_short_circuit_operator' retrieved from /home/airflow/.local/lib/python3.12/site-packages/airflow/example_dags/example_short_circuit_operator.py
[2024-09-05T00:32:24.605+0000] {logging_mixin.py:190} INFO - [2024-09-05T00:32:24.604+0000] {dag.py:3211} INFO - Sync 1 DAGs
[2024-09-05T00:32:25.373+0000] {logging_mixin.py:190} INFO - [2024-09-05T00:32:25.372+0000] {dag.py:4138} INFO - Setting next_dagrun for example_short_circuit_operator to 2024-09-04 00:00:00+00:00, run_after=2024-09-05 00:00:00+00:00
[2024-09-05T00:32:25.536+0000] {processor.py:208} INFO - Processing /home/airflow/.local/lib/python3.12/site-packages/airflow/example_dags/example_short_circuit_operator.py took 1.861 seconds
[2024-09-05T00:32:56.751+0000] {processor.py:186} INFO - Started process (PID=162) to work on /home/airflow/.local/lib/python3.12/site-packages/airflow/example_dags/example_short_circuit_operator.py
[2024-09-05T00:32:56.757+0000] {processor.py:914} INFO - Processing file /home/airflow/.local/lib/python3.12/site-packages/airflow/example_dags/example_short_circuit_operator.py for tasks to queue
[2024-09-05T00:32:56.769+0000] {logging_mixin.py:190} INFO - [2024-09-05T00:32:56.768+0000] {dagbag.py:587} INFO - Filling up the DagBag from /home/airflow/.local/lib/python3.12/site-packages/airflow/example_dags/example_short_circuit_operator.py
[2024-09-05T00:32:56.752+0000] {processor.py:925} INFO - DAG(s) 'example_short_circuit_operator' retrieved from /home/airflow/.local/lib/python3.12/site-packages/airflow/example_dags/example_short_circuit_operator.py
[2024-09-05T00:32:56.870+0000] {logging_mixin.py:190} INFO - [2024-09-05T00:32:56.869+0000] {dag.py:3211} INFO - Sync 1 DAGs
[2024-09-05T00:32:57.009+0000] {logging_mixin.py:190} INFO - [2024-09-05T00:32:57.009+0000] {dag.py:4138} INFO - Setting next_dagrun for example_short_circuit_operator to 2024-09-04 00:00:00+00:00, run_after=2024-09-05 00:00:00+00:00
[2024-09-05T00:32:57.146+0000] {processor.py:208} INFO - Processing /home/airflow/.local/lib/python3.12/site-packages/airflow/example_dags/example_short_circuit_operator.py took 0.485 seconds
[2024-09-05T00:33:27.475+0000] {processor.py:186} INFO - Started process (PID=225) to work on /home/airflow/.local/lib/python3.12/site-packages/airflow/example_dags/example_short_circuit_operator.py
[2024-09-05T00:33:27.477+0000] {processor.py:914} INFO - Processing file /home/airflow/.local/lib/python3.12/site-packages/airflow/example_dags/example_short_circuit_operator.py for tasks to queue
[2024-09-05T00:33:27.479+0000] {logging_mixin.py:190} INFO - [2024-09-05T00:33:27.479+0000] {dagbag.py:587} INFO - Filling up the DagBag from /home/airflow/.local/lib/python3.12/site-packages/airflow/example_dags/example_short_circuit_operator.py
[2024-09-05T00:33:27.512+0000] {processor.py:925} INFO - DAG(s) 'example_short_circuit_operator' retrieved from /home/airflow/.local/lib/python3.12/site-packages/airflow/example_dags/example_short_circuit_operator.py
[2024-09-05T00:33:27.573+0000] {logging_mixin.py:190} INFO - [2024-09-05T00:33:27.573+0000] {dag.py:3211} INFO - Sync 1 DAGs
[2024-09-05T00:33:27.622+0000] {logging_mixin.py:190} INFO - [2024-09-05T00:33:27.621+0000] {dag.py:4138} INFO - Setting next_dagrun for example_short_circuit_operator to 2024-09-04 00:00:00+00:00, run_after=2024-09-05 00:00:00+00:00
[2024-09-05T00:33:27.661+0000] {processor.py:208} INFO - Processing /home/airflow/.local/lib/python3.12/site-packages/airflow/example_dags/example_short_circuit_operator.py took 0.197 seconds
[2024-09-05T00:33:57.934+0000] {processor.py:186} INFO - Started process (PID=288) to work on /home/airflow/.local/lib/python3.12/site-packages/airflow/example_dags/example_short_circuit_operator.py
[2024-09-05T00:33:57.937+0000] {processor.py:914} INFO - Processing file /home/airflow/.local/lib/python3.12/site-packages/airflow/example_dags/example_short_circuit_operator.py for tasks to queue
[2024-09-05T00:33:57.941+0000] {logging_mixin.py:190} INFO - [2024-09-05T00:33:57.940+0000] {dagbag.py:587} INFO - Filling up the DagBag from /home/airflow/.local/lib/python3.12/site-packages/airflow/example_dags/example_short_circuit_operator.py
[2024-09-05T00:33:57.985+0000] {processor.py:925} INFO - DAG(s) 'example_short_circuit_operator' retrieved from /home/airflow/.local/lib/python3.12/site-packages/airflow/example_dags/example_short_circuit_operator.py
[2024-09-05T00:33:58.136+0000] {logging_mixin.py:190} INFO - [2024-09-05T00:33:58.134+0000] {dag.py:3211} INFO - Sync 1 DAGs
[2024-09-05T00:33:58.313+0000] {logging_mixin.py:190} INFO - [2024-09-05T00:33:58.311+0000] {dag.py:4138} INFO - Setting next_dagrun for example_short_circuit_operator to 2024-09-04 00:00:00+00:00, run_after=2024-09-05 00:00:00+00:00
[2024-09-05T00:33:58.481+0000] {processor.py:208} INFO - Processing /home/airflow/.local/lib/python3.12/site-packages/airflow/example_dags/example_short_circuit_operator.py took 0.571 seconds
[2024-09-05T00:36:07.107+0000] {processor.py:186} INFO - Started process (PID=368) to work on /home/airflow/.local/lib/python3.12/site-packages/airflow/example_dags/example_short_circuit_operator.py
[2024-09-05T00:36:07.111+0000] {processor.py:914} INFO - Processing file /home/airflow/.local/lib/python3.12/site-packages/airflow/example_dags/example_short_circuit_operator.py for tasks to queue
[2024-09-05T00:36:07.115+0000] {logging_mixin.py:190} INFO - [2024-09-05T00:36:07.114+0000] {dagbag.py:587} INFO - Filling up the DagBag from /home/airflow/.local/lib/python3.12/site-packages/airflow/example_dags/example_short_circuit_operator.py
[2024-09-05T00:36:07.142+0000] {processor.py:925} INFO - DAG(s) 'example_short_circuit_operator' retrieved from /home/airflow/.local/lib/python3.12/site-packages/airflow/example_dags/example_short_circuit_operator.py
[2024-09-05T00:36:07.224+0000] {logging_mixin.py:190} INFO - [2024-09-05T00:36:07.223+0000] {dag.py:3211} INFO - Sync 1 DAGs
[2024-09-05T00:36:07.288+0000] {logging_mixin.py:190} INFO - [2024-09-05T00:36:07.287+0000] {dag.py:4138} INFO - Setting next_dagrun for example_short_circuit_operator to 2024-09-04 00:00:00+00:00, run_after=2024-09-05 00:00:00+00:00
[2024-09-05T00:36:07.332+0000] {processor.py:208} INFO - Processing /home/airflow/.local/lib/python3.12/site-packages/airflow/example_dags/example_short_circuit_operator.py took 0.245 seconds
[2024-09-05T00:36:37.586+0000] {processor.py:186} INFO - Started process (PID=431) to work on /home/airflow/.local/lib/python3.12/site-packages/airflow/example_dags/example_short_circuit_operator.py
[2024-09-05T00:36:37.590+0000] {processor.py:914} INFO - Processing file /home/airflow/.local/lib/python3.12/site-packages/airflow/example_dags/example_short_circuit_operator.py for tasks to queue
[2024-09-05T00:36:37.593+0000] {logging_mixin.py:190} INFO - [2024-09-05T00:36:37.592+0000] {dagbag.py:587} INFO - Filling up the DagBag from /home/airflow/.local/lib/python3.12/site-packages/airflow/example_dags/example_short_circuit_operator.py
[2024-09-05T00:36:37.615+0000] {processor.py:925} INFO - DAG(s) 'example_short_circuit_operator' retrieved from /home/airflow/.local/lib/python3.12/site-packages/airflow/example_dags/example_short_circuit_operator.py
[2024-09-05T00:36:37.665+0000] {logging_mixin.py:190} INFO - [2024-09-05T00:36:37.665+0000] {dag.py:3211} INFO - Sync 1 DAGs
[2024-09-05T00:36:37.715+0000] {logging_mixin.py:190} INFO - [2024-09-05T00:36:37.715+0000] {dag.py:4138} INFO - Setting next_dagrun for example_short_circuit_operator to 2024-09-04 00:00:00+00:00, run_after=2024-09-05 00:00:00+00:00
[2024-09-05T00:36:37.762+0000] {processor.py:208} INFO - Processing /home/airflow/.local/lib/python3.12/site-packages/airflow/example_dags/example_short_circuit_operator.py took 0.189 seconds
[2024-09-05T00:37:10.135+0000] {processor.py:186} INFO - Started process (PID=494) to work on /home/airflow/.local/lib/python3.12/site-packages/airflow/example_dags/example_short_circuit_operator.py
[2024-09-05T00:37:10.136+0000] {processor.py:914} INFO - Processing file /home/airflow/.local/lib/python3.12/site-packages/airflow/example_dags/example_short_circuit_operator.py for tasks to queue
[2024-09-05T00:37:10.140+0000] {logging_mixin.py:190} INFO - [2024-09-05T00:37:10.139+0000] {dagbag.py:587} INFO - Filling up the DagBag from /home/airflow/.local/lib/python3.12/site-packages/airflow/example_dags/example_short_circuit_operator.py
[2024-09-05T00:37:10.165+0000] {processor.py:925} INFO - DAG(s) 'example_short_circuit_operator' retrieved from /home/airflow/.local/lib/python3.12/site-packages/airflow/example_dags/example_short_circuit_operator.py
[2024-09-05T00:37:10.289+0000] {logging_mixin.py:190} INFO - [2024-09-05T00:37:10.288+0000] {dag.py:3211} INFO - Sync 1 DAGs
[2024-09-05T00:37:10.384+0000] {logging_mixin.py:190} INFO - [2024-09-05T00:37:10.382+0000] {dag.py:4138} INFO - Setting next_dagrun for example_short_circuit_operator to 2024-09-04 00:00:00+00:00, run_after=2024-09-05 00:00:00+00:00
[2024-09-05T00:37:10.432+0000] {processor.py:208} INFO - Processing /home/airflow/.local/lib/python3.12/site-packages/airflow/example_dags/example_short_circuit_operator.py took 0.320 seconds
[2024-09-05T00:37:40.637+0000] {processor.py:186} INFO - Started process (PID=557) to work on /home/airflow/.local/lib/python3.12/site-packages/airflow/example_dags/example_short_circuit_operator.py
[2024-09-05T00:37:40.639+0000] {processor.py:914} INFO - Processing file /home/airflow/.local/lib/python3.12/site-packages/airflow/example_dags/example_short_circuit_operator.py for tasks to queue
[2024-09-05T00:37:40.643+0000] {logging_mixin.py:190} INFO - [2024-09-05T00:37:40.643+0000] {dagbag.py:587} INFO - Filling up the DagBag from /home/airflow/.local/lib/python3.12/site-packages/airflow/example_dags/example_short_circuit_operator.py
[2024-09-05T00:37:40.668+0000] {processor.py:925} INFO - DAG(s) 'example_short_circuit_operator' retrieved from /home/airflow/.local/lib/python3.12/site-packages/airflow/example_dags/example_short_circuit_operator.py
[2024-09-05T00:37:40.714+0000] {logging_mixin.py:190} INFO - [2024-09-05T00:37:40.713+0000] {dag.py:3211} INFO - Sync 1 DAGs
[2024-09-05T00:37:40.775+0000] {logging_mixin.py:190} INFO - [2024-09-05T00:37:40.774+0000] {dag.py:4138} INFO - Setting next_dagrun for example_short_circuit_operator to 2024-09-04 00:00:00+00:00, run_after=2024-09-05 00:00:00+00:00
[2024-09-05T00:37:40.823+0000] {processor.py:208} INFO - Processing /home/airflow/.local/lib/python3.12/site-packages/airflow/example_dags/example_short_circuit_operator.py took 0.205 seconds
[2024-09-05T00:38:11.454+0000] {processor.py:186} INFO - Started process (PID=620) to work on /home/airflow/.local/lib/python3.12/site-packages/airflow/example_dags/example_short_circuit_operator.py
[2024-09-05T00:38:11.475+0000] {processor.py:914} INFO - Processing file /home/airflow/.local/lib/python3.12/site-packages/airflow/example_dags/example_short_circuit_operator.py for tasks to queue
[2024-09-05T00:38:11.484+0000] {logging_mixin.py:190} INFO - [2024-09-05T00:38:11.483+0000] {dagbag.py:587} INFO - Filling up the DagBag from /home/airflow/.local/lib/python3.12/site-packages/airflow/example_dags/example_short_circuit_operator.py
[2024-09-05T00:38:11.555+0000] {processor.py:925} INFO - DAG(s) 'example_short_circuit_operator' retrieved from /home/airflow/.local/lib/python3.12/site-packages/airflow/example_dags/example_short_circuit_operator.py
[2024-09-05T00:38:11.691+0000] {logging_mixin.py:190} INFO - [2024-09-05T00:38:11.691+0000] {dag.py:3211} INFO - Sync 1 DAGs
[2024-09-05T00:38:11.812+0000] {logging_mixin.py:190} INFO - [2024-09-05T00:38:11.810+0000] {dag.py:4138} INFO - Setting next_dagrun for example_short_circuit_operator to 2024-09-04 00:00:00+00:00, run_after=2024-09-05 00:00:00+00:00
[2024-09-05T00:38:11.875+0000] {processor.py:208} INFO - Processing /home/airflow/.local/lib/python3.12/site-packages/airflow/example_dags/example_short_circuit_operator.py took 0.461 seconds
[2024-09-05T00:38:42.043+0000] {processor.py:186} INFO - Started process (PID=683) to work on /home/airflow/.local/lib/python3.12/site-packages/airflow/example_dags/example_short_circuit_operator.py
[2024-09-05T00:38:42.047+0000] {processor.py:914} INFO - Processing file /home/airflow/.local/lib/python3.12/site-packages/airflow/example_dags/example_short_circuit_operator.py for tasks to queue
[2024-09-05T00:38:42.052+0000] {logging_mixin.py:190} INFO - [2024-09-05T00:38:42.050+0000] {dagbag.py:587} INFO - Filling up the DagBag from /home/airflow/.local/lib/python3.12/site-packages/airflow/example_dags/example_short_circuit_operator.py
[2024-09-05T00:38:42.137+0000] {processor.py:925} INFO - DAG(s) 'example_short_circuit_operator' retrieved from /home/airflow/.local/lib/python3.12/site-packages/airflow/example_dags/example_short_circuit_operator.py
[2024-09-05T00:38:42.328+0000] {logging_mixin.py:190} INFO - [2024-09-05T00:38:42.327+0000] {dag.py:3211} INFO - Sync 1 DAGs
[2024-09-05T00:38:42.426+0000] {logging_mixin.py:190} INFO - [2024-09-05T00:38:42.425+0000] {dag.py:4138} INFO - Setting next_dagrun for example_short_circuit_operator to 2024-09-04 00:00:00+00:00, run_after=2024-09-05 00:00:00+00:00
[2024-09-05T00:38:42.524+0000] {processor.py:208} INFO - Processing /home/airflow/.local/lib/python3.12/site-packages/airflow/example_dags/example_short_circuit_operator.py took 0.517 seconds
[2024-09-05T00:39:13.364+0000] {processor.py:186} INFO - Started process (PID=746) to work on /home/airflow/.local/lib/python3.12/site-packages/airflow/example_dags/example_short_circuit_operator.py
[2024-09-05T00:39:13.365+0000] {processor.py:914} INFO - Processing file /home/airflow/.local/lib/python3.12/site-packages/airflow/example_dags/example_short_circuit_operator.py for tasks to queue
[2024-09-05T00:39:13.368+0000] {logging_mixin.py:190} INFO - [2024-09-05T00:39:13.367+0000] {dagbag.py:587} INFO - Filling up the DagBag from /home/airflow/.local/lib/python3.12/site-packages/airflow/example_dags/example_short_circuit_operator.py
[2024-09-05T00:39:13.416+0000] {processor.py:925} INFO - DAG(s) 'example_short_circuit_operator' retrieved from /home/airflow/.local/lib/python3.12/site-packages/airflow/example_dags/example_short_circuit_operator.py
[2024-09-05T00:39:13.491+0000] {logging_mixin.py:190} INFO - [2024-09-05T00:39:13.489+0000] {dag.py:3211} INFO - Sync 1 DAGs
[2024-09-05T00:39:13.556+0000] {logging_mixin.py:190} INFO - [2024-09-05T00:39:13.556+0000] {dag.py:4138} INFO - Setting next_dagrun for example_short_circuit_operator to 2024-09-04 00:00:00+00:00, run_after=2024-09-05 00:00:00+00:00
[2024-09-05T00:39:13.599+0000] {processor.py:208} INFO - Processing /home/airflow/.local/lib/python3.12/site-packages/airflow/example_dags/example_short_circuit_operator.py took 0.255 seconds
[2024-09-05T00:39:43.938+0000] {processor.py:186} INFO - Started process (PID=809) to work on /home/airflow/.local/lib/python3.12/site-packages/airflow/example_dags/example_short_circuit_operator.py
[2024-09-05T00:39:43.940+0000] {processor.py:914} INFO - Processing file /home/airflow/.local/lib/python3.12/site-packages/airflow/example_dags/example_short_circuit_operator.py for tasks to queue
[2024-09-05T00:39:43.950+0000] {logging_mixin.py:190} INFO - [2024-09-05T00:39:43.949+0000] {dagbag.py:587} INFO - Filling up the DagBag from /home/airflow/.local/lib/python3.12/site-packages/airflow/example_dags/example_short_circuit_operator.py
[2024-09-05T00:39:43.989+0000] {processor.py:925} INFO - DAG(s) 'example_short_circuit_operator' retrieved from /home/airflow/.local/lib/python3.12/site-packages/airflow/example_dags/example_short_circuit_operator.py
[2024-09-05T00:39:44.052+0000] {logging_mixin.py:190} INFO - [2024-09-05T00:39:44.050+0000] {dag.py:3211} INFO - Sync 1 DAGs
[2024-09-05T00:39:44.121+0000] {logging_mixin.py:190} INFO - [2024-09-05T00:39:44.120+0000] {dag.py:4138} INFO - Setting next_dagrun for example_short_circuit_operator to 2024-09-04 00:00:00+00:00, run_after=2024-09-05 00:00:00+00:00
[2024-09-05T00:39:44.170+0000] {processor.py:208} INFO - Processing /home/airflow/.local/lib/python3.12/site-packages/airflow/example_dags/example_short_circuit_operator.py took 0.263 seconds
[2024-09-05T00:40:16.755+0000] {processor.py:186} INFO - Started process (PID=872) to work on /home/airflow/.local/lib/python3.12/site-packages/airflow/example_dags/example_short_circuit_operator.py
[2024-09-05T00:40:16.757+0000] {processor.py:914} INFO - Processing file /home/airflow/.local/lib/python3.12/site-packages/airflow/example_dags/example_short_circuit_operator.py for tasks to queue
[2024-09-05T00:40:16.759+0000] {logging_mixin.py:190} INFO - [2024-09-05T00:40:16.758+0000] {dagbag.py:587} INFO - Filling up the DagBag from /home/airflow/.local/lib/python3.12/site-packages/airflow/example_dags/example_short_circuit_operator.py
[2024-09-05T00:40:16.787+0000] {processor.py:925} INFO - DAG(s) 'example_short_circuit_operator' retrieved from /home/airflow/.local/lib/python3.12/site-packages/airflow/example_dags/example_short_circuit_operator.py
[2024-09-05T00:40:16.893+0000] {logging_mixin.py:190} INFO - [2024-09-05T00:40:16.881+0000] {dag.py:3211} INFO - Sync 1 DAGs
[2024-09-05T00:40:16.985+0000] {logging_mixin.py:190} INFO - [2024-09-05T00:40:16.983+0000] {dag.py:4138} INFO - Setting next_dagrun for example_short_circuit_operator to 2024-09-04 00:00:00+00:00, run_after=2024-09-05 00:00:00+00:00
[2024-09-05T00:40:17.037+0000] {processor.py:208} INFO - Processing /home/airflow/.local/lib/python3.12/site-packages/airflow/example_dags/example_short_circuit_operator.py took 0.306 seconds
[2024-09-05T00:41:07.303+0000] {processor.py:186} INFO - Started process (PID=940) to work on /home/airflow/.local/lib/python3.12/site-packages/airflow/example_dags/example_short_circuit_operator.py
[2024-09-05T00:41:07.338+0000] {processor.py:914} INFO - Processing file /home/airflow/.local/lib/python3.12/site-packages/airflow/example_dags/example_short_circuit_operator.py for tasks to queue
[2024-09-05T00:41:07.373+0000] {logging_mixin.py:190} INFO - [2024-09-05T00:41:07.358+0000] {dagbag.py:587} INFO - Filling up the DagBag from /home/airflow/.local/lib/python3.12/site-packages/airflow/example_dags/example_short_circuit_operator.py
[2024-09-05T00:41:07.745+0000] {processor.py:925} INFO - DAG(s) 'example_short_circuit_operator' retrieved from /home/airflow/.local/lib/python3.12/site-packages/airflow/example_dags/example_short_circuit_operator.py
[2024-09-05T00:41:08.589+0000] {logging_mixin.py:190} INFO - [2024-09-05T00:41:08.583+0000] {dag.py:3211} INFO - Sync 1 DAGs
[2024-09-05T00:41:09.639+0000] {logging_mixin.py:190} INFO - [2024-09-05T00:41:09.636+0000] {dag.py:4138} INFO - Setting next_dagrun for example_short_circuit_operator to 2024-09-04 00:00:00+00:00, run_after=2024-09-05 00:00:00+00:00
[2024-09-05T00:41:10.429+0000] {processor.py:208} INFO - Processing /home/airflow/.local/lib/python3.12/site-packages/airflow/example_dags/example_short_circuit_operator.py took 3.300 seconds
