[2024-09-05T00:04:21.237+0000] {processor.py:186} INFO - Started process (PID=125) to work on /home/airflow/.local/lib/python3.12/site-packages/airflow/example_dags/example_task_group.py
[2024-09-05T00:04:21.239+0000] {processor.py:914} INFO - Processing file /home/airflow/.local/lib/python3.12/site-packages/airflow/example_dags/example_task_group.py for tasks to queue
[2024-09-05T00:04:21.244+0000] {logging_mixin.py:190} INFO - [2024-09-05T00:04:21.243+0000] {dagbag.py:587} INFO - Filling up the DagBag from /home/airflow/.local/lib/python3.12/site-packages/airflow/example_dags/example_task_group.py
[2024-09-05T00:04:21.286+0000] {processor.py:925} INFO - DAG(s) 'example_task_group' retrieved from /home/airflow/.local/lib/python3.12/site-packages/airflow/example_dags/example_task_group.py
[2024-09-05T00:04:21.715+0000] {logging_mixin.py:190} INFO - [2024-09-05T00:04:21.713+0000] {override.py:1858} INFO - Created Permission View: can delete on DAG:example_task_group
[2024-09-05T00:04:21.752+0000] {logging_mixin.py:190} INFO - [2024-09-05T00:04:21.751+0000] {override.py:1858} INFO - Created Permission View: can read on DAG:example_task_group
[2024-09-05T00:04:21.787+0000] {logging_mixin.py:190} INFO - [2024-09-05T00:04:21.786+0000] {override.py:1858} INFO - Created Permission View: can edit on DAG:example_task_group
[2024-09-05T00:04:21.789+0000] {logging_mixin.py:190} INFO - [2024-09-05T00:04:21.788+0000] {dag.py:3211} INFO - Sync 1 DAGs
[2024-09-05T00:04:21.867+0000] {logging_mixin.py:190} INFO - [2024-09-05T00:04:21.866+0000] {dag.py:3234} INFO - Creating ORM DAG for example_task_group
[2024-09-05T00:04:21.899+0000] {logging_mixin.py:190} INFO - [2024-09-05T00:04:21.899+0000] {dag.py:4138} INFO - Setting next_dagrun for example_task_group to 2024-09-04 00:00:00+00:00, run_after=2024-09-05 00:00:00+00:00
[2024-09-05T00:04:21.959+0000] {processor.py:208} INFO - Processing /home/airflow/.local/lib/python3.12/site-packages/airflow/example_dags/example_task_group.py took 0.754 seconds
[2024-09-05T00:05:00.359+0000] {processor.py:186} INFO - Started process (PID=187) to work on /home/airflow/.local/lib/python3.12/site-packages/airflow/example_dags/example_task_group.py
[2024-09-05T00:05:00.362+0000] {processor.py:914} INFO - Processing file /home/airflow/.local/lib/python3.12/site-packages/airflow/example_dags/example_task_group.py for tasks to queue
[2024-09-05T00:05:00.370+0000] {logging_mixin.py:190} INFO - [2024-09-05T00:05:00.369+0000] {dagbag.py:587} INFO - Filling up the DagBag from /home/airflow/.local/lib/python3.12/site-packages/airflow/example_dags/example_task_group.py
[2024-09-05T00:05:00.436+0000] {processor.py:925} INFO - DAG(s) 'example_task_group' retrieved from /home/airflow/.local/lib/python3.12/site-packages/airflow/example_dags/example_task_group.py
[2024-09-05T00:05:00.593+0000] {logging_mixin.py:190} INFO - [2024-09-05T00:05:00.591+0000] {dag.py:3211} INFO - Sync 1 DAGs
[2024-09-05T00:05:00.774+0000] {logging_mixin.py:190} INFO - [2024-09-05T00:05:00.770+0000] {dag.py:4138} INFO - Setting next_dagrun for example_task_group to 2024-09-04 00:00:00+00:00, run_after=2024-09-05 00:00:00+00:00
[2024-09-05T00:05:00.916+0000] {processor.py:208} INFO - Processing /home/airflow/.local/lib/python3.12/site-packages/airflow/example_dags/example_task_group.py took 0.594 seconds
[2024-09-05T00:05:33.306+0000] {processor.py:186} INFO - Started process (PID=251) to work on /home/airflow/.local/lib/python3.12/site-packages/airflow/example_dags/example_task_group.py
[2024-09-05T00:05:33.309+0000] {processor.py:914} INFO - Processing file /home/airflow/.local/lib/python3.12/site-packages/airflow/example_dags/example_task_group.py for tasks to queue
[2024-09-05T00:05:33.326+0000] {logging_mixin.py:190} INFO - [2024-09-05T00:05:33.322+0000] {dagbag.py:587} INFO - Filling up the DagBag from /home/airflow/.local/lib/python3.12/site-packages/airflow/example_dags/example_task_group.py
[2024-09-05T00:05:33.411+0000] {processor.py:925} INFO - DAG(s) 'example_task_group' retrieved from /home/airflow/.local/lib/python3.12/site-packages/airflow/example_dags/example_task_group.py
[2024-09-05T00:05:33.791+0000] {logging_mixin.py:190} INFO - [2024-09-05T00:05:33.790+0000] {dag.py:3211} INFO - Sync 1 DAGs
[2024-09-05T00:05:34.227+0000] {logging_mixin.py:190} INFO - [2024-09-05T00:05:34.226+0000] {dag.py:4138} INFO - Setting next_dagrun for example_task_group to 2024-09-04 00:00:00+00:00, run_after=2024-09-05 00:00:00+00:00
[2024-09-05T00:05:34.507+0000] {processor.py:208} INFO - Processing /home/airflow/.local/lib/python3.12/site-packages/airflow/example_dags/example_task_group.py took 1.254 seconds
[2024-09-05T00:13:42.645+0000] {processor.py:186} INFO - Started process (PID=119) to work on /home/airflow/.local/lib/python3.12/site-packages/airflow/example_dags/example_task_group.py
[2024-09-05T00:13:42.648+0000] {processor.py:914} INFO - Processing file /home/airflow/.local/lib/python3.12/site-packages/airflow/example_dags/example_task_group.py for tasks to queue
[2024-09-05T00:13:42.652+0000] {logging_mixin.py:190} INFO - [2024-09-05T00:13:42.652+0000] {dagbag.py:587} INFO - Filling up the DagBag from /home/airflow/.local/lib/python3.12/site-packages/airflow/example_dags/example_task_group.py
[2024-09-05T00:13:42.691+0000] {processor.py:925} INFO - DAG(s) 'example_task_group' retrieved from /home/airflow/.local/lib/python3.12/site-packages/airflow/example_dags/example_task_group.py
[2024-09-05T00:13:42.765+0000] {logging_mixin.py:190} INFO - [2024-09-05T00:13:42.764+0000] {dag.py:3211} INFO - Sync 1 DAGs
[2024-09-05T00:13:42.889+0000] {logging_mixin.py:190} INFO - [2024-09-05T00:13:42.888+0000] {dag.py:4138} INFO - Setting next_dagrun for example_task_group to 2024-09-04 00:00:00+00:00, run_after=2024-09-05 00:00:00+00:00
[2024-09-05T00:13:42.992+0000] {processor.py:208} INFO - Processing /home/airflow/.local/lib/python3.12/site-packages/airflow/example_dags/example_task_group.py took 0.381 seconds
[2024-09-05T00:14:17.120+0000] {processor.py:186} INFO - Started process (PID=182) to work on /home/airflow/.local/lib/python3.12/site-packages/airflow/example_dags/example_task_group.py
[2024-09-05T00:14:17.122+0000] {processor.py:914} INFO - Processing file /home/airflow/.local/lib/python3.12/site-packages/airflow/example_dags/example_task_group.py for tasks to queue
[2024-09-05T00:14:17.126+0000] {logging_mixin.py:190} INFO - [2024-09-05T00:14:17.125+0000] {dagbag.py:587} INFO - Filling up the DagBag from /home/airflow/.local/lib/python3.12/site-packages/airflow/example_dags/example_task_group.py
[2024-09-05T00:14:17.255+0000] {processor.py:925} INFO - DAG(s) 'example_task_group' retrieved from /home/airflow/.local/lib/python3.12/site-packages/airflow/example_dags/example_task_group.py
[2024-09-05T00:14:17.507+0000] {logging_mixin.py:190} INFO - [2024-09-05T00:14:17.497+0000] {dag.py:3211} INFO - Sync 1 DAGs
[2024-09-05T00:14:17.753+0000] {logging_mixin.py:190} INFO - [2024-09-05T00:14:17.752+0000] {dag.py:4138} INFO - Setting next_dagrun for example_task_group to 2024-09-04 00:00:00+00:00, run_after=2024-09-05 00:00:00+00:00
[2024-09-05T00:14:17.909+0000] {processor.py:208} INFO - Processing /home/airflow/.local/lib/python3.12/site-packages/airflow/example_dags/example_task_group.py took 0.827 seconds
[2024-09-05T00:14:48.228+0000] {processor.py:186} INFO - Started process (PID=257) to work on /home/airflow/.local/lib/python3.12/site-packages/airflow/example_dags/example_task_group.py
[2024-09-05T00:14:48.231+0000] {processor.py:914} INFO - Processing file /home/airflow/.local/lib/python3.12/site-packages/airflow/example_dags/example_task_group.py for tasks to queue
[2024-09-05T00:14:48.238+0000] {logging_mixin.py:190} INFO - [2024-09-05T00:14:48.236+0000] {dagbag.py:587} INFO - Filling up the DagBag from /home/airflow/.local/lib/python3.12/site-packages/airflow/example_dags/example_task_group.py
[2024-09-05T00:14:48.282+0000] {processor.py:925} INFO - DAG(s) 'example_task_group' retrieved from /home/airflow/.local/lib/python3.12/site-packages/airflow/example_dags/example_task_group.py
[2024-09-05T00:14:48.368+0000] {logging_mixin.py:190} INFO - [2024-09-05T00:14:48.367+0000] {dag.py:3211} INFO - Sync 1 DAGs
[2024-09-05T00:14:48.452+0000] {logging_mixin.py:190} INFO - [2024-09-05T00:14:48.452+0000] {dag.py:4138} INFO - Setting next_dagrun for example_task_group to 2024-09-04 00:00:00+00:00, run_after=2024-09-05 00:00:00+00:00
[2024-09-05T00:14:48.511+0000] {processor.py:208} INFO - Processing /home/airflow/.local/lib/python3.12/site-packages/airflow/example_dags/example_task_group.py took 0.304 seconds
[2024-09-05T00:32:42.607+0000] {processor.py:186} INFO - Started process (PID=139) to work on /home/airflow/.local/lib/python3.12/site-packages/airflow/example_dags/example_task_group.py
[2024-09-05T00:32:42.610+0000] {processor.py:914} INFO - Processing file /home/airflow/.local/lib/python3.12/site-packages/airflow/example_dags/example_task_group.py for tasks to queue
[2024-09-05T00:32:42.613+0000] {logging_mixin.py:190} INFO - [2024-09-05T00:32:42.613+0000] {dagbag.py:587} INFO - Filling up the DagBag from /home/airflow/.local/lib/python3.12/site-packages/airflow/example_dags/example_task_group.py
[2024-09-05T00:32:42.641+0000] {processor.py:925} INFO - DAG(s) 'example_task_group' retrieved from /home/airflow/.local/lib/python3.12/site-packages/airflow/example_dags/example_task_group.py
[2024-09-05T00:32:42.696+0000] {logging_mixin.py:190} INFO - [2024-09-05T00:32:42.696+0000] {dag.py:3211} INFO - Sync 1 DAGs
[2024-09-05T00:32:42.753+0000] {logging_mixin.py:190} INFO - [2024-09-05T00:32:42.753+0000] {dag.py:4138} INFO - Setting next_dagrun for example_task_group to 2024-09-04 00:00:00+00:00, run_after=2024-09-05 00:00:00+00:00
[2024-09-05T00:32:42.787+0000] {processor.py:208} INFO - Processing /home/airflow/.local/lib/python3.12/site-packages/airflow/example_dags/example_task_group.py took 0.204 seconds
[2024-09-05T00:33:13.192+0000] {processor.py:186} INFO - Started process (PID=202) to work on /home/airflow/.local/lib/python3.12/site-packages/airflow/example_dags/example_task_group.py
[2024-09-05T00:33:13.193+0000] {processor.py:914} INFO - Processing file /home/airflow/.local/lib/python3.12/site-packages/airflow/example_dags/example_task_group.py for tasks to queue
[2024-09-05T00:33:13.195+0000] {logging_mixin.py:190} INFO - [2024-09-05T00:33:13.195+0000] {dagbag.py:587} INFO - Filling up the DagBag from /home/airflow/.local/lib/python3.12/site-packages/airflow/example_dags/example_task_group.py
[2024-09-05T00:33:13.212+0000] {processor.py:925} INFO - DAG(s) 'example_task_group' retrieved from /home/airflow/.local/lib/python3.12/site-packages/airflow/example_dags/example_task_group.py
[2024-09-05T00:33:13.254+0000] {logging_mixin.py:190} INFO - [2024-09-05T00:33:13.254+0000] {dag.py:3211} INFO - Sync 1 DAGs
[2024-09-05T00:33:13.287+0000] {logging_mixin.py:190} INFO - [2024-09-05T00:33:13.287+0000] {dag.py:4138} INFO - Setting next_dagrun for example_task_group to 2024-09-04 00:00:00+00:00, run_after=2024-09-05 00:00:00+00:00
[2024-09-05T00:33:13.318+0000] {processor.py:208} INFO - Processing /home/airflow/.local/lib/python3.12/site-packages/airflow/example_dags/example_task_group.py took 0.136 seconds
[2024-09-05T00:33:43.778+0000] {processor.py:186} INFO - Started process (PID=265) to work on /home/airflow/.local/lib/python3.12/site-packages/airflow/example_dags/example_task_group.py
[2024-09-05T00:33:43.781+0000] {processor.py:914} INFO - Processing file /home/airflow/.local/lib/python3.12/site-packages/airflow/example_dags/example_task_group.py for tasks to queue
[2024-09-05T00:33:43.785+0000] {logging_mixin.py:190} INFO - [2024-09-05T00:33:43.784+0000] {dagbag.py:587} INFO - Filling up the DagBag from /home/airflow/.local/lib/python3.12/site-packages/airflow/example_dags/example_task_group.py
[2024-09-05T00:33:43.803+0000] {processor.py:925} INFO - DAG(s) 'example_task_group' retrieved from /home/airflow/.local/lib/python3.12/site-packages/airflow/example_dags/example_task_group.py
[2024-09-05T00:33:43.850+0000] {logging_mixin.py:190} INFO - [2024-09-05T00:33:43.849+0000] {dag.py:3211} INFO - Sync 1 DAGs
[2024-09-05T00:33:43.896+0000] {logging_mixin.py:190} INFO - [2024-09-05T00:33:43.896+0000] {dag.py:4138} INFO - Setting next_dagrun for example_task_group to 2024-09-04 00:00:00+00:00, run_after=2024-09-05 00:00:00+00:00
[2024-09-05T00:33:43.931+0000] {processor.py:208} INFO - Processing /home/airflow/.local/lib/python3.12/site-packages/airflow/example_dags/example_task_group.py took 0.173 seconds
[2024-09-05T00:35:40.925+0000] {processor.py:186} INFO - Started process (PID=340) to work on /home/airflow/.local/lib/python3.12/site-packages/airflow/example_dags/example_task_group.py
[2024-09-05T00:35:40.941+0000] {processor.py:914} INFO - Processing file /home/airflow/.local/lib/python3.12/site-packages/airflow/example_dags/example_task_group.py for tasks to queue
[2024-09-05T00:35:41.107+0000] {logging_mixin.py:190} INFO - [2024-09-05T00:35:41.073+0000] {dagbag.py:587} INFO - Filling up the DagBag from /home/airflow/.local/lib/python3.12/site-packages/airflow/example_dags/example_task_group.py
[2024-09-05T00:35:41.652+0000] {processor.py:925} INFO - DAG(s) 'example_task_group' retrieved from /home/airflow/.local/lib/python3.12/site-packages/airflow/example_dags/example_task_group.py
[2024-09-05T00:35:42.921+0000] {logging_mixin.py:190} INFO - [2024-09-05T00:35:42.919+0000] {dag.py:3211} INFO - Sync 1 DAGs
[2024-09-05T00:35:44.089+0000] {logging_mixin.py:190} INFO - [2024-09-05T00:35:44.087+0000] {dag.py:4138} INFO - Setting next_dagrun for example_task_group to 2024-09-04 00:00:00+00:00, run_after=2024-09-05 00:00:00+00:00
[2024-09-05T00:35:45.436+0000] {processor.py:208} INFO - Processing /home/airflow/.local/lib/python3.12/site-packages/airflow/example_dags/example_task_group.py took 4.775 seconds
[2024-09-05T00:36:16.420+0000] {processor.py:186} INFO - Started process (PID=403) to work on /home/airflow/.local/lib/python3.12/site-packages/airflow/example_dags/example_task_group.py
[2024-09-05T00:36:16.421+0000] {processor.py:914} INFO - Processing file /home/airflow/.local/lib/python3.12/site-packages/airflow/example_dags/example_task_group.py for tasks to queue
[2024-09-05T00:36:16.424+0000] {logging_mixin.py:190} INFO - [2024-09-05T00:36:16.423+0000] {dagbag.py:587} INFO - Filling up the DagBag from /home/airflow/.local/lib/python3.12/site-packages/airflow/example_dags/example_task_group.py
[2024-09-05T00:36:16.438+0000] {processor.py:925} INFO - DAG(s) 'example_task_group' retrieved from /home/airflow/.local/lib/python3.12/site-packages/airflow/example_dags/example_task_group.py
[2024-09-05T00:36:16.481+0000] {logging_mixin.py:190} INFO - [2024-09-05T00:36:16.480+0000] {dag.py:3211} INFO - Sync 1 DAGs
[2024-09-05T00:36:16.515+0000] {logging_mixin.py:190} INFO - [2024-09-05T00:36:16.515+0000] {dag.py:4138} INFO - Setting next_dagrun for example_task_group to 2024-09-04 00:00:00+00:00, run_after=2024-09-05 00:00:00+00:00
[2024-09-05T00:36:16.567+0000] {processor.py:208} INFO - Processing /home/airflow/.local/lib/python3.12/site-packages/airflow/example_dags/example_task_group.py took 0.159 seconds
[2024-09-05T00:36:47.968+0000] {processor.py:186} INFO - Started process (PID=466) to work on /home/airflow/.local/lib/python3.12/site-packages/airflow/example_dags/example_task_group.py
[2024-09-05T00:36:47.973+0000] {processor.py:914} INFO - Processing file /home/airflow/.local/lib/python3.12/site-packages/airflow/example_dags/example_task_group.py for tasks to queue
[2024-09-05T00:36:48.018+0000] {logging_mixin.py:190} INFO - [2024-09-05T00:36:48.017+0000] {dagbag.py:587} INFO - Filling up the DagBag from /home/airflow/.local/lib/python3.12/site-packages/airflow/example_dags/example_task_group.py
[2024-09-05T00:36:48.092+0000] {processor.py:925} INFO - DAG(s) 'example_task_group' retrieved from /home/airflow/.local/lib/python3.12/site-packages/airflow/example_dags/example_task_group.py
[2024-09-05T00:36:48.230+0000] {logging_mixin.py:190} INFO - [2024-09-05T00:36:48.229+0000] {dag.py:3211} INFO - Sync 1 DAGs
[2024-09-05T00:36:48.412+0000] {logging_mixin.py:190} INFO - [2024-09-05T00:36:48.411+0000] {dag.py:4138} INFO - Setting next_dagrun for example_task_group to 2024-09-04 00:00:00+00:00, run_after=2024-09-05 00:00:00+00:00
[2024-09-05T00:36:48.573+0000] {processor.py:208} INFO - Processing /home/airflow/.local/lib/python3.12/site-packages/airflow/example_dags/example_task_group.py took 0.636 seconds
[2024-09-05T00:37:19.448+0000] {processor.py:186} INFO - Started process (PID=535) to work on /home/airflow/.local/lib/python3.12/site-packages/airflow/example_dags/example_task_group.py
[2024-09-05T00:37:19.450+0000] {processor.py:914} INFO - Processing file /home/airflow/.local/lib/python3.12/site-packages/airflow/example_dags/example_task_group.py for tasks to queue
[2024-09-05T00:37:19.452+0000] {logging_mixin.py:190} INFO - [2024-09-05T00:37:19.452+0000] {dagbag.py:587} INFO - Filling up the DagBag from /home/airflow/.local/lib/python3.12/site-packages/airflow/example_dags/example_task_group.py
[2024-09-05T00:37:19.471+0000] {processor.py:925} INFO - DAG(s) 'example_task_group' retrieved from /home/airflow/.local/lib/python3.12/site-packages/airflow/example_dags/example_task_group.py
[2024-09-05T00:37:19.516+0000] {logging_mixin.py:190} INFO - [2024-09-05T00:37:19.516+0000] {dag.py:3211} INFO - Sync 1 DAGs
[2024-09-05T00:37:19.571+0000] {logging_mixin.py:190} INFO - [2024-09-05T00:37:19.571+0000] {dag.py:4138} INFO - Setting next_dagrun for example_task_group to 2024-09-04 00:00:00+00:00, run_after=2024-09-05 00:00:00+00:00
[2024-09-05T00:37:19.631+0000] {processor.py:208} INFO - Processing /home/airflow/.local/lib/python3.12/site-packages/airflow/example_dags/example_task_group.py took 0.194 seconds
[2024-09-05T00:37:49.878+0000] {processor.py:186} INFO - Started process (PID=598) to work on /home/airflow/.local/lib/python3.12/site-packages/airflow/example_dags/example_task_group.py
[2024-09-05T00:37:49.879+0000] {processor.py:914} INFO - Processing file /home/airflow/.local/lib/python3.12/site-packages/airflow/example_dags/example_task_group.py for tasks to queue
[2024-09-05T00:37:49.882+0000] {logging_mixin.py:190} INFO - [2024-09-05T00:37:49.881+0000] {dagbag.py:587} INFO - Filling up the DagBag from /home/airflow/.local/lib/python3.12/site-packages/airflow/example_dags/example_task_group.py
[2024-09-05T00:37:49.897+0000] {processor.py:925} INFO - DAG(s) 'example_task_group' retrieved from /home/airflow/.local/lib/python3.12/site-packages/airflow/example_dags/example_task_group.py
[2024-09-05T00:37:49.939+0000] {logging_mixin.py:190} INFO - [2024-09-05T00:37:49.938+0000] {dag.py:3211} INFO - Sync 1 DAGs
[2024-09-05T00:37:49.978+0000] {logging_mixin.py:190} INFO - [2024-09-05T00:37:49.977+0000] {dag.py:4138} INFO - Setting next_dagrun for example_task_group to 2024-09-04 00:00:00+00:00, run_after=2024-09-05 00:00:00+00:00
[2024-09-05T00:37:50.024+0000] {processor.py:208} INFO - Processing /home/airflow/.local/lib/python3.12/site-packages/airflow/example_dags/example_task_group.py took 0.155 seconds
[2024-09-05T00:38:20.305+0000] {processor.py:186} INFO - Started process (PID=661) to work on /home/airflow/.local/lib/python3.12/site-packages/airflow/example_dags/example_task_group.py
[2024-09-05T00:38:20.311+0000] {processor.py:914} INFO - Processing file /home/airflow/.local/lib/python3.12/site-packages/airflow/example_dags/example_task_group.py for tasks to queue
[2024-09-05T00:38:20.320+0000] {logging_mixin.py:190} INFO - [2024-09-05T00:38:20.319+0000] {dagbag.py:587} INFO - Filling up the DagBag from /home/airflow/.local/lib/python3.12/site-packages/airflow/example_dags/example_task_group.py
[2024-09-05T00:38:20.399+0000] {processor.py:925} INFO - DAG(s) 'example_task_group' retrieved from /home/airflow/.local/lib/python3.12/site-packages/airflow/example_dags/example_task_group.py
[2024-09-05T00:38:20.474+0000] {logging_mixin.py:190} INFO - [2024-09-05T00:38:20.473+0000] {dag.py:3211} INFO - Sync 1 DAGs
[2024-09-05T00:38:20.530+0000] {logging_mixin.py:190} INFO - [2024-09-05T00:38:20.529+0000] {dag.py:4138} INFO - Setting next_dagrun for example_task_group to 2024-09-04 00:00:00+00:00, run_after=2024-09-05 00:00:00+00:00
[2024-09-05T00:38:20.564+0000] {processor.py:208} INFO - Processing /home/airflow/.local/lib/python3.12/site-packages/airflow/example_dags/example_task_group.py took 0.313 seconds
[2024-09-05T00:38:52.213+0000] {processor.py:186} INFO - Started process (PID=724) to work on /home/airflow/.local/lib/python3.12/site-packages/airflow/example_dags/example_task_group.py
[2024-09-05T00:38:52.216+0000] {processor.py:914} INFO - Processing file /home/airflow/.local/lib/python3.12/site-packages/airflow/example_dags/example_task_group.py for tasks to queue
[2024-09-05T00:38:52.221+0000] {logging_mixin.py:190} INFO - [2024-09-05T00:38:52.219+0000] {dagbag.py:587} INFO - Filling up the DagBag from /home/airflow/.local/lib/python3.12/site-packages/airflow/example_dags/example_task_group.py
[2024-09-05T00:38:52.248+0000] {processor.py:925} INFO - DAG(s) 'example_task_group' retrieved from /home/airflow/.local/lib/python3.12/site-packages/airflow/example_dags/example_task_group.py
[2024-09-05T00:38:52.335+0000] {logging_mixin.py:190} INFO - [2024-09-05T00:38:52.334+0000] {dag.py:3211} INFO - Sync 1 DAGs
[2024-09-05T00:38:52.427+0000] {logging_mixin.py:190} INFO - [2024-09-05T00:38:52.426+0000] {dag.py:4138} INFO - Setting next_dagrun for example_task_group to 2024-09-04 00:00:00+00:00, run_after=2024-09-05 00:00:00+00:00
[2024-09-05T00:38:52.501+0000] {processor.py:208} INFO - Processing /home/airflow/.local/lib/python3.12/site-packages/airflow/example_dags/example_task_group.py took 0.316 seconds
[2024-09-05T00:39:22.733+0000] {processor.py:186} INFO - Started process (PID=787) to work on /home/airflow/.local/lib/python3.12/site-packages/airflow/example_dags/example_task_group.py
[2024-09-05T00:39:22.735+0000] {processor.py:914} INFO - Processing file /home/airflow/.local/lib/python3.12/site-packages/airflow/example_dags/example_task_group.py for tasks to queue
[2024-09-05T00:39:22.741+0000] {logging_mixin.py:190} INFO - [2024-09-05T00:39:22.740+0000] {dagbag.py:587} INFO - Filling up the DagBag from /home/airflow/.local/lib/python3.12/site-packages/airflow/example_dags/example_task_group.py
[2024-09-05T00:39:22.793+0000] {processor.py:925} INFO - DAG(s) 'example_task_group' retrieved from /home/airflow/.local/lib/python3.12/site-packages/airflow/example_dags/example_task_group.py
[2024-09-05T00:39:22.890+0000] {logging_mixin.py:190} INFO - [2024-09-05T00:39:22.889+0000] {dag.py:3211} INFO - Sync 1 DAGs
[2024-09-05T00:39:22.977+0000] {logging_mixin.py:190} INFO - [2024-09-05T00:39:22.976+0000] {dag.py:4138} INFO - Setting next_dagrun for example_task_group to 2024-09-04 00:00:00+00:00, run_after=2024-09-05 00:00:00+00:00
[2024-09-05T00:39:23.058+0000] {processor.py:208} INFO - Processing /home/airflow/.local/lib/python3.12/site-packages/airflow/example_dags/example_task_group.py took 0.363 seconds
[2024-09-05T00:39:54.232+0000] {processor.py:186} INFO - Started process (PID=850) to work on /home/airflow/.local/lib/python3.12/site-packages/airflow/example_dags/example_task_group.py
[2024-09-05T00:39:54.237+0000] {processor.py:914} INFO - Processing file /home/airflow/.local/lib/python3.12/site-packages/airflow/example_dags/example_task_group.py for tasks to queue
[2024-09-05T00:39:54.241+0000] {logging_mixin.py:190} INFO - [2024-09-05T00:39:54.240+0000] {dagbag.py:587} INFO - Filling up the DagBag from /home/airflow/.local/lib/python3.12/site-packages/airflow/example_dags/example_task_group.py
[2024-09-05T00:39:54.275+0000] {processor.py:925} INFO - DAG(s) 'example_task_group' retrieved from /home/airflow/.local/lib/python3.12/site-packages/airflow/example_dags/example_task_group.py
[2024-09-05T00:39:54.367+0000] {logging_mixin.py:190} INFO - [2024-09-05T00:39:54.366+0000] {dag.py:3211} INFO - Sync 1 DAGs
[2024-09-05T00:39:54.454+0000] {logging_mixin.py:190} INFO - [2024-09-05T00:39:54.453+0000] {dag.py:4138} INFO - Setting next_dagrun for example_task_group to 2024-09-04 00:00:00+00:00, run_after=2024-09-05 00:00:00+00:00
[2024-09-05T00:39:54.505+0000] {processor.py:208} INFO - Processing /home/airflow/.local/lib/python3.12/site-packages/airflow/example_dags/example_task_group.py took 0.301 seconds
[2024-09-05T00:40:25.243+0000] {processor.py:186} INFO - Started process (PID=913) to work on /home/airflow/.local/lib/python3.12/site-packages/airflow/example_dags/example_task_group.py
[2024-09-05T00:40:25.245+0000] {processor.py:914} INFO - Processing file /home/airflow/.local/lib/python3.12/site-packages/airflow/example_dags/example_task_group.py for tasks to queue
[2024-09-05T00:40:25.249+0000] {logging_mixin.py:190} INFO - [2024-09-05T00:40:25.248+0000] {dagbag.py:587} INFO - Filling up the DagBag from /home/airflow/.local/lib/python3.12/site-packages/airflow/example_dags/example_task_group.py
[2024-09-05T00:40:25.275+0000] {processor.py:925} INFO - DAG(s) 'example_task_group' retrieved from /home/airflow/.local/lib/python3.12/site-packages/airflow/example_dags/example_task_group.py
[2024-09-05T00:40:25.324+0000] {logging_mixin.py:190} INFO - [2024-09-05T00:40:25.324+0000] {dag.py:3211} INFO - Sync 1 DAGs
[2024-09-05T00:40:25.391+0000] {logging_mixin.py:190} INFO - [2024-09-05T00:40:25.391+0000] {dag.py:4138} INFO - Setting next_dagrun for example_task_group to 2024-09-04 00:00:00+00:00, run_after=2024-09-05 00:00:00+00:00
[2024-09-05T00:40:25.431+0000] {processor.py:208} INFO - Processing /home/airflow/.local/lib/python3.12/site-packages/airflow/example_dags/example_task_group.py took 0.202 seconds
