[2024-09-05T00:04:09.066+0000] {processor.py:186} INFO - Started process (PID=97) to work on /home/airflow/.local/lib/python3.12/site-packages/airflow/example_dags/example_latest_only_with_trigger.py
[2024-09-05T00:04:09.069+0000] {processor.py:914} INFO - Processing file /home/airflow/.local/lib/python3.12/site-packages/airflow/example_dags/example_latest_only_with_trigger.py for tasks to queue
[2024-09-05T00:04:09.079+0000] {logging_mixin.py:190} INFO - [2024-09-05T00:04:09.078+0000] {dagbag.py:587} INFO - Filling up the DagBag from /home/airflow/.local/lib/python3.12/site-packages/airflow/example_dags/example_latest_only_with_trigger.py
[2024-09-05T00:04:09.119+0000] {processor.py:925} INFO - DAG(s) 'latest_only_with_trigger' retrieved from /home/airflow/.local/lib/python3.12/site-packages/airflow/example_dags/example_latest_only_with_trigger.py
[2024-09-05T00:04:09.616+0000] {logging_mixin.py:190} INFO - [2024-09-05T00:04:09.614+0000] {override.py:1858} INFO - Created Permission View: can delete on DAG:latest_only_with_trigger
[2024-09-05T00:04:09.661+0000] {logging_mixin.py:190} INFO - [2024-09-05T00:04:09.659+0000] {override.py:1858} INFO - Created Permission View: can read on DAG:latest_only_with_trigger
[2024-09-05T00:04:09.701+0000] {logging_mixin.py:190} INFO - [2024-09-05T00:04:09.700+0000] {override.py:1858} INFO - Created Permission View: can edit on DAG:latest_only_with_trigger
[2024-09-05T00:04:09.703+0000] {logging_mixin.py:190} INFO - [2024-09-05T00:04:09.702+0000] {dag.py:3211} INFO - Sync 1 DAGs
[2024-09-05T00:04:09.752+0000] {logging_mixin.py:190} INFO - [2024-09-05T00:04:09.751+0000] {dag.py:3234} INFO - Creating ORM DAG for latest_only_with_trigger
[2024-09-05T00:04:09.791+0000] {logging_mixin.py:190} INFO - [2024-09-05T00:04:09.791+0000] {dag.py:4138} INFO - Setting next_dagrun for latest_only_with_trigger to 2024-09-04 20:00:00+00:00, run_after=2024-09-05 00:00:00+00:00
[2024-09-05T00:04:09.850+0000] {processor.py:208} INFO - Processing /home/airflow/.local/lib/python3.12/site-packages/airflow/example_dags/example_latest_only_with_trigger.py took 0.826 seconds
[2024-09-05T00:04:40.282+0000] {processor.py:186} INFO - Started process (PID=158) to work on /home/airflow/.local/lib/python3.12/site-packages/airflow/example_dags/example_latest_only_with_trigger.py
[2024-09-05T00:04:40.296+0000] {processor.py:914} INFO - Processing file /home/airflow/.local/lib/python3.12/site-packages/airflow/example_dags/example_latest_only_with_trigger.py for tasks to queue
[2024-09-05T00:04:40.321+0000] {logging_mixin.py:190} INFO - [2024-09-05T00:04:40.320+0000] {dagbag.py:587} INFO - Filling up the DagBag from /home/airflow/.local/lib/python3.12/site-packages/airflow/example_dags/example_latest_only_with_trigger.py
[2024-09-05T00:04:40.504+0000] {processor.py:925} INFO - DAG(s) 'latest_only_with_trigger' retrieved from /home/airflow/.local/lib/python3.12/site-packages/airflow/example_dags/example_latest_only_with_trigger.py
[2024-09-05T00:04:40.713+0000] {logging_mixin.py:190} INFO - [2024-09-05T00:04:40.708+0000] {dag.py:3211} INFO - Sync 1 DAGs
[2024-09-05T00:04:40.934+0000] {logging_mixin.py:190} INFO - [2024-09-05T00:04:40.932+0000] {dag.py:4138} INFO - Setting next_dagrun for latest_only_with_trigger to 2024-09-04 20:00:00+00:00, run_after=2024-09-05 00:00:00+00:00
[2024-09-05T00:04:41.109+0000] {processor.py:208} INFO - Processing /home/airflow/.local/lib/python3.12/site-packages/airflow/example_dags/example_latest_only_with_trigger.py took 0.888 seconds
[2024-09-05T00:05:14.056+0000] {processor.py:186} INFO - Started process (PID=220) to work on /home/airflow/.local/lib/python3.12/site-packages/airflow/example_dags/example_latest_only_with_trigger.py
[2024-09-05T00:05:14.059+0000] {processor.py:914} INFO - Processing file /home/airflow/.local/lib/python3.12/site-packages/airflow/example_dags/example_latest_only_with_trigger.py for tasks to queue
[2024-09-05T00:05:14.063+0000] {logging_mixin.py:190} INFO - [2024-09-05T00:05:14.062+0000] {dagbag.py:587} INFO - Filling up the DagBag from /home/airflow/.local/lib/python3.12/site-packages/airflow/example_dags/example_latest_only_with_trigger.py
[2024-09-05T00:05:14.089+0000] {processor.py:925} INFO - DAG(s) 'latest_only_with_trigger' retrieved from /home/airflow/.local/lib/python3.12/site-packages/airflow/example_dags/example_latest_only_with_trigger.py
[2024-09-05T00:05:14.153+0000] {logging_mixin.py:190} INFO - [2024-09-05T00:05:14.153+0000] {dag.py:3211} INFO - Sync 1 DAGs
[2024-09-05T00:05:14.222+0000] {logging_mixin.py:190} INFO - [2024-09-05T00:05:14.221+0000] {dag.py:4138} INFO - Setting next_dagrun for latest_only_with_trigger to 2024-09-04 20:00:00+00:00, run_after=2024-09-05 00:00:00+00:00
[2024-09-05T00:05:14.283+0000] {processor.py:208} INFO - Processing /home/airflow/.local/lib/python3.12/site-packages/airflow/example_dags/example_latest_only_with_trigger.py took 0.249 seconds
[2024-09-05T00:13:20.472+0000] {processor.py:186} INFO - Started process (PID=90) to work on /home/airflow/.local/lib/python3.12/site-packages/airflow/example_dags/example_latest_only_with_trigger.py
[2024-09-05T00:13:20.476+0000] {processor.py:914} INFO - Processing file /home/airflow/.local/lib/python3.12/site-packages/airflow/example_dags/example_latest_only_with_trigger.py for tasks to queue
[2024-09-05T00:13:20.481+0000] {logging_mixin.py:190} INFO - [2024-09-05T00:13:20.479+0000] {dagbag.py:587} INFO - Filling up the DagBag from /home/airflow/.local/lib/python3.12/site-packages/airflow/example_dags/example_latest_only_with_trigger.py
[2024-09-05T00:13:20.593+0000] {processor.py:925} INFO - DAG(s) 'latest_only_with_trigger' retrieved from /home/airflow/.local/lib/python3.12/site-packages/airflow/example_dags/example_latest_only_with_trigger.py
[2024-09-05T00:13:20.988+0000] {logging_mixin.py:190} INFO - [2024-09-05T00:13:20.987+0000] {dag.py:3211} INFO - Sync 1 DAGs
[2024-09-05T00:13:21.316+0000] {logging_mixin.py:190} INFO - [2024-09-05T00:13:21.315+0000] {dag.py:4138} INFO - Setting next_dagrun for latest_only_with_trigger to 2024-09-04 20:00:00+00:00, run_after=2024-09-05 00:00:00+00:00
[2024-09-05T00:13:21.513+0000] {processor.py:208} INFO - Processing /home/airflow/.local/lib/python3.12/site-packages/airflow/example_dags/example_latest_only_with_trigger.py took 1.080 seconds
[2024-09-05T00:13:52.322+0000] {processor.py:186} INFO - Started process (PID=152) to work on /home/airflow/.local/lib/python3.12/site-packages/airflow/example_dags/example_latest_only_with_trigger.py
[2024-09-05T00:13:52.328+0000] {processor.py:914} INFO - Processing file /home/airflow/.local/lib/python3.12/site-packages/airflow/example_dags/example_latest_only_with_trigger.py for tasks to queue
[2024-09-05T00:13:52.346+0000] {logging_mixin.py:190} INFO - [2024-09-05T00:13:52.342+0000] {dagbag.py:587} INFO - Filling up the DagBag from /home/airflow/.local/lib/python3.12/site-packages/airflow/example_dags/example_latest_only_with_trigger.py
[2024-09-05T00:13:52.417+0000] {processor.py:925} INFO - DAG(s) 'latest_only_with_trigger' retrieved from /home/airflow/.local/lib/python3.12/site-packages/airflow/example_dags/example_latest_only_with_trigger.py
[2024-09-05T00:13:52.562+0000] {logging_mixin.py:190} INFO - [2024-09-05T00:13:52.560+0000] {dag.py:3211} INFO - Sync 1 DAGs
[2024-09-05T00:13:52.745+0000] {logging_mixin.py:190} INFO - [2024-09-05T00:13:52.745+0000] {dag.py:4138} INFO - Setting next_dagrun for latest_only_with_trigger to 2024-09-04 20:00:00+00:00, run_after=2024-09-05 00:00:00+00:00
[2024-09-05T00:13:52.835+0000] {processor.py:208} INFO - Processing /home/airflow/.local/lib/python3.12/site-packages/airflow/example_dags/example_latest_only_with_trigger.py took 0.577 seconds
[2024-09-05T00:14:31.218+0000] {processor.py:186} INFO - Started process (PID=216) to work on /home/airflow/.local/lib/python3.12/site-packages/airflow/example_dags/example_latest_only_with_trigger.py
[2024-09-05T00:14:31.220+0000] {processor.py:914} INFO - Processing file /home/airflow/.local/lib/python3.12/site-packages/airflow/example_dags/example_latest_only_with_trigger.py for tasks to queue
[2024-09-05T00:14:31.225+0000] {logging_mixin.py:190} INFO - [2024-09-05T00:14:31.224+0000] {dagbag.py:587} INFO - Filling up the DagBag from /home/airflow/.local/lib/python3.12/site-packages/airflow/example_dags/example_latest_only_with_trigger.py
[2024-09-05T00:14:31.250+0000] {processor.py:925} INFO - DAG(s) 'latest_only_with_trigger' retrieved from /home/airflow/.local/lib/python3.12/site-packages/airflow/example_dags/example_latest_only_with_trigger.py
[2024-09-05T00:14:31.322+0000] {logging_mixin.py:190} INFO - [2024-09-05T00:14:31.322+0000] {dag.py:3211} INFO - Sync 1 DAGs
[2024-09-05T00:14:31.413+0000] {logging_mixin.py:190} INFO - [2024-09-05T00:14:31.413+0000] {dag.py:4138} INFO - Setting next_dagrun for latest_only_with_trigger to 2024-09-04 20:00:00+00:00, run_after=2024-09-05 00:00:00+00:00
[2024-09-05T00:14:31.474+0000] {processor.py:208} INFO - Processing /home/airflow/.local/lib/python3.12/site-packages/airflow/example_dags/example_latest_only_with_trigger.py took 0.278 seconds
[2024-09-05T00:15:03.288+0000] {processor.py:186} INFO - Started process (PID=291) to work on /home/airflow/.local/lib/python3.12/site-packages/airflow/example_dags/example_latest_only_with_trigger.py
[2024-09-05T00:15:03.291+0000] {processor.py:914} INFO - Processing file /home/airflow/.local/lib/python3.12/site-packages/airflow/example_dags/example_latest_only_with_trigger.py for tasks to queue
[2024-09-05T00:15:03.295+0000] {logging_mixin.py:190} INFO - [2024-09-05T00:15:03.294+0000] {dagbag.py:587} INFO - Filling up the DagBag from /home/airflow/.local/lib/python3.12/site-packages/airflow/example_dags/example_latest_only_with_trigger.py
[2024-09-05T00:15:03.324+0000] {processor.py:925} INFO - DAG(s) 'latest_only_with_trigger' retrieved from /home/airflow/.local/lib/python3.12/site-packages/airflow/example_dags/example_latest_only_with_trigger.py
[2024-09-05T00:15:03.459+0000] {logging_mixin.py:190} INFO - [2024-09-05T00:15:03.459+0000] {dag.py:3211} INFO - Sync 1 DAGs
[2024-09-05T00:15:03.649+0000] {logging_mixin.py:190} INFO - [2024-09-05T00:15:03.648+0000] {dag.py:4138} INFO - Setting next_dagrun for latest_only_with_trigger to 2024-09-04 20:00:00+00:00, run_after=2024-09-05 00:00:00+00:00
[2024-09-05T00:15:03.771+0000] {processor.py:208} INFO - Processing /home/airflow/.local/lib/python3.12/site-packages/airflow/example_dags/example_latest_only_with_trigger.py took 0.509 seconds
[2024-09-05T00:32:31.057+0000] {processor.py:186} INFO - Started process (PID=110) to work on /home/airflow/.local/lib/python3.12/site-packages/airflow/example_dags/example_latest_only_with_trigger.py
[2024-09-05T00:32:31.061+0000] {processor.py:914} INFO - Processing file /home/airflow/.local/lib/python3.12/site-packages/airflow/example_dags/example_latest_only_with_trigger.py for tasks to queue
[2024-09-05T00:32:31.072+0000] {logging_mixin.py:190} INFO - [2024-09-05T00:32:31.066+0000] {dagbag.py:587} INFO - Filling up the DagBag from /home/airflow/.local/lib/python3.12/site-packages/airflow/example_dags/example_latest_only_with_trigger.py
[2024-09-05T00:32:31.124+0000] {processor.py:925} INFO - DAG(s) 'latest_only_with_trigger' retrieved from /home/airflow/.local/lib/python3.12/site-packages/airflow/example_dags/example_latest_only_with_trigger.py
[2024-09-05T00:32:31.285+0000] {logging_mixin.py:190} INFO - [2024-09-05T00:32:31.284+0000] {dag.py:3211} INFO - Sync 1 DAGs
[2024-09-05T00:32:31.496+0000] {logging_mixin.py:190} INFO - [2024-09-05T00:32:31.496+0000] {dag.py:4138} INFO - Setting next_dagrun for latest_only_with_trigger to 2024-09-04 20:00:00+00:00, run_after=2024-09-05 00:00:00+00:00
[2024-09-05T00:32:31.639+0000] {processor.py:208} INFO - Processing /home/airflow/.local/lib/python3.12/site-packages/airflow/example_dags/example_latest_only_with_trigger.py took 0.618 seconds
[2024-09-05T00:33:02.547+0000] {processor.py:186} INFO - Started process (PID=173) to work on /home/airflow/.local/lib/python3.12/site-packages/airflow/example_dags/example_latest_only_with_trigger.py
[2024-09-05T00:33:02.549+0000] {processor.py:914} INFO - Processing file /home/airflow/.local/lib/python3.12/site-packages/airflow/example_dags/example_latest_only_with_trigger.py for tasks to queue
[2024-09-05T00:33:02.553+0000] {logging_mixin.py:190} INFO - [2024-09-05T00:33:02.552+0000] {dagbag.py:587} INFO - Filling up the DagBag from /home/airflow/.local/lib/python3.12/site-packages/airflow/example_dags/example_latest_only_with_trigger.py
[2024-09-05T00:33:02.576+0000] {processor.py:925} INFO - DAG(s) 'latest_only_with_trigger' retrieved from /home/airflow/.local/lib/python3.12/site-packages/airflow/example_dags/example_latest_only_with_trigger.py
[2024-09-05T00:33:02.624+0000] {logging_mixin.py:190} INFO - [2024-09-05T00:33:02.623+0000] {dag.py:3211} INFO - Sync 1 DAGs
[2024-09-05T00:33:02.668+0000] {logging_mixin.py:190} INFO - [2024-09-05T00:33:02.668+0000] {dag.py:4138} INFO - Setting next_dagrun for latest_only_with_trigger to 2024-09-04 20:00:00+00:00, run_after=2024-09-05 00:00:00+00:00
[2024-09-05T00:33:02.706+0000] {processor.py:208} INFO - Processing /home/airflow/.local/lib/python3.12/site-packages/airflow/example_dags/example_latest_only_with_trigger.py took 0.172 seconds
[2024-09-05T00:33:32.948+0000] {processor.py:186} INFO - Started process (PID=235) to work on /home/airflow/.local/lib/python3.12/site-packages/airflow/example_dags/example_latest_only_with_trigger.py
[2024-09-05T00:33:32.950+0000] {processor.py:914} INFO - Processing file /home/airflow/.local/lib/python3.12/site-packages/airflow/example_dags/example_latest_only_with_trigger.py for tasks to queue
[2024-09-05T00:33:32.958+0000] {logging_mixin.py:190} INFO - [2024-09-05T00:33:32.955+0000] {dagbag.py:587} INFO - Filling up the DagBag from /home/airflow/.local/lib/python3.12/site-packages/airflow/example_dags/example_latest_only_with_trigger.py
[2024-09-05T00:33:32.989+0000] {processor.py:925} INFO - DAG(s) 'latest_only_with_trigger' retrieved from /home/airflow/.local/lib/python3.12/site-packages/airflow/example_dags/example_latest_only_with_trigger.py
[2024-09-05T00:33:33.122+0000] {logging_mixin.py:190} INFO - [2024-09-05T00:33:33.121+0000] {dag.py:3211} INFO - Sync 1 DAGs
[2024-09-05T00:33:33.280+0000] {logging_mixin.py:190} INFO - [2024-09-05T00:33:33.279+0000] {dag.py:4138} INFO - Setting next_dagrun for latest_only_with_trigger to 2024-09-04 20:00:00+00:00, run_after=2024-09-05 00:00:00+00:00
[2024-09-05T00:33:33.343+0000] {processor.py:208} INFO - Processing /home/airflow/.local/lib/python3.12/site-packages/airflow/example_dags/example_latest_only_with_trigger.py took 0.420 seconds
[2024-09-05T00:34:27.726+0000] {processor.py:186} INFO - Started process (PID=305) to work on /home/airflow/.local/lib/python3.12/site-packages/airflow/example_dags/example_latest_only_with_trigger.py
[2024-09-05T00:34:27.778+0000] {processor.py:914} INFO - Processing file /home/airflow/.local/lib/python3.12/site-packages/airflow/example_dags/example_latest_only_with_trigger.py for tasks to queue
[2024-09-05T00:34:27.865+0000] {logging_mixin.py:190} INFO - [2024-09-05T00:34:27.852+0000] {dagbag.py:587} INFO - Filling up the DagBag from /home/airflow/.local/lib/python3.12/site-packages/airflow/example_dags/example_latest_only_with_trigger.py
[2024-09-05T00:34:28.139+0000] {processor.py:925} INFO - DAG(s) 'latest_only_with_trigger' retrieved from /home/airflow/.local/lib/python3.12/site-packages/airflow/example_dags/example_latest_only_with_trigger.py
[2024-09-05T00:34:28.638+0000] {logging_mixin.py:190} INFO - [2024-09-05T00:34:28.628+0000] {dag.py:3211} INFO - Sync 1 DAGs
[2024-09-05T00:34:29.592+0000] {logging_mixin.py:190} INFO - [2024-09-05T00:34:29.588+0000] {dag.py:4138} INFO - Setting next_dagrun for latest_only_with_trigger to 2024-09-04 20:00:00+00:00, run_after=2024-09-05 00:00:00+00:00
[2024-09-05T00:34:30.227+0000] {processor.py:208} INFO - Processing /home/airflow/.local/lib/python3.12/site-packages/airflow/example_dags/example_latest_only_with_trigger.py took 2.680 seconds
[2024-09-05T00:36:09.294+0000] {processor.py:186} INFO - Started process (PID=380) to work on /home/airflow/.local/lib/python3.12/site-packages/airflow/example_dags/example_latest_only_with_trigger.py
[2024-09-05T00:36:09.296+0000] {processor.py:914} INFO - Processing file /home/airflow/.local/lib/python3.12/site-packages/airflow/example_dags/example_latest_only_with_trigger.py for tasks to queue
[2024-09-05T00:36:09.299+0000] {logging_mixin.py:190} INFO - [2024-09-05T00:36:09.299+0000] {dagbag.py:587} INFO - Filling up the DagBag from /home/airflow/.local/lib/python3.12/site-packages/airflow/example_dags/example_latest_only_with_trigger.py
[2024-09-05T00:36:09.317+0000] {processor.py:925} INFO - DAG(s) 'latest_only_with_trigger' retrieved from /home/airflow/.local/lib/python3.12/site-packages/airflow/example_dags/example_latest_only_with_trigger.py
[2024-09-05T00:36:09.384+0000] {logging_mixin.py:190} INFO - [2024-09-05T00:36:09.384+0000] {dag.py:3211} INFO - Sync 1 DAGs
[2024-09-05T00:36:09.442+0000] {logging_mixin.py:190} INFO - [2024-09-05T00:36:09.442+0000] {dag.py:4138} INFO - Setting next_dagrun for latest_only_with_trigger to 2024-09-04 20:00:00+00:00, run_after=2024-09-05 00:00:00+00:00
[2024-09-05T00:36:09.510+0000] {processor.py:208} INFO - Processing /home/airflow/.local/lib/python3.12/site-packages/airflow/example_dags/example_latest_only_with_trigger.py took 0.230 seconds
[2024-09-05T00:36:40.722+0000] {processor.py:186} INFO - Started process (PID=443) to work on /home/airflow/.local/lib/python3.12/site-packages/airflow/example_dags/example_latest_only_with_trigger.py
[2024-09-05T00:36:40.724+0000] {processor.py:914} INFO - Processing file /home/airflow/.local/lib/python3.12/site-packages/airflow/example_dags/example_latest_only_with_trigger.py for tasks to queue
[2024-09-05T00:36:40.730+0000] {logging_mixin.py:190} INFO - [2024-09-05T00:36:40.728+0000] {dagbag.py:587} INFO - Filling up the DagBag from /home/airflow/.local/lib/python3.12/site-packages/airflow/example_dags/example_latest_only_with_trigger.py
[2024-09-05T00:36:40.769+0000] {processor.py:925} INFO - DAG(s) 'latest_only_with_trigger' retrieved from /home/airflow/.local/lib/python3.12/site-packages/airflow/example_dags/example_latest_only_with_trigger.py
[2024-09-05T00:36:40.861+0000] {logging_mixin.py:190} INFO - [2024-09-05T00:36:40.860+0000] {dag.py:3211} INFO - Sync 1 DAGs
[2024-09-05T00:36:41.001+0000] {logging_mixin.py:190} INFO - [2024-09-05T00:36:41.000+0000] {dag.py:4138} INFO - Setting next_dagrun for latest_only_with_trigger to 2024-09-04 20:00:00+00:00, run_after=2024-09-05 00:00:00+00:00
[2024-09-05T00:36:41.093+0000] {processor.py:208} INFO - Processing /home/airflow/.local/lib/python3.12/site-packages/airflow/example_dags/example_latest_only_with_trigger.py took 0.406 seconds
[2024-09-05T00:37:12.282+0000] {processor.py:186} INFO - Started process (PID=506) to work on /home/airflow/.local/lib/python3.12/site-packages/airflow/example_dags/example_latest_only_with_trigger.py
[2024-09-05T00:37:12.284+0000] {processor.py:914} INFO - Processing file /home/airflow/.local/lib/python3.12/site-packages/airflow/example_dags/example_latest_only_with_trigger.py for tasks to queue
[2024-09-05T00:37:12.289+0000] {logging_mixin.py:190} INFO - [2024-09-05T00:37:12.289+0000] {dagbag.py:587} INFO - Filling up the DagBag from /home/airflow/.local/lib/python3.12/site-packages/airflow/example_dags/example_latest_only_with_trigger.py
[2024-09-05T00:37:12.325+0000] {processor.py:925} INFO - DAG(s) 'latest_only_with_trigger' retrieved from /home/airflow/.local/lib/python3.12/site-packages/airflow/example_dags/example_latest_only_with_trigger.py
[2024-09-05T00:37:12.376+0000] {logging_mixin.py:190} INFO - [2024-09-05T00:37:12.376+0000] {dag.py:3211} INFO - Sync 1 DAGs
[2024-09-05T00:37:12.430+0000] {logging_mixin.py:190} INFO - [2024-09-05T00:37:12.430+0000] {dag.py:4138} INFO - Setting next_dagrun for latest_only_with_trigger to 2024-09-04 20:00:00+00:00, run_after=2024-09-05 00:00:00+00:00
[2024-09-05T00:37:12.468+0000] {processor.py:208} INFO - Processing /home/airflow/.local/lib/python3.12/site-packages/airflow/example_dags/example_latest_only_with_trigger.py took 0.200 seconds
[2024-09-05T00:37:42.631+0000] {processor.py:186} INFO - Started process (PID=568) to work on /home/airflow/.local/lib/python3.12/site-packages/airflow/example_dags/example_latest_only_with_trigger.py
[2024-09-05T00:37:42.633+0000] {processor.py:914} INFO - Processing file /home/airflow/.local/lib/python3.12/site-packages/airflow/example_dags/example_latest_only_with_trigger.py for tasks to queue
[2024-09-05T00:37:42.636+0000] {logging_mixin.py:190} INFO - [2024-09-05T00:37:42.635+0000] {dagbag.py:587} INFO - Filling up the DagBag from /home/airflow/.local/lib/python3.12/site-packages/airflow/example_dags/example_latest_only_with_trigger.py
[2024-09-05T00:37:42.652+0000] {processor.py:925} INFO - DAG(s) 'latest_only_with_trigger' retrieved from /home/airflow/.local/lib/python3.12/site-packages/airflow/example_dags/example_latest_only_with_trigger.py
[2024-09-05T00:37:42.689+0000] {logging_mixin.py:190} INFO - [2024-09-05T00:37:42.689+0000] {dag.py:3211} INFO - Sync 1 DAGs
[2024-09-05T00:37:42.725+0000] {logging_mixin.py:190} INFO - [2024-09-05T00:37:42.724+0000] {dag.py:4138} INFO - Setting next_dagrun for latest_only_with_trigger to 2024-09-04 20:00:00+00:00, run_after=2024-09-05 00:00:00+00:00
[2024-09-05T00:37:42.765+0000] {processor.py:208} INFO - Processing /home/airflow/.local/lib/python3.12/site-packages/airflow/example_dags/example_latest_only_with_trigger.py took 0.142 seconds
[2024-09-05T00:38:13.237+0000] {processor.py:186} INFO - Started process (PID=631) to work on /home/airflow/.local/lib/python3.12/site-packages/airflow/example_dags/example_latest_only_with_trigger.py
[2024-09-05T00:38:13.241+0000] {processor.py:914} INFO - Processing file /home/airflow/.local/lib/python3.12/site-packages/airflow/example_dags/example_latest_only_with_trigger.py for tasks to queue
[2024-09-05T00:38:13.244+0000] {logging_mixin.py:190} INFO - [2024-09-05T00:38:13.243+0000] {dagbag.py:587} INFO - Filling up the DagBag from /home/airflow/.local/lib/python3.12/site-packages/airflow/example_dags/example_latest_only_with_trigger.py
[2024-09-05T00:38:13.273+0000] {processor.py:925} INFO - DAG(s) 'latest_only_with_trigger' retrieved from /home/airflow/.local/lib/python3.12/site-packages/airflow/example_dags/example_latest_only_with_trigger.py
[2024-09-05T00:38:13.348+0000] {logging_mixin.py:190} INFO - [2024-09-05T00:38:13.347+0000] {dag.py:3211} INFO - Sync 1 DAGs
[2024-09-05T00:38:13.437+0000] {logging_mixin.py:190} INFO - [2024-09-05T00:38:13.436+0000] {dag.py:4138} INFO - Setting next_dagrun for latest_only_with_trigger to 2024-09-04 20:00:00+00:00, run_after=2024-09-05 00:00:00+00:00
[2024-09-05T00:38:13.508+0000] {processor.py:208} INFO - Processing /home/airflow/.local/lib/python3.12/site-packages/airflow/example_dags/example_latest_only_with_trigger.py took 0.296 seconds
[2024-09-05T00:38:45.640+0000] {processor.py:186} INFO - Started process (PID=694) to work on /home/airflow/.local/lib/python3.12/site-packages/airflow/example_dags/example_latest_only_with_trigger.py
[2024-09-05T00:38:45.644+0000] {processor.py:914} INFO - Processing file /home/airflow/.local/lib/python3.12/site-packages/airflow/example_dags/example_latest_only_with_trigger.py for tasks to queue
[2024-09-05T00:38:45.649+0000] {logging_mixin.py:190} INFO - [2024-09-05T00:38:45.648+0000] {dagbag.py:587} INFO - Filling up the DagBag from /home/airflow/.local/lib/python3.12/site-packages/airflow/example_dags/example_latest_only_with_trigger.py
[2024-09-05T00:38:45.682+0000] {processor.py:925} INFO - DAG(s) 'latest_only_with_trigger' retrieved from /home/airflow/.local/lib/python3.12/site-packages/airflow/example_dags/example_latest_only_with_trigger.py
[2024-09-05T00:38:45.750+0000] {logging_mixin.py:190} INFO - [2024-09-05T00:38:45.750+0000] {dag.py:3211} INFO - Sync 1 DAGs
[2024-09-05T00:38:45.878+0000] {logging_mixin.py:190} INFO - [2024-09-05T00:38:45.877+0000] {dag.py:4138} INFO - Setting next_dagrun for latest_only_with_trigger to 2024-09-04 20:00:00+00:00, run_after=2024-09-05 00:00:00+00:00
[2024-09-05T00:38:46.022+0000] {processor.py:208} INFO - Processing /home/airflow/.local/lib/python3.12/site-packages/airflow/example_dags/example_latest_only_with_trigger.py took 0.419 seconds
[2024-09-05T00:39:16.506+0000] {processor.py:186} INFO - Started process (PID=757) to work on /home/airflow/.local/lib/python3.12/site-packages/airflow/example_dags/example_latest_only_with_trigger.py
[2024-09-05T00:39:16.508+0000] {processor.py:914} INFO - Processing file /home/airflow/.local/lib/python3.12/site-packages/airflow/example_dags/example_latest_only_with_trigger.py for tasks to queue
[2024-09-05T00:39:16.511+0000] {logging_mixin.py:190} INFO - [2024-09-05T00:39:16.511+0000] {dagbag.py:587} INFO - Filling up the DagBag from /home/airflow/.local/lib/python3.12/site-packages/airflow/example_dags/example_latest_only_with_trigger.py
[2024-09-05T00:39:16.539+0000] {processor.py:925} INFO - DAG(s) 'latest_only_with_trigger' retrieved from /home/airflow/.local/lib/python3.12/site-packages/airflow/example_dags/example_latest_only_with_trigger.py
[2024-09-05T00:39:16.603+0000] {logging_mixin.py:190} INFO - [2024-09-05T00:39:16.602+0000] {dag.py:3211} INFO - Sync 1 DAGs
[2024-09-05T00:39:16.666+0000] {logging_mixin.py:190} INFO - [2024-09-05T00:39:16.665+0000] {dag.py:4138} INFO - Setting next_dagrun for latest_only_with_trigger to 2024-09-04 20:00:00+00:00, run_after=2024-09-05 00:00:00+00:00
[2024-09-05T00:39:16.720+0000] {processor.py:208} INFO - Processing /home/airflow/.local/lib/python3.12/site-packages/airflow/example_dags/example_latest_only_with_trigger.py took 0.236 seconds
[2024-09-05T00:39:47.114+0000] {processor.py:186} INFO - Started process (PID=820) to work on /home/airflow/.local/lib/python3.12/site-packages/airflow/example_dags/example_latest_only_with_trigger.py
[2024-09-05T00:39:47.115+0000] {processor.py:914} INFO - Processing file /home/airflow/.local/lib/python3.12/site-packages/airflow/example_dags/example_latest_only_with_trigger.py for tasks to queue
[2024-09-05T00:39:47.118+0000] {logging_mixin.py:190} INFO - [2024-09-05T00:39:47.117+0000] {dagbag.py:587} INFO - Filling up the DagBag from /home/airflow/.local/lib/python3.12/site-packages/airflow/example_dags/example_latest_only_with_trigger.py
[2024-09-05T00:39:47.139+0000] {processor.py:925} INFO - DAG(s) 'latest_only_with_trigger' retrieved from /home/airflow/.local/lib/python3.12/site-packages/airflow/example_dags/example_latest_only_with_trigger.py
[2024-09-05T00:39:47.186+0000] {logging_mixin.py:190} INFO - [2024-09-05T00:39:47.185+0000] {dag.py:3211} INFO - Sync 1 DAGs
[2024-09-05T00:39:47.235+0000] {logging_mixin.py:190} INFO - [2024-09-05T00:39:47.235+0000] {dag.py:4138} INFO - Setting next_dagrun for latest_only_with_trigger to 2024-09-04 20:00:00+00:00, run_after=2024-09-05 00:00:00+00:00
[2024-09-05T00:39:47.275+0000] {processor.py:208} INFO - Processing /home/airflow/.local/lib/python3.12/site-packages/airflow/example_dags/example_latest_only_with_trigger.py took 0.171 seconds
[2024-09-05T00:40:20.440+0000] {processor.py:186} INFO - Started process (PID=890) to work on /home/airflow/.local/lib/python3.12/site-packages/airflow/example_dags/example_latest_only_with_trigger.py
[2024-09-05T00:40:20.443+0000] {processor.py:914} INFO - Processing file /home/airflow/.local/lib/python3.12/site-packages/airflow/example_dags/example_latest_only_with_trigger.py for tasks to queue
[2024-09-05T00:40:20.450+0000] {logging_mixin.py:190} INFO - [2024-09-05T00:40:20.449+0000] {dagbag.py:587} INFO - Filling up the DagBag from /home/airflow/.local/lib/python3.12/site-packages/airflow/example_dags/example_latest_only_with_trigger.py
[2024-09-05T00:40:20.478+0000] {processor.py:925} INFO - DAG(s) 'latest_only_with_trigger' retrieved from /home/airflow/.local/lib/python3.12/site-packages/airflow/example_dags/example_latest_only_with_trigger.py
[2024-09-05T00:40:20.530+0000] {logging_mixin.py:190} INFO - [2024-09-05T00:40:20.529+0000] {dag.py:3211} INFO - Sync 1 DAGs
[2024-09-05T00:40:20.604+0000] {logging_mixin.py:190} INFO - [2024-09-05T00:40:20.603+0000] {dag.py:4138} INFO - Setting next_dagrun for latest_only_with_trigger to 2024-09-04 20:00:00+00:00, run_after=2024-09-05 00:00:00+00:00
[2024-09-05T00:40:20.661+0000] {processor.py:208} INFO - Processing /home/airflow/.local/lib/python3.12/site-packages/airflow/example_dags/example_latest_only_with_trigger.py took 0.247 seconds
[2024-09-05T00:41:48.901+0000] {processor.py:186} INFO - Started process (PID=958) to work on /home/airflow/.local/lib/python3.12/site-packages/airflow/example_dags/example_latest_only_with_trigger.py
[2024-09-05T00:41:48.904+0000] {processor.py:914} INFO - Processing file /home/airflow/.local/lib/python3.12/site-packages/airflow/example_dags/example_latest_only_with_trigger.py for tasks to queue
[2024-09-05T00:41:48.935+0000] {logging_mixin.py:190} INFO - [2024-09-05T00:41:48.934+0000] {dagbag.py:587} INFO - Filling up the DagBag from /home/airflow/.local/lib/python3.12/site-packages/airflow/example_dags/example_latest_only_with_trigger.py
[2024-09-05T00:41:49.114+0000] {processor.py:925} INFO - DAG(s) 'latest_only_with_trigger' retrieved from /home/airflow/.local/lib/python3.12/site-packages/airflow/example_dags/example_latest_only_with_trigger.py
[2024-09-05T00:41:50.951+0000] {logging_mixin.py:190} INFO - [2024-09-05T00:41:50.936+0000] {dag.py:3211} INFO - Sync 1 DAGs
[2024-09-05T00:41:53.300+0000] {logging_mixin.py:190} INFO - [2024-09-05T00:41:53.297+0000] {dag.py:4138} INFO - Setting next_dagrun for latest_only_with_trigger to 2024-09-04 20:00:00+00:00, run_after=2024-09-05 00:00:00+00:00
[2024-09-05T00:41:55.266+0000] {processor.py:208} INFO - Processing /home/airflow/.local/lib/python3.12/site-packages/airflow/example_dags/example_latest_only_with_trigger.py took 6.477 seconds
