[2024-09-05T00:04:11.089+0000] {processor.py:186} INFO - Started process (PID=100) to work on /home/airflow/.local/lib/python3.12/site-packages/airflow/example_dags/example_xcomargs.py
[2024-09-05T00:04:11.091+0000] {processor.py:914} INFO - Processing file /home/airflow/.local/lib/python3.12/site-packages/airflow/example_dags/example_xcomargs.py for tasks to queue
[2024-09-05T00:04:11.097+0000] {logging_mixin.py:190} INFO - [2024-09-05T00:04:11.095+0000] {dagbag.py:587} INFO - Filling up the DagBag from /home/airflow/.local/lib/python3.12/site-packages/airflow/example_dags/example_xcomargs.py
[2024-09-05T00:04:11.151+0000] {processor.py:925} INFO - DAG(s) 'example_xcom_args_with_operators', 'example_xcom_args' retrieved from /home/airflow/.local/lib/python3.12/site-packages/airflow/example_dags/example_xcomargs.py
[2024-09-05T00:04:11.543+0000] {logging_mixin.py:190} INFO - [2024-09-05T00:04:11.541+0000] {override.py:1858} INFO - Created Permission View: can delete on DAG:example_xcom_args_with_operators
[2024-09-05T00:04:11.575+0000] {logging_mixin.py:190} INFO - [2024-09-05T00:04:11.574+0000] {override.py:1858} INFO - Created Permission View: can read on DAG:example_xcom_args_with_operators
[2024-09-05T00:04:11.596+0000] {logging_mixin.py:190} INFO - [2024-09-05T00:04:11.595+0000] {override.py:1858} INFO - Created Permission View: can edit on DAG:example_xcom_args_with_operators
[2024-09-05T00:04:11.654+0000] {logging_mixin.py:190} INFO - [2024-09-05T00:04:11.653+0000] {override.py:1858} INFO - Created Permission View: can delete on DAG:example_xcom_args
[2024-09-05T00:04:11.687+0000] {logging_mixin.py:190} INFO - [2024-09-05T00:04:11.686+0000] {override.py:1858} INFO - Created Permission View: can read on DAG:example_xcom_args
[2024-09-05T00:04:11.711+0000] {logging_mixin.py:190} INFO - [2024-09-05T00:04:11.710+0000] {override.py:1858} INFO - Created Permission View: can edit on DAG:example_xcom_args
[2024-09-05T00:04:11.713+0000] {logging_mixin.py:190} INFO - [2024-09-05T00:04:11.712+0000] {dag.py:3211} INFO - Sync 2 DAGs
[2024-09-05T00:04:11.775+0000] {logging_mixin.py:190} INFO - [2024-09-05T00:04:11.774+0000] {dag.py:3234} INFO - Creating ORM DAG for example_xcom_args
[2024-09-05T00:04:11.778+0000] {logging_mixin.py:190} INFO - [2024-09-05T00:04:11.777+0000] {dag.py:3234} INFO - Creating ORM DAG for example_xcom_args_with_operators
[2024-09-05T00:04:11.781+0000] {logging_mixin.py:190} INFO - [2024-09-05T00:04:11.780+0000] {dag.py:4138} INFO - Setting next_dagrun for example_xcom_args to None, run_after=None
[2024-09-05T00:04:11.786+0000] {logging_mixin.py:190} INFO - [2024-09-05T00:04:11.785+0000] {dag.py:4138} INFO - Setting next_dagrun for example_xcom_args_with_operators to None, run_after=None
[2024-09-05T00:04:11.848+0000] {processor.py:208} INFO - Processing /home/airflow/.local/lib/python3.12/site-packages/airflow/example_dags/example_xcomargs.py took 0.784 seconds
[2024-09-05T00:04:43.443+0000] {processor.py:186} INFO - Started process (PID=162) to work on /home/airflow/.local/lib/python3.12/site-packages/airflow/example_dags/example_xcomargs.py
[2024-09-05T00:04:43.447+0000] {processor.py:914} INFO - Processing file /home/airflow/.local/lib/python3.12/site-packages/airflow/example_dags/example_xcomargs.py for tasks to queue
[2024-09-05T00:04:43.460+0000] {logging_mixin.py:190} INFO - [2024-09-05T00:04:43.458+0000] {dagbag.py:587} INFO - Filling up the DagBag from /home/airflow/.local/lib/python3.12/site-packages/airflow/example_dags/example_xcomargs.py
[2024-09-05T00:04:43.569+0000] {processor.py:925} INFO - DAG(s) 'example_xcom_args', 'example_xcom_args_with_operators' retrieved from /home/airflow/.local/lib/python3.12/site-packages/airflow/example_dags/example_xcomargs.py
[2024-09-05T00:04:43.748+0000] {logging_mixin.py:190} INFO - [2024-09-05T00:04:43.737+0000] {dag.py:3211} INFO - Sync 2 DAGs
[2024-09-05T00:04:43.866+0000] {logging_mixin.py:190} INFO - [2024-09-05T00:04:43.866+0000] {dag.py:4138} INFO - Setting next_dagrun for example_xcom_args to None, run_after=None
[2024-09-05T00:04:43.901+0000] {logging_mixin.py:190} INFO - [2024-09-05T00:04:43.900+0000] {dag.py:4138} INFO - Setting next_dagrun for example_xcom_args_with_operators to None, run_after=None
[2024-09-05T00:04:43.985+0000] {processor.py:208} INFO - Processing /home/airflow/.local/lib/python3.12/site-packages/airflow/example_dags/example_xcomargs.py took 0.595 seconds
[2024-09-05T00:05:14.935+0000] {processor.py:186} INFO - Started process (PID=224) to work on /home/airflow/.local/lib/python3.12/site-packages/airflow/example_dags/example_xcomargs.py
[2024-09-05T00:05:14.938+0000] {processor.py:914} INFO - Processing file /home/airflow/.local/lib/python3.12/site-packages/airflow/example_dags/example_xcomargs.py for tasks to queue
[2024-09-05T00:05:14.944+0000] {logging_mixin.py:190} INFO - [2024-09-05T00:05:14.942+0000] {dagbag.py:587} INFO - Filling up the DagBag from /home/airflow/.local/lib/python3.12/site-packages/airflow/example_dags/example_xcomargs.py
[2024-09-05T00:05:14.994+0000] {processor.py:925} INFO - DAG(s) 'example_xcom_args', 'example_xcom_args_with_operators' retrieved from /home/airflow/.local/lib/python3.12/site-packages/airflow/example_dags/example_xcomargs.py
[2024-09-05T00:05:15.062+0000] {logging_mixin.py:190} INFO - [2024-09-05T00:05:15.062+0000] {dag.py:3211} INFO - Sync 2 DAGs
[2024-09-05T00:05:15.111+0000] {logging_mixin.py:190} INFO - [2024-09-05T00:05:15.110+0000] {dag.py:4138} INFO - Setting next_dagrun for example_xcom_args to None, run_after=None
[2024-09-05T00:05:15.122+0000] {logging_mixin.py:190} INFO - [2024-09-05T00:05:15.121+0000] {dag.py:4138} INFO - Setting next_dagrun for example_xcom_args_with_operators to None, run_after=None
[2024-09-05T00:05:15.190+0000] {processor.py:208} INFO - Processing /home/airflow/.local/lib/python3.12/site-packages/airflow/example_dags/example_xcomargs.py took 0.285 seconds
[2024-09-05T00:13:24.623+0000] {processor.py:186} INFO - Started process (PID=93) to work on /home/airflow/.local/lib/python3.12/site-packages/airflow/example_dags/example_xcomargs.py
[2024-09-05T00:13:24.629+0000] {processor.py:914} INFO - Processing file /home/airflow/.local/lib/python3.12/site-packages/airflow/example_dags/example_xcomargs.py for tasks to queue
[2024-09-05T00:13:24.660+0000] {logging_mixin.py:190} INFO - [2024-09-05T00:13:24.659+0000] {dagbag.py:587} INFO - Filling up the DagBag from /home/airflow/.local/lib/python3.12/site-packages/airflow/example_dags/example_xcomargs.py
[2024-09-05T00:13:25.171+0000] {processor.py:925} INFO - DAG(s) 'example_xcom_args', 'example_xcom_args_with_operators' retrieved from /home/airflow/.local/lib/python3.12/site-packages/airflow/example_dags/example_xcomargs.py
[2024-09-05T00:13:26.300+0000] {logging_mixin.py:190} INFO - [2024-09-05T00:13:26.299+0000] {dag.py:3211} INFO - Sync 2 DAGs
[2024-09-05T00:13:26.662+0000] {logging_mixin.py:190} INFO - [2024-09-05T00:13:26.661+0000] {dag.py:4138} INFO - Setting next_dagrun for example_xcom_args to None, run_after=None
[2024-09-05T00:13:26.703+0000] {logging_mixin.py:190} INFO - [2024-09-05T00:13:26.702+0000] {dag.py:4138} INFO - Setting next_dagrun for example_xcom_args_with_operators to None, run_after=None
[2024-09-05T00:13:27.557+0000] {processor.py:208} INFO - Processing /home/airflow/.local/lib/python3.12/site-packages/airflow/example_dags/example_xcomargs.py took 3.075 seconds
[2024-09-05T00:13:57.947+0000] {processor.py:186} INFO - Started process (PID=156) to work on /home/airflow/.local/lib/python3.12/site-packages/airflow/example_dags/example_xcomargs.py
[2024-09-05T00:13:57.949+0000] {processor.py:914} INFO - Processing file /home/airflow/.local/lib/python3.12/site-packages/airflow/example_dags/example_xcomargs.py for tasks to queue
[2024-09-05T00:13:57.953+0000] {logging_mixin.py:190} INFO - [2024-09-05T00:13:57.952+0000] {dagbag.py:587} INFO - Filling up the DagBag from /home/airflow/.local/lib/python3.12/site-packages/airflow/example_dags/example_xcomargs.py
[2024-09-05T00:13:58.023+0000] {processor.py:925} INFO - DAG(s) 'example_xcom_args_with_operators', 'example_xcom_args' retrieved from /home/airflow/.local/lib/python3.12/site-packages/airflow/example_dags/example_xcomargs.py
[2024-09-05T00:13:58.127+0000] {logging_mixin.py:190} INFO - [2024-09-05T00:13:58.126+0000] {dag.py:3211} INFO - Sync 2 DAGs
[2024-09-05T00:13:58.207+0000] {logging_mixin.py:190} INFO - [2024-09-05T00:13:58.207+0000] {dag.py:4138} INFO - Setting next_dagrun for example_xcom_args to None, run_after=None
[2024-09-05T00:13:58.226+0000] {logging_mixin.py:190} INFO - [2024-09-05T00:13:58.225+0000] {dag.py:4138} INFO - Setting next_dagrun for example_xcom_args_with_operators to None, run_after=None
[2024-09-05T00:13:58.288+0000] {processor.py:208} INFO - Processing /home/airflow/.local/lib/python3.12/site-packages/airflow/example_dags/example_xcomargs.py took 0.371 seconds
[2024-09-05T00:14:31.850+0000] {processor.py:186} INFO - Started process (PID=219) to work on /home/airflow/.local/lib/python3.12/site-packages/airflow/example_dags/example_xcomargs.py
[2024-09-05T00:14:31.852+0000] {processor.py:914} INFO - Processing file /home/airflow/.local/lib/python3.12/site-packages/airflow/example_dags/example_xcomargs.py for tasks to queue
[2024-09-05T00:14:31.856+0000] {logging_mixin.py:190} INFO - [2024-09-05T00:14:31.854+0000] {dagbag.py:587} INFO - Filling up the DagBag from /home/airflow/.local/lib/python3.12/site-packages/airflow/example_dags/example_xcomargs.py
[2024-09-05T00:14:31.883+0000] {processor.py:925} INFO - DAG(s) 'example_xcom_args', 'example_xcom_args_with_operators' retrieved from /home/airflow/.local/lib/python3.12/site-packages/airflow/example_dags/example_xcomargs.py
[2024-09-05T00:14:31.951+0000] {logging_mixin.py:190} INFO - [2024-09-05T00:14:31.950+0000] {dag.py:3211} INFO - Sync 2 DAGs
[2024-09-05T00:14:31.997+0000] {logging_mixin.py:190} INFO - [2024-09-05T00:14:31.996+0000] {dag.py:4138} INFO - Setting next_dagrun for example_xcom_args to None, run_after=None
[2024-09-05T00:14:32.007+0000] {logging_mixin.py:190} INFO - [2024-09-05T00:14:32.006+0000] {dag.py:4138} INFO - Setting next_dagrun for example_xcom_args_with_operators to None, run_after=None
[2024-09-05T00:14:32.053+0000] {processor.py:208} INFO - Processing /home/airflow/.local/lib/python3.12/site-packages/airflow/example_dags/example_xcomargs.py took 0.220 seconds
[2024-09-05T00:15:04.835+0000] {processor.py:186} INFO - Started process (PID=296) to work on /home/airflow/.local/lib/python3.12/site-packages/airflow/example_dags/example_xcomargs.py
[2024-09-05T00:15:04.840+0000] {processor.py:914} INFO - Processing file /home/airflow/.local/lib/python3.12/site-packages/airflow/example_dags/example_xcomargs.py for tasks to queue
[2024-09-05T00:15:04.857+0000] {logging_mixin.py:190} INFO - [2024-09-05T00:15:04.856+0000] {dagbag.py:587} INFO - Filling up the DagBag from /home/airflow/.local/lib/python3.12/site-packages/airflow/example_dags/example_xcomargs.py
[2024-09-05T00:15:04.972+0000] {processor.py:925} INFO - DAG(s) 'example_xcom_args', 'example_xcom_args_with_operators' retrieved from /home/airflow/.local/lib/python3.12/site-packages/airflow/example_dags/example_xcomargs.py
[2024-09-05T00:15:05.150+0000] {logging_mixin.py:190} INFO - [2024-09-05T00:15:05.149+0000] {dag.py:3211} INFO - Sync 2 DAGs
[2024-09-05T00:15:05.196+0000] {logging_mixin.py:190} INFO - [2024-09-05T00:15:05.195+0000] {dag.py:4138} INFO - Setting next_dagrun for example_xcom_args to None, run_after=None
[2024-09-05T00:15:05.210+0000] {logging_mixin.py:190} INFO - [2024-09-05T00:15:05.209+0000] {dag.py:4138} INFO - Setting next_dagrun for example_xcom_args_with_operators to None, run_after=None
[2024-09-05T00:15:05.267+0000] {processor.py:208} INFO - Processing /home/airflow/.local/lib/python3.12/site-packages/airflow/example_dags/example_xcomargs.py took 0.468 seconds
[2024-09-05T00:32:32.709+0000] {processor.py:186} INFO - Started process (PID=113) to work on /home/airflow/.local/lib/python3.12/site-packages/airflow/example_dags/example_xcomargs.py
[2024-09-05T00:32:32.712+0000] {processor.py:914} INFO - Processing file /home/airflow/.local/lib/python3.12/site-packages/airflow/example_dags/example_xcomargs.py for tasks to queue
[2024-09-05T00:32:32.724+0000] {logging_mixin.py:190} INFO - [2024-09-05T00:32:32.724+0000] {dagbag.py:587} INFO - Filling up the DagBag from /home/airflow/.local/lib/python3.12/site-packages/airflow/example_dags/example_xcomargs.py
[2024-09-05T00:32:32.792+0000] {processor.py:925} INFO - DAG(s) 'example_xcom_args_with_operators', 'example_xcom_args' retrieved from /home/airflow/.local/lib/python3.12/site-packages/airflow/example_dags/example_xcomargs.py
[2024-09-05T00:32:33.112+0000] {logging_mixin.py:190} INFO - [2024-09-05T00:32:33.111+0000] {dag.py:3211} INFO - Sync 2 DAGs
[2024-09-05T00:32:33.313+0000] {logging_mixin.py:190} INFO - [2024-09-05T00:32:33.312+0000] {dag.py:4138} INFO - Setting next_dagrun for example_xcom_args to None, run_after=None
[2024-09-05T00:32:33.351+0000] {logging_mixin.py:190} INFO - [2024-09-05T00:32:33.350+0000] {dag.py:4138} INFO - Setting next_dagrun for example_xcom_args_with_operators to None, run_after=None
[2024-09-05T00:32:33.659+0000] {processor.py:208} INFO - Processing /home/airflow/.local/lib/python3.12/site-packages/airflow/example_dags/example_xcomargs.py took 0.978 seconds
[2024-09-05T00:33:03.977+0000] {processor.py:186} INFO - Started process (PID=176) to work on /home/airflow/.local/lib/python3.12/site-packages/airflow/example_dags/example_xcomargs.py
[2024-09-05T00:33:03.979+0000] {processor.py:914} INFO - Processing file /home/airflow/.local/lib/python3.12/site-packages/airflow/example_dags/example_xcomargs.py for tasks to queue
[2024-09-05T00:33:03.981+0000] {logging_mixin.py:190} INFO - [2024-09-05T00:33:03.980+0000] {dagbag.py:587} INFO - Filling up the DagBag from /home/airflow/.local/lib/python3.12/site-packages/airflow/example_dags/example_xcomargs.py
[2024-09-05T00:33:03.999+0000] {processor.py:925} INFO - DAG(s) 'example_xcom_args_with_operators', 'example_xcom_args' retrieved from /home/airflow/.local/lib/python3.12/site-packages/airflow/example_dags/example_xcomargs.py
[2024-09-05T00:33:04.039+0000] {logging_mixin.py:190} INFO - [2024-09-05T00:33:04.039+0000] {dag.py:3211} INFO - Sync 2 DAGs
[2024-09-05T00:33:04.064+0000] {logging_mixin.py:190} INFO - [2024-09-05T00:33:04.064+0000] {dag.py:4138} INFO - Setting next_dagrun for example_xcom_args to None, run_after=None
[2024-09-05T00:33:04.069+0000] {logging_mixin.py:190} INFO - [2024-09-05T00:33:04.069+0000] {dag.py:4138} INFO - Setting next_dagrun for example_xcom_args_with_operators to None, run_after=None
[2024-09-05T00:33:04.107+0000] {processor.py:208} INFO - Processing /home/airflow/.local/lib/python3.12/site-packages/airflow/example_dags/example_xcomargs.py took 0.137 seconds
[2024-09-05T00:33:34.364+0000] {processor.py:186} INFO - Started process (PID=239) to work on /home/airflow/.local/lib/python3.12/site-packages/airflow/example_dags/example_xcomargs.py
[2024-09-05T00:33:34.366+0000] {processor.py:914} INFO - Processing file /home/airflow/.local/lib/python3.12/site-packages/airflow/example_dags/example_xcomargs.py for tasks to queue
[2024-09-05T00:33:34.369+0000] {logging_mixin.py:190} INFO - [2024-09-05T00:33:34.369+0000] {dagbag.py:587} INFO - Filling up the DagBag from /home/airflow/.local/lib/python3.12/site-packages/airflow/example_dags/example_xcomargs.py
[2024-09-05T00:33:34.396+0000] {processor.py:925} INFO - DAG(s) 'example_xcom_args_with_operators', 'example_xcom_args' retrieved from /home/airflow/.local/lib/python3.12/site-packages/airflow/example_dags/example_xcomargs.py
[2024-09-05T00:33:34.451+0000] {logging_mixin.py:190} INFO - [2024-09-05T00:33:34.451+0000] {dag.py:3211} INFO - Sync 2 DAGs
[2024-09-05T00:33:34.479+0000] {logging_mixin.py:190} INFO - [2024-09-05T00:33:34.479+0000] {dag.py:4138} INFO - Setting next_dagrun for example_xcom_args to None, run_after=None
[2024-09-05T00:33:34.490+0000] {logging_mixin.py:190} INFO - [2024-09-05T00:33:34.490+0000] {dag.py:4138} INFO - Setting next_dagrun for example_xcom_args_with_operators to None, run_after=None
[2024-09-05T00:33:34.521+0000] {processor.py:208} INFO - Processing /home/airflow/.local/lib/python3.12/site-packages/airflow/example_dags/example_xcomargs.py took 0.169 seconds
[2024-09-05T00:34:33.956+0000] {processor.py:186} INFO - Started process (PID=308) to work on /home/airflow/.local/lib/python3.12/site-packages/airflow/example_dags/example_xcomargs.py
[2024-09-05T00:34:33.988+0000] {processor.py:914} INFO - Processing file /home/airflow/.local/lib/python3.12/site-packages/airflow/example_dags/example_xcomargs.py for tasks to queue
[2024-09-05T00:34:33.999+0000] {logging_mixin.py:190} INFO - [2024-09-05T00:34:33.998+0000] {dagbag.py:587} INFO - Filling up the DagBag from /home/airflow/.local/lib/python3.12/site-packages/airflow/example_dags/example_xcomargs.py
[2024-09-05T00:34:34.414+0000] {processor.py:925} INFO - DAG(s) 'example_xcom_args_with_operators', 'example_xcom_args' retrieved from /home/airflow/.local/lib/python3.12/site-packages/airflow/example_dags/example_xcomargs.py
[2024-09-05T00:34:35.025+0000] {logging_mixin.py:190} INFO - [2024-09-05T00:34:35.013+0000] {dag.py:3211} INFO - Sync 2 DAGs
[2024-09-05T00:34:35.545+0000] {logging_mixin.py:190} INFO - [2024-09-05T00:34:35.543+0000] {dag.py:4138} INFO - Setting next_dagrun for example_xcom_args to None, run_after=None
[2024-09-05T00:34:35.688+0000] {logging_mixin.py:190} INFO - [2024-09-05T00:34:35.686+0000] {dag.py:4138} INFO - Setting next_dagrun for example_xcom_args_with_operators to None, run_after=None
[2024-09-05T00:34:36.136+0000] {processor.py:208} INFO - Processing /home/airflow/.local/lib/python3.12/site-packages/airflow/example_dags/example_xcomargs.py took 2.271 seconds
[2024-09-05T00:36:09.812+0000] {processor.py:186} INFO - Started process (PID=383) to work on /home/airflow/.local/lib/python3.12/site-packages/airflow/example_dags/example_xcomargs.py
[2024-09-05T00:36:09.814+0000] {processor.py:914} INFO - Processing file /home/airflow/.local/lib/python3.12/site-packages/airflow/example_dags/example_xcomargs.py for tasks to queue
[2024-09-05T00:36:09.817+0000] {logging_mixin.py:190} INFO - [2024-09-05T00:36:09.817+0000] {dagbag.py:587} INFO - Filling up the DagBag from /home/airflow/.local/lib/python3.12/site-packages/airflow/example_dags/example_xcomargs.py
[2024-09-05T00:36:09.843+0000] {processor.py:925} INFO - DAG(s) 'example_xcom_args', 'example_xcom_args_with_operators' retrieved from /home/airflow/.local/lib/python3.12/site-packages/airflow/example_dags/example_xcomargs.py
[2024-09-05T00:36:09.884+0000] {logging_mixin.py:190} INFO - [2024-09-05T00:36:09.883+0000] {dag.py:3211} INFO - Sync 2 DAGs
[2024-09-05T00:36:09.914+0000] {logging_mixin.py:190} INFO - [2024-09-05T00:36:09.914+0000] {dag.py:4138} INFO - Setting next_dagrun for example_xcom_args to None, run_after=None
[2024-09-05T00:36:09.920+0000] {logging_mixin.py:190} INFO - [2024-09-05T00:36:09.920+0000] {dag.py:4138} INFO - Setting next_dagrun for example_xcom_args_with_operators to None, run_after=None
[2024-09-05T00:36:09.948+0000] {processor.py:208} INFO - Processing /home/airflow/.local/lib/python3.12/site-packages/airflow/example_dags/example_xcomargs.py took 0.152 seconds
[2024-09-05T00:36:41.819+0000] {processor.py:186} INFO - Started process (PID=446) to work on /home/airflow/.local/lib/python3.12/site-packages/airflow/example_dags/example_xcomargs.py
[2024-09-05T00:36:41.821+0000] {processor.py:914} INFO - Processing file /home/airflow/.local/lib/python3.12/site-packages/airflow/example_dags/example_xcomargs.py for tasks to queue
[2024-09-05T00:36:41.824+0000] {logging_mixin.py:190} INFO - [2024-09-05T00:36:41.823+0000] {dagbag.py:587} INFO - Filling up the DagBag from /home/airflow/.local/lib/python3.12/site-packages/airflow/example_dags/example_xcomargs.py
[2024-09-05T00:36:41.912+0000] {processor.py:925} INFO - DAG(s) 'example_xcom_args', 'example_xcom_args_with_operators' retrieved from /home/airflow/.local/lib/python3.12/site-packages/airflow/example_dags/example_xcomargs.py
[2024-09-05T00:36:42.099+0000] {logging_mixin.py:190} INFO - [2024-09-05T00:36:42.098+0000] {dag.py:3211} INFO - Sync 2 DAGs
[2024-09-05T00:36:42.189+0000] {logging_mixin.py:190} INFO - [2024-09-05T00:36:42.188+0000] {dag.py:4138} INFO - Setting next_dagrun for example_xcom_args to None, run_after=None
[2024-09-05T00:36:42.215+0000] {logging_mixin.py:190} INFO - [2024-09-05T00:36:42.212+0000] {dag.py:4138} INFO - Setting next_dagrun for example_xcom_args_with_operators to None, run_after=None
[2024-09-05T00:36:42.280+0000] {processor.py:208} INFO - Processing /home/airflow/.local/lib/python3.12/site-packages/airflow/example_dags/example_xcomargs.py took 0.504 seconds
[2024-09-05T00:37:12.840+0000] {processor.py:186} INFO - Started process (PID=509) to work on /home/airflow/.local/lib/python3.12/site-packages/airflow/example_dags/example_xcomargs.py
[2024-09-05T00:37:12.841+0000] {processor.py:914} INFO - Processing file /home/airflow/.local/lib/python3.12/site-packages/airflow/example_dags/example_xcomargs.py for tasks to queue
[2024-09-05T00:37:12.847+0000] {logging_mixin.py:190} INFO - [2024-09-05T00:37:12.846+0000] {dagbag.py:587} INFO - Filling up the DagBag from /home/airflow/.local/lib/python3.12/site-packages/airflow/example_dags/example_xcomargs.py
[2024-09-05T00:37:12.866+0000] {processor.py:925} INFO - DAG(s) 'example_xcom_args', 'example_xcom_args_with_operators' retrieved from /home/airflow/.local/lib/python3.12/site-packages/airflow/example_dags/example_xcomargs.py
[2024-09-05T00:37:12.922+0000] {logging_mixin.py:190} INFO - [2024-09-05T00:37:12.921+0000] {dag.py:3211} INFO - Sync 2 DAGs
[2024-09-05T00:37:12.958+0000] {logging_mixin.py:190} INFO - [2024-09-05T00:37:12.958+0000] {dag.py:4138} INFO - Setting next_dagrun for example_xcom_args to None, run_after=None
[2024-09-05T00:37:12.965+0000] {logging_mixin.py:190} INFO - [2024-09-05T00:37:12.965+0000] {dag.py:4138} INFO - Setting next_dagrun for example_xcom_args_with_operators to None, run_after=None
[2024-09-05T00:37:13.009+0000] {processor.py:208} INFO - Processing /home/airflow/.local/lib/python3.12/site-packages/airflow/example_dags/example_xcomargs.py took 0.183 seconds
[2024-09-05T00:37:43.261+0000] {processor.py:186} INFO - Started process (PID=572) to work on /home/airflow/.local/lib/python3.12/site-packages/airflow/example_dags/example_xcomargs.py
[2024-09-05T00:37:43.262+0000] {processor.py:914} INFO - Processing file /home/airflow/.local/lib/python3.12/site-packages/airflow/example_dags/example_xcomargs.py for tasks to queue
[2024-09-05T00:37:43.265+0000] {logging_mixin.py:190} INFO - [2024-09-05T00:37:43.264+0000] {dagbag.py:587} INFO - Filling up the DagBag from /home/airflow/.local/lib/python3.12/site-packages/airflow/example_dags/example_xcomargs.py
[2024-09-05T00:37:43.283+0000] {processor.py:925} INFO - DAG(s) 'example_xcom_args_with_operators', 'example_xcom_args' retrieved from /home/airflow/.local/lib/python3.12/site-packages/airflow/example_dags/example_xcomargs.py
[2024-09-05T00:37:43.321+0000] {logging_mixin.py:190} INFO - [2024-09-05T00:37:43.320+0000] {dag.py:3211} INFO - Sync 2 DAGs
[2024-09-05T00:37:43.349+0000] {logging_mixin.py:190} INFO - [2024-09-05T00:37:43.349+0000] {dag.py:4138} INFO - Setting next_dagrun for example_xcom_args to None, run_after=None
[2024-09-05T00:37:43.356+0000] {logging_mixin.py:190} INFO - [2024-09-05T00:37:43.356+0000] {dag.py:4138} INFO - Setting next_dagrun for example_xcom_args_with_operators to None, run_after=None
[2024-09-05T00:37:43.382+0000] {processor.py:208} INFO - Processing /home/airflow/.local/lib/python3.12/site-packages/airflow/example_dags/example_xcomargs.py took 0.138 seconds
[2024-09-05T00:38:13.940+0000] {processor.py:186} INFO - Started process (PID=635) to work on /home/airflow/.local/lib/python3.12/site-packages/airflow/example_dags/example_xcomargs.py
[2024-09-05T00:38:13.941+0000] {processor.py:914} INFO - Processing file /home/airflow/.local/lib/python3.12/site-packages/airflow/example_dags/example_xcomargs.py for tasks to queue
[2024-09-05T00:38:13.944+0000] {logging_mixin.py:190} INFO - [2024-09-05T00:38:13.943+0000] {dagbag.py:587} INFO - Filling up the DagBag from /home/airflow/.local/lib/python3.12/site-packages/airflow/example_dags/example_xcomargs.py
[2024-09-05T00:38:13.967+0000] {processor.py:925} INFO - DAG(s) 'example_xcom_args_with_operators', 'example_xcom_args' retrieved from /home/airflow/.local/lib/python3.12/site-packages/airflow/example_dags/example_xcomargs.py
[2024-09-05T00:38:14.047+0000] {logging_mixin.py:190} INFO - [2024-09-05T00:38:14.046+0000] {dag.py:3211} INFO - Sync 2 DAGs
[2024-09-05T00:38:14.087+0000] {logging_mixin.py:190} INFO - [2024-09-05T00:38:14.086+0000] {dag.py:4138} INFO - Setting next_dagrun for example_xcom_args to None, run_after=None
[2024-09-05T00:38:14.103+0000] {logging_mixin.py:190} INFO - [2024-09-05T00:38:14.102+0000] {dag.py:4138} INFO - Setting next_dagrun for example_xcom_args_with_operators to None, run_after=None
[2024-09-05T00:38:14.138+0000] {processor.py:208} INFO - Processing /home/airflow/.local/lib/python3.12/site-packages/airflow/example_dags/example_xcomargs.py took 0.214 seconds
[2024-09-05T00:38:46.777+0000] {processor.py:186} INFO - Started process (PID=698) to work on /home/airflow/.local/lib/python3.12/site-packages/airflow/example_dags/example_xcomargs.py
[2024-09-05T00:38:46.780+0000] {processor.py:914} INFO - Processing file /home/airflow/.local/lib/python3.12/site-packages/airflow/example_dags/example_xcomargs.py for tasks to queue
[2024-09-05T00:38:46.788+0000] {logging_mixin.py:190} INFO - [2024-09-05T00:38:46.787+0000] {dagbag.py:587} INFO - Filling up the DagBag from /home/airflow/.local/lib/python3.12/site-packages/airflow/example_dags/example_xcomargs.py
[2024-09-05T00:38:46.820+0000] {processor.py:925} INFO - DAG(s) 'example_xcom_args', 'example_xcom_args_with_operators' retrieved from /home/airflow/.local/lib/python3.12/site-packages/airflow/example_dags/example_xcomargs.py
[2024-09-05T00:38:46.888+0000] {logging_mixin.py:190} INFO - [2024-09-05T00:38:46.887+0000] {dag.py:3211} INFO - Sync 2 DAGs
[2024-09-05T00:38:46.936+0000] {logging_mixin.py:190} INFO - [2024-09-05T00:38:46.936+0000] {dag.py:4138} INFO - Setting next_dagrun for example_xcom_args to None, run_after=None
[2024-09-05T00:38:46.950+0000] {logging_mixin.py:190} INFO - [2024-09-05T00:38:46.950+0000] {dag.py:4138} INFO - Setting next_dagrun for example_xcom_args_with_operators to None, run_after=None
[2024-09-05T00:38:47.003+0000] {processor.py:208} INFO - Processing /home/airflow/.local/lib/python3.12/site-packages/airflow/example_dags/example_xcomargs.py took 0.249 seconds
[2024-09-05T00:39:17.202+0000] {processor.py:186} INFO - Started process (PID=760) to work on /home/airflow/.local/lib/python3.12/site-packages/airflow/example_dags/example_xcomargs.py
[2024-09-05T00:39:17.206+0000] {processor.py:914} INFO - Processing file /home/airflow/.local/lib/python3.12/site-packages/airflow/example_dags/example_xcomargs.py for tasks to queue
[2024-09-05T00:39:17.211+0000] {logging_mixin.py:190} INFO - [2024-09-05T00:39:17.210+0000] {dagbag.py:587} INFO - Filling up the DagBag from /home/airflow/.local/lib/python3.12/site-packages/airflow/example_dags/example_xcomargs.py
[2024-09-05T00:39:17.228+0000] {processor.py:925} INFO - DAG(s) 'example_xcom_args_with_operators', 'example_xcom_args' retrieved from /home/airflow/.local/lib/python3.12/site-packages/airflow/example_dags/example_xcomargs.py
[2024-09-05T00:39:17.280+0000] {logging_mixin.py:190} INFO - [2024-09-05T00:39:17.279+0000] {dag.py:3211} INFO - Sync 2 DAGs
[2024-09-05T00:39:17.311+0000] {logging_mixin.py:190} INFO - [2024-09-05T00:39:17.310+0000] {dag.py:4138} INFO - Setting next_dagrun for example_xcom_args to None, run_after=None
[2024-09-05T00:39:17.318+0000] {logging_mixin.py:190} INFO - [2024-09-05T00:39:17.318+0000] {dag.py:4138} INFO - Setting next_dagrun for example_xcom_args_with_operators to None, run_after=None
[2024-09-05T00:39:17.353+0000] {processor.py:208} INFO - Processing /home/airflow/.local/lib/python3.12/site-packages/airflow/example_dags/example_xcomargs.py took 0.170 seconds
[2024-09-05T00:39:47.622+0000] {processor.py:186} INFO - Started process (PID=823) to work on /home/airflow/.local/lib/python3.12/site-packages/airflow/example_dags/example_xcomargs.py
[2024-09-05T00:39:47.623+0000] {processor.py:914} INFO - Processing file /home/airflow/.local/lib/python3.12/site-packages/airflow/example_dags/example_xcomargs.py for tasks to queue
[2024-09-05T00:39:47.626+0000] {logging_mixin.py:190} INFO - [2024-09-05T00:39:47.625+0000] {dagbag.py:587} INFO - Filling up the DagBag from /home/airflow/.local/lib/python3.12/site-packages/airflow/example_dags/example_xcomargs.py
[2024-09-05T00:39:47.662+0000] {processor.py:925} INFO - DAG(s) 'example_xcom_args_with_operators', 'example_xcom_args' retrieved from /home/airflow/.local/lib/python3.12/site-packages/airflow/example_dags/example_xcomargs.py
[2024-09-05T00:39:47.722+0000] {logging_mixin.py:190} INFO - [2024-09-05T00:39:47.721+0000] {dag.py:3211} INFO - Sync 2 DAGs
[2024-09-05T00:39:47.759+0000] {logging_mixin.py:190} INFO - [2024-09-05T00:39:47.759+0000] {dag.py:4138} INFO - Setting next_dagrun for example_xcom_args to None, run_after=None
[2024-09-05T00:39:47.765+0000] {logging_mixin.py:190} INFO - [2024-09-05T00:39:47.765+0000] {dag.py:4138} INFO - Setting next_dagrun for example_xcom_args_with_operators to None, run_after=None
[2024-09-05T00:39:47.811+0000] {processor.py:208} INFO - Processing /home/airflow/.local/lib/python3.12/site-packages/airflow/example_dags/example_xcomargs.py took 0.208 seconds
[2024-09-05T00:40:21.154+0000] {processor.py:186} INFO - Started process (PID=893) to work on /home/airflow/.local/lib/python3.12/site-packages/airflow/example_dags/example_xcomargs.py
[2024-09-05T00:40:21.156+0000] {processor.py:914} INFO - Processing file /home/airflow/.local/lib/python3.12/site-packages/airflow/example_dags/example_xcomargs.py for tasks to queue
[2024-09-05T00:40:21.159+0000] {logging_mixin.py:190} INFO - [2024-09-05T00:40:21.158+0000] {dagbag.py:587} INFO - Filling up the DagBag from /home/airflow/.local/lib/python3.12/site-packages/airflow/example_dags/example_xcomargs.py
[2024-09-05T00:40:21.193+0000] {processor.py:925} INFO - DAG(s) 'example_xcom_args_with_operators', 'example_xcom_args' retrieved from /home/airflow/.local/lib/python3.12/site-packages/airflow/example_dags/example_xcomargs.py
[2024-09-05T00:40:21.274+0000] {logging_mixin.py:190} INFO - [2024-09-05T00:40:21.273+0000] {dag.py:3211} INFO - Sync 2 DAGs
[2024-09-05T00:40:21.325+0000] {logging_mixin.py:190} INFO - [2024-09-05T00:40:21.325+0000] {dag.py:4138} INFO - Setting next_dagrun for example_xcom_args to None, run_after=None
[2024-09-05T00:40:21.336+0000] {logging_mixin.py:190} INFO - [2024-09-05T00:40:21.336+0000] {dag.py:4138} INFO - Setting next_dagrun for example_xcom_args_with_operators to None, run_after=None
[2024-09-05T00:40:21.398+0000] {processor.py:208} INFO - Processing /home/airflow/.local/lib/python3.12/site-packages/airflow/example_dags/example_xcomargs.py took 0.266 seconds
