[2024-09-05T00:04:14.536+0000] {processor.py:186} INFO - Started process (PID=106) to work on /home/airflow/.local/lib/python3.12/site-packages/airflow/example_dags/example_bash_decorator.py
[2024-09-05T00:04:14.538+0000] {processor.py:914} INFO - Processing file /home/airflow/.local/lib/python3.12/site-packages/airflow/example_dags/example_bash_decorator.py for tasks to queue
[2024-09-05T00:04:14.542+0000] {logging_mixin.py:190} INFO - [2024-09-05T00:04:14.541+0000] {dagbag.py:587} INFO - Filling up the DagBag from /home/airflow/.local/lib/python3.12/site-packages/airflow/example_dags/example_bash_decorator.py
[2024-09-05T00:04:14.603+0000] {processor.py:925} INFO - DAG(s) 'example_bash_decorator' retrieved from /home/airflow/.local/lib/python3.12/site-packages/airflow/example_dags/example_bash_decorator.py
[2024-09-05T00:04:15.101+0000] {logging_mixin.py:190} INFO - [2024-09-05T00:04:15.099+0000] {override.py:1858} INFO - Created Permission View: can delete on DAG:example_bash_decorator
[2024-09-05T00:04:15.141+0000] {logging_mixin.py:190} INFO - [2024-09-05T00:04:15.140+0000] {override.py:1858} INFO - Created Permission View: can read on DAG:example_bash_decorator
[2024-09-05T00:04:15.164+0000] {logging_mixin.py:190} INFO - [2024-09-05T00:04:15.164+0000] {override.py:1858} INFO - Created Permission View: can edit on DAG:example_bash_decorator
[2024-09-05T00:04:15.168+0000] {logging_mixin.py:190} INFO - [2024-09-05T00:04:15.167+0000] {dag.py:3211} INFO - Sync 1 DAGs
[2024-09-05T00:04:15.254+0000] {logging_mixin.py:190} INFO - [2024-09-05T00:04:15.254+0000] {dag.py:3234} INFO - Creating ORM DAG for example_bash_decorator
[2024-09-05T00:04:15.257+0000] {logging_mixin.py:190} INFO - [2024-09-05T00:04:15.257+0000] {dag.py:4138} INFO - Setting next_dagrun for example_bash_decorator to None, run_after=None
[2024-09-05T00:04:15.321+0000] {processor.py:208} INFO - Processing /home/airflow/.local/lib/python3.12/site-packages/airflow/example_dags/example_bash_decorator.py took 0.813 seconds
[2024-09-05T00:04:47.822+0000] {processor.py:186} INFO - Started process (PID=168) to work on /home/airflow/.local/lib/python3.12/site-packages/airflow/example_dags/example_bash_decorator.py
[2024-09-05T00:04:47.825+0000] {processor.py:914} INFO - Processing file /home/airflow/.local/lib/python3.12/site-packages/airflow/example_dags/example_bash_decorator.py for tasks to queue
[2024-09-05T00:04:47.832+0000] {logging_mixin.py:190} INFO - [2024-09-05T00:04:47.831+0000] {dagbag.py:587} INFO - Filling up the DagBag from /home/airflow/.local/lib/python3.12/site-packages/airflow/example_dags/example_bash_decorator.py
[2024-09-05T00:04:47.967+0000] {processor.py:925} INFO - DAG(s) 'example_bash_decorator' retrieved from /home/airflow/.local/lib/python3.12/site-packages/airflow/example_dags/example_bash_decorator.py
[2024-09-05T00:04:48.230+0000] {logging_mixin.py:190} INFO - [2024-09-05T00:04:48.229+0000] {dag.py:3211} INFO - Sync 1 DAGs
[2024-09-05T00:04:48.500+0000] {logging_mixin.py:190} INFO - [2024-09-05T00:04:48.499+0000] {dag.py:4138} INFO - Setting next_dagrun for example_bash_decorator to None, run_after=None
[2024-09-05T00:04:48.662+0000] {processor.py:208} INFO - Processing /home/airflow/.local/lib/python3.12/site-packages/airflow/example_dags/example_bash_decorator.py took 0.946 seconds
[2024-09-05T00:05:19.297+0000] {processor.py:186} INFO - Started process (PID=237) to work on /home/airflow/.local/lib/python3.12/site-packages/airflow/example_dags/example_bash_decorator.py
[2024-09-05T00:05:19.299+0000] {processor.py:914} INFO - Processing file /home/airflow/.local/lib/python3.12/site-packages/airflow/example_dags/example_bash_decorator.py for tasks to queue
[2024-09-05T00:05:19.305+0000] {logging_mixin.py:190} INFO - [2024-09-05T00:05:19.304+0000] {dagbag.py:587} INFO - Filling up the DagBag from /home/airflow/.local/lib/python3.12/site-packages/airflow/example_dags/example_bash_decorator.py
[2024-09-05T00:05:19.389+0000] {processor.py:925} INFO - DAG(s) 'example_bash_decorator' retrieved from /home/airflow/.local/lib/python3.12/site-packages/airflow/example_dags/example_bash_decorator.py
[2024-09-05T00:05:19.500+0000] {logging_mixin.py:190} INFO - [2024-09-05T00:05:19.499+0000] {dag.py:3211} INFO - Sync 1 DAGs
[2024-09-05T00:05:19.564+0000] {logging_mixin.py:190} INFO - [2024-09-05T00:05:19.563+0000] {dag.py:4138} INFO - Setting next_dagrun for example_bash_decorator to None, run_after=None
[2024-09-05T00:05:19.673+0000] {processor.py:208} INFO - Processing /home/airflow/.local/lib/python3.12/site-packages/airflow/example_dags/example_bash_decorator.py took 0.398 seconds
[2024-09-05T00:13:35.212+0000] {processor.py:186} INFO - Started process (PID=105) to work on /home/airflow/.local/lib/python3.12/site-packages/airflow/example_dags/example_bash_decorator.py
[2024-09-05T00:13:35.218+0000] {processor.py:914} INFO - Processing file /home/airflow/.local/lib/python3.12/site-packages/airflow/example_dags/example_bash_decorator.py for tasks to queue
[2024-09-05T00:13:35.223+0000] {logging_mixin.py:190} INFO - [2024-09-05T00:13:35.221+0000] {dagbag.py:587} INFO - Filling up the DagBag from /home/airflow/.local/lib/python3.12/site-packages/airflow/example_dags/example_bash_decorator.py
[2024-09-05T00:13:35.495+0000] {processor.py:925} INFO - DAG(s) 'example_bash_decorator' retrieved from /home/airflow/.local/lib/python3.12/site-packages/airflow/example_dags/example_bash_decorator.py
[2024-09-05T00:13:36.387+0000] {logging_mixin.py:190} INFO - [2024-09-05T00:13:36.387+0000] {dag.py:3211} INFO - Sync 1 DAGs
[2024-09-05T00:13:36.519+0000] {logging_mixin.py:190} INFO - [2024-09-05T00:13:36.518+0000] {dag.py:4138} INFO - Setting next_dagrun for example_bash_decorator to None, run_after=None
[2024-09-05T00:13:36.667+0000] {processor.py:208} INFO - Processing /home/airflow/.local/lib/python3.12/site-packages/airflow/example_dags/example_bash_decorator.py took 1.502 seconds
[2024-09-05T00:14:07.227+0000] {processor.py:186} INFO - Started process (PID=168) to work on /home/airflow/.local/lib/python3.12/site-packages/airflow/example_dags/example_bash_decorator.py
[2024-09-05T00:14:07.230+0000] {processor.py:914} INFO - Processing file /home/airflow/.local/lib/python3.12/site-packages/airflow/example_dags/example_bash_decorator.py for tasks to queue
[2024-09-05T00:14:07.234+0000] {logging_mixin.py:190} INFO - [2024-09-05T00:14:07.233+0000] {dagbag.py:587} INFO - Filling up the DagBag from /home/airflow/.local/lib/python3.12/site-packages/airflow/example_dags/example_bash_decorator.py
[2024-09-05T00:14:07.266+0000] {processor.py:925} INFO - DAG(s) 'example_bash_decorator' retrieved from /home/airflow/.local/lib/python3.12/site-packages/airflow/example_dags/example_bash_decorator.py
[2024-09-05T00:14:07.327+0000] {logging_mixin.py:190} INFO - [2024-09-05T00:14:07.326+0000] {dag.py:3211} INFO - Sync 1 DAGs
[2024-09-05T00:14:07.375+0000] {logging_mixin.py:190} INFO - [2024-09-05T00:14:07.375+0000] {dag.py:4138} INFO - Setting next_dagrun for example_bash_decorator to None, run_after=None
[2024-09-05T00:14:07.421+0000] {processor.py:208} INFO - Processing /home/airflow/.local/lib/python3.12/site-packages/airflow/example_dags/example_bash_decorator.py took 0.212 seconds
[2024-09-05T00:14:39.583+0000] {processor.py:186} INFO - Started process (PID=235) to work on /home/airflow/.local/lib/python3.12/site-packages/airflow/example_dags/example_bash_decorator.py
[2024-09-05T00:14:39.587+0000] {processor.py:914} INFO - Processing file /home/airflow/.local/lib/python3.12/site-packages/airflow/example_dags/example_bash_decorator.py for tasks to queue
[2024-09-05T00:14:39.593+0000] {logging_mixin.py:190} INFO - [2024-09-05T00:14:39.593+0000] {dagbag.py:587} INFO - Filling up the DagBag from /home/airflow/.local/lib/python3.12/site-packages/airflow/example_dags/example_bash_decorator.py
[2024-09-05T00:14:39.788+0000] {processor.py:925} INFO - DAG(s) 'example_bash_decorator' retrieved from /home/airflow/.local/lib/python3.12/site-packages/airflow/example_dags/example_bash_decorator.py
[2024-09-05T00:14:41.055+0000] {logging_mixin.py:190} INFO - [2024-09-05T00:14:41.054+0000] {dag.py:3211} INFO - Sync 1 DAGs
[2024-09-05T00:14:41.168+0000] {logging_mixin.py:190} INFO - [2024-09-05T00:14:41.168+0000] {dag.py:4138} INFO - Setting next_dagrun for example_bash_decorator to None, run_after=None
[2024-09-05T00:14:41.295+0000] {processor.py:208} INFO - Processing /home/airflow/.local/lib/python3.12/site-packages/airflow/example_dags/example_bash_decorator.py took 1.800 seconds
[2024-09-05T00:15:11.795+0000] {processor.py:186} INFO - Started process (PID=306) to work on /home/airflow/.local/lib/python3.12/site-packages/airflow/example_dags/example_bash_decorator.py
[2024-09-05T00:15:11.804+0000] {processor.py:914} INFO - Processing file /home/airflow/.local/lib/python3.12/site-packages/airflow/example_dags/example_bash_decorator.py for tasks to queue
[2024-09-05T00:15:11.813+0000] {logging_mixin.py:190} INFO - [2024-09-05T00:15:11.812+0000] {dagbag.py:587} INFO - Filling up the DagBag from /home/airflow/.local/lib/python3.12/site-packages/airflow/example_dags/example_bash_decorator.py
[2024-09-05T00:15:11.926+0000] {processor.py:925} INFO - DAG(s) 'example_bash_decorator' retrieved from /home/airflow/.local/lib/python3.12/site-packages/airflow/example_dags/example_bash_decorator.py
[2024-09-05T00:15:12.140+0000] {logging_mixin.py:190} INFO - [2024-09-05T00:15:12.139+0000] {dag.py:3211} INFO - Sync 1 DAGs
[2024-09-05T00:15:12.385+0000] {logging_mixin.py:190} INFO - [2024-09-05T00:15:12.384+0000] {dag.py:4138} INFO - Setting next_dagrun for example_bash_decorator to None, run_after=None
[2024-09-05T00:15:12.621+0000] {processor.py:208} INFO - Processing /home/airflow/.local/lib/python3.12/site-packages/airflow/example_dags/example_bash_decorator.py took 0.871 seconds
[2024-09-05T00:32:39.034+0000] {processor.py:186} INFO - Started process (PID=125) to work on /home/airflow/.local/lib/python3.12/site-packages/airflow/example_dags/example_bash_decorator.py
[2024-09-05T00:32:39.040+0000] {processor.py:914} INFO - Processing file /home/airflow/.local/lib/python3.12/site-packages/airflow/example_dags/example_bash_decorator.py for tasks to queue
[2024-09-05T00:32:39.045+0000] {logging_mixin.py:190} INFO - [2024-09-05T00:32:39.043+0000] {dagbag.py:587} INFO - Filling up the DagBag from /home/airflow/.local/lib/python3.12/site-packages/airflow/example_dags/example_bash_decorator.py
[2024-09-05T00:32:39.121+0000] {processor.py:925} INFO - DAG(s) 'example_bash_decorator' retrieved from /home/airflow/.local/lib/python3.12/site-packages/airflow/example_dags/example_bash_decorator.py
[2024-09-05T00:32:39.635+0000] {logging_mixin.py:190} INFO - [2024-09-05T00:32:39.635+0000] {dag.py:3211} INFO - Sync 1 DAGs
[2024-09-05T00:32:39.712+0000] {logging_mixin.py:190} INFO - [2024-09-05T00:32:39.711+0000] {dag.py:4138} INFO - Setting next_dagrun for example_bash_decorator to None, run_after=None
[2024-09-05T00:32:39.827+0000] {processor.py:208} INFO - Processing /home/airflow/.local/lib/python3.12/site-packages/airflow/example_dags/example_bash_decorator.py took 0.851 seconds
[2024-09-05T00:33:10.147+0000] {processor.py:186} INFO - Started process (PID=188) to work on /home/airflow/.local/lib/python3.12/site-packages/airflow/example_dags/example_bash_decorator.py
[2024-09-05T00:33:10.149+0000] {processor.py:914} INFO - Processing file /home/airflow/.local/lib/python3.12/site-packages/airflow/example_dags/example_bash_decorator.py for tasks to queue
[2024-09-05T00:33:10.152+0000] {logging_mixin.py:190} INFO - [2024-09-05T00:33:10.151+0000] {dagbag.py:587} INFO - Filling up the DagBag from /home/airflow/.local/lib/python3.12/site-packages/airflow/example_dags/example_bash_decorator.py
[2024-09-05T00:33:10.173+0000] {processor.py:925} INFO - DAG(s) 'example_bash_decorator' retrieved from /home/airflow/.local/lib/python3.12/site-packages/airflow/example_dags/example_bash_decorator.py
[2024-09-05T00:33:10.206+0000] {logging_mixin.py:190} INFO - [2024-09-05T00:33:10.206+0000] {dag.py:3211} INFO - Sync 1 DAGs
[2024-09-05T00:33:10.227+0000] {logging_mixin.py:190} INFO - [2024-09-05T00:33:10.227+0000] {dag.py:4138} INFO - Setting next_dagrun for example_bash_decorator to None, run_after=None
[2024-09-05T00:33:10.263+0000] {processor.py:208} INFO - Processing /home/airflow/.local/lib/python3.12/site-packages/airflow/example_dags/example_bash_decorator.py took 0.125 seconds
[2024-09-05T00:33:40.759+0000] {processor.py:186} INFO - Started process (PID=251) to work on /home/airflow/.local/lib/python3.12/site-packages/airflow/example_dags/example_bash_decorator.py
[2024-09-05T00:33:40.760+0000] {processor.py:914} INFO - Processing file /home/airflow/.local/lib/python3.12/site-packages/airflow/example_dags/example_bash_decorator.py for tasks to queue
[2024-09-05T00:33:40.764+0000] {logging_mixin.py:190} INFO - [2024-09-05T00:33:40.763+0000] {dagbag.py:587} INFO - Filling up the DagBag from /home/airflow/.local/lib/python3.12/site-packages/airflow/example_dags/example_bash_decorator.py
[2024-09-05T00:33:40.798+0000] {processor.py:925} INFO - DAG(s) 'example_bash_decorator' retrieved from /home/airflow/.local/lib/python3.12/site-packages/airflow/example_dags/example_bash_decorator.py
[2024-09-05T00:33:40.847+0000] {logging_mixin.py:190} INFO - [2024-09-05T00:33:40.847+0000] {dag.py:3211} INFO - Sync 1 DAGs
[2024-09-05T00:33:40.881+0000] {logging_mixin.py:190} INFO - [2024-09-05T00:33:40.880+0000] {dag.py:4138} INFO - Setting next_dagrun for example_bash_decorator to None, run_after=None
[2024-09-05T00:33:40.914+0000] {processor.py:208} INFO - Processing /home/airflow/.local/lib/python3.12/site-packages/airflow/example_dags/example_bash_decorator.py took 0.171 seconds
[2024-09-05T00:34:47.641+0000] {processor.py:186} INFO - Started process (PID=320) to work on /home/airflow/.local/lib/python3.12/site-packages/airflow/example_dags/example_bash_decorator.py
[2024-09-05T00:34:47.675+0000] {processor.py:914} INFO - Processing file /home/airflow/.local/lib/python3.12/site-packages/airflow/example_dags/example_bash_decorator.py for tasks to queue
[2024-09-05T00:34:47.706+0000] {logging_mixin.py:190} INFO - [2024-09-05T00:34:47.691+0000] {dagbag.py:587} INFO - Filling up the DagBag from /home/airflow/.local/lib/python3.12/site-packages/airflow/example_dags/example_bash_decorator.py
[2024-09-05T00:34:48.238+0000] {processor.py:925} INFO - DAG(s) 'example_bash_decorator' retrieved from /home/airflow/.local/lib/python3.12/site-packages/airflow/example_dags/example_bash_decorator.py
[2024-09-05T00:34:49.042+0000] {logging_mixin.py:190} INFO - [2024-09-05T00:34:49.040+0000] {dag.py:3211} INFO - Sync 1 DAGs
[2024-09-05T00:34:49.553+0000] {logging_mixin.py:190} INFO - [2024-09-05T00:34:49.550+0000] {dag.py:4138} INFO - Setting next_dagrun for example_bash_decorator to None, run_after=None
[2024-09-05T00:34:50.021+0000] {processor.py:208} INFO - Processing /home/airflow/.local/lib/python3.12/site-packages/airflow/example_dags/example_bash_decorator.py took 2.505 seconds
[2024-09-05T00:36:10.699+0000] {processor.py:186} INFO - Started process (PID=389) to work on /home/airflow/.local/lib/python3.12/site-packages/airflow/example_dags/example_bash_decorator.py
[2024-09-05T00:36:10.701+0000] {processor.py:914} INFO - Processing file /home/airflow/.local/lib/python3.12/site-packages/airflow/example_dags/example_bash_decorator.py for tasks to queue
[2024-09-05T00:36:10.707+0000] {logging_mixin.py:190} INFO - [2024-09-05T00:36:10.706+0000] {dagbag.py:587} INFO - Filling up the DagBag from /home/airflow/.local/lib/python3.12/site-packages/airflow/example_dags/example_bash_decorator.py
[2024-09-05T00:36:10.741+0000] {processor.py:925} INFO - DAG(s) 'example_bash_decorator' retrieved from /home/airflow/.local/lib/python3.12/site-packages/airflow/example_dags/example_bash_decorator.py
[2024-09-05T00:36:10.783+0000] {logging_mixin.py:190} INFO - [2024-09-05T00:36:10.783+0000] {dag.py:3211} INFO - Sync 1 DAGs
[2024-09-05T00:36:10.810+0000] {logging_mixin.py:190} INFO - [2024-09-05T00:36:10.809+0000] {dag.py:4138} INFO - Setting next_dagrun for example_bash_decorator to None, run_after=None
[2024-09-05T00:36:10.843+0000] {processor.py:208} INFO - Processing /home/airflow/.local/lib/python3.12/site-packages/airflow/example_dags/example_bash_decorator.py took 0.157 seconds
[2024-09-05T00:36:44.059+0000] {processor.py:186} INFO - Started process (PID=452) to work on /home/airflow/.local/lib/python3.12/site-packages/airflow/example_dags/example_bash_decorator.py
[2024-09-05T00:36:44.090+0000] {processor.py:914} INFO - Processing file /home/airflow/.local/lib/python3.12/site-packages/airflow/example_dags/example_bash_decorator.py for tasks to queue
[2024-09-05T00:36:44.122+0000] {logging_mixin.py:190} INFO - [2024-09-05T00:36:44.121+0000] {dagbag.py:587} INFO - Filling up the DagBag from /home/airflow/.local/lib/python3.12/site-packages/airflow/example_dags/example_bash_decorator.py
[2024-09-05T00:36:44.247+0000] {processor.py:925} INFO - DAG(s) 'example_bash_decorator' retrieved from /home/airflow/.local/lib/python3.12/site-packages/airflow/example_dags/example_bash_decorator.py
[2024-09-05T00:36:44.448+0000] {logging_mixin.py:190} INFO - [2024-09-05T00:36:44.447+0000] {dag.py:3211} INFO - Sync 1 DAGs
[2024-09-05T00:36:44.566+0000] {logging_mixin.py:190} INFO - [2024-09-05T00:36:44.566+0000] {dag.py:4138} INFO - Setting next_dagrun for example_bash_decorator to None, run_after=None
[2024-09-05T00:36:44.681+0000] {processor.py:208} INFO - Processing /home/airflow/.local/lib/python3.12/site-packages/airflow/example_dags/example_bash_decorator.py took 0.646 seconds
[2024-09-05T00:37:15.273+0000] {processor.py:186} INFO - Started process (PID=515) to work on /home/airflow/.local/lib/python3.12/site-packages/airflow/example_dags/example_bash_decorator.py
[2024-09-05T00:37:15.275+0000] {processor.py:914} INFO - Processing file /home/airflow/.local/lib/python3.12/site-packages/airflow/example_dags/example_bash_decorator.py for tasks to queue
[2024-09-05T00:37:15.281+0000] {logging_mixin.py:190} INFO - [2024-09-05T00:37:15.280+0000] {dagbag.py:587} INFO - Filling up the DagBag from /home/airflow/.local/lib/python3.12/site-packages/airflow/example_dags/example_bash_decorator.py
[2024-09-05T00:37:15.314+0000] {processor.py:925} INFO - DAG(s) 'example_bash_decorator' retrieved from /home/airflow/.local/lib/python3.12/site-packages/airflow/example_dags/example_bash_decorator.py
[2024-09-05T00:37:15.357+0000] {logging_mixin.py:190} INFO - [2024-09-05T00:37:15.356+0000] {dag.py:3211} INFO - Sync 1 DAGs
[2024-09-05T00:37:15.385+0000] {logging_mixin.py:190} INFO - [2024-09-05T00:37:15.384+0000] {dag.py:4138} INFO - Setting next_dagrun for example_bash_decorator to None, run_after=None
[2024-09-05T00:37:15.426+0000] {processor.py:208} INFO - Processing /home/airflow/.local/lib/python3.12/site-packages/airflow/example_dags/example_bash_decorator.py took 0.173 seconds
[2024-09-05T00:37:45.940+0000] {processor.py:186} INFO - Started process (PID=578) to work on /home/airflow/.local/lib/python3.12/site-packages/airflow/example_dags/example_bash_decorator.py
[2024-09-05T00:37:45.942+0000] {processor.py:914} INFO - Processing file /home/airflow/.local/lib/python3.12/site-packages/airflow/example_dags/example_bash_decorator.py for tasks to queue
[2024-09-05T00:37:45.944+0000] {logging_mixin.py:190} INFO - [2024-09-05T00:37:45.944+0000] {dagbag.py:587} INFO - Filling up the DagBag from /home/airflow/.local/lib/python3.12/site-packages/airflow/example_dags/example_bash_decorator.py
[2024-09-05T00:37:45.978+0000] {processor.py:925} INFO - DAG(s) 'example_bash_decorator' retrieved from /home/airflow/.local/lib/python3.12/site-packages/airflow/example_dags/example_bash_decorator.py
[2024-09-05T00:37:46.013+0000] {logging_mixin.py:190} INFO - [2024-09-05T00:37:46.013+0000] {dag.py:3211} INFO - Sync 1 DAGs
[2024-09-05T00:37:46.039+0000] {logging_mixin.py:190} INFO - [2024-09-05T00:37:46.039+0000] {dag.py:4138} INFO - Setting next_dagrun for example_bash_decorator to None, run_after=None
[2024-09-05T00:37:46.069+0000] {processor.py:208} INFO - Processing /home/airflow/.local/lib/python3.12/site-packages/airflow/example_dags/example_bash_decorator.py took 0.139 seconds
[2024-09-05T00:38:16.736+0000] {processor.py:186} INFO - Started process (PID=641) to work on /home/airflow/.local/lib/python3.12/site-packages/airflow/example_dags/example_bash_decorator.py
[2024-09-05T00:38:16.738+0000] {processor.py:914} INFO - Processing file /home/airflow/.local/lib/python3.12/site-packages/airflow/example_dags/example_bash_decorator.py for tasks to queue
[2024-09-05T00:38:16.743+0000] {logging_mixin.py:190} INFO - [2024-09-05T00:38:16.742+0000] {dagbag.py:587} INFO - Filling up the DagBag from /home/airflow/.local/lib/python3.12/site-packages/airflow/example_dags/example_bash_decorator.py
[2024-09-05T00:38:16.779+0000] {processor.py:925} INFO - DAG(s) 'example_bash_decorator' retrieved from /home/airflow/.local/lib/python3.12/site-packages/airflow/example_dags/example_bash_decorator.py
[2024-09-05T00:38:16.824+0000] {logging_mixin.py:190} INFO - [2024-09-05T00:38:16.824+0000] {dag.py:3211} INFO - Sync 1 DAGs
[2024-09-05T00:38:16.859+0000] {logging_mixin.py:190} INFO - [2024-09-05T00:38:16.859+0000] {dag.py:4138} INFO - Setting next_dagrun for example_bash_decorator to None, run_after=None
[2024-09-05T00:38:16.902+0000] {processor.py:208} INFO - Processing /home/airflow/.local/lib/python3.12/site-packages/airflow/example_dags/example_bash_decorator.py took 0.179 seconds
[2024-09-05T00:38:48.242+0000] {processor.py:186} INFO - Started process (PID=704) to work on /home/airflow/.local/lib/python3.12/site-packages/airflow/example_dags/example_bash_decorator.py
[2024-09-05T00:38:48.245+0000] {processor.py:914} INFO - Processing file /home/airflow/.local/lib/python3.12/site-packages/airflow/example_dags/example_bash_decorator.py for tasks to queue
[2024-09-05T00:38:48.248+0000] {logging_mixin.py:190} INFO - [2024-09-05T00:38:48.247+0000] {dagbag.py:587} INFO - Filling up the DagBag from /home/airflow/.local/lib/python3.12/site-packages/airflow/example_dags/example_bash_decorator.py
[2024-09-05T00:38:48.283+0000] {processor.py:925} INFO - DAG(s) 'example_bash_decorator' retrieved from /home/airflow/.local/lib/python3.12/site-packages/airflow/example_dags/example_bash_decorator.py
[2024-09-05T00:38:48.365+0000] {logging_mixin.py:190} INFO - [2024-09-05T00:38:48.365+0000] {dag.py:3211} INFO - Sync 1 DAGs
[2024-09-05T00:38:48.413+0000] {logging_mixin.py:190} INFO - [2024-09-05T00:38:48.412+0000] {dag.py:4138} INFO - Setting next_dagrun for example_bash_decorator to None, run_after=None
[2024-09-05T00:38:48.490+0000] {processor.py:208} INFO - Processing /home/airflow/.local/lib/python3.12/site-packages/airflow/example_dags/example_bash_decorator.py took 0.266 seconds
[2024-09-05T00:39:19.753+0000] {processor.py:186} INFO - Started process (PID=773) to work on /home/airflow/.local/lib/python3.12/site-packages/airflow/example_dags/example_bash_decorator.py
[2024-09-05T00:39:19.756+0000] {processor.py:914} INFO - Processing file /home/airflow/.local/lib/python3.12/site-packages/airflow/example_dags/example_bash_decorator.py for tasks to queue
[2024-09-05T00:39:19.771+0000] {logging_mixin.py:190} INFO - [2024-09-05T00:39:19.760+0000] {dagbag.py:587} INFO - Filling up the DagBag from /home/airflow/.local/lib/python3.12/site-packages/airflow/example_dags/example_bash_decorator.py
[2024-09-05T00:39:19.890+0000] {processor.py:925} INFO - DAG(s) 'example_bash_decorator' retrieved from /home/airflow/.local/lib/python3.12/site-packages/airflow/example_dags/example_bash_decorator.py
[2024-09-05T00:39:20.000+0000] {logging_mixin.py:190} INFO - [2024-09-05T00:39:20.000+0000] {dag.py:3211} INFO - Sync 1 DAGs
[2024-09-05T00:39:20.094+0000] {logging_mixin.py:190} INFO - [2024-09-05T00:39:20.093+0000] {dag.py:4138} INFO - Setting next_dagrun for example_bash_decorator to None, run_after=None
[2024-09-05T00:39:20.174+0000] {processor.py:208} INFO - Processing /home/airflow/.local/lib/python3.12/site-packages/airflow/example_dags/example_bash_decorator.py took 0.439 seconds
[2024-09-05T00:39:50.521+0000] {processor.py:186} INFO - Started process (PID=836) to work on /home/airflow/.local/lib/python3.12/site-packages/airflow/example_dags/example_bash_decorator.py
[2024-09-05T00:39:50.522+0000] {processor.py:914} INFO - Processing file /home/airflow/.local/lib/python3.12/site-packages/airflow/example_dags/example_bash_decorator.py for tasks to queue
[2024-09-05T00:39:50.525+0000] {logging_mixin.py:190} INFO - [2024-09-05T00:39:50.524+0000] {dagbag.py:587} INFO - Filling up the DagBag from /home/airflow/.local/lib/python3.12/site-packages/airflow/example_dags/example_bash_decorator.py
[2024-09-05T00:39:50.586+0000] {processor.py:925} INFO - DAG(s) 'example_bash_decorator' retrieved from /home/airflow/.local/lib/python3.12/site-packages/airflow/example_dags/example_bash_decorator.py
[2024-09-05T00:39:50.675+0000] {logging_mixin.py:190} INFO - [2024-09-05T00:39:50.674+0000] {dag.py:3211} INFO - Sync 1 DAGs
[2024-09-05T00:39:50.732+0000] {logging_mixin.py:190} INFO - [2024-09-05T00:39:50.731+0000] {dag.py:4138} INFO - Setting next_dagrun for example_bash_decorator to None, run_after=None
[2024-09-05T00:39:50.815+0000] {processor.py:208} INFO - Processing /home/airflow/.local/lib/python3.12/site-packages/airflow/example_dags/example_bash_decorator.py took 0.306 seconds
[2024-09-05T00:40:22.327+0000] {processor.py:186} INFO - Started process (PID=899) to work on /home/airflow/.local/lib/python3.12/site-packages/airflow/example_dags/example_bash_decorator.py
[2024-09-05T00:40:22.329+0000] {processor.py:914} INFO - Processing file /home/airflow/.local/lib/python3.12/site-packages/airflow/example_dags/example_bash_decorator.py for tasks to queue
[2024-09-05T00:40:22.331+0000] {logging_mixin.py:190} INFO - [2024-09-05T00:40:22.331+0000] {dagbag.py:587} INFO - Filling up the DagBag from /home/airflow/.local/lib/python3.12/site-packages/airflow/example_dags/example_bash_decorator.py
[2024-09-05T00:40:22.377+0000] {processor.py:925} INFO - DAG(s) 'example_bash_decorator' retrieved from /home/airflow/.local/lib/python3.12/site-packages/airflow/example_dags/example_bash_decorator.py
[2024-09-05T00:40:22.482+0000] {logging_mixin.py:190} INFO - [2024-09-05T00:40:22.481+0000] {dag.py:3211} INFO - Sync 1 DAGs
[2024-09-05T00:40:22.537+0000] {logging_mixin.py:190} INFO - [2024-09-05T00:40:22.537+0000] {dag.py:4138} INFO - Setting next_dagrun for example_bash_decorator to None, run_after=None
[2024-09-05T00:40:22.588+0000] {processor.py:208} INFO - Processing /home/airflow/.local/lib/python3.12/site-packages/airflow/example_dags/example_bash_decorator.py took 0.281 seconds
