[2024-09-05T00:04:24.461+0000] {processor.py:186} INFO - Started process (PID=131) to work on /home/airflow/.local/lib/python3.12/site-packages/airflow/example_dags/example_datasets.py
[2024-09-05T00:04:24.469+0000] {processor.py:914} INFO - Processing file /home/airflow/.local/lib/python3.12/site-packages/airflow/example_dags/example_datasets.py for tasks to queue
[2024-09-05T00:04:24.474+0000] {logging_mixin.py:190} INFO - [2024-09-05T00:04:24.473+0000] {dagbag.py:587} INFO - Filling up the DagBag from /home/airflow/.local/lib/python3.12/site-packages/airflow/example_dags/example_datasets.py
[2024-09-05T00:04:25.350+0000] {processor.py:925} INFO - DAG(s) 'consume_1_and_2_with_dataset_expressions', 'dataset_consumes_1_never_scheduled', 'conditional_dataset_and_time_based_timetable', 'dataset_consumes_unknown_never_scheduled', 'consume_1_or_2_with_dataset_expressions', 'dataset_consumes_1_and_2', 'consume_1_or_both_2_and_3_with_dataset_expressions', 'dataset_produces_1', 'dataset_consumes_1', 'dataset_produces_2' retrieved from /home/airflow/.local/lib/python3.12/site-packages/airflow/example_dags/example_datasets.py
[2024-09-05T00:04:25.911+0000] {logging_mixin.py:190} INFO - [2024-09-05T00:04:25.909+0000] {override.py:1858} INFO - Created Permission View: can delete on DAG:consume_1_and_2_with_dataset_expressions
[2024-09-05T00:04:25.962+0000] {logging_mixin.py:190} INFO - [2024-09-05T00:04:25.961+0000] {override.py:1858} INFO - Created Permission View: can read on DAG:consume_1_and_2_with_dataset_expressions
[2024-09-05T00:04:25.995+0000] {logging_mixin.py:190} INFO - [2024-09-05T00:04:25.994+0000] {override.py:1858} INFO - Created Permission View: can edit on DAG:consume_1_and_2_with_dataset_expressions
[2024-09-05T00:04:26.049+0000] {logging_mixin.py:190} INFO - [2024-09-05T00:04:26.048+0000] {override.py:1858} INFO - Created Permission View: can delete on DAG:dataset_consumes_1_never_scheduled
[2024-09-05T00:04:26.113+0000] {logging_mixin.py:190} INFO - [2024-09-05T00:04:26.112+0000] {override.py:1858} INFO - Created Permission View: can read on DAG:dataset_consumes_1_never_scheduled
[2024-09-05T00:04:26.165+0000] {logging_mixin.py:190} INFO - [2024-09-05T00:04:26.163+0000] {override.py:1858} INFO - Created Permission View: can edit on DAG:dataset_consumes_1_never_scheduled
[2024-09-05T00:04:26.298+0000] {logging_mixin.py:190} INFO - [2024-09-05T00:04:26.295+0000] {override.py:1858} INFO - Created Permission View: can delete on DAG:conditional_dataset_and_time_based_timetable
[2024-09-05T00:04:26.368+0000] {logging_mixin.py:190} INFO - [2024-09-05T00:04:26.366+0000] {override.py:1858} INFO - Created Permission View: can read on DAG:conditional_dataset_and_time_based_timetable
[2024-09-05T00:04:26.439+0000] {logging_mixin.py:190} INFO - [2024-09-05T00:04:26.437+0000] {override.py:1858} INFO - Created Permission View: can edit on DAG:conditional_dataset_and_time_based_timetable
[2024-09-05T00:04:26.643+0000] {logging_mixin.py:190} INFO - [2024-09-05T00:04:26.642+0000] {override.py:1858} INFO - Created Permission View: can delete on DAG:dataset_consumes_unknown_never_scheduled
[2024-09-05T00:04:26.700+0000] {logging_mixin.py:190} INFO - [2024-09-05T00:04:26.698+0000] {override.py:1858} INFO - Created Permission View: can read on DAG:dataset_consumes_unknown_never_scheduled
[2024-09-05T00:04:26.752+0000] {logging_mixin.py:190} INFO - [2024-09-05T00:04:26.750+0000] {override.py:1858} INFO - Created Permission View: can edit on DAG:dataset_consumes_unknown_never_scheduled
[2024-09-05T00:04:26.843+0000] {logging_mixin.py:190} INFO - [2024-09-05T00:04:26.840+0000] {override.py:1858} INFO - Created Permission View: can delete on DAG:consume_1_or_2_with_dataset_expressions
[2024-09-05T00:04:26.889+0000] {logging_mixin.py:190} INFO - [2024-09-05T00:04:26.879+0000] {override.py:1858} INFO - Created Permission View: can read on DAG:consume_1_or_2_with_dataset_expressions
[2024-09-05T00:04:26.937+0000] {logging_mixin.py:190} INFO - [2024-09-05T00:04:26.936+0000] {override.py:1858} INFO - Created Permission View: can edit on DAG:consume_1_or_2_with_dataset_expressions
[2024-09-05T00:04:26.983+0000] {logging_mixin.py:190} INFO - [2024-09-05T00:04:26.982+0000] {override.py:1858} INFO - Created Permission View: can delete on DAG:dataset_consumes_1_and_2
[2024-09-05T00:04:27.010+0000] {logging_mixin.py:190} INFO - [2024-09-05T00:04:27.008+0000] {override.py:1858} INFO - Created Permission View: can read on DAG:dataset_consumes_1_and_2
[2024-09-05T00:04:27.037+0000] {logging_mixin.py:190} INFO - [2024-09-05T00:04:27.035+0000] {override.py:1858} INFO - Created Permission View: can edit on DAG:dataset_consumes_1_and_2
[2024-09-05T00:04:27.081+0000] {logging_mixin.py:190} INFO - [2024-09-05T00:04:27.080+0000] {override.py:1858} INFO - Created Permission View: can delete on DAG:consume_1_or_both_2_and_3_with_dataset_expressions
[2024-09-05T00:04:27.102+0000] {logging_mixin.py:190} INFO - [2024-09-05T00:04:27.101+0000] {override.py:1858} INFO - Created Permission View: can read on DAG:consume_1_or_both_2_and_3_with_dataset_expressions
[2024-09-05T00:04:27.125+0000] {logging_mixin.py:190} INFO - [2024-09-05T00:04:27.124+0000] {override.py:1858} INFO - Created Permission View: can edit on DAG:consume_1_or_both_2_and_3_with_dataset_expressions
[2024-09-05T00:04:27.184+0000] {logging_mixin.py:190} INFO - [2024-09-05T00:04:27.182+0000] {override.py:1858} INFO - Created Permission View: can delete on DAG:dataset_produces_1
[2024-09-05T00:04:27.213+0000] {logging_mixin.py:190} INFO - [2024-09-05T00:04:27.213+0000] {override.py:1858} INFO - Created Permission View: can read on DAG:dataset_produces_1
[2024-09-05T00:04:27.239+0000] {logging_mixin.py:190} INFO - [2024-09-05T00:04:27.238+0000] {override.py:1858} INFO - Created Permission View: can edit on DAG:dataset_produces_1
[2024-09-05T00:04:27.286+0000] {logging_mixin.py:190} INFO - [2024-09-05T00:04:27.285+0000] {override.py:1858} INFO - Created Permission View: can delete on DAG:dataset_consumes_1
[2024-09-05T00:04:27.305+0000] {logging_mixin.py:190} INFO - [2024-09-05T00:04:27.305+0000] {override.py:1858} INFO - Created Permission View: can read on DAG:dataset_consumes_1
[2024-09-05T00:04:27.335+0000] {logging_mixin.py:190} INFO - [2024-09-05T00:04:27.334+0000] {override.py:1858} INFO - Created Permission View: can edit on DAG:dataset_consumes_1
[2024-09-05T00:04:27.380+0000] {logging_mixin.py:190} INFO - [2024-09-05T00:04:27.378+0000] {override.py:1858} INFO - Created Permission View: can delete on DAG:dataset_produces_2
[2024-09-05T00:04:27.406+0000] {logging_mixin.py:190} INFO - [2024-09-05T00:04:27.404+0000] {override.py:1858} INFO - Created Permission View: can read on DAG:dataset_produces_2
[2024-09-05T00:04:27.435+0000] {logging_mixin.py:190} INFO - [2024-09-05T00:04:27.434+0000] {override.py:1858} INFO - Created Permission View: can edit on DAG:dataset_produces_2
[2024-09-05T00:04:27.442+0000] {logging_mixin.py:190} INFO - [2024-09-05T00:04:27.441+0000] {dag.py:3211} INFO - Sync 10 DAGs
[2024-09-05T00:04:27.527+0000] {logging_mixin.py:190} INFO - [2024-09-05T00:04:27.526+0000] {dag.py:3234} INFO - Creating ORM DAG for dataset_produces_2
[2024-09-05T00:04:27.556+0000] {logging_mixin.py:190} INFO - [2024-09-05T00:04:27.555+0000] {dag.py:3234} INFO - Creating ORM DAG for dataset_consumes_1_and_2
[2024-09-05T00:04:27.571+0000] {logging_mixin.py:190} INFO - [2024-09-05T00:04:27.571+0000] {dag.py:3234} INFO - Creating ORM DAG for dataset_consumes_unknown_never_scheduled
[2024-09-05T00:04:27.575+0000] {logging_mixin.py:190} INFO - [2024-09-05T00:04:27.575+0000] {dag.py:3234} INFO - Creating ORM DAG for consume_1_and_2_with_dataset_expressions
[2024-09-05T00:04:27.653+0000] {logging_mixin.py:190} INFO - [2024-09-05T00:04:27.652+0000] {dag.py:3234} INFO - Creating ORM DAG for dataset_consumes_1_never_scheduled
[2024-09-05T00:04:27.681+0000] {logging_mixin.py:190} INFO - [2024-09-05T00:04:27.681+0000] {dag.py:3234} INFO - Creating ORM DAG for consume_1_or_2_with_dataset_expressions
[2024-09-05T00:04:27.711+0000] {logging_mixin.py:190} INFO - [2024-09-05T00:04:27.711+0000] {dag.py:3234} INFO - Creating ORM DAG for consume_1_or_both_2_and_3_with_dataset_expressions
[2024-09-05T00:04:27.720+0000] {logging_mixin.py:190} INFO - [2024-09-05T00:04:27.719+0000] {dag.py:3234} INFO - Creating ORM DAG for dataset_consumes_1
[2024-09-05T00:04:27.723+0000] {logging_mixin.py:190} INFO - [2024-09-05T00:04:27.722+0000] {dag.py:3234} INFO - Creating ORM DAG for conditional_dataset_and_time_based_timetable
[2024-09-05T00:04:27.728+0000] {logging_mixin.py:190} INFO - [2024-09-05T00:04:27.728+0000] {dag.py:3234} INFO - Creating ORM DAG for dataset_produces_1
[2024-09-05T00:04:27.834+0000] {logging_mixin.py:190} INFO - [2024-09-05T00:04:27.833+0000] {dag.py:4138} INFO - Setting next_dagrun for conditional_dataset_and_time_based_timetable to 2024-09-04 01:00:00+00:00, run_after=2024-09-04 01:00:00+00:00
[2024-09-05T00:04:27.850+0000] {logging_mixin.py:190} INFO - [2024-09-05T00:04:27.849+0000] {dag.py:4138} INFO - Setting next_dagrun for consume_1_and_2_with_dataset_expressions to None, run_after=None
[2024-09-05T00:04:27.867+0000] {logging_mixin.py:190} INFO - [2024-09-05T00:04:27.866+0000] {dag.py:4138} INFO - Setting next_dagrun for consume_1_or_2_with_dataset_expressions to None, run_after=None
[2024-09-05T00:04:27.870+0000] {logging_mixin.py:190} INFO - [2024-09-05T00:04:27.869+0000] {dag.py:4138} INFO - Setting next_dagrun for consume_1_or_both_2_and_3_with_dataset_expressions to None, run_after=None
[2024-09-05T00:04:27.882+0000] {logging_mixin.py:190} INFO - [2024-09-05T00:04:27.881+0000] {dag.py:4138} INFO - Setting next_dagrun for dataset_consumes_1 to None, run_after=None
[2024-09-05T00:04:27.885+0000] {logging_mixin.py:190} INFO - [2024-09-05T00:04:27.885+0000] {dag.py:4138} INFO - Setting next_dagrun for dataset_consumes_1_and_2 to None, run_after=None
[2024-09-05T00:04:27.889+0000] {logging_mixin.py:190} INFO - [2024-09-05T00:04:27.888+0000] {dag.py:4138} INFO - Setting next_dagrun for dataset_consumes_1_never_scheduled to None, run_after=None
[2024-09-05T00:04:27.903+0000] {logging_mixin.py:190} INFO - [2024-09-05T00:04:27.902+0000] {dag.py:4138} INFO - Setting next_dagrun for dataset_consumes_unknown_never_scheduled to None, run_after=None
[2024-09-05T00:04:27.911+0000] {logging_mixin.py:190} INFO - [2024-09-05T00:04:27.911+0000] {dag.py:4138} INFO - Setting next_dagrun for dataset_produces_1 to 2024-09-04 00:00:00+00:00, run_after=2024-09-05 00:00:00+00:00
[2024-09-05T00:04:27.922+0000] {logging_mixin.py:190} INFO - [2024-09-05T00:04:27.922+0000] {dag.py:4138} INFO - Setting next_dagrun for dataset_produces_2 to None, run_after=None
[2024-09-05T00:04:28.368+0000] {processor.py:208} INFO - Processing /home/airflow/.local/lib/python3.12/site-packages/airflow/example_dags/example_datasets.py took 3.938 seconds
[2024-09-05T00:05:06.281+0000] {processor.py:186} INFO - Started process (PID=198) to work on /home/airflow/.local/lib/python3.12/site-packages/airflow/example_dags/example_datasets.py
[2024-09-05T00:05:06.285+0000] {processor.py:914} INFO - Processing file /home/airflow/.local/lib/python3.12/site-packages/airflow/example_dags/example_datasets.py for tasks to queue
[2024-09-05T00:05:06.300+0000] {logging_mixin.py:190} INFO - [2024-09-05T00:05:06.298+0000] {dagbag.py:587} INFO - Filling up the DagBag from /home/airflow/.local/lib/python3.12/site-packages/airflow/example_dags/example_datasets.py
[2024-09-05T00:05:07.312+0000] {processor.py:925} INFO - DAG(s) 'conditional_dataset_and_time_based_timetable', 'consume_1_or_both_2_and_3_with_dataset_expressions', 'dataset_produces_1', 'dataset_consumes_1_never_scheduled', 'dataset_produces_2', 'dataset_consumes_1', 'dataset_consumes_1_and_2', 'dataset_consumes_unknown_never_scheduled', 'consume_1_and_2_with_dataset_expressions', 'consume_1_or_2_with_dataset_expressions' retrieved from /home/airflow/.local/lib/python3.12/site-packages/airflow/example_dags/example_datasets.py
[2024-09-05T00:05:07.580+0000] {logging_mixin.py:190} INFO - [2024-09-05T00:05:07.579+0000] {dag.py:3211} INFO - Sync 10 DAGs
[2024-09-05T00:05:07.782+0000] {logging_mixin.py:190} INFO - [2024-09-05T00:05:07.781+0000] {dag.py:4138} INFO - Setting next_dagrun for conditional_dataset_and_time_based_timetable to 2024-09-04 01:00:00+00:00, run_after=2024-09-04 01:00:00+00:00
[2024-09-05T00:05:07.804+0000] {logging_mixin.py:190} INFO - [2024-09-05T00:05:07.804+0000] {dag.py:4138} INFO - Setting next_dagrun for consume_1_and_2_with_dataset_expressions to None, run_after=None
[2024-09-05T00:05:07.813+0000] {logging_mixin.py:190} INFO - [2024-09-05T00:05:07.813+0000] {dag.py:4138} INFO - Setting next_dagrun for consume_1_or_2_with_dataset_expressions to None, run_after=None
[2024-09-05T00:05:07.820+0000] {logging_mixin.py:190} INFO - [2024-09-05T00:05:07.820+0000] {dag.py:4138} INFO - Setting next_dagrun for consume_1_or_both_2_and_3_with_dataset_expressions to None, run_after=None
[2024-09-05T00:05:07.829+0000] {logging_mixin.py:190} INFO - [2024-09-05T00:05:07.826+0000] {dag.py:4138} INFO - Setting next_dagrun for dataset_consumes_1 to None, run_after=None
[2024-09-05T00:05:07.840+0000] {logging_mixin.py:190} INFO - [2024-09-05T00:05:07.839+0000] {dag.py:4138} INFO - Setting next_dagrun for dataset_consumes_1_and_2 to None, run_after=None
[2024-09-05T00:05:07.858+0000] {logging_mixin.py:190} INFO - [2024-09-05T00:05:07.857+0000] {dag.py:4138} INFO - Setting next_dagrun for dataset_consumes_1_never_scheduled to None, run_after=None
[2024-09-05T00:05:07.864+0000] {logging_mixin.py:190} INFO - [2024-09-05T00:05:07.863+0000] {dag.py:4138} INFO - Setting next_dagrun for dataset_consumes_unknown_never_scheduled to None, run_after=None
[2024-09-05T00:05:07.892+0000] {logging_mixin.py:190} INFO - [2024-09-05T00:05:07.891+0000] {dag.py:4138} INFO - Setting next_dagrun for dataset_produces_1 to 2024-09-04 00:00:00+00:00, run_after=2024-09-05 00:00:00+00:00
[2024-09-05T00:05:07.909+0000] {logging_mixin.py:190} INFO - [2024-09-05T00:05:07.906+0000] {dag.py:4138} INFO - Setting next_dagrun for dataset_produces_2 to None, run_after=None
[2024-09-05T00:05:08.140+0000] {processor.py:208} INFO - Processing /home/airflow/.local/lib/python3.12/site-packages/airflow/example_dags/example_datasets.py took 1.931 seconds
[2024-09-05T00:05:41.347+0000] {processor.py:186} INFO - Started process (PID=262) to work on /home/airflow/.local/lib/python3.12/site-packages/airflow/example_dags/example_datasets.py
[2024-09-05T00:05:41.368+0000] {processor.py:914} INFO - Processing file /home/airflow/.local/lib/python3.12/site-packages/airflow/example_dags/example_datasets.py for tasks to queue
[2024-09-05T00:05:41.386+0000] {logging_mixin.py:190} INFO - [2024-09-05T00:05:41.384+0000] {dagbag.py:587} INFO - Filling up the DagBag from /home/airflow/.local/lib/python3.12/site-packages/airflow/example_dags/example_datasets.py
[2024-09-05T00:13:44.155+0000] {processor.py:186} INFO - Started process (PID=125) to work on /home/airflow/.local/lib/python3.12/site-packages/airflow/example_dags/example_datasets.py
[2024-09-05T00:13:44.157+0000] {processor.py:914} INFO - Processing file /home/airflow/.local/lib/python3.12/site-packages/airflow/example_dags/example_datasets.py for tasks to queue
[2024-09-05T00:13:44.163+0000] {logging_mixin.py:190} INFO - [2024-09-05T00:13:44.161+0000] {dagbag.py:587} INFO - Filling up the DagBag from /home/airflow/.local/lib/python3.12/site-packages/airflow/example_dags/example_datasets.py
[2024-09-05T00:13:44.651+0000] {processor.py:925} INFO - DAG(s) 'consume_1_and_2_with_dataset_expressions', 'consume_1_or_2_with_dataset_expressions', 'dataset_produces_1', 'dataset_consumes_1_never_scheduled', 'dataset_consumes_1_and_2', 'dataset_consumes_1', 'consume_1_or_both_2_and_3_with_dataset_expressions', 'dataset_produces_2', 'conditional_dataset_and_time_based_timetable', 'dataset_consumes_unknown_never_scheduled' retrieved from /home/airflow/.local/lib/python3.12/site-packages/airflow/example_dags/example_datasets.py
[2024-09-05T00:13:44.784+0000] {logging_mixin.py:190} INFO - [2024-09-05T00:13:44.783+0000] {dag.py:3211} INFO - Sync 10 DAGs
[2024-09-05T00:13:44.924+0000] {logging_mixin.py:190} INFO - [2024-09-05T00:13:44.918+0000] {dag.py:4138} INFO - Setting next_dagrun for conditional_dataset_and_time_based_timetable to 2024-09-04 01:00:00+00:00, run_after=2024-09-04 01:00:00+00:00
[2024-09-05T00:13:44.962+0000] {logging_mixin.py:190} INFO - [2024-09-05T00:13:44.962+0000] {dag.py:4138} INFO - Setting next_dagrun for consume_1_and_2_with_dataset_expressions to None, run_after=None
[2024-09-05T00:13:44.968+0000] {logging_mixin.py:190} INFO - [2024-09-05T00:13:44.967+0000] {dag.py:4138} INFO - Setting next_dagrun for consume_1_or_2_with_dataset_expressions to None, run_after=None
[2024-09-05T00:13:44.982+0000] {logging_mixin.py:190} INFO - [2024-09-05T00:13:44.981+0000] {dag.py:4138} INFO - Setting next_dagrun for consume_1_or_both_2_and_3_with_dataset_expressions to None, run_after=None
[2024-09-05T00:13:44.989+0000] {logging_mixin.py:190} INFO - [2024-09-05T00:13:44.988+0000] {dag.py:4138} INFO - Setting next_dagrun for dataset_consumes_1 to None, run_after=None
[2024-09-05T00:13:44.999+0000] {logging_mixin.py:190} INFO - [2024-09-05T00:13:44.998+0000] {dag.py:4138} INFO - Setting next_dagrun for dataset_consumes_1_and_2 to None, run_after=None
[2024-09-05T00:13:45.004+0000] {logging_mixin.py:190} INFO - [2024-09-05T00:13:45.003+0000] {dag.py:4138} INFO - Setting next_dagrun for dataset_consumes_1_never_scheduled to None, run_after=None
[2024-09-05T00:13:45.019+0000] {logging_mixin.py:190} INFO - [2024-09-05T00:13:45.019+0000] {dag.py:4138} INFO - Setting next_dagrun for dataset_consumes_unknown_never_scheduled to None, run_after=None
[2024-09-05T00:13:45.033+0000] {logging_mixin.py:190} INFO - [2024-09-05T00:13:45.032+0000] {dag.py:4138} INFO - Setting next_dagrun for dataset_produces_1 to 2024-09-04 00:00:00+00:00, run_after=2024-09-05 00:00:00+00:00
[2024-09-05T00:13:45.037+0000] {logging_mixin.py:190} INFO - [2024-09-05T00:13:45.037+0000] {dag.py:4138} INFO - Setting next_dagrun for dataset_produces_2 to None, run_after=None
[2024-09-05T00:13:45.261+0000] {processor.py:208} INFO - Processing /home/airflow/.local/lib/python3.12/site-packages/airflow/example_dags/example_datasets.py took 1.129 seconds
[2024-09-05T00:14:28.822+0000] {processor.py:186} INFO - Started process (PID=204) to work on /home/airflow/.local/lib/python3.12/site-packages/airflow/example_dags/example_datasets.py
[2024-09-05T00:14:28.825+0000] {processor.py:914} INFO - Processing file /home/airflow/.local/lib/python3.12/site-packages/airflow/example_dags/example_datasets.py for tasks to queue
[2024-09-05T00:14:28.829+0000] {logging_mixin.py:190} INFO - [2024-09-05T00:14:28.827+0000] {dagbag.py:587} INFO - Filling up the DagBag from /home/airflow/.local/lib/python3.12/site-packages/airflow/example_dags/example_datasets.py
[2024-09-05T00:14:29.318+0000] {processor.py:925} INFO - DAG(s) 'consume_1_and_2_with_dataset_expressions', 'dataset_produces_1', 'dataset_consumes_unknown_never_scheduled', 'consume_1_or_2_with_dataset_expressions', 'dataset_consumes_1_never_scheduled', 'dataset_consumes_1_and_2', 'consume_1_or_both_2_and_3_with_dataset_expressions', 'dataset_consumes_1', 'conditional_dataset_and_time_based_timetable', 'dataset_produces_2' retrieved from /home/airflow/.local/lib/python3.12/site-packages/airflow/example_dags/example_datasets.py
[2024-09-05T00:14:29.453+0000] {logging_mixin.py:190} INFO - [2024-09-05T00:14:29.452+0000] {dag.py:3211} INFO - Sync 10 DAGs
[2024-09-05T00:14:29.522+0000] {logging_mixin.py:190} INFO - [2024-09-05T00:14:29.521+0000] {dag.py:4138} INFO - Setting next_dagrun for conditional_dataset_and_time_based_timetable to 2024-09-04 01:00:00+00:00, run_after=2024-09-04 01:00:00+00:00
[2024-09-05T00:14:29.539+0000] {logging_mixin.py:190} INFO - [2024-09-05T00:14:29.538+0000] {dag.py:4138} INFO - Setting next_dagrun for consume_1_and_2_with_dataset_expressions to None, run_after=None
[2024-09-05T00:14:29.546+0000] {logging_mixin.py:190} INFO - [2024-09-05T00:14:29.545+0000] {dag.py:4138} INFO - Setting next_dagrun for consume_1_or_2_with_dataset_expressions to None, run_after=None
[2024-09-05T00:14:29.551+0000] {logging_mixin.py:190} INFO - [2024-09-05T00:14:29.550+0000] {dag.py:4138} INFO - Setting next_dagrun for consume_1_or_both_2_and_3_with_dataset_expressions to None, run_after=None
[2024-09-05T00:14:29.560+0000] {logging_mixin.py:190} INFO - [2024-09-05T00:14:29.559+0000] {dag.py:4138} INFO - Setting next_dagrun for dataset_consumes_1 to None, run_after=None
[2024-09-05T00:14:29.567+0000] {logging_mixin.py:190} INFO - [2024-09-05T00:14:29.566+0000] {dag.py:4138} INFO - Setting next_dagrun for dataset_consumes_1_and_2 to None, run_after=None
[2024-09-05T00:14:29.572+0000] {logging_mixin.py:190} INFO - [2024-09-05T00:14:29.571+0000] {dag.py:4138} INFO - Setting next_dagrun for dataset_consumes_1_never_scheduled to None, run_after=None
[2024-09-05T00:14:29.577+0000] {logging_mixin.py:190} INFO - [2024-09-05T00:14:29.576+0000] {dag.py:4138} INFO - Setting next_dagrun for dataset_consumes_unknown_never_scheduled to None, run_after=None
[2024-09-05T00:14:29.586+0000] {logging_mixin.py:190} INFO - [2024-09-05T00:14:29.586+0000] {dag.py:4138} INFO - Setting next_dagrun for dataset_produces_1 to 2024-09-04 00:00:00+00:00, run_after=2024-09-05 00:00:00+00:00
[2024-09-05T00:14:29.592+0000] {logging_mixin.py:190} INFO - [2024-09-05T00:14:29.591+0000] {dag.py:4138} INFO - Setting next_dagrun for dataset_produces_2 to None, run_after=None
[2024-09-05T00:14:29.720+0000] {processor.py:208} INFO - Processing /home/airflow/.local/lib/python3.12/site-packages/airflow/example_dags/example_datasets.py took 0.921 seconds
[2024-09-05T00:14:59.909+0000] {processor.py:186} INFO - Started process (PID=279) to work on /home/airflow/.local/lib/python3.12/site-packages/airflow/example_dags/example_datasets.py
[2024-09-05T00:14:59.911+0000] {processor.py:914} INFO - Processing file /home/airflow/.local/lib/python3.12/site-packages/airflow/example_dags/example_datasets.py for tasks to queue
[2024-09-05T00:14:59.915+0000] {logging_mixin.py:190} INFO - [2024-09-05T00:14:59.914+0000] {dagbag.py:587} INFO - Filling up the DagBag from /home/airflow/.local/lib/python3.12/site-packages/airflow/example_dags/example_datasets.py
[2024-09-05T00:15:00.995+0000] {processor.py:925} INFO - DAG(s) 'dataset_produces_2', 'dataset_consumes_1', 'consume_1_or_2_with_dataset_expressions', 'consume_1_or_both_2_and_3_with_dataset_expressions', 'dataset_consumes_unknown_never_scheduled', 'consume_1_and_2_with_dataset_expressions', 'dataset_produces_1', 'dataset_consumes_1_never_scheduled', 'dataset_consumes_1_and_2', 'conditional_dataset_and_time_based_timetable' retrieved from /home/airflow/.local/lib/python3.12/site-packages/airflow/example_dags/example_datasets.py
[2024-09-05T00:15:01.219+0000] {logging_mixin.py:190} INFO - [2024-09-05T00:15:01.218+0000] {dag.py:3211} INFO - Sync 10 DAGs
[2024-09-05T00:15:01.350+0000] {logging_mixin.py:190} INFO - [2024-09-05T00:15:01.349+0000] {dag.py:4138} INFO - Setting next_dagrun for conditional_dataset_and_time_based_timetable to 2024-09-04 01:00:00+00:00, run_after=2024-09-04 01:00:00+00:00
[2024-09-05T00:15:01.362+0000] {logging_mixin.py:190} INFO - [2024-09-05T00:15:01.361+0000] {dag.py:4138} INFO - Setting next_dagrun for consume_1_and_2_with_dataset_expressions to None, run_after=None
[2024-09-05T00:15:01.370+0000] {logging_mixin.py:190} INFO - [2024-09-05T00:15:01.370+0000] {dag.py:4138} INFO - Setting next_dagrun for consume_1_or_2_with_dataset_expressions to None, run_after=None
[2024-09-05T00:15:01.376+0000] {logging_mixin.py:190} INFO - [2024-09-05T00:15:01.375+0000] {dag.py:4138} INFO - Setting next_dagrun for consume_1_or_both_2_and_3_with_dataset_expressions to None, run_after=None
[2024-09-05T00:15:01.380+0000] {logging_mixin.py:190} INFO - [2024-09-05T00:15:01.379+0000] {dag.py:4138} INFO - Setting next_dagrun for dataset_consumes_1 to None, run_after=None
[2024-09-05T00:15:01.383+0000] {logging_mixin.py:190} INFO - [2024-09-05T00:15:01.383+0000] {dag.py:4138} INFO - Setting next_dagrun for dataset_consumes_1_and_2 to None, run_after=None
[2024-09-05T00:15:01.387+0000] {logging_mixin.py:190} INFO - [2024-09-05T00:15:01.387+0000] {dag.py:4138} INFO - Setting next_dagrun for dataset_consumes_1_never_scheduled to None, run_after=None
[2024-09-05T00:15:01.392+0000] {logging_mixin.py:190} INFO - [2024-09-05T00:15:01.392+0000] {dag.py:4138} INFO - Setting next_dagrun for dataset_consumes_unknown_never_scheduled to None, run_after=None
[2024-09-05T00:15:01.414+0000] {logging_mixin.py:190} INFO - [2024-09-05T00:15:01.414+0000] {dag.py:4138} INFO - Setting next_dagrun for dataset_produces_1 to 2024-09-04 00:00:00+00:00, run_after=2024-09-05 00:00:00+00:00
[2024-09-05T00:15:01.419+0000] {logging_mixin.py:190} INFO - [2024-09-05T00:15:01.418+0000] {dag.py:4138} INFO - Setting next_dagrun for dataset_produces_2 to None, run_after=None
[2024-09-05T00:15:01.550+0000] {processor.py:208} INFO - Processing /home/airflow/.local/lib/python3.12/site-packages/airflow/example_dags/example_datasets.py took 1.660 seconds
[2024-09-05T00:32:43.580+0000] {processor.py:186} INFO - Started process (PID=145) to work on /home/airflow/.local/lib/python3.12/site-packages/airflow/example_dags/example_datasets.py
[2024-09-05T00:32:43.584+0000] {processor.py:914} INFO - Processing file /home/airflow/.local/lib/python3.12/site-packages/airflow/example_dags/example_datasets.py for tasks to queue
[2024-09-05T00:32:43.593+0000] {logging_mixin.py:190} INFO - [2024-09-05T00:32:43.591+0000] {dagbag.py:587} INFO - Filling up the DagBag from /home/airflow/.local/lib/python3.12/site-packages/airflow/example_dags/example_datasets.py
[2024-09-05T00:32:43.869+0000] {processor.py:925} INFO - DAG(s) 'consume_1_or_2_with_dataset_expressions', 'dataset_consumes_1', 'dataset_produces_2', 'dataset_consumes_1_never_scheduled', 'dataset_consumes_unknown_never_scheduled', 'dataset_produces_1', 'consume_1_or_both_2_and_3_with_dataset_expressions', 'conditional_dataset_and_time_based_timetable', 'consume_1_and_2_with_dataset_expressions', 'dataset_consumes_1_and_2' retrieved from /home/airflow/.local/lib/python3.12/site-packages/airflow/example_dags/example_datasets.py
[2024-09-05T00:32:43.971+0000] {logging_mixin.py:190} INFO - [2024-09-05T00:32:43.971+0000] {dag.py:3211} INFO - Sync 10 DAGs
[2024-09-05T00:32:44.030+0000] {logging_mixin.py:190} INFO - [2024-09-05T00:32:44.029+0000] {dag.py:4138} INFO - Setting next_dagrun for conditional_dataset_and_time_based_timetable to 2024-09-04 01:00:00+00:00, run_after=2024-09-04 01:00:00+00:00
[2024-09-05T00:32:44.038+0000] {logging_mixin.py:190} INFO - [2024-09-05T00:32:44.037+0000] {dag.py:4138} INFO - Setting next_dagrun for consume_1_and_2_with_dataset_expressions to None, run_after=None
[2024-09-05T00:32:44.041+0000] {logging_mixin.py:190} INFO - [2024-09-05T00:32:44.041+0000] {dag.py:4138} INFO - Setting next_dagrun for consume_1_or_2_with_dataset_expressions to None, run_after=None
[2024-09-05T00:32:44.045+0000] {logging_mixin.py:190} INFO - [2024-09-05T00:32:44.044+0000] {dag.py:4138} INFO - Setting next_dagrun for consume_1_or_both_2_and_3_with_dataset_expressions to None, run_after=None
[2024-09-05T00:32:44.048+0000] {logging_mixin.py:190} INFO - [2024-09-05T00:32:44.048+0000] {dag.py:4138} INFO - Setting next_dagrun for dataset_consumes_1 to None, run_after=None
[2024-09-05T00:32:44.051+0000] {logging_mixin.py:190} INFO - [2024-09-05T00:32:44.051+0000] {dag.py:4138} INFO - Setting next_dagrun for dataset_consumes_1_and_2 to None, run_after=None
[2024-09-05T00:32:44.055+0000] {logging_mixin.py:190} INFO - [2024-09-05T00:32:44.054+0000] {dag.py:4138} INFO - Setting next_dagrun for dataset_consumes_1_never_scheduled to None, run_after=None
[2024-09-05T00:32:44.060+0000] {logging_mixin.py:190} INFO - [2024-09-05T00:32:44.059+0000] {dag.py:4138} INFO - Setting next_dagrun for dataset_consumes_unknown_never_scheduled to None, run_after=None
[2024-09-05T00:32:44.068+0000] {logging_mixin.py:190} INFO - [2024-09-05T00:32:44.067+0000] {dag.py:4138} INFO - Setting next_dagrun for dataset_produces_1 to 2024-09-04 00:00:00+00:00, run_after=2024-09-05 00:00:00+00:00
[2024-09-05T00:32:44.071+0000] {logging_mixin.py:190} INFO - [2024-09-05T00:32:44.071+0000] {dag.py:4138} INFO - Setting next_dagrun for dataset_produces_2 to None, run_after=None
[2024-09-05T00:32:44.147+0000] {processor.py:208} INFO - Processing /home/airflow/.local/lib/python3.12/site-packages/airflow/example_dags/example_datasets.py took 0.589 seconds
[2024-09-05T00:33:14.309+0000] {processor.py:186} INFO - Started process (PID=210) to work on /home/airflow/.local/lib/python3.12/site-packages/airflow/example_dags/example_datasets.py
[2024-09-05T00:33:14.311+0000] {processor.py:914} INFO - Processing file /home/airflow/.local/lib/python3.12/site-packages/airflow/example_dags/example_datasets.py for tasks to queue
[2024-09-05T00:33:14.313+0000] {logging_mixin.py:190} INFO - [2024-09-05T00:33:14.313+0000] {dagbag.py:587} INFO - Filling up the DagBag from /home/airflow/.local/lib/python3.12/site-packages/airflow/example_dags/example_datasets.py
[2024-09-05T00:33:14.537+0000] {processor.py:925} INFO - DAG(s) 'consume_1_and_2_with_dataset_expressions', 'dataset_consumes_1', 'conditional_dataset_and_time_based_timetable', 'dataset_consumes_1_never_scheduled', 'consume_1_or_2_with_dataset_expressions', 'consume_1_or_both_2_and_3_with_dataset_expressions', 'dataset_consumes_unknown_never_scheduled', 'dataset_produces_1', 'dataset_consumes_1_and_2', 'dataset_produces_2' retrieved from /home/airflow/.local/lib/python3.12/site-packages/airflow/example_dags/example_datasets.py
[2024-09-05T00:33:14.597+0000] {logging_mixin.py:190} INFO - [2024-09-05T00:33:14.596+0000] {dag.py:3211} INFO - Sync 10 DAGs
[2024-09-05T00:33:14.632+0000] {logging_mixin.py:190} INFO - [2024-09-05T00:33:14.631+0000] {dag.py:4138} INFO - Setting next_dagrun for conditional_dataset_and_time_based_timetable to 2024-09-04 01:00:00+00:00, run_after=2024-09-04 01:00:00+00:00
[2024-09-05T00:33:14.639+0000] {logging_mixin.py:190} INFO - [2024-09-05T00:33:14.638+0000] {dag.py:4138} INFO - Setting next_dagrun for consume_1_and_2_with_dataset_expressions to None, run_after=None
[2024-09-05T00:33:14.643+0000] {logging_mixin.py:190} INFO - [2024-09-05T00:33:14.643+0000] {dag.py:4138} INFO - Setting next_dagrun for consume_1_or_2_with_dataset_expressions to None, run_after=None
[2024-09-05T00:33:14.647+0000] {logging_mixin.py:190} INFO - [2024-09-05T00:33:14.646+0000] {dag.py:4138} INFO - Setting next_dagrun for consume_1_or_both_2_and_3_with_dataset_expressions to None, run_after=None
[2024-09-05T00:33:14.650+0000] {logging_mixin.py:190} INFO - [2024-09-05T00:33:14.650+0000] {dag.py:4138} INFO - Setting next_dagrun for dataset_consumes_1 to None, run_after=None
[2024-09-05T00:33:14.654+0000] {logging_mixin.py:190} INFO - [2024-09-05T00:33:14.654+0000] {dag.py:4138} INFO - Setting next_dagrun for dataset_consumes_1_and_2 to None, run_after=None
[2024-09-05T00:33:14.658+0000] {logging_mixin.py:190} INFO - [2024-09-05T00:33:14.658+0000] {dag.py:4138} INFO - Setting next_dagrun for dataset_consumes_1_never_scheduled to None, run_after=None
[2024-09-05T00:33:14.665+0000] {logging_mixin.py:190} INFO - [2024-09-05T00:33:14.663+0000] {dag.py:4138} INFO - Setting next_dagrun for dataset_consumes_unknown_never_scheduled to None, run_after=None
[2024-09-05T00:33:14.672+0000] {logging_mixin.py:190} INFO - [2024-09-05T00:33:14.672+0000] {dag.py:4138} INFO - Setting next_dagrun for dataset_produces_1 to 2024-09-04 00:00:00+00:00, run_after=2024-09-05 00:00:00+00:00
[2024-09-05T00:33:14.677+0000] {logging_mixin.py:190} INFO - [2024-09-05T00:33:14.676+0000] {dag.py:4138} INFO - Setting next_dagrun for dataset_produces_2 to None, run_after=None
[2024-09-05T00:33:14.743+0000] {processor.py:208} INFO - Processing /home/airflow/.local/lib/python3.12/site-packages/airflow/example_dags/example_datasets.py took 0.441 seconds
[2024-09-05T00:33:44.984+0000] {processor.py:186} INFO - Started process (PID=273) to work on /home/airflow/.local/lib/python3.12/site-packages/airflow/example_dags/example_datasets.py
[2024-09-05T00:33:44.988+0000] {processor.py:914} INFO - Processing file /home/airflow/.local/lib/python3.12/site-packages/airflow/example_dags/example_datasets.py for tasks to queue
[2024-09-05T00:33:44.992+0000] {logging_mixin.py:190} INFO - [2024-09-05T00:33:44.991+0000] {dagbag.py:587} INFO - Filling up the DagBag from /home/airflow/.local/lib/python3.12/site-packages/airflow/example_dags/example_datasets.py
[2024-09-05T00:33:45.320+0000] {processor.py:925} INFO - DAG(s) 'consume_1_or_both_2_and_3_with_dataset_expressions', 'dataset_produces_1', 'conditional_dataset_and_time_based_timetable', 'dataset_consumes_1_never_scheduled', 'dataset_consumes_1_and_2', 'dataset_consumes_1', 'dataset_consumes_unknown_never_scheduled', 'dataset_produces_2', 'consume_1_and_2_with_dataset_expressions', 'consume_1_or_2_with_dataset_expressions' retrieved from /home/airflow/.local/lib/python3.12/site-packages/airflow/example_dags/example_datasets.py
[2024-09-05T00:33:45.440+0000] {logging_mixin.py:190} INFO - [2024-09-05T00:33:45.438+0000] {dag.py:3211} INFO - Sync 10 DAGs
[2024-09-05T00:33:45.546+0000] {logging_mixin.py:190} INFO - [2024-09-05T00:33:45.545+0000] {dag.py:4138} INFO - Setting next_dagrun for conditional_dataset_and_time_based_timetable to 2024-09-04 01:00:00+00:00, run_after=2024-09-04 01:00:00+00:00
[2024-09-05T00:33:45.558+0000] {logging_mixin.py:190} INFO - [2024-09-05T00:33:45.557+0000] {dag.py:4138} INFO - Setting next_dagrun for consume_1_and_2_with_dataset_expressions to None, run_after=None
[2024-09-05T00:33:45.563+0000] {logging_mixin.py:190} INFO - [2024-09-05T00:33:45.562+0000] {dag.py:4138} INFO - Setting next_dagrun for consume_1_or_2_with_dataset_expressions to None, run_after=None
[2024-09-05T00:33:45.566+0000] {logging_mixin.py:190} INFO - [2024-09-05T00:33:45.566+0000] {dag.py:4138} INFO - Setting next_dagrun for consume_1_or_both_2_and_3_with_dataset_expressions to None, run_after=None
[2024-09-05T00:33:45.570+0000] {logging_mixin.py:190} INFO - [2024-09-05T00:33:45.569+0000] {dag.py:4138} INFO - Setting next_dagrun for dataset_consumes_1 to None, run_after=None
[2024-09-05T00:33:45.576+0000] {logging_mixin.py:190} INFO - [2024-09-05T00:33:45.575+0000] {dag.py:4138} INFO - Setting next_dagrun for dataset_consumes_1_and_2 to None, run_after=None
[2024-09-05T00:33:45.580+0000] {logging_mixin.py:190} INFO - [2024-09-05T00:33:45.579+0000] {dag.py:4138} INFO - Setting next_dagrun for dataset_consumes_1_never_scheduled to None, run_after=None
[2024-09-05T00:33:45.583+0000] {logging_mixin.py:190} INFO - [2024-09-05T00:33:45.583+0000] {dag.py:4138} INFO - Setting next_dagrun for dataset_consumes_unknown_never_scheduled to None, run_after=None
[2024-09-05T00:33:45.590+0000] {logging_mixin.py:190} INFO - [2024-09-05T00:33:45.590+0000] {dag.py:4138} INFO - Setting next_dagrun for dataset_produces_1 to 2024-09-04 00:00:00+00:00, run_after=2024-09-05 00:00:00+00:00
[2024-09-05T00:33:45.596+0000] {logging_mixin.py:190} INFO - [2024-09-05T00:33:45.594+0000] {dag.py:4138} INFO - Setting next_dagrun for dataset_produces_2 to None, run_after=None
[2024-09-05T00:33:45.741+0000] {processor.py:208} INFO - Processing /home/airflow/.local/lib/python3.12/site-packages/airflow/example_dags/example_datasets.py took 0.773 seconds
[2024-09-05T00:36:00.560+0000] {processor.py:186} INFO - Started process (PID=352) to work on /home/airflow/.local/lib/python3.12/site-packages/airflow/example_dags/example_datasets.py
[2024-09-05T00:36:00.637+0000] {processor.py:914} INFO - Processing file /home/airflow/.local/lib/python3.12/site-packages/airflow/example_dags/example_datasets.py for tasks to queue
[2024-09-05T00:36:00.644+0000] {logging_mixin.py:190} INFO - [2024-09-05T00:36:00.643+0000] {dagbag.py:587} INFO - Filling up the DagBag from /home/airflow/.local/lib/python3.12/site-packages/airflow/example_dags/example_datasets.py
[2024-09-05T00:36:02.275+0000] {processor.py:925} INFO - DAG(s) 'dataset_consumes_1_and_2', 'consume_1_or_both_2_and_3_with_dataset_expressions', 'dataset_produces_1', 'consume_1_and_2_with_dataset_expressions', 'dataset_consumes_1', 'dataset_produces_2', 'consume_1_or_2_with_dataset_expressions', 'dataset_consumes_1_never_scheduled', 'dataset_consumes_unknown_never_scheduled', 'conditional_dataset_and_time_based_timetable' retrieved from /home/airflow/.local/lib/python3.12/site-packages/airflow/example_dags/example_datasets.py
[2024-09-05T00:36:02.612+0000] {logging_mixin.py:190} INFO - [2024-09-05T00:36:02.600+0000] {dag.py:3211} INFO - Sync 10 DAGs
[2024-09-05T00:36:02.789+0000] {logging_mixin.py:190} INFO - [2024-09-05T00:36:02.787+0000] {dag.py:4138} INFO - Setting next_dagrun for conditional_dataset_and_time_based_timetable to 2024-09-04 01:00:00+00:00, run_after=2024-09-04 01:00:00+00:00
[2024-09-05T00:36:02.810+0000] {logging_mixin.py:190} INFO - [2024-09-05T00:36:02.810+0000] {dag.py:4138} INFO - Setting next_dagrun for consume_1_and_2_with_dataset_expressions to None, run_after=None
[2024-09-05T00:36:02.824+0000] {logging_mixin.py:190} INFO - [2024-09-05T00:36:02.823+0000] {dag.py:4138} INFO - Setting next_dagrun for consume_1_or_2_with_dataset_expressions to None, run_after=None
[2024-09-05T00:36:02.828+0000] {logging_mixin.py:190} INFO - [2024-09-05T00:36:02.827+0000] {dag.py:4138} INFO - Setting next_dagrun for consume_1_or_both_2_and_3_with_dataset_expressions to None, run_after=None
[2024-09-05T00:36:02.834+0000] {logging_mixin.py:190} INFO - [2024-09-05T00:36:02.834+0000] {dag.py:4138} INFO - Setting next_dagrun for dataset_consumes_1 to None, run_after=None
[2024-09-05T00:36:02.840+0000] {logging_mixin.py:190} INFO - [2024-09-05T00:36:02.838+0000] {dag.py:4138} INFO - Setting next_dagrun for dataset_consumes_1_and_2 to None, run_after=None
[2024-09-05T00:36:02.863+0000] {logging_mixin.py:190} INFO - [2024-09-05T00:36:02.863+0000] {dag.py:4138} INFO - Setting next_dagrun for dataset_consumes_1_never_scheduled to None, run_after=None
[2024-09-05T00:36:02.871+0000] {logging_mixin.py:190} INFO - [2024-09-05T00:36:02.871+0000] {dag.py:4138} INFO - Setting next_dagrun for dataset_consumes_unknown_never_scheduled to None, run_after=None
[2024-09-05T00:36:02.887+0000] {logging_mixin.py:190} INFO - [2024-09-05T00:36:02.887+0000] {dag.py:4138} INFO - Setting next_dagrun for dataset_produces_1 to 2024-09-04 00:00:00+00:00, run_after=2024-09-05 00:00:00+00:00
[2024-09-05T00:36:02.893+0000] {logging_mixin.py:190} INFO - [2024-09-05T00:36:02.893+0000] {dag.py:4138} INFO - Setting next_dagrun for dataset_produces_2 to None, run_after=None
[2024-09-05T00:36:03.156+0000] {processor.py:208} INFO - Processing /home/airflow/.local/lib/python3.12/site-packages/airflow/example_dags/example_datasets.py took 2.629 seconds
[2024-09-05T00:36:33.658+0000] {processor.py:186} INFO - Started process (PID=417) to work on /home/airflow/.local/lib/python3.12/site-packages/airflow/example_dags/example_datasets.py
[2024-09-05T00:36:33.663+0000] {processor.py:914} INFO - Processing file /home/airflow/.local/lib/python3.12/site-packages/airflow/example_dags/example_datasets.py for tasks to queue
[2024-09-05T00:36:33.671+0000] {logging_mixin.py:190} INFO - [2024-09-05T00:36:33.669+0000] {dagbag.py:587} INFO - Filling up the DagBag from /home/airflow/.local/lib/python3.12/site-packages/airflow/example_dags/example_datasets.py
[2024-09-05T00:36:34.311+0000] {processor.py:925} INFO - DAG(s) 'dataset_consumes_unknown_never_scheduled', 'dataset_consumes_1_and_2', 'consume_1_or_both_2_and_3_with_dataset_expressions', 'dataset_consumes_1_never_scheduled', 'conditional_dataset_and_time_based_timetable', 'consume_1_or_2_with_dataset_expressions', 'dataset_produces_1', 'consume_1_and_2_with_dataset_expressions', 'dataset_consumes_1', 'dataset_produces_2' retrieved from /home/airflow/.local/lib/python3.12/site-packages/airflow/example_dags/example_datasets.py
[2024-09-05T00:36:34.450+0000] {logging_mixin.py:190} INFO - [2024-09-05T00:36:34.449+0000] {dag.py:3211} INFO - Sync 10 DAGs
[2024-09-05T00:36:34.555+0000] {logging_mixin.py:190} INFO - [2024-09-05T00:36:34.550+0000] {dag.py:4138} INFO - Setting next_dagrun for conditional_dataset_and_time_based_timetable to 2024-09-04 01:00:00+00:00, run_after=2024-09-04 01:00:00+00:00
[2024-09-05T00:36:34.564+0000] {logging_mixin.py:190} INFO - [2024-09-05T00:36:34.564+0000] {dag.py:4138} INFO - Setting next_dagrun for consume_1_and_2_with_dataset_expressions to None, run_after=None
[2024-09-05T00:36:34.575+0000] {logging_mixin.py:190} INFO - [2024-09-05T00:36:34.574+0000] {dag.py:4138} INFO - Setting next_dagrun for consume_1_or_2_with_dataset_expressions to None, run_after=None
[2024-09-05T00:36:34.582+0000] {logging_mixin.py:190} INFO - [2024-09-05T00:36:34.581+0000] {dag.py:4138} INFO - Setting next_dagrun for consume_1_or_both_2_and_3_with_dataset_expressions to None, run_after=None
[2024-09-05T00:36:34.588+0000] {logging_mixin.py:190} INFO - [2024-09-05T00:36:34.587+0000] {dag.py:4138} INFO - Setting next_dagrun for dataset_consumes_1 to None, run_after=None
[2024-09-05T00:36:34.596+0000] {logging_mixin.py:190} INFO - [2024-09-05T00:36:34.595+0000] {dag.py:4138} INFO - Setting next_dagrun for dataset_consumes_1_and_2 to None, run_after=None
[2024-09-05T00:36:34.601+0000] {logging_mixin.py:190} INFO - [2024-09-05T00:36:34.601+0000] {dag.py:4138} INFO - Setting next_dagrun for dataset_consumes_1_never_scheduled to None, run_after=None
[2024-09-05T00:36:34.606+0000] {logging_mixin.py:190} INFO - [2024-09-05T00:36:34.605+0000] {dag.py:4138} INFO - Setting next_dagrun for dataset_consumes_unknown_never_scheduled to None, run_after=None
[2024-09-05T00:36:34.615+0000] {logging_mixin.py:190} INFO - [2024-09-05T00:36:34.613+0000] {dag.py:4138} INFO - Setting next_dagrun for dataset_produces_1 to 2024-09-04 00:00:00+00:00, run_after=2024-09-05 00:00:00+00:00
[2024-09-05T00:36:34.619+0000] {logging_mixin.py:190} INFO - [2024-09-05T00:36:34.619+0000] {dag.py:4138} INFO - Setting next_dagrun for dataset_produces_2 to None, run_after=None
[2024-09-05T00:36:34.718+0000] {processor.py:208} INFO - Processing /home/airflow/.local/lib/python3.12/site-packages/airflow/example_dags/example_datasets.py took 1.079 seconds
[2024-09-05T00:37:05.427+0000] {processor.py:186} INFO - Started process (PID=481) to work on /home/airflow/.local/lib/python3.12/site-packages/airflow/example_dags/example_datasets.py
[2024-09-05T00:37:05.432+0000] {processor.py:914} INFO - Processing file /home/airflow/.local/lib/python3.12/site-packages/airflow/example_dags/example_datasets.py for tasks to queue
[2024-09-05T00:37:05.446+0000] {logging_mixin.py:190} INFO - [2024-09-05T00:37:05.445+0000] {dagbag.py:587} INFO - Filling up the DagBag from /home/airflow/.local/lib/python3.12/site-packages/airflow/example_dags/example_datasets.py
[2024-09-05T00:37:06.834+0000] {processor.py:925} INFO - DAG(s) 'conditional_dataset_and_time_based_timetable', 'dataset_consumes_1_never_scheduled', 'dataset_produces_2', 'consume_1_or_both_2_and_3_with_dataset_expressions', 'consume_1_and_2_with_dataset_expressions', 'dataset_consumes_unknown_never_scheduled', 'dataset_consumes_1', 'dataset_produces_1', 'consume_1_or_2_with_dataset_expressions', 'dataset_consumes_1_and_2' retrieved from /home/airflow/.local/lib/python3.12/site-packages/airflow/example_dags/example_datasets.py
[2024-09-05T00:37:07.271+0000] {logging_mixin.py:190} INFO - [2024-09-05T00:37:07.260+0000] {dag.py:3211} INFO - Sync 10 DAGs
[2024-09-05T00:37:07.529+0000] {logging_mixin.py:190} INFO - [2024-09-05T00:37:07.528+0000] {dag.py:4138} INFO - Setting next_dagrun for conditional_dataset_and_time_based_timetable to 2024-09-04 01:00:00+00:00, run_after=2024-09-04 01:00:00+00:00
[2024-09-05T00:37:07.560+0000] {logging_mixin.py:190} INFO - [2024-09-05T00:37:07.559+0000] {dag.py:4138} INFO - Setting next_dagrun for consume_1_and_2_with_dataset_expressions to None, run_after=None
[2024-09-05T00:37:07.570+0000] {logging_mixin.py:190} INFO - [2024-09-05T00:37:07.569+0000] {dag.py:4138} INFO - Setting next_dagrun for consume_1_or_2_with_dataset_expressions to None, run_after=None
[2024-09-05T00:37:07.586+0000] {logging_mixin.py:190} INFO - [2024-09-05T00:37:07.584+0000] {dag.py:4138} INFO - Setting next_dagrun for consume_1_or_both_2_and_3_with_dataset_expressions to None, run_after=None
[2024-09-05T00:37:07.620+0000] {logging_mixin.py:190} INFO - [2024-09-05T00:37:07.620+0000] {dag.py:4138} INFO - Setting next_dagrun for dataset_consumes_1 to None, run_after=None
[2024-09-05T00:37:07.636+0000] {logging_mixin.py:190} INFO - [2024-09-05T00:37:07.636+0000] {dag.py:4138} INFO - Setting next_dagrun for dataset_consumes_1_and_2 to None, run_after=None
[2024-09-05T00:37:07.643+0000] {logging_mixin.py:190} INFO - [2024-09-05T00:37:07.642+0000] {dag.py:4138} INFO - Setting next_dagrun for dataset_consumes_1_never_scheduled to None, run_after=None
[2024-09-05T00:37:07.657+0000] {logging_mixin.py:190} INFO - [2024-09-05T00:37:07.656+0000] {dag.py:4138} INFO - Setting next_dagrun for dataset_consumes_unknown_never_scheduled to None, run_after=None
[2024-09-05T00:37:07.664+0000] {logging_mixin.py:190} INFO - [2024-09-05T00:37:07.663+0000] {dag.py:4138} INFO - Setting next_dagrun for dataset_produces_1 to 2024-09-04 00:00:00+00:00, run_after=2024-09-05 00:00:00+00:00
[2024-09-05T00:37:07.668+0000] {logging_mixin.py:190} INFO - [2024-09-05T00:37:07.667+0000] {dag.py:4138} INFO - Setting next_dagrun for dataset_produces_2 to None, run_after=None
[2024-09-05T00:37:07.894+0000] {processor.py:208} INFO - Processing /home/airflow/.local/lib/python3.12/site-packages/airflow/example_dags/example_datasets.py took 2.507 seconds
[2024-09-05T00:37:38.050+0000] {processor.py:186} INFO - Started process (PID=547) to work on /home/airflow/.local/lib/python3.12/site-packages/airflow/example_dags/example_datasets.py
[2024-09-05T00:37:38.051+0000] {processor.py:914} INFO - Processing file /home/airflow/.local/lib/python3.12/site-packages/airflow/example_dags/example_datasets.py for tasks to queue
[2024-09-05T00:37:38.054+0000] {logging_mixin.py:190} INFO - [2024-09-05T00:37:38.054+0000] {dagbag.py:587} INFO - Filling up the DagBag from /home/airflow/.local/lib/python3.12/site-packages/airflow/example_dags/example_datasets.py
[2024-09-05T00:37:38.451+0000] {processor.py:925} INFO - DAG(s) 'consume_1_or_both_2_and_3_with_dataset_expressions', 'dataset_consumes_1', 'consume_1_and_2_with_dataset_expressions', 'consume_1_or_2_with_dataset_expressions', 'dataset_produces_1', 'dataset_consumes_1_never_scheduled', 'dataset_produces_2', 'dataset_consumes_1_and_2', 'conditional_dataset_and_time_based_timetable', 'dataset_consumes_unknown_never_scheduled' retrieved from /home/airflow/.local/lib/python3.12/site-packages/airflow/example_dags/example_datasets.py
[2024-09-05T00:37:38.532+0000] {logging_mixin.py:190} INFO - [2024-09-05T00:37:38.531+0000] {dag.py:3211} INFO - Sync 10 DAGs
[2024-09-05T00:37:38.578+0000] {logging_mixin.py:190} INFO - [2024-09-05T00:37:38.577+0000] {dag.py:4138} INFO - Setting next_dagrun for conditional_dataset_and_time_based_timetable to 2024-09-04 01:00:00+00:00, run_after=2024-09-04 01:00:00+00:00
[2024-09-05T00:37:38.592+0000] {logging_mixin.py:190} INFO - [2024-09-05T00:37:38.592+0000] {dag.py:4138} INFO - Setting next_dagrun for consume_1_and_2_with_dataset_expressions to None, run_after=None
[2024-09-05T00:37:38.595+0000] {logging_mixin.py:190} INFO - [2024-09-05T00:37:38.595+0000] {dag.py:4138} INFO - Setting next_dagrun for consume_1_or_2_with_dataset_expressions to None, run_after=None
[2024-09-05T00:37:38.598+0000] {logging_mixin.py:190} INFO - [2024-09-05T00:37:38.598+0000] {dag.py:4138} INFO - Setting next_dagrun for consume_1_or_both_2_and_3_with_dataset_expressions to None, run_after=None
[2024-09-05T00:37:38.602+0000] {logging_mixin.py:190} INFO - [2024-09-05T00:37:38.601+0000] {dag.py:4138} INFO - Setting next_dagrun for dataset_consumes_1 to None, run_after=None
[2024-09-05T00:37:38.605+0000] {logging_mixin.py:190} INFO - [2024-09-05T00:37:38.605+0000] {dag.py:4138} INFO - Setting next_dagrun for dataset_consumes_1_and_2 to None, run_after=None
[2024-09-05T00:37:38.609+0000] {logging_mixin.py:190} INFO - [2024-09-05T00:37:38.608+0000] {dag.py:4138} INFO - Setting next_dagrun for dataset_consumes_1_never_scheduled to None, run_after=None
[2024-09-05T00:37:38.612+0000] {logging_mixin.py:190} INFO - [2024-09-05T00:37:38.611+0000] {dag.py:4138} INFO - Setting next_dagrun for dataset_consumes_unknown_never_scheduled to None, run_after=None
[2024-09-05T00:37:38.616+0000] {logging_mixin.py:190} INFO - [2024-09-05T00:37:38.615+0000] {dag.py:4138} INFO - Setting next_dagrun for dataset_produces_1 to 2024-09-04 00:00:00+00:00, run_after=2024-09-05 00:00:00+00:00
[2024-09-05T00:37:38.618+0000] {logging_mixin.py:190} INFO - [2024-09-05T00:37:38.618+0000] {dag.py:4138} INFO - Setting next_dagrun for dataset_produces_2 to None, run_after=None
[2024-09-05T00:37:38.692+0000] {processor.py:208} INFO - Processing /home/airflow/.local/lib/python3.12/site-packages/airflow/example_dags/example_datasets.py took 0.656 seconds
[2024-09-05T00:38:09.396+0000] {processor.py:186} INFO - Started process (PID=610) to work on /home/airflow/.local/lib/python3.12/site-packages/airflow/example_dags/example_datasets.py
[2024-09-05T00:38:09.398+0000] {processor.py:914} INFO - Processing file /home/airflow/.local/lib/python3.12/site-packages/airflow/example_dags/example_datasets.py for tasks to queue
[2024-09-05T00:38:09.403+0000] {logging_mixin.py:190} INFO - [2024-09-05T00:38:09.400+0000] {dagbag.py:587} INFO - Filling up the DagBag from /home/airflow/.local/lib/python3.12/site-packages/airflow/example_dags/example_datasets.py
[2024-09-05T00:38:09.800+0000] {processor.py:925} INFO - DAG(s) 'conditional_dataset_and_time_based_timetable', 'dataset_consumes_1_never_scheduled', 'consume_1_or_2_with_dataset_expressions', 'dataset_consumes_unknown_never_scheduled', 'dataset_produces_2', 'dataset_consumes_1', 'consume_1_and_2_with_dataset_expressions', 'consume_1_or_both_2_and_3_with_dataset_expressions', 'dataset_consumes_1_and_2', 'dataset_produces_1' retrieved from /home/airflow/.local/lib/python3.12/site-packages/airflow/example_dags/example_datasets.py
[2024-09-05T00:38:09.943+0000] {logging_mixin.py:190} INFO - [2024-09-05T00:38:09.942+0000] {dag.py:3211} INFO - Sync 10 DAGs
[2024-09-05T00:38:10.032+0000] {logging_mixin.py:190} INFO - [2024-09-05T00:38:10.032+0000] {dag.py:4138} INFO - Setting next_dagrun for conditional_dataset_and_time_based_timetable to 2024-09-04 01:00:00+00:00, run_after=2024-09-04 01:00:00+00:00
[2024-09-05T00:38:10.050+0000] {logging_mixin.py:190} INFO - [2024-09-05T00:38:10.050+0000] {dag.py:4138} INFO - Setting next_dagrun for consume_1_and_2_with_dataset_expressions to None, run_after=None
[2024-09-05T00:38:10.056+0000] {logging_mixin.py:190} INFO - [2024-09-05T00:38:10.055+0000] {dag.py:4138} INFO - Setting next_dagrun for consume_1_or_2_with_dataset_expressions to None, run_after=None
[2024-09-05T00:38:10.059+0000] {logging_mixin.py:190} INFO - [2024-09-05T00:38:10.059+0000] {dag.py:4138} INFO - Setting next_dagrun for consume_1_or_both_2_and_3_with_dataset_expressions to None, run_after=None
[2024-09-05T00:38:10.063+0000] {logging_mixin.py:190} INFO - [2024-09-05T00:38:10.062+0000] {dag.py:4138} INFO - Setting next_dagrun for dataset_consumes_1 to None, run_after=None
[2024-09-05T00:38:10.073+0000] {logging_mixin.py:190} INFO - [2024-09-05T00:38:10.071+0000] {dag.py:4138} INFO - Setting next_dagrun for dataset_consumes_1_and_2 to None, run_after=None
[2024-09-05T00:38:10.081+0000] {logging_mixin.py:190} INFO - [2024-09-05T00:38:10.078+0000] {dag.py:4138} INFO - Setting next_dagrun for dataset_consumes_1_never_scheduled to None, run_after=None
[2024-09-05T00:38:10.093+0000] {logging_mixin.py:190} INFO - [2024-09-05T00:38:10.092+0000] {dag.py:4138} INFO - Setting next_dagrun for dataset_consumes_unknown_never_scheduled to None, run_after=None
[2024-09-05T00:38:10.103+0000] {logging_mixin.py:190} INFO - [2024-09-05T00:38:10.103+0000] {dag.py:4138} INFO - Setting next_dagrun for dataset_produces_1 to 2024-09-04 00:00:00+00:00, run_after=2024-09-05 00:00:00+00:00
[2024-09-05T00:38:10.109+0000] {logging_mixin.py:190} INFO - [2024-09-05T00:38:10.108+0000] {dag.py:4138} INFO - Setting next_dagrun for dataset_produces_2 to None, run_after=None
[2024-09-05T00:38:10.198+0000] {processor.py:208} INFO - Processing /home/airflow/.local/lib/python3.12/site-packages/airflow/example_dags/example_datasets.py took 0.821 seconds
[2024-09-05T00:38:40.363+0000] {processor.py:186} INFO - Started process (PID=676) to work on /home/airflow/.local/lib/python3.12/site-packages/airflow/example_dags/example_datasets.py
[2024-09-05T00:38:40.365+0000] {processor.py:914} INFO - Processing file /home/airflow/.local/lib/python3.12/site-packages/airflow/example_dags/example_datasets.py for tasks to queue
[2024-09-05T00:38:40.367+0000] {logging_mixin.py:190} INFO - [2024-09-05T00:38:40.367+0000] {dagbag.py:587} INFO - Filling up the DagBag from /home/airflow/.local/lib/python3.12/site-packages/airflow/example_dags/example_datasets.py
[2024-09-05T00:38:40.625+0000] {processor.py:925} INFO - DAG(s) 'consume_1_or_2_with_dataset_expressions', 'consume_1_or_both_2_and_3_with_dataset_expressions', 'dataset_consumes_unknown_never_scheduled', 'consume_1_and_2_with_dataset_expressions', 'conditional_dataset_and_time_based_timetable', 'dataset_consumes_1_never_scheduled', 'dataset_produces_1', 'dataset_consumes_1_and_2', 'dataset_produces_2', 'dataset_consumes_1' retrieved from /home/airflow/.local/lib/python3.12/site-packages/airflow/example_dags/example_datasets.py
[2024-09-05T00:38:40.727+0000] {logging_mixin.py:190} INFO - [2024-09-05T00:38:40.726+0000] {dag.py:3211} INFO - Sync 10 DAGs
[2024-09-05T00:38:40.772+0000] {logging_mixin.py:190} INFO - [2024-09-05T00:38:40.772+0000] {dag.py:4138} INFO - Setting next_dagrun for conditional_dataset_and_time_based_timetable to 2024-09-04 01:00:00+00:00, run_after=2024-09-04 01:00:00+00:00
[2024-09-05T00:38:40.780+0000] {logging_mixin.py:190} INFO - [2024-09-05T00:38:40.779+0000] {dag.py:4138} INFO - Setting next_dagrun for consume_1_and_2_with_dataset_expressions to None, run_after=None
[2024-09-05T00:38:40.785+0000] {logging_mixin.py:190} INFO - [2024-09-05T00:38:40.784+0000] {dag.py:4138} INFO - Setting next_dagrun for consume_1_or_2_with_dataset_expressions to None, run_after=None
[2024-09-05T00:38:40.790+0000] {logging_mixin.py:190} INFO - [2024-09-05T00:38:40.789+0000] {dag.py:4138} INFO - Setting next_dagrun for consume_1_or_both_2_and_3_with_dataset_expressions to None, run_after=None
[2024-09-05T00:38:40.794+0000] {logging_mixin.py:190} INFO - [2024-09-05T00:38:40.793+0000] {dag.py:4138} INFO - Setting next_dagrun for dataset_consumes_1 to None, run_after=None
[2024-09-05T00:38:40.798+0000] {logging_mixin.py:190} INFO - [2024-09-05T00:38:40.798+0000] {dag.py:4138} INFO - Setting next_dagrun for dataset_consumes_1_and_2 to None, run_after=None
[2024-09-05T00:38:40.804+0000] {logging_mixin.py:190} INFO - [2024-09-05T00:38:40.802+0000] {dag.py:4138} INFO - Setting next_dagrun for dataset_consumes_1_never_scheduled to None, run_after=None
[2024-09-05T00:38:40.810+0000] {logging_mixin.py:190} INFO - [2024-09-05T00:38:40.809+0000] {dag.py:4138} INFO - Setting next_dagrun for dataset_consumes_unknown_never_scheduled to None, run_after=None
[2024-09-05T00:38:40.826+0000] {logging_mixin.py:190} INFO - [2024-09-05T00:38:40.825+0000] {dag.py:4138} INFO - Setting next_dagrun for dataset_produces_1 to 2024-09-04 00:00:00+00:00, run_after=2024-09-05 00:00:00+00:00
[2024-09-05T00:38:40.831+0000] {logging_mixin.py:190} INFO - [2024-09-05T00:38:40.830+0000] {dag.py:4138} INFO - Setting next_dagrun for dataset_produces_2 to None, run_after=None
[2024-09-05T00:38:40.924+0000] {processor.py:208} INFO - Processing /home/airflow/.local/lib/python3.12/site-packages/airflow/example_dags/example_datasets.py took 0.578 seconds
[2024-09-05T00:39:11.279+0000] {processor.py:186} INFO - Started process (PID=739) to work on /home/airflow/.local/lib/python3.12/site-packages/airflow/example_dags/example_datasets.py
[2024-09-05T00:39:11.281+0000] {processor.py:914} INFO - Processing file /home/airflow/.local/lib/python3.12/site-packages/airflow/example_dags/example_datasets.py for tasks to queue
[2024-09-05T00:39:11.287+0000] {logging_mixin.py:190} INFO - [2024-09-05T00:39:11.286+0000] {dagbag.py:587} INFO - Filling up the DagBag from /home/airflow/.local/lib/python3.12/site-packages/airflow/example_dags/example_datasets.py
[2024-09-05T00:39:11.694+0000] {processor.py:925} INFO - DAG(s) 'dataset_consumes_1_and_2', 'consume_1_or_2_with_dataset_expressions', 'dataset_consumes_unknown_never_scheduled', 'conditional_dataset_and_time_based_timetable', 'dataset_consumes_1_never_scheduled', 'dataset_consumes_1', 'consume_1_or_both_2_and_3_with_dataset_expressions', 'consume_1_and_2_with_dataset_expressions', 'dataset_produces_1', 'dataset_produces_2' retrieved from /home/airflow/.local/lib/python3.12/site-packages/airflow/example_dags/example_datasets.py
[2024-09-05T00:39:11.836+0000] {logging_mixin.py:190} INFO - [2024-09-05T00:39:11.835+0000] {dag.py:3211} INFO - Sync 10 DAGs
[2024-09-05T00:39:11.935+0000] {logging_mixin.py:190} INFO - [2024-09-05T00:39:11.934+0000] {dag.py:4138} INFO - Setting next_dagrun for conditional_dataset_and_time_based_timetable to 2024-09-04 01:00:00+00:00, run_after=2024-09-04 01:00:00+00:00
[2024-09-05T00:39:11.942+0000] {logging_mixin.py:190} INFO - [2024-09-05T00:39:11.942+0000] {dag.py:4138} INFO - Setting next_dagrun for consume_1_and_2_with_dataset_expressions to None, run_after=None
[2024-09-05T00:39:11.947+0000] {logging_mixin.py:190} INFO - [2024-09-05T00:39:11.946+0000] {dag.py:4138} INFO - Setting next_dagrun for consume_1_or_2_with_dataset_expressions to None, run_after=None
[2024-09-05T00:39:11.951+0000] {logging_mixin.py:190} INFO - [2024-09-05T00:39:11.950+0000] {dag.py:4138} INFO - Setting next_dagrun for consume_1_or_both_2_and_3_with_dataset_expressions to None, run_after=None
[2024-09-05T00:39:11.954+0000] {logging_mixin.py:190} INFO - [2024-09-05T00:39:11.954+0000] {dag.py:4138} INFO - Setting next_dagrun for dataset_consumes_1 to None, run_after=None
[2024-09-05T00:39:11.957+0000] {logging_mixin.py:190} INFO - [2024-09-05T00:39:11.957+0000] {dag.py:4138} INFO - Setting next_dagrun for dataset_consumes_1_and_2 to None, run_after=None
[2024-09-05T00:39:11.961+0000] {logging_mixin.py:190} INFO - [2024-09-05T00:39:11.961+0000] {dag.py:4138} INFO - Setting next_dagrun for dataset_consumes_1_never_scheduled to None, run_after=None
[2024-09-05T00:39:11.965+0000] {logging_mixin.py:190} INFO - [2024-09-05T00:39:11.965+0000] {dag.py:4138} INFO - Setting next_dagrun for dataset_consumes_unknown_never_scheduled to None, run_after=None
[2024-09-05T00:39:11.977+0000] {logging_mixin.py:190} INFO - [2024-09-05T00:39:11.973+0000] {dag.py:4138} INFO - Setting next_dagrun for dataset_produces_1 to 2024-09-04 00:00:00+00:00, run_after=2024-09-05 00:00:00+00:00
[2024-09-05T00:39:11.983+0000] {logging_mixin.py:190} INFO - [2024-09-05T00:39:11.982+0000] {dag.py:4138} INFO - Setting next_dagrun for dataset_produces_2 to None, run_after=None
[2024-09-05T00:39:12.161+0000] {processor.py:208} INFO - Processing /home/airflow/.local/lib/python3.12/site-packages/airflow/example_dags/example_datasets.py took 0.909 seconds
[2024-09-05T00:39:42.749+0000] {processor.py:186} INFO - Started process (PID=803) to work on /home/airflow/.local/lib/python3.12/site-packages/airflow/example_dags/example_datasets.py
[2024-09-05T00:39:42.751+0000] {processor.py:914} INFO - Processing file /home/airflow/.local/lib/python3.12/site-packages/airflow/example_dags/example_datasets.py for tasks to queue
[2024-09-05T00:39:42.754+0000] {logging_mixin.py:190} INFO - [2024-09-05T00:39:42.753+0000] {dagbag.py:587} INFO - Filling up the DagBag from /home/airflow/.local/lib/python3.12/site-packages/airflow/example_dags/example_datasets.py
[2024-09-05T00:39:43.084+0000] {processor.py:925} INFO - DAG(s) 'dataset_consumes_1_never_scheduled', 'dataset_consumes_1_and_2', 'dataset_consumes_unknown_never_scheduled', 'dataset_produces_1', 'consume_1_and_2_with_dataset_expressions', 'consume_1_or_both_2_and_3_with_dataset_expressions', 'dataset_produces_2', 'conditional_dataset_and_time_based_timetable', 'consume_1_or_2_with_dataset_expressions', 'dataset_consumes_1' retrieved from /home/airflow/.local/lib/python3.12/site-packages/airflow/example_dags/example_datasets.py
[2024-09-05T00:39:43.171+0000] {logging_mixin.py:190} INFO - [2024-09-05T00:39:43.171+0000] {dag.py:3211} INFO - Sync 10 DAGs
[2024-09-05T00:39:43.236+0000] {logging_mixin.py:190} INFO - [2024-09-05T00:39:43.236+0000] {dag.py:4138} INFO - Setting next_dagrun for conditional_dataset_and_time_based_timetable to 2024-09-04 01:00:00+00:00, run_after=2024-09-04 01:00:00+00:00
[2024-09-05T00:39:43.243+0000] {logging_mixin.py:190} INFO - [2024-09-05T00:39:43.242+0000] {dag.py:4138} INFO - Setting next_dagrun for consume_1_and_2_with_dataset_expressions to None, run_after=None
[2024-09-05T00:39:43.246+0000] {logging_mixin.py:190} INFO - [2024-09-05T00:39:43.246+0000] {dag.py:4138} INFO - Setting next_dagrun for consume_1_or_2_with_dataset_expressions to None, run_after=None
[2024-09-05T00:39:43.250+0000] {logging_mixin.py:190} INFO - [2024-09-05T00:39:43.249+0000] {dag.py:4138} INFO - Setting next_dagrun for consume_1_or_both_2_and_3_with_dataset_expressions to None, run_after=None
[2024-09-05T00:39:43.255+0000] {logging_mixin.py:190} INFO - [2024-09-05T00:39:43.254+0000] {dag.py:4138} INFO - Setting next_dagrun for dataset_consumes_1 to None, run_after=None
[2024-09-05T00:39:43.266+0000] {logging_mixin.py:190} INFO - [2024-09-05T00:39:43.266+0000] {dag.py:4138} INFO - Setting next_dagrun for dataset_consumes_1_and_2 to None, run_after=None
[2024-09-05T00:39:43.270+0000] {logging_mixin.py:190} INFO - [2024-09-05T00:39:43.270+0000] {dag.py:4138} INFO - Setting next_dagrun for dataset_consumes_1_never_scheduled to None, run_after=None
[2024-09-05T00:39:43.273+0000] {logging_mixin.py:190} INFO - [2024-09-05T00:39:43.273+0000] {dag.py:4138} INFO - Setting next_dagrun for dataset_consumes_unknown_never_scheduled to None, run_after=None
[2024-09-05T00:39:43.278+0000] {logging_mixin.py:190} INFO - [2024-09-05T00:39:43.278+0000] {dag.py:4138} INFO - Setting next_dagrun for dataset_produces_1 to 2024-09-04 00:00:00+00:00, run_after=2024-09-05 00:00:00+00:00
[2024-09-05T00:39:43.281+0000] {logging_mixin.py:190} INFO - [2024-09-05T00:39:43.281+0000] {dag.py:4138} INFO - Setting next_dagrun for dataset_produces_2 to None, run_after=None
[2024-09-05T00:39:43.388+0000] {processor.py:208} INFO - Processing /home/airflow/.local/lib/python3.12/site-packages/airflow/example_dags/example_datasets.py took 0.657 seconds
[2024-09-05T00:40:14.291+0000] {processor.py:186} INFO - Started process (PID=867) to work on /home/airflow/.local/lib/python3.12/site-packages/airflow/example_dags/example_datasets.py
[2024-09-05T00:40:14.294+0000] {processor.py:914} INFO - Processing file /home/airflow/.local/lib/python3.12/site-packages/airflow/example_dags/example_datasets.py for tasks to queue
[2024-09-05T00:40:14.307+0000] {logging_mixin.py:190} INFO - [2024-09-05T00:40:14.305+0000] {dagbag.py:587} INFO - Filling up the DagBag from /home/airflow/.local/lib/python3.12/site-packages/airflow/example_dags/example_datasets.py
[2024-09-05T00:40:15.600+0000] {processor.py:925} INFO - DAG(s) 'consume_1_or_both_2_and_3_with_dataset_expressions', 'dataset_consumes_1_never_scheduled', 'dataset_consumes_1', 'consume_1_and_2_with_dataset_expressions', 'conditional_dataset_and_time_based_timetable', 'dataset_produces_2', 'dataset_consumes_1_and_2', 'dataset_consumes_unknown_never_scheduled', 'dataset_produces_1', 'consume_1_or_2_with_dataset_expressions' retrieved from /home/airflow/.local/lib/python3.12/site-packages/airflow/example_dags/example_datasets.py
[2024-09-05T00:40:15.855+0000] {logging_mixin.py:190} INFO - [2024-09-05T00:40:15.854+0000] {dag.py:3211} INFO - Sync 10 DAGs
[2024-09-05T00:40:16.006+0000] {logging_mixin.py:190} INFO - [2024-09-05T00:40:16.006+0000] {dag.py:4138} INFO - Setting next_dagrun for conditional_dataset_and_time_based_timetable to 2024-09-04 01:00:00+00:00, run_after=2024-09-04 01:00:00+00:00
[2024-09-05T00:40:16.022+0000] {logging_mixin.py:190} INFO - [2024-09-05T00:40:16.021+0000] {dag.py:4138} INFO - Setting next_dagrun for consume_1_and_2_with_dataset_expressions to None, run_after=None
[2024-09-05T00:40:16.029+0000] {logging_mixin.py:190} INFO - [2024-09-05T00:40:16.028+0000] {dag.py:4138} INFO - Setting next_dagrun for consume_1_or_2_with_dataset_expressions to None, run_after=None
[2024-09-05T00:40:16.033+0000] {logging_mixin.py:190} INFO - [2024-09-05T00:40:16.033+0000] {dag.py:4138} INFO - Setting next_dagrun for consume_1_or_both_2_and_3_with_dataset_expressions to None, run_after=None
[2024-09-05T00:40:16.037+0000] {logging_mixin.py:190} INFO - [2024-09-05T00:40:16.037+0000] {dag.py:4138} INFO - Setting next_dagrun for dataset_consumes_1 to None, run_after=None
[2024-09-05T00:40:16.044+0000] {logging_mixin.py:190} INFO - [2024-09-05T00:40:16.042+0000] {dag.py:4138} INFO - Setting next_dagrun for dataset_consumes_1_and_2 to None, run_after=None
[2024-09-05T00:40:16.048+0000] {logging_mixin.py:190} INFO - [2024-09-05T00:40:16.048+0000] {dag.py:4138} INFO - Setting next_dagrun for dataset_consumes_1_never_scheduled to None, run_after=None
[2024-09-05T00:40:16.056+0000] {logging_mixin.py:190} INFO - [2024-09-05T00:40:16.055+0000] {dag.py:4138} INFO - Setting next_dagrun for dataset_consumes_unknown_never_scheduled to None, run_after=None
[2024-09-05T00:40:16.070+0000] {logging_mixin.py:190} INFO - [2024-09-05T00:40:16.069+0000] {dag.py:4138} INFO - Setting next_dagrun for dataset_produces_1 to 2024-09-04 00:00:00+00:00, run_after=2024-09-05 00:00:00+00:00
[2024-09-05T00:40:16.075+0000] {logging_mixin.py:190} INFO - [2024-09-05T00:40:16.075+0000] {dag.py:4138} INFO - Setting next_dagrun for dataset_produces_2 to None, run_after=None
[2024-09-05T00:40:16.226+0000] {processor.py:208} INFO - Processing /home/airflow/.local/lib/python3.12/site-packages/airflow/example_dags/example_datasets.py took 1.984 seconds
[2024-09-05T00:42:00.592+0000] {processor.py:186} INFO - Started process (PID=967) to work on /home/airflow/.local/lib/python3.12/site-packages/airflow/example_dags/example_datasets.py
[2024-09-05T00:42:00.605+0000] {processor.py:914} INFO - Processing file /home/airflow/.local/lib/python3.12/site-packages/airflow/example_dags/example_datasets.py for tasks to queue
[2024-09-05T00:42:00.644+0000] {logging_mixin.py:190} INFO - [2024-09-05T00:42:00.641+0000] {dagbag.py:587} INFO - Filling up the DagBag from /home/airflow/.local/lib/python3.12/site-packages/airflow/example_dags/example_datasets.py
