[2024-09-05T00:03:55.685+0000] {processor.py:186} INFO - Started process (PID=81) to work on /home/airflow/.local/lib/python3.12/site-packages/airflow/example_dags/example_short_circuit_decorator.py
[2024-09-05T00:03:55.688+0000] {processor.py:914} INFO - Processing file /home/airflow/.local/lib/python3.12/site-packages/airflow/example_dags/example_short_circuit_decorator.py for tasks to queue
[2024-09-05T00:03:55.693+0000] {logging_mixin.py:190} INFO - [2024-09-05T00:03:55.692+0000] {dagbag.py:587} INFO - Filling up the DagBag from /home/airflow/.local/lib/python3.12/site-packages/airflow/example_dags/example_short_circuit_decorator.py
[2024-09-05T00:03:55.793+0000] {processor.py:925} INFO - DAG(s) 'example_short_circuit_decorator' retrieved from /home/airflow/.local/lib/python3.12/site-packages/airflow/example_dags/example_short_circuit_decorator.py
[2024-09-05T00:03:56.733+0000] {logging_mixin.py:190} INFO - [2024-09-05T00:03:56.729+0000] {override.py:1858} INFO - Created Permission View: can delete on DAG:example_short_circuit_decorator
[2024-09-05T00:03:56.785+0000] {logging_mixin.py:190} INFO - [2024-09-05T00:03:56.783+0000] {override.py:1858} INFO - Created Permission View: can read on DAG:example_short_circuit_decorator
[2024-09-05T00:03:56.813+0000] {logging_mixin.py:190} INFO - [2024-09-05T00:03:56.812+0000] {override.py:1858} INFO - Created Permission View: can edit on DAG:example_short_circuit_decorator
[2024-09-05T00:03:56.817+0000] {logging_mixin.py:190} INFO - [2024-09-05T00:03:56.816+0000] {dag.py:3211} INFO - Sync 1 DAGs
[2024-09-05T00:03:56.977+0000] {logging_mixin.py:190} INFO - [2024-09-05T00:03:56.976+0000] {dag.py:3234} INFO - Creating ORM DAG for example_short_circuit_decorator
[2024-09-05T00:03:57.151+0000] {logging_mixin.py:190} INFO - [2024-09-05T00:03:57.150+0000] {dag.py:4138} INFO - Setting next_dagrun for example_short_circuit_decorator to 2024-09-04 00:00:00+00:00, run_after=2024-09-05 00:00:00+00:00
[2024-09-05T00:03:57.373+0000] {processor.py:208} INFO - Processing /home/airflow/.local/lib/python3.12/site-packages/airflow/example_dags/example_short_circuit_decorator.py took 1.715 seconds
[2024-09-05T00:04:31.654+0000] {processor.py:186} INFO - Started process (PID=143) to work on /home/airflow/.local/lib/python3.12/site-packages/airflow/example_dags/example_short_circuit_decorator.py
[2024-09-05T00:04:31.668+0000] {processor.py:914} INFO - Processing file /home/airflow/.local/lib/python3.12/site-packages/airflow/example_dags/example_short_circuit_decorator.py for tasks to queue
[2024-09-05T00:04:31.675+0000] {logging_mixin.py:190} INFO - [2024-09-05T00:04:31.673+0000] {dagbag.py:587} INFO - Filling up the DagBag from /home/airflow/.local/lib/python3.12/site-packages/airflow/example_dags/example_short_circuit_decorator.py
[2024-09-05T00:04:31.736+0000] {processor.py:925} INFO - DAG(s) 'example_short_circuit_decorator' retrieved from /home/airflow/.local/lib/python3.12/site-packages/airflow/example_dags/example_short_circuit_decorator.py
[2024-09-05T00:04:31.878+0000] {logging_mixin.py:190} INFO - [2024-09-05T00:04:31.877+0000] {dag.py:3211} INFO - Sync 1 DAGs
[2024-09-05T00:04:32.099+0000] {logging_mixin.py:190} INFO - [2024-09-05T00:04:32.098+0000] {dag.py:4138} INFO - Setting next_dagrun for example_short_circuit_decorator to 2024-09-04 00:00:00+00:00, run_after=2024-09-05 00:00:00+00:00
[2024-09-05T00:04:32.244+0000] {processor.py:208} INFO - Processing /home/airflow/.local/lib/python3.12/site-packages/airflow/example_dags/example_short_circuit_decorator.py took 0.626 seconds
[2024-09-05T00:05:04.618+0000] {processor.py:186} INFO - Started process (PID=196) to work on /home/airflow/.local/lib/python3.12/site-packages/airflow/example_dags/example_short_circuit_decorator.py
[2024-09-05T00:05:04.621+0000] {processor.py:914} INFO - Processing file /home/airflow/.local/lib/python3.12/site-packages/airflow/example_dags/example_short_circuit_decorator.py for tasks to queue
[2024-09-05T00:05:04.632+0000] {logging_mixin.py:190} INFO - [2024-09-05T00:05:04.628+0000] {dagbag.py:587} INFO - Filling up the DagBag from /home/airflow/.local/lib/python3.12/site-packages/airflow/example_dags/example_short_circuit_decorator.py
[2024-09-05T00:05:04.728+0000] {processor.py:925} INFO - DAG(s) 'example_short_circuit_decorator' retrieved from /home/airflow/.local/lib/python3.12/site-packages/airflow/example_dags/example_short_circuit_decorator.py
[2024-09-05T00:05:04.968+0000] {logging_mixin.py:190} INFO - [2024-09-05T00:05:04.964+0000] {dag.py:3211} INFO - Sync 1 DAGs
[2024-09-05T00:05:05.228+0000] {logging_mixin.py:190} INFO - [2024-09-05T00:05:05.227+0000] {dag.py:4138} INFO - Setting next_dagrun for example_short_circuit_decorator to 2024-09-04 00:00:00+00:00, run_after=2024-09-05 00:00:00+00:00
[2024-09-05T00:05:05.368+0000] {processor.py:208} INFO - Processing /home/airflow/.local/lib/python3.12/site-packages/airflow/example_dags/example_short_circuit_decorator.py took 0.792 seconds
[2024-09-05T00:05:36.226+0000] {processor.py:186} INFO - Started process (PID=256) to work on /home/airflow/.local/lib/python3.12/site-packages/airflow/example_dags/example_short_circuit_decorator.py
[2024-09-05T00:05:36.234+0000] {processor.py:914} INFO - Processing file /home/airflow/.local/lib/python3.12/site-packages/airflow/example_dags/example_short_circuit_decorator.py for tasks to queue
[2024-09-05T00:05:36.242+0000] {logging_mixin.py:190} INFO - [2024-09-05T00:05:36.241+0000] {dagbag.py:587} INFO - Filling up the DagBag from /home/airflow/.local/lib/python3.12/site-packages/airflow/example_dags/example_short_circuit_decorator.py
[2024-09-05T00:05:36.361+0000] {processor.py:925} INFO - DAG(s) 'example_short_circuit_decorator' retrieved from /home/airflow/.local/lib/python3.12/site-packages/airflow/example_dags/example_short_circuit_decorator.py
[2024-09-05T00:05:36.835+0000] {logging_mixin.py:190} INFO - [2024-09-05T00:05:36.833+0000] {dag.py:3211} INFO - Sync 1 DAGs
[2024-09-05T00:05:37.256+0000] {logging_mixin.py:190} INFO - [2024-09-05T00:05:37.255+0000] {dag.py:4138} INFO - Setting next_dagrun for example_short_circuit_decorator to 2024-09-04 00:00:00+00:00, run_after=2024-09-05 00:00:00+00:00
[2024-09-05T00:05:37.467+0000] {processor.py:208} INFO - Processing /home/airflow/.local/lib/python3.12/site-packages/airflow/example_dags/example_short_circuit_decorator.py took 1.298 seconds
[2024-09-05T00:13:00.804+0000] {processor.py:186} INFO - Started process (PID=68) to work on /home/airflow/.local/lib/python3.12/site-packages/airflow/example_dags/example_short_circuit_decorator.py
[2024-09-05T00:13:00.808+0000] {processor.py:914} INFO - Processing file /home/airflow/.local/lib/python3.12/site-packages/airflow/example_dags/example_short_circuit_decorator.py for tasks to queue
[2024-09-05T00:13:00.819+0000] {logging_mixin.py:190} INFO - [2024-09-05T00:13:00.818+0000] {dagbag.py:587} INFO - Filling up the DagBag from /home/airflow/.local/lib/python3.12/site-packages/airflow/example_dags/example_short_circuit_decorator.py
[2024-09-05T00:13:00.860+0000] {processor.py:925} INFO - DAG(s) 'example_short_circuit_decorator' retrieved from /home/airflow/.local/lib/python3.12/site-packages/airflow/example_dags/example_short_circuit_decorator.py
[2024-09-05T00:13:00.984+0000] {logging_mixin.py:190} INFO - [2024-09-05T00:13:00.983+0000] {dag.py:3211} INFO - Sync 1 DAGs
[2024-09-05T00:13:01.122+0000] {logging_mixin.py:190} INFO - [2024-09-05T00:13:01.121+0000] {dag.py:4138} INFO - Setting next_dagrun for example_short_circuit_decorator to 2024-09-04 00:00:00+00:00, run_after=2024-09-05 00:00:00+00:00
[2024-09-05T00:13:01.216+0000] {processor.py:208} INFO - Processing /home/airflow/.local/lib/python3.12/site-packages/airflow/example_dags/example_short_circuit_decorator.py took 0.458 seconds
[2024-09-05T00:13:46.497+0000] {processor.py:186} INFO - Started process (PID=137) to work on /home/airflow/.local/lib/python3.12/site-packages/airflow/example_dags/example_short_circuit_decorator.py
[2024-09-05T00:13:46.499+0000] {processor.py:914} INFO - Processing file /home/airflow/.local/lib/python3.12/site-packages/airflow/example_dags/example_short_circuit_decorator.py for tasks to queue
[2024-09-05T00:13:46.502+0000] {logging_mixin.py:190} INFO - [2024-09-05T00:13:46.502+0000] {dagbag.py:587} INFO - Filling up the DagBag from /home/airflow/.local/lib/python3.12/site-packages/airflow/example_dags/example_short_circuit_decorator.py
[2024-09-05T00:13:46.532+0000] {processor.py:925} INFO - DAG(s) 'example_short_circuit_decorator' retrieved from /home/airflow/.local/lib/python3.12/site-packages/airflow/example_dags/example_short_circuit_decorator.py
[2024-09-05T00:13:46.593+0000] {logging_mixin.py:190} INFO - [2024-09-05T00:13:46.593+0000] {dag.py:3211} INFO - Sync 1 DAGs
[2024-09-05T00:13:46.698+0000] {logging_mixin.py:190} INFO - [2024-09-05T00:13:46.697+0000] {dag.py:4138} INFO - Setting next_dagrun for example_short_circuit_decorator to 2024-09-04 00:00:00+00:00, run_after=2024-09-05 00:00:00+00:00
[2024-09-05T00:13:46.770+0000] {processor.py:208} INFO - Processing /home/airflow/.local/lib/python3.12/site-packages/airflow/example_dags/example_short_circuit_decorator.py took 0.291 seconds
[2024-09-05T00:14:22.500+0000] {processor.py:186} INFO - Started process (PID=190) to work on /home/airflow/.local/lib/python3.12/site-packages/airflow/example_dags/example_short_circuit_decorator.py
[2024-09-05T00:14:22.518+0000] {processor.py:914} INFO - Processing file /home/airflow/.local/lib/python3.12/site-packages/airflow/example_dags/example_short_circuit_decorator.py for tasks to queue
[2024-09-05T00:14:22.528+0000] {logging_mixin.py:190} INFO - [2024-09-05T00:14:22.524+0000] {dagbag.py:587} INFO - Filling up the DagBag from /home/airflow/.local/lib/python3.12/site-packages/airflow/example_dags/example_short_circuit_decorator.py
[2024-09-05T00:14:22.628+0000] {processor.py:925} INFO - DAG(s) 'example_short_circuit_decorator' retrieved from /home/airflow/.local/lib/python3.12/site-packages/airflow/example_dags/example_short_circuit_decorator.py
[2024-09-05T00:14:22.867+0000] {logging_mixin.py:190} INFO - [2024-09-05T00:14:22.865+0000] {dag.py:3211} INFO - Sync 1 DAGs
[2024-09-05T00:14:23.027+0000] {logging_mixin.py:190} INFO - [2024-09-05T00:14:23.027+0000] {dag.py:4138} INFO - Setting next_dagrun for example_short_circuit_decorator to 2024-09-04 00:00:00+00:00, run_after=2024-09-05 00:00:00+00:00
[2024-09-05T00:14:23.169+0000] {processor.py:208} INFO - Processing /home/airflow/.local/lib/python3.12/site-packages/airflow/example_dags/example_short_circuit_decorator.py took 0.712 seconds
[2024-09-05T00:14:54.004+0000] {processor.py:186} INFO - Started process (PID=265) to work on /home/airflow/.local/lib/python3.12/site-packages/airflow/example_dags/example_short_circuit_decorator.py
[2024-09-05T00:14:54.008+0000] {processor.py:914} INFO - Processing file /home/airflow/.local/lib/python3.12/site-packages/airflow/example_dags/example_short_circuit_decorator.py for tasks to queue
[2024-09-05T00:14:54.022+0000] {logging_mixin.py:190} INFO - [2024-09-05T00:14:54.021+0000] {dagbag.py:587} INFO - Filling up the DagBag from /home/airflow/.local/lib/python3.12/site-packages/airflow/example_dags/example_short_circuit_decorator.py
[2024-09-05T00:14:54.058+0000] {processor.py:925} INFO - DAG(s) 'example_short_circuit_decorator' retrieved from /home/airflow/.local/lib/python3.12/site-packages/airflow/example_dags/example_short_circuit_decorator.py
[2024-09-05T00:14:54.203+0000] {logging_mixin.py:190} INFO - [2024-09-05T00:14:54.202+0000] {dag.py:3211} INFO - Sync 1 DAGs
[2024-09-05T00:14:54.319+0000] {logging_mixin.py:190} INFO - [2024-09-05T00:14:54.318+0000] {dag.py:4138} INFO - Setting next_dagrun for example_short_circuit_decorator to 2024-09-04 00:00:00+00:00, run_after=2024-09-05 00:00:00+00:00
[2024-09-05T00:14:54.430+0000] {processor.py:208} INFO - Processing /home/airflow/.local/lib/python3.12/site-packages/airflow/example_dags/example_short_circuit_decorator.py took 0.459 seconds
[2024-09-05T00:32:20.226+0000] {processor.py:186} INFO - Started process (PID=84) to work on /home/airflow/.local/lib/python3.12/site-packages/airflow/example_dags/example_short_circuit_decorator.py
[2024-09-05T00:32:20.232+0000] {processor.py:914} INFO - Processing file /home/airflow/.local/lib/python3.12/site-packages/airflow/example_dags/example_short_circuit_decorator.py for tasks to queue
[2024-09-05T00:32:20.242+0000] {logging_mixin.py:190} INFO - [2024-09-05T00:32:20.241+0000] {dagbag.py:587} INFO - Filling up the DagBag from /home/airflow/.local/lib/python3.12/site-packages/airflow/example_dags/example_short_circuit_decorator.py
[2024-09-05T00:32:20.333+0000] {processor.py:925} INFO - DAG(s) 'example_short_circuit_decorator' retrieved from /home/airflow/.local/lib/python3.12/site-packages/airflow/example_dags/example_short_circuit_decorator.py
[2024-09-05T00:32:21.112+0000] {logging_mixin.py:190} INFO - [2024-09-05T00:32:21.112+0000] {dag.py:3211} INFO - Sync 1 DAGs
[2024-09-05T00:32:21.381+0000] {logging_mixin.py:190} INFO - [2024-09-05T00:32:21.379+0000] {dag.py:4138} INFO - Setting next_dagrun for example_short_circuit_decorator to 2024-09-04 00:00:00+00:00, run_after=2024-09-05 00:00:00+00:00
[2024-09-05T00:32:21.525+0000] {processor.py:208} INFO - Processing /home/airflow/.local/lib/python3.12/site-packages/airflow/example_dags/example_short_circuit_decorator.py took 1.350 seconds
[2024-09-05T00:32:51.878+0000] {processor.py:186} INFO - Started process (PID=157) to work on /home/airflow/.local/lib/python3.12/site-packages/airflow/example_dags/example_short_circuit_decorator.py
[2024-09-05T00:32:51.882+0000] {processor.py:914} INFO - Processing file /home/airflow/.local/lib/python3.12/site-packages/airflow/example_dags/example_short_circuit_decorator.py for tasks to queue
[2024-09-05T00:32:51.892+0000] {logging_mixin.py:190} INFO - [2024-09-05T00:32:51.891+0000] {dagbag.py:587} INFO - Filling up the DagBag from /home/airflow/.local/lib/python3.12/site-packages/airflow/example_dags/example_short_circuit_decorator.py
[2024-09-05T00:32:51.977+0000] {processor.py:925} INFO - DAG(s) 'example_short_circuit_decorator' retrieved from /home/airflow/.local/lib/python3.12/site-packages/airflow/example_dags/example_short_circuit_decorator.py
[2024-09-05T00:32:52.289+0000] {logging_mixin.py:190} INFO - [2024-09-05T00:32:52.288+0000] {dag.py:3211} INFO - Sync 1 DAGs
[2024-09-05T00:32:52.412+0000] {logging_mixin.py:190} INFO - [2024-09-05T00:32:52.411+0000] {dag.py:4138} INFO - Setting next_dagrun for example_short_circuit_decorator to 2024-09-04 00:00:00+00:00, run_after=2024-09-05 00:00:00+00:00
[2024-09-05T00:32:52.490+0000] {processor.py:208} INFO - Processing /home/airflow/.local/lib/python3.12/site-packages/airflow/example_dags/example_short_circuit_decorator.py took 0.667 seconds
[2024-09-05T00:33:22.679+0000] {processor.py:186} INFO - Started process (PID=220) to work on /home/airflow/.local/lib/python3.12/site-packages/airflow/example_dags/example_short_circuit_decorator.py
[2024-09-05T00:33:22.680+0000] {processor.py:914} INFO - Processing file /home/airflow/.local/lib/python3.12/site-packages/airflow/example_dags/example_short_circuit_decorator.py for tasks to queue
[2024-09-05T00:33:22.682+0000] {logging_mixin.py:190} INFO - [2024-09-05T00:33:22.682+0000] {dagbag.py:587} INFO - Filling up the DagBag from /home/airflow/.local/lib/python3.12/site-packages/airflow/example_dags/example_short_circuit_decorator.py
[2024-09-05T00:33:22.700+0000] {processor.py:925} INFO - DAG(s) 'example_short_circuit_decorator' retrieved from /home/airflow/.local/lib/python3.12/site-packages/airflow/example_dags/example_short_circuit_decorator.py
[2024-09-05T00:33:22.730+0000] {logging_mixin.py:190} INFO - [2024-09-05T00:33:22.729+0000] {dag.py:3211} INFO - Sync 1 DAGs
[2024-09-05T00:33:22.760+0000] {logging_mixin.py:190} INFO - [2024-09-05T00:33:22.760+0000] {dag.py:4138} INFO - Setting next_dagrun for example_short_circuit_decorator to 2024-09-04 00:00:00+00:00, run_after=2024-09-05 00:00:00+00:00
[2024-09-05T00:33:22.789+0000] {processor.py:208} INFO - Processing /home/airflow/.local/lib/python3.12/site-packages/airflow/example_dags/example_short_circuit_decorator.py took 0.127 seconds
[2024-09-05T00:33:53.755+0000] {processor.py:186} INFO - Started process (PID=283) to work on /home/airflow/.local/lib/python3.12/site-packages/airflow/example_dags/example_short_circuit_decorator.py
[2024-09-05T00:33:53.756+0000] {processor.py:914} INFO - Processing file /home/airflow/.local/lib/python3.12/site-packages/airflow/example_dags/example_short_circuit_decorator.py for tasks to queue
[2024-09-05T00:33:53.759+0000] {logging_mixin.py:190} INFO - [2024-09-05T00:33:53.758+0000] {dagbag.py:587} INFO - Filling up the DagBag from /home/airflow/.local/lib/python3.12/site-packages/airflow/example_dags/example_short_circuit_decorator.py
[2024-09-05T00:33:53.783+0000] {processor.py:925} INFO - DAG(s) 'example_short_circuit_decorator' retrieved from /home/airflow/.local/lib/python3.12/site-packages/airflow/example_dags/example_short_circuit_decorator.py
[2024-09-05T00:33:53.831+0000] {logging_mixin.py:190} INFO - [2024-09-05T00:33:53.831+0000] {dag.py:3211} INFO - Sync 1 DAGs
[2024-09-05T00:33:53.873+0000] {logging_mixin.py:190} INFO - [2024-09-05T00:33:53.873+0000] {dag.py:4138} INFO - Setting next_dagrun for example_short_circuit_decorator to 2024-09-04 00:00:00+00:00, run_after=2024-09-05 00:00:00+00:00
[2024-09-05T00:33:53.913+0000] {processor.py:208} INFO - Processing /home/airflow/.local/lib/python3.12/site-packages/airflow/example_dags/example_short_circuit_decorator.py took 0.174 seconds
[2024-09-05T00:36:05.450+0000] {processor.py:186} INFO - Started process (PID=364) to work on /home/airflow/.local/lib/python3.12/site-packages/airflow/example_dags/example_short_circuit_decorator.py
[2024-09-05T00:36:05.458+0000] {processor.py:914} INFO - Processing file /home/airflow/.local/lib/python3.12/site-packages/airflow/example_dags/example_short_circuit_decorator.py for tasks to queue
[2024-09-05T00:36:05.464+0000] {logging_mixin.py:190} INFO - [2024-09-05T00:36:05.460+0000] {dagbag.py:587} INFO - Filling up the DagBag from /home/airflow/.local/lib/python3.12/site-packages/airflow/example_dags/example_short_circuit_decorator.py
[2024-09-05T00:36:05.537+0000] {processor.py:925} INFO - DAG(s) 'example_short_circuit_decorator' retrieved from /home/airflow/.local/lib/python3.12/site-packages/airflow/example_dags/example_short_circuit_decorator.py
[2024-09-05T00:36:05.673+0000] {logging_mixin.py:190} INFO - [2024-09-05T00:36:05.672+0000] {dag.py:3211} INFO - Sync 1 DAGs
[2024-09-05T00:36:05.807+0000] {logging_mixin.py:190} INFO - [2024-09-05T00:36:05.806+0000] {dag.py:4138} INFO - Setting next_dagrun for example_short_circuit_decorator to 2024-09-04 00:00:00+00:00, run_after=2024-09-05 00:00:00+00:00
[2024-09-05T00:36:06.011+0000] {processor.py:208} INFO - Processing /home/airflow/.local/lib/python3.12/site-packages/airflow/example_dags/example_short_circuit_decorator.py took 0.593 seconds
[2024-09-05T00:36:36.321+0000] {processor.py:186} INFO - Started process (PID=426) to work on /home/airflow/.local/lib/python3.12/site-packages/airflow/example_dags/example_short_circuit_decorator.py
[2024-09-05T00:36:36.322+0000] {processor.py:914} INFO - Processing file /home/airflow/.local/lib/python3.12/site-packages/airflow/example_dags/example_short_circuit_decorator.py for tasks to queue
[2024-09-05T00:36:36.325+0000] {logging_mixin.py:190} INFO - [2024-09-05T00:36:36.324+0000] {dagbag.py:587} INFO - Filling up the DagBag from /home/airflow/.local/lib/python3.12/site-packages/airflow/example_dags/example_short_circuit_decorator.py
[2024-09-05T00:36:36.351+0000] {processor.py:925} INFO - DAG(s) 'example_short_circuit_decorator' retrieved from /home/airflow/.local/lib/python3.12/site-packages/airflow/example_dags/example_short_circuit_decorator.py
[2024-09-05T00:36:36.400+0000] {logging_mixin.py:190} INFO - [2024-09-05T00:36:36.400+0000] {dag.py:3211} INFO - Sync 1 DAGs
[2024-09-05T00:36:36.451+0000] {logging_mixin.py:190} INFO - [2024-09-05T00:36:36.451+0000] {dag.py:4138} INFO - Setting next_dagrun for example_short_circuit_decorator to 2024-09-04 00:00:00+00:00, run_after=2024-09-05 00:00:00+00:00
[2024-09-05T00:36:36.491+0000] {processor.py:208} INFO - Processing /home/airflow/.local/lib/python3.12/site-packages/airflow/example_dags/example_short_circuit_decorator.py took 0.184 seconds
[2024-09-05T00:37:09.232+0000] {processor.py:186} INFO - Started process (PID=490) to work on /home/airflow/.local/lib/python3.12/site-packages/airflow/example_dags/example_short_circuit_decorator.py
[2024-09-05T00:37:09.243+0000] {processor.py:914} INFO - Processing file /home/airflow/.local/lib/python3.12/site-packages/airflow/example_dags/example_short_circuit_decorator.py for tasks to queue
[2024-09-05T00:37:09.251+0000] {logging_mixin.py:190} INFO - [2024-09-05T00:37:09.250+0000] {dagbag.py:587} INFO - Filling up the DagBag from /home/airflow/.local/lib/python3.12/site-packages/airflow/example_dags/example_short_circuit_decorator.py
[2024-09-05T00:37:09.315+0000] {processor.py:925} INFO - DAG(s) 'example_short_circuit_decorator' retrieved from /home/airflow/.local/lib/python3.12/site-packages/airflow/example_dags/example_short_circuit_decorator.py
[2024-09-05T00:37:09.471+0000] {logging_mixin.py:190} INFO - [2024-09-05T00:37:09.471+0000] {dag.py:3211} INFO - Sync 1 DAGs
[2024-09-05T00:37:09.565+0000] {logging_mixin.py:190} INFO - [2024-09-05T00:37:09.564+0000] {dag.py:4138} INFO - Setting next_dagrun for example_short_circuit_decorator to 2024-09-04 00:00:00+00:00, run_after=2024-09-05 00:00:00+00:00
[2024-09-05T00:37:09.657+0000] {processor.py:208} INFO - Processing /home/airflow/.local/lib/python3.12/site-packages/airflow/example_dags/example_short_circuit_decorator.py took 0.466 seconds
[2024-09-05T00:37:40.165+0000] {processor.py:186} INFO - Started process (PID=553) to work on /home/airflow/.local/lib/python3.12/site-packages/airflow/example_dags/example_short_circuit_decorator.py
[2024-09-05T00:37:40.166+0000] {processor.py:914} INFO - Processing file /home/airflow/.local/lib/python3.12/site-packages/airflow/example_dags/example_short_circuit_decorator.py for tasks to queue
[2024-09-05T00:37:40.169+0000] {logging_mixin.py:190} INFO - [2024-09-05T00:37:40.168+0000] {dagbag.py:587} INFO - Filling up the DagBag from /home/airflow/.local/lib/python3.12/site-packages/airflow/example_dags/example_short_circuit_decorator.py
[2024-09-05T00:37:40.189+0000] {processor.py:925} INFO - DAG(s) 'example_short_circuit_decorator' retrieved from /home/airflow/.local/lib/python3.12/site-packages/airflow/example_dags/example_short_circuit_decorator.py
[2024-09-05T00:37:40.226+0000] {logging_mixin.py:190} INFO - [2024-09-05T00:37:40.226+0000] {dag.py:3211} INFO - Sync 1 DAGs
[2024-09-05T00:37:40.266+0000] {logging_mixin.py:190} INFO - [2024-09-05T00:37:40.266+0000] {dag.py:4138} INFO - Setting next_dagrun for example_short_circuit_decorator to 2024-09-04 00:00:00+00:00, run_after=2024-09-05 00:00:00+00:00
[2024-09-05T00:37:40.294+0000] {processor.py:208} INFO - Processing /home/airflow/.local/lib/python3.12/site-packages/airflow/example_dags/example_short_circuit_decorator.py took 0.141 seconds
[2024-09-05T00:38:10.571+0000] {processor.py:186} INFO - Started process (PID=616) to work on /home/airflow/.local/lib/python3.12/site-packages/airflow/example_dags/example_short_circuit_decorator.py
[2024-09-05T00:38:10.573+0000] {processor.py:914} INFO - Processing file /home/airflow/.local/lib/python3.12/site-packages/airflow/example_dags/example_short_circuit_decorator.py for tasks to queue
[2024-09-05T00:38:10.579+0000] {logging_mixin.py:190} INFO - [2024-09-05T00:38:10.578+0000] {dagbag.py:587} INFO - Filling up the DagBag from /home/airflow/.local/lib/python3.12/site-packages/airflow/example_dags/example_short_circuit_decorator.py
[2024-09-05T00:38:10.629+0000] {processor.py:925} INFO - DAG(s) 'example_short_circuit_decorator' retrieved from /home/airflow/.local/lib/python3.12/site-packages/airflow/example_dags/example_short_circuit_decorator.py
[2024-09-05T00:38:10.716+0000] {logging_mixin.py:190} INFO - [2024-09-05T00:38:10.716+0000] {dag.py:3211} INFO - Sync 1 DAGs
[2024-09-05T00:38:10.773+0000] {logging_mixin.py:190} INFO - [2024-09-05T00:38:10.772+0000] {dag.py:4138} INFO - Setting next_dagrun for example_short_circuit_decorator to 2024-09-04 00:00:00+00:00, run_after=2024-09-05 00:00:00+00:00
[2024-09-05T00:38:10.819+0000] {processor.py:208} INFO - Processing /home/airflow/.local/lib/python3.12/site-packages/airflow/example_dags/example_short_circuit_decorator.py took 0.266 seconds
[2024-09-05T00:38:41.331+0000] {processor.py:186} INFO - Started process (PID=679) to work on /home/airflow/.local/lib/python3.12/site-packages/airflow/example_dags/example_short_circuit_decorator.py
[2024-09-05T00:38:41.333+0000] {processor.py:914} INFO - Processing file /home/airflow/.local/lib/python3.12/site-packages/airflow/example_dags/example_short_circuit_decorator.py for tasks to queue
[2024-09-05T00:38:41.335+0000] {logging_mixin.py:190} INFO - [2024-09-05T00:38:41.335+0000] {dagbag.py:587} INFO - Filling up the DagBag from /home/airflow/.local/lib/python3.12/site-packages/airflow/example_dags/example_short_circuit_decorator.py
[2024-09-05T00:38:41.358+0000] {processor.py:925} INFO - DAG(s) 'example_short_circuit_decorator' retrieved from /home/airflow/.local/lib/python3.12/site-packages/airflow/example_dags/example_short_circuit_decorator.py
[2024-09-05T00:38:41.409+0000] {logging_mixin.py:190} INFO - [2024-09-05T00:38:41.408+0000] {dag.py:3211} INFO - Sync 1 DAGs
[2024-09-05T00:38:41.476+0000] {logging_mixin.py:190} INFO - [2024-09-05T00:38:41.475+0000] {dag.py:4138} INFO - Setting next_dagrun for example_short_circuit_decorator to 2024-09-04 00:00:00+00:00, run_after=2024-09-05 00:00:00+00:00
[2024-09-05T00:38:41.519+0000] {processor.py:208} INFO - Processing /home/airflow/.local/lib/python3.12/site-packages/airflow/example_dags/example_short_circuit_decorator.py took 0.201 seconds
[2024-09-05T00:39:12.600+0000] {processor.py:186} INFO - Started process (PID=742) to work on /home/airflow/.local/lib/python3.12/site-packages/airflow/example_dags/example_short_circuit_decorator.py
[2024-09-05T00:39:12.602+0000] {processor.py:914} INFO - Processing file /home/airflow/.local/lib/python3.12/site-packages/airflow/example_dags/example_short_circuit_decorator.py for tasks to queue
[2024-09-05T00:39:12.605+0000] {logging_mixin.py:190} INFO - [2024-09-05T00:39:12.604+0000] {dagbag.py:587} INFO - Filling up the DagBag from /home/airflow/.local/lib/python3.12/site-packages/airflow/example_dags/example_short_circuit_decorator.py
[2024-09-05T00:39:12.639+0000] {processor.py:925} INFO - DAG(s) 'example_short_circuit_decorator' retrieved from /home/airflow/.local/lib/python3.12/site-packages/airflow/example_dags/example_short_circuit_decorator.py
[2024-09-05T00:39:12.712+0000] {logging_mixin.py:190} INFO - [2024-09-05T00:39:12.711+0000] {dag.py:3211} INFO - Sync 1 DAGs
[2024-09-05T00:39:12.779+0000] {logging_mixin.py:190} INFO - [2024-09-05T00:39:12.778+0000] {dag.py:4138} INFO - Setting next_dagrun for example_short_circuit_decorator to 2024-09-04 00:00:00+00:00, run_after=2024-09-05 00:00:00+00:00
[2024-09-05T00:39:12.848+0000] {processor.py:208} INFO - Processing /home/airflow/.local/lib/python3.12/site-packages/airflow/example_dags/example_short_circuit_decorator.py took 0.273 seconds
[2024-09-05T00:39:43.320+0000] {processor.py:186} INFO - Started process (PID=805) to work on /home/airflow/.local/lib/python3.12/site-packages/airflow/example_dags/example_short_circuit_decorator.py
[2024-09-05T00:39:43.322+0000] {processor.py:914} INFO - Processing file /home/airflow/.local/lib/python3.12/site-packages/airflow/example_dags/example_short_circuit_decorator.py for tasks to queue
[2024-09-05T00:39:43.327+0000] {logging_mixin.py:190} INFO - [2024-09-05T00:39:43.327+0000] {dagbag.py:587} INFO - Filling up the DagBag from /home/airflow/.local/lib/python3.12/site-packages/airflow/example_dags/example_short_circuit_decorator.py
[2024-09-05T00:39:43.351+0000] {processor.py:925} INFO - DAG(s) 'example_short_circuit_decorator' retrieved from /home/airflow/.local/lib/python3.12/site-packages/airflow/example_dags/example_short_circuit_decorator.py
[2024-09-05T00:39:43.402+0000] {logging_mixin.py:190} INFO - [2024-09-05T00:39:43.402+0000] {dag.py:3211} INFO - Sync 1 DAGs
[2024-09-05T00:39:43.461+0000] {logging_mixin.py:190} INFO - [2024-09-05T00:39:43.461+0000] {dag.py:4138} INFO - Setting next_dagrun for example_short_circuit_decorator to 2024-09-04 00:00:00+00:00, run_after=2024-09-05 00:00:00+00:00
[2024-09-05T00:39:43.519+0000] {processor.py:208} INFO - Processing /home/airflow/.local/lib/python3.12/site-packages/airflow/example_dags/example_short_circuit_decorator.py took 0.229 seconds
[2024-09-05T00:40:14.553+0000] {processor.py:186} INFO - Started process (PID=868) to work on /home/airflow/.local/lib/python3.12/site-packages/airflow/example_dags/example_short_circuit_decorator.py
[2024-09-05T00:40:14.562+0000] {processor.py:914} INFO - Processing file /home/airflow/.local/lib/python3.12/site-packages/airflow/example_dags/example_short_circuit_decorator.py for tasks to queue
[2024-09-05T00:40:14.569+0000] {logging_mixin.py:190} INFO - [2024-09-05T00:40:14.567+0000] {dagbag.py:587} INFO - Filling up the DagBag from /home/airflow/.local/lib/python3.12/site-packages/airflow/example_dags/example_short_circuit_decorator.py
[2024-09-05T00:40:14.662+0000] {processor.py:925} INFO - DAG(s) 'example_short_circuit_decorator' retrieved from /home/airflow/.local/lib/python3.12/site-packages/airflow/example_dags/example_short_circuit_decorator.py
[2024-09-05T00:40:14.855+0000] {logging_mixin.py:190} INFO - [2024-09-05T00:40:14.846+0000] {dag.py:3211} INFO - Sync 1 DAGs
[2024-09-05T00:40:15.079+0000] {logging_mixin.py:190} INFO - [2024-09-05T00:40:15.077+0000] {dag.py:4138} INFO - Setting next_dagrun for example_short_circuit_decorator to 2024-09-04 00:00:00+00:00, run_after=2024-09-05 00:00:00+00:00
[2024-09-05T00:40:15.256+0000] {processor.py:208} INFO - Processing /home/airflow/.local/lib/python3.12/site-packages/airflow/example_dags/example_short_circuit_decorator.py took 0.734 seconds
[2024-09-05T00:40:52.643+0000] {processor.py:186} INFO - Started process (PID=936) to work on /home/airflow/.local/lib/python3.12/site-packages/airflow/example_dags/example_short_circuit_decorator.py
[2024-09-05T00:40:52.770+0000] {processor.py:914} INFO - Processing file /home/airflow/.local/lib/python3.12/site-packages/airflow/example_dags/example_short_circuit_decorator.py for tasks to queue
[2024-09-05T00:40:52.984+0000] {logging_mixin.py:190} INFO - [2024-09-05T00:40:52.937+0000] {dagbag.py:587} INFO - Filling up the DagBag from /home/airflow/.local/lib/python3.12/site-packages/airflow/example_dags/example_short_circuit_decorator.py
[2024-09-05T00:40:53.402+0000] {processor.py:925} INFO - DAG(s) 'example_short_circuit_decorator' retrieved from /home/airflow/.local/lib/python3.12/site-packages/airflow/example_dags/example_short_circuit_decorator.py
[2024-09-05T00:40:54.204+0000] {logging_mixin.py:190} INFO - [2024-09-05T00:40:54.198+0000] {dag.py:3211} INFO - Sync 1 DAGs
[2024-09-05T00:40:55.421+0000] {logging_mixin.py:190} INFO - [2024-09-05T00:40:55.408+0000] {dag.py:4138} INFO - Setting next_dagrun for example_short_circuit_decorator to 2024-09-04 00:00:00+00:00, run_after=2024-09-05 00:00:00+00:00
[2024-09-05T00:40:56.280+0000] {processor.py:208} INFO - Processing /home/airflow/.local/lib/python3.12/site-packages/airflow/example_dags/example_short_circuit_decorator.py took 4.025 seconds
