[2024-09-05T00:04:12.769+0000] {processor.py:186} INFO - Started process (PID=104) to work on /home/airflow/.local/lib/python3.12/site-packages/airflow/example_dags/example_branch_python_dop_operator_3.py
[2024-09-05T00:04:12.772+0000] {processor.py:914} INFO - Processing file /home/airflow/.local/lib/python3.12/site-packages/airflow/example_dags/example_branch_python_dop_operator_3.py for tasks to queue
[2024-09-05T00:04:12.776+0000] {logging_mixin.py:190} INFO - [2024-09-05T00:04:12.775+0000] {dagbag.py:587} INFO - Filling up the DagBag from /home/airflow/.local/lib/python3.12/site-packages/airflow/example_dags/example_branch_python_dop_operator_3.py
[2024-09-05T00:04:12.823+0000] {processor.py:925} INFO - DAG(s) 'example_branch_dop_operator_v3' retrieved from /home/airflow/.local/lib/python3.12/site-packages/airflow/example_dags/example_branch_python_dop_operator_3.py
[2024-09-05T00:04:13.357+0000] {logging_mixin.py:190} INFO - [2024-09-05T00:04:13.356+0000] {override.py:1858} INFO - Created Permission View: can delete on DAG:example_branch_dop_operator_v3
[2024-09-05T00:04:13.392+0000] {logging_mixin.py:190} INFO - [2024-09-05T00:04:13.391+0000] {override.py:1858} INFO - Created Permission View: can read on DAG:example_branch_dop_operator_v3
[2024-09-05T00:04:13.419+0000] {logging_mixin.py:190} INFO - [2024-09-05T00:04:13.418+0000] {override.py:1858} INFO - Created Permission View: can edit on DAG:example_branch_dop_operator_v3
[2024-09-05T00:04:13.422+0000] {logging_mixin.py:190} INFO - [2024-09-05T00:04:13.421+0000] {dag.py:3211} INFO - Sync 1 DAGs
[2024-09-05T00:04:13.475+0000] {logging_mixin.py:190} INFO - [2024-09-05T00:04:13.473+0000] {dag.py:3234} INFO - Creating ORM DAG for example_branch_dop_operator_v3
[2024-09-05T00:04:13.527+0000] {logging_mixin.py:190} INFO - [2024-09-05T00:04:13.526+0000] {dag.py:4138} INFO - Setting next_dagrun for example_branch_dop_operator_v3 to 2024-09-05 00:03:00+00:00, run_after=2024-09-05 00:04:00+00:00
[2024-09-05T00:04:13.583+0000] {processor.py:208} INFO - Processing /home/airflow/.local/lib/python3.12/site-packages/airflow/example_dags/example_branch_python_dop_operator_3.py took 0.843 seconds
[2024-09-05T00:04:45.672+0000] {processor.py:186} INFO - Started process (PID=165) to work on /home/airflow/.local/lib/python3.12/site-packages/airflow/example_dags/example_branch_python_dop_operator_3.py
[2024-09-05T00:04:45.691+0000] {processor.py:914} INFO - Processing file /home/airflow/.local/lib/python3.12/site-packages/airflow/example_dags/example_branch_python_dop_operator_3.py for tasks to queue
[2024-09-05T00:04:45.722+0000] {logging_mixin.py:190} INFO - [2024-09-05T00:04:45.708+0000] {dagbag.py:587} INFO - Filling up the DagBag from /home/airflow/.local/lib/python3.12/site-packages/airflow/example_dags/example_branch_python_dop_operator_3.py
[2024-09-05T00:04:45.909+0000] {processor.py:925} INFO - DAG(s) 'example_branch_dop_operator_v3' retrieved from /home/airflow/.local/lib/python3.12/site-packages/airflow/example_dags/example_branch_python_dop_operator_3.py
[2024-09-05T00:04:46.161+0000] {logging_mixin.py:190} INFO - [2024-09-05T00:04:46.160+0000] {dag.py:3211} INFO - Sync 1 DAGs
[2024-09-05T00:04:46.510+0000] {logging_mixin.py:190} INFO - [2024-09-05T00:04:46.509+0000] {dag.py:4138} INFO - Setting next_dagrun for example_branch_dop_operator_v3 to 2024-09-05 00:03:00+00:00, run_after=2024-09-05 00:04:00+00:00
[2024-09-05T00:04:46.667+0000] {processor.py:208} INFO - Processing /home/airflow/.local/lib/python3.12/site-packages/airflow/example_dags/example_branch_python_dop_operator_3.py took 1.090 seconds
[2024-09-05T00:05:16.794+0000] {processor.py:186} INFO - Started process (PID=227) to work on /home/airflow/.local/lib/python3.12/site-packages/airflow/example_dags/example_branch_python_dop_operator_3.py
[2024-09-05T00:05:16.795+0000] {processor.py:914} INFO - Processing file /home/airflow/.local/lib/python3.12/site-packages/airflow/example_dags/example_branch_python_dop_operator_3.py for tasks to queue
[2024-09-05T00:05:16.799+0000] {logging_mixin.py:190} INFO - [2024-09-05T00:05:16.798+0000] {dagbag.py:587} INFO - Filling up the DagBag from /home/airflow/.local/lib/python3.12/site-packages/airflow/example_dags/example_branch_python_dop_operator_3.py
[2024-09-05T00:05:16.830+0000] {processor.py:925} INFO - DAG(s) 'example_branch_dop_operator_v3' retrieved from /home/airflow/.local/lib/python3.12/site-packages/airflow/example_dags/example_branch_python_dop_operator_3.py
[2024-09-05T00:05:16.917+0000] {logging_mixin.py:190} INFO - [2024-09-05T00:05:16.916+0000] {dag.py:3211} INFO - Sync 1 DAGs
[2024-09-05T00:05:17.021+0000] {logging_mixin.py:190} INFO - [2024-09-05T00:05:17.020+0000] {dag.py:4138} INFO - Setting next_dagrun for example_branch_dop_operator_v3 to 2024-09-05 00:04:00+00:00, run_after=2024-09-05 00:05:00+00:00
[2024-09-05T00:05:17.126+0000] {processor.py:208} INFO - Processing /home/airflow/.local/lib/python3.12/site-packages/airflow/example_dags/example_branch_python_dop_operator_3.py took 0.349 seconds
[2024-09-05T00:13:31.018+0000] {processor.py:186} INFO - Started process (PID=97) to work on /home/airflow/.local/lib/python3.12/site-packages/airflow/example_dags/example_branch_python_dop_operator_3.py
[2024-09-05T00:13:31.034+0000] {processor.py:914} INFO - Processing file /home/airflow/.local/lib/python3.12/site-packages/airflow/example_dags/example_branch_python_dop_operator_3.py for tasks to queue
[2024-09-05T00:13:31.054+0000] {logging_mixin.py:190} INFO - [2024-09-05T00:13:31.048+0000] {dagbag.py:587} INFO - Filling up the DagBag from /home/airflow/.local/lib/python3.12/site-packages/airflow/example_dags/example_branch_python_dop_operator_3.py
[2024-09-05T00:13:31.413+0000] {processor.py:925} INFO - DAG(s) 'example_branch_dop_operator_v3' retrieved from /home/airflow/.local/lib/python3.12/site-packages/airflow/example_dags/example_branch_python_dop_operator_3.py
[2024-09-05T00:13:32.664+0000] {logging_mixin.py:190} INFO - [2024-09-05T00:13:32.663+0000] {dag.py:3211} INFO - Sync 1 DAGs
[2024-09-05T00:13:33.750+0000] {logging_mixin.py:190} INFO - [2024-09-05T00:13:33.743+0000] {dag.py:4138} INFO - Setting next_dagrun for example_branch_dop_operator_v3 to 2024-09-05 00:12:00+00:00, run_after=2024-09-05 00:13:00+00:00
[2024-09-05T00:13:33.998+0000] {processor.py:208} INFO - Processing /home/airflow/.local/lib/python3.12/site-packages/airflow/example_dags/example_branch_python_dop_operator_3.py took 3.160 seconds
[2024-09-05T00:14:04.447+0000] {processor.py:186} INFO - Started process (PID=165) to work on /home/airflow/.local/lib/python3.12/site-packages/airflow/example_dags/example_branch_python_dop_operator_3.py
[2024-09-05T00:14:04.450+0000] {processor.py:914} INFO - Processing file /home/airflow/.local/lib/python3.12/site-packages/airflow/example_dags/example_branch_python_dop_operator_3.py for tasks to queue
[2024-09-05T00:14:04.454+0000] {logging_mixin.py:190} INFO - [2024-09-05T00:14:04.453+0000] {dagbag.py:587} INFO - Filling up the DagBag from /home/airflow/.local/lib/python3.12/site-packages/airflow/example_dags/example_branch_python_dop_operator_3.py
[2024-09-05T00:14:04.521+0000] {processor.py:925} INFO - DAG(s) 'example_branch_dop_operator_v3' retrieved from /home/airflow/.local/lib/python3.12/site-packages/airflow/example_dags/example_branch_python_dop_operator_3.py
[2024-09-05T00:14:04.588+0000] {logging_mixin.py:190} INFO - [2024-09-05T00:14:04.587+0000] {dag.py:3211} INFO - Sync 1 DAGs
[2024-09-05T00:14:04.673+0000] {logging_mixin.py:190} INFO - [2024-09-05T00:14:04.672+0000] {dag.py:4138} INFO - Setting next_dagrun for example_branch_dop_operator_v3 to 2024-09-05 00:13:00+00:00, run_after=2024-09-05 00:14:00+00:00
[2024-09-05T00:14:04.730+0000] {processor.py:208} INFO - Processing /home/airflow/.local/lib/python3.12/site-packages/airflow/example_dags/example_branch_python_dop_operator_3.py took 0.311 seconds
[2024-09-05T00:14:35.342+0000] {processor.py:186} INFO - Started process (PID=228) to work on /home/airflow/.local/lib/python3.12/site-packages/airflow/example_dags/example_branch_python_dop_operator_3.py
[2024-09-05T00:14:35.344+0000] {processor.py:914} INFO - Processing file /home/airflow/.local/lib/python3.12/site-packages/airflow/example_dags/example_branch_python_dop_operator_3.py for tasks to queue
[2024-09-05T00:14:35.350+0000] {logging_mixin.py:190} INFO - [2024-09-05T00:14:35.349+0000] {dagbag.py:587} INFO - Filling up the DagBag from /home/airflow/.local/lib/python3.12/site-packages/airflow/example_dags/example_branch_python_dop_operator_3.py
[2024-09-05T00:14:35.495+0000] {processor.py:925} INFO - DAG(s) 'example_branch_dop_operator_v3' retrieved from /home/airflow/.local/lib/python3.12/site-packages/airflow/example_dags/example_branch_python_dop_operator_3.py
[2024-09-05T00:14:35.621+0000] {logging_mixin.py:190} INFO - [2024-09-05T00:14:35.620+0000] {dag.py:3211} INFO - Sync 1 DAGs
[2024-09-05T00:14:35.814+0000] {logging_mixin.py:190} INFO - [2024-09-05T00:14:35.813+0000] {dag.py:4138} INFO - Setting next_dagrun for example_branch_dop_operator_v3 to 2024-09-05 00:13:00+00:00, run_after=2024-09-05 00:14:00+00:00
[2024-09-05T00:14:35.894+0000] {processor.py:208} INFO - Processing /home/airflow/.local/lib/python3.12/site-packages/airflow/example_dags/example_branch_python_dop_operator_3.py took 0.593 seconds
[2024-09-05T00:15:06.980+0000] {processor.py:186} INFO - Started process (PID=303) to work on /home/airflow/.local/lib/python3.12/site-packages/airflow/example_dags/example_branch_python_dop_operator_3.py
[2024-09-05T00:15:06.981+0000] {processor.py:914} INFO - Processing file /home/airflow/.local/lib/python3.12/site-packages/airflow/example_dags/example_branch_python_dop_operator_3.py for tasks to queue
[2024-09-05T00:15:06.985+0000] {logging_mixin.py:190} INFO - [2024-09-05T00:15:06.984+0000] {dagbag.py:587} INFO - Filling up the DagBag from /home/airflow/.local/lib/python3.12/site-packages/airflow/example_dags/example_branch_python_dop_operator_3.py
[2024-09-05T00:15:07.021+0000] {processor.py:925} INFO - DAG(s) 'example_branch_dop_operator_v3' retrieved from /home/airflow/.local/lib/python3.12/site-packages/airflow/example_dags/example_branch_python_dop_operator_3.py
[2024-09-05T00:15:07.102+0000] {logging_mixin.py:190} INFO - [2024-09-05T00:15:07.102+0000] {dag.py:3211} INFO - Sync 1 DAGs
[2024-09-05T00:15:07.261+0000] {logging_mixin.py:190} INFO - [2024-09-05T00:15:07.260+0000] {dag.py:4138} INFO - Setting next_dagrun for example_branch_dop_operator_v3 to 2024-09-05 00:14:00+00:00, run_after=2024-09-05 00:15:00+00:00
[2024-09-05T00:15:07.341+0000] {processor.py:208} INFO - Processing /home/airflow/.local/lib/python3.12/site-packages/airflow/example_dags/example_branch_python_dop_operator_3.py took 0.397 seconds
[2024-09-05T00:32:36.087+0000] {processor.py:186} INFO - Started process (PID=117) to work on /home/airflow/.local/lib/python3.12/site-packages/airflow/example_dags/example_branch_python_dop_operator_3.py
[2024-09-05T00:32:36.092+0000] {processor.py:914} INFO - Processing file /home/airflow/.local/lib/python3.12/site-packages/airflow/example_dags/example_branch_python_dop_operator_3.py for tasks to queue
[2024-09-05T00:32:36.105+0000] {logging_mixin.py:190} INFO - [2024-09-05T00:32:36.104+0000] {dagbag.py:587} INFO - Filling up the DagBag from /home/airflow/.local/lib/python3.12/site-packages/airflow/example_dags/example_branch_python_dop_operator_3.py
[2024-09-05T00:32:36.507+0000] {processor.py:925} INFO - DAG(s) 'example_branch_dop_operator_v3' retrieved from /home/airflow/.local/lib/python3.12/site-packages/airflow/example_dags/example_branch_python_dop_operator_3.py
[2024-09-05T00:32:37.377+0000] {logging_mixin.py:190} INFO - [2024-09-05T00:32:37.376+0000] {dag.py:3211} INFO - Sync 1 DAGs
[2024-09-05T00:32:37.922+0000] {logging_mixin.py:190} INFO - [2024-09-05T00:32:37.922+0000] {dag.py:4138} INFO - Setting next_dagrun for example_branch_dop_operator_v3 to 2024-09-05 00:31:00+00:00, run_after=2024-09-05 00:32:00+00:00
[2024-09-05T00:32:38.068+0000] {processor.py:208} INFO - Processing /home/airflow/.local/lib/python3.12/site-packages/airflow/example_dags/example_branch_python_dop_operator_3.py took 2.118 seconds
[2024-09-05T00:33:08.370+0000] {processor.py:186} INFO - Started process (PID=180) to work on /home/airflow/.local/lib/python3.12/site-packages/airflow/example_dags/example_branch_python_dop_operator_3.py
[2024-09-05T00:33:08.375+0000] {processor.py:914} INFO - Processing file /home/airflow/.local/lib/python3.12/site-packages/airflow/example_dags/example_branch_python_dop_operator_3.py for tasks to queue
[2024-09-05T00:33:08.385+0000] {logging_mixin.py:190} INFO - [2024-09-05T00:33:08.384+0000] {dagbag.py:587} INFO - Filling up the DagBag from /home/airflow/.local/lib/python3.12/site-packages/airflow/example_dags/example_branch_python_dop_operator_3.py
[2024-09-05T00:33:08.422+0000] {processor.py:925} INFO - DAG(s) 'example_branch_dop_operator_v3' retrieved from /home/airflow/.local/lib/python3.12/site-packages/airflow/example_dags/example_branch_python_dop_operator_3.py
[2024-09-05T00:33:08.478+0000] {logging_mixin.py:190} INFO - [2024-09-05T00:33:08.478+0000] {dag.py:3211} INFO - Sync 1 DAGs
[2024-09-05T00:33:08.562+0000] {logging_mixin.py:190} INFO - [2024-09-05T00:33:08.561+0000] {dag.py:4138} INFO - Setting next_dagrun for example_branch_dop_operator_v3 to 2024-09-05 00:32:00+00:00, run_after=2024-09-05 00:33:00+00:00
[2024-09-05T00:33:08.668+0000] {processor.py:208} INFO - Processing /home/airflow/.local/lib/python3.12/site-packages/airflow/example_dags/example_branch_python_dop_operator_3.py took 0.321 seconds
[2024-09-05T00:33:39.001+0000] {processor.py:186} INFO - Started process (PID=242) to work on /home/airflow/.local/lib/python3.12/site-packages/airflow/example_dags/example_branch_python_dop_operator_3.py
[2024-09-05T00:33:39.003+0000] {processor.py:914} INFO - Processing file /home/airflow/.local/lib/python3.12/site-packages/airflow/example_dags/example_branch_python_dop_operator_3.py for tasks to queue
[2024-09-05T00:33:39.005+0000] {logging_mixin.py:190} INFO - [2024-09-05T00:33:39.005+0000] {dagbag.py:587} INFO - Filling up the DagBag from /home/airflow/.local/lib/python3.12/site-packages/airflow/example_dags/example_branch_python_dop_operator_3.py
[2024-09-05T00:33:39.019+0000] {processor.py:925} INFO - DAG(s) 'example_branch_dop_operator_v3' retrieved from /home/airflow/.local/lib/python3.12/site-packages/airflow/example_dags/example_branch_python_dop_operator_3.py
[2024-09-05T00:33:39.048+0000] {logging_mixin.py:190} INFO - [2024-09-05T00:33:39.048+0000] {dag.py:3211} INFO - Sync 1 DAGs
[2024-09-05T00:33:39.086+0000] {logging_mixin.py:190} INFO - [2024-09-05T00:33:39.085+0000] {dag.py:4138} INFO - Setting next_dagrun for example_branch_dop_operator_v3 to 2024-09-05 00:32:00+00:00, run_after=2024-09-05 00:33:00+00:00
[2024-09-05T00:33:39.109+0000] {processor.py:208} INFO - Processing /home/airflow/.local/lib/python3.12/site-packages/airflow/example_dags/example_branch_python_dop_operator_3.py took 0.125 seconds
[2024-09-05T00:34:39.382+0000] {processor.py:186} INFO - Started process (PID=312) to work on /home/airflow/.local/lib/python3.12/site-packages/airflow/example_dags/example_branch_python_dop_operator_3.py
[2024-09-05T00:34:39.483+0000] {processor.py:914} INFO - Processing file /home/airflow/.local/lib/python3.12/site-packages/airflow/example_dags/example_branch_python_dop_operator_3.py for tasks to queue
[2024-09-05T00:34:39.562+0000] {logging_mixin.py:190} INFO - [2024-09-05T00:34:39.552+0000] {dagbag.py:587} INFO - Filling up the DagBag from /home/airflow/.local/lib/python3.12/site-packages/airflow/example_dags/example_branch_python_dop_operator_3.py
[2024-09-05T00:34:39.868+0000] {processor.py:925} INFO - DAG(s) 'example_branch_dop_operator_v3' retrieved from /home/airflow/.local/lib/python3.12/site-packages/airflow/example_dags/example_branch_python_dop_operator_3.py
[2024-09-05T00:34:40.458+0000] {logging_mixin.py:190} INFO - [2024-09-05T00:34:40.445+0000] {dag.py:3211} INFO - Sync 1 DAGs
[2024-09-05T00:34:41.509+0000] {logging_mixin.py:190} INFO - [2024-09-05T00:34:41.489+0000] {dag.py:4138} INFO - Setting next_dagrun for example_branch_dop_operator_v3 to 2024-09-05 00:33:00+00:00, run_after=2024-09-05 00:34:00+00:00
[2024-09-05T00:34:42.399+0000] {processor.py:208} INFO - Processing /home/airflow/.local/lib/python3.12/site-packages/airflow/example_dags/example_branch_python_dop_operator_3.py took 3.236 seconds
[2024-09-05T00:36:10.255+0000] {processor.py:186} INFO - Started process (PID=387) to work on /home/airflow/.local/lib/python3.12/site-packages/airflow/example_dags/example_branch_python_dop_operator_3.py
[2024-09-05T00:36:10.257+0000] {processor.py:914} INFO - Processing file /home/airflow/.local/lib/python3.12/site-packages/airflow/example_dags/example_branch_python_dop_operator_3.py for tasks to queue
[2024-09-05T00:36:10.260+0000] {logging_mixin.py:190} INFO - [2024-09-05T00:36:10.259+0000] {dagbag.py:587} INFO - Filling up the DagBag from /home/airflow/.local/lib/python3.12/site-packages/airflow/example_dags/example_branch_python_dop_operator_3.py
[2024-09-05T00:36:10.278+0000] {processor.py:925} INFO - DAG(s) 'example_branch_dop_operator_v3' retrieved from /home/airflow/.local/lib/python3.12/site-packages/airflow/example_dags/example_branch_python_dop_operator_3.py
[2024-09-05T00:36:10.314+0000] {logging_mixin.py:190} INFO - [2024-09-05T00:36:10.314+0000] {dag.py:3211} INFO - Sync 1 DAGs
[2024-09-05T00:36:10.361+0000] {logging_mixin.py:190} INFO - [2024-09-05T00:36:10.360+0000] {dag.py:4138} INFO - Setting next_dagrun for example_branch_dop_operator_v3 to 2024-09-05 00:35:00+00:00, run_after=2024-09-05 00:36:00+00:00
[2024-09-05T00:36:10.397+0000] {processor.py:208} INFO - Processing /home/airflow/.local/lib/python3.12/site-packages/airflow/example_dags/example_branch_python_dop_operator_3.py took 0.152 seconds
[2024-09-05T00:36:43.210+0000] {processor.py:186} INFO - Started process (PID=450) to work on /home/airflow/.local/lib/python3.12/site-packages/airflow/example_dags/example_branch_python_dop_operator_3.py
[2024-09-05T00:36:43.211+0000] {processor.py:914} INFO - Processing file /home/airflow/.local/lib/python3.12/site-packages/airflow/example_dags/example_branch_python_dop_operator_3.py for tasks to queue
[2024-09-05T00:36:43.217+0000] {logging_mixin.py:190} INFO - [2024-09-05T00:36:43.213+0000] {dagbag.py:587} INFO - Filling up the DagBag from /home/airflow/.local/lib/python3.12/site-packages/airflow/example_dags/example_branch_python_dop_operator_3.py
[2024-09-05T00:36:43.250+0000] {processor.py:925} INFO - DAG(s) 'example_branch_dop_operator_v3' retrieved from /home/airflow/.local/lib/python3.12/site-packages/airflow/example_dags/example_branch_python_dop_operator_3.py
[2024-09-05T00:36:43.297+0000] {logging_mixin.py:190} INFO - [2024-09-05T00:36:43.296+0000] {dag.py:3211} INFO - Sync 1 DAGs
[2024-09-05T00:36:43.377+0000] {logging_mixin.py:190} INFO - [2024-09-05T00:36:43.377+0000] {dag.py:4138} INFO - Setting next_dagrun for example_branch_dop_operator_v3 to 2024-09-05 00:35:00+00:00, run_after=2024-09-05 00:36:00+00:00
[2024-09-05T00:36:43.448+0000] {processor.py:208} INFO - Processing /home/airflow/.local/lib/python3.12/site-packages/airflow/example_dags/example_branch_python_dop_operator_3.py took 0.258 seconds
[2024-09-05T00:37:14.274+0000] {processor.py:186} INFO - Started process (PID=513) to work on /home/airflow/.local/lib/python3.12/site-packages/airflow/example_dags/example_branch_python_dop_operator_3.py
[2024-09-05T00:37:14.274+0000] {processor.py:914} INFO - Processing file /home/airflow/.local/lib/python3.12/site-packages/airflow/example_dags/example_branch_python_dop_operator_3.py for tasks to queue
[2024-09-05T00:37:14.280+0000] {logging_mixin.py:190} INFO - [2024-09-05T00:37:14.279+0000] {dagbag.py:587} INFO - Filling up the DagBag from /home/airflow/.local/lib/python3.12/site-packages/airflow/example_dags/example_branch_python_dop_operator_3.py
[2024-09-05T00:37:14.297+0000] {processor.py:925} INFO - DAG(s) 'example_branch_dop_operator_v3' retrieved from /home/airflow/.local/lib/python3.12/site-packages/airflow/example_dags/example_branch_python_dop_operator_3.py
[2024-09-05T00:37:14.338+0000] {logging_mixin.py:190} INFO - [2024-09-05T00:37:14.338+0000] {dag.py:3211} INFO - Sync 1 DAGs
[2024-09-05T00:37:14.386+0000] {logging_mixin.py:190} INFO - [2024-09-05T00:37:14.386+0000] {dag.py:4138} INFO - Setting next_dagrun for example_branch_dop_operator_v3 to 2024-09-05 00:36:00+00:00, run_after=2024-09-05 00:37:00+00:00
[2024-09-05T00:37:14.426+0000] {processor.py:208} INFO - Processing /home/airflow/.local/lib/python3.12/site-packages/airflow/example_dags/example_branch_python_dop_operator_3.py took 0.159 seconds
[2024-09-05T00:37:44.533+0000] {processor.py:186} INFO - Started process (PID=575) to work on /home/airflow/.local/lib/python3.12/site-packages/airflow/example_dags/example_branch_python_dop_operator_3.py
[2024-09-05T00:37:44.534+0000] {processor.py:914} INFO - Processing file /home/airflow/.local/lib/python3.12/site-packages/airflow/example_dags/example_branch_python_dop_operator_3.py for tasks to queue
[2024-09-05T00:37:44.537+0000] {logging_mixin.py:190} INFO - [2024-09-05T00:37:44.536+0000] {dagbag.py:587} INFO - Filling up the DagBag from /home/airflow/.local/lib/python3.12/site-packages/airflow/example_dags/example_branch_python_dop_operator_3.py
[2024-09-05T00:37:44.552+0000] {processor.py:925} INFO - DAG(s) 'example_branch_dop_operator_v3' retrieved from /home/airflow/.local/lib/python3.12/site-packages/airflow/example_dags/example_branch_python_dop_operator_3.py
[2024-09-05T00:37:44.593+0000] {logging_mixin.py:190} INFO - [2024-09-05T00:37:44.592+0000] {dag.py:3211} INFO - Sync 1 DAGs
[2024-09-05T00:37:44.645+0000] {logging_mixin.py:190} INFO - [2024-09-05T00:37:44.644+0000] {dag.py:4138} INFO - Setting next_dagrun for example_branch_dop_operator_v3 to 2024-09-05 00:36:00+00:00, run_after=2024-09-05 00:37:00+00:00
[2024-09-05T00:37:44.676+0000] {processor.py:208} INFO - Processing /home/airflow/.local/lib/python3.12/site-packages/airflow/example_dags/example_branch_python_dop_operator_3.py took 0.150 seconds
[2024-09-05T00:38:15.268+0000] {processor.py:186} INFO - Started process (PID=638) to work on /home/airflow/.local/lib/python3.12/site-packages/airflow/example_dags/example_branch_python_dop_operator_3.py
[2024-09-05T00:38:15.270+0000] {processor.py:914} INFO - Processing file /home/airflow/.local/lib/python3.12/site-packages/airflow/example_dags/example_branch_python_dop_operator_3.py for tasks to queue
[2024-09-05T00:38:15.274+0000] {logging_mixin.py:190} INFO - [2024-09-05T00:38:15.273+0000] {dagbag.py:587} INFO - Filling up the DagBag from /home/airflow/.local/lib/python3.12/site-packages/airflow/example_dags/example_branch_python_dop_operator_3.py
[2024-09-05T00:38:15.297+0000] {processor.py:925} INFO - DAG(s) 'example_branch_dop_operator_v3' retrieved from /home/airflow/.local/lib/python3.12/site-packages/airflow/example_dags/example_branch_python_dop_operator_3.py
[2024-09-05T00:38:15.326+0000] {logging_mixin.py:190} INFO - [2024-09-05T00:38:15.326+0000] {dag.py:3211} INFO - Sync 1 DAGs
[2024-09-05T00:38:15.370+0000] {logging_mixin.py:190} INFO - [2024-09-05T00:38:15.370+0000] {dag.py:4138} INFO - Setting next_dagrun for example_branch_dop_operator_v3 to 2024-09-05 00:37:00+00:00, run_after=2024-09-05 00:38:00+00:00
[2024-09-05T00:38:15.408+0000] {processor.py:208} INFO - Processing /home/airflow/.local/lib/python3.12/site-packages/airflow/example_dags/example_branch_python_dop_operator_3.py took 0.148 seconds
[2024-09-05T00:38:47.662+0000] {processor.py:186} INFO - Started process (PID=701) to work on /home/airflow/.local/lib/python3.12/site-packages/airflow/example_dags/example_branch_python_dop_operator_3.py
[2024-09-05T00:38:47.664+0000] {processor.py:914} INFO - Processing file /home/airflow/.local/lib/python3.12/site-packages/airflow/example_dags/example_branch_python_dop_operator_3.py for tasks to queue
[2024-09-05T00:38:47.667+0000] {logging_mixin.py:190} INFO - [2024-09-05T00:38:47.666+0000] {dagbag.py:587} INFO - Filling up the DagBag from /home/airflow/.local/lib/python3.12/site-packages/airflow/example_dags/example_branch_python_dop_operator_3.py
[2024-09-05T00:38:47.695+0000] {processor.py:925} INFO - DAG(s) 'example_branch_dop_operator_v3' retrieved from /home/airflow/.local/lib/python3.12/site-packages/airflow/example_dags/example_branch_python_dop_operator_3.py
[2024-09-05T00:38:47.748+0000] {logging_mixin.py:190} INFO - [2024-09-05T00:38:47.748+0000] {dag.py:3211} INFO - Sync 1 DAGs
[2024-09-05T00:38:47.808+0000] {logging_mixin.py:190} INFO - [2024-09-05T00:38:47.808+0000] {dag.py:4138} INFO - Setting next_dagrun for example_branch_dop_operator_v3 to 2024-09-05 00:37:00+00:00, run_after=2024-09-05 00:38:00+00:00
[2024-09-05T00:38:47.852+0000] {processor.py:208} INFO - Processing /home/airflow/.local/lib/python3.12/site-packages/airflow/example_dags/example_branch_python_dop_operator_3.py took 0.202 seconds
[2024-09-05T00:39:17.977+0000] {processor.py:186} INFO - Started process (PID=764) to work on /home/airflow/.local/lib/python3.12/site-packages/airflow/example_dags/example_branch_python_dop_operator_3.py
[2024-09-05T00:39:17.978+0000] {processor.py:914} INFO - Processing file /home/airflow/.local/lib/python3.12/site-packages/airflow/example_dags/example_branch_python_dop_operator_3.py for tasks to queue
[2024-09-05T00:39:17.982+0000] {logging_mixin.py:190} INFO - [2024-09-05T00:39:17.981+0000] {dagbag.py:587} INFO - Filling up the DagBag from /home/airflow/.local/lib/python3.12/site-packages/airflow/example_dags/example_branch_python_dop_operator_3.py
[2024-09-05T00:39:18.009+0000] {processor.py:925} INFO - DAG(s) 'example_branch_dop_operator_v3' retrieved from /home/airflow/.local/lib/python3.12/site-packages/airflow/example_dags/example_branch_python_dop_operator_3.py
[2024-09-05T00:39:18.055+0000] {logging_mixin.py:190} INFO - [2024-09-05T00:39:18.055+0000] {dag.py:3211} INFO - Sync 1 DAGs
[2024-09-05T00:39:18.107+0000] {logging_mixin.py:190} INFO - [2024-09-05T00:39:18.106+0000] {dag.py:4138} INFO - Setting next_dagrun for example_branch_dop_operator_v3 to 2024-09-05 00:38:00+00:00, run_after=2024-09-05 00:39:00+00:00
[2024-09-05T00:39:18.151+0000] {processor.py:208} INFO - Processing /home/airflow/.local/lib/python3.12/site-packages/airflow/example_dags/example_branch_python_dop_operator_3.py took 0.186 seconds
[2024-09-05T00:39:48.518+0000] {processor.py:186} INFO - Started process (PID=827) to work on /home/airflow/.local/lib/python3.12/site-packages/airflow/example_dags/example_branch_python_dop_operator_3.py
[2024-09-05T00:39:48.519+0000] {processor.py:914} INFO - Processing file /home/airflow/.local/lib/python3.12/site-packages/airflow/example_dags/example_branch_python_dop_operator_3.py for tasks to queue
[2024-09-05T00:39:48.522+0000] {logging_mixin.py:190} INFO - [2024-09-05T00:39:48.521+0000] {dagbag.py:587} INFO - Filling up the DagBag from /home/airflow/.local/lib/python3.12/site-packages/airflow/example_dags/example_branch_python_dop_operator_3.py
[2024-09-05T00:39:48.547+0000] {processor.py:925} INFO - DAG(s) 'example_branch_dop_operator_v3' retrieved from /home/airflow/.local/lib/python3.12/site-packages/airflow/example_dags/example_branch_python_dop_operator_3.py
[2024-09-05T00:39:48.775+0000] {logging_mixin.py:190} INFO - [2024-09-05T00:39:48.774+0000] {dag.py:3211} INFO - Sync 1 DAGs
[2024-09-05T00:39:49.028+0000] {logging_mixin.py:190} INFO - [2024-09-05T00:39:49.027+0000] {dag.py:4138} INFO - Setting next_dagrun for example_branch_dop_operator_v3 to 2024-09-05 00:38:00+00:00, run_after=2024-09-05 00:39:00+00:00
[2024-09-05T00:39:49.122+0000] {processor.py:208} INFO - Processing /home/airflow/.local/lib/python3.12/site-packages/airflow/example_dags/example_branch_python_dop_operator_3.py took 0.625 seconds
[2024-09-05T00:40:21.758+0000] {processor.py:186} INFO - Started process (PID=896) to work on /home/airflow/.local/lib/python3.12/site-packages/airflow/example_dags/example_branch_python_dop_operator_3.py
[2024-09-05T00:40:21.761+0000] {processor.py:914} INFO - Processing file /home/airflow/.local/lib/python3.12/site-packages/airflow/example_dags/example_branch_python_dop_operator_3.py for tasks to queue
[2024-09-05T00:40:21.764+0000] {logging_mixin.py:190} INFO - [2024-09-05T00:40:21.763+0000] {dagbag.py:587} INFO - Filling up the DagBag from /home/airflow/.local/lib/python3.12/site-packages/airflow/example_dags/example_branch_python_dop_operator_3.py
[2024-09-05T00:40:21.798+0000] {processor.py:925} INFO - DAG(s) 'example_branch_dop_operator_v3' retrieved from /home/airflow/.local/lib/python3.12/site-packages/airflow/example_dags/example_branch_python_dop_operator_3.py
[2024-09-05T00:40:21.858+0000] {logging_mixin.py:190} INFO - [2024-09-05T00:40:21.858+0000] {dag.py:3211} INFO - Sync 1 DAGs
[2024-09-05T00:40:21.923+0000] {logging_mixin.py:190} INFO - [2024-09-05T00:40:21.922+0000] {dag.py:4138} INFO - Setting next_dagrun for example_branch_dop_operator_v3 to 2024-09-05 00:39:00+00:00, run_after=2024-09-05 00:40:00+00:00
[2024-09-05T00:40:21.970+0000] {processor.py:208} INFO - Processing /home/airflow/.local/lib/python3.12/site-packages/airflow/example_dags/example_branch_python_dop_operator_3.py took 0.235 seconds
