[2024-09-05T00:04:03.570+0000] {processor.py:186} INFO - Started process (PID=90) to work on /home/airflow/.local/lib/python3.12/site-packages/airflow/example_dags/example_local_kubernetes_executor.py
[2024-09-05T00:04:03.576+0000] {processor.py:914} INFO - Processing file /home/airflow/.local/lib/python3.12/site-packages/airflow/example_dags/example_local_kubernetes_executor.py for tasks to queue
[2024-09-05T00:04:03.581+0000] {logging_mixin.py:190} INFO - [2024-09-05T00:04:03.580+0000] {dagbag.py:587} INFO - Filling up the DagBag from /home/airflow/.local/lib/python3.12/site-packages/airflow/example_dags/example_local_kubernetes_executor.py
[2024-09-05T00:04:03.644+0000] {processor.py:925} INFO - DAG(s) 'example_local_kubernetes_executor' retrieved from /home/airflow/.local/lib/python3.12/site-packages/airflow/example_dags/example_local_kubernetes_executor.py
[2024-09-05T00:04:04.447+0000] {logging_mixin.py:190} INFO - [2024-09-05T00:04:04.445+0000] {override.py:1858} INFO - Created Permission View: can delete on DAG:example_local_kubernetes_executor
[2024-09-05T00:04:04.522+0000] {logging_mixin.py:190} INFO - [2024-09-05T00:04:04.520+0000] {override.py:1858} INFO - Created Permission View: can read on DAG:example_local_kubernetes_executor
[2024-09-05T00:04:04.570+0000] {logging_mixin.py:190} INFO - [2024-09-05T00:04:04.568+0000] {override.py:1858} INFO - Created Permission View: can edit on DAG:example_local_kubernetes_executor
[2024-09-05T00:04:04.580+0000] {logging_mixin.py:190} INFO - [2024-09-05T00:04:04.579+0000] {dag.py:3211} INFO - Sync 1 DAGs
[2024-09-05T00:04:04.701+0000] {logging_mixin.py:190} INFO - [2024-09-05T00:04:04.700+0000] {dag.py:3234} INFO - Creating ORM DAG for example_local_kubernetes_executor
[2024-09-05T00:04:04.707+0000] {logging_mixin.py:190} INFO - [2024-09-05T00:04:04.706+0000] {dag.py:4138} INFO - Setting next_dagrun for example_local_kubernetes_executor to None, run_after=None
[2024-09-05T00:04:04.856+0000] {processor.py:208} INFO - Processing /home/airflow/.local/lib/python3.12/site-packages/airflow/example_dags/example_local_kubernetes_executor.py took 1.321 seconds
[2024-09-05T00:04:36.287+0000] {processor.py:186} INFO - Started process (PID=152) to work on /home/airflow/.local/lib/python3.12/site-packages/airflow/example_dags/example_local_kubernetes_executor.py
[2024-09-05T00:04:36.296+0000] {processor.py:914} INFO - Processing file /home/airflow/.local/lib/python3.12/site-packages/airflow/example_dags/example_local_kubernetes_executor.py for tasks to queue
[2024-09-05T00:04:36.302+0000] {logging_mixin.py:190} INFO - [2024-09-05T00:04:36.300+0000] {dagbag.py:587} INFO - Filling up the DagBag from /home/airflow/.local/lib/python3.12/site-packages/airflow/example_dags/example_local_kubernetes_executor.py
[2024-09-05T00:04:36.365+0000] {processor.py:925} INFO - DAG(s) 'example_local_kubernetes_executor' retrieved from /home/airflow/.local/lib/python3.12/site-packages/airflow/example_dags/example_local_kubernetes_executor.py
[2024-09-05T00:04:36.584+0000] {logging_mixin.py:190} INFO - [2024-09-05T00:04:36.583+0000] {dag.py:3211} INFO - Sync 1 DAGs
[2024-09-05T00:04:36.664+0000] {logging_mixin.py:190} INFO - [2024-09-05T00:04:36.663+0000] {dag.py:4138} INFO - Setting next_dagrun for example_local_kubernetes_executor to None, run_after=None
[2024-09-05T00:04:36.755+0000] {processor.py:208} INFO - Processing /home/airflow/.local/lib/python3.12/site-packages/airflow/example_dags/example_local_kubernetes_executor.py took 0.512 seconds
[2024-09-05T00:05:12.894+0000] {processor.py:186} INFO - Started process (PID=214) to work on /home/airflow/.local/lib/python3.12/site-packages/airflow/example_dags/example_local_kubernetes_executor.py
[2024-09-05T00:05:12.896+0000] {processor.py:914} INFO - Processing file /home/airflow/.local/lib/python3.12/site-packages/airflow/example_dags/example_local_kubernetes_executor.py for tasks to queue
[2024-09-05T00:05:12.902+0000] {logging_mixin.py:190} INFO - [2024-09-05T00:05:12.901+0000] {dagbag.py:587} INFO - Filling up the DagBag from /home/airflow/.local/lib/python3.12/site-packages/airflow/example_dags/example_local_kubernetes_executor.py
[2024-09-05T00:05:12.942+0000] {processor.py:925} INFO - DAG(s) 'example_local_kubernetes_executor' retrieved from /home/airflow/.local/lib/python3.12/site-packages/airflow/example_dags/example_local_kubernetes_executor.py
[2024-09-05T00:05:13.073+0000] {logging_mixin.py:190} INFO - [2024-09-05T00:05:13.073+0000] {dag.py:3211} INFO - Sync 1 DAGs
[2024-09-05T00:05:13.121+0000] {logging_mixin.py:190} INFO - [2024-09-05T00:05:13.121+0000] {dag.py:4138} INFO - Setting next_dagrun for example_local_kubernetes_executor to None, run_after=None
[2024-09-05T00:05:13.197+0000] {processor.py:208} INFO - Processing /home/airflow/.local/lib/python3.12/site-packages/airflow/example_dags/example_local_kubernetes_executor.py took 0.327 seconds
[2024-09-05T00:13:06.826+0000] {processor.py:186} INFO - Started process (PID=83) to work on /home/airflow/.local/lib/python3.12/site-packages/airflow/example_dags/example_local_kubernetes_executor.py
[2024-09-05T00:13:06.837+0000] {processor.py:914} INFO - Processing file /home/airflow/.local/lib/python3.12/site-packages/airflow/example_dags/example_local_kubernetes_executor.py for tasks to queue
[2024-09-05T00:13:06.861+0000] {logging_mixin.py:190} INFO - [2024-09-05T00:13:06.856+0000] {dagbag.py:587} INFO - Filling up the DagBag from /home/airflow/.local/lib/python3.12/site-packages/airflow/example_dags/example_local_kubernetes_executor.py
[2024-09-05T00:13:06.981+0000] {processor.py:925} INFO - DAG(s) 'example_local_kubernetes_executor' retrieved from /home/airflow/.local/lib/python3.12/site-packages/airflow/example_dags/example_local_kubernetes_executor.py
[2024-09-05T00:13:07.378+0000] {logging_mixin.py:190} INFO - [2024-09-05T00:13:07.377+0000] {dag.py:3211} INFO - Sync 1 DAGs
[2024-09-05T00:13:07.691+0000] {logging_mixin.py:190} INFO - [2024-09-05T00:13:07.690+0000] {dag.py:4138} INFO - Setting next_dagrun for example_local_kubernetes_executor to None, run_after=None
[2024-09-05T00:13:08.469+0000] {processor.py:208} INFO - Processing /home/airflow/.local/lib/python3.12/site-packages/airflow/example_dags/example_local_kubernetes_executor.py took 1.680 seconds
[2024-09-05T00:13:48.249+0000] {processor.py:186} INFO - Started process (PID=146) to work on /home/airflow/.local/lib/python3.12/site-packages/airflow/example_dags/example_local_kubernetes_executor.py
[2024-09-05T00:13:48.253+0000] {processor.py:914} INFO - Processing file /home/airflow/.local/lib/python3.12/site-packages/airflow/example_dags/example_local_kubernetes_executor.py for tasks to queue
[2024-09-05T00:13:48.261+0000] {logging_mixin.py:190} INFO - [2024-09-05T00:13:48.257+0000] {dagbag.py:587} INFO - Filling up the DagBag from /home/airflow/.local/lib/python3.12/site-packages/airflow/example_dags/example_local_kubernetes_executor.py
[2024-09-05T00:13:48.289+0000] {processor.py:925} INFO - DAG(s) 'example_local_kubernetes_executor' retrieved from /home/airflow/.local/lib/python3.12/site-packages/airflow/example_dags/example_local_kubernetes_executor.py
[2024-09-05T00:13:48.380+0000] {logging_mixin.py:190} INFO - [2024-09-05T00:13:48.380+0000] {dag.py:3211} INFO - Sync 1 DAGs
[2024-09-05T00:13:48.419+0000] {logging_mixin.py:190} INFO - [2024-09-05T00:13:48.419+0000] {dag.py:4138} INFO - Setting next_dagrun for example_local_kubernetes_executor to None, run_after=None
[2024-09-05T00:13:48.466+0000] {processor.py:208} INFO - Processing /home/airflow/.local/lib/python3.12/site-packages/airflow/example_dags/example_local_kubernetes_executor.py took 0.240 seconds
[2024-09-05T00:14:27.061+0000] {processor.py:186} INFO - Started process (PID=199) to work on /home/airflow/.local/lib/python3.12/site-packages/airflow/example_dags/example_local_kubernetes_executor.py
[2024-09-05T00:14:27.073+0000] {processor.py:914} INFO - Processing file /home/airflow/.local/lib/python3.12/site-packages/airflow/example_dags/example_local_kubernetes_executor.py for tasks to queue
[2024-09-05T00:14:27.080+0000] {logging_mixin.py:190} INFO - [2024-09-05T00:14:27.079+0000] {dagbag.py:587} INFO - Filling up the DagBag from /home/airflow/.local/lib/python3.12/site-packages/airflow/example_dags/example_local_kubernetes_executor.py
[2024-09-05T00:14:27.184+0000] {processor.py:925} INFO - DAG(s) 'example_local_kubernetes_executor' retrieved from /home/airflow/.local/lib/python3.12/site-packages/airflow/example_dags/example_local_kubernetes_executor.py
[2024-09-05T00:14:27.697+0000] {logging_mixin.py:190} INFO - [2024-09-05T00:14:27.696+0000] {dag.py:3211} INFO - Sync 1 DAGs
[2024-09-05T00:14:27.856+0000] {logging_mixin.py:190} INFO - [2024-09-05T00:14:27.854+0000] {dag.py:4138} INFO - Setting next_dagrun for example_local_kubernetes_executor to None, run_after=None
[2024-09-05T00:14:28.011+0000] {processor.py:208} INFO - Processing /home/airflow/.local/lib/python3.12/site-packages/airflow/example_dags/example_local_kubernetes_executor.py took 1.005 seconds
[2024-09-05T00:14:58.458+0000] {processor.py:186} INFO - Started process (PID=274) to work on /home/airflow/.local/lib/python3.12/site-packages/airflow/example_dags/example_local_kubernetes_executor.py
[2024-09-05T00:14:58.461+0000] {processor.py:914} INFO - Processing file /home/airflow/.local/lib/python3.12/site-packages/airflow/example_dags/example_local_kubernetes_executor.py for tasks to queue
[2024-09-05T00:14:58.473+0000] {logging_mixin.py:190} INFO - [2024-09-05T00:14:58.471+0000] {dagbag.py:587} INFO - Filling up the DagBag from /home/airflow/.local/lib/python3.12/site-packages/airflow/example_dags/example_local_kubernetes_executor.py
[2024-09-05T00:14:58.536+0000] {processor.py:925} INFO - DAG(s) 'example_local_kubernetes_executor' retrieved from /home/airflow/.local/lib/python3.12/site-packages/airflow/example_dags/example_local_kubernetes_executor.py
[2024-09-05T00:14:58.812+0000] {logging_mixin.py:190} INFO - [2024-09-05T00:14:58.811+0000] {dag.py:3211} INFO - Sync 1 DAGs
[2024-09-05T00:14:58.857+0000] {logging_mixin.py:190} INFO - [2024-09-05T00:14:58.856+0000] {dag.py:4138} INFO - Setting next_dagrun for example_local_kubernetes_executor to None, run_after=None
[2024-09-05T00:14:58.925+0000] {processor.py:208} INFO - Processing /home/airflow/.local/lib/python3.12/site-packages/airflow/example_dags/example_local_kubernetes_executor.py took 0.506 seconds
[2024-09-05T00:32:27.396+0000] {processor.py:186} INFO - Started process (PID=103) to work on /home/airflow/.local/lib/python3.12/site-packages/airflow/example_dags/example_local_kubernetes_executor.py
[2024-09-05T00:32:27.398+0000] {processor.py:914} INFO - Processing file /home/airflow/.local/lib/python3.12/site-packages/airflow/example_dags/example_local_kubernetes_executor.py for tasks to queue
[2024-09-05T00:32:27.407+0000] {logging_mixin.py:190} INFO - [2024-09-05T00:32:27.401+0000] {dagbag.py:587} INFO - Filling up the DagBag from /home/airflow/.local/lib/python3.12/site-packages/airflow/example_dags/example_local_kubernetes_executor.py
[2024-09-05T00:32:27.482+0000] {processor.py:925} INFO - DAG(s) 'example_local_kubernetes_executor' retrieved from /home/airflow/.local/lib/python3.12/site-packages/airflow/example_dags/example_local_kubernetes_executor.py
[2024-09-05T00:32:27.859+0000] {logging_mixin.py:190} INFO - [2024-09-05T00:32:27.859+0000] {dag.py:3211} INFO - Sync 1 DAGs
[2024-09-05T00:32:27.927+0000] {logging_mixin.py:190} INFO - [2024-09-05T00:32:27.927+0000] {dag.py:4138} INFO - Setting next_dagrun for example_local_kubernetes_executor to None, run_after=None
[2024-09-05T00:32:27.982+0000] {processor.py:208} INFO - Processing /home/airflow/.local/lib/python3.12/site-packages/airflow/example_dags/example_local_kubernetes_executor.py took 0.615 seconds
[2024-09-05T00:32:59.448+0000] {processor.py:186} INFO - Started process (PID=166) to work on /home/airflow/.local/lib/python3.12/site-packages/airflow/example_dags/example_local_kubernetes_executor.py
[2024-09-05T00:32:59.457+0000] {processor.py:914} INFO - Processing file /home/airflow/.local/lib/python3.12/site-packages/airflow/example_dags/example_local_kubernetes_executor.py for tasks to queue
[2024-09-05T00:32:59.465+0000] {logging_mixin.py:190} INFO - [2024-09-05T00:32:59.463+0000] {dagbag.py:587} INFO - Filling up the DagBag from /home/airflow/.local/lib/python3.12/site-packages/airflow/example_dags/example_local_kubernetes_executor.py
[2024-09-05T00:32:59.524+0000] {processor.py:925} INFO - DAG(s) 'example_local_kubernetes_executor' retrieved from /home/airflow/.local/lib/python3.12/site-packages/airflow/example_dags/example_local_kubernetes_executor.py
[2024-09-05T00:32:59.617+0000] {logging_mixin.py:190} INFO - [2024-09-05T00:32:59.616+0000] {dag.py:3211} INFO - Sync 1 DAGs
[2024-09-05T00:32:59.671+0000] {logging_mixin.py:190} INFO - [2024-09-05T00:32:59.671+0000] {dag.py:4138} INFO - Setting next_dagrun for example_local_kubernetes_executor to None, run_after=None
[2024-09-05T00:32:59.722+0000] {processor.py:208} INFO - Processing /home/airflow/.local/lib/python3.12/site-packages/airflow/example_dags/example_local_kubernetes_executor.py took 0.297 seconds
[2024-09-05T00:33:30.075+0000] {processor.py:186} INFO - Started process (PID=229) to work on /home/airflow/.local/lib/python3.12/site-packages/airflow/example_dags/example_local_kubernetes_executor.py
[2024-09-05T00:33:30.077+0000] {processor.py:914} INFO - Processing file /home/airflow/.local/lib/python3.12/site-packages/airflow/example_dags/example_local_kubernetes_executor.py for tasks to queue
[2024-09-05T00:33:30.081+0000] {logging_mixin.py:190} INFO - [2024-09-05T00:33:30.080+0000] {dagbag.py:587} INFO - Filling up the DagBag from /home/airflow/.local/lib/python3.12/site-packages/airflow/example_dags/example_local_kubernetes_executor.py
[2024-09-05T00:33:30.108+0000] {processor.py:925} INFO - DAG(s) 'example_local_kubernetes_executor' retrieved from /home/airflow/.local/lib/python3.12/site-packages/airflow/example_dags/example_local_kubernetes_executor.py
[2024-09-05T00:33:30.171+0000] {logging_mixin.py:190} INFO - [2024-09-05T00:33:30.170+0000] {dag.py:3211} INFO - Sync 1 DAGs
[2024-09-05T00:33:30.198+0000] {logging_mixin.py:190} INFO - [2024-09-05T00:33:30.198+0000] {dag.py:4138} INFO - Setting next_dagrun for example_local_kubernetes_executor to None, run_after=None
[2024-09-05T00:33:30.234+0000] {processor.py:208} INFO - Processing /home/airflow/.local/lib/python3.12/site-packages/airflow/example_dags/example_local_kubernetes_executor.py took 0.177 seconds
[2024-09-05T00:34:08.726+0000] {processor.py:186} INFO - Started process (PID=292) to work on /home/airflow/.local/lib/python3.12/site-packages/airflow/example_dags/example_local_kubernetes_executor.py
[2024-09-05T00:34:08.975+0000] {processor.py:914} INFO - Processing file /home/airflow/.local/lib/python3.12/site-packages/airflow/example_dags/example_local_kubernetes_executor.py for tasks to queue
[2024-09-05T00:34:09.620+0000] {logging_mixin.py:190} INFO - [2024-09-05T00:34:09.605+0000] {dagbag.py:587} INFO - Filling up the DagBag from /home/airflow/.local/lib/python3.12/site-packages/airflow/example_dags/example_local_kubernetes_executor.py
[2024-09-05T00:34:10.294+0000] {processor.py:925} INFO - DAG(s) 'example_local_kubernetes_executor' retrieved from /home/airflow/.local/lib/python3.12/site-packages/airflow/example_dags/example_local_kubernetes_executor.py
[2024-09-05T00:34:11.413+0000] {logging_mixin.py:190} INFO - [2024-09-05T00:34:11.409+0000] {dag.py:3211} INFO - Sync 1 DAGs
[2024-09-05T00:34:12.721+0000] {logging_mixin.py:190} INFO - [2024-09-05T00:34:12.708+0000] {dag.py:4138} INFO - Setting next_dagrun for example_local_kubernetes_executor to None, run_after=None
[2024-09-05T00:34:13.285+0000] {processor.py:208} INFO - Processing /home/airflow/.local/lib/python3.12/site-packages/airflow/example_dags/example_local_kubernetes_executor.py took 4.754 seconds
[2024-09-05T00:36:07.853+0000] {processor.py:186} INFO - Started process (PID=373) to work on /home/airflow/.local/lib/python3.12/site-packages/airflow/example_dags/example_local_kubernetes_executor.py
[2024-09-05T00:36:07.855+0000] {processor.py:914} INFO - Processing file /home/airflow/.local/lib/python3.12/site-packages/airflow/example_dags/example_local_kubernetes_executor.py for tasks to queue
[2024-09-05T00:36:07.859+0000] {logging_mixin.py:190} INFO - [2024-09-05T00:36:07.859+0000] {dagbag.py:587} INFO - Filling up the DagBag from /home/airflow/.local/lib/python3.12/site-packages/airflow/example_dags/example_local_kubernetes_executor.py
[2024-09-05T00:36:07.897+0000] {processor.py:925} INFO - DAG(s) 'example_local_kubernetes_executor' retrieved from /home/airflow/.local/lib/python3.12/site-packages/airflow/example_dags/example_local_kubernetes_executor.py
[2024-09-05T00:36:08.018+0000] {logging_mixin.py:190} INFO - [2024-09-05T00:36:08.018+0000] {dag.py:3211} INFO - Sync 1 DAGs
[2024-09-05T00:36:08.059+0000] {logging_mixin.py:190} INFO - [2024-09-05T00:36:08.059+0000] {dag.py:4138} INFO - Setting next_dagrun for example_local_kubernetes_executor to None, run_after=None
[2024-09-05T00:36:08.103+0000] {processor.py:208} INFO - Processing /home/airflow/.local/lib/python3.12/site-packages/airflow/example_dags/example_local_kubernetes_executor.py took 0.266 seconds
[2024-09-05T00:36:38.433+0000] {processor.py:186} INFO - Started process (PID=436) to work on /home/airflow/.local/lib/python3.12/site-packages/airflow/example_dags/example_local_kubernetes_executor.py
[2024-09-05T00:36:38.435+0000] {processor.py:914} INFO - Processing file /home/airflow/.local/lib/python3.12/site-packages/airflow/example_dags/example_local_kubernetes_executor.py for tasks to queue
[2024-09-05T00:36:38.439+0000] {logging_mixin.py:190} INFO - [2024-09-05T00:36:38.439+0000] {dagbag.py:587} INFO - Filling up the DagBag from /home/airflow/.local/lib/python3.12/site-packages/airflow/example_dags/example_local_kubernetes_executor.py
[2024-09-05T00:36:38.468+0000] {processor.py:925} INFO - DAG(s) 'example_local_kubernetes_executor' retrieved from /home/airflow/.local/lib/python3.12/site-packages/airflow/example_dags/example_local_kubernetes_executor.py
[2024-09-05T00:36:38.547+0000] {logging_mixin.py:190} INFO - [2024-09-05T00:36:38.546+0000] {dag.py:3211} INFO - Sync 1 DAGs
[2024-09-05T00:36:38.594+0000] {logging_mixin.py:190} INFO - [2024-09-05T00:36:38.593+0000] {dag.py:4138} INFO - Setting next_dagrun for example_local_kubernetes_executor to None, run_after=None
[2024-09-05T00:36:38.637+0000] {processor.py:208} INFO - Processing /home/airflow/.local/lib/python3.12/site-packages/airflow/example_dags/example_local_kubernetes_executor.py took 0.230 seconds
[2024-09-05T00:37:10.890+0000] {processor.py:186} INFO - Started process (PID=499) to work on /home/airflow/.local/lib/python3.12/site-packages/airflow/example_dags/example_local_kubernetes_executor.py
[2024-09-05T00:37:10.893+0000] {processor.py:914} INFO - Processing file /home/airflow/.local/lib/python3.12/site-packages/airflow/example_dags/example_local_kubernetes_executor.py for tasks to queue
[2024-09-05T00:37:10.898+0000] {logging_mixin.py:190} INFO - [2024-09-05T00:37:10.897+0000] {dagbag.py:587} INFO - Filling up the DagBag from /home/airflow/.local/lib/python3.12/site-packages/airflow/example_dags/example_local_kubernetes_executor.py
[2024-09-05T00:37:10.921+0000] {processor.py:925} INFO - DAG(s) 'example_local_kubernetes_executor' retrieved from /home/airflow/.local/lib/python3.12/site-packages/airflow/example_dags/example_local_kubernetes_executor.py
[2024-09-05T00:37:11.009+0000] {logging_mixin.py:190} INFO - [2024-09-05T00:37:11.008+0000] {dag.py:3211} INFO - Sync 1 DAGs
[2024-09-05T00:37:11.048+0000] {logging_mixin.py:190} INFO - [2024-09-05T00:37:11.047+0000] {dag.py:4138} INFO - Setting next_dagrun for example_local_kubernetes_executor to None, run_after=None
[2024-09-05T00:37:11.140+0000] {processor.py:208} INFO - Processing /home/airflow/.local/lib/python3.12/site-packages/airflow/example_dags/example_local_kubernetes_executor.py took 0.274 seconds
[2024-09-05T00:37:41.512+0000] {processor.py:186} INFO - Started process (PID=562) to work on /home/airflow/.local/lib/python3.12/site-packages/airflow/example_dags/example_local_kubernetes_executor.py
[2024-09-05T00:37:41.514+0000] {processor.py:914} INFO - Processing file /home/airflow/.local/lib/python3.12/site-packages/airflow/example_dags/example_local_kubernetes_executor.py for tasks to queue
[2024-09-05T00:37:41.516+0000] {logging_mixin.py:190} INFO - [2024-09-05T00:37:41.516+0000] {dagbag.py:587} INFO - Filling up the DagBag from /home/airflow/.local/lib/python3.12/site-packages/airflow/example_dags/example_local_kubernetes_executor.py
[2024-09-05T00:37:41.530+0000] {processor.py:925} INFO - DAG(s) 'example_local_kubernetes_executor' retrieved from /home/airflow/.local/lib/python3.12/site-packages/airflow/example_dags/example_local_kubernetes_executor.py
[2024-09-05T00:37:41.581+0000] {logging_mixin.py:190} INFO - [2024-09-05T00:37:41.580+0000] {dag.py:3211} INFO - Sync 1 DAGs
[2024-09-05T00:37:41.603+0000] {logging_mixin.py:190} INFO - [2024-09-05T00:37:41.602+0000] {dag.py:4138} INFO - Setting next_dagrun for example_local_kubernetes_executor to None, run_after=None
[2024-09-05T00:37:41.640+0000] {processor.py:208} INFO - Processing /home/airflow/.local/lib/python3.12/site-packages/airflow/example_dags/example_local_kubernetes_executor.py took 0.137 seconds
[2024-09-05T00:38:12.327+0000] {processor.py:186} INFO - Started process (PID=625) to work on /home/airflow/.local/lib/python3.12/site-packages/airflow/example_dags/example_local_kubernetes_executor.py
[2024-09-05T00:38:12.329+0000] {processor.py:914} INFO - Processing file /home/airflow/.local/lib/python3.12/site-packages/airflow/example_dags/example_local_kubernetes_executor.py for tasks to queue
[2024-09-05T00:38:12.333+0000] {logging_mixin.py:190} INFO - [2024-09-05T00:38:12.332+0000] {dagbag.py:587} INFO - Filling up the DagBag from /home/airflow/.local/lib/python3.12/site-packages/airflow/example_dags/example_local_kubernetes_executor.py
[2024-09-05T00:38:12.352+0000] {processor.py:925} INFO - DAG(s) 'example_local_kubernetes_executor' retrieved from /home/airflow/.local/lib/python3.12/site-packages/airflow/example_dags/example_local_kubernetes_executor.py
[2024-09-05T00:38:12.427+0000] {logging_mixin.py:190} INFO - [2024-09-05T00:38:12.426+0000] {dag.py:3211} INFO - Sync 1 DAGs
[2024-09-05T00:38:12.463+0000] {logging_mixin.py:190} INFO - [2024-09-05T00:38:12.462+0000] {dag.py:4138} INFO - Setting next_dagrun for example_local_kubernetes_executor to None, run_after=None
[2024-09-05T00:38:12.493+0000] {processor.py:208} INFO - Processing /home/airflow/.local/lib/python3.12/site-packages/airflow/example_dags/example_local_kubernetes_executor.py took 0.181 seconds
[2024-09-05T00:38:43.713+0000] {processor.py:186} INFO - Started process (PID=688) to work on /home/airflow/.local/lib/python3.12/site-packages/airflow/example_dags/example_local_kubernetes_executor.py
[2024-09-05T00:38:43.714+0000] {processor.py:914} INFO - Processing file /home/airflow/.local/lib/python3.12/site-packages/airflow/example_dags/example_local_kubernetes_executor.py for tasks to queue
[2024-09-05T00:38:43.723+0000] {logging_mixin.py:190} INFO - [2024-09-05T00:38:43.718+0000] {dagbag.py:587} INFO - Filling up the DagBag from /home/airflow/.local/lib/python3.12/site-packages/airflow/example_dags/example_local_kubernetes_executor.py
[2024-09-05T00:38:43.744+0000] {processor.py:925} INFO - DAG(s) 'example_local_kubernetes_executor' retrieved from /home/airflow/.local/lib/python3.12/site-packages/airflow/example_dags/example_local_kubernetes_executor.py
[2024-09-05T00:38:43.866+0000] {logging_mixin.py:190} INFO - [2024-09-05T00:38:43.865+0000] {dag.py:3211} INFO - Sync 1 DAGs
[2024-09-05T00:38:43.938+0000] {logging_mixin.py:190} INFO - [2024-09-05T00:38:43.937+0000] {dag.py:4138} INFO - Setting next_dagrun for example_local_kubernetes_executor to None, run_after=None
[2024-09-05T00:38:44.029+0000] {processor.py:208} INFO - Processing /home/airflow/.local/lib/python3.12/site-packages/airflow/example_dags/example_local_kubernetes_executor.py took 0.336 seconds
[2024-09-05T00:39:14.349+0000] {processor.py:186} INFO - Started process (PID=751) to work on /home/airflow/.local/lib/python3.12/site-packages/airflow/example_dags/example_local_kubernetes_executor.py
[2024-09-05T00:39:14.353+0000] {processor.py:914} INFO - Processing file /home/airflow/.local/lib/python3.12/site-packages/airflow/example_dags/example_local_kubernetes_executor.py for tasks to queue
[2024-09-05T00:39:14.358+0000] {logging_mixin.py:190} INFO - [2024-09-05T00:39:14.357+0000] {dagbag.py:587} INFO - Filling up the DagBag from /home/airflow/.local/lib/python3.12/site-packages/airflow/example_dags/example_local_kubernetes_executor.py
[2024-09-05T00:39:14.400+0000] {processor.py:925} INFO - DAG(s) 'example_local_kubernetes_executor' retrieved from /home/airflow/.local/lib/python3.12/site-packages/airflow/example_dags/example_local_kubernetes_executor.py
[2024-09-05T00:39:14.489+0000] {logging_mixin.py:190} INFO - [2024-09-05T00:39:14.488+0000] {dag.py:3211} INFO - Sync 1 DAGs
[2024-09-05T00:39:14.526+0000] {logging_mixin.py:190} INFO - [2024-09-05T00:39:14.525+0000] {dag.py:4138} INFO - Setting next_dagrun for example_local_kubernetes_executor to None, run_after=None
[2024-09-05T00:39:14.573+0000] {processor.py:208} INFO - Processing /home/airflow/.local/lib/python3.12/site-packages/airflow/example_dags/example_local_kubernetes_executor.py took 0.248 seconds
[2024-09-05T00:39:44.891+0000] {processor.py:186} INFO - Started process (PID=814) to work on /home/airflow/.local/lib/python3.12/site-packages/airflow/example_dags/example_local_kubernetes_executor.py
[2024-09-05T00:39:44.892+0000] {processor.py:914} INFO - Processing file /home/airflow/.local/lib/python3.12/site-packages/airflow/example_dags/example_local_kubernetes_executor.py for tasks to queue
[2024-09-05T00:39:44.895+0000] {logging_mixin.py:190} INFO - [2024-09-05T00:39:44.894+0000] {dagbag.py:587} INFO - Filling up the DagBag from /home/airflow/.local/lib/python3.12/site-packages/airflow/example_dags/example_local_kubernetes_executor.py
[2024-09-05T00:39:44.922+0000] {processor.py:925} INFO - DAG(s) 'example_local_kubernetes_executor' retrieved from /home/airflow/.local/lib/python3.12/site-packages/airflow/example_dags/example_local_kubernetes_executor.py
[2024-09-05T00:39:44.989+0000] {logging_mixin.py:190} INFO - [2024-09-05T00:39:44.989+0000] {dag.py:3211} INFO - Sync 1 DAGs
[2024-09-05T00:39:45.024+0000] {logging_mixin.py:190} INFO - [2024-09-05T00:39:45.024+0000] {dag.py:4138} INFO - Setting next_dagrun for example_local_kubernetes_executor to None, run_after=None
[2024-09-05T00:39:45.076+0000] {processor.py:208} INFO - Processing /home/airflow/.local/lib/python3.12/site-packages/airflow/example_dags/example_local_kubernetes_executor.py took 0.209 seconds
[2024-09-05T00:40:18.160+0000] {processor.py:186} INFO - Started process (PID=877) to work on /home/airflow/.local/lib/python3.12/site-packages/airflow/example_dags/example_local_kubernetes_executor.py
[2024-09-05T00:40:18.162+0000] {processor.py:914} INFO - Processing file /home/airflow/.local/lib/python3.12/site-packages/airflow/example_dags/example_local_kubernetes_executor.py for tasks to queue
[2024-09-05T00:40:18.167+0000] {logging_mixin.py:190} INFO - [2024-09-05T00:40:18.166+0000] {dagbag.py:587} INFO - Filling up the DagBag from /home/airflow/.local/lib/python3.12/site-packages/airflow/example_dags/example_local_kubernetes_executor.py
[2024-09-05T00:40:18.189+0000] {processor.py:925} INFO - DAG(s) 'example_local_kubernetes_executor' retrieved from /home/airflow/.local/lib/python3.12/site-packages/airflow/example_dags/example_local_kubernetes_executor.py
[2024-09-05T00:40:18.273+0000] {logging_mixin.py:190} INFO - [2024-09-05T00:40:18.272+0000] {dag.py:3211} INFO - Sync 1 DAGs
[2024-09-05T00:40:18.320+0000] {logging_mixin.py:190} INFO - [2024-09-05T00:40:18.319+0000] {dag.py:4138} INFO - Setting next_dagrun for example_local_kubernetes_executor to None, run_after=None
[2024-09-05T00:40:18.398+0000] {processor.py:208} INFO - Processing /home/airflow/.local/lib/python3.12/site-packages/airflow/example_dags/example_local_kubernetes_executor.py took 0.265 seconds
[2024-09-05T00:41:24.537+0000] {processor.py:186} INFO - Started process (PID=945) to work on /home/airflow/.local/lib/python3.12/site-packages/airflow/example_dags/example_local_kubernetes_executor.py
[2024-09-05T00:41:25.139+0000] {processor.py:914} INFO - Processing file /home/airflow/.local/lib/python3.12/site-packages/airflow/example_dags/example_local_kubernetes_executor.py for tasks to queue
[2024-09-05T00:41:25.187+0000] {logging_mixin.py:190} INFO - [2024-09-05T00:41:25.173+0000] {dagbag.py:587} INFO - Filling up the DagBag from /home/airflow/.local/lib/python3.12/site-packages/airflow/example_dags/example_local_kubernetes_executor.py
[2024-09-05T00:41:25.496+0000] {processor.py:925} INFO - DAG(s) 'example_local_kubernetes_executor' retrieved from /home/airflow/.local/lib/python3.12/site-packages/airflow/example_dags/example_local_kubernetes_executor.py
[2024-09-05T00:41:27.753+0000] {logging_mixin.py:190} INFO - [2024-09-05T00:41:27.739+0000] {dag.py:3211} INFO - Sync 1 DAGs
[2024-09-05T00:41:28.979+0000] {logging_mixin.py:190} INFO - [2024-09-05T00:41:28.966+0000] {dag.py:4138} INFO - Setting next_dagrun for example_local_kubernetes_executor to None, run_after=None
[2024-09-05T00:41:29.607+0000] {processor.py:208} INFO - Processing /home/airflow/.local/lib/python3.12/site-packages/airflow/example_dags/example_local_kubernetes_executor.py took 5.332 seconds
