[2024-09-05T00:04:16.516+0000] {processor.py:186} INFO - Started process (PID=110) to work on /home/airflow/.local/lib/python3.12/site-packages/airflow/example_dags/example_inlet_event_extra.py
[2024-09-05T00:04:16.521+0000] {processor.py:914} INFO - Processing file /home/airflow/.local/lib/python3.12/site-packages/airflow/example_dags/example_inlet_event_extra.py for tasks to queue
[2024-09-05T00:04:16.529+0000] {logging_mixin.py:190} INFO - [2024-09-05T00:04:16.527+0000] {dagbag.py:587} INFO - Filling up the DagBag from /home/airflow/.local/lib/python3.12/site-packages/airflow/example_dags/example_inlet_event_extra.py
[2024-09-05T00:04:17.161+0000] {processor.py:925} INFO - DAG(s) 'read_dataset_event', 'read_dataset_event_from_classic' retrieved from /home/airflow/.local/lib/python3.12/site-packages/airflow/example_dags/example_inlet_event_extra.py
[2024-09-05T00:04:17.541+0000] {logging_mixin.py:190} INFO - [2024-09-05T00:04:17.539+0000] {override.py:1858} INFO - Created Permission View: can delete on DAG:read_dataset_event
[2024-09-05T00:04:17.573+0000] {logging_mixin.py:190} INFO - [2024-09-05T00:04:17.572+0000] {override.py:1858} INFO - Created Permission View: can read on DAG:read_dataset_event
[2024-09-05T00:04:17.595+0000] {logging_mixin.py:190} INFO - [2024-09-05T00:04:17.594+0000] {override.py:1858} INFO - Created Permission View: can edit on DAG:read_dataset_event
[2024-09-05T00:04:17.647+0000] {logging_mixin.py:190} INFO - [2024-09-05T00:04:17.646+0000] {override.py:1858} INFO - Created Permission View: can delete on DAG:read_dataset_event_from_classic
[2024-09-05T00:04:17.676+0000] {logging_mixin.py:190} INFO - [2024-09-05T00:04:17.675+0000] {override.py:1858} INFO - Created Permission View: can read on DAG:read_dataset_event_from_classic
[2024-09-05T00:04:17.698+0000] {logging_mixin.py:190} INFO - [2024-09-05T00:04:17.698+0000] {override.py:1858} INFO - Created Permission View: can edit on DAG:read_dataset_event_from_classic
[2024-09-05T00:04:17.700+0000] {logging_mixin.py:190} INFO - [2024-09-05T00:04:17.700+0000] {dag.py:3211} INFO - Sync 2 DAGs
[2024-09-05T00:04:17.764+0000] {logging_mixin.py:190} INFO - [2024-09-05T00:04:17.763+0000] {dag.py:3234} INFO - Creating ORM DAG for read_dataset_event_from_classic
[2024-09-05T00:04:17.767+0000] {logging_mixin.py:190} INFO - [2024-09-05T00:04:17.767+0000] {dag.py:3234} INFO - Creating ORM DAG for read_dataset_event
[2024-09-05T00:04:17.808+0000] {logging_mixin.py:190} INFO - [2024-09-05T00:04:17.807+0000] {dag.py:4138} INFO - Setting next_dagrun for read_dataset_event to 2024-09-04 00:00:00+00:00, run_after=2024-09-05 00:00:00+00:00
[2024-09-05T00:04:17.817+0000] {logging_mixin.py:190} INFO - [2024-09-05T00:04:17.816+0000] {dag.py:4138} INFO - Setting next_dagrun for read_dataset_event_from_classic to 2024-09-04 00:00:00+00:00, run_after=2024-09-05 00:00:00+00:00
[2024-09-05T00:04:17.868+0000] {processor.py:208} INFO - Processing /home/airflow/.local/lib/python3.12/site-packages/airflow/example_dags/example_inlet_event_extra.py took 1.407 seconds
[2024-09-05T00:04:51.138+0000] {processor.py:186} INFO - Started process (PID=177) to work on /home/airflow/.local/lib/python3.12/site-packages/airflow/example_dags/example_inlet_event_extra.py
[2024-09-05T00:04:51.142+0000] {processor.py:914} INFO - Processing file /home/airflow/.local/lib/python3.12/site-packages/airflow/example_dags/example_inlet_event_extra.py for tasks to queue
[2024-09-05T00:04:51.174+0000] {logging_mixin.py:190} INFO - [2024-09-05T00:04:51.172+0000] {dagbag.py:587} INFO - Filling up the DagBag from /home/airflow/.local/lib/python3.12/site-packages/airflow/example_dags/example_inlet_event_extra.py
[2024-09-05T00:04:53.678+0000] {processor.py:925} INFO - DAG(s) 'read_dataset_event', 'read_dataset_event_from_classic' retrieved from /home/airflow/.local/lib/python3.12/site-packages/airflow/example_dags/example_inlet_event_extra.py
[2024-09-05T00:04:54.034+0000] {logging_mixin.py:190} INFO - [2024-09-05T00:04:54.022+0000] {dag.py:3211} INFO - Sync 2 DAGs
[2024-09-05T00:04:54.514+0000] {logging_mixin.py:190} INFO - [2024-09-05T00:04:54.505+0000] {dag.py:4138} INFO - Setting next_dagrun for read_dataset_event to 2024-09-04 00:00:00+00:00, run_after=2024-09-05 00:00:00+00:00
[2024-09-05T00:04:54.598+0000] {logging_mixin.py:190} INFO - [2024-09-05T00:04:54.597+0000] {dag.py:4138} INFO - Setting next_dagrun for read_dataset_event_from_classic to 2024-09-04 00:00:00+00:00, run_after=2024-09-05 00:00:00+00:00
[2024-09-05T00:04:54.810+0000] {processor.py:208} INFO - Processing /home/airflow/.local/lib/python3.12/site-packages/airflow/example_dags/example_inlet_event_extra.py took 3.736 seconds
[2024-09-05T00:05:25.287+0000] {processor.py:186} INFO - Started process (PID=241) to work on /home/airflow/.local/lib/python3.12/site-packages/airflow/example_dags/example_inlet_event_extra.py
[2024-09-05T00:05:25.292+0000] {processor.py:914} INFO - Processing file /home/airflow/.local/lib/python3.12/site-packages/airflow/example_dags/example_inlet_event_extra.py for tasks to queue
[2024-09-05T00:05:25.297+0000] {logging_mixin.py:190} INFO - [2024-09-05T00:05:25.296+0000] {dagbag.py:587} INFO - Filling up the DagBag from /home/airflow/.local/lib/python3.12/site-packages/airflow/example_dags/example_inlet_event_extra.py
[2024-09-05T00:05:26.399+0000] {processor.py:925} INFO - DAG(s) 'read_dataset_event', 'read_dataset_event_from_classic' retrieved from /home/airflow/.local/lib/python3.12/site-packages/airflow/example_dags/example_inlet_event_extra.py
[2024-09-05T00:05:26.571+0000] {logging_mixin.py:190} INFO - [2024-09-05T00:05:26.570+0000] {dag.py:3211} INFO - Sync 2 DAGs
[2024-09-05T00:05:26.834+0000] {logging_mixin.py:190} INFO - [2024-09-05T00:05:26.822+0000] {dag.py:4138} INFO - Setting next_dagrun for read_dataset_event to 2024-09-04 00:00:00+00:00, run_after=2024-09-05 00:00:00+00:00
[2024-09-05T00:05:26.884+0000] {logging_mixin.py:190} INFO - [2024-09-05T00:05:26.882+0000] {dag.py:4138} INFO - Setting next_dagrun for read_dataset_event_from_classic to 2024-09-04 00:00:00+00:00, run_after=2024-09-05 00:00:00+00:00
[2024-09-05T00:05:27.020+0000] {processor.py:208} INFO - Processing /home/airflow/.local/lib/python3.12/site-packages/airflow/example_dags/example_inlet_event_extra.py took 1.812 seconds
[2024-09-05T00:13:38.973+0000] {processor.py:186} INFO - Started process (PID=109) to work on /home/airflow/.local/lib/python3.12/site-packages/airflow/example_dags/example_inlet_event_extra.py
[2024-09-05T00:13:38.983+0000] {processor.py:914} INFO - Processing file /home/airflow/.local/lib/python3.12/site-packages/airflow/example_dags/example_inlet_event_extra.py for tasks to queue
[2024-09-05T00:13:39.006+0000] {logging_mixin.py:190} INFO - [2024-09-05T00:13:39.001+0000] {dagbag.py:587} INFO - Filling up the DagBag from /home/airflow/.local/lib/python3.12/site-packages/airflow/example_dags/example_inlet_event_extra.py
[2024-09-05T00:13:39.819+0000] {processor.py:925} INFO - DAG(s) 'read_dataset_event', 'read_dataset_event_from_classic' retrieved from /home/airflow/.local/lib/python3.12/site-packages/airflow/example_dags/example_inlet_event_extra.py
[2024-09-05T00:13:39.928+0000] {logging_mixin.py:190} INFO - [2024-09-05T00:13:39.927+0000] {dag.py:3211} INFO - Sync 2 DAGs
[2024-09-05T00:13:40.014+0000] {logging_mixin.py:190} INFO - [2024-09-05T00:13:40.013+0000] {dag.py:4138} INFO - Setting next_dagrun for read_dataset_event to 2024-09-04 00:00:00+00:00, run_after=2024-09-05 00:00:00+00:00
[2024-09-05T00:13:40.028+0000] {logging_mixin.py:190} INFO - [2024-09-05T00:13:40.028+0000] {dag.py:4138} INFO - Setting next_dagrun for read_dataset_event_from_classic to 2024-09-04 00:00:00+00:00, run_after=2024-09-05 00:00:00+00:00
[2024-09-05T00:13:40.095+0000] {processor.py:208} INFO - Processing /home/airflow/.local/lib/python3.12/site-packages/airflow/example_dags/example_inlet_event_extra.py took 1.237 seconds
[2024-09-05T00:14:10.655+0000] {processor.py:186} INFO - Started process (PID=172) to work on /home/airflow/.local/lib/python3.12/site-packages/airflow/example_dags/example_inlet_event_extra.py
[2024-09-05T00:14:10.657+0000] {processor.py:914} INFO - Processing file /home/airflow/.local/lib/python3.12/site-packages/airflow/example_dags/example_inlet_event_extra.py for tasks to queue
[2024-09-05T00:14:10.663+0000] {logging_mixin.py:190} INFO - [2024-09-05T00:14:10.661+0000] {dagbag.py:587} INFO - Filling up the DagBag from /home/airflow/.local/lib/python3.12/site-packages/airflow/example_dags/example_inlet_event_extra.py
[2024-09-05T00:14:11.420+0000] {processor.py:925} INFO - DAG(s) 'read_dataset_event_from_classic', 'read_dataset_event' retrieved from /home/airflow/.local/lib/python3.12/site-packages/airflow/example_dags/example_inlet_event_extra.py
[2024-09-05T00:14:11.491+0000] {logging_mixin.py:190} INFO - [2024-09-05T00:14:11.490+0000] {dag.py:3211} INFO - Sync 2 DAGs
[2024-09-05T00:14:11.698+0000] {logging_mixin.py:190} INFO - [2024-09-05T00:14:11.697+0000] {dag.py:4138} INFO - Setting next_dagrun for read_dataset_event to 2024-09-04 00:00:00+00:00, run_after=2024-09-05 00:00:00+00:00
[2024-09-05T00:14:11.738+0000] {logging_mixin.py:190} INFO - [2024-09-05T00:14:11.737+0000] {dag.py:4138} INFO - Setting next_dagrun for read_dataset_event_from_classic to 2024-09-04 00:00:00+00:00, run_after=2024-09-05 00:00:00+00:00
[2024-09-05T00:14:11.904+0000] {processor.py:208} INFO - Processing /home/airflow/.local/lib/python3.12/site-packages/airflow/example_dags/example_inlet_event_extra.py took 1.276 seconds
[2024-09-05T00:14:42.655+0000] {processor.py:186} INFO - Started process (PID=244) to work on /home/airflow/.local/lib/python3.12/site-packages/airflow/example_dags/example_inlet_event_extra.py
[2024-09-05T00:14:42.661+0000] {processor.py:914} INFO - Processing file /home/airflow/.local/lib/python3.12/site-packages/airflow/example_dags/example_inlet_event_extra.py for tasks to queue
[2024-09-05T00:14:42.666+0000] {logging_mixin.py:190} INFO - [2024-09-05T00:14:42.665+0000] {dagbag.py:587} INFO - Filling up the DagBag from /home/airflow/.local/lib/python3.12/site-packages/airflow/example_dags/example_inlet_event_extra.py
[2024-09-05T00:14:43.323+0000] {processor.py:925} INFO - DAG(s) 'read_dataset_event_from_classic', 'read_dataset_event' retrieved from /home/airflow/.local/lib/python3.12/site-packages/airflow/example_dags/example_inlet_event_extra.py
[2024-09-05T00:14:43.488+0000] {logging_mixin.py:190} INFO - [2024-09-05T00:14:43.487+0000] {dag.py:3211} INFO - Sync 2 DAGs
[2024-09-05T00:14:43.614+0000] {logging_mixin.py:190} INFO - [2024-09-05T00:14:43.614+0000] {dag.py:4138} INFO - Setting next_dagrun for read_dataset_event to 2024-09-04 00:00:00+00:00, run_after=2024-09-05 00:00:00+00:00
[2024-09-05T00:14:43.655+0000] {logging_mixin.py:190} INFO - [2024-09-05T00:14:43.654+0000] {dag.py:4138} INFO - Setting next_dagrun for read_dataset_event_from_classic to 2024-09-04 00:00:00+00:00, run_after=2024-09-05 00:00:00+00:00
[2024-09-05T00:14:43.749+0000] {processor.py:208} INFO - Processing /home/airflow/.local/lib/python3.12/site-packages/airflow/example_dags/example_inlet_event_extra.py took 1.129 seconds
[2024-09-05T00:15:15.481+0000] {processor.py:186} INFO - Started process (PID=310) to work on /home/airflow/.local/lib/python3.12/site-packages/airflow/example_dags/example_inlet_event_extra.py
[2024-09-05T00:15:15.484+0000] {processor.py:914} INFO - Processing file /home/airflow/.local/lib/python3.12/site-packages/airflow/example_dags/example_inlet_event_extra.py for tasks to queue
[2024-09-05T00:15:15.496+0000] {logging_mixin.py:190} INFO - [2024-09-05T00:15:15.494+0000] {dagbag.py:587} INFO - Filling up the DagBag from /home/airflow/.local/lib/python3.12/site-packages/airflow/example_dags/example_inlet_event_extra.py
[2024-09-05T00:15:16.827+0000] {processor.py:925} INFO - DAG(s) 'read_dataset_event', 'read_dataset_event_from_classic' retrieved from /home/airflow/.local/lib/python3.12/site-packages/airflow/example_dags/example_inlet_event_extra.py
[2024-09-05T00:15:17.319+0000] {logging_mixin.py:190} INFO - [2024-09-05T00:15:17.317+0000] {dag.py:3211} INFO - Sync 2 DAGs
[2024-09-05T00:15:17.945+0000] {logging_mixin.py:190} INFO - [2024-09-05T00:15:17.931+0000] {dag.py:4138} INFO - Setting next_dagrun for read_dataset_event to 2024-09-04 00:00:00+00:00, run_after=2024-09-05 00:00:00+00:00
[2024-09-05T00:15:18.098+0000] {logging_mixin.py:190} INFO - [2024-09-05T00:15:18.096+0000] {dag.py:4138} INFO - Setting next_dagrun for read_dataset_event_from_classic to 2024-09-04 00:00:00+00:00, run_after=2024-09-05 00:00:00+00:00
[2024-09-05T00:15:18.652+0000] {processor.py:208} INFO - Processing /home/airflow/.local/lib/python3.12/site-packages/airflow/example_dags/example_inlet_event_extra.py took 3.206 seconds
[2024-09-05T00:32:40.359+0000] {processor.py:186} INFO - Started process (PID=129) to work on /home/airflow/.local/lib/python3.12/site-packages/airflow/example_dags/example_inlet_event_extra.py
[2024-09-05T00:32:40.360+0000] {processor.py:914} INFO - Processing file /home/airflow/.local/lib/python3.12/site-packages/airflow/example_dags/example_inlet_event_extra.py for tasks to queue
[2024-09-05T00:32:40.363+0000] {logging_mixin.py:190} INFO - [2024-09-05T00:32:40.362+0000] {dagbag.py:587} INFO - Filling up the DagBag from /home/airflow/.local/lib/python3.12/site-packages/airflow/example_dags/example_inlet_event_extra.py
[2024-09-05T00:32:40.729+0000] {processor.py:925} INFO - DAG(s) 'read_dataset_event_from_classic', 'read_dataset_event' retrieved from /home/airflow/.local/lib/python3.12/site-packages/airflow/example_dags/example_inlet_event_extra.py
[2024-09-05T00:32:40.781+0000] {logging_mixin.py:190} INFO - [2024-09-05T00:32:40.780+0000] {dag.py:3211} INFO - Sync 2 DAGs
[2024-09-05T00:32:40.868+0000] {logging_mixin.py:190} INFO - [2024-09-05T00:32:40.868+0000] {dag.py:4138} INFO - Setting next_dagrun for read_dataset_event to 2024-09-04 00:00:00+00:00, run_after=2024-09-05 00:00:00+00:00
[2024-09-05T00:32:40.888+0000] {logging_mixin.py:190} INFO - [2024-09-05T00:32:40.887+0000] {dag.py:4138} INFO - Setting next_dagrun for read_dataset_event_from_classic to 2024-09-04 00:00:00+00:00, run_after=2024-09-05 00:00:00+00:00
[2024-09-05T00:32:40.931+0000] {processor.py:208} INFO - Processing /home/airflow/.local/lib/python3.12/site-packages/airflow/example_dags/example_inlet_event_extra.py took 0.615 seconds
[2024-09-05T00:33:11.372+0000] {processor.py:186} INFO - Started process (PID=192) to work on /home/airflow/.local/lib/python3.12/site-packages/airflow/example_dags/example_inlet_event_extra.py
[2024-09-05T00:33:11.374+0000] {processor.py:914} INFO - Processing file /home/airflow/.local/lib/python3.12/site-packages/airflow/example_dags/example_inlet_event_extra.py for tasks to queue
[2024-09-05T00:33:11.377+0000] {logging_mixin.py:190} INFO - [2024-09-05T00:33:11.376+0000] {dagbag.py:587} INFO - Filling up the DagBag from /home/airflow/.local/lib/python3.12/site-packages/airflow/example_dags/example_inlet_event_extra.py
[2024-09-05T00:33:11.604+0000] {processor.py:925} INFO - DAG(s) 'read_dataset_event_from_classic', 'read_dataset_event' retrieved from /home/airflow/.local/lib/python3.12/site-packages/airflow/example_dags/example_inlet_event_extra.py
[2024-09-05T00:33:11.637+0000] {logging_mixin.py:190} INFO - [2024-09-05T00:33:11.637+0000] {dag.py:3211} INFO - Sync 2 DAGs
[2024-09-05T00:33:11.684+0000] {logging_mixin.py:190} INFO - [2024-09-05T00:33:11.684+0000] {dag.py:4138} INFO - Setting next_dagrun for read_dataset_event to 2024-09-04 00:00:00+00:00, run_after=2024-09-05 00:00:00+00:00
[2024-09-05T00:33:11.693+0000] {logging_mixin.py:190} INFO - [2024-09-05T00:33:11.693+0000] {dag.py:4138} INFO - Setting next_dagrun for read_dataset_event_from_classic to 2024-09-04 00:00:00+00:00, run_after=2024-09-05 00:00:00+00:00
[2024-09-05T00:33:11.727+0000] {processor.py:208} INFO - Processing /home/airflow/.local/lib/python3.12/site-packages/airflow/example_dags/example_inlet_event_extra.py took 0.364 seconds
[2024-09-05T00:33:42.040+0000] {processor.py:186} INFO - Started process (PID=255) to work on /home/airflow/.local/lib/python3.12/site-packages/airflow/example_dags/example_inlet_event_extra.py
[2024-09-05T00:33:42.043+0000] {processor.py:914} INFO - Processing file /home/airflow/.local/lib/python3.12/site-packages/airflow/example_dags/example_inlet_event_extra.py for tasks to queue
[2024-09-05T00:33:42.049+0000] {logging_mixin.py:190} INFO - [2024-09-05T00:33:42.048+0000] {dagbag.py:587} INFO - Filling up the DagBag from /home/airflow/.local/lib/python3.12/site-packages/airflow/example_dags/example_inlet_event_extra.py
[2024-09-05T00:33:42.339+0000] {processor.py:925} INFO - DAG(s) 'read_dataset_event_from_classic', 'read_dataset_event' retrieved from /home/airflow/.local/lib/python3.12/site-packages/airflow/example_dags/example_inlet_event_extra.py
[2024-09-05T00:33:42.408+0000] {logging_mixin.py:190} INFO - [2024-09-05T00:33:42.407+0000] {dag.py:3211} INFO - Sync 2 DAGs
[2024-09-05T00:33:42.504+0000] {logging_mixin.py:190} INFO - [2024-09-05T00:33:42.503+0000] {dag.py:4138} INFO - Setting next_dagrun for read_dataset_event to 2024-09-04 00:00:00+00:00, run_after=2024-09-05 00:00:00+00:00
[2024-09-05T00:33:42.517+0000] {logging_mixin.py:190} INFO - [2024-09-05T00:33:42.517+0000] {dag.py:4138} INFO - Setting next_dagrun for read_dataset_event_from_classic to 2024-09-04 00:00:00+00:00, run_after=2024-09-05 00:00:00+00:00
[2024-09-05T00:33:42.567+0000] {processor.py:208} INFO - Processing /home/airflow/.local/lib/python3.12/site-packages/airflow/example_dags/example_inlet_event_extra.py took 0.539 seconds
[2024-09-05T00:35:00.964+0000] {processor.py:186} INFO - Started process (PID=324) to work on /home/airflow/.local/lib/python3.12/site-packages/airflow/example_dags/example_inlet_event_extra.py
[2024-09-05T00:35:00.978+0000] {processor.py:914} INFO - Processing file /home/airflow/.local/lib/python3.12/site-packages/airflow/example_dags/example_inlet_event_extra.py for tasks to queue
[2024-09-05T00:35:00.997+0000] {logging_mixin.py:190} INFO - [2024-09-05T00:35:00.996+0000] {dagbag.py:587} INFO - Filling up the DagBag from /home/airflow/.local/lib/python3.12/site-packages/airflow/example_dags/example_inlet_event_extra.py
[2024-09-05T00:35:07.530+0000] {processor.py:925} INFO - DAG(s) 'read_dataset_event', 'read_dataset_event_from_classic' retrieved from /home/airflow/.local/lib/python3.12/site-packages/airflow/example_dags/example_inlet_event_extra.py
[2024-09-05T00:35:10.159+0000] {logging_mixin.py:190} INFO - [2024-09-05T00:35:10.144+0000] {dag.py:3211} INFO - Sync 2 DAGs
[2024-09-05T00:35:11.137+0000] {logging_mixin.py:190} INFO - [2024-09-05T00:35:11.130+0000] {dag.py:4138} INFO - Setting next_dagrun for read_dataset_event to 2024-09-04 00:00:00+00:00, run_after=2024-09-05 00:00:00+00:00
[2024-09-05T00:35:11.286+0000] {logging_mixin.py:190} INFO - [2024-09-05T00:35:11.275+0000] {dag.py:4138} INFO - Setting next_dagrun for read_dataset_event_from_classic to 2024-09-04 00:00:00+00:00, run_after=2024-09-05 00:00:00+00:00
[2024-09-05T00:35:11.738+0000] {processor.py:208} INFO - Processing /home/airflow/.local/lib/python3.12/site-packages/airflow/example_dags/example_inlet_event_extra.py took 10.884 seconds
[2024-09-05T00:36:11.095+0000] {processor.py:186} INFO - Started process (PID=393) to work on /home/airflow/.local/lib/python3.12/site-packages/airflow/example_dags/example_inlet_event_extra.py
[2024-09-05T00:36:11.096+0000] {processor.py:914} INFO - Processing file /home/airflow/.local/lib/python3.12/site-packages/airflow/example_dags/example_inlet_event_extra.py for tasks to queue
[2024-09-05T00:36:11.102+0000] {logging_mixin.py:190} INFO - [2024-09-05T00:36:11.101+0000] {dagbag.py:587} INFO - Filling up the DagBag from /home/airflow/.local/lib/python3.12/site-packages/airflow/example_dags/example_inlet_event_extra.py
[2024-09-05T00:36:11.346+0000] {processor.py:925} INFO - DAG(s) 'read_dataset_event', 'read_dataset_event_from_classic' retrieved from /home/airflow/.local/lib/python3.12/site-packages/airflow/example_dags/example_inlet_event_extra.py
[2024-09-05T00:36:11.387+0000] {logging_mixin.py:190} INFO - [2024-09-05T00:36:11.386+0000] {dag.py:3211} INFO - Sync 2 DAGs
[2024-09-05T00:36:11.427+0000] {logging_mixin.py:190} INFO - [2024-09-05T00:36:11.426+0000] {dag.py:4138} INFO - Setting next_dagrun for read_dataset_event to 2024-09-04 00:00:00+00:00, run_after=2024-09-05 00:00:00+00:00
[2024-09-05T00:36:11.435+0000] {logging_mixin.py:190} INFO - [2024-09-05T00:36:11.434+0000] {dag.py:4138} INFO - Setting next_dagrun for read_dataset_event_from_classic to 2024-09-04 00:00:00+00:00, run_after=2024-09-05 00:00:00+00:00
[2024-09-05T00:36:11.474+0000] {processor.py:208} INFO - Processing /home/airflow/.local/lib/python3.12/site-packages/airflow/example_dags/example_inlet_event_extra.py took 0.393 seconds
[2024-09-05T00:36:45.682+0000] {processor.py:186} INFO - Started process (PID=456) to work on /home/airflow/.local/lib/python3.12/site-packages/airflow/example_dags/example_inlet_event_extra.py
[2024-09-05T00:36:45.689+0000] {processor.py:914} INFO - Processing file /home/airflow/.local/lib/python3.12/site-packages/airflow/example_dags/example_inlet_event_extra.py for tasks to queue
[2024-09-05T00:36:45.697+0000] {logging_mixin.py:190} INFO - [2024-09-05T00:36:45.696+0000] {dagbag.py:587} INFO - Filling up the DagBag from /home/airflow/.local/lib/python3.12/site-packages/airflow/example_dags/example_inlet_event_extra.py
[2024-09-05T00:36:46.132+0000] {processor.py:925} INFO - DAG(s) 'read_dataset_event_from_classic', 'read_dataset_event' retrieved from /home/airflow/.local/lib/python3.12/site-packages/airflow/example_dags/example_inlet_event_extra.py
[2024-09-05T00:36:46.197+0000] {logging_mixin.py:190} INFO - [2024-09-05T00:36:46.197+0000] {dag.py:3211} INFO - Sync 2 DAGs
[2024-09-05T00:36:46.286+0000] {logging_mixin.py:190} INFO - [2024-09-05T00:36:46.286+0000] {dag.py:4138} INFO - Setting next_dagrun for read_dataset_event to 2024-09-04 00:00:00+00:00, run_after=2024-09-05 00:00:00+00:00
[2024-09-05T00:36:46.297+0000] {logging_mixin.py:190} INFO - [2024-09-05T00:36:46.296+0000] {dag.py:4138} INFO - Setting next_dagrun for read_dataset_event_from_classic to 2024-09-04 00:00:00+00:00, run_after=2024-09-05 00:00:00+00:00
[2024-09-05T00:36:46.360+0000] {processor.py:208} INFO - Processing /home/airflow/.local/lib/python3.12/site-packages/airflow/example_dags/example_inlet_event_extra.py took 0.703 seconds
[2024-09-05T00:37:16.847+0000] {processor.py:186} INFO - Started process (PID=519) to work on /home/airflow/.local/lib/python3.12/site-packages/airflow/example_dags/example_inlet_event_extra.py
[2024-09-05T00:37:16.848+0000] {processor.py:914} INFO - Processing file /home/airflow/.local/lib/python3.12/site-packages/airflow/example_dags/example_inlet_event_extra.py for tasks to queue
[2024-09-05T00:37:16.851+0000] {logging_mixin.py:190} INFO - [2024-09-05T00:37:16.850+0000] {dagbag.py:587} INFO - Filling up the DagBag from /home/airflow/.local/lib/python3.12/site-packages/airflow/example_dags/example_inlet_event_extra.py
[2024-09-05T00:37:17.056+0000] {processor.py:925} INFO - DAG(s) 'read_dataset_event', 'read_dataset_event_from_classic' retrieved from /home/airflow/.local/lib/python3.12/site-packages/airflow/example_dags/example_inlet_event_extra.py
[2024-09-05T00:37:17.109+0000] {logging_mixin.py:190} INFO - [2024-09-05T00:37:17.109+0000] {dag.py:3211} INFO - Sync 2 DAGs
[2024-09-05T00:37:17.168+0000] {logging_mixin.py:190} INFO - [2024-09-05T00:37:17.167+0000] {dag.py:4138} INFO - Setting next_dagrun for read_dataset_event to 2024-09-04 00:00:00+00:00, run_after=2024-09-05 00:00:00+00:00
[2024-09-05T00:37:17.177+0000] {logging_mixin.py:190} INFO - [2024-09-05T00:37:17.177+0000] {dag.py:4138} INFO - Setting next_dagrun for read_dataset_event_from_classic to 2024-09-04 00:00:00+00:00, run_after=2024-09-05 00:00:00+00:00
[2024-09-05T00:37:17.205+0000] {processor.py:208} INFO - Processing /home/airflow/.local/lib/python3.12/site-packages/airflow/example_dags/example_inlet_event_extra.py took 0.366 seconds
[2024-09-05T00:37:47.402+0000] {processor.py:186} INFO - Started process (PID=582) to work on /home/airflow/.local/lib/python3.12/site-packages/airflow/example_dags/example_inlet_event_extra.py
[2024-09-05T00:37:47.404+0000] {processor.py:914} INFO - Processing file /home/airflow/.local/lib/python3.12/site-packages/airflow/example_dags/example_inlet_event_extra.py for tasks to queue
[2024-09-05T00:37:47.406+0000] {logging_mixin.py:190} INFO - [2024-09-05T00:37:47.405+0000] {dagbag.py:587} INFO - Filling up the DagBag from /home/airflow/.local/lib/python3.12/site-packages/airflow/example_dags/example_inlet_event_extra.py
[2024-09-05T00:37:47.610+0000] {processor.py:925} INFO - DAG(s) 'read_dataset_event', 'read_dataset_event_from_classic' retrieved from /home/airflow/.local/lib/python3.12/site-packages/airflow/example_dags/example_inlet_event_extra.py
[2024-09-05T00:37:47.646+0000] {logging_mixin.py:190} INFO - [2024-09-05T00:37:47.645+0000] {dag.py:3211} INFO - Sync 2 DAGs
[2024-09-05T00:37:47.683+0000] {logging_mixin.py:190} INFO - [2024-09-05T00:37:47.682+0000] {dag.py:4138} INFO - Setting next_dagrun for read_dataset_event to 2024-09-04 00:00:00+00:00, run_after=2024-09-05 00:00:00+00:00
[2024-09-05T00:37:47.693+0000] {logging_mixin.py:190} INFO - [2024-09-05T00:37:47.693+0000] {dag.py:4138} INFO - Setting next_dagrun for read_dataset_event_from_classic to 2024-09-04 00:00:00+00:00, run_after=2024-09-05 00:00:00+00:00
[2024-09-05T00:37:47.729+0000] {processor.py:208} INFO - Processing /home/airflow/.local/lib/python3.12/site-packages/airflow/example_dags/example_inlet_event_extra.py took 0.340 seconds
[2024-09-05T00:38:18.297+0000] {processor.py:186} INFO - Started process (PID=645) to work on /home/airflow/.local/lib/python3.12/site-packages/airflow/example_dags/example_inlet_event_extra.py
[2024-09-05T00:38:18.298+0000] {processor.py:914} INFO - Processing file /home/airflow/.local/lib/python3.12/site-packages/airflow/example_dags/example_inlet_event_extra.py for tasks to queue
[2024-09-05T00:38:18.300+0000] {logging_mixin.py:190} INFO - [2024-09-05T00:38:18.300+0000] {dagbag.py:587} INFO - Filling up the DagBag from /home/airflow/.local/lib/python3.12/site-packages/airflow/example_dags/example_inlet_event_extra.py
[2024-09-05T00:38:18.613+0000] {processor.py:925} INFO - DAG(s) 'read_dataset_event_from_classic', 'read_dataset_event' retrieved from /home/airflow/.local/lib/python3.12/site-packages/airflow/example_dags/example_inlet_event_extra.py
[2024-09-05T00:38:18.667+0000] {logging_mixin.py:190} INFO - [2024-09-05T00:38:18.665+0000] {dag.py:3211} INFO - Sync 2 DAGs
[2024-09-05T00:38:18.784+0000] {logging_mixin.py:190} INFO - [2024-09-05T00:38:18.784+0000] {dag.py:4138} INFO - Setting next_dagrun for read_dataset_event to 2024-09-04 00:00:00+00:00, run_after=2024-09-05 00:00:00+00:00
[2024-09-05T00:38:18.800+0000] {logging_mixin.py:190} INFO - [2024-09-05T00:38:18.799+0000] {dag.py:4138} INFO - Setting next_dagrun for read_dataset_event_from_classic to 2024-09-04 00:00:00+00:00, run_after=2024-09-05 00:00:00+00:00
[2024-09-05T00:38:18.869+0000] {processor.py:208} INFO - Processing /home/airflow/.local/lib/python3.12/site-packages/airflow/example_dags/example_inlet_event_extra.py took 0.585 seconds
[2024-09-05T00:38:49.553+0000] {processor.py:186} INFO - Started process (PID=715) to work on /home/airflow/.local/lib/python3.12/site-packages/airflow/example_dags/example_inlet_event_extra.py
[2024-09-05T00:38:49.554+0000] {processor.py:914} INFO - Processing file /home/airflow/.local/lib/python3.12/site-packages/airflow/example_dags/example_inlet_event_extra.py for tasks to queue
[2024-09-05T00:38:49.560+0000] {logging_mixin.py:190} INFO - [2024-09-05T00:38:49.559+0000] {dagbag.py:587} INFO - Filling up the DagBag from /home/airflow/.local/lib/python3.12/site-packages/airflow/example_dags/example_inlet_event_extra.py
[2024-09-05T00:38:50.028+0000] {processor.py:925} INFO - DAG(s) 'read_dataset_event', 'read_dataset_event_from_classic' retrieved from /home/airflow/.local/lib/python3.12/site-packages/airflow/example_dags/example_inlet_event_extra.py
[2024-09-05T00:38:50.119+0000] {logging_mixin.py:190} INFO - [2024-09-05T00:38:50.118+0000] {dag.py:3211} INFO - Sync 2 DAGs
[2024-09-05T00:38:50.210+0000] {logging_mixin.py:190} INFO - [2024-09-05T00:38:50.209+0000] {dag.py:4138} INFO - Setting next_dagrun for read_dataset_event to 2024-09-04 00:00:00+00:00, run_after=2024-09-05 00:00:00+00:00
[2024-09-05T00:38:50.233+0000] {logging_mixin.py:190} INFO - [2024-09-05T00:38:50.233+0000] {dag.py:4138} INFO - Setting next_dagrun for read_dataset_event_from_classic to 2024-09-04 00:00:00+00:00, run_after=2024-09-05 00:00:00+00:00
[2024-09-05T00:38:50.369+0000] {processor.py:208} INFO - Processing /home/airflow/.local/lib/python3.12/site-packages/airflow/example_dags/example_inlet_event_extra.py took 0.834 seconds
[2024-09-05T00:39:21.373+0000] {processor.py:186} INFO - Started process (PID=780) to work on /home/airflow/.local/lib/python3.12/site-packages/airflow/example_dags/example_inlet_event_extra.py
[2024-09-05T00:39:21.375+0000] {processor.py:914} INFO - Processing file /home/airflow/.local/lib/python3.12/site-packages/airflow/example_dags/example_inlet_event_extra.py for tasks to queue
[2024-09-05T00:39:21.381+0000] {logging_mixin.py:190} INFO - [2024-09-05T00:39:21.380+0000] {dagbag.py:587} INFO - Filling up the DagBag from /home/airflow/.local/lib/python3.12/site-packages/airflow/example_dags/example_inlet_event_extra.py
[2024-09-05T00:39:21.690+0000] {processor.py:925} INFO - DAG(s) 'read_dataset_event', 'read_dataset_event_from_classic' retrieved from /home/airflow/.local/lib/python3.12/site-packages/airflow/example_dags/example_inlet_event_extra.py
[2024-09-05T00:39:21.733+0000] {logging_mixin.py:190} INFO - [2024-09-05T00:39:21.733+0000] {dag.py:3211} INFO - Sync 2 DAGs
[2024-09-05T00:39:21.786+0000] {logging_mixin.py:190} INFO - [2024-09-05T00:39:21.786+0000] {dag.py:4138} INFO - Setting next_dagrun for read_dataset_event to 2024-09-04 00:00:00+00:00, run_after=2024-09-05 00:00:00+00:00
[2024-09-05T00:39:21.796+0000] {logging_mixin.py:190} INFO - [2024-09-05T00:39:21.796+0000] {dag.py:4138} INFO - Setting next_dagrun for read_dataset_event_from_classic to 2024-09-04 00:00:00+00:00, run_after=2024-09-05 00:00:00+00:00
[2024-09-05T00:39:21.844+0000] {processor.py:208} INFO - Processing /home/airflow/.local/lib/python3.12/site-packages/airflow/example_dags/example_inlet_event_extra.py took 0.493 seconds
[2024-09-05T00:39:52.515+0000] {processor.py:186} INFO - Started process (PID=843) to work on /home/airflow/.local/lib/python3.12/site-packages/airflow/example_dags/example_inlet_event_extra.py
[2024-09-05T00:39:52.518+0000] {processor.py:914} INFO - Processing file /home/airflow/.local/lib/python3.12/site-packages/airflow/example_dags/example_inlet_event_extra.py for tasks to queue
[2024-09-05T00:39:52.522+0000] {logging_mixin.py:190} INFO - [2024-09-05T00:39:52.521+0000] {dagbag.py:587} INFO - Filling up the DagBag from /home/airflow/.local/lib/python3.12/site-packages/airflow/example_dags/example_inlet_event_extra.py
[2024-09-05T00:39:52.857+0000] {processor.py:925} INFO - DAG(s) 'read_dataset_event', 'read_dataset_event_from_classic' retrieved from /home/airflow/.local/lib/python3.12/site-packages/airflow/example_dags/example_inlet_event_extra.py
[2024-09-05T00:39:52.917+0000] {logging_mixin.py:190} INFO - [2024-09-05T00:39:52.916+0000] {dag.py:3211} INFO - Sync 2 DAGs
[2024-09-05T00:39:52.995+0000] {logging_mixin.py:190} INFO - [2024-09-05T00:39:52.994+0000] {dag.py:4138} INFO - Setting next_dagrun for read_dataset_event to 2024-09-04 00:00:00+00:00, run_after=2024-09-05 00:00:00+00:00
[2024-09-05T00:39:53.014+0000] {logging_mixin.py:190} INFO - [2024-09-05T00:39:53.013+0000] {dag.py:4138} INFO - Setting next_dagrun for read_dataset_event_from_classic to 2024-09-04 00:00:00+00:00, run_after=2024-09-05 00:00:00+00:00
[2024-09-05T00:39:53.074+0000] {processor.py:208} INFO - Processing /home/airflow/.local/lib/python3.12/site-packages/airflow/example_dags/example_inlet_event_extra.py took 0.578 seconds
[2024-09-05T00:40:23.942+0000] {processor.py:186} INFO - Started process (PID=907) to work on /home/airflow/.local/lib/python3.12/site-packages/airflow/example_dags/example_inlet_event_extra.py
[2024-09-05T00:40:23.943+0000] {processor.py:914} INFO - Processing file /home/airflow/.local/lib/python3.12/site-packages/airflow/example_dags/example_inlet_event_extra.py for tasks to queue
[2024-09-05T00:40:23.946+0000] {logging_mixin.py:190} INFO - [2024-09-05T00:40:23.945+0000] {dagbag.py:587} INFO - Filling up the DagBag from /home/airflow/.local/lib/python3.12/site-packages/airflow/example_dags/example_inlet_event_extra.py
[2024-09-05T00:40:24.320+0000] {processor.py:925} INFO - DAG(s) 'read_dataset_event_from_classic', 'read_dataset_event' retrieved from /home/airflow/.local/lib/python3.12/site-packages/airflow/example_dags/example_inlet_event_extra.py
[2024-09-05T00:40:24.376+0000] {logging_mixin.py:190} INFO - [2024-09-05T00:40:24.374+0000] {dag.py:3211} INFO - Sync 2 DAGs
[2024-09-05T00:40:24.439+0000] {logging_mixin.py:190} INFO - [2024-09-05T00:40:24.439+0000] {dag.py:4138} INFO - Setting next_dagrun for read_dataset_event to 2024-09-04 00:00:00+00:00, run_after=2024-09-05 00:00:00+00:00
[2024-09-05T00:40:24.451+0000] {logging_mixin.py:190} INFO - [2024-09-05T00:40:24.451+0000] {dag.py:4138} INFO - Setting next_dagrun for read_dataset_event_from_classic to 2024-09-04 00:00:00+00:00, run_after=2024-09-05 00:00:00+00:00
[2024-09-05T00:40:24.502+0000] {processor.py:208} INFO - Processing /home/airflow/.local/lib/python3.12/site-packages/airflow/example_dags/example_inlet_event_extra.py took 0.575 seconds
