[2024-09-05T00:04:08.114+0000] {processor.py:186} INFO - Started process (PID=96) to work on /home/airflow/.local/lib/python3.12/site-packages/airflow/example_dags/tutorial.py
[2024-09-05T00:04:08.117+0000] {processor.py:914} INFO - Processing file /home/airflow/.local/lib/python3.12/site-packages/airflow/example_dags/tutorial.py for tasks to queue
[2024-09-05T00:04:08.122+0000] {logging_mixin.py:190} INFO - [2024-09-05T00:04:08.121+0000] {dagbag.py:587} INFO - Filling up the DagBag from /home/airflow/.local/lib/python3.12/site-packages/airflow/example_dags/tutorial.py
[2024-09-05T00:04:08.162+0000] {processor.py:925} INFO - DAG(s) 'tutorial' retrieved from /home/airflow/.local/lib/python3.12/site-packages/airflow/example_dags/tutorial.py
[2024-09-05T00:04:08.618+0000] {logging_mixin.py:190} INFO - [2024-09-05T00:04:08.616+0000] {override.py:1858} INFO - Created Permission View: can delete on DAG:tutorial
[2024-09-05T00:04:08.667+0000] {logging_mixin.py:190} INFO - [2024-09-05T00:04:08.666+0000] {override.py:1858} INFO - Created Permission View: can read on DAG:tutorial
[2024-09-05T00:04:08.697+0000] {logging_mixin.py:190} INFO - [2024-09-05T00:04:08.696+0000] {override.py:1858} INFO - Created Permission View: can edit on DAG:tutorial
[2024-09-05T00:04:08.699+0000] {logging_mixin.py:190} INFO - [2024-09-05T00:04:08.698+0000] {dag.py:3211} INFO - Sync 1 DAGs
[2024-09-05T00:04:08.774+0000] {logging_mixin.py:190} INFO - [2024-09-05T00:04:08.773+0000] {dag.py:3234} INFO - Creating ORM DAG for tutorial
[2024-09-05T00:04:08.824+0000] {logging_mixin.py:190} INFO - [2024-09-05T00:04:08.823+0000] {dag.py:4138} INFO - Setting next_dagrun for tutorial to 2024-09-04 00:00:00+00:00, run_after=2024-09-05 00:00:00+00:00
[2024-09-05T00:04:08.905+0000] {processor.py:208} INFO - Processing /home/airflow/.local/lib/python3.12/site-packages/airflow/example_dags/tutorial.py took 0.825 seconds
[2024-09-05T00:04:39.560+0000] {processor.py:186} INFO - Started process (PID=157) to work on /home/airflow/.local/lib/python3.12/site-packages/airflow/example_dags/tutorial.py
[2024-09-05T00:04:39.563+0000] {processor.py:914} INFO - Processing file /home/airflow/.local/lib/python3.12/site-packages/airflow/example_dags/tutorial.py for tasks to queue
[2024-09-05T00:04:39.593+0000] {logging_mixin.py:190} INFO - [2024-09-05T00:04:39.590+0000] {dagbag.py:587} INFO - Filling up the DagBag from /home/airflow/.local/lib/python3.12/site-packages/airflow/example_dags/tutorial.py
[2024-09-05T00:04:39.683+0000] {processor.py:925} INFO - DAG(s) 'tutorial' retrieved from /home/airflow/.local/lib/python3.12/site-packages/airflow/example_dags/tutorial.py
[2024-09-05T00:04:39.829+0000] {logging_mixin.py:190} INFO - [2024-09-05T00:04:39.825+0000] {dag.py:3211} INFO - Sync 1 DAGs
[2024-09-05T00:04:39.968+0000] {logging_mixin.py:190} INFO - [2024-09-05T00:04:39.967+0000] {dag.py:4138} INFO - Setting next_dagrun for tutorial to 2024-09-04 00:00:00+00:00, run_after=2024-09-05 00:00:00+00:00
[2024-09-05T00:04:40.075+0000] {processor.py:208} INFO - Processing /home/airflow/.local/lib/python3.12/site-packages/airflow/example_dags/tutorial.py took 0.565 seconds
[2024-09-05T00:05:13.984+0000] {processor.py:186} INFO - Started process (PID=219) to work on /home/airflow/.local/lib/python3.12/site-packages/airflow/example_dags/tutorial.py
[2024-09-05T00:05:13.986+0000] {processor.py:914} INFO - Processing file /home/airflow/.local/lib/python3.12/site-packages/airflow/example_dags/tutorial.py for tasks to queue
[2024-09-05T00:05:13.993+0000] {logging_mixin.py:190} INFO - [2024-09-05T00:05:13.992+0000] {dagbag.py:587} INFO - Filling up the DagBag from /home/airflow/.local/lib/python3.12/site-packages/airflow/example_dags/tutorial.py
[2024-09-05T00:05:14.021+0000] {processor.py:925} INFO - DAG(s) 'tutorial' retrieved from /home/airflow/.local/lib/python3.12/site-packages/airflow/example_dags/tutorial.py
[2024-09-05T00:05:14.087+0000] {logging_mixin.py:190} INFO - [2024-09-05T00:05:14.087+0000] {dag.py:3211} INFO - Sync 1 DAGs
[2024-09-05T00:05:14.167+0000] {logging_mixin.py:190} INFO - [2024-09-05T00:05:14.166+0000] {dag.py:4138} INFO - Setting next_dagrun for tutorial to 2024-09-04 00:00:00+00:00, run_after=2024-09-05 00:00:00+00:00
[2024-09-05T00:05:14.220+0000] {processor.py:208} INFO - Processing /home/airflow/.local/lib/python3.12/site-packages/airflow/example_dags/tutorial.py took 0.258 seconds
[2024-09-05T00:13:18.390+0000] {processor.py:186} INFO - Started process (PID=89) to work on /home/airflow/.local/lib/python3.12/site-packages/airflow/example_dags/tutorial.py
[2024-09-05T00:13:18.394+0000] {processor.py:914} INFO - Processing file /home/airflow/.local/lib/python3.12/site-packages/airflow/example_dags/tutorial.py for tasks to queue
[2024-09-05T00:13:18.408+0000] {logging_mixin.py:190} INFO - [2024-09-05T00:13:18.406+0000] {dagbag.py:587} INFO - Filling up the DagBag from /home/airflow/.local/lib/python3.12/site-packages/airflow/example_dags/tutorial.py
[2024-09-05T00:13:18.519+0000] {processor.py:925} INFO - DAG(s) 'tutorial' retrieved from /home/airflow/.local/lib/python3.12/site-packages/airflow/example_dags/tutorial.py
[2024-09-05T00:13:18.973+0000] {logging_mixin.py:190} INFO - [2024-09-05T00:13:18.972+0000] {dag.py:3211} INFO - Sync 1 DAGs
[2024-09-05T00:13:19.957+0000] {logging_mixin.py:190} INFO - [2024-09-05T00:13:19.956+0000] {dag.py:4138} INFO - Setting next_dagrun for tutorial to 2024-09-04 00:00:00+00:00, run_after=2024-09-05 00:00:00+00:00
[2024-09-05T00:13:20.241+0000] {processor.py:208} INFO - Processing /home/airflow/.local/lib/python3.12/site-packages/airflow/example_dags/tutorial.py took 1.896 seconds
[2024-09-05T00:13:51.026+0000] {processor.py:186} INFO - Started process (PID=151) to work on /home/airflow/.local/lib/python3.12/site-packages/airflow/example_dags/tutorial.py
[2024-09-05T00:13:51.028+0000] {processor.py:914} INFO - Processing file /home/airflow/.local/lib/python3.12/site-packages/airflow/example_dags/tutorial.py for tasks to queue
[2024-09-05T00:13:51.031+0000] {logging_mixin.py:190} INFO - [2024-09-05T00:13:51.030+0000] {dagbag.py:587} INFO - Filling up the DagBag from /home/airflow/.local/lib/python3.12/site-packages/airflow/example_dags/tutorial.py
[2024-09-05T00:13:51.063+0000] {processor.py:925} INFO - DAG(s) 'tutorial' retrieved from /home/airflow/.local/lib/python3.12/site-packages/airflow/example_dags/tutorial.py
[2024-09-05T00:13:51.135+0000] {logging_mixin.py:190} INFO - [2024-09-05T00:13:51.134+0000] {dag.py:3211} INFO - Sync 1 DAGs
[2024-09-05T00:13:51.226+0000] {logging_mixin.py:190} INFO - [2024-09-05T00:13:51.225+0000] {dag.py:4138} INFO - Setting next_dagrun for tutorial to 2024-09-04 00:00:00+00:00, run_after=2024-09-05 00:00:00+00:00
[2024-09-05T00:13:51.281+0000] {processor.py:208} INFO - Processing /home/airflow/.local/lib/python3.12/site-packages/airflow/example_dags/tutorial.py took 0.273 seconds
[2024-09-05T00:14:30.905+0000] {processor.py:186} INFO - Started process (PID=215) to work on /home/airflow/.local/lib/python3.12/site-packages/airflow/example_dags/tutorial.py
[2024-09-05T00:14:30.909+0000] {processor.py:914} INFO - Processing file /home/airflow/.local/lib/python3.12/site-packages/airflow/example_dags/tutorial.py for tasks to queue
[2024-09-05T00:14:30.913+0000] {logging_mixin.py:190} INFO - [2024-09-05T00:14:30.912+0000] {dagbag.py:587} INFO - Filling up the DagBag from /home/airflow/.local/lib/python3.12/site-packages/airflow/example_dags/tutorial.py
[2024-09-05T00:14:30.942+0000] {processor.py:925} INFO - DAG(s) 'tutorial' retrieved from /home/airflow/.local/lib/python3.12/site-packages/airflow/example_dags/tutorial.py
[2024-09-05T00:14:30.993+0000] {logging_mixin.py:190} INFO - [2024-09-05T00:14:30.993+0000] {dag.py:3211} INFO - Sync 1 DAGs
[2024-09-05T00:14:31.070+0000] {logging_mixin.py:190} INFO - [2024-09-05T00:14:31.069+0000] {dag.py:4138} INFO - Setting next_dagrun for tutorial to 2024-09-04 00:00:00+00:00, run_after=2024-09-05 00:00:00+00:00
[2024-09-05T00:14:31.136+0000] {processor.py:208} INFO - Processing /home/airflow/.local/lib/python3.12/site-packages/airflow/example_dags/tutorial.py took 0.263 seconds
[2024-09-05T00:15:01.482+0000] {processor.py:186} INFO - Started process (PID=282) to work on /home/airflow/.local/lib/python3.12/site-packages/airflow/example_dags/tutorial.py
[2024-09-05T00:15:01.484+0000] {processor.py:914} INFO - Processing file /home/airflow/.local/lib/python3.12/site-packages/airflow/example_dags/tutorial.py for tasks to queue
[2024-09-05T00:15:01.488+0000] {logging_mixin.py:190} INFO - [2024-09-05T00:15:01.487+0000] {dagbag.py:587} INFO - Filling up the DagBag from /home/airflow/.local/lib/python3.12/site-packages/airflow/example_dags/tutorial.py
[2024-09-05T00:15:01.516+0000] {processor.py:925} INFO - DAG(s) 'tutorial' retrieved from /home/airflow/.local/lib/python3.12/site-packages/airflow/example_dags/tutorial.py
[2024-09-05T00:15:01.587+0000] {logging_mixin.py:190} INFO - [2024-09-05T00:15:01.585+0000] {dag.py:3211} INFO - Sync 1 DAGs
[2024-09-05T00:15:01.834+0000] {logging_mixin.py:190} INFO - [2024-09-05T00:15:01.830+0000] {dag.py:4138} INFO - Setting next_dagrun for tutorial to 2024-09-04 00:00:00+00:00, run_after=2024-09-05 00:00:00+00:00
[2024-09-05T00:15:01.996+0000] {processor.py:208} INFO - Processing /home/airflow/.local/lib/python3.12/site-packages/airflow/example_dags/tutorial.py took 0.538 seconds
[2024-09-05T00:32:30.345+0000] {processor.py:186} INFO - Started process (PID=109) to work on /home/airflow/.local/lib/python3.12/site-packages/airflow/example_dags/tutorial.py
[2024-09-05T00:32:30.347+0000] {processor.py:914} INFO - Processing file /home/airflow/.local/lib/python3.12/site-packages/airflow/example_dags/tutorial.py for tasks to queue
[2024-09-05T00:32:30.358+0000] {logging_mixin.py:190} INFO - [2024-09-05T00:32:30.357+0000] {dagbag.py:587} INFO - Filling up the DagBag from /home/airflow/.local/lib/python3.12/site-packages/airflow/example_dags/tutorial.py
[2024-09-05T00:32:30.398+0000] {processor.py:925} INFO - DAG(s) 'tutorial' retrieved from /home/airflow/.local/lib/python3.12/site-packages/airflow/example_dags/tutorial.py
[2024-09-05T00:32:30.606+0000] {logging_mixin.py:190} INFO - [2024-09-05T00:32:30.605+0000] {dag.py:3211} INFO - Sync 1 DAGs
[2024-09-05T00:32:30.806+0000] {logging_mixin.py:190} INFO - [2024-09-05T00:32:30.806+0000] {dag.py:4138} INFO - Setting next_dagrun for tutorial to 2024-09-04 00:00:00+00:00, run_after=2024-09-05 00:00:00+00:00
[2024-09-05T00:32:30.923+0000] {processor.py:208} INFO - Processing /home/airflow/.local/lib/python3.12/site-packages/airflow/example_dags/tutorial.py took 0.630 seconds
[2024-09-05T00:33:01.336+0000] {processor.py:186} INFO - Started process (PID=171) to work on /home/airflow/.local/lib/python3.12/site-packages/airflow/example_dags/tutorial.py
[2024-09-05T00:33:01.338+0000] {processor.py:914} INFO - Processing file /home/airflow/.local/lib/python3.12/site-packages/airflow/example_dags/tutorial.py for tasks to queue
[2024-09-05T00:33:01.344+0000] {logging_mixin.py:190} INFO - [2024-09-05T00:33:01.343+0000] {dagbag.py:587} INFO - Filling up the DagBag from /home/airflow/.local/lib/python3.12/site-packages/airflow/example_dags/tutorial.py
[2024-09-05T00:33:01.377+0000] {processor.py:925} INFO - DAG(s) 'tutorial' retrieved from /home/airflow/.local/lib/python3.12/site-packages/airflow/example_dags/tutorial.py
[2024-09-05T00:33:01.409+0000] {logging_mixin.py:190} INFO - [2024-09-05T00:33:01.409+0000] {dag.py:3211} INFO - Sync 1 DAGs
[2024-09-05T00:33:01.444+0000] {logging_mixin.py:190} INFO - [2024-09-05T00:33:01.444+0000] {dag.py:4138} INFO - Setting next_dagrun for tutorial to 2024-09-04 00:00:00+00:00, run_after=2024-09-05 00:00:00+00:00
[2024-09-05T00:33:01.477+0000] {processor.py:208} INFO - Processing /home/airflow/.local/lib/python3.12/site-packages/airflow/example_dags/tutorial.py took 0.153 seconds
[2024-09-05T00:33:31.822+0000] {processor.py:186} INFO - Started process (PID=234) to work on /home/airflow/.local/lib/python3.12/site-packages/airflow/example_dags/tutorial.py
[2024-09-05T00:33:31.824+0000] {processor.py:914} INFO - Processing file /home/airflow/.local/lib/python3.12/site-packages/airflow/example_dags/tutorial.py for tasks to queue
[2024-09-05T00:33:31.830+0000] {logging_mixin.py:190} INFO - [2024-09-05T00:33:31.828+0000] {dagbag.py:587} INFO - Filling up the DagBag from /home/airflow/.local/lib/python3.12/site-packages/airflow/example_dags/tutorial.py
[2024-09-05T00:33:31.955+0000] {processor.py:925} INFO - DAG(s) 'tutorial' retrieved from /home/airflow/.local/lib/python3.12/site-packages/airflow/example_dags/tutorial.py
[2024-09-05T00:33:32.073+0000] {logging_mixin.py:190} INFO - [2024-09-05T00:33:32.073+0000] {dag.py:3211} INFO - Sync 1 DAGs
[2024-09-05T00:33:32.201+0000] {logging_mixin.py:190} INFO - [2024-09-05T00:33:32.201+0000] {dag.py:4138} INFO - Setting next_dagrun for tutorial to 2024-09-04 00:00:00+00:00, run_after=2024-09-05 00:00:00+00:00
[2024-09-05T00:33:32.369+0000] {processor.py:208} INFO - Processing /home/airflow/.local/lib/python3.12/site-packages/airflow/example_dags/tutorial.py took 0.572 seconds
[2024-09-05T00:34:24.208+0000] {processor.py:186} INFO - Started process (PID=304) to work on /home/airflow/.local/lib/python3.12/site-packages/airflow/example_dags/tutorial.py
[2024-09-05T00:34:24.218+0000] {processor.py:914} INFO - Processing file /home/airflow/.local/lib/python3.12/site-packages/airflow/example_dags/tutorial.py for tasks to queue
[2024-09-05T00:34:24.228+0000] {logging_mixin.py:190} INFO - [2024-09-05T00:34:24.225+0000] {dagbag.py:587} INFO - Filling up the DagBag from /home/airflow/.local/lib/python3.12/site-packages/airflow/example_dags/tutorial.py
[2024-09-05T00:34:24.467+0000] {processor.py:925} INFO - DAG(s) 'tutorial' retrieved from /home/airflow/.local/lib/python3.12/site-packages/airflow/example_dags/tutorial.py
[2024-09-05T00:34:25.191+0000] {logging_mixin.py:190} INFO - [2024-09-05T00:34:25.188+0000] {dag.py:3211} INFO - Sync 1 DAGs
[2024-09-05T00:34:26.236+0000] {logging_mixin.py:190} INFO - [2024-09-05T00:34:26.224+0000] {dag.py:4138} INFO - Setting next_dagrun for tutorial to 2024-09-04 00:00:00+00:00, run_after=2024-09-05 00:00:00+00:00
[2024-09-05T00:34:27.054+0000] {processor.py:208} INFO - Processing /home/airflow/.local/lib/python3.12/site-packages/airflow/example_dags/tutorial.py took 3.030 seconds
[2024-09-05T00:36:09.010+0000] {processor.py:186} INFO - Started process (PID=379) to work on /home/airflow/.local/lib/python3.12/site-packages/airflow/example_dags/tutorial.py
[2024-09-05T00:36:09.014+0000] {processor.py:914} INFO - Processing file /home/airflow/.local/lib/python3.12/site-packages/airflow/example_dags/tutorial.py for tasks to queue
[2024-09-05T00:36:09.021+0000] {logging_mixin.py:190} INFO - [2024-09-05T00:36:09.020+0000] {dagbag.py:587} INFO - Filling up the DagBag from /home/airflow/.local/lib/python3.12/site-packages/airflow/example_dags/tutorial.py
[2024-09-05T00:36:09.049+0000] {processor.py:925} INFO - DAG(s) 'tutorial' retrieved from /home/airflow/.local/lib/python3.12/site-packages/airflow/example_dags/tutorial.py
[2024-09-05T00:36:09.117+0000] {logging_mixin.py:190} INFO - [2024-09-05T00:36:09.116+0000] {dag.py:3211} INFO - Sync 1 DAGs
[2024-09-05T00:36:09.178+0000] {logging_mixin.py:190} INFO - [2024-09-05T00:36:09.178+0000] {dag.py:4138} INFO - Setting next_dagrun for tutorial to 2024-09-04 00:00:00+00:00, run_after=2024-09-05 00:00:00+00:00
[2024-09-05T00:36:09.226+0000] {processor.py:208} INFO - Processing /home/airflow/.local/lib/python3.12/site-packages/airflow/example_dags/tutorial.py took 0.240 seconds
[2024-09-05T00:36:40.184+0000] {processor.py:186} INFO - Started process (PID=442) to work on /home/airflow/.local/lib/python3.12/site-packages/airflow/example_dags/tutorial.py
[2024-09-05T00:36:40.188+0000] {processor.py:914} INFO - Processing file /home/airflow/.local/lib/python3.12/site-packages/airflow/example_dags/tutorial.py for tasks to queue
[2024-09-05T00:36:40.198+0000] {logging_mixin.py:190} INFO - [2024-09-05T00:36:40.197+0000] {dagbag.py:587} INFO - Filling up the DagBag from /home/airflow/.local/lib/python3.12/site-packages/airflow/example_dags/tutorial.py
[2024-09-05T00:36:40.261+0000] {processor.py:925} INFO - DAG(s) 'tutorial' retrieved from /home/airflow/.local/lib/python3.12/site-packages/airflow/example_dags/tutorial.py
[2024-09-05T00:36:40.382+0000] {logging_mixin.py:190} INFO - [2024-09-05T00:36:40.381+0000] {dag.py:3211} INFO - Sync 1 DAGs
[2024-09-05T00:36:40.514+0000] {logging_mixin.py:190} INFO - [2024-09-05T00:36:40.513+0000] {dag.py:4138} INFO - Setting next_dagrun for tutorial to 2024-09-04 00:00:00+00:00, run_after=2024-09-05 00:00:00+00:00
[2024-09-05T00:36:40.590+0000] {processor.py:208} INFO - Processing /home/airflow/.local/lib/python3.12/site-packages/airflow/example_dags/tutorial.py took 0.443 seconds
[2024-09-05T00:37:12.049+0000] {processor.py:186} INFO - Started process (PID=504) to work on /home/airflow/.local/lib/python3.12/site-packages/airflow/example_dags/tutorial.py
[2024-09-05T00:37:12.051+0000] {processor.py:914} INFO - Processing file /home/airflow/.local/lib/python3.12/site-packages/airflow/example_dags/tutorial.py for tasks to queue
[2024-09-05T00:37:12.054+0000] {logging_mixin.py:190} INFO - [2024-09-05T00:37:12.054+0000] {dagbag.py:587} INFO - Filling up the DagBag from /home/airflow/.local/lib/python3.12/site-packages/airflow/example_dags/tutorial.py
[2024-09-05T00:37:12.068+0000] {processor.py:925} INFO - DAG(s) 'tutorial' retrieved from /home/airflow/.local/lib/python3.12/site-packages/airflow/example_dags/tutorial.py
[2024-09-05T00:37:12.106+0000] {logging_mixin.py:190} INFO - [2024-09-05T00:37:12.106+0000] {dag.py:3211} INFO - Sync 1 DAGs
[2024-09-05T00:37:12.173+0000] {logging_mixin.py:190} INFO - [2024-09-05T00:37:12.173+0000] {dag.py:4138} INFO - Setting next_dagrun for tutorial to 2024-09-04 00:00:00+00:00, run_after=2024-09-05 00:00:00+00:00
[2024-09-05T00:37:12.203+0000] {processor.py:208} INFO - Processing /home/airflow/.local/lib/python3.12/site-packages/airflow/example_dags/tutorial.py took 0.165 seconds
[2024-09-05T00:37:42.421+0000] {processor.py:186} INFO - Started process (PID=567) to work on /home/airflow/.local/lib/python3.12/site-packages/airflow/example_dags/tutorial.py
[2024-09-05T00:37:42.422+0000] {processor.py:914} INFO - Processing file /home/airflow/.local/lib/python3.12/site-packages/airflow/example_dags/tutorial.py for tasks to queue
[2024-09-05T00:37:42.426+0000] {logging_mixin.py:190} INFO - [2024-09-05T00:37:42.425+0000] {dagbag.py:587} INFO - Filling up the DagBag from /home/airflow/.local/lib/python3.12/site-packages/airflow/example_dags/tutorial.py
[2024-09-05T00:37:42.443+0000] {processor.py:925} INFO - DAG(s) 'tutorial' retrieved from /home/airflow/.local/lib/python3.12/site-packages/airflow/example_dags/tutorial.py
[2024-09-05T00:37:42.484+0000] {logging_mixin.py:190} INFO - [2024-09-05T00:37:42.484+0000] {dag.py:3211} INFO - Sync 1 DAGs
[2024-09-05T00:37:42.531+0000] {logging_mixin.py:190} INFO - [2024-09-05T00:37:42.530+0000] {dag.py:4138} INFO - Setting next_dagrun for tutorial to 2024-09-04 00:00:00+00:00, run_after=2024-09-05 00:00:00+00:00
[2024-09-05T00:37:42.561+0000] {processor.py:208} INFO - Processing /home/airflow/.local/lib/python3.12/site-packages/airflow/example_dags/tutorial.py took 0.148 seconds
[2024-09-05T00:38:12.998+0000] {processor.py:186} INFO - Started process (PID=630) to work on /home/airflow/.local/lib/python3.12/site-packages/airflow/example_dags/tutorial.py
[2024-09-05T00:38:12.999+0000] {processor.py:914} INFO - Processing file /home/airflow/.local/lib/python3.12/site-packages/airflow/example_dags/tutorial.py for tasks to queue
[2024-09-05T00:38:13.001+0000] {logging_mixin.py:190} INFO - [2024-09-05T00:38:13.000+0000] {dagbag.py:587} INFO - Filling up the DagBag from /home/airflow/.local/lib/python3.12/site-packages/airflow/example_dags/tutorial.py
[2024-09-05T00:38:13.032+0000] {processor.py:925} INFO - DAG(s) 'tutorial' retrieved from /home/airflow/.local/lib/python3.12/site-packages/airflow/example_dags/tutorial.py
[2024-09-05T00:38:13.081+0000] {logging_mixin.py:190} INFO - [2024-09-05T00:38:13.080+0000] {dag.py:3211} INFO - Sync 1 DAGs
[2024-09-05T00:38:13.229+0000] {logging_mixin.py:190} INFO - [2024-09-05T00:38:13.228+0000] {dag.py:4138} INFO - Setting next_dagrun for tutorial to 2024-09-04 00:00:00+00:00, run_after=2024-09-05 00:00:00+00:00
[2024-09-05T00:38:13.302+0000] {processor.py:208} INFO - Processing /home/airflow/.local/lib/python3.12/site-packages/airflow/example_dags/tutorial.py took 0.330 seconds
[2024-09-05T00:38:45.598+0000] {processor.py:186} INFO - Started process (PID=693) to work on /home/airflow/.local/lib/python3.12/site-packages/airflow/example_dags/tutorial.py
[2024-09-05T00:38:45.603+0000] {processor.py:914} INFO - Processing file /home/airflow/.local/lib/python3.12/site-packages/airflow/example_dags/tutorial.py for tasks to queue
[2024-09-05T00:38:45.613+0000] {logging_mixin.py:190} INFO - [2024-09-05T00:38:45.611+0000] {dagbag.py:587} INFO - Filling up the DagBag from /home/airflow/.local/lib/python3.12/site-packages/airflow/example_dags/tutorial.py
[2024-09-05T00:38:45.655+0000] {processor.py:925} INFO - DAG(s) 'tutorial' retrieved from /home/airflow/.local/lib/python3.12/site-packages/airflow/example_dags/tutorial.py
[2024-09-05T00:38:45.735+0000] {logging_mixin.py:190} INFO - [2024-09-05T00:38:45.734+0000] {dag.py:3211} INFO - Sync 1 DAGs
[2024-09-05T00:38:45.819+0000] {logging_mixin.py:190} INFO - [2024-09-05T00:38:45.819+0000] {dag.py:4138} INFO - Setting next_dagrun for tutorial to 2024-09-04 00:00:00+00:00, run_after=2024-09-05 00:00:00+00:00
[2024-09-05T00:38:45.935+0000] {processor.py:208} INFO - Processing /home/airflow/.local/lib/python3.12/site-packages/airflow/example_dags/tutorial.py took 0.364 seconds
[2024-09-05T00:39:16.454+0000] {processor.py:186} INFO - Started process (PID=756) to work on /home/airflow/.local/lib/python3.12/site-packages/airflow/example_dags/tutorial.py
[2024-09-05T00:39:16.456+0000] {processor.py:914} INFO - Processing file /home/airflow/.local/lib/python3.12/site-packages/airflow/example_dags/tutorial.py for tasks to queue
[2024-09-05T00:39:16.460+0000] {logging_mixin.py:190} INFO - [2024-09-05T00:39:16.459+0000] {dagbag.py:587} INFO - Filling up the DagBag from /home/airflow/.local/lib/python3.12/site-packages/airflow/example_dags/tutorial.py
[2024-09-05T00:39:16.503+0000] {processor.py:925} INFO - DAG(s) 'tutorial' retrieved from /home/airflow/.local/lib/python3.12/site-packages/airflow/example_dags/tutorial.py
[2024-09-05T00:39:16.569+0000] {logging_mixin.py:190} INFO - [2024-09-05T00:39:16.569+0000] {dag.py:3211} INFO - Sync 1 DAGs
[2024-09-05T00:39:16.637+0000] {logging_mixin.py:190} INFO - [2024-09-05T00:39:16.636+0000] {dag.py:4138} INFO - Setting next_dagrun for tutorial to 2024-09-04 00:00:00+00:00, run_after=2024-09-05 00:00:00+00:00
[2024-09-05T00:39:16.681+0000] {processor.py:208} INFO - Processing /home/airflow/.local/lib/python3.12/site-packages/airflow/example_dags/tutorial.py took 0.252 seconds
[2024-09-05T00:39:46.902+0000] {processor.py:186} INFO - Started process (PID=819) to work on /home/airflow/.local/lib/python3.12/site-packages/airflow/example_dags/tutorial.py
[2024-09-05T00:39:46.903+0000] {processor.py:914} INFO - Processing file /home/airflow/.local/lib/python3.12/site-packages/airflow/example_dags/tutorial.py for tasks to queue
[2024-09-05T00:39:46.906+0000] {logging_mixin.py:190} INFO - [2024-09-05T00:39:46.905+0000] {dagbag.py:587} INFO - Filling up the DagBag from /home/airflow/.local/lib/python3.12/site-packages/airflow/example_dags/tutorial.py
[2024-09-05T00:39:46.922+0000] {processor.py:925} INFO - DAG(s) 'tutorial' retrieved from /home/airflow/.local/lib/python3.12/site-packages/airflow/example_dags/tutorial.py
[2024-09-05T00:39:46.966+0000] {logging_mixin.py:190} INFO - [2024-09-05T00:39:46.965+0000] {dag.py:3211} INFO - Sync 1 DAGs
[2024-09-05T00:39:47.014+0000] {logging_mixin.py:190} INFO - [2024-09-05T00:39:47.014+0000] {dag.py:4138} INFO - Setting next_dagrun for tutorial to 2024-09-04 00:00:00+00:00, run_after=2024-09-05 00:00:00+00:00
[2024-09-05T00:39:47.051+0000] {processor.py:208} INFO - Processing /home/airflow/.local/lib/python3.12/site-packages/airflow/example_dags/tutorial.py took 0.183 seconds
[2024-09-05T00:40:19.399+0000] {processor.py:186} INFO - Started process (PID=888) to work on /home/airflow/.local/lib/python3.12/site-packages/airflow/example_dags/tutorial.py
[2024-09-05T00:40:19.402+0000] {processor.py:914} INFO - Processing file /home/airflow/.local/lib/python3.12/site-packages/airflow/example_dags/tutorial.py for tasks to queue
[2024-09-05T00:40:19.407+0000] {logging_mixin.py:190} INFO - [2024-09-05T00:40:19.405+0000] {dagbag.py:587} INFO - Filling up the DagBag from /home/airflow/.local/lib/python3.12/site-packages/airflow/example_dags/tutorial.py
[2024-09-05T00:40:19.438+0000] {processor.py:925} INFO - DAG(s) 'tutorial' retrieved from /home/airflow/.local/lib/python3.12/site-packages/airflow/example_dags/tutorial.py
[2024-09-05T00:40:19.519+0000] {logging_mixin.py:190} INFO - [2024-09-05T00:40:19.518+0000] {dag.py:3211} INFO - Sync 1 DAGs
[2024-09-05T00:40:19.638+0000] {logging_mixin.py:190} INFO - [2024-09-05T00:40:19.635+0000] {dag.py:4138} INFO - Setting next_dagrun for tutorial to 2024-09-04 00:00:00+00:00, run_after=2024-09-05 00:00:00+00:00
[2024-09-05T00:40:19.773+0000] {processor.py:208} INFO - Processing /home/airflow/.local/lib/python3.12/site-packages/airflow/example_dags/tutorial.py took 0.394 seconds
[2024-09-05T00:41:45.123+0000] {processor.py:186} INFO - Started process (PID=957) to work on /home/airflow/.local/lib/python3.12/site-packages/airflow/example_dags/tutorial.py
[2024-09-05T00:41:45.544+0000] {processor.py:914} INFO - Processing file /home/airflow/.local/lib/python3.12/site-packages/airflow/example_dags/tutorial.py for tasks to queue
[2024-09-05T00:41:45.616+0000] {logging_mixin.py:190} INFO - [2024-09-05T00:41:45.603+0000] {dagbag.py:587} INFO - Filling up the DagBag from /home/airflow/.local/lib/python3.12/site-packages/airflow/example_dags/tutorial.py
[2024-09-05T00:41:45.864+0000] {processor.py:925} INFO - DAG(s) 'tutorial' retrieved from /home/airflow/.local/lib/python3.12/site-packages/airflow/example_dags/tutorial.py
[2024-09-05T00:41:46.445+0000] {logging_mixin.py:190} INFO - [2024-09-05T00:41:46.443+0000] {dag.py:3211} INFO - Sync 1 DAGs
[2024-09-05T00:41:47.237+0000] {logging_mixin.py:190} INFO - [2024-09-05T00:41:47.225+0000] {dag.py:4138} INFO - Setting next_dagrun for tutorial to 2024-09-04 00:00:00+00:00, run_after=2024-09-05 00:00:00+00:00
[2024-09-05T00:41:47.689+0000] {processor.py:208} INFO - Processing /home/airflow/.local/lib/python3.12/site-packages/airflow/example_dags/tutorial.py took 2.705 seconds
