[2024-09-18T00:38:14.222+0000] {local_task_job_runner.py:123} INFO - ::group::Pre task execution logs
[2024-09-18T00:38:14.432+0000] {taskinstance.py:2612} INFO - Dependencies all met for dep_context=non-requeueable deps ti=<TaskInstance: Bitcoin_ETL.extraer_data manual__2024-09-18T00:38:12.955073+00:00 [queued]>
[2024-09-18T00:38:14.444+0000] {taskinstance.py:2612} INFO - Dependencies all met for dep_context=requeueable deps ti=<TaskInstance: Bitcoin_ETL.extraer_data manual__2024-09-18T00:38:12.955073+00:00 [queued]>
[2024-09-18T00:38:14.445+0000] {taskinstance.py:2865} INFO - Starting attempt 1 of 6
[2024-09-18T00:38:14.466+0000] {taskinstance.py:2888} INFO - Executing <Task(PythonOperator): extraer_data> on 2024-09-18 00:38:12.955073+00:00
[2024-09-18T00:38:14.476+0000] {warnings.py:112} WARNING - /home/***/.local/lib/python3.12/site-packages/***/task/task_runner/standard_task_runner.py:70: DeprecationWarning: This process (pid=511) is multi-threaded, use of fork() may lead to deadlocks in the child.
  pid = os.fork()

[2024-09-18T00:38:14.479+0000] {standard_task_runner.py:72} INFO - Started process 513 to run task
[2024-09-18T00:38:14.480+0000] {standard_task_runner.py:104} INFO - Running: ['***', 'tasks', 'run', 'Bitcoin_ETL', 'extraer_data', 'manual__2024-09-18T00:38:12.955073+00:00', '--job-id', '208', '--raw', '--subdir', 'DAGS_FOLDER/API_Crypto_Extraction_modularizad.py', '--cfg-path', '/tmp/tmppvjpbxi2']
[2024-09-18T00:38:14.483+0000] {standard_task_runner.py:105} INFO - Job 208: Subtask extraer_data
[2024-09-18T00:38:14.544+0000] {task_command.py:467} INFO - Running <TaskInstance: Bitcoin_ETL.extraer_data manual__2024-09-18T00:38:12.955073+00:00 [running]> on host b0ebacb772ff
[2024-09-18T00:38:14.666+0000] {taskinstance.py:3131} INFO - Exporting env vars: AIRFLOW_CTX_DAG_OWNER='NicolasRivas' AIRFLOW_CTX_DAG_ID='Bitcoin_ETL' AIRFLOW_CTX_TASK_ID='extraer_data' AIRFLOW_CTX_EXECUTION_DATE='2024-09-18T00:38:12.955073+00:00' AIRFLOW_CTX_TRY_NUMBER='1' AIRFLOW_CTX_DAG_RUN_ID='manual__2024-09-18T00:38:12.955073+00:00'
[2024-09-18T00:38:14.667+0000] {taskinstance.py:731} INFO - ::endgroup::
[2024-09-18T00:38:15.346+0000] {logging_mixin.py:190} INFO - line 40 - Pushed data to XCom: {"id":{"0":"bitcoin","1":"ethereum","2":"tether","3":"binance-coin","4":"solana","5":"usd-coin","6":
[2024-09-18T00:38:15.348+0000] {python.py:240} INFO - Done. Returned value was: None
[2024-09-18T00:38:15.361+0000] {taskinstance.py:340} INFO - ::group::Post task execution logs
[2024-09-18T00:38:15.362+0000] {taskinstance.py:352} INFO - Marking task as SUCCESS. dag_id=Bitcoin_ETL, task_id=extraer_data, run_id=manual__2024-09-18T00:38:12.955073+00:00, execution_date=20240918T003812, start_date=20240918T003814, end_date=20240918T003815
[2024-09-18T00:38:15.419+0000] {local_task_job_runner.py:266} INFO - Task exited with return code 0
[2024-09-18T00:38:15.450+0000] {taskinstance.py:3900} INFO - 1 downstream tasks scheduled from follow-on schedule check
[2024-09-18T00:38:15.453+0000] {local_task_job_runner.py:245} INFO - ::endgroup::
