[2024-09-17T23:27:59.870+0000] {local_task_job_runner.py:123} INFO - ::group::Pre task execution logs
[2024-09-17T23:28:00.036+0000] {taskinstance.py:2612} INFO - Dependencies all met for dep_context=non-requeueable deps ti=<TaskInstance: Bitcoin_ETL.extraer_data manual__2024-09-17T23:17:51.489366+00:00 [queued]>
[2024-09-17T23:28:00.045+0000] {taskinstance.py:2612} INFO - Dependencies all met for dep_context=requeueable deps ti=<TaskInstance: Bitcoin_ETL.extraer_data manual__2024-09-17T23:17:51.489366+00:00 [queued]>
[2024-09-17T23:28:00.046+0000] {taskinstance.py:2865} INFO - Starting attempt 3 of 6
[2024-09-17T23:28:00.060+0000] {taskinstance.py:2888} INFO - Executing <Task(PythonOperator): extraer_data> on 2024-09-17 23:17:51.489366+00:00
[2024-09-17T23:28:00.070+0000] {warnings.py:112} WARNING - /home/***/.local/lib/python3.12/site-packages/***/task/task_runner/standard_task_runner.py:70: DeprecationWarning: This process (pid=268) is multi-threaded, use of fork() may lead to deadlocks in the child.
  pid = os.fork()

[2024-09-17T23:28:00.072+0000] {standard_task_runner.py:72} INFO - Started process 270 to run task
[2024-09-17T23:28:00.072+0000] {standard_task_runner.py:104} INFO - Running: ['***', 'tasks', 'run', 'Bitcoin_ETL', 'extraer_data', 'manual__2024-09-17T23:17:51.489366+00:00', '--job-id', '41', '--raw', '--subdir', 'DAGS_FOLDER/API_Crypto_Extraction_modularizad.py', '--cfg-path', '/tmp/tmpt9vv8s7_']
[2024-09-17T23:28:00.075+0000] {standard_task_runner.py:105} INFO - Job 41: Subtask extraer_data
[2024-09-17T23:28:00.127+0000] {task_command.py:467} INFO - Running <TaskInstance: Bitcoin_ETL.extraer_data manual__2024-09-17T23:17:51.489366+00:00 [running]> on host 868230e8e335
[2024-09-17T23:28:00.229+0000] {taskinstance.py:3131} INFO - Exporting env vars: AIRFLOW_CTX_DAG_OWNER='NicolasRivas' AIRFLOW_CTX_DAG_ID='Bitcoin_ETL' AIRFLOW_CTX_TASK_ID='extraer_data' AIRFLOW_CTX_EXECUTION_DATE='2024-09-17T23:17:51.489366+00:00' AIRFLOW_CTX_TRY_NUMBER='3' AIRFLOW_CTX_DAG_RUN_ID='manual__2024-09-17T23:17:51.489366+00:00'
[2024-09-17T23:28:00.230+0000] {taskinstance.py:731} INFO - ::endgroup::
[2024-09-17T23:28:01.432+0000] {logging_mixin.py:190} INFO - Pushed data to XCom: {"id":{"0":"bitcoin","1":"ethereum","2":"tether","3":"binance-coin","4":"solana","5":"usd-coin","6":
[2024-09-17T23:28:01.433+0000] {python.py:240} INFO - Done. Returned value was: None
[2024-09-17T23:28:01.444+0000] {taskinstance.py:340} INFO - ::group::Post task execution logs
[2024-09-17T23:28:01.445+0000] {taskinstance.py:352} INFO - Marking task as SUCCESS. dag_id=Bitcoin_ETL, task_id=extraer_data, run_id=manual__2024-09-17T23:17:51.489366+00:00, execution_date=20240917T231751, start_date=20240917T232800, end_date=20240917T232801
[2024-09-17T23:28:01.493+0000] {local_task_job_runner.py:266} INFO - Task exited with return code 0
[2024-09-17T23:28:01.511+0000] {taskinstance.py:3900} INFO - 0 downstream tasks scheduled from follow-on schedule check
[2024-09-17T23:28:01.514+0000] {local_task_job_runner.py:245} INFO - ::endgroup::
