[2024-09-19T00:31:05.874+0000] {local_task_job_runner.py:123} INFO - ::group::Pre task execution logs
[2024-09-19T00:31:05.893+0000] {taskinstance.py:2612} INFO - Dependencies all met for dep_context=non-requeueable deps ti=<TaskInstance: Bitcoin_ETL.extraer_data scheduled__2024-09-18T00:00:00+00:00 [queued]>
[2024-09-19T00:31:05.904+0000] {taskinstance.py:2612} INFO - Dependencies all met for dep_context=requeueable deps ti=<TaskInstance: Bitcoin_ETL.extraer_data scheduled__2024-09-18T00:00:00+00:00 [queued]>
[2024-09-19T00:31:05.905+0000] {taskinstance.py:2865} INFO - Starting attempt 3 of 6
[2024-09-19T00:31:05.921+0000] {taskinstance.py:2888} INFO - Executing <Task(PythonOperator): extraer_data> on 2024-09-18 00:00:00+00:00
[2024-09-19T00:31:05.930+0000] {warnings.py:112} WARNING - /home/***/.local/lib/python3.12/site-packages/***/task/task_runner/standard_task_runner.py:70: DeprecationWarning: This process (pid=69) is multi-threaded, use of fork() may lead to deadlocks in the child.
  pid = os.fork()

[2024-09-19T00:31:05.932+0000] {standard_task_runner.py:72} INFO - Started process 72 to run task
[2024-09-19T00:31:05.931+0000] {standard_task_runner.py:104} INFO - Running: ['***', 'tasks', 'run', 'Bitcoin_ETL', 'extraer_data', 'scheduled__2024-09-18T00:00:00+00:00', '--job-id', '544', '--raw', '--subdir', 'DAGS_FOLDER/API_Crypto_Extraction_modularizad.py', '--cfg-path', '/tmp/tmpbdponq93']
[2024-09-19T00:31:05.934+0000] {standard_task_runner.py:105} INFO - Job 544: Subtask extraer_data
[2024-09-19T00:31:06.233+0000] {task_command.py:467} INFO - Running <TaskInstance: Bitcoin_ETL.extraer_data scheduled__2024-09-18T00:00:00+00:00 [running]> on host 6e7de3e5a10a
[2024-09-19T00:31:06.372+0000] {taskinstance.py:3131} INFO - Exporting env vars: AIRFLOW_CTX_DAG_EMAIL='nicolas.rivas@taligent.com.ar' AIRFLOW_CTX_DAG_OWNER='NicolasRivas' AIRFLOW_CTX_DAG_ID='Bitcoin_ETL' AIRFLOW_CTX_TASK_ID='extraer_data' AIRFLOW_CTX_EXECUTION_DATE='2024-09-18T00:00:00+00:00' AIRFLOW_CTX_TRY_NUMBER='3' AIRFLOW_CTX_DAG_RUN_ID='scheduled__2024-09-18T00:00:00+00:00'
[2024-09-19T00:31:06.373+0000] {taskinstance.py:731} INFO - ::endgroup::
[2024-09-19T00:31:07.697+0000] {logging_mixin.py:190} INFO - line 40 - Pushed data to XCom: {"id":{"0":"bitcoin","1":"ethereum","2":"tether","3":"binance-coin","4":"solana","5":"usd-coin","6":
[2024-09-19T00:31:07.698+0000] {python.py:240} INFO - Done. Returned value was: None
[2024-09-19T00:31:07.711+0000] {taskinstance.py:340} INFO - ::group::Post task execution logs
[2024-09-19T00:31:07.712+0000] {taskinstance.py:352} INFO - Marking task as SUCCESS. dag_id=Bitcoin_ETL, task_id=extraer_data, run_id=scheduled__2024-09-18T00:00:00+00:00, execution_date=20240918T000000, start_date=20240919T003105, end_date=20240919T003107
[2024-09-19T00:31:07.754+0000] {local_task_job_runner.py:266} INFO - Task exited with return code 0
[2024-09-19T00:31:08.014+0000] {taskinstance.py:3900} INFO - 1 downstream tasks scheduled from follow-on schedule check
[2024-09-19T00:31:08.016+0000] {local_task_job_runner.py:245} INFO - ::endgroup::
