[2024-09-17T23:28:33.816+0000] {local_task_job_runner.py:123} INFO - ::group::Pre task execution logs
[2024-09-17T23:28:33.994+0000] {taskinstance.py:2612} INFO - Dependencies all met for dep_context=non-requeueable deps ti=<TaskInstance: Bitcoin_ETL.extraer_data manual__2024-09-17T23:23:26.514513+00:00 [queued]>
[2024-09-17T23:28:34.003+0000] {taskinstance.py:2612} INFO - Dependencies all met for dep_context=requeueable deps ti=<TaskInstance: Bitcoin_ETL.extraer_data manual__2024-09-17T23:23:26.514513+00:00 [queued]>
[2024-09-17T23:28:34.004+0000] {taskinstance.py:2865} INFO - Starting attempt 2 of 6
[2024-09-17T23:28:34.021+0000] {taskinstance.py:2888} INFO - Executing <Task(PythonOperator): extraer_data> on 2024-09-17 23:23:26.514513+00:00
[2024-09-17T23:28:34.028+0000] {warnings.py:112} WARNING - /home/***/.local/lib/python3.12/site-packages/***/task/task_runner/standard_task_runner.py:70: DeprecationWarning: This process (pid=283) is multi-threaded, use of fork() may lead to deadlocks in the child.
  pid = os.fork()

[2024-09-17T23:28:34.030+0000] {standard_task_runner.py:72} INFO - Started process 285 to run task
[2024-09-17T23:28:34.030+0000] {standard_task_runner.py:104} INFO - Running: ['***', 'tasks', 'run', 'Bitcoin_ETL', 'extraer_data', 'manual__2024-09-17T23:23:26.514513+00:00', '--job-id', '43', '--raw', '--subdir', 'DAGS_FOLDER/API_Crypto_Extraction_modularizad.py', '--cfg-path', '/tmp/tmpv7xtm285']
[2024-09-17T23:28:34.033+0000] {standard_task_runner.py:105} INFO - Job 43: Subtask extraer_data
[2024-09-17T23:28:34.082+0000] {task_command.py:467} INFO - Running <TaskInstance: Bitcoin_ETL.extraer_data manual__2024-09-17T23:23:26.514513+00:00 [running]> on host 868230e8e335
[2024-09-17T23:28:34.182+0000] {taskinstance.py:3131} INFO - Exporting env vars: AIRFLOW_CTX_DAG_OWNER='NicolasRivas' AIRFLOW_CTX_DAG_ID='Bitcoin_ETL' AIRFLOW_CTX_TASK_ID='extraer_data' AIRFLOW_CTX_EXECUTION_DATE='2024-09-17T23:23:26.514513+00:00' AIRFLOW_CTX_TRY_NUMBER='2' AIRFLOW_CTX_DAG_RUN_ID='manual__2024-09-17T23:23:26.514513+00:00'
[2024-09-17T23:28:34.184+0000] {taskinstance.py:731} INFO - ::endgroup::
[2024-09-17T23:28:35.501+0000] {logging_mixin.py:190} INFO - Pushed data to XCom: {"id":{"0":"bitcoin","1":"ethereum","2":"tether","3":"binance-coin","4":"solana","5":"usd-coin","6":
[2024-09-17T23:28:35.502+0000] {python.py:240} INFO - Done. Returned value was: None
[2024-09-17T23:28:35.515+0000] {taskinstance.py:340} INFO - ::group::Post task execution logs
[2024-09-17T23:28:35.516+0000] {taskinstance.py:352} INFO - Marking task as SUCCESS. dag_id=Bitcoin_ETL, task_id=extraer_data, run_id=manual__2024-09-17T23:23:26.514513+00:00, execution_date=20240917T232326, start_date=20240917T232833, end_date=20240917T232835
[2024-09-17T23:28:35.572+0000] {local_task_job_runner.py:266} INFO - Task exited with return code 0
[2024-09-17T23:28:35.603+0000] {taskinstance.py:3900} INFO - 1 downstream tasks scheduled from follow-on schedule check
[2024-09-17T23:28:35.606+0000] {local_task_job_runner.py:245} INFO - ::endgroup::
