[2024-09-20T22:59:24.189+0000] {local_task_job_runner.py:123} INFO - ::group::Pre task execution logs
[2024-09-20T22:59:24.287+0000] {taskinstance.py:2612} INFO - Dependencies all met for dep_context=non-requeueable deps ti=<TaskInstance: Bitcoin_ETL.extraer_data scheduled__2024-09-19T00:00:00+00:00 [queued]>
[2024-09-20T22:59:24.310+0000] {taskinstance.py:2612} INFO - Dependencies all met for dep_context=requeueable deps ti=<TaskInstance: Bitcoin_ETL.extraer_data scheduled__2024-09-19T00:00:00+00:00 [queued]>
[2024-09-20T22:59:24.311+0000] {taskinstance.py:2865} INFO - Starting attempt 1 of 6
[2024-09-20T22:59:24.347+0000] {taskinstance.py:2888} INFO - Executing <Task(PythonOperator): extraer_data> on 2024-09-19 00:00:00+00:00
[2024-09-20T22:59:24.377+0000] {warnings.py:112} WARNING - /home/***/.local/lib/python3.12/site-packages/***/task/task_runner/standard_task_runner.py:70: DeprecationWarning: This process (pid=138) is multi-threaded, use of fork() may lead to deadlocks in the child.
  pid = os.fork()

[2024-09-20T22:59:24.382+0000] {standard_task_runner.py:72} INFO - Started process 140 to run task
[2024-09-20T22:59:24.426+0000] {standard_task_runner.py:104} INFO - Running: ['***', 'tasks', 'run', 'Bitcoin_ETL', 'extraer_data', 'scheduled__2024-09-19T00:00:00+00:00', '--job-id', '5', '--raw', '--subdir', 'DAGS_FOLDER/API_Crypto_Extraction_modularizad.py', '--cfg-path', '/tmp/tmpq0uwnqk1']
[2024-09-20T22:59:24.430+0000] {standard_task_runner.py:105} INFO - Job 5: Subtask extraer_data
[2024-09-20T22:59:28.315+0000] {task_command.py:467} INFO - Running <TaskInstance: Bitcoin_ETL.extraer_data scheduled__2024-09-19T00:00:00+00:00 [running]> on host 50b9134d7c12
[2024-09-20T22:59:28.447+0000] {taskinstance.py:3131} INFO - Exporting env vars: AIRFLOW_CTX_DAG_EMAIL='francogranieri56@gmail.com' AIRFLOW_CTX_DAG_OWNER='FrancoGranieri' AIRFLOW_CTX_DAG_ID='Bitcoin_ETL' AIRFLOW_CTX_TASK_ID='extraer_data' AIRFLOW_CTX_EXECUTION_DATE='2024-09-19T00:00:00+00:00' AIRFLOW_CTX_TRY_NUMBER='1' AIRFLOW_CTX_DAG_RUN_ID='scheduled__2024-09-19T00:00:00+00:00'
[2024-09-20T22:59:28.448+0000] {taskinstance.py:731} INFO - ::endgroup::
[2024-09-20T22:59:29.791+0000] {logging_mixin.py:190} INFO - line 40 - Pushed data to XCom: {"id":{"0":"bitcoin","1":"ethereum","2":"tether","3":"binance-coin","4":"solana","5":"usd-coin","6":
[2024-09-20T22:59:29.815+0000] {python.py:240} INFO - Done. Returned value was: None
[2024-09-20T22:59:29.882+0000] {taskinstance.py:340} INFO - ::group::Post task execution logs
[2024-09-20T22:59:29.888+0000] {taskinstance.py:352} INFO - Marking task as SUCCESS. dag_id=Bitcoin_ETL, task_id=extraer_data, run_id=scheduled__2024-09-19T00:00:00+00:00, execution_date=20240919T000000, start_date=20240920T225924, end_date=20240920T225929
[2024-09-20T22:59:30.005+0000] {local_task_job_runner.py:266} INFO - Task exited with return code 0
[2024-09-20T22:59:30.398+0000] {taskinstance.py:3900} INFO - 1 downstream tasks scheduled from follow-on schedule check
[2024-09-20T22:59:30.402+0000] {local_task_job_runner.py:245} INFO - ::endgroup::
[2024-09-20T23:23:47.568+0000] {local_task_job_runner.py:123} INFO - ::group::Pre task execution logs
[2024-09-20T23:23:47.605+0000] {taskinstance.py:2612} INFO - Dependencies all met for dep_context=non-requeueable deps ti=<TaskInstance: Bitcoin_ETL.extraer_data scheduled__2024-09-19T00:00:00+00:00 [queued]>
[2024-09-20T23:23:47.622+0000] {taskinstance.py:2612} INFO - Dependencies all met for dep_context=requeueable deps ti=<TaskInstance: Bitcoin_ETL.extraer_data scheduled__2024-09-19T00:00:00+00:00 [queued]>
[2024-09-20T23:23:47.624+0000] {taskinstance.py:2865} INFO - Starting attempt 1 of 6
[2024-09-20T23:23:47.652+0000] {taskinstance.py:2888} INFO - Executing <Task(PythonOperator): extraer_data> on 2024-09-19 00:00:00+00:00
[2024-09-20T23:23:47.667+0000] {warnings.py:112} WARNING - /home/***/.local/lib/python3.12/site-packages/***/task/task_runner/standard_task_runner.py:70: DeprecationWarning: This process (pid=98) is multi-threaded, use of fork() may lead to deadlocks in the child.
  pid = os.fork()

[2024-09-20T23:23:47.671+0000] {standard_task_runner.py:72} INFO - Started process 102 to run task
[2024-09-20T23:23:47.670+0000] {standard_task_runner.py:104} INFO - Running: ['***', 'tasks', 'run', 'Bitcoin_ETL', 'extraer_data', 'scheduled__2024-09-19T00:00:00+00:00', '--job-id', '13', '--raw', '--subdir', 'DAGS_FOLDER/API_Crypto_Extraction_modularizad.py', '--cfg-path', '/tmp/tmp6_nr1kok']
[2024-09-20T23:23:47.674+0000] {standard_task_runner.py:105} INFO - Job 13: Subtask extraer_data
[2024-09-20T23:23:49.626+0000] {task_command.py:467} INFO - Running <TaskInstance: Bitcoin_ETL.extraer_data scheduled__2024-09-19T00:00:00+00:00 [running]> on host 9c12df3acb7b
[2024-09-20T23:23:49.831+0000] {taskinstance.py:3131} INFO - Exporting env vars: AIRFLOW_CTX_DAG_EMAIL='francogranieri56@gmail.com' AIRFLOW_CTX_DAG_OWNER='FrancoGranieri' AIRFLOW_CTX_DAG_ID='Bitcoin_ETL' AIRFLOW_CTX_TASK_ID='extraer_data' AIRFLOW_CTX_EXECUTION_DATE='2024-09-19T00:00:00+00:00' AIRFLOW_CTX_TRY_NUMBER='1' AIRFLOW_CTX_DAG_RUN_ID='scheduled__2024-09-19T00:00:00+00:00'
[2024-09-20T23:23:49.834+0000] {taskinstance.py:731} INFO - ::endgroup::
[2024-09-20T23:23:50.966+0000] {logging_mixin.py:190} INFO - line 40 - Pushed data to XCom: {"id":{"0":"bitcoin","1":"ethereum","2":"tether","3":"binance-coin","4":"solana","5":"usd-coin","6":
[2024-09-20T23:23:50.967+0000] {python.py:240} INFO - Done. Returned value was: None
[2024-09-20T23:23:50.982+0000] {taskinstance.py:340} INFO - ::group::Post task execution logs
[2024-09-20T23:23:50.982+0000] {taskinstance.py:352} INFO - Marking task as SUCCESS. dag_id=Bitcoin_ETL, task_id=extraer_data, run_id=scheduled__2024-09-19T00:00:00+00:00, execution_date=20240919T000000, start_date=20240920T232347, end_date=20240920T232350
[2024-09-20T23:23:51.034+0000] {local_task_job_runner.py:266} INFO - Task exited with return code 0
[2024-09-20T23:23:51.349+0000] {taskinstance.py:3900} INFO - 1 downstream tasks scheduled from follow-on schedule check
[2024-09-20T23:23:51.351+0000] {local_task_job_runner.py:245} INFO - ::endgroup::
