[2024-09-19T00:55:01.358+0000] {local_task_job_runner.py:123} INFO - ::group::Pre task execution logs
[2024-09-19T00:55:01.551+0000] {taskinstance.py:2612} INFO - Dependencies all met for dep_context=non-requeueable deps ti=<TaskInstance: Bitcoin_ETL.extraer_data manual__2024-09-19T00:54:59.442962+00:00 [queued]>
[2024-09-19T00:55:01.563+0000] {taskinstance.py:2612} INFO - Dependencies all met for dep_context=requeueable deps ti=<TaskInstance: Bitcoin_ETL.extraer_data manual__2024-09-19T00:54:59.442962+00:00 [queued]>
[2024-09-19T00:55:01.564+0000] {taskinstance.py:2865} INFO - Starting attempt 1 of 6
[2024-09-19T00:55:01.579+0000] {taskinstance.py:2888} INFO - Executing <Task(PythonOperator): extraer_data> on 2024-09-19 00:54:59.442962+00:00
[2024-09-19T00:55:01.587+0000] {warnings.py:112} WARNING - /home/***/.local/lib/python3.12/site-packages/***/task/task_runner/standard_task_runner.py:70: DeprecationWarning: This process (pid=155) is multi-threaded, use of fork() may lead to deadlocks in the child.
  pid = os.fork()

[2024-09-19T00:55:01.590+0000] {standard_task_runner.py:72} INFO - Started process 157 to run task
[2024-09-19T00:55:01.589+0000] {standard_task_runner.py:104} INFO - Running: ['***', 'tasks', 'run', 'Bitcoin_ETL', 'extraer_data', 'manual__2024-09-19T00:54:59.442962+00:00', '--job-id', '612', '--raw', '--subdir', 'DAGS_FOLDER/API_Crypto_Extraction_modularizad.py', '--cfg-path', '/tmp/tmp_fyn0k2z']
[2024-09-19T00:55:01.592+0000] {standard_task_runner.py:105} INFO - Job 612: Subtask extraer_data
[2024-09-19T00:55:01.648+0000] {task_command.py:467} INFO - Running <TaskInstance: Bitcoin_ETL.extraer_data manual__2024-09-19T00:54:59.442962+00:00 [running]> on host f79cd32f599d
[2024-09-19T00:55:01.751+0000] {taskinstance.py:3131} INFO - Exporting env vars: AIRFLOW_CTX_DAG_EMAIL='nicolas.rivas@taligent.com.ar' AIRFLOW_CTX_DAG_OWNER='NicolasRivas' AIRFLOW_CTX_DAG_ID='Bitcoin_ETL' AIRFLOW_CTX_TASK_ID='extraer_data' AIRFLOW_CTX_EXECUTION_DATE='2024-09-19T00:54:59.442962+00:00' AIRFLOW_CTX_TRY_NUMBER='1' AIRFLOW_CTX_DAG_RUN_ID='manual__2024-09-19T00:54:59.442962+00:00'
[2024-09-19T00:55:01.752+0000] {taskinstance.py:731} INFO - ::endgroup::
[2024-09-19T00:55:02.824+0000] {logging_mixin.py:190} INFO - line 40 - Pushed data to XCom: {"id":{"0":"bitcoin","1":"ethereum","2":"tether","3":"binance-coin","4":"solana","5":"usd-coin","6":
[2024-09-19T00:55:02.826+0000] {python.py:240} INFO - Done. Returned value was: None
[2024-09-19T00:55:02.842+0000] {taskinstance.py:340} INFO - ::group::Post task execution logs
[2024-09-19T00:55:02.843+0000] {taskinstance.py:352} INFO - Marking task as SUCCESS. dag_id=Bitcoin_ETL, task_id=extraer_data, run_id=manual__2024-09-19T00:54:59.442962+00:00, execution_date=20240919T005459, start_date=20240919T005501, end_date=20240919T005502
[2024-09-19T00:55:02.891+0000] {local_task_job_runner.py:266} INFO - Task exited with return code 0
[2024-09-19T00:55:02.928+0000] {taskinstance.py:3900} INFO - 1 downstream tasks scheduled from follow-on schedule check
[2024-09-19T00:55:02.931+0000] {local_task_job_runner.py:245} INFO - ::endgroup::
