[2024-09-17T20:39:57.145+0000] {processor.py:186} INFO - Started process (PID=110) to work on /home/airflow/.local/lib/python3.12/site-packages/airflow/example_dags/example_sensor_decorator.py
[2024-09-17T20:39:57.146+0000] {processor.py:914} INFO - Processing file /home/airflow/.local/lib/python3.12/site-packages/airflow/example_dags/example_sensor_decorator.py for tasks to queue
[2024-09-17T20:39:57.152+0000] {logging_mixin.py:190} INFO - [2024-09-17T20:39:57.150+0000] {dagbag.py:587} INFO - Filling up the DagBag from /home/airflow/.local/lib/python3.12/site-packages/airflow/example_dags/example_sensor_decorator.py
[2024-09-17T20:39:57.179+0000] {processor.py:925} INFO - DAG(s) 'example_sensor_decorator' retrieved from /home/airflow/.local/lib/python3.12/site-packages/airflow/example_dags/example_sensor_decorator.py
[2024-09-17T20:39:57.568+0000] {logging_mixin.py:190} INFO - [2024-09-17T20:39:57.565+0000] {override.py:1900} INFO - Created Permission View: menu access on DAG Run:example_sensor_decorator
[2024-09-17T20:39:57.595+0000] {logging_mixin.py:190} INFO - [2024-09-17T20:39:57.594+0000] {override.py:1900} INFO - Created Permission View: can delete on DAG Run:example_sensor_decorator
[2024-09-17T20:39:57.627+0000] {logging_mixin.py:190} INFO - [2024-09-17T20:39:57.626+0000] {override.py:1900} INFO - Created Permission View: can read on DAG Run:example_sensor_decorator
[2024-09-17T20:39:57.656+0000] {logging_mixin.py:190} INFO - [2024-09-17T20:39:57.656+0000] {override.py:1900} INFO - Created Permission View: can create on DAG Run:example_sensor_decorator
[2024-09-17T20:39:57.658+0000] {logging_mixin.py:190} INFO - [2024-09-17T20:39:57.658+0000] {dag.py:3229} INFO - Sync 1 DAGs
[2024-09-17T20:39:57.723+0000] {logging_mixin.py:190} INFO - [2024-09-17T20:39:57.723+0000] {dag.py:4156} INFO - Setting next_dagrun for example_sensor_decorator to None, run_after=None
[2024-09-17T20:39:57.797+0000] {processor.py:208} INFO - Processing /home/airflow/.local/lib/python3.12/site-packages/airflow/example_dags/example_sensor_decorator.py took 0.678 seconds
[2024-09-17T20:40:27.991+0000] {processor.py:186} INFO - Started process (PID=174) to work on /home/airflow/.local/lib/python3.12/site-packages/airflow/example_dags/example_sensor_decorator.py
[2024-09-17T20:40:27.992+0000] {processor.py:914} INFO - Processing file /home/airflow/.local/lib/python3.12/site-packages/airflow/example_dags/example_sensor_decorator.py for tasks to queue
[2024-09-17T20:40:27.994+0000] {logging_mixin.py:190} INFO - [2024-09-17T20:40:27.993+0000] {dagbag.py:587} INFO - Filling up the DagBag from /home/airflow/.local/lib/python3.12/site-packages/airflow/example_dags/example_sensor_decorator.py
[2024-09-17T20:40:28.003+0000] {processor.py:925} INFO - DAG(s) 'example_sensor_decorator' retrieved from /home/airflow/.local/lib/python3.12/site-packages/airflow/example_dags/example_sensor_decorator.py
[2024-09-17T20:40:28.033+0000] {logging_mixin.py:190} INFO - [2024-09-17T20:40:28.032+0000] {dag.py:3229} INFO - Sync 1 DAGs
[2024-09-17T20:40:28.052+0000] {logging_mixin.py:190} INFO - [2024-09-17T20:40:28.052+0000] {dag.py:4156} INFO - Setting next_dagrun for example_sensor_decorator to None, run_after=None
[2024-09-17T20:40:28.072+0000] {processor.py:208} INFO - Processing /home/airflow/.local/lib/python3.12/site-packages/airflow/example_dags/example_sensor_decorator.py took 0.091 seconds
[2024-09-17T20:40:58.266+0000] {processor.py:186} INFO - Started process (PID=237) to work on /home/airflow/.local/lib/python3.12/site-packages/airflow/example_dags/example_sensor_decorator.py
[2024-09-17T20:40:58.267+0000] {processor.py:914} INFO - Processing file /home/airflow/.local/lib/python3.12/site-packages/airflow/example_dags/example_sensor_decorator.py for tasks to queue
[2024-09-17T20:40:58.268+0000] {logging_mixin.py:190} INFO - [2024-09-17T20:40:58.268+0000] {dagbag.py:587} INFO - Filling up the DagBag from /home/airflow/.local/lib/python3.12/site-packages/airflow/example_dags/example_sensor_decorator.py
[2024-09-17T20:40:58.277+0000] {processor.py:925} INFO - DAG(s) 'example_sensor_decorator' retrieved from /home/airflow/.local/lib/python3.12/site-packages/airflow/example_dags/example_sensor_decorator.py
[2024-09-17T20:40:58.299+0000] {logging_mixin.py:190} INFO - [2024-09-17T20:40:58.299+0000] {dag.py:3229} INFO - Sync 1 DAGs
[2024-09-17T20:40:58.316+0000] {logging_mixin.py:190} INFO - [2024-09-17T20:40:58.316+0000] {dag.py:4156} INFO - Setting next_dagrun for example_sensor_decorator to None, run_after=None
[2024-09-17T20:40:58.338+0000] {processor.py:208} INFO - Processing /home/airflow/.local/lib/python3.12/site-packages/airflow/example_dags/example_sensor_decorator.py took 0.080 seconds
[2024-09-17T20:41:28.682+0000] {processor.py:186} INFO - Started process (PID=300) to work on /home/airflow/.local/lib/python3.12/site-packages/airflow/example_dags/example_sensor_decorator.py
[2024-09-17T20:41:28.684+0000] {processor.py:914} INFO - Processing file /home/airflow/.local/lib/python3.12/site-packages/airflow/example_dags/example_sensor_decorator.py for tasks to queue
[2024-09-17T20:41:28.687+0000] {logging_mixin.py:190} INFO - [2024-09-17T20:41:28.686+0000] {dagbag.py:587} INFO - Filling up the DagBag from /home/airflow/.local/lib/python3.12/site-packages/airflow/example_dags/example_sensor_decorator.py
[2024-09-17T20:41:28.699+0000] {processor.py:925} INFO - DAG(s) 'example_sensor_decorator' retrieved from /home/airflow/.local/lib/python3.12/site-packages/airflow/example_dags/example_sensor_decorator.py
[2024-09-17T20:41:28.725+0000] {logging_mixin.py:190} INFO - [2024-09-17T20:41:28.725+0000] {dag.py:3229} INFO - Sync 1 DAGs
[2024-09-17T20:41:28.750+0000] {logging_mixin.py:190} INFO - [2024-09-17T20:41:28.749+0000] {dag.py:4156} INFO - Setting next_dagrun for example_sensor_decorator to None, run_after=None
[2024-09-17T20:41:28.783+0000] {processor.py:208} INFO - Processing /home/airflow/.local/lib/python3.12/site-packages/airflow/example_dags/example_sensor_decorator.py took 0.112 seconds
