[2024-09-17T20:40:03.352+0000] {processor.py:186} INFO - Started process (PID=120) to work on /home/airflow/.local/lib/python3.12/site-packages/airflow/example_dags/example_kubernetes_executor.py
[2024-09-17T20:40:03.354+0000] {processor.py:914} INFO - Processing file /home/airflow/.local/lib/python3.12/site-packages/airflow/example_dags/example_kubernetes_executor.py for tasks to queue
[2024-09-17T20:40:03.360+0000] {logging_mixin.py:190} INFO - [2024-09-17T20:40:03.359+0000] {dagbag.py:587} INFO - Filling up the DagBag from /home/airflow/.local/lib/python3.12/site-packages/airflow/example_dags/example_kubernetes_executor.py
[2024-09-17T20:40:03.496+0000] {processor.py:925} INFO - DAG(s) 'example_kubernetes_executor' retrieved from /home/airflow/.local/lib/python3.12/site-packages/airflow/example_dags/example_kubernetes_executor.py
[2024-09-17T20:40:03.973+0000] {logging_mixin.py:190} INFO - [2024-09-17T20:40:03.970+0000] {override.py:1900} INFO - Created Permission View: menu access on DAG Run:example_kubernetes_executor
[2024-09-17T20:40:03.995+0000] {logging_mixin.py:190} INFO - [2024-09-17T20:40:03.994+0000] {override.py:1900} INFO - Created Permission View: can delete on DAG Run:example_kubernetes_executor
[2024-09-17T20:40:04.029+0000] {logging_mixin.py:190} INFO - [2024-09-17T20:40:04.028+0000] {override.py:1900} INFO - Created Permission View: can read on DAG Run:example_kubernetes_executor
[2024-09-17T20:40:04.057+0000] {logging_mixin.py:190} INFO - [2024-09-17T20:40:04.056+0000] {override.py:1900} INFO - Created Permission View: can create on DAG Run:example_kubernetes_executor
[2024-09-17T20:40:04.059+0000] {logging_mixin.py:190} INFO - [2024-09-17T20:40:04.059+0000] {dag.py:3229} INFO - Sync 1 DAGs
[2024-09-17T20:40:04.129+0000] {logging_mixin.py:190} INFO - [2024-09-17T20:40:04.129+0000] {dag.py:4156} INFO - Setting next_dagrun for example_kubernetes_executor to None, run_after=None
[2024-09-17T20:40:04.222+0000] {processor.py:208} INFO - Processing /home/airflow/.local/lib/python3.12/site-packages/airflow/example_dags/example_kubernetes_executor.py took 0.888 seconds
[2024-09-17T20:40:34.983+0000] {processor.py:186} INFO - Started process (PID=184) to work on /home/airflow/.local/lib/python3.12/site-packages/airflow/example_dags/example_kubernetes_executor.py
[2024-09-17T20:40:34.985+0000] {processor.py:914} INFO - Processing file /home/airflow/.local/lib/python3.12/site-packages/airflow/example_dags/example_kubernetes_executor.py for tasks to queue
[2024-09-17T20:40:34.988+0000] {logging_mixin.py:190} INFO - [2024-09-17T20:40:34.987+0000] {dagbag.py:587} INFO - Filling up the DagBag from /home/airflow/.local/lib/python3.12/site-packages/airflow/example_dags/example_kubernetes_executor.py
[2024-09-17T20:40:35.021+0000] {processor.py:925} INFO - DAG(s) 'example_kubernetes_executor' retrieved from /home/airflow/.local/lib/python3.12/site-packages/airflow/example_dags/example_kubernetes_executor.py
[2024-09-17T20:40:35.093+0000] {logging_mixin.py:190} INFO - [2024-09-17T20:40:35.092+0000] {dag.py:3229} INFO - Sync 1 DAGs
[2024-09-17T20:40:35.142+0000] {logging_mixin.py:190} INFO - [2024-09-17T20:40:35.142+0000] {dag.py:4156} INFO - Setting next_dagrun for example_kubernetes_executor to None, run_after=None
[2024-09-17T20:40:35.192+0000] {processor.py:208} INFO - Processing /home/airflow/.local/lib/python3.12/site-packages/airflow/example_dags/example_kubernetes_executor.py took 0.219 seconds
[2024-09-17T20:41:05.405+0000] {processor.py:186} INFO - Started process (PID=247) to work on /home/airflow/.local/lib/python3.12/site-packages/airflow/example_dags/example_kubernetes_executor.py
[2024-09-17T20:41:05.407+0000] {processor.py:914} INFO - Processing file /home/airflow/.local/lib/python3.12/site-packages/airflow/example_dags/example_kubernetes_executor.py for tasks to queue
[2024-09-17T20:41:05.411+0000] {logging_mixin.py:190} INFO - [2024-09-17T20:41:05.410+0000] {dagbag.py:587} INFO - Filling up the DagBag from /home/airflow/.local/lib/python3.12/site-packages/airflow/example_dags/example_kubernetes_executor.py
[2024-09-17T20:41:05.432+0000] {processor.py:925} INFO - DAG(s) 'example_kubernetes_executor' retrieved from /home/airflow/.local/lib/python3.12/site-packages/airflow/example_dags/example_kubernetes_executor.py
[2024-09-17T20:41:05.482+0000] {logging_mixin.py:190} INFO - [2024-09-17T20:41:05.481+0000] {dag.py:3229} INFO - Sync 1 DAGs
[2024-09-17T20:41:05.509+0000] {logging_mixin.py:190} INFO - [2024-09-17T20:41:05.509+0000] {dag.py:4156} INFO - Setting next_dagrun for example_kubernetes_executor to None, run_after=None
[2024-09-17T20:41:05.540+0000] {processor.py:208} INFO - Processing /home/airflow/.local/lib/python3.12/site-packages/airflow/example_dags/example_kubernetes_executor.py took 0.147 seconds
