[2024-09-17T20:39:51.514+0000] {processor.py:186} INFO - Started process (PID=105) to work on /home/airflow/.local/lib/python3.12/site-packages/airflow/example_dags/example_latest_only_with_trigger.py
[2024-09-17T20:39:51.519+0000] {processor.py:914} INFO - Processing file /home/airflow/.local/lib/python3.12/site-packages/airflow/example_dags/example_latest_only_with_trigger.py for tasks to queue
[2024-09-17T20:39:51.524+0000] {logging_mixin.py:190} INFO - [2024-09-17T20:39:51.523+0000] {dagbag.py:587} INFO - Filling up the DagBag from /home/airflow/.local/lib/python3.12/site-packages/airflow/example_dags/example_latest_only_with_trigger.py
[2024-09-17T20:39:51.557+0000] {processor.py:925} INFO - DAG(s) 'latest_only_with_trigger' retrieved from /home/airflow/.local/lib/python3.12/site-packages/airflow/example_dags/example_latest_only_with_trigger.py
[2024-09-17T20:39:52.232+0000] {logging_mixin.py:190} INFO - [2024-09-17T20:39:52.229+0000] {override.py:1900} INFO - Created Permission View: menu access on DAG Run:latest_only_with_trigger
[2024-09-17T20:39:52.263+0000] {logging_mixin.py:190} INFO - [2024-09-17T20:39:52.260+0000] {override.py:1900} INFO - Created Permission View: can delete on DAG Run:latest_only_with_trigger
[2024-09-17T20:39:52.290+0000] {logging_mixin.py:190} INFO - [2024-09-17T20:39:52.289+0000] {override.py:1900} INFO - Created Permission View: can read on DAG Run:latest_only_with_trigger
[2024-09-17T20:39:52.333+0000] {logging_mixin.py:190} INFO - [2024-09-17T20:39:52.333+0000] {override.py:1900} INFO - Created Permission View: can create on DAG Run:latest_only_with_trigger
[2024-09-17T20:39:52.335+0000] {logging_mixin.py:190} INFO - [2024-09-17T20:39:52.335+0000] {dag.py:3229} INFO - Sync 1 DAGs
[2024-09-17T20:39:52.599+0000] {logging_mixin.py:190} INFO - [2024-09-17T20:39:52.599+0000] {dag.py:4156} INFO - Setting next_dagrun for latest_only_with_trigger to 2024-09-17 16:00:00+00:00, run_after=2024-09-17 20:00:00+00:00
[2024-09-17T20:39:52.674+0000] {processor.py:208} INFO - Processing /home/airflow/.local/lib/python3.12/site-packages/airflow/example_dags/example_latest_only_with_trigger.py took 1.173 seconds
[2024-09-17T20:40:23.310+0000] {processor.py:186} INFO - Started process (PID=168) to work on /home/airflow/.local/lib/python3.12/site-packages/airflow/example_dags/example_latest_only_with_trigger.py
[2024-09-17T20:40:23.311+0000] {processor.py:914} INFO - Processing file /home/airflow/.local/lib/python3.12/site-packages/airflow/example_dags/example_latest_only_with_trigger.py for tasks to queue
[2024-09-17T20:40:23.313+0000] {logging_mixin.py:190} INFO - [2024-09-17T20:40:23.313+0000] {dagbag.py:587} INFO - Filling up the DagBag from /home/airflow/.local/lib/python3.12/site-packages/airflow/example_dags/example_latest_only_with_trigger.py
[2024-09-17T20:40:23.326+0000] {processor.py:925} INFO - DAG(s) 'latest_only_with_trigger' retrieved from /home/airflow/.local/lib/python3.12/site-packages/airflow/example_dags/example_latest_only_with_trigger.py
[2024-09-17T20:40:23.354+0000] {logging_mixin.py:190} INFO - [2024-09-17T20:40:23.354+0000] {dag.py:3229} INFO - Sync 1 DAGs
[2024-09-17T20:40:23.385+0000] {logging_mixin.py:190} INFO - [2024-09-17T20:40:23.385+0000] {dag.py:4156} INFO - Setting next_dagrun for latest_only_with_trigger to 2024-09-17 16:00:00+00:00, run_after=2024-09-17 20:00:00+00:00
[2024-09-17T20:40:23.409+0000] {processor.py:208} INFO - Processing /home/airflow/.local/lib/python3.12/site-packages/airflow/example_dags/example_latest_only_with_trigger.py took 0.106 seconds
[2024-09-17T20:40:53.582+0000] {processor.py:186} INFO - Started process (PID=231) to work on /home/airflow/.local/lib/python3.12/site-packages/airflow/example_dags/example_latest_only_with_trigger.py
[2024-09-17T20:40:53.583+0000] {processor.py:914} INFO - Processing file /home/airflow/.local/lib/python3.12/site-packages/airflow/example_dags/example_latest_only_with_trigger.py for tasks to queue
[2024-09-17T20:40:53.585+0000] {logging_mixin.py:190} INFO - [2024-09-17T20:40:53.584+0000] {dagbag.py:587} INFO - Filling up the DagBag from /home/airflow/.local/lib/python3.12/site-packages/airflow/example_dags/example_latest_only_with_trigger.py
[2024-09-17T20:40:53.607+0000] {processor.py:925} INFO - DAG(s) 'latest_only_with_trigger' retrieved from /home/airflow/.local/lib/python3.12/site-packages/airflow/example_dags/example_latest_only_with_trigger.py
[2024-09-17T20:40:53.683+0000] {logging_mixin.py:190} INFO - [2024-09-17T20:40:53.683+0000] {dag.py:3229} INFO - Sync 1 DAGs
[2024-09-17T20:40:53.759+0000] {logging_mixin.py:190} INFO - [2024-09-17T20:40:53.759+0000] {dag.py:4156} INFO - Setting next_dagrun for latest_only_with_trigger to 2024-09-17 16:00:00+00:00, run_after=2024-09-17 20:00:00+00:00
[2024-09-17T20:40:53.829+0000] {processor.py:208} INFO - Processing /home/airflow/.local/lib/python3.12/site-packages/airflow/example_dags/example_latest_only_with_trigger.py took 0.258 seconds
[2024-09-17T20:41:24.590+0000] {processor.py:186} INFO - Started process (PID=294) to work on /home/airflow/.local/lib/python3.12/site-packages/airflow/example_dags/example_latest_only_with_trigger.py
[2024-09-17T20:41:24.591+0000] {processor.py:914} INFO - Processing file /home/airflow/.local/lib/python3.12/site-packages/airflow/example_dags/example_latest_only_with_trigger.py for tasks to queue
[2024-09-17T20:41:24.593+0000] {logging_mixin.py:190} INFO - [2024-09-17T20:41:24.592+0000] {dagbag.py:587} INFO - Filling up the DagBag from /home/airflow/.local/lib/python3.12/site-packages/airflow/example_dags/example_latest_only_with_trigger.py
[2024-09-17T20:41:24.605+0000] {processor.py:925} INFO - DAG(s) 'latest_only_with_trigger' retrieved from /home/airflow/.local/lib/python3.12/site-packages/airflow/example_dags/example_latest_only_with_trigger.py
[2024-09-17T20:41:24.643+0000] {logging_mixin.py:190} INFO - [2024-09-17T20:41:24.643+0000] {dag.py:3229} INFO - Sync 1 DAGs
[2024-09-17T20:41:24.708+0000] {logging_mixin.py:190} INFO - [2024-09-17T20:41:24.707+0000] {dag.py:4156} INFO - Setting next_dagrun for latest_only_with_trigger to 2024-09-17 16:00:00+00:00, run_after=2024-09-17 20:00:00+00:00
[2024-09-17T20:41:24.738+0000] {processor.py:208} INFO - Processing /home/airflow/.local/lib/python3.12/site-packages/airflow/example_dags/example_latest_only_with_trigger.py took 0.156 seconds
