[2024-09-17T20:39:46.495+0000] {processor.py:186} INFO - Started process (PID=93) to work on /home/airflow/.local/lib/python3.12/site-packages/airflow/example_dags/example_short_circuit_operator.py
[2024-09-17T20:39:46.496+0000] {processor.py:914} INFO - Processing file /home/airflow/.local/lib/python3.12/site-packages/airflow/example_dags/example_short_circuit_operator.py for tasks to queue
[2024-09-17T20:39:46.499+0000] {logging_mixin.py:190} INFO - [2024-09-17T20:39:46.498+0000] {dagbag.py:587} INFO - Filling up the DagBag from /home/airflow/.local/lib/python3.12/site-packages/airflow/example_dags/example_short_circuit_operator.py
[2024-09-17T20:39:46.538+0000] {processor.py:925} INFO - DAG(s) 'example_short_circuit_operator' retrieved from /home/airflow/.local/lib/python3.12/site-packages/airflow/example_dags/example_short_circuit_operator.py
[2024-09-17T20:39:47.012+0000] {logging_mixin.py:190} INFO - [2024-09-17T20:39:47.003+0000] {override.py:1900} INFO - Created Permission View: menu access on DAG Run:example_short_circuit_operator
[2024-09-17T20:39:47.026+0000] {logging_mixin.py:190} INFO - [2024-09-17T20:39:47.025+0000] {override.py:1900} INFO - Created Permission View: can delete on DAG Run:example_short_circuit_operator
[2024-09-17T20:39:47.038+0000] {logging_mixin.py:190} INFO - [2024-09-17T20:39:47.037+0000] {override.py:1900} INFO - Created Permission View: can read on DAG Run:example_short_circuit_operator
[2024-09-17T20:39:47.055+0000] {logging_mixin.py:190} INFO - [2024-09-17T20:39:47.054+0000] {override.py:1900} INFO - Created Permission View: can create on DAG Run:example_short_circuit_operator
[2024-09-17T20:39:47.060+0000] {logging_mixin.py:190} INFO - [2024-09-17T20:39:47.058+0000] {dag.py:3229} INFO - Sync 1 DAGs
[2024-09-17T20:39:47.152+0000] {logging_mixin.py:190} INFO - [2024-09-17T20:39:47.151+0000] {dag.py:4156} INFO - Setting next_dagrun for example_short_circuit_operator to None, run_after=None
[2024-09-17T20:39:47.196+0000] {processor.py:208} INFO - Processing /home/airflow/.local/lib/python3.12/site-packages/airflow/example_dags/example_short_circuit_operator.py took 0.720 seconds
[2024-09-17T20:40:17.351+0000] {processor.py:186} INFO - Started process (PID=157) to work on /home/airflow/.local/lib/python3.12/site-packages/airflow/example_dags/example_short_circuit_operator.py
[2024-09-17T20:40:17.352+0000] {processor.py:914} INFO - Processing file /home/airflow/.local/lib/python3.12/site-packages/airflow/example_dags/example_short_circuit_operator.py for tasks to queue
[2024-09-17T20:40:17.355+0000] {logging_mixin.py:190} INFO - [2024-09-17T20:40:17.355+0000] {dagbag.py:587} INFO - Filling up the DagBag from /home/airflow/.local/lib/python3.12/site-packages/airflow/example_dags/example_short_circuit_operator.py
[2024-09-17T20:40:17.378+0000] {processor.py:925} INFO - DAG(s) 'example_short_circuit_operator' retrieved from /home/airflow/.local/lib/python3.12/site-packages/airflow/example_dags/example_short_circuit_operator.py
[2024-09-17T20:40:17.420+0000] {logging_mixin.py:190} INFO - [2024-09-17T20:40:17.420+0000] {dag.py:3229} INFO - Sync 1 DAGs
[2024-09-17T20:40:17.447+0000] {logging_mixin.py:190} INFO - [2024-09-17T20:40:17.447+0000] {dag.py:4156} INFO - Setting next_dagrun for example_short_circuit_operator to None, run_after=None
[2024-09-17T20:40:17.484+0000] {processor.py:208} INFO - Processing /home/airflow/.local/lib/python3.12/site-packages/airflow/example_dags/example_short_circuit_operator.py took 0.142 seconds
[2024-09-17T20:40:48.300+0000] {processor.py:186} INFO - Started process (PID=220) to work on /home/airflow/.local/lib/python3.12/site-packages/airflow/example_dags/example_short_circuit_operator.py
[2024-09-17T20:40:48.302+0000] {processor.py:914} INFO - Processing file /home/airflow/.local/lib/python3.12/site-packages/airflow/example_dags/example_short_circuit_operator.py for tasks to queue
[2024-09-17T20:40:48.304+0000] {logging_mixin.py:190} INFO - [2024-09-17T20:40:48.304+0000] {dagbag.py:587} INFO - Filling up the DagBag from /home/airflow/.local/lib/python3.12/site-packages/airflow/example_dags/example_short_circuit_operator.py
[2024-09-17T20:40:48.320+0000] {processor.py:925} INFO - DAG(s) 'example_short_circuit_operator' retrieved from /home/airflow/.local/lib/python3.12/site-packages/airflow/example_dags/example_short_circuit_operator.py
[2024-09-17T20:40:48.358+0000] {logging_mixin.py:190} INFO - [2024-09-17T20:40:48.358+0000] {dag.py:3229} INFO - Sync 1 DAGs
[2024-09-17T20:40:48.378+0000] {logging_mixin.py:190} INFO - [2024-09-17T20:40:48.378+0000] {dag.py:4156} INFO - Setting next_dagrun for example_short_circuit_operator to None, run_after=None
[2024-09-17T20:40:48.410+0000] {processor.py:208} INFO - Processing /home/airflow/.local/lib/python3.12/site-packages/airflow/example_dags/example_short_circuit_operator.py took 0.118 seconds
[2024-09-17T20:41:18.701+0000] {processor.py:186} INFO - Started process (PID=283) to work on /home/airflow/.local/lib/python3.12/site-packages/airflow/example_dags/example_short_circuit_operator.py
[2024-09-17T20:41:18.702+0000] {processor.py:914} INFO - Processing file /home/airflow/.local/lib/python3.12/site-packages/airflow/example_dags/example_short_circuit_operator.py for tasks to queue
[2024-09-17T20:41:18.704+0000] {logging_mixin.py:190} INFO - [2024-09-17T20:41:18.703+0000] {dagbag.py:587} INFO - Filling up the DagBag from /home/airflow/.local/lib/python3.12/site-packages/airflow/example_dags/example_short_circuit_operator.py
[2024-09-17T20:41:18.713+0000] {processor.py:925} INFO - DAG(s) 'example_short_circuit_operator' retrieved from /home/airflow/.local/lib/python3.12/site-packages/airflow/example_dags/example_short_circuit_operator.py
[2024-09-17T20:41:18.745+0000] {logging_mixin.py:190} INFO - [2024-09-17T20:41:18.744+0000] {dag.py:3229} INFO - Sync 1 DAGs
[2024-09-17T20:41:18.766+0000] {logging_mixin.py:190} INFO - [2024-09-17T20:41:18.766+0000] {dag.py:4156} INFO - Setting next_dagrun for example_short_circuit_operator to None, run_after=None
[2024-09-17T20:41:18.793+0000] {processor.py:208} INFO - Processing /home/airflow/.local/lib/python3.12/site-packages/airflow/example_dags/example_short_circuit_operator.py took 0.103 seconds
