[2024-09-17T20:39:52.909+0000] {processor.py:186} INFO - Started process (PID=106) to work on /home/airflow/.local/lib/python3.12/site-packages/airflow/example_dags/example_latest_only.py
[2024-09-17T20:39:52.914+0000] {processor.py:914} INFO - Processing file /home/airflow/.local/lib/python3.12/site-packages/airflow/example_dags/example_latest_only.py for tasks to queue
[2024-09-17T20:39:52.944+0000] {logging_mixin.py:190} INFO - [2024-09-17T20:39:52.943+0000] {dagbag.py:587} INFO - Filling up the DagBag from /home/airflow/.local/lib/python3.12/site-packages/airflow/example_dags/example_latest_only.py
[2024-09-17T20:39:53.003+0000] {processor.py:925} INFO - DAG(s) 'latest_only' retrieved from /home/airflow/.local/lib/python3.12/site-packages/airflow/example_dags/example_latest_only.py
[2024-09-17T20:39:53.610+0000] {logging_mixin.py:190} INFO - [2024-09-17T20:39:53.608+0000] {override.py:1900} INFO - Created Permission View: menu access on DAG Run:latest_only
[2024-09-17T20:39:53.626+0000] {logging_mixin.py:190} INFO - [2024-09-17T20:39:53.626+0000] {override.py:1900} INFO - Created Permission View: can delete on DAG Run:latest_only
[2024-09-17T20:39:53.645+0000] {logging_mixin.py:190} INFO - [2024-09-17T20:39:53.644+0000] {override.py:1900} INFO - Created Permission View: can read on DAG Run:latest_only
[2024-09-17T20:39:53.661+0000] {logging_mixin.py:190} INFO - [2024-09-17T20:39:53.660+0000] {override.py:1900} INFO - Created Permission View: can create on DAG Run:latest_only
[2024-09-17T20:39:53.664+0000] {logging_mixin.py:190} INFO - [2024-09-17T20:39:53.663+0000] {dag.py:3229} INFO - Sync 1 DAGs
[2024-09-17T20:39:53.845+0000] {logging_mixin.py:190} INFO - [2024-09-17T20:39:53.844+0000] {dag.py:4156} INFO - Setting next_dagrun for latest_only to 2024-09-17 16:00:00+00:00, run_after=2024-09-17 20:00:00+00:00
[2024-09-17T20:39:53.961+0000] {processor.py:208} INFO - Processing /home/airflow/.local/lib/python3.12/site-packages/airflow/example_dags/example_latest_only.py took 1.081 seconds
[2024-09-17T20:40:24.420+0000] {processor.py:186} INFO - Started process (PID=169) to work on /home/airflow/.local/lib/python3.12/site-packages/airflow/example_dags/example_latest_only.py
[2024-09-17T20:40:24.423+0000] {processor.py:914} INFO - Processing file /home/airflow/.local/lib/python3.12/site-packages/airflow/example_dags/example_latest_only.py for tasks to queue
[2024-09-17T20:40:24.427+0000] {logging_mixin.py:190} INFO - [2024-09-17T20:40:24.426+0000] {dagbag.py:587} INFO - Filling up the DagBag from /home/airflow/.local/lib/python3.12/site-packages/airflow/example_dags/example_latest_only.py
[2024-09-17T20:40:24.442+0000] {processor.py:925} INFO - DAG(s) 'latest_only' retrieved from /home/airflow/.local/lib/python3.12/site-packages/airflow/example_dags/example_latest_only.py
[2024-09-17T20:40:24.473+0000] {logging_mixin.py:190} INFO - [2024-09-17T20:40:24.472+0000] {dag.py:3229} INFO - Sync 1 DAGs
[2024-09-17T20:40:24.526+0000] {logging_mixin.py:190} INFO - [2024-09-17T20:40:24.526+0000] {dag.py:4156} INFO - Setting next_dagrun for latest_only to 2024-09-17 16:00:00+00:00, run_after=2024-09-17 20:00:00+00:00
[2024-09-17T20:40:24.558+0000] {processor.py:208} INFO - Processing /home/airflow/.local/lib/python3.12/site-packages/airflow/example_dags/example_latest_only.py took 0.149 seconds
[2024-09-17T20:40:54.910+0000] {processor.py:186} INFO - Started process (PID=232) to work on /home/airflow/.local/lib/python3.12/site-packages/airflow/example_dags/example_latest_only.py
[2024-09-17T20:40:54.911+0000] {processor.py:914} INFO - Processing file /home/airflow/.local/lib/python3.12/site-packages/airflow/example_dags/example_latest_only.py for tasks to queue
[2024-09-17T20:40:54.914+0000] {logging_mixin.py:190} INFO - [2024-09-17T20:40:54.913+0000] {dagbag.py:587} INFO - Filling up the DagBag from /home/airflow/.local/lib/python3.12/site-packages/airflow/example_dags/example_latest_only.py
[2024-09-17T20:40:54.931+0000] {processor.py:925} INFO - DAG(s) 'latest_only' retrieved from /home/airflow/.local/lib/python3.12/site-packages/airflow/example_dags/example_latest_only.py
[2024-09-17T20:40:54.968+0000] {logging_mixin.py:190} INFO - [2024-09-17T20:40:54.968+0000] {dag.py:3229} INFO - Sync 1 DAGs
[2024-09-17T20:40:55.002+0000] {logging_mixin.py:190} INFO - [2024-09-17T20:40:55.001+0000] {dag.py:4156} INFO - Setting next_dagrun for latest_only to 2024-09-17 16:00:00+00:00, run_after=2024-09-17 20:00:00+00:00
[2024-09-17T20:40:55.028+0000] {processor.py:208} INFO - Processing /home/airflow/.local/lib/python3.12/site-packages/airflow/example_dags/example_latest_only.py took 0.130 seconds
[2024-09-17T20:41:25.744+0000] {processor.py:186} INFO - Started process (PID=295) to work on /home/airflow/.local/lib/python3.12/site-packages/airflow/example_dags/example_latest_only.py
[2024-09-17T20:41:25.745+0000] {processor.py:914} INFO - Processing file /home/airflow/.local/lib/python3.12/site-packages/airflow/example_dags/example_latest_only.py for tasks to queue
[2024-09-17T20:41:25.747+0000] {logging_mixin.py:190} INFO - [2024-09-17T20:41:25.746+0000] {dagbag.py:587} INFO - Filling up the DagBag from /home/airflow/.local/lib/python3.12/site-packages/airflow/example_dags/example_latest_only.py
[2024-09-17T20:41:25.756+0000] {processor.py:925} INFO - DAG(s) 'latest_only' retrieved from /home/airflow/.local/lib/python3.12/site-packages/airflow/example_dags/example_latest_only.py
[2024-09-17T20:41:25.781+0000] {logging_mixin.py:190} INFO - [2024-09-17T20:41:25.780+0000] {dag.py:3229} INFO - Sync 1 DAGs
[2024-09-17T20:41:25.807+0000] {logging_mixin.py:190} INFO - [2024-09-17T20:41:25.807+0000] {dag.py:4156} INFO - Setting next_dagrun for latest_only to 2024-09-17 16:00:00+00:00, run_after=2024-09-17 20:00:00+00:00
[2024-09-17T20:41:25.828+0000] {processor.py:208} INFO - Processing /home/airflow/.local/lib/python3.12/site-packages/airflow/example_dags/example_latest_only.py took 0.094 seconds
