[2024-09-17T20:39:50.561+0000] {processor.py:186} INFO - Started process (PID=103) to work on /home/airflow/.local/lib/python3.12/site-packages/airflow/example_dags/example_outlet_event_extra.py
[2024-09-17T20:39:50.563+0000] {processor.py:914} INFO - Processing file /home/airflow/.local/lib/python3.12/site-packages/airflow/example_dags/example_outlet_event_extra.py for tasks to queue
[2024-09-17T20:39:50.566+0000] {logging_mixin.py:190} INFO - [2024-09-17T20:39:50.565+0000] {dagbag.py:587} INFO - Filling up the DagBag from /home/airflow/.local/lib/python3.12/site-packages/airflow/example_dags/example_outlet_event_extra.py
[2024-09-17T20:39:53.368+0000] {processor.py:925} INFO - DAG(s) 'dataset_with_extra_from_classic_operator', 'dataset_with_extra_by_context', 'dataset_with_extra_by_yield' retrieved from /home/airflow/.local/lib/python3.12/site-packages/airflow/example_dags/example_outlet_event_extra.py
[2024-09-17T20:39:53.975+0000] {logging_mixin.py:190} INFO - [2024-09-17T20:39:53.967+0000] {override.py:1900} INFO - Created Permission View: menu access on DAG Run:dataset_with_extra_from_classic_operator
[2024-09-17T20:39:54.011+0000] {logging_mixin.py:190} INFO - [2024-09-17T20:39:54.010+0000] {override.py:1900} INFO - Created Permission View: can delete on DAG Run:dataset_with_extra_from_classic_operator
[2024-09-17T20:39:54.039+0000] {logging_mixin.py:190} INFO - [2024-09-17T20:39:54.038+0000] {override.py:1900} INFO - Created Permission View: can read on DAG Run:dataset_with_extra_from_classic_operator
[2024-09-17T20:39:54.070+0000] {logging_mixin.py:190} INFO - [2024-09-17T20:39:54.069+0000] {override.py:1900} INFO - Created Permission View: can create on DAG Run:dataset_with_extra_from_classic_operator
[2024-09-17T20:39:54.209+0000] {logging_mixin.py:190} INFO - [2024-09-17T20:39:54.208+0000] {override.py:1900} INFO - Created Permission View: menu access on DAG Run:dataset_with_extra_by_context
[2024-09-17T20:39:54.240+0000] {logging_mixin.py:190} INFO - [2024-09-17T20:39:54.239+0000] {override.py:1900} INFO - Created Permission View: can delete on DAG Run:dataset_with_extra_by_context
[2024-09-17T20:39:54.261+0000] {logging_mixin.py:190} INFO - [2024-09-17T20:39:54.260+0000] {override.py:1900} INFO - Created Permission View: can read on DAG Run:dataset_with_extra_by_context
[2024-09-17T20:39:54.295+0000] {logging_mixin.py:190} INFO - [2024-09-17T20:39:54.295+0000] {override.py:1900} INFO - Created Permission View: can create on DAG Run:dataset_with_extra_by_context
[2024-09-17T20:39:54.426+0000] {logging_mixin.py:190} INFO - [2024-09-17T20:39:54.426+0000] {override.py:1900} INFO - Created Permission View: menu access on DAG Run:dataset_with_extra_by_yield
[2024-09-17T20:39:54.454+0000] {logging_mixin.py:190} INFO - [2024-09-17T20:39:54.453+0000] {override.py:1900} INFO - Created Permission View: can delete on DAG Run:dataset_with_extra_by_yield
[2024-09-17T20:39:54.481+0000] {logging_mixin.py:190} INFO - [2024-09-17T20:39:54.480+0000] {override.py:1900} INFO - Created Permission View: can read on DAG Run:dataset_with_extra_by_yield
[2024-09-17T20:39:54.514+0000] {logging_mixin.py:190} INFO - [2024-09-17T20:39:54.514+0000] {override.py:1900} INFO - Created Permission View: can create on DAG Run:dataset_with_extra_by_yield
[2024-09-17T20:39:54.516+0000] {logging_mixin.py:190} INFO - [2024-09-17T20:39:54.515+0000] {dag.py:3229} INFO - Sync 3 DAGs
[2024-09-17T20:39:54.688+0000] {logging_mixin.py:190} INFO - [2024-09-17T20:39:54.687+0000] {dag.py:4156} INFO - Setting next_dagrun for dataset_with_extra_by_context to 2024-09-16 00:00:00+00:00, run_after=2024-09-17 00:00:00+00:00
[2024-09-17T20:39:54.717+0000] {logging_mixin.py:190} INFO - [2024-09-17T20:39:54.716+0000] {dag.py:4156} INFO - Setting next_dagrun for dataset_with_extra_by_yield to 2024-09-16 00:00:00+00:00, run_after=2024-09-17 00:00:00+00:00
[2024-09-17T20:39:54.743+0000] {logging_mixin.py:190} INFO - [2024-09-17T20:39:54.743+0000] {dag.py:4156} INFO - Setting next_dagrun for dataset_with_extra_from_classic_operator to 2024-09-16 00:00:00+00:00, run_after=2024-09-17 00:00:00+00:00
[2024-09-17T20:39:54.911+0000] {processor.py:208} INFO - Processing /home/airflow/.local/lib/python3.12/site-packages/airflow/example_dags/example_outlet_event_extra.py took 4.368 seconds
[2024-09-17T20:40:25.480+0000] {processor.py:186} INFO - Started process (PID=170) to work on /home/airflow/.local/lib/python3.12/site-packages/airflow/example_dags/example_outlet_event_extra.py
[2024-09-17T20:40:25.482+0000] {processor.py:914} INFO - Processing file /home/airflow/.local/lib/python3.12/site-packages/airflow/example_dags/example_outlet_event_extra.py for tasks to queue
[2024-09-17T20:40:25.485+0000] {logging_mixin.py:190} INFO - [2024-09-17T20:40:25.484+0000] {dagbag.py:587} INFO - Filling up the DagBag from /home/airflow/.local/lib/python3.12/site-packages/airflow/example_dags/example_outlet_event_extra.py
[2024-09-17T20:40:25.691+0000] {processor.py:925} INFO - DAG(s) 'dataset_with_extra_by_context', 'dataset_with_extra_from_classic_operator', 'dataset_with_extra_by_yield' retrieved from /home/airflow/.local/lib/python3.12/site-packages/airflow/example_dags/example_outlet_event_extra.py
[2024-09-17T20:40:25.725+0000] {logging_mixin.py:190} INFO - [2024-09-17T20:40:25.725+0000] {dag.py:3229} INFO - Sync 3 DAGs
[2024-09-17T20:40:25.763+0000] {logging_mixin.py:190} INFO - [2024-09-17T20:40:25.763+0000] {dag.py:4156} INFO - Setting next_dagrun for dataset_with_extra_by_context to 2024-09-16 00:00:00+00:00, run_after=2024-09-17 00:00:00+00:00
[2024-09-17T20:40:25.770+0000] {logging_mixin.py:190} INFO - [2024-09-17T20:40:25.770+0000] {dag.py:4156} INFO - Setting next_dagrun for dataset_with_extra_by_yield to 2024-09-16 00:00:00+00:00, run_after=2024-09-17 00:00:00+00:00
[2024-09-17T20:40:25.776+0000] {logging_mixin.py:190} INFO - [2024-09-17T20:40:25.776+0000] {dag.py:4156} INFO - Setting next_dagrun for dataset_with_extra_from_classic_operator to 2024-09-16 00:00:00+00:00, run_after=2024-09-17 00:00:00+00:00
[2024-09-17T20:40:25.809+0000] {processor.py:208} INFO - Processing /home/airflow/.local/lib/python3.12/site-packages/airflow/example_dags/example_outlet_event_extra.py took 0.339 seconds
[2024-09-17T20:40:55.923+0000] {processor.py:186} INFO - Started process (PID=233) to work on /home/airflow/.local/lib/python3.12/site-packages/airflow/example_dags/example_outlet_event_extra.py
[2024-09-17T20:40:55.925+0000] {processor.py:914} INFO - Processing file /home/airflow/.local/lib/python3.12/site-packages/airflow/example_dags/example_outlet_event_extra.py for tasks to queue
[2024-09-17T20:40:55.927+0000] {logging_mixin.py:190} INFO - [2024-09-17T20:40:55.927+0000] {dagbag.py:587} INFO - Filling up the DagBag from /home/airflow/.local/lib/python3.12/site-packages/airflow/example_dags/example_outlet_event_extra.py
[2024-09-17T20:40:56.131+0000] {processor.py:925} INFO - DAG(s) 'dataset_with_extra_by_context', 'dataset_with_extra_from_classic_operator', 'dataset_with_extra_by_yield' retrieved from /home/airflow/.local/lib/python3.12/site-packages/airflow/example_dags/example_outlet_event_extra.py
[2024-09-17T20:40:56.160+0000] {logging_mixin.py:190} INFO - [2024-09-17T20:40:56.160+0000] {dag.py:3229} INFO - Sync 3 DAGs
[2024-09-17T20:40:56.191+0000] {logging_mixin.py:190} INFO - [2024-09-17T20:40:56.190+0000] {dag.py:4156} INFO - Setting next_dagrun for dataset_with_extra_by_context to 2024-09-16 00:00:00+00:00, run_after=2024-09-17 00:00:00+00:00
[2024-09-17T20:40:56.196+0000] {logging_mixin.py:190} INFO - [2024-09-17T20:40:56.196+0000] {dag.py:4156} INFO - Setting next_dagrun for dataset_with_extra_by_yield to 2024-09-16 00:00:00+00:00, run_after=2024-09-17 00:00:00+00:00
[2024-09-17T20:40:56.199+0000] {logging_mixin.py:190} INFO - [2024-09-17T20:40:56.199+0000] {dag.py:4156} INFO - Setting next_dagrun for dataset_with_extra_from_classic_operator to 2024-09-16 00:00:00+00:00, run_after=2024-09-17 00:00:00+00:00
[2024-09-17T20:40:56.223+0000] {processor.py:208} INFO - Processing /home/airflow/.local/lib/python3.12/site-packages/airflow/example_dags/example_outlet_event_extra.py took 0.309 seconds
[2024-09-17T20:41:26.838+0000] {processor.py:186} INFO - Started process (PID=296) to work on /home/airflow/.local/lib/python3.12/site-packages/airflow/example_dags/example_outlet_event_extra.py
[2024-09-17T20:41:26.843+0000] {processor.py:914} INFO - Processing file /home/airflow/.local/lib/python3.12/site-packages/airflow/example_dags/example_outlet_event_extra.py for tasks to queue
[2024-09-17T20:41:26.847+0000] {logging_mixin.py:190} INFO - [2024-09-17T20:41:26.846+0000] {dagbag.py:587} INFO - Filling up the DagBag from /home/airflow/.local/lib/python3.12/site-packages/airflow/example_dags/example_outlet_event_extra.py
[2024-09-17T20:41:27.266+0000] {processor.py:925} INFO - DAG(s) 'dataset_with_extra_from_classic_operator', 'dataset_with_extra_by_yield', 'dataset_with_extra_by_context' retrieved from /home/airflow/.local/lib/python3.12/site-packages/airflow/example_dags/example_outlet_event_extra.py
[2024-09-17T20:41:27.328+0000] {logging_mixin.py:190} INFO - [2024-09-17T20:41:27.327+0000] {dag.py:3229} INFO - Sync 3 DAGs
[2024-09-17T20:41:27.408+0000] {logging_mixin.py:190} INFO - [2024-09-17T20:41:27.408+0000] {dag.py:4156} INFO - Setting next_dagrun for dataset_with_extra_by_context to 2024-09-16 00:00:00+00:00, run_after=2024-09-17 00:00:00+00:00
[2024-09-17T20:41:27.417+0000] {logging_mixin.py:190} INFO - [2024-09-17T20:41:27.416+0000] {dag.py:4156} INFO - Setting next_dagrun for dataset_with_extra_by_yield to 2024-09-16 00:00:00+00:00, run_after=2024-09-17 00:00:00+00:00
[2024-09-17T20:41:27.421+0000] {logging_mixin.py:190} INFO - [2024-09-17T20:41:27.420+0000] {dag.py:4156} INFO - Setting next_dagrun for dataset_with_extra_from_classic_operator to 2024-09-16 00:00:00+00:00, run_after=2024-09-17 00:00:00+00:00
[2024-09-17T20:41:27.453+0000] {processor.py:208} INFO - Processing /home/airflow/.local/lib/python3.12/site-packages/airflow/example_dags/example_outlet_event_extra.py took 0.631 seconds
