[2024-09-17T20:40:04.434+0000] {processor.py:186} INFO - Started process (PID=122) to work on /home/airflow/.local/lib/python3.12/site-packages/airflow/example_dags/example_dataset_alias_with_no_taskflow.py
[2024-09-17T20:40:04.443+0000] {processor.py:914} INFO - Processing file /home/airflow/.local/lib/python3.12/site-packages/airflow/example_dags/example_dataset_alias_with_no_taskflow.py for tasks to queue
[2024-09-17T20:40:04.453+0000] {logging_mixin.py:190} INFO - [2024-09-17T20:40:04.452+0000] {dagbag.py:587} INFO - Filling up the DagBag from /home/airflow/.local/lib/python3.12/site-packages/airflow/example_dags/example_dataset_alias_with_no_taskflow.py
[2024-09-17T20:40:05.218+0000] {processor.py:925} INFO - DAG(s) 'dataset_s3_bucket_consumer_with_no_taskflow', 'dataset_s3_bucket_producer_with_no_taskflow', 'dataset_alias_example_alias_consumer_with_no_taskflow', 'dataset_alias_example_alias_producer_with_no_taskflow' retrieved from /home/airflow/.local/lib/python3.12/site-packages/airflow/example_dags/example_dataset_alias_with_no_taskflow.py
[2024-09-17T20:40:05.588+0000] {logging_mixin.py:190} INFO - [2024-09-17T20:40:05.586+0000] {override.py:1900} INFO - Created Permission View: menu access on DAG Run:dataset_s3_bucket_consumer_with_no_taskflow
[2024-09-17T20:40:05.615+0000] {logging_mixin.py:190} INFO - [2024-09-17T20:40:05.614+0000] {override.py:1900} INFO - Created Permission View: can delete on DAG Run:dataset_s3_bucket_consumer_with_no_taskflow
[2024-09-17T20:40:05.639+0000] {logging_mixin.py:190} INFO - [2024-09-17T20:40:05.638+0000] {override.py:1900} INFO - Created Permission View: can read on DAG Run:dataset_s3_bucket_consumer_with_no_taskflow
[2024-09-17T20:40:05.658+0000] {logging_mixin.py:190} INFO - [2024-09-17T20:40:05.657+0000] {override.py:1900} INFO - Created Permission View: can create on DAG Run:dataset_s3_bucket_consumer_with_no_taskflow
[2024-09-17T20:40:05.729+0000] {logging_mixin.py:190} INFO - [2024-09-17T20:40:05.728+0000] {override.py:1900} INFO - Created Permission View: menu access on DAG Run:dataset_s3_bucket_producer_with_no_taskflow
[2024-09-17T20:40:05.750+0000] {logging_mixin.py:190} INFO - [2024-09-17T20:40:05.749+0000] {override.py:1900} INFO - Created Permission View: can delete on DAG Run:dataset_s3_bucket_producer_with_no_taskflow
[2024-09-17T20:40:05.767+0000] {logging_mixin.py:190} INFO - [2024-09-17T20:40:05.766+0000] {override.py:1900} INFO - Created Permission View: can read on DAG Run:dataset_s3_bucket_producer_with_no_taskflow
[2024-09-17T20:40:05.790+0000] {logging_mixin.py:190} INFO - [2024-09-17T20:40:05.789+0000] {override.py:1900} INFO - Created Permission View: can create on DAG Run:dataset_s3_bucket_producer_with_no_taskflow
[2024-09-17T20:40:05.846+0000] {logging_mixin.py:190} INFO - [2024-09-17T20:40:05.845+0000] {override.py:1900} INFO - Created Permission View: menu access on DAG Run:dataset_alias_example_alias_consumer_with_no_taskflow
[2024-09-17T20:40:05.864+0000] {logging_mixin.py:190} INFO - [2024-09-17T20:40:05.863+0000] {override.py:1900} INFO - Created Permission View: can delete on DAG Run:dataset_alias_example_alias_consumer_with_no_taskflow
[2024-09-17T20:40:05.879+0000] {logging_mixin.py:190} INFO - [2024-09-17T20:40:05.878+0000] {override.py:1900} INFO - Created Permission View: can read on DAG Run:dataset_alias_example_alias_consumer_with_no_taskflow
[2024-09-17T20:40:05.896+0000] {logging_mixin.py:190} INFO - [2024-09-17T20:40:05.895+0000] {override.py:1900} INFO - Created Permission View: can create on DAG Run:dataset_alias_example_alias_consumer_with_no_taskflow
[2024-09-17T20:40:05.970+0000] {logging_mixin.py:190} INFO - [2024-09-17T20:40:05.969+0000] {override.py:1900} INFO - Created Permission View: menu access on DAG Run:dataset_alias_example_alias_producer_with_no_taskflow
[2024-09-17T20:40:05.989+0000] {logging_mixin.py:190} INFO - [2024-09-17T20:40:05.989+0000] {override.py:1900} INFO - Created Permission View: can delete on DAG Run:dataset_alias_example_alias_producer_with_no_taskflow
[2024-09-17T20:40:06.009+0000] {logging_mixin.py:190} INFO - [2024-09-17T20:40:06.008+0000] {override.py:1900} INFO - Created Permission View: can read on DAG Run:dataset_alias_example_alias_producer_with_no_taskflow
[2024-09-17T20:40:06.034+0000] {logging_mixin.py:190} INFO - [2024-09-17T20:40:06.033+0000] {override.py:1900} INFO - Created Permission View: can create on DAG Run:dataset_alias_example_alias_producer_with_no_taskflow
[2024-09-17T20:40:06.037+0000] {logging_mixin.py:190} INFO - [2024-09-17T20:40:06.037+0000] {dag.py:3229} INFO - Sync 4 DAGs
[2024-09-17T20:40:06.152+0000] {logging_mixin.py:190} INFO - [2024-09-17T20:40:06.152+0000] {dag.py:4156} INFO - Setting next_dagrun for dataset_alias_example_alias_consumer_with_no_taskflow to None, run_after=None
[2024-09-17T20:40:06.171+0000] {logging_mixin.py:190} INFO - [2024-09-17T20:40:06.170+0000] {dag.py:4156} INFO - Setting next_dagrun for dataset_alias_example_alias_producer_with_no_taskflow to None, run_after=None
[2024-09-17T20:40:06.183+0000] {logging_mixin.py:190} INFO - [2024-09-17T20:40:06.182+0000] {dag.py:4156} INFO - Setting next_dagrun for dataset_s3_bucket_consumer_with_no_taskflow to None, run_after=None
[2024-09-17T20:40:06.187+0000] {logging_mixin.py:190} INFO - [2024-09-17T20:40:06.187+0000] {dag.py:4156} INFO - Setting next_dagrun for dataset_s3_bucket_producer_with_no_taskflow to None, run_after=None
[2024-09-17T20:40:06.265+0000] {processor.py:208} INFO - Processing /home/airflow/.local/lib/python3.12/site-packages/airflow/example_dags/example_dataset_alias_with_no_taskflow.py took 1.861 seconds
[2024-09-17T20:40:36.382+0000] {processor.py:186} INFO - Started process (PID=188) to work on /home/airflow/.local/lib/python3.12/site-packages/airflow/example_dags/example_dataset_alias_with_no_taskflow.py
[2024-09-17T20:40:36.383+0000] {processor.py:914} INFO - Processing file /home/airflow/.local/lib/python3.12/site-packages/airflow/example_dags/example_dataset_alias_with_no_taskflow.py for tasks to queue
[2024-09-17T20:40:36.385+0000] {logging_mixin.py:190} INFO - [2024-09-17T20:40:36.385+0000] {dagbag.py:587} INFO - Filling up the DagBag from /home/airflow/.local/lib/python3.12/site-packages/airflow/example_dags/example_dataset_alias_with_no_taskflow.py
[2024-09-17T20:40:36.604+0000] {processor.py:925} INFO - DAG(s) 'dataset_s3_bucket_producer_with_no_taskflow', 'dataset_alias_example_alias_producer_with_no_taskflow', 'dataset_alias_example_alias_consumer_with_no_taskflow', 'dataset_s3_bucket_consumer_with_no_taskflow' retrieved from /home/airflow/.local/lib/python3.12/site-packages/airflow/example_dags/example_dataset_alias_with_no_taskflow.py
[2024-09-17T20:40:36.636+0000] {logging_mixin.py:190} INFO - [2024-09-17T20:40:36.635+0000] {dag.py:3229} INFO - Sync 4 DAGs
[2024-09-17T20:40:36.668+0000] {logging_mixin.py:190} INFO - [2024-09-17T20:40:36.667+0000] {dag.py:4156} INFO - Setting next_dagrun for dataset_alias_example_alias_consumer_with_no_taskflow to None, run_after=None
[2024-09-17T20:40:36.673+0000] {logging_mixin.py:190} INFO - [2024-09-17T20:40:36.673+0000] {dag.py:4156} INFO - Setting next_dagrun for dataset_alias_example_alias_producer_with_no_taskflow to None, run_after=None
[2024-09-17T20:40:36.676+0000] {logging_mixin.py:190} INFO - [2024-09-17T20:40:36.676+0000] {dag.py:4156} INFO - Setting next_dagrun for dataset_s3_bucket_consumer_with_no_taskflow to None, run_after=None
[2024-09-17T20:40:36.679+0000] {logging_mixin.py:190} INFO - [2024-09-17T20:40:36.678+0000] {dag.py:4156} INFO - Setting next_dagrun for dataset_s3_bucket_producer_with_no_taskflow to None, run_after=None
[2024-09-17T20:40:36.717+0000] {processor.py:208} INFO - Processing /home/airflow/.local/lib/python3.12/site-packages/airflow/example_dags/example_dataset_alias_with_no_taskflow.py took 0.347 seconds
[2024-09-17T20:41:06.918+0000] {processor.py:186} INFO - Started process (PID=251) to work on /home/airflow/.local/lib/python3.12/site-packages/airflow/example_dags/example_dataset_alias_with_no_taskflow.py
[2024-09-17T20:41:06.921+0000] {processor.py:914} INFO - Processing file /home/airflow/.local/lib/python3.12/site-packages/airflow/example_dags/example_dataset_alias_with_no_taskflow.py for tasks to queue
[2024-09-17T20:41:06.926+0000] {logging_mixin.py:190} INFO - [2024-09-17T20:41:06.924+0000] {dagbag.py:587} INFO - Filling up the DagBag from /home/airflow/.local/lib/python3.12/site-packages/airflow/example_dags/example_dataset_alias_with_no_taskflow.py
[2024-09-17T20:41:07.352+0000] {processor.py:925} INFO - DAG(s) 'dataset_s3_bucket_consumer_with_no_taskflow', 'dataset_alias_example_alias_producer_with_no_taskflow', 'dataset_alias_example_alias_consumer_with_no_taskflow', 'dataset_s3_bucket_producer_with_no_taskflow' retrieved from /home/airflow/.local/lib/python3.12/site-packages/airflow/example_dags/example_dataset_alias_with_no_taskflow.py
[2024-09-17T20:41:07.400+0000] {logging_mixin.py:190} INFO - [2024-09-17T20:41:07.400+0000] {dag.py:3229} INFO - Sync 4 DAGs
[2024-09-17T20:41:07.454+0000] {logging_mixin.py:190} INFO - [2024-09-17T20:41:07.453+0000] {dag.py:4156} INFO - Setting next_dagrun for dataset_alias_example_alias_consumer_with_no_taskflow to None, run_after=None
[2024-09-17T20:41:07.459+0000] {logging_mixin.py:190} INFO - [2024-09-17T20:41:07.459+0000] {dag.py:4156} INFO - Setting next_dagrun for dataset_alias_example_alias_producer_with_no_taskflow to None, run_after=None
[2024-09-17T20:41:07.462+0000] {logging_mixin.py:190} INFO - [2024-09-17T20:41:07.461+0000] {dag.py:4156} INFO - Setting next_dagrun for dataset_s3_bucket_consumer_with_no_taskflow to None, run_after=None
[2024-09-17T20:41:07.465+0000] {logging_mixin.py:190} INFO - [2024-09-17T20:41:07.464+0000] {dag.py:4156} INFO - Setting next_dagrun for dataset_s3_bucket_producer_with_no_taskflow to None, run_after=None
[2024-09-17T20:41:07.527+0000] {processor.py:208} INFO - Processing /home/airflow/.local/lib/python3.12/site-packages/airflow/example_dags/example_dataset_alias_with_no_taskflow.py took 0.634 seconds
