[2024-09-17T20:40:07.154+0000] {processor.py:186} INFO - Started process (PID=128) to work on /home/airflow/.local/lib/python3.12/site-packages/airflow/example_dags/example_task_group.py
[2024-09-17T20:40:07.155+0000] {processor.py:914} INFO - Processing file /home/airflow/.local/lib/python3.12/site-packages/airflow/example_dags/example_task_group.py for tasks to queue
[2024-09-17T20:40:07.160+0000] {logging_mixin.py:190} INFO - [2024-09-17T20:40:07.159+0000] {dagbag.py:587} INFO - Filling up the DagBag from /home/airflow/.local/lib/python3.12/site-packages/airflow/example_dags/example_task_group.py
[2024-09-17T20:40:07.190+0000] {processor.py:925} INFO - DAG(s) 'example_task_group' retrieved from /home/airflow/.local/lib/python3.12/site-packages/airflow/example_dags/example_task_group.py
[2024-09-17T20:40:07.489+0000] {logging_mixin.py:190} INFO - [2024-09-17T20:40:07.483+0000] {override.py:1900} INFO - Created Permission View: menu access on DAG Run:example_task_group
[2024-09-17T20:40:07.511+0000] {logging_mixin.py:190} INFO - [2024-09-17T20:40:07.510+0000] {override.py:1900} INFO - Created Permission View: can delete on DAG Run:example_task_group
[2024-09-17T20:40:07.534+0000] {logging_mixin.py:190} INFO - [2024-09-17T20:40:07.533+0000] {override.py:1900} INFO - Created Permission View: can read on DAG Run:example_task_group
[2024-09-17T20:40:07.564+0000] {logging_mixin.py:190} INFO - [2024-09-17T20:40:07.563+0000] {override.py:1900} INFO - Created Permission View: can create on DAG Run:example_task_group
[2024-09-17T20:40:07.566+0000] {logging_mixin.py:190} INFO - [2024-09-17T20:40:07.565+0000] {dag.py:3229} INFO - Sync 1 DAGs
[2024-09-17T20:40:07.616+0000] {logging_mixin.py:190} INFO - [2024-09-17T20:40:07.616+0000] {dag.py:4156} INFO - Setting next_dagrun for example_task_group to None, run_after=None
[2024-09-17T20:40:07.696+0000] {processor.py:208} INFO - Processing /home/airflow/.local/lib/python3.12/site-packages/airflow/example_dags/example_task_group.py took 0.579 seconds
[2024-09-17T20:40:38.598+0000] {processor.py:186} INFO - Started process (PID=192) to work on /home/airflow/.local/lib/python3.12/site-packages/airflow/example_dags/example_task_group.py
[2024-09-17T20:40:38.599+0000] {processor.py:914} INFO - Processing file /home/airflow/.local/lib/python3.12/site-packages/airflow/example_dags/example_task_group.py for tasks to queue
[2024-09-17T20:40:38.601+0000] {logging_mixin.py:190} INFO - [2024-09-17T20:40:38.600+0000] {dagbag.py:587} INFO - Filling up the DagBag from /home/airflow/.local/lib/python3.12/site-packages/airflow/example_dags/example_task_group.py
[2024-09-17T20:40:38.615+0000] {processor.py:925} INFO - DAG(s) 'example_task_group' retrieved from /home/airflow/.local/lib/python3.12/site-packages/airflow/example_dags/example_task_group.py
[2024-09-17T20:40:38.649+0000] {logging_mixin.py:190} INFO - [2024-09-17T20:40:38.649+0000] {dag.py:3229} INFO - Sync 1 DAGs
[2024-09-17T20:40:38.674+0000] {logging_mixin.py:190} INFO - [2024-09-17T20:40:38.674+0000] {dag.py:4156} INFO - Setting next_dagrun for example_task_group to None, run_after=None
[2024-09-17T20:40:38.701+0000] {processor.py:208} INFO - Processing /home/airflow/.local/lib/python3.12/site-packages/airflow/example_dags/example_task_group.py took 0.111 seconds
[2024-09-17T20:41:09.122+0000] {processor.py:186} INFO - Started process (PID=255) to work on /home/airflow/.local/lib/python3.12/site-packages/airflow/example_dags/example_task_group.py
[2024-09-17T20:41:09.124+0000] {processor.py:914} INFO - Processing file /home/airflow/.local/lib/python3.12/site-packages/airflow/example_dags/example_task_group.py for tasks to queue
[2024-09-17T20:41:09.128+0000] {logging_mixin.py:190} INFO - [2024-09-17T20:41:09.127+0000] {dagbag.py:587} INFO - Filling up the DagBag from /home/airflow/.local/lib/python3.12/site-packages/airflow/example_dags/example_task_group.py
[2024-09-17T20:41:09.183+0000] {processor.py:925} INFO - DAG(s) 'example_task_group' retrieved from /home/airflow/.local/lib/python3.12/site-packages/airflow/example_dags/example_task_group.py
[2024-09-17T20:41:09.253+0000] {logging_mixin.py:190} INFO - [2024-09-17T20:41:09.253+0000] {dag.py:3229} INFO - Sync 1 DAGs
[2024-09-17T20:41:09.293+0000] {logging_mixin.py:190} INFO - [2024-09-17T20:41:09.292+0000] {dag.py:4156} INFO - Setting next_dagrun for example_task_group to None, run_after=None
[2024-09-17T20:41:09.365+0000] {processor.py:208} INFO - Processing /home/airflow/.local/lib/python3.12/site-packages/airflow/example_dags/example_task_group.py took 0.268 seconds
