[2024-09-17T20:40:09.239+0000] {processor.py:186} INFO - Started process (PID=141) to work on /home/airflow/.local/lib/python3.12/site-packages/airflow/example_dags/example_datasets.py
[2024-09-17T20:40:09.241+0000] {processor.py:914} INFO - Processing file /home/airflow/.local/lib/python3.12/site-packages/airflow/example_dags/example_datasets.py for tasks to queue
[2024-09-17T20:40:09.245+0000] {logging_mixin.py:190} INFO - [2024-09-17T20:40:09.244+0000] {dagbag.py:587} INFO - Filling up the DagBag from /home/airflow/.local/lib/python3.12/site-packages/airflow/example_dags/example_datasets.py
[2024-09-17T20:40:09.740+0000] {processor.py:925} INFO - DAG(s) 'consume_1_and_2_with_dataset_expressions', 'dataset_consumes_unknown_never_scheduled', 'dataset_consumes_1', 'dataset_produces_2', 'consume_1_or_2_with_dataset_expressions', 'dataset_consumes_1_never_scheduled', 'consume_1_or_both_2_and_3_with_dataset_expressions', 'dataset_produces_1', 'dataset_consumes_1_and_2', 'conditional_dataset_and_time_based_timetable' retrieved from /home/airflow/.local/lib/python3.12/site-packages/airflow/example_dags/example_datasets.py
[2024-09-17T20:40:10.069+0000] {logging_mixin.py:190} INFO - [2024-09-17T20:40:10.066+0000] {override.py:1900} INFO - Created Permission View: menu access on DAG Run:consume_1_and_2_with_dataset_expressions
[2024-09-17T20:40:10.099+0000] {logging_mixin.py:190} INFO - [2024-09-17T20:40:10.098+0000] {override.py:1900} INFO - Created Permission View: can delete on DAG Run:consume_1_and_2_with_dataset_expressions
[2024-09-17T20:40:10.121+0000] {logging_mixin.py:190} INFO - [2024-09-17T20:40:10.119+0000] {override.py:1900} INFO - Created Permission View: can read on DAG Run:consume_1_and_2_with_dataset_expressions
[2024-09-17T20:40:10.140+0000] {logging_mixin.py:190} INFO - [2024-09-17T20:40:10.139+0000] {override.py:1900} INFO - Created Permission View: can create on DAG Run:consume_1_and_2_with_dataset_expressions
[2024-09-17T20:40:10.201+0000] {logging_mixin.py:190} INFO - [2024-09-17T20:40:10.201+0000] {override.py:1900} INFO - Created Permission View: menu access on DAG Run:dataset_consumes_unknown_never_scheduled
[2024-09-17T20:40:10.215+0000] {logging_mixin.py:190} INFO - [2024-09-17T20:40:10.214+0000] {override.py:1900} INFO - Created Permission View: can delete on DAG Run:dataset_consumes_unknown_never_scheduled
[2024-09-17T20:40:10.229+0000] {logging_mixin.py:190} INFO - [2024-09-17T20:40:10.229+0000] {override.py:1900} INFO - Created Permission View: can read on DAG Run:dataset_consumes_unknown_never_scheduled
[2024-09-17T20:40:10.243+0000] {logging_mixin.py:190} INFO - [2024-09-17T20:40:10.242+0000] {override.py:1900} INFO - Created Permission View: can create on DAG Run:dataset_consumes_unknown_never_scheduled
[2024-09-17T20:40:10.289+0000] {logging_mixin.py:190} INFO - [2024-09-17T20:40:10.288+0000] {override.py:1900} INFO - Created Permission View: menu access on DAG Run:dataset_consumes_1
[2024-09-17T20:40:10.304+0000] {logging_mixin.py:190} INFO - [2024-09-17T20:40:10.304+0000] {override.py:1900} INFO - Created Permission View: can delete on DAG Run:dataset_consumes_1
[2024-09-17T20:40:10.317+0000] {logging_mixin.py:190} INFO - [2024-09-17T20:40:10.316+0000] {override.py:1900} INFO - Created Permission View: can read on DAG Run:dataset_consumes_1
[2024-09-17T20:40:10.330+0000] {logging_mixin.py:190} INFO - [2024-09-17T20:40:10.330+0000] {override.py:1900} INFO - Created Permission View: can create on DAG Run:dataset_consumes_1
[2024-09-17T20:40:10.367+0000] {logging_mixin.py:190} INFO - [2024-09-17T20:40:10.367+0000] {override.py:1900} INFO - Created Permission View: menu access on DAG Run:dataset_produces_2
[2024-09-17T20:40:10.381+0000] {logging_mixin.py:190} INFO - [2024-09-17T20:40:10.381+0000] {override.py:1900} INFO - Created Permission View: can delete on DAG Run:dataset_produces_2
[2024-09-17T20:40:10.397+0000] {logging_mixin.py:190} INFO - [2024-09-17T20:40:10.397+0000] {override.py:1900} INFO - Created Permission View: can read on DAG Run:dataset_produces_2
[2024-09-17T20:40:10.412+0000] {logging_mixin.py:190} INFO - [2024-09-17T20:40:10.411+0000] {override.py:1900} INFO - Created Permission View: can create on DAG Run:dataset_produces_2
[2024-09-17T20:40:10.481+0000] {logging_mixin.py:190} INFO - [2024-09-17T20:40:10.480+0000] {override.py:1900} INFO - Created Permission View: menu access on DAG Run:consume_1_or_2_with_dataset_expressions
[2024-09-17T20:40:10.495+0000] {logging_mixin.py:190} INFO - [2024-09-17T20:40:10.494+0000] {override.py:1900} INFO - Created Permission View: can delete on DAG Run:consume_1_or_2_with_dataset_expressions
[2024-09-17T20:40:10.511+0000] {logging_mixin.py:190} INFO - [2024-09-17T20:40:10.510+0000] {override.py:1900} INFO - Created Permission View: can read on DAG Run:consume_1_or_2_with_dataset_expressions
[2024-09-17T20:40:10.522+0000] {logging_mixin.py:190} INFO - [2024-09-17T20:40:10.521+0000] {override.py:1900} INFO - Created Permission View: can create on DAG Run:consume_1_or_2_with_dataset_expressions
[2024-09-17T20:40:10.563+0000] {logging_mixin.py:190} INFO - [2024-09-17T20:40:10.562+0000] {override.py:1900} INFO - Created Permission View: menu access on DAG Run:dataset_consumes_1_never_scheduled
[2024-09-17T20:40:10.577+0000] {logging_mixin.py:190} INFO - [2024-09-17T20:40:10.577+0000] {override.py:1900} INFO - Created Permission View: can delete on DAG Run:dataset_consumes_1_never_scheduled
[2024-09-17T20:40:10.594+0000] {logging_mixin.py:190} INFO - [2024-09-17T20:40:10.594+0000] {override.py:1900} INFO - Created Permission View: can read on DAG Run:dataset_consumes_1_never_scheduled
[2024-09-17T20:40:10.613+0000] {logging_mixin.py:190} INFO - [2024-09-17T20:40:10.612+0000] {override.py:1900} INFO - Created Permission View: can create on DAG Run:dataset_consumes_1_never_scheduled
[2024-09-17T20:40:10.663+0000] {logging_mixin.py:190} INFO - [2024-09-17T20:40:10.662+0000] {override.py:1900} INFO - Created Permission View: menu access on DAG Run:consume_1_or_both_2_and_3_with_dataset_expressions
[2024-09-17T20:40:10.682+0000] {logging_mixin.py:190} INFO - [2024-09-17T20:40:10.682+0000] {override.py:1900} INFO - Created Permission View: can delete on DAG Run:consume_1_or_both_2_and_3_with_dataset_expressions
[2024-09-17T20:40:10.694+0000] {logging_mixin.py:190} INFO - [2024-09-17T20:40:10.694+0000] {override.py:1900} INFO - Created Permission View: can read on DAG Run:consume_1_or_both_2_and_3_with_dataset_expressions
[2024-09-17T20:40:10.708+0000] {logging_mixin.py:190} INFO - [2024-09-17T20:40:10.707+0000] {override.py:1900} INFO - Created Permission View: can create on DAG Run:consume_1_or_both_2_and_3_with_dataset_expressions
[2024-09-17T20:40:10.751+0000] {logging_mixin.py:190} INFO - [2024-09-17T20:40:10.750+0000] {override.py:1900} INFO - Created Permission View: menu access on DAG Run:dataset_produces_1
[2024-09-17T20:40:10.764+0000] {logging_mixin.py:190} INFO - [2024-09-17T20:40:10.763+0000] {override.py:1900} INFO - Created Permission View: can delete on DAG Run:dataset_produces_1
[2024-09-17T20:40:10.778+0000] {logging_mixin.py:190} INFO - [2024-09-17T20:40:10.778+0000] {override.py:1900} INFO - Created Permission View: can read on DAG Run:dataset_produces_1
[2024-09-17T20:40:10.790+0000] {logging_mixin.py:190} INFO - [2024-09-17T20:40:10.789+0000] {override.py:1900} INFO - Created Permission View: can create on DAG Run:dataset_produces_1
[2024-09-17T20:40:10.845+0000] {logging_mixin.py:190} INFO - [2024-09-17T20:40:10.844+0000] {override.py:1900} INFO - Created Permission View: menu access on DAG Run:dataset_consumes_1_and_2
[2024-09-17T20:40:10.859+0000] {logging_mixin.py:190} INFO - [2024-09-17T20:40:10.859+0000] {override.py:1900} INFO - Created Permission View: can delete on DAG Run:dataset_consumes_1_and_2
[2024-09-17T20:40:10.877+0000] {logging_mixin.py:190} INFO - [2024-09-17T20:40:10.877+0000] {override.py:1900} INFO - Created Permission View: can read on DAG Run:dataset_consumes_1_and_2
[2024-09-17T20:40:10.901+0000] {logging_mixin.py:190} INFO - [2024-09-17T20:40:10.900+0000] {override.py:1900} INFO - Created Permission View: can create on DAG Run:dataset_consumes_1_and_2
[2024-09-17T20:40:10.972+0000] {logging_mixin.py:190} INFO - [2024-09-17T20:40:10.972+0000] {override.py:1900} INFO - Created Permission View: menu access on DAG Run:conditional_dataset_and_time_based_timetable
[2024-09-17T20:40:11.003+0000] {logging_mixin.py:190} INFO - [2024-09-17T20:40:11.002+0000] {override.py:1900} INFO - Created Permission View: can delete on DAG Run:conditional_dataset_and_time_based_timetable
[2024-09-17T20:40:11.018+0000] {logging_mixin.py:190} INFO - [2024-09-17T20:40:11.018+0000] {override.py:1900} INFO - Created Permission View: can read on DAG Run:conditional_dataset_and_time_based_timetable
[2024-09-17T20:40:11.037+0000] {logging_mixin.py:190} INFO - [2024-09-17T20:40:11.037+0000] {override.py:1900} INFO - Created Permission View: can create on DAG Run:conditional_dataset_and_time_based_timetable
[2024-09-17T20:40:11.039+0000] {logging_mixin.py:190} INFO - [2024-09-17T20:40:11.039+0000] {dag.py:3229} INFO - Sync 10 DAGs
[2024-09-17T20:40:11.107+0000] {logging_mixin.py:190} INFO - [2024-09-17T20:40:11.107+0000] {dag.py:4156} INFO - Setting next_dagrun for conditional_dataset_and_time_based_timetable to 2024-09-11 01:00:00+00:00, run_after=2024-09-11 01:00:00+00:00
[2024-09-17T20:40:11.114+0000] {logging_mixin.py:190} INFO - [2024-09-17T20:40:11.113+0000] {dag.py:4156} INFO - Setting next_dagrun for consume_1_and_2_with_dataset_expressions to None, run_after=None
[2024-09-17T20:40:11.117+0000] {logging_mixin.py:190} INFO - [2024-09-17T20:40:11.117+0000] {dag.py:4156} INFO - Setting next_dagrun for consume_1_or_2_with_dataset_expressions to None, run_after=None
[2024-09-17T20:40:11.120+0000] {logging_mixin.py:190} INFO - [2024-09-17T20:40:11.120+0000] {dag.py:4156} INFO - Setting next_dagrun for consume_1_or_both_2_and_3_with_dataset_expressions to None, run_after=None
[2024-09-17T20:40:11.123+0000] {logging_mixin.py:190} INFO - [2024-09-17T20:40:11.122+0000] {dag.py:4156} INFO - Setting next_dagrun for dataset_consumes_1 to None, run_after=None
[2024-09-17T20:40:11.127+0000] {logging_mixin.py:190} INFO - [2024-09-17T20:40:11.125+0000] {dag.py:4156} INFO - Setting next_dagrun for dataset_consumes_1_and_2 to None, run_after=None
[2024-09-17T20:40:11.130+0000] {logging_mixin.py:190} INFO - [2024-09-17T20:40:11.130+0000] {dag.py:4156} INFO - Setting next_dagrun for dataset_consumes_1_never_scheduled to None, run_after=None
[2024-09-17T20:40:11.134+0000] {logging_mixin.py:190} INFO - [2024-09-17T20:40:11.133+0000] {dag.py:4156} INFO - Setting next_dagrun for dataset_consumes_unknown_never_scheduled to None, run_after=None
[2024-09-17T20:40:11.140+0000] {logging_mixin.py:190} INFO - [2024-09-17T20:40:11.139+0000] {dag.py:4156} INFO - Setting next_dagrun for dataset_produces_1 to 2024-09-16 00:00:00+00:00, run_after=2024-09-17 00:00:00+00:00
[2024-09-17T20:40:11.143+0000] {logging_mixin.py:190} INFO - [2024-09-17T20:40:11.143+0000] {dag.py:4156} INFO - Setting next_dagrun for dataset_produces_2 to None, run_after=None
[2024-09-17T20:40:11.223+0000] {processor.py:208} INFO - Processing /home/airflow/.local/lib/python3.12/site-packages/airflow/example_dags/example_datasets.py took 1.999 seconds
[2024-09-17T20:40:42.234+0000] {processor.py:186} INFO - Started process (PID=206) to work on /home/airflow/.local/lib/python3.12/site-packages/airflow/example_dags/example_datasets.py
[2024-09-17T20:40:42.235+0000] {processor.py:914} INFO - Processing file /home/airflow/.local/lib/python3.12/site-packages/airflow/example_dags/example_datasets.py for tasks to queue
[2024-09-17T20:40:42.238+0000] {logging_mixin.py:190} INFO - [2024-09-17T20:40:42.237+0000] {dagbag.py:587} INFO - Filling up the DagBag from /home/airflow/.local/lib/python3.12/site-packages/airflow/example_dags/example_datasets.py
[2024-09-17T20:40:42.456+0000] {processor.py:925} INFO - DAG(s) 'dataset_consumes_1_never_scheduled', 'dataset_consumes_unknown_never_scheduled', 'dataset_produces_1', 'dataset_produces_2', 'consume_1_and_2_with_dataset_expressions', 'consume_1_or_both_2_and_3_with_dataset_expressions', 'consume_1_or_2_with_dataset_expressions', 'conditional_dataset_and_time_based_timetable', 'dataset_consumes_1_and_2', 'dataset_consumes_1' retrieved from /home/airflow/.local/lib/python3.12/site-packages/airflow/example_dags/example_datasets.py
[2024-09-17T20:40:42.519+0000] {logging_mixin.py:190} INFO - [2024-09-17T20:40:42.518+0000] {dag.py:3229} INFO - Sync 10 DAGs
[2024-09-17T20:40:42.566+0000] {logging_mixin.py:190} INFO - [2024-09-17T20:40:42.566+0000] {dag.py:4156} INFO - Setting next_dagrun for conditional_dataset_and_time_based_timetable to 2024-09-11 01:00:00+00:00, run_after=2024-09-11 01:00:00+00:00
[2024-09-17T20:40:42.575+0000] {logging_mixin.py:190} INFO - [2024-09-17T20:40:42.575+0000] {dag.py:4156} INFO - Setting next_dagrun for consume_1_and_2_with_dataset_expressions to None, run_after=None
[2024-09-17T20:40:42.577+0000] {logging_mixin.py:190} INFO - [2024-09-17T20:40:42.577+0000] {dag.py:4156} INFO - Setting next_dagrun for consume_1_or_2_with_dataset_expressions to None, run_after=None
[2024-09-17T20:40:42.579+0000] {logging_mixin.py:190} INFO - [2024-09-17T20:40:42.579+0000] {dag.py:4156} INFO - Setting next_dagrun for consume_1_or_both_2_and_3_with_dataset_expressions to None, run_after=None
[2024-09-17T20:40:42.581+0000] {logging_mixin.py:190} INFO - [2024-09-17T20:40:42.581+0000] {dag.py:4156} INFO - Setting next_dagrun for dataset_consumes_1 to None, run_after=None
[2024-09-17T20:40:42.584+0000] {logging_mixin.py:190} INFO - [2024-09-17T20:40:42.584+0000] {dag.py:4156} INFO - Setting next_dagrun for dataset_consumes_1_and_2 to None, run_after=None
[2024-09-17T20:40:42.588+0000] {logging_mixin.py:190} INFO - [2024-09-17T20:40:42.587+0000] {dag.py:4156} INFO - Setting next_dagrun for dataset_consumes_1_never_scheduled to None, run_after=None
[2024-09-17T20:40:42.590+0000] {logging_mixin.py:190} INFO - [2024-09-17T20:40:42.590+0000] {dag.py:4156} INFO - Setting next_dagrun for dataset_consumes_unknown_never_scheduled to None, run_after=None
[2024-09-17T20:40:42.596+0000] {logging_mixin.py:190} INFO - [2024-09-17T20:40:42.596+0000] {dag.py:4156} INFO - Setting next_dagrun for dataset_produces_1 to 2024-09-16 00:00:00+00:00, run_after=2024-09-17 00:00:00+00:00
[2024-09-17T20:40:42.600+0000] {logging_mixin.py:190} INFO - [2024-09-17T20:40:42.599+0000] {dag.py:4156} INFO - Setting next_dagrun for dataset_produces_2 to None, run_after=None
[2024-09-17T20:40:42.664+0000] {processor.py:208} INFO - Processing /home/airflow/.local/lib/python3.12/site-packages/airflow/example_dags/example_datasets.py took 0.437 seconds
[2024-09-17T20:41:12.790+0000] {processor.py:186} INFO - Started process (PID=270) to work on /home/airflow/.local/lib/python3.12/site-packages/airflow/example_dags/example_datasets.py
[2024-09-17T20:41:12.791+0000] {processor.py:914} INFO - Processing file /home/airflow/.local/lib/python3.12/site-packages/airflow/example_dags/example_datasets.py for tasks to queue
[2024-09-17T20:41:12.794+0000] {logging_mixin.py:190} INFO - [2024-09-17T20:41:12.793+0000] {dagbag.py:587} INFO - Filling up the DagBag from /home/airflow/.local/lib/python3.12/site-packages/airflow/example_dags/example_datasets.py
[2024-09-17T20:41:13.307+0000] {processor.py:925} INFO - DAG(s) 'dataset_consumes_unknown_never_scheduled', 'conditional_dataset_and_time_based_timetable', 'dataset_consumes_1', 'dataset_consumes_1_never_scheduled', 'consume_1_and_2_with_dataset_expressions', 'dataset_consumes_1_and_2', 'consume_1_or_both_2_and_3_with_dataset_expressions', 'dataset_produces_1', 'consume_1_or_2_with_dataset_expressions', 'dataset_produces_2' retrieved from /home/airflow/.local/lib/python3.12/site-packages/airflow/example_dags/example_datasets.py
[2024-09-17T20:41:13.570+0000] {logging_mixin.py:190} INFO - [2024-09-17T20:41:13.570+0000] {dag.py:3229} INFO - Sync 10 DAGs
[2024-09-17T20:41:13.684+0000] {logging_mixin.py:190} INFO - [2024-09-17T20:41:13.683+0000] {dag.py:4156} INFO - Setting next_dagrun for conditional_dataset_and_time_based_timetable to 2024-09-11 01:00:00+00:00, run_after=2024-09-11 01:00:00+00:00
[2024-09-17T20:41:13.699+0000] {logging_mixin.py:190} INFO - [2024-09-17T20:41:13.698+0000] {dag.py:4156} INFO - Setting next_dagrun for consume_1_and_2_with_dataset_expressions to None, run_after=None
[2024-09-17T20:41:13.707+0000] {logging_mixin.py:190} INFO - [2024-09-17T20:41:13.707+0000] {dag.py:4156} INFO - Setting next_dagrun for consume_1_or_2_with_dataset_expressions to None, run_after=None
[2024-09-17T20:41:13.717+0000] {logging_mixin.py:190} INFO - [2024-09-17T20:41:13.717+0000] {dag.py:4156} INFO - Setting next_dagrun for consume_1_or_both_2_and_3_with_dataset_expressions to None, run_after=None
[2024-09-17T20:41:13.733+0000] {logging_mixin.py:190} INFO - [2024-09-17T20:41:13.730+0000] {dag.py:4156} INFO - Setting next_dagrun for dataset_consumes_1 to None, run_after=None
[2024-09-17T20:41:13.740+0000] {logging_mixin.py:190} INFO - [2024-09-17T20:41:13.740+0000] {dag.py:4156} INFO - Setting next_dagrun for dataset_consumes_1_and_2 to None, run_after=None
[2024-09-17T20:41:13.747+0000] {logging_mixin.py:190} INFO - [2024-09-17T20:41:13.746+0000] {dag.py:4156} INFO - Setting next_dagrun for dataset_consumes_1_never_scheduled to None, run_after=None
[2024-09-17T20:41:13.758+0000] {logging_mixin.py:190} INFO - [2024-09-17T20:41:13.757+0000] {dag.py:4156} INFO - Setting next_dagrun for dataset_consumes_unknown_never_scheduled to None, run_after=None
[2024-09-17T20:41:13.774+0000] {logging_mixin.py:190} INFO - [2024-09-17T20:41:13.771+0000] {dag.py:4156} INFO - Setting next_dagrun for dataset_produces_1 to 2024-09-16 00:00:00+00:00, run_after=2024-09-17 00:00:00+00:00
[2024-09-17T20:41:13.780+0000] {logging_mixin.py:190} INFO - [2024-09-17T20:41:13.779+0000] {dag.py:4156} INFO - Setting next_dagrun for dataset_produces_2 to None, run_after=None
[2024-09-17T20:41:13.958+0000] {processor.py:208} INFO - Processing /home/airflow/.local/lib/python3.12/site-packages/airflow/example_dags/example_datasets.py took 1.189 seconds
