[2024-09-17T20:39:44.636+0000] {processor.py:186} INFO - Started process (PID=87) to work on /home/airflow/.local/lib/python3.12/site-packages/airflow/example_dags/example_dag_decorator.py
[2024-09-17T20:39:44.641+0000] {processor.py:914} INFO - Processing file /home/airflow/.local/lib/python3.12/site-packages/airflow/example_dags/example_dag_decorator.py for tasks to queue
[2024-09-17T20:39:44.649+0000] {logging_mixin.py:190} INFO - [2024-09-17T20:39:44.644+0000] {dagbag.py:587} INFO - Filling up the DagBag from /home/airflow/.local/lib/python3.12/site-packages/airflow/example_dags/example_dag_decorator.py
[2024-09-17T20:39:44.789+0000] {processor.py:925} INFO - DAG(s) 'example_dag_decorator' retrieved from /home/airflow/.local/lib/python3.12/site-packages/airflow/example_dags/example_dag_decorator.py
[2024-09-17T20:39:45.495+0000] {logging_mixin.py:190} INFO - [2024-09-17T20:39:45.487+0000] {override.py:1900} INFO - Created Permission View: menu access on DAG Run:example_dag_decorator
[2024-09-17T20:39:45.517+0000] {logging_mixin.py:190} INFO - [2024-09-17T20:39:45.516+0000] {override.py:1900} INFO - Created Permission View: can delete on DAG Run:example_dag_decorator
[2024-09-17T20:39:45.548+0000] {logging_mixin.py:190} INFO - [2024-09-17T20:39:45.545+0000] {override.py:1900} INFO - Created Permission View: can read on DAG Run:example_dag_decorator
[2024-09-17T20:39:45.576+0000] {logging_mixin.py:190} INFO - [2024-09-17T20:39:45.576+0000] {override.py:1900} INFO - Created Permission View: can create on DAG Run:example_dag_decorator
[2024-09-17T20:39:45.578+0000] {logging_mixin.py:190} INFO - [2024-09-17T20:39:45.578+0000] {dag.py:3229} INFO - Sync 1 DAGs
[2024-09-17T20:39:45.649+0000] {logging_mixin.py:190} INFO - [2024-09-17T20:39:45.647+0000] {dag.py:4156} INFO - Setting next_dagrun for example_dag_decorator to None, run_after=None
[2024-09-17T20:39:45.739+0000] {processor.py:208} INFO - Processing /home/airflow/.local/lib/python3.12/site-packages/airflow/example_dags/example_dag_decorator.py took 1.143 seconds
[2024-09-17T20:40:15.870+0000] {processor.py:186} INFO - Started process (PID=154) to work on /home/airflow/.local/lib/python3.12/site-packages/airflow/example_dags/example_dag_decorator.py
[2024-09-17T20:40:15.871+0000] {processor.py:914} INFO - Processing file /home/airflow/.local/lib/python3.12/site-packages/airflow/example_dags/example_dag_decorator.py for tasks to queue
[2024-09-17T20:40:15.874+0000] {logging_mixin.py:190} INFO - [2024-09-17T20:40:15.873+0000] {dagbag.py:587} INFO - Filling up the DagBag from /home/airflow/.local/lib/python3.12/site-packages/airflow/example_dags/example_dag_decorator.py
[2024-09-17T20:40:15.910+0000] {processor.py:925} INFO - DAG(s) 'example_dag_decorator' retrieved from /home/airflow/.local/lib/python3.12/site-packages/airflow/example_dags/example_dag_decorator.py
[2024-09-17T20:40:16.197+0000] {logging_mixin.py:190} INFO - [2024-09-17T20:40:16.196+0000] {dag.py:3229} INFO - Sync 1 DAGs
[2024-09-17T20:40:16.239+0000] {logging_mixin.py:190} INFO - [2024-09-17T20:40:16.238+0000] {dag.py:4156} INFO - Setting next_dagrun for example_dag_decorator to None, run_after=None
[2024-09-17T20:40:16.281+0000] {processor.py:208} INFO - Processing /home/airflow/.local/lib/python3.12/site-packages/airflow/example_dags/example_dag_decorator.py took 0.429 seconds
[2024-09-17T20:40:47.113+0000] {processor.py:186} INFO - Started process (PID=218) to work on /home/airflow/.local/lib/python3.12/site-packages/airflow/example_dags/example_dag_decorator.py
[2024-09-17T20:40:47.114+0000] {processor.py:914} INFO - Processing file /home/airflow/.local/lib/python3.12/site-packages/airflow/example_dags/example_dag_decorator.py for tasks to queue
[2024-09-17T20:40:47.116+0000] {logging_mixin.py:190} INFO - [2024-09-17T20:40:47.115+0000] {dagbag.py:587} INFO - Filling up the DagBag from /home/airflow/.local/lib/python3.12/site-packages/airflow/example_dags/example_dag_decorator.py
[2024-09-17T20:40:47.131+0000] {processor.py:925} INFO - DAG(s) 'example_dag_decorator' retrieved from /home/airflow/.local/lib/python3.12/site-packages/airflow/example_dags/example_dag_decorator.py
[2024-09-17T20:40:47.342+0000] {logging_mixin.py:190} INFO - [2024-09-17T20:40:47.342+0000] {dag.py:3229} INFO - Sync 1 DAGs
[2024-09-17T20:40:47.359+0000] {logging_mixin.py:190} INFO - [2024-09-17T20:40:47.359+0000] {dag.py:4156} INFO - Setting next_dagrun for example_dag_decorator to None, run_after=None
[2024-09-17T20:40:47.382+0000] {processor.py:208} INFO - Processing /home/airflow/.local/lib/python3.12/site-packages/airflow/example_dags/example_dag_decorator.py took 0.279 seconds
[2024-09-17T20:41:17.499+0000] {processor.py:186} INFO - Started process (PID=281) to work on /home/airflow/.local/lib/python3.12/site-packages/airflow/example_dags/example_dag_decorator.py
[2024-09-17T20:41:17.500+0000] {processor.py:914} INFO - Processing file /home/airflow/.local/lib/python3.12/site-packages/airflow/example_dags/example_dag_decorator.py for tasks to queue
[2024-09-17T20:41:17.503+0000] {logging_mixin.py:190} INFO - [2024-09-17T20:41:17.503+0000] {dagbag.py:587} INFO - Filling up the DagBag from /home/airflow/.local/lib/python3.12/site-packages/airflow/example_dags/example_dag_decorator.py
[2024-09-17T20:41:17.527+0000] {processor.py:925} INFO - DAG(s) 'example_dag_decorator' retrieved from /home/airflow/.local/lib/python3.12/site-packages/airflow/example_dags/example_dag_decorator.py
[2024-09-17T20:41:17.807+0000] {logging_mixin.py:190} INFO - [2024-09-17T20:41:17.807+0000] {dag.py:3229} INFO - Sync 1 DAGs
[2024-09-17T20:41:17.826+0000] {logging_mixin.py:190} INFO - [2024-09-17T20:41:17.826+0000] {dag.py:4156} INFO - Setting next_dagrun for example_dag_decorator to None, run_after=None
[2024-09-17T20:41:17.853+0000] {processor.py:208} INFO - Processing /home/airflow/.local/lib/python3.12/site-packages/airflow/example_dags/example_dag_decorator.py took 0.367 seconds
