[2024-09-17T20:39:46.540+0000] {processor.py:186} INFO - Started process (PID=94) to work on /home/airflow/.local/lib/python3.12/site-packages/airflow/example_dags/example_trigger_target_dag.py
[2024-09-17T20:39:46.544+0000] {processor.py:914} INFO - Processing file /home/airflow/.local/lib/python3.12/site-packages/airflow/example_dags/example_trigger_target_dag.py for tasks to queue
[2024-09-17T20:39:46.551+0000] {logging_mixin.py:190} INFO - [2024-09-17T20:39:46.549+0000] {dagbag.py:587} INFO - Filling up the DagBag from /home/airflow/.local/lib/python3.12/site-packages/airflow/example_dags/example_trigger_target_dag.py
[2024-09-17T20:39:46.622+0000] {processor.py:925} INFO - DAG(s) 'example_trigger_target_dag' retrieved from /home/airflow/.local/lib/python3.12/site-packages/airflow/example_dags/example_trigger_target_dag.py
[2024-09-17T20:39:47.102+0000] {logging_mixin.py:190} INFO - [2024-09-17T20:39:47.073+0000] {override.py:1900} INFO - Created Permission View: menu access on DAG Run:example_trigger_target_dag
[2024-09-17T20:39:47.126+0000] {logging_mixin.py:190} INFO - [2024-09-17T20:39:47.126+0000] {override.py:1900} INFO - Created Permission View: can delete on DAG Run:example_trigger_target_dag
[2024-09-17T20:39:47.140+0000] {logging_mixin.py:190} INFO - [2024-09-17T20:39:47.139+0000] {override.py:1900} INFO - Created Permission View: can read on DAG Run:example_trigger_target_dag
[2024-09-17T20:39:47.156+0000] {logging_mixin.py:190} INFO - [2024-09-17T20:39:47.155+0000] {override.py:1900} INFO - Created Permission View: can create on DAG Run:example_trigger_target_dag
[2024-09-17T20:39:47.158+0000] {logging_mixin.py:190} INFO - [2024-09-17T20:39:47.157+0000] {dag.py:3229} INFO - Sync 1 DAGs
[2024-09-17T20:39:47.193+0000] {logging_mixin.py:190} INFO - [2024-09-17T20:39:47.192+0000] {dag.py:4156} INFO - Setting next_dagrun for example_trigger_target_dag to None, run_after=None
[2024-09-17T20:39:47.233+0000] {processor.py:208} INFO - Processing /home/airflow/.local/lib/python3.12/site-packages/airflow/example_dags/example_trigger_target_dag.py took 0.727 seconds
[2024-09-17T20:40:17.547+0000] {processor.py:186} INFO - Started process (PID=158) to work on /home/airflow/.local/lib/python3.12/site-packages/airflow/example_dags/example_trigger_target_dag.py
[2024-09-17T20:40:17.549+0000] {processor.py:914} INFO - Processing file /home/airflow/.local/lib/python3.12/site-packages/airflow/example_dags/example_trigger_target_dag.py for tasks to queue
[2024-09-17T20:40:17.553+0000] {logging_mixin.py:190} INFO - [2024-09-17T20:40:17.552+0000] {dagbag.py:587} INFO - Filling up the DagBag from /home/airflow/.local/lib/python3.12/site-packages/airflow/example_dags/example_trigger_target_dag.py
[2024-09-17T20:40:17.572+0000] {processor.py:925} INFO - DAG(s) 'example_trigger_target_dag' retrieved from /home/airflow/.local/lib/python3.12/site-packages/airflow/example_dags/example_trigger_target_dag.py
[2024-09-17T20:40:17.616+0000] {logging_mixin.py:190} INFO - [2024-09-17T20:40:17.616+0000] {dag.py:3229} INFO - Sync 1 DAGs
[2024-09-17T20:40:17.642+0000] {logging_mixin.py:190} INFO - [2024-09-17T20:40:17.642+0000] {dag.py:4156} INFO - Setting next_dagrun for example_trigger_target_dag to None, run_after=None
[2024-09-17T20:40:17.673+0000] {processor.py:208} INFO - Processing /home/airflow/.local/lib/python3.12/site-packages/airflow/example_dags/example_trigger_target_dag.py took 0.138 seconds
[2024-09-17T20:40:48.451+0000] {processor.py:186} INFO - Started process (PID=221) to work on /home/airflow/.local/lib/python3.12/site-packages/airflow/example_dags/example_trigger_target_dag.py
[2024-09-17T20:40:48.452+0000] {processor.py:914} INFO - Processing file /home/airflow/.local/lib/python3.12/site-packages/airflow/example_dags/example_trigger_target_dag.py for tasks to queue
[2024-09-17T20:40:48.458+0000] {logging_mixin.py:190} INFO - [2024-09-17T20:40:48.458+0000] {dagbag.py:587} INFO - Filling up the DagBag from /home/airflow/.local/lib/python3.12/site-packages/airflow/example_dags/example_trigger_target_dag.py
[2024-09-17T20:40:48.468+0000] {processor.py:925} INFO - DAG(s) 'example_trigger_target_dag' retrieved from /home/airflow/.local/lib/python3.12/site-packages/airflow/example_dags/example_trigger_target_dag.py
[2024-09-17T20:40:48.495+0000] {logging_mixin.py:190} INFO - [2024-09-17T20:40:48.494+0000] {dag.py:3229} INFO - Sync 1 DAGs
[2024-09-17T20:40:48.512+0000] {logging_mixin.py:190} INFO - [2024-09-17T20:40:48.511+0000] {dag.py:4156} INFO - Setting next_dagrun for example_trigger_target_dag to None, run_after=None
[2024-09-17T20:40:48.536+0000] {processor.py:208} INFO - Processing /home/airflow/.local/lib/python3.12/site-packages/airflow/example_dags/example_trigger_target_dag.py took 0.092 seconds
[2024-09-17T20:41:18.840+0000] {processor.py:186} INFO - Started process (PID=284) to work on /home/airflow/.local/lib/python3.12/site-packages/airflow/example_dags/example_trigger_target_dag.py
[2024-09-17T20:41:18.841+0000] {processor.py:914} INFO - Processing file /home/airflow/.local/lib/python3.12/site-packages/airflow/example_dags/example_trigger_target_dag.py for tasks to queue
[2024-09-17T20:41:18.843+0000] {logging_mixin.py:190} INFO - [2024-09-17T20:41:18.843+0000] {dagbag.py:587} INFO - Filling up the DagBag from /home/airflow/.local/lib/python3.12/site-packages/airflow/example_dags/example_trigger_target_dag.py
[2024-09-17T20:41:18.854+0000] {processor.py:925} INFO - DAG(s) 'example_trigger_target_dag' retrieved from /home/airflow/.local/lib/python3.12/site-packages/airflow/example_dags/example_trigger_target_dag.py
[2024-09-17T20:41:18.878+0000] {logging_mixin.py:190} INFO - [2024-09-17T20:41:18.877+0000] {dag.py:3229} INFO - Sync 1 DAGs
[2024-09-17T20:41:18.895+0000] {logging_mixin.py:190} INFO - [2024-09-17T20:41:18.895+0000] {dag.py:4156} INFO - Setting next_dagrun for example_trigger_target_dag to None, run_after=None
[2024-09-17T20:41:18.919+0000] {processor.py:208} INFO - Processing /home/airflow/.local/lib/python3.12/site-packages/airflow/example_dags/example_trigger_target_dag.py took 0.087 seconds
