[2024-09-17T20:40:00.376+0000] {processor.py:186} INFO - Started process (PID=116) to work on /home/airflow/.local/lib/python3.12/site-packages/airflow/example_dags/example_python_operator.py
[2024-09-17T20:40:00.381+0000] {processor.py:914} INFO - Processing file /home/airflow/.local/lib/python3.12/site-packages/airflow/example_dags/example_python_operator.py for tasks to queue
[2024-09-17T20:40:00.393+0000] {logging_mixin.py:190} INFO - [2024-09-17T20:40:00.392+0000] {dagbag.py:587} INFO - Filling up the DagBag from /home/airflow/.local/lib/python3.12/site-packages/airflow/example_dags/example_python_operator.py
[2024-09-17T20:40:00.452+0000] {processor.py:925} INFO - DAG(s) 'example_python_operator' retrieved from /home/airflow/.local/lib/python3.12/site-packages/airflow/example_dags/example_python_operator.py
[2024-09-17T20:40:01.107+0000] {logging_mixin.py:190} INFO - [2024-09-17T20:40:01.102+0000] {override.py:1900} INFO - Created Permission View: menu access on DAG Run:example_python_operator
[2024-09-17T20:40:01.148+0000] {logging_mixin.py:190} INFO - [2024-09-17T20:40:01.147+0000] {override.py:1900} INFO - Created Permission View: can delete on DAG Run:example_python_operator
[2024-09-17T20:40:01.193+0000] {logging_mixin.py:190} INFO - [2024-09-17T20:40:01.192+0000] {override.py:1900} INFO - Created Permission View: can read on DAG Run:example_python_operator
[2024-09-17T20:40:01.222+0000] {logging_mixin.py:190} INFO - [2024-09-17T20:40:01.221+0000] {override.py:1900} INFO - Created Permission View: can create on DAG Run:example_python_operator
[2024-09-17T20:40:01.224+0000] {logging_mixin.py:190} INFO - [2024-09-17T20:40:01.223+0000] {dag.py:3229} INFO - Sync 1 DAGs
[2024-09-17T20:40:01.284+0000] {logging_mixin.py:190} INFO - [2024-09-17T20:40:01.283+0000] {dag.py:4156} INFO - Setting next_dagrun for example_python_operator to None, run_after=None
[2024-09-17T20:40:01.371+0000] {processor.py:208} INFO - Processing /home/airflow/.local/lib/python3.12/site-packages/airflow/example_dags/example_python_operator.py took 1.027 seconds
[2024-09-17T20:40:31.478+0000] {processor.py:186} INFO - Started process (PID=180) to work on /home/airflow/.local/lib/python3.12/site-packages/airflow/example_dags/example_python_operator.py
[2024-09-17T20:40:31.480+0000] {processor.py:914} INFO - Processing file /home/airflow/.local/lib/python3.12/site-packages/airflow/example_dags/example_python_operator.py for tasks to queue
[2024-09-17T20:40:31.483+0000] {logging_mixin.py:190} INFO - [2024-09-17T20:40:31.482+0000] {dagbag.py:587} INFO - Filling up the DagBag from /home/airflow/.local/lib/python3.12/site-packages/airflow/example_dags/example_python_operator.py
[2024-09-17T20:40:31.507+0000] {processor.py:925} INFO - DAG(s) 'example_python_operator' retrieved from /home/airflow/.local/lib/python3.12/site-packages/airflow/example_dags/example_python_operator.py
[2024-09-17T20:40:31.553+0000] {logging_mixin.py:190} INFO - [2024-09-17T20:40:31.552+0000] {dag.py:3229} INFO - Sync 1 DAGs
[2024-09-17T20:40:31.587+0000] {logging_mixin.py:190} INFO - [2024-09-17T20:40:31.587+0000] {dag.py:4156} INFO - Setting next_dagrun for example_python_operator to None, run_after=None
[2024-09-17T20:40:31.629+0000] {processor.py:208} INFO - Processing /home/airflow/.local/lib/python3.12/site-packages/airflow/example_dags/example_python_operator.py took 0.162 seconds
[2024-09-17T20:41:02.065+0000] {processor.py:186} INFO - Started process (PID=243) to work on /home/airflow/.local/lib/python3.12/site-packages/airflow/example_dags/example_python_operator.py
[2024-09-17T20:41:02.066+0000] {processor.py:914} INFO - Processing file /home/airflow/.local/lib/python3.12/site-packages/airflow/example_dags/example_python_operator.py for tasks to queue
[2024-09-17T20:41:02.067+0000] {logging_mixin.py:190} INFO - [2024-09-17T20:41:02.067+0000] {dagbag.py:587} INFO - Filling up the DagBag from /home/airflow/.local/lib/python3.12/site-packages/airflow/example_dags/example_python_operator.py
[2024-09-17T20:41:02.082+0000] {processor.py:925} INFO - DAG(s) 'example_python_operator' retrieved from /home/airflow/.local/lib/python3.12/site-packages/airflow/example_dags/example_python_operator.py
[2024-09-17T20:41:02.113+0000] {logging_mixin.py:190} INFO - [2024-09-17T20:41:02.112+0000] {dag.py:3229} INFO - Sync 1 DAGs
[2024-09-17T20:41:02.133+0000] {logging_mixin.py:190} INFO - [2024-09-17T20:41:02.133+0000] {dag.py:4156} INFO - Setting next_dagrun for example_python_operator to None, run_after=None
[2024-09-17T20:41:02.156+0000] {processor.py:208} INFO - Processing /home/airflow/.local/lib/python3.12/site-packages/airflow/example_dags/example_python_operator.py took 0.101 seconds
[2024-09-17T20:41:32.280+0000] {processor.py:186} INFO - Started process (PID=306) to work on /home/airflow/.local/lib/python3.12/site-packages/airflow/example_dags/example_python_operator.py
[2024-09-17T20:41:32.281+0000] {processor.py:914} INFO - Processing file /home/airflow/.local/lib/python3.12/site-packages/airflow/example_dags/example_python_operator.py for tasks to queue
[2024-09-17T20:41:32.284+0000] {logging_mixin.py:190} INFO - [2024-09-17T20:41:32.283+0000] {dagbag.py:587} INFO - Filling up the DagBag from /home/airflow/.local/lib/python3.12/site-packages/airflow/example_dags/example_python_operator.py
[2024-09-17T20:41:32.307+0000] {processor.py:925} INFO - DAG(s) 'example_python_operator' retrieved from /home/airflow/.local/lib/python3.12/site-packages/airflow/example_dags/example_python_operator.py
[2024-09-17T20:41:32.350+0000] {logging_mixin.py:190} INFO - [2024-09-17T20:41:32.349+0000] {dag.py:3229} INFO - Sync 1 DAGs
[2024-09-17T20:41:32.382+0000] {logging_mixin.py:190} INFO - [2024-09-17T20:41:32.382+0000] {dag.py:4156} INFO - Setting next_dagrun for example_python_operator to None, run_after=None
[2024-09-17T20:41:32.412+0000] {processor.py:208} INFO - Processing /home/airflow/.local/lib/python3.12/site-packages/airflow/example_dags/example_python_operator.py took 0.143 seconds
