[2024-09-17T20:39:55.157+0000] {processor.py:186} INFO - Started process (PID=108) to work on /home/airflow/.local/lib/python3.12/site-packages/airflow/example_dags/example_xcomargs.py
[2024-09-17T20:39:55.159+0000] {processor.py:914} INFO - Processing file /home/airflow/.local/lib/python3.12/site-packages/airflow/example_dags/example_xcomargs.py for tasks to queue
[2024-09-17T20:39:55.163+0000] {logging_mixin.py:190} INFO - [2024-09-17T20:39:55.162+0000] {dagbag.py:587} INFO - Filling up the DagBag from /home/airflow/.local/lib/python3.12/site-packages/airflow/example_dags/example_xcomargs.py
[2024-09-17T20:39:55.269+0000] {processor.py:925} INFO - DAG(s) 'example_xcom_args_with_operators', 'example_xcom_args' retrieved from /home/airflow/.local/lib/python3.12/site-packages/airflow/example_dags/example_xcomargs.py
[2024-09-17T20:39:56.534+0000] {logging_mixin.py:190} INFO - [2024-09-17T20:39:56.501+0000] {override.py:1900} INFO - Created Permission View: menu access on DAG Run:example_xcom_args_with_operators
[2024-09-17T20:39:56.570+0000] {logging_mixin.py:190} INFO - [2024-09-17T20:39:56.569+0000] {override.py:1900} INFO - Created Permission View: can delete on DAG Run:example_xcom_args_with_operators
[2024-09-17T20:39:56.613+0000] {logging_mixin.py:190} INFO - [2024-09-17T20:39:56.611+0000] {override.py:1900} INFO - Created Permission View: can read on DAG Run:example_xcom_args_with_operators
[2024-09-17T20:39:56.664+0000] {logging_mixin.py:190} INFO - [2024-09-17T20:39:56.662+0000] {override.py:1900} INFO - Created Permission View: can create on DAG Run:example_xcom_args_with_operators
[2024-09-17T20:39:56.819+0000] {logging_mixin.py:190} INFO - [2024-09-17T20:39:56.809+0000] {override.py:1900} INFO - Created Permission View: menu access on DAG Run:example_xcom_args
[2024-09-17T20:39:56.857+0000] {logging_mixin.py:190} INFO - [2024-09-17T20:39:56.856+0000] {override.py:1900} INFO - Created Permission View: can delete on DAG Run:example_xcom_args
[2024-09-17T20:39:56.883+0000] {logging_mixin.py:190} INFO - [2024-09-17T20:39:56.882+0000] {override.py:1900} INFO - Created Permission View: can read on DAG Run:example_xcom_args
[2024-09-17T20:39:56.903+0000] {logging_mixin.py:190} INFO - [2024-09-17T20:39:56.903+0000] {override.py:1900} INFO - Created Permission View: can create on DAG Run:example_xcom_args
[2024-09-17T20:39:56.905+0000] {logging_mixin.py:190} INFO - [2024-09-17T20:39:56.904+0000] {dag.py:3229} INFO - Sync 2 DAGs
[2024-09-17T20:39:56.960+0000] {logging_mixin.py:190} INFO - [2024-09-17T20:39:56.959+0000] {dag.py:4156} INFO - Setting next_dagrun for example_xcom_args to None, run_after=None
[2024-09-17T20:39:56.974+0000] {logging_mixin.py:190} INFO - [2024-09-17T20:39:56.973+0000] {dag.py:4156} INFO - Setting next_dagrun for example_xcom_args_with_operators to None, run_after=None
[2024-09-17T20:39:57.026+0000] {processor.py:208} INFO - Processing /home/airflow/.local/lib/python3.12/site-packages/airflow/example_dags/example_xcomargs.py took 1.887 seconds
[2024-09-17T20:40:27.830+0000] {processor.py:186} INFO - Started process (PID=172) to work on /home/airflow/.local/lib/python3.12/site-packages/airflow/example_dags/example_xcomargs.py
[2024-09-17T20:40:27.831+0000] {processor.py:914} INFO - Processing file /home/airflow/.local/lib/python3.12/site-packages/airflow/example_dags/example_xcomargs.py for tasks to queue
[2024-09-17T20:40:27.833+0000] {logging_mixin.py:190} INFO - [2024-09-17T20:40:27.832+0000] {dagbag.py:587} INFO - Filling up the DagBag from /home/airflow/.local/lib/python3.12/site-packages/airflow/example_dags/example_xcomargs.py
[2024-09-17T20:40:27.853+0000] {processor.py:925} INFO - DAG(s) 'example_xcom_args', 'example_xcom_args_with_operators' retrieved from /home/airflow/.local/lib/python3.12/site-packages/airflow/example_dags/example_xcomargs.py
[2024-09-17T20:40:27.886+0000] {logging_mixin.py:190} INFO - [2024-09-17T20:40:27.886+0000] {dag.py:3229} INFO - Sync 2 DAGs
[2024-09-17T20:40:27.908+0000] {logging_mixin.py:190} INFO - [2024-09-17T20:40:27.908+0000] {dag.py:4156} INFO - Setting next_dagrun for example_xcom_args to None, run_after=None
[2024-09-17T20:40:27.915+0000] {logging_mixin.py:190} INFO - [2024-09-17T20:40:27.914+0000] {dag.py:4156} INFO - Setting next_dagrun for example_xcom_args_with_operators to None, run_after=None
[2024-09-17T20:40:27.940+0000] {processor.py:208} INFO - Processing /home/airflow/.local/lib/python3.12/site-packages/airflow/example_dags/example_xcomargs.py took 0.117 seconds
[2024-09-17T20:40:58.133+0000] {processor.py:186} INFO - Started process (PID=235) to work on /home/airflow/.local/lib/python3.12/site-packages/airflow/example_dags/example_xcomargs.py
[2024-09-17T20:40:58.134+0000] {processor.py:914} INFO - Processing file /home/airflow/.local/lib/python3.12/site-packages/airflow/example_dags/example_xcomargs.py for tasks to queue
[2024-09-17T20:40:58.137+0000] {logging_mixin.py:190} INFO - [2024-09-17T20:40:58.136+0000] {dagbag.py:587} INFO - Filling up the DagBag from /home/airflow/.local/lib/python3.12/site-packages/airflow/example_dags/example_xcomargs.py
[2024-09-17T20:40:58.149+0000] {processor.py:925} INFO - DAG(s) 'example_xcom_args_with_operators', 'example_xcom_args' retrieved from /home/airflow/.local/lib/python3.12/site-packages/airflow/example_dags/example_xcomargs.py
[2024-09-17T20:40:58.183+0000] {logging_mixin.py:190} INFO - [2024-09-17T20:40:58.183+0000] {dag.py:3229} INFO - Sync 2 DAGs
[2024-09-17T20:40:58.200+0000] {logging_mixin.py:190} INFO - [2024-09-17T20:40:58.200+0000] {dag.py:4156} INFO - Setting next_dagrun for example_xcom_args to None, run_after=None
[2024-09-17T20:40:58.205+0000] {logging_mixin.py:190} INFO - [2024-09-17T20:40:58.205+0000] {dag.py:4156} INFO - Setting next_dagrun for example_xcom_args_with_operators to None, run_after=None
[2024-09-17T20:40:58.226+0000] {processor.py:208} INFO - Processing /home/airflow/.local/lib/python3.12/site-packages/airflow/example_dags/example_xcomargs.py took 0.101 seconds
[2024-09-17T20:41:28.519+0000] {processor.py:186} INFO - Started process (PID=298) to work on /home/airflow/.local/lib/python3.12/site-packages/airflow/example_dags/example_xcomargs.py
[2024-09-17T20:41:28.521+0000] {processor.py:914} INFO - Processing file /home/airflow/.local/lib/python3.12/site-packages/airflow/example_dags/example_xcomargs.py for tasks to queue
[2024-09-17T20:41:28.522+0000] {logging_mixin.py:190} INFO - [2024-09-17T20:41:28.522+0000] {dagbag.py:587} INFO - Filling up the DagBag from /home/airflow/.local/lib/python3.12/site-packages/airflow/example_dags/example_xcomargs.py
[2024-09-17T20:41:28.537+0000] {processor.py:925} INFO - DAG(s) 'example_xcom_args_with_operators', 'example_xcom_args' retrieved from /home/airflow/.local/lib/python3.12/site-packages/airflow/example_dags/example_xcomargs.py
[2024-09-17T20:41:28.576+0000] {logging_mixin.py:190} INFO - [2024-09-17T20:41:28.575+0000] {dag.py:3229} INFO - Sync 2 DAGs
[2024-09-17T20:41:28.593+0000] {logging_mixin.py:190} INFO - [2024-09-17T20:41:28.593+0000] {dag.py:4156} INFO - Setting next_dagrun for example_xcom_args to None, run_after=None
[2024-09-17T20:41:28.598+0000] {logging_mixin.py:190} INFO - [2024-09-17T20:41:28.598+0000] {dag.py:4156} INFO - Setting next_dagrun for example_xcom_args_with_operators to None, run_after=None
[2024-09-17T20:41:28.624+0000] {processor.py:208} INFO - Processing /home/airflow/.local/lib/python3.12/site-packages/airflow/example_dags/example_xcomargs.py took 0.116 seconds
