[2024-09-17T20:39:48.133+0000] {processor.py:186} INFO - Started process (PID=98) to work on /home/airflow/.local/lib/python3.12/site-packages/airflow/example_dags/example_local_kubernetes_executor.py
[2024-09-17T20:39:48.135+0000] {processor.py:914} INFO - Processing file /home/airflow/.local/lib/python3.12/site-packages/airflow/example_dags/example_local_kubernetes_executor.py for tasks to queue
[2024-09-17T20:39:48.141+0000] {logging_mixin.py:190} INFO - [2024-09-17T20:39:48.140+0000] {dagbag.py:587} INFO - Filling up the DagBag from /home/airflow/.local/lib/python3.12/site-packages/airflow/example_dags/example_local_kubernetes_executor.py
[2024-09-17T20:39:48.165+0000] {processor.py:925} INFO - DAG(s) 'example_local_kubernetes_executor' retrieved from /home/airflow/.local/lib/python3.12/site-packages/airflow/example_dags/example_local_kubernetes_executor.py
[2024-09-17T20:39:48.580+0000] {logging_mixin.py:190} INFO - [2024-09-17T20:39:48.572+0000] {override.py:1900} INFO - Created Permission View: menu access on DAG Run:example_local_kubernetes_executor
[2024-09-17T20:39:48.620+0000] {logging_mixin.py:190} INFO - [2024-09-17T20:39:48.618+0000] {override.py:1900} INFO - Created Permission View: can delete on DAG Run:example_local_kubernetes_executor
[2024-09-17T20:39:48.688+0000] {logging_mixin.py:190} INFO - [2024-09-17T20:39:48.681+0000] {override.py:1900} INFO - Created Permission View: can read on DAG Run:example_local_kubernetes_executor
[2024-09-17T20:39:48.717+0000] {logging_mixin.py:190} INFO - [2024-09-17T20:39:48.715+0000] {override.py:1900} INFO - Created Permission View: can create on DAG Run:example_local_kubernetes_executor
[2024-09-17T20:39:48.719+0000] {logging_mixin.py:190} INFO - [2024-09-17T20:39:48.719+0000] {dag.py:3229} INFO - Sync 1 DAGs
[2024-09-17T20:39:48.774+0000] {logging_mixin.py:190} INFO - [2024-09-17T20:39:48.771+0000] {dag.py:4156} INFO - Setting next_dagrun for example_local_kubernetes_executor to None, run_after=None
[2024-09-17T20:39:48.845+0000] {processor.py:208} INFO - Processing /home/airflow/.local/lib/python3.12/site-packages/airflow/example_dags/example_local_kubernetes_executor.py took 0.739 seconds
[2024-09-17T20:40:19.799+0000] {processor.py:186} INFO - Started process (PID=162) to work on /home/airflow/.local/lib/python3.12/site-packages/airflow/example_dags/example_local_kubernetes_executor.py
[2024-09-17T20:40:19.801+0000] {processor.py:914} INFO - Processing file /home/airflow/.local/lib/python3.12/site-packages/airflow/example_dags/example_local_kubernetes_executor.py for tasks to queue
[2024-09-17T20:40:19.803+0000] {logging_mixin.py:190} INFO - [2024-09-17T20:40:19.802+0000] {dagbag.py:587} INFO - Filling up the DagBag from /home/airflow/.local/lib/python3.12/site-packages/airflow/example_dags/example_local_kubernetes_executor.py
[2024-09-17T20:40:19.818+0000] {processor.py:925} INFO - DAG(s) 'example_local_kubernetes_executor' retrieved from /home/airflow/.local/lib/python3.12/site-packages/airflow/example_dags/example_local_kubernetes_executor.py
[2024-09-17T20:40:19.871+0000] {logging_mixin.py:190} INFO - [2024-09-17T20:40:19.870+0000] {dag.py:3229} INFO - Sync 1 DAGs
[2024-09-17T20:40:19.893+0000] {logging_mixin.py:190} INFO - [2024-09-17T20:40:19.893+0000] {dag.py:4156} INFO - Setting next_dagrun for example_local_kubernetes_executor to None, run_after=None
[2024-09-17T20:40:19.922+0000] {processor.py:208} INFO - Processing /home/airflow/.local/lib/python3.12/site-packages/airflow/example_dags/example_local_kubernetes_executor.py took 0.132 seconds
[2024-09-17T20:40:50.676+0000] {processor.py:186} INFO - Started process (PID=225) to work on /home/airflow/.local/lib/python3.12/site-packages/airflow/example_dags/example_local_kubernetes_executor.py
[2024-09-17T20:40:50.677+0000] {processor.py:914} INFO - Processing file /home/airflow/.local/lib/python3.12/site-packages/airflow/example_dags/example_local_kubernetes_executor.py for tasks to queue
[2024-09-17T20:40:50.679+0000] {logging_mixin.py:190} INFO - [2024-09-17T20:40:50.679+0000] {dagbag.py:587} INFO - Filling up the DagBag from /home/airflow/.local/lib/python3.12/site-packages/airflow/example_dags/example_local_kubernetes_executor.py
[2024-09-17T20:40:50.710+0000] {processor.py:925} INFO - DAG(s) 'example_local_kubernetes_executor' retrieved from /home/airflow/.local/lib/python3.12/site-packages/airflow/example_dags/example_local_kubernetes_executor.py
[2024-09-17T20:40:50.829+0000] {logging_mixin.py:190} INFO - [2024-09-17T20:40:50.829+0000] {dag.py:3229} INFO - Sync 1 DAGs
[2024-09-17T20:40:50.869+0000] {logging_mixin.py:190} INFO - [2024-09-17T20:40:50.869+0000] {dag.py:4156} INFO - Setting next_dagrun for example_local_kubernetes_executor to None, run_after=None
[2024-09-17T20:40:50.934+0000] {processor.py:208} INFO - Processing /home/airflow/.local/lib/python3.12/site-packages/airflow/example_dags/example_local_kubernetes_executor.py took 0.268 seconds
[2024-09-17T20:41:21.077+0000] {processor.py:186} INFO - Started process (PID=288) to work on /home/airflow/.local/lib/python3.12/site-packages/airflow/example_dags/example_local_kubernetes_executor.py
[2024-09-17T20:41:21.079+0000] {processor.py:914} INFO - Processing file /home/airflow/.local/lib/python3.12/site-packages/airflow/example_dags/example_local_kubernetes_executor.py for tasks to queue
[2024-09-17T20:41:21.081+0000] {logging_mixin.py:190} INFO - [2024-09-17T20:41:21.080+0000] {dagbag.py:587} INFO - Filling up the DagBag from /home/airflow/.local/lib/python3.12/site-packages/airflow/example_dags/example_local_kubernetes_executor.py
[2024-09-17T20:41:21.100+0000] {processor.py:925} INFO - DAG(s) 'example_local_kubernetes_executor' retrieved from /home/airflow/.local/lib/python3.12/site-packages/airflow/example_dags/example_local_kubernetes_executor.py
[2024-09-17T20:41:21.147+0000] {logging_mixin.py:190} INFO - [2024-09-17T20:41:21.147+0000] {dag.py:3229} INFO - Sync 1 DAGs
[2024-09-17T20:41:21.169+0000] {logging_mixin.py:190} INFO - [2024-09-17T20:41:21.169+0000] {dag.py:4156} INFO - Setting next_dagrun for example_local_kubernetes_executor to None, run_after=None
[2024-09-17T20:41:21.197+0000] {processor.py:208} INFO - Processing /home/airflow/.local/lib/python3.12/site-packages/airflow/example_dags/example_local_kubernetes_executor.py took 0.126 seconds
