[2024-09-17T20:40:06.912+0000] {processor.py:186} INFO - Started process (PID=127) to work on /home/airflow/.local/lib/python3.12/site-packages/airflow/example_dags/example_python_decorator.py
[2024-09-17T20:40:06.915+0000] {processor.py:914} INFO - Processing file /home/airflow/.local/lib/python3.12/site-packages/airflow/example_dags/example_python_decorator.py for tasks to queue
[2024-09-17T20:40:06.920+0000] {logging_mixin.py:190} INFO - [2024-09-17T20:40:06.918+0000] {dagbag.py:587} INFO - Filling up the DagBag from /home/airflow/.local/lib/python3.12/site-packages/airflow/example_dags/example_python_decorator.py
[2024-09-17T20:40:06.969+0000] {processor.py:925} INFO - DAG(s) 'example_python_decorator' retrieved from /home/airflow/.local/lib/python3.12/site-packages/airflow/example_dags/example_python_decorator.py
[2024-09-17T20:40:07.298+0000] {logging_mixin.py:190} INFO - [2024-09-17T20:40:07.296+0000] {override.py:1900} INFO - Created Permission View: menu access on DAG Run:example_python_decorator
[2024-09-17T20:40:07.313+0000] {logging_mixin.py:190} INFO - [2024-09-17T20:40:07.312+0000] {override.py:1900} INFO - Created Permission View: can delete on DAG Run:example_python_decorator
[2024-09-17T20:40:07.327+0000] {logging_mixin.py:190} INFO - [2024-09-17T20:40:07.327+0000] {override.py:1900} INFO - Created Permission View: can read on DAG Run:example_python_decorator
[2024-09-17T20:40:07.346+0000] {logging_mixin.py:190} INFO - [2024-09-17T20:40:07.345+0000] {override.py:1900} INFO - Created Permission View: can create on DAG Run:example_python_decorator
[2024-09-17T20:40:07.347+0000] {logging_mixin.py:190} INFO - [2024-09-17T20:40:07.347+0000] {dag.py:3229} INFO - Sync 1 DAGs
[2024-09-17T20:40:07.383+0000] {logging_mixin.py:190} INFO - [2024-09-17T20:40:07.382+0000] {dag.py:4156} INFO - Setting next_dagrun for example_python_decorator to None, run_after=None
[2024-09-17T20:40:07.424+0000] {processor.py:208} INFO - Processing /home/airflow/.local/lib/python3.12/site-packages/airflow/example_dags/example_python_decorator.py took 0.548 seconds
[2024-09-17T20:40:37.574+0000] {processor.py:186} INFO - Started process (PID=191) to work on /home/airflow/.local/lib/python3.12/site-packages/airflow/example_dags/example_python_decorator.py
[2024-09-17T20:40:37.575+0000] {processor.py:914} INFO - Processing file /home/airflow/.local/lib/python3.12/site-packages/airflow/example_dags/example_python_decorator.py for tasks to queue
[2024-09-17T20:40:37.577+0000] {logging_mixin.py:190} INFO - [2024-09-17T20:40:37.576+0000] {dagbag.py:587} INFO - Filling up the DagBag from /home/airflow/.local/lib/python3.12/site-packages/airflow/example_dags/example_python_decorator.py
[2024-09-17T20:40:37.597+0000] {processor.py:925} INFO - DAG(s) 'example_python_decorator' retrieved from /home/airflow/.local/lib/python3.12/site-packages/airflow/example_dags/example_python_decorator.py
[2024-09-17T20:40:37.628+0000] {logging_mixin.py:190} INFO - [2024-09-17T20:40:37.627+0000] {dag.py:3229} INFO - Sync 1 DAGs
[2024-09-17T20:40:37.647+0000] {logging_mixin.py:190} INFO - [2024-09-17T20:40:37.647+0000] {dag.py:4156} INFO - Setting next_dagrun for example_python_decorator to None, run_after=None
[2024-09-17T20:40:37.675+0000] {processor.py:208} INFO - Processing /home/airflow/.local/lib/python3.12/site-packages/airflow/example_dags/example_python_decorator.py took 0.108 seconds
[2024-09-17T20:41:08.022+0000] {processor.py:186} INFO - Started process (PID=254) to work on /home/airflow/.local/lib/python3.12/site-packages/airflow/example_dags/example_python_decorator.py
[2024-09-17T20:41:08.023+0000] {processor.py:914} INFO - Processing file /home/airflow/.local/lib/python3.12/site-packages/airflow/example_dags/example_python_decorator.py for tasks to queue
[2024-09-17T20:41:08.027+0000] {logging_mixin.py:190} INFO - [2024-09-17T20:41:08.026+0000] {dagbag.py:587} INFO - Filling up the DagBag from /home/airflow/.local/lib/python3.12/site-packages/airflow/example_dags/example_python_decorator.py
[2024-09-17T20:41:08.078+0000] {processor.py:925} INFO - DAG(s) 'example_python_decorator' retrieved from /home/airflow/.local/lib/python3.12/site-packages/airflow/example_dags/example_python_decorator.py
[2024-09-17T20:41:08.175+0000] {logging_mixin.py:190} INFO - [2024-09-17T20:41:08.174+0000] {dag.py:3229} INFO - Sync 1 DAGs
[2024-09-17T20:41:08.251+0000] {logging_mixin.py:190} INFO - [2024-09-17T20:41:08.251+0000] {dag.py:4156} INFO - Setting next_dagrun for example_python_decorator to None, run_after=None
[2024-09-17T20:41:08.311+0000] {processor.py:208} INFO - Processing /home/airflow/.local/lib/python3.12/site-packages/airflow/example_dags/example_python_decorator.py took 0.307 seconds
