[2024-09-17T20:40:01.476+0000] {processor.py:186} INFO - Started process (PID=118) to work on /home/airflow/.local/lib/python3.12/site-packages/airflow/example_dags/example_inlet_event_extra.py
[2024-09-17T20:40:01.479+0000] {processor.py:914} INFO - Processing file /home/airflow/.local/lib/python3.12/site-packages/airflow/example_dags/example_inlet_event_extra.py for tasks to queue
[2024-09-17T20:40:01.487+0000] {logging_mixin.py:190} INFO - [2024-09-17T20:40:01.487+0000] {dagbag.py:587} INFO - Filling up the DagBag from /home/airflow/.local/lib/python3.12/site-packages/airflow/example_dags/example_inlet_event_extra.py
[2024-09-17T20:40:02.449+0000] {processor.py:925} INFO - DAG(s) 'read_dataset_event_from_classic', 'read_dataset_event' retrieved from /home/airflow/.local/lib/python3.12/site-packages/airflow/example_dags/example_inlet_event_extra.py
[2024-09-17T20:40:02.835+0000] {logging_mixin.py:190} INFO - [2024-09-17T20:40:02.831+0000] {override.py:1900} INFO - Created Permission View: menu access on DAG Run:read_dataset_event_from_classic
[2024-09-17T20:40:02.871+0000] {logging_mixin.py:190} INFO - [2024-09-17T20:40:02.870+0000] {override.py:1900} INFO - Created Permission View: can delete on DAG Run:read_dataset_event_from_classic
[2024-09-17T20:40:02.903+0000] {logging_mixin.py:190} INFO - [2024-09-17T20:40:02.902+0000] {override.py:1900} INFO - Created Permission View: can read on DAG Run:read_dataset_event_from_classic
[2024-09-17T20:40:02.931+0000] {logging_mixin.py:190} INFO - [2024-09-17T20:40:02.930+0000] {override.py:1900} INFO - Created Permission View: can create on DAG Run:read_dataset_event_from_classic
[2024-09-17T20:40:02.989+0000] {logging_mixin.py:190} INFO - [2024-09-17T20:40:02.989+0000] {override.py:1900} INFO - Created Permission View: menu access on DAG Run:read_dataset_event
[2024-09-17T20:40:03.012+0000] {logging_mixin.py:190} INFO - [2024-09-17T20:40:03.010+0000] {override.py:1900} INFO - Created Permission View: can delete on DAG Run:read_dataset_event
[2024-09-17T20:40:03.030+0000] {logging_mixin.py:190} INFO - [2024-09-17T20:40:03.030+0000] {override.py:1900} INFO - Created Permission View: can read on DAG Run:read_dataset_event
[2024-09-17T20:40:03.052+0000] {logging_mixin.py:190} INFO - [2024-09-17T20:40:03.051+0000] {override.py:1900} INFO - Created Permission View: can create on DAG Run:read_dataset_event
[2024-09-17T20:40:03.054+0000] {logging_mixin.py:190} INFO - [2024-09-17T20:40:03.053+0000] {dag.py:3229} INFO - Sync 2 DAGs
[2024-09-17T20:40:03.135+0000] {logging_mixin.py:190} INFO - [2024-09-17T20:40:03.135+0000] {dag.py:4156} INFO - Setting next_dagrun for read_dataset_event to 2024-09-16 00:00:00+00:00, run_after=2024-09-17 00:00:00+00:00
[2024-09-17T20:40:03.146+0000] {logging_mixin.py:190} INFO - [2024-09-17T20:40:03.145+0000] {dag.py:4156} INFO - Setting next_dagrun for read_dataset_event_from_classic to 2024-09-16 00:00:00+00:00, run_after=2024-09-17 00:00:00+00:00
[2024-09-17T20:40:03.187+0000] {processor.py:208} INFO - Processing /home/airflow/.local/lib/python3.12/site-packages/airflow/example_dags/example_inlet_event_extra.py took 1.731 seconds
[2024-09-17T20:40:33.752+0000] {processor.py:186} INFO - Started process (PID=182) to work on /home/airflow/.local/lib/python3.12/site-packages/airflow/example_dags/example_inlet_event_extra.py
[2024-09-17T20:40:33.754+0000] {processor.py:914} INFO - Processing file /home/airflow/.local/lib/python3.12/site-packages/airflow/example_dags/example_inlet_event_extra.py for tasks to queue
[2024-09-17T20:40:33.759+0000] {logging_mixin.py:190} INFO - [2024-09-17T20:40:33.757+0000] {dagbag.py:587} INFO - Filling up the DagBag from /home/airflow/.local/lib/python3.12/site-packages/airflow/example_dags/example_inlet_event_extra.py
[2024-09-17T20:40:34.014+0000] {processor.py:925} INFO - DAG(s) 'read_dataset_event', 'read_dataset_event_from_classic' retrieved from /home/airflow/.local/lib/python3.12/site-packages/airflow/example_dags/example_inlet_event_extra.py
[2024-09-17T20:40:34.049+0000] {logging_mixin.py:190} INFO - [2024-09-17T20:40:34.049+0000] {dag.py:3229} INFO - Sync 2 DAGs
[2024-09-17T20:40:34.107+0000] {logging_mixin.py:190} INFO - [2024-09-17T20:40:34.106+0000] {dag.py:4156} INFO - Setting next_dagrun for read_dataset_event to 2024-09-16 00:00:00+00:00, run_after=2024-09-17 00:00:00+00:00
[2024-09-17T20:40:34.118+0000] {logging_mixin.py:190} INFO - [2024-09-17T20:40:34.118+0000] {dag.py:4156} INFO - Setting next_dagrun for read_dataset_event_from_classic to 2024-09-16 00:00:00+00:00, run_after=2024-09-17 00:00:00+00:00
[2024-09-17T20:40:34.146+0000] {processor.py:208} INFO - Processing /home/airflow/.local/lib/python3.12/site-packages/airflow/example_dags/example_inlet_event_extra.py took 0.411 seconds
[2024-09-17T20:41:04.251+0000] {processor.py:186} INFO - Started process (PID=245) to work on /home/airflow/.local/lib/python3.12/site-packages/airflow/example_dags/example_inlet_event_extra.py
[2024-09-17T20:41:04.253+0000] {processor.py:914} INFO - Processing file /home/airflow/.local/lib/python3.12/site-packages/airflow/example_dags/example_inlet_event_extra.py for tasks to queue
[2024-09-17T20:41:04.255+0000] {logging_mixin.py:190} INFO - [2024-09-17T20:41:04.254+0000] {dagbag.py:587} INFO - Filling up the DagBag from /home/airflow/.local/lib/python3.12/site-packages/airflow/example_dags/example_inlet_event_extra.py
[2024-09-17T20:41:04.425+0000] {processor.py:925} INFO - DAG(s) 'read_dataset_event_from_classic', 'read_dataset_event' retrieved from /home/airflow/.local/lib/python3.12/site-packages/airflow/example_dags/example_inlet_event_extra.py
[2024-09-17T20:41:04.450+0000] {logging_mixin.py:190} INFO - [2024-09-17T20:41:04.450+0000] {dag.py:3229} INFO - Sync 2 DAGs
[2024-09-17T20:41:04.477+0000] {logging_mixin.py:190} INFO - [2024-09-17T20:41:04.477+0000] {dag.py:4156} INFO - Setting next_dagrun for read_dataset_event to 2024-09-16 00:00:00+00:00, run_after=2024-09-17 00:00:00+00:00
[2024-09-17T20:41:04.485+0000] {logging_mixin.py:190} INFO - [2024-09-17T20:41:04.484+0000] {dag.py:4156} INFO - Setting next_dagrun for read_dataset_event_from_classic to 2024-09-16 00:00:00+00:00, run_after=2024-09-17 00:00:00+00:00
[2024-09-17T20:41:04.505+0000] {processor.py:208} INFO - Processing /home/airflow/.local/lib/python3.12/site-packages/airflow/example_dags/example_inlet_event_extra.py took 0.260 seconds
[2024-09-17T20:41:34.653+0000] {processor.py:186} INFO - Started process (PID=309) to work on /home/airflow/.local/lib/python3.12/site-packages/airflow/example_dags/example_inlet_event_extra.py
[2024-09-17T20:41:34.654+0000] {processor.py:914} INFO - Processing file /home/airflow/.local/lib/python3.12/site-packages/airflow/example_dags/example_inlet_event_extra.py for tasks to queue
[2024-09-17T20:41:34.656+0000] {logging_mixin.py:190} INFO - [2024-09-17T20:41:34.655+0000] {dagbag.py:587} INFO - Filling up the DagBag from /home/airflow/.local/lib/python3.12/site-packages/airflow/example_dags/example_inlet_event_extra.py
[2024-09-17T20:41:34.859+0000] {processor.py:925} INFO - DAG(s) 'read_dataset_event_from_classic', 'read_dataset_event' retrieved from /home/airflow/.local/lib/python3.12/site-packages/airflow/example_dags/example_inlet_event_extra.py
[2024-09-17T20:41:34.885+0000] {logging_mixin.py:190} INFO - [2024-09-17T20:41:34.884+0000] {dag.py:3229} INFO - Sync 2 DAGs
[2024-09-17T20:41:34.922+0000] {logging_mixin.py:190} INFO - [2024-09-17T20:41:34.922+0000] {dag.py:4156} INFO - Setting next_dagrun for read_dataset_event to 2024-09-16 00:00:00+00:00, run_after=2024-09-17 00:00:00+00:00
[2024-09-17T20:41:34.928+0000] {logging_mixin.py:190} INFO - [2024-09-17T20:41:34.927+0000] {dag.py:4156} INFO - Setting next_dagrun for read_dataset_event_from_classic to 2024-09-16 00:00:00+00:00, run_after=2024-09-17 00:00:00+00:00
[2024-09-17T20:41:34.948+0000] {processor.py:208} INFO - Processing /home/airflow/.local/lib/python3.12/site-packages/airflow/example_dags/example_inlet_event_extra.py took 0.302 seconds
