[2024-09-17T20:39:59.324+0000] {processor.py:186} INFO - Started process (PID=114) to work on /home/airflow/.local/lib/python3.12/site-packages/airflow/example_dags/example_bash_decorator.py
[2024-09-17T20:39:59.335+0000] {processor.py:914} INFO - Processing file /home/airflow/.local/lib/python3.12/site-packages/airflow/example_dags/example_bash_decorator.py for tasks to queue
[2024-09-17T20:39:59.338+0000] {logging_mixin.py:190} INFO - [2024-09-17T20:39:59.337+0000] {dagbag.py:587} INFO - Filling up the DagBag from /home/airflow/.local/lib/python3.12/site-packages/airflow/example_dags/example_bash_decorator.py
[2024-09-17T20:39:59.394+0000] {processor.py:925} INFO - DAG(s) 'example_bash_decorator' retrieved from /home/airflow/.local/lib/python3.12/site-packages/airflow/example_dags/example_bash_decorator.py
[2024-09-17T20:39:59.819+0000] {logging_mixin.py:190} INFO - [2024-09-17T20:39:59.815+0000] {override.py:1900} INFO - Created Permission View: menu access on DAG Run:example_bash_decorator
[2024-09-17T20:39:59.835+0000] {logging_mixin.py:190} INFO - [2024-09-17T20:39:59.834+0000] {override.py:1900} INFO - Created Permission View: can delete on DAG Run:example_bash_decorator
[2024-09-17T20:39:59.860+0000] {logging_mixin.py:190} INFO - [2024-09-17T20:39:59.858+0000] {override.py:1900} INFO - Created Permission View: can read on DAG Run:example_bash_decorator
[2024-09-17T20:39:59.885+0000] {logging_mixin.py:190} INFO - [2024-09-17T20:39:59.884+0000] {override.py:1900} INFO - Created Permission View: can create on DAG Run:example_bash_decorator
[2024-09-17T20:39:59.887+0000] {logging_mixin.py:190} INFO - [2024-09-17T20:39:59.886+0000] {dag.py:3229} INFO - Sync 1 DAGs
[2024-09-17T20:39:59.944+0000] {logging_mixin.py:190} INFO - [2024-09-17T20:39:59.943+0000] {dag.py:4156} INFO - Setting next_dagrun for example_bash_decorator to None, run_after=None
[2024-09-17T20:40:00.018+0000] {processor.py:208} INFO - Processing /home/airflow/.local/lib/python3.12/site-packages/airflow/example_dags/example_bash_decorator.py took 0.717 seconds
[2024-09-17T20:40:30.304+0000] {processor.py:186} INFO - Started process (PID=178) to work on /home/airflow/.local/lib/python3.12/site-packages/airflow/example_dags/example_bash_decorator.py
[2024-09-17T20:40:30.305+0000] {processor.py:914} INFO - Processing file /home/airflow/.local/lib/python3.12/site-packages/airflow/example_dags/example_bash_decorator.py for tasks to queue
[2024-09-17T20:40:30.310+0000] {logging_mixin.py:190} INFO - [2024-09-17T20:40:30.309+0000] {dagbag.py:587} INFO - Filling up the DagBag from /home/airflow/.local/lib/python3.12/site-packages/airflow/example_dags/example_bash_decorator.py
[2024-09-17T20:40:30.328+0000] {processor.py:925} INFO - DAG(s) 'example_bash_decorator' retrieved from /home/airflow/.local/lib/python3.12/site-packages/airflow/example_dags/example_bash_decorator.py
[2024-09-17T20:40:30.364+0000] {logging_mixin.py:190} INFO - [2024-09-17T20:40:30.364+0000] {dag.py:3229} INFO - Sync 1 DAGs
[2024-09-17T20:40:30.386+0000] {logging_mixin.py:190} INFO - [2024-09-17T20:40:30.385+0000] {dag.py:4156} INFO - Setting next_dagrun for example_bash_decorator to None, run_after=None
[2024-09-17T20:40:30.412+0000] {processor.py:208} INFO - Processing /home/airflow/.local/lib/python3.12/site-packages/airflow/example_dags/example_bash_decorator.py took 0.116 seconds
[2024-09-17T20:41:00.769+0000] {processor.py:186} INFO - Started process (PID=241) to work on /home/airflow/.local/lib/python3.12/site-packages/airflow/example_dags/example_bash_decorator.py
[2024-09-17T20:41:00.770+0000] {processor.py:914} INFO - Processing file /home/airflow/.local/lib/python3.12/site-packages/airflow/example_dags/example_bash_decorator.py for tasks to queue
[2024-09-17T20:41:00.774+0000] {logging_mixin.py:190} INFO - [2024-09-17T20:41:00.773+0000] {dagbag.py:587} INFO - Filling up the DagBag from /home/airflow/.local/lib/python3.12/site-packages/airflow/example_dags/example_bash_decorator.py
[2024-09-17T20:41:00.820+0000] {processor.py:925} INFO - DAG(s) 'example_bash_decorator' retrieved from /home/airflow/.local/lib/python3.12/site-packages/airflow/example_dags/example_bash_decorator.py
[2024-09-17T20:41:00.895+0000] {logging_mixin.py:190} INFO - [2024-09-17T20:41:00.894+0000] {dag.py:3229} INFO - Sync 1 DAGs
[2024-09-17T20:41:00.977+0000] {logging_mixin.py:190} INFO - [2024-09-17T20:41:00.976+0000] {dag.py:4156} INFO - Setting next_dagrun for example_bash_decorator to None, run_after=None
[2024-09-17T20:41:01.007+0000] {processor.py:208} INFO - Processing /home/airflow/.local/lib/python3.12/site-packages/airflow/example_dags/example_bash_decorator.py took 0.259 seconds
[2024-09-17T20:41:31.090+0000] {processor.py:186} INFO - Started process (PID=304) to work on /home/airflow/.local/lib/python3.12/site-packages/airflow/example_dags/example_bash_decorator.py
[2024-09-17T20:41:31.091+0000] {processor.py:914} INFO - Processing file /home/airflow/.local/lib/python3.12/site-packages/airflow/example_dags/example_bash_decorator.py for tasks to queue
[2024-09-17T20:41:31.093+0000] {logging_mixin.py:190} INFO - [2024-09-17T20:41:31.093+0000] {dagbag.py:587} INFO - Filling up the DagBag from /home/airflow/.local/lib/python3.12/site-packages/airflow/example_dags/example_bash_decorator.py
[2024-09-17T20:41:31.122+0000] {processor.py:925} INFO - DAG(s) 'example_bash_decorator' retrieved from /home/airflow/.local/lib/python3.12/site-packages/airflow/example_dags/example_bash_decorator.py
[2024-09-17T20:41:31.166+0000] {logging_mixin.py:190} INFO - [2024-09-17T20:41:31.165+0000] {dag.py:3229} INFO - Sync 1 DAGs
[2024-09-17T20:41:31.186+0000] {logging_mixin.py:190} INFO - [2024-09-17T20:41:31.186+0000] {dag.py:4156} INFO - Setting next_dagrun for example_bash_decorator to None, run_after=None
[2024-09-17T20:41:31.215+0000] {processor.py:208} INFO - Processing /home/airflow/.local/lib/python3.12/site-packages/airflow/example_dags/example_bash_decorator.py took 0.134 seconds
