[2024-09-17T20:40:07.861+0000] {processor.py:186} INFO - Started process (PID=130) to work on /home/airflow/.local/lib/python3.12/site-packages/airflow/example_dags/example_sensors.py
[2024-09-17T20:40:07.865+0000] {processor.py:914} INFO - Processing file /home/airflow/.local/lib/python3.12/site-packages/airflow/example_dags/example_sensors.py for tasks to queue
[2024-09-17T20:40:07.869+0000] {logging_mixin.py:190} INFO - [2024-09-17T20:40:07.869+0000] {dagbag.py:587} INFO - Filling up the DagBag from /home/airflow/.local/lib/python3.12/site-packages/airflow/example_dags/example_sensors.py
[2024-09-17T20:40:07.929+0000] {processor.py:925} INFO - DAG(s) 'example_sensors' retrieved from /home/airflow/.local/lib/python3.12/site-packages/airflow/example_dags/example_sensors.py
[2024-09-17T20:40:08.357+0000] {logging_mixin.py:190} INFO - [2024-09-17T20:40:08.355+0000] {override.py:1900} INFO - Created Permission View: menu access on DAG Run:example_sensors
[2024-09-17T20:40:08.378+0000] {logging_mixin.py:190} INFO - [2024-09-17T20:40:08.377+0000] {override.py:1900} INFO - Created Permission View: can delete on DAG Run:example_sensors
[2024-09-17T20:40:08.401+0000] {logging_mixin.py:190} INFO - [2024-09-17T20:40:08.400+0000] {override.py:1900} INFO - Created Permission View: can read on DAG Run:example_sensors
[2024-09-17T20:40:08.422+0000] {logging_mixin.py:190} INFO - [2024-09-17T20:40:08.421+0000] {override.py:1900} INFO - Created Permission View: can create on DAG Run:example_sensors
[2024-09-17T20:40:08.424+0000] {logging_mixin.py:190} INFO - [2024-09-17T20:40:08.423+0000] {dag.py:3229} INFO - Sync 1 DAGs
[2024-09-17T20:40:08.453+0000] {logging_mixin.py:190} INFO - [2024-09-17T20:40:08.452+0000] {dag.py:4156} INFO - Setting next_dagrun for example_sensors to None, run_after=None
[2024-09-17T20:40:08.508+0000] {processor.py:208} INFO - Processing /home/airflow/.local/lib/python3.12/site-packages/airflow/example_dags/example_sensors.py took 0.676 seconds
[2024-09-17T20:40:38.742+0000] {processor.py:186} INFO - Started process (PID=194) to work on /home/airflow/.local/lib/python3.12/site-packages/airflow/example_dags/example_sensors.py
[2024-09-17T20:40:38.744+0000] {processor.py:914} INFO - Processing file /home/airflow/.local/lib/python3.12/site-packages/airflow/example_dags/example_sensors.py for tasks to queue
[2024-09-17T20:40:38.746+0000] {logging_mixin.py:190} INFO - [2024-09-17T20:40:38.745+0000] {dagbag.py:587} INFO - Filling up the DagBag from /home/airflow/.local/lib/python3.12/site-packages/airflow/example_dags/example_sensors.py
[2024-09-17T20:40:38.763+0000] {processor.py:925} INFO - DAG(s) 'example_sensors' retrieved from /home/airflow/.local/lib/python3.12/site-packages/airflow/example_dags/example_sensors.py
[2024-09-17T20:40:38.797+0000] {logging_mixin.py:190} INFO - [2024-09-17T20:40:38.797+0000] {dag.py:3229} INFO - Sync 1 DAGs
[2024-09-17T20:40:38.817+0000] {logging_mixin.py:190} INFO - [2024-09-17T20:40:38.816+0000] {dag.py:4156} INFO - Setting next_dagrun for example_sensors to None, run_after=None
[2024-09-17T20:40:38.843+0000] {processor.py:208} INFO - Processing /home/airflow/.local/lib/python3.12/site-packages/airflow/example_dags/example_sensors.py took 0.112 seconds
[2024-09-17T20:41:09.503+0000] {processor.py:186} INFO - Started process (PID=257) to work on /home/airflow/.local/lib/python3.12/site-packages/airflow/example_dags/example_sensors.py
[2024-09-17T20:41:09.505+0000] {processor.py:914} INFO - Processing file /home/airflow/.local/lib/python3.12/site-packages/airflow/example_dags/example_sensors.py for tasks to queue
[2024-09-17T20:41:09.511+0000] {logging_mixin.py:190} INFO - [2024-09-17T20:41:09.508+0000] {dagbag.py:587} INFO - Filling up the DagBag from /home/airflow/.local/lib/python3.12/site-packages/airflow/example_dags/example_sensors.py
[2024-09-17T20:41:09.558+0000] {processor.py:925} INFO - DAG(s) 'example_sensors' retrieved from /home/airflow/.local/lib/python3.12/site-packages/airflow/example_dags/example_sensors.py
[2024-09-17T20:41:09.638+0000] {logging_mixin.py:190} INFO - [2024-09-17T20:41:09.637+0000] {dag.py:3229} INFO - Sync 1 DAGs
[2024-09-17T20:41:09.713+0000] {logging_mixin.py:190} INFO - [2024-09-17T20:41:09.712+0000] {dag.py:4156} INFO - Setting next_dagrun for example_sensors to None, run_after=None
[2024-09-17T20:41:09.825+0000] {processor.py:208} INFO - Processing /home/airflow/.local/lib/python3.12/site-packages/airflow/example_dags/example_sensors.py took 0.347 seconds
