[2024-09-17T20:39:58.025+0000] {processor.py:186} INFO - Started process (PID=112) to work on /home/airflow/.local/lib/python3.12/site-packages/airflow/example_dags/example_branch_python_dop_operator_3.py
[2024-09-17T20:39:58.034+0000] {processor.py:914} INFO - Processing file /home/airflow/.local/lib/python3.12/site-packages/airflow/example_dags/example_branch_python_dop_operator_3.py for tasks to queue
[2024-09-17T20:39:58.045+0000] {logging_mixin.py:190} INFO - [2024-09-17T20:39:58.041+0000] {dagbag.py:587} INFO - Filling up the DagBag from /home/airflow/.local/lib/python3.12/site-packages/airflow/example_dags/example_branch_python_dop_operator_3.py
[2024-09-17T20:39:58.174+0000] {processor.py:925} INFO - DAG(s) 'example_branch_dop_operator_v3' retrieved from /home/airflow/.local/lib/python3.12/site-packages/airflow/example_dags/example_branch_python_dop_operator_3.py
[2024-09-17T20:39:58.770+0000] {logging_mixin.py:190} INFO - [2024-09-17T20:39:58.763+0000] {override.py:1900} INFO - Created Permission View: menu access on DAG Run:example_branch_dop_operator_v3
[2024-09-17T20:39:58.791+0000] {logging_mixin.py:190} INFO - [2024-09-17T20:39:58.791+0000] {override.py:1900} INFO - Created Permission View: can delete on DAG Run:example_branch_dop_operator_v3
[2024-09-17T20:39:58.811+0000] {logging_mixin.py:190} INFO - [2024-09-17T20:39:58.810+0000] {override.py:1900} INFO - Created Permission View: can read on DAG Run:example_branch_dop_operator_v3
[2024-09-17T20:39:58.833+0000] {logging_mixin.py:190} INFO - [2024-09-17T20:39:58.832+0000] {override.py:1900} INFO - Created Permission View: can create on DAG Run:example_branch_dop_operator_v3
[2024-09-17T20:39:58.835+0000] {logging_mixin.py:190} INFO - [2024-09-17T20:39:58.834+0000] {dag.py:3229} INFO - Sync 1 DAGs
[2024-09-17T20:39:58.968+0000] {logging_mixin.py:190} INFO - [2024-09-17T20:39:58.968+0000] {dag.py:4156} INFO - Setting next_dagrun for example_branch_dop_operator_v3 to 2024-09-17 20:38:00+00:00, run_after=2024-09-17 20:39:00+00:00
[2024-09-17T20:39:59.060+0000] {processor.py:208} INFO - Processing /home/airflow/.local/lib/python3.12/site-packages/airflow/example_dags/example_branch_python_dop_operator_3.py took 1.098 seconds
[2024-09-17T20:40:29.126+0000] {processor.py:186} INFO - Started process (PID=175) to work on /home/airflow/.local/lib/python3.12/site-packages/airflow/example_dags/example_branch_python_dop_operator_3.py
[2024-09-17T20:40:29.127+0000] {processor.py:914} INFO - Processing file /home/airflow/.local/lib/python3.12/site-packages/airflow/example_dags/example_branch_python_dop_operator_3.py for tasks to queue
[2024-09-17T20:40:29.130+0000] {logging_mixin.py:190} INFO - [2024-09-17T20:40:29.129+0000] {dagbag.py:587} INFO - Filling up the DagBag from /home/airflow/.local/lib/python3.12/site-packages/airflow/example_dags/example_branch_python_dop_operator_3.py
[2024-09-17T20:40:29.143+0000] {processor.py:925} INFO - DAG(s) 'example_branch_dop_operator_v3' retrieved from /home/airflow/.local/lib/python3.12/site-packages/airflow/example_dags/example_branch_python_dop_operator_3.py
[2024-09-17T20:40:29.171+0000] {logging_mixin.py:190} INFO - [2024-09-17T20:40:29.171+0000] {dag.py:3229} INFO - Sync 1 DAGs
[2024-09-17T20:40:29.209+0000] {logging_mixin.py:190} INFO - [2024-09-17T20:40:29.209+0000] {dag.py:4156} INFO - Setting next_dagrun for example_branch_dop_operator_v3 to 2024-09-17 20:39:00+00:00, run_after=2024-09-17 20:40:00+00:00
[2024-09-17T20:40:29.235+0000] {processor.py:208} INFO - Processing /home/airflow/.local/lib/python3.12/site-packages/airflow/example_dags/example_branch_python_dop_operator_3.py took 0.115 seconds
[2024-09-17T20:40:59.305+0000] {processor.py:186} INFO - Started process (PID=238) to work on /home/airflow/.local/lib/python3.12/site-packages/airflow/example_dags/example_branch_python_dop_operator_3.py
[2024-09-17T20:40:59.306+0000] {processor.py:914} INFO - Processing file /home/airflow/.local/lib/python3.12/site-packages/airflow/example_dags/example_branch_python_dop_operator_3.py for tasks to queue
[2024-09-17T20:40:59.308+0000] {logging_mixin.py:190} INFO - [2024-09-17T20:40:59.307+0000] {dagbag.py:587} INFO - Filling up the DagBag from /home/airflow/.local/lib/python3.12/site-packages/airflow/example_dags/example_branch_python_dop_operator_3.py
[2024-09-17T20:40:59.321+0000] {processor.py:925} INFO - DAG(s) 'example_branch_dop_operator_v3' retrieved from /home/airflow/.local/lib/python3.12/site-packages/airflow/example_dags/example_branch_python_dop_operator_3.py
[2024-09-17T20:40:59.363+0000] {logging_mixin.py:190} INFO - [2024-09-17T20:40:59.362+0000] {dag.py:3229} INFO - Sync 1 DAGs
[2024-09-17T20:40:59.402+0000] {logging_mixin.py:190} INFO - [2024-09-17T20:40:59.402+0000] {dag.py:4156} INFO - Setting next_dagrun for example_branch_dop_operator_v3 to 2024-09-17 20:39:00+00:00, run_after=2024-09-17 20:40:00+00:00
[2024-09-17T20:40:59.431+0000] {processor.py:208} INFO - Processing /home/airflow/.local/lib/python3.12/site-packages/airflow/example_dags/example_branch_python_dop_operator_3.py took 0.134 seconds
[2024-09-17T20:41:29.746+0000] {processor.py:186} INFO - Started process (PID=301) to work on /home/airflow/.local/lib/python3.12/site-packages/airflow/example_dags/example_branch_python_dop_operator_3.py
[2024-09-17T20:41:29.748+0000] {processor.py:914} INFO - Processing file /home/airflow/.local/lib/python3.12/site-packages/airflow/example_dags/example_branch_python_dop_operator_3.py for tasks to queue
[2024-09-17T20:41:29.754+0000] {logging_mixin.py:190} INFO - [2024-09-17T20:41:29.753+0000] {dagbag.py:587} INFO - Filling up the DagBag from /home/airflow/.local/lib/python3.12/site-packages/airflow/example_dags/example_branch_python_dop_operator_3.py
[2024-09-17T20:41:29.803+0000] {processor.py:925} INFO - DAG(s) 'example_branch_dop_operator_v3' retrieved from /home/airflow/.local/lib/python3.12/site-packages/airflow/example_dags/example_branch_python_dop_operator_3.py
[2024-09-17T20:41:29.882+0000] {logging_mixin.py:190} INFO - [2024-09-17T20:41:29.881+0000] {dag.py:3229} INFO - Sync 1 DAGs
[2024-09-17T20:41:29.978+0000] {logging_mixin.py:190} INFO - [2024-09-17T20:41:29.977+0000] {dag.py:4156} INFO - Setting next_dagrun for example_branch_dop_operator_v3 to 2024-09-17 20:40:00+00:00, run_after=2024-09-17 20:41:00+00:00
[2024-09-17T20:41:30.028+0000] {processor.py:208} INFO - Processing /home/airflow/.local/lib/python3.12/site-packages/airflow/example_dags/example_branch_python_dop_operator_3.py took 0.305 seconds
