[2024-09-17T20:40:09.409+0000] {processor.py:186} INFO - Started process (PID=142) to work on /home/airflow/.local/lib/python3.12/site-packages/airflow/example_dags/example_nested_branch_dag.py
[2024-09-17T20:40:09.422+0000] {processor.py:914} INFO - Processing file /home/airflow/.local/lib/python3.12/site-packages/airflow/example_dags/example_nested_branch_dag.py for tasks to queue
[2024-09-17T20:40:09.434+0000] {logging_mixin.py:190} INFO - [2024-09-17T20:40:09.433+0000] {dagbag.py:587} INFO - Filling up the DagBag from /home/airflow/.local/lib/python3.12/site-packages/airflow/example_dags/example_nested_branch_dag.py
[2024-09-17T20:40:09.493+0000] {processor.py:925} INFO - DAG(s) 'example_nested_branch_dag' retrieved from /home/airflow/.local/lib/python3.12/site-packages/airflow/example_dags/example_nested_branch_dag.py
[2024-09-17T20:40:09.906+0000] {logging_mixin.py:190} INFO - [2024-09-17T20:40:09.903+0000] {override.py:1900} INFO - Created Permission View: menu access on DAG Run:example_nested_branch_dag
[2024-09-17T20:40:09.928+0000] {logging_mixin.py:190} INFO - [2024-09-17T20:40:09.927+0000] {override.py:1900} INFO - Created Permission View: can delete on DAG Run:example_nested_branch_dag
[2024-09-17T20:40:09.944+0000] {logging_mixin.py:190} INFO - [2024-09-17T20:40:09.944+0000] {override.py:1900} INFO - Created Permission View: can read on DAG Run:example_nested_branch_dag
[2024-09-17T20:40:09.960+0000] {logging_mixin.py:190} INFO - [2024-09-17T20:40:09.960+0000] {override.py:1900} INFO - Created Permission View: can create on DAG Run:example_nested_branch_dag
[2024-09-17T20:40:09.962+0000] {logging_mixin.py:190} INFO - [2024-09-17T20:40:09.961+0000] {dag.py:3229} INFO - Sync 1 DAGs
[2024-09-17T20:40:10.032+0000] {logging_mixin.py:190} INFO - [2024-09-17T20:40:10.031+0000] {dag.py:4156} INFO - Setting next_dagrun for example_nested_branch_dag to 2024-09-16 00:00:00+00:00, run_after=2024-09-17 00:00:00+00:00
[2024-09-17T20:40:10.074+0000] {processor.py:208} INFO - Processing /home/airflow/.local/lib/python3.12/site-packages/airflow/example_dags/example_nested_branch_dag.py took 0.691 seconds
[2024-09-17T20:40:41.034+0000] {processor.py:186} INFO - Started process (PID=204) to work on /home/airflow/.local/lib/python3.12/site-packages/airflow/example_dags/example_nested_branch_dag.py
[2024-09-17T20:40:41.036+0000] {processor.py:914} INFO - Processing file /home/airflow/.local/lib/python3.12/site-packages/airflow/example_dags/example_nested_branch_dag.py for tasks to queue
[2024-09-17T20:40:41.039+0000] {logging_mixin.py:190} INFO - [2024-09-17T20:40:41.038+0000] {dagbag.py:587} INFO - Filling up the DagBag from /home/airflow/.local/lib/python3.12/site-packages/airflow/example_dags/example_nested_branch_dag.py
[2024-09-17T20:40:41.067+0000] {processor.py:925} INFO - DAG(s) 'example_nested_branch_dag' retrieved from /home/airflow/.local/lib/python3.12/site-packages/airflow/example_dags/example_nested_branch_dag.py
[2024-09-17T20:40:41.104+0000] {logging_mixin.py:190} INFO - [2024-09-17T20:40:41.104+0000] {dag.py:3229} INFO - Sync 1 DAGs
[2024-09-17T20:40:41.148+0000] {logging_mixin.py:190} INFO - [2024-09-17T20:40:41.148+0000] {dag.py:4156} INFO - Setting next_dagrun for example_nested_branch_dag to 2024-09-16 00:00:00+00:00, run_after=2024-09-17 00:00:00+00:00
[2024-09-17T20:40:41.195+0000] {processor.py:208} INFO - Processing /home/airflow/.local/lib/python3.12/site-packages/airflow/example_dags/example_nested_branch_dag.py took 0.174 seconds
[2024-09-17T20:41:11.488+0000] {processor.py:186} INFO - Started process (PID=268) to work on /home/airflow/.local/lib/python3.12/site-packages/airflow/example_dags/example_nested_branch_dag.py
[2024-09-17T20:41:11.489+0000] {processor.py:914} INFO - Processing file /home/airflow/.local/lib/python3.12/site-packages/airflow/example_dags/example_nested_branch_dag.py for tasks to queue
[2024-09-17T20:41:11.492+0000] {logging_mixin.py:190} INFO - [2024-09-17T20:41:11.491+0000] {dagbag.py:587} INFO - Filling up the DagBag from /home/airflow/.local/lib/python3.12/site-packages/airflow/example_dags/example_nested_branch_dag.py
[2024-09-17T20:41:11.517+0000] {processor.py:925} INFO - DAG(s) 'example_nested_branch_dag' retrieved from /home/airflow/.local/lib/python3.12/site-packages/airflow/example_dags/example_nested_branch_dag.py
[2024-09-17T20:41:11.587+0000] {logging_mixin.py:190} INFO - [2024-09-17T20:41:11.587+0000] {dag.py:3229} INFO - Sync 1 DAGs
[2024-09-17T20:41:11.659+0000] {logging_mixin.py:190} INFO - [2024-09-17T20:41:11.658+0000] {dag.py:4156} INFO - Setting next_dagrun for example_nested_branch_dag to 2024-09-16 00:00:00+00:00, run_after=2024-09-17 00:00:00+00:00
[2024-09-17T20:41:11.704+0000] {processor.py:208} INFO - Processing /home/airflow/.local/lib/python3.12/site-packages/airflow/example_dags/example_nested_branch_dag.py took 0.235 seconds
