[2024-09-17T20:40:08.631+0000] {processor.py:186} INFO - Started process (PID=139) to work on /home/airflow/.local/lib/python3.12/site-packages/airflow/example_dags/example_branch_operator_decorator.py
[2024-09-17T20:40:08.633+0000] {processor.py:914} INFO - Processing file /home/airflow/.local/lib/python3.12/site-packages/airflow/example_dags/example_branch_operator_decorator.py for tasks to queue
[2024-09-17T20:40:08.638+0000] {logging_mixin.py:190} INFO - [2024-09-17T20:40:08.637+0000] {dagbag.py:587} INFO - Filling up the DagBag from /home/airflow/.local/lib/python3.12/site-packages/airflow/example_dags/example_branch_operator_decorator.py
[2024-09-17T20:40:08.723+0000] {processor.py:925} INFO - DAG(s) 'example_branch_python_operator_decorator' retrieved from /home/airflow/.local/lib/python3.12/site-packages/airflow/example_dags/example_branch_operator_decorator.py
[2024-09-17T20:40:09.059+0000] {logging_mixin.py:190} INFO - [2024-09-17T20:40:09.057+0000] {override.py:1900} INFO - Created Permission View: menu access on DAG Run:example_branch_python_operator_decorator
[2024-09-17T20:40:09.073+0000] {logging_mixin.py:190} INFO - [2024-09-17T20:40:09.072+0000] {override.py:1900} INFO - Created Permission View: can delete on DAG Run:example_branch_python_operator_decorator
[2024-09-17T20:40:09.084+0000] {logging_mixin.py:190} INFO - [2024-09-17T20:40:09.083+0000] {override.py:1900} INFO - Created Permission View: can read on DAG Run:example_branch_python_operator_decorator
[2024-09-17T20:40:09.098+0000] {logging_mixin.py:190} INFO - [2024-09-17T20:40:09.097+0000] {override.py:1900} INFO - Created Permission View: can create on DAG Run:example_branch_python_operator_decorator
[2024-09-17T20:40:09.099+0000] {logging_mixin.py:190} INFO - [2024-09-17T20:40:09.099+0000] {dag.py:3229} INFO - Sync 1 DAGs
[2024-09-17T20:40:09.141+0000] {logging_mixin.py:190} INFO - [2024-09-17T20:40:09.141+0000] {dag.py:4156} INFO - Setting next_dagrun for example_branch_python_operator_decorator to 2024-09-16 00:00:00+00:00, run_after=2024-09-17 00:00:00+00:00
[2024-09-17T20:40:09.171+0000] {processor.py:208} INFO - Processing /home/airflow/.local/lib/python3.12/site-packages/airflow/example_dags/example_branch_operator_decorator.py took 0.571 seconds
[2024-09-17T20:40:39.793+0000] {processor.py:186} INFO - Started process (PID=202) to work on /home/airflow/.local/lib/python3.12/site-packages/airflow/example_dags/example_branch_operator_decorator.py
[2024-09-17T20:40:39.795+0000] {processor.py:914} INFO - Processing file /home/airflow/.local/lib/python3.12/site-packages/airflow/example_dags/example_branch_operator_decorator.py for tasks to queue
[2024-09-17T20:40:39.798+0000] {logging_mixin.py:190} INFO - [2024-09-17T20:40:39.798+0000] {dagbag.py:587} INFO - Filling up the DagBag from /home/airflow/.local/lib/python3.12/site-packages/airflow/example_dags/example_branch_operator_decorator.py
[2024-09-17T20:40:39.831+0000] {processor.py:925} INFO - DAG(s) 'example_branch_python_operator_decorator' retrieved from /home/airflow/.local/lib/python3.12/site-packages/airflow/example_dags/example_branch_operator_decorator.py
[2024-09-17T20:40:39.876+0000] {logging_mixin.py:190} INFO - [2024-09-17T20:40:39.876+0000] {dag.py:3229} INFO - Sync 1 DAGs
[2024-09-17T20:40:39.924+0000] {logging_mixin.py:190} INFO - [2024-09-17T20:40:39.923+0000] {dag.py:4156} INFO - Setting next_dagrun for example_branch_python_operator_decorator to 2024-09-16 00:00:00+00:00, run_after=2024-09-17 00:00:00+00:00
[2024-09-17T20:40:39.959+0000] {processor.py:208} INFO - Processing /home/airflow/.local/lib/python3.12/site-packages/airflow/example_dags/example_branch_operator_decorator.py took 0.176 seconds
[2024-09-17T20:41:10.650+0000] {processor.py:186} INFO - Started process (PID=265) to work on /home/airflow/.local/lib/python3.12/site-packages/airflow/example_dags/example_branch_operator_decorator.py
[2024-09-17T20:41:10.670+0000] {processor.py:914} INFO - Processing file /home/airflow/.local/lib/python3.12/site-packages/airflow/example_dags/example_branch_operator_decorator.py for tasks to queue
[2024-09-17T20:41:10.678+0000] {logging_mixin.py:190} INFO - [2024-09-17T20:41:10.677+0000] {dagbag.py:587} INFO - Filling up the DagBag from /home/airflow/.local/lib/python3.12/site-packages/airflow/example_dags/example_branch_operator_decorator.py
[2024-09-17T20:41:10.758+0000] {processor.py:925} INFO - DAG(s) 'example_branch_python_operator_decorator' retrieved from /home/airflow/.local/lib/python3.12/site-packages/airflow/example_dags/example_branch_operator_decorator.py
[2024-09-17T20:41:10.853+0000] {logging_mixin.py:190} INFO - [2024-09-17T20:41:10.853+0000] {dag.py:3229} INFO - Sync 1 DAGs
[2024-09-17T20:41:10.959+0000] {logging_mixin.py:190} INFO - [2024-09-17T20:41:10.959+0000] {dag.py:4156} INFO - Setting next_dagrun for example_branch_python_operator_decorator to 2024-09-16 00:00:00+00:00, run_after=2024-09-17 00:00:00+00:00
[2024-09-17T20:41:11.034+0000] {processor.py:208} INFO - Processing /home/airflow/.local/lib/python3.12/site-packages/airflow/example_dags/example_branch_operator_decorator.py took 0.410 seconds
