[2024-09-17T20:40:10.643+0000] {processor.py:186} INFO - Started process (PID=144) to work on /home/airflow/.local/lib/python3.12/site-packages/airflow/example_dags/example_branch_datetime_operator.py
[2024-09-17T20:40:10.646+0000] {processor.py:914} INFO - Processing file /home/airflow/.local/lib/python3.12/site-packages/airflow/example_dags/example_branch_datetime_operator.py for tasks to queue
[2024-09-17T20:40:10.650+0000] {logging_mixin.py:190} INFO - [2024-09-17T20:40:10.648+0000] {dagbag.py:587} INFO - Filling up the DagBag from /home/airflow/.local/lib/python3.12/site-packages/airflow/example_dags/example_branch_datetime_operator.py
[2024-09-17T20:40:10.683+0000] {processor.py:925} INFO - DAG(s) 'example_branch_datetime_operator', 'example_branch_datetime_operator_3', 'example_branch_datetime_operator_2' retrieved from /home/airflow/.local/lib/python3.12/site-packages/airflow/example_dags/example_branch_datetime_operator.py
[2024-09-17T20:40:10.955+0000] {logging_mixin.py:190} INFO - [2024-09-17T20:40:10.952+0000] {override.py:1900} INFO - Created Permission View: menu access on DAG Run:example_branch_datetime_operator
[2024-09-17T20:40:10.983+0000] {logging_mixin.py:190} INFO - [2024-09-17T20:40:10.981+0000] {override.py:1900} INFO - Created Permission View: can delete on DAG Run:example_branch_datetime_operator
[2024-09-17T20:40:11.005+0000] {logging_mixin.py:190} INFO - [2024-09-17T20:40:11.004+0000] {override.py:1900} INFO - Created Permission View: can read on DAG Run:example_branch_datetime_operator
[2024-09-17T20:40:11.021+0000] {logging_mixin.py:190} INFO - [2024-09-17T20:40:11.020+0000] {override.py:1900} INFO - Created Permission View: can create on DAG Run:example_branch_datetime_operator
[2024-09-17T20:40:11.078+0000] {logging_mixin.py:190} INFO - [2024-09-17T20:40:11.077+0000] {override.py:1900} INFO - Created Permission View: menu access on DAG Run:example_branch_datetime_operator_3
[2024-09-17T20:40:11.103+0000] {logging_mixin.py:190} INFO - [2024-09-17T20:40:11.102+0000] {override.py:1900} INFO - Created Permission View: can delete on DAG Run:example_branch_datetime_operator_3
[2024-09-17T20:40:11.118+0000] {logging_mixin.py:190} INFO - [2024-09-17T20:40:11.118+0000] {override.py:1900} INFO - Created Permission View: can read on DAG Run:example_branch_datetime_operator_3
[2024-09-17T20:40:11.132+0000] {logging_mixin.py:190} INFO - [2024-09-17T20:40:11.131+0000] {override.py:1900} INFO - Created Permission View: can create on DAG Run:example_branch_datetime_operator_3
[2024-09-17T20:40:11.174+0000] {logging_mixin.py:190} INFO - [2024-09-17T20:40:11.174+0000] {override.py:1900} INFO - Created Permission View: menu access on DAG Run:example_branch_datetime_operator_2
[2024-09-17T20:40:11.188+0000] {logging_mixin.py:190} INFO - [2024-09-17T20:40:11.187+0000] {override.py:1900} INFO - Created Permission View: can delete on DAG Run:example_branch_datetime_operator_2
[2024-09-17T20:40:11.209+0000] {logging_mixin.py:190} INFO - [2024-09-17T20:40:11.208+0000] {override.py:1900} INFO - Created Permission View: can read on DAG Run:example_branch_datetime_operator_2
[2024-09-17T20:40:11.226+0000] {logging_mixin.py:190} INFO - [2024-09-17T20:40:11.225+0000] {override.py:1900} INFO - Created Permission View: can create on DAG Run:example_branch_datetime_operator_2
[2024-09-17T20:40:11.228+0000] {logging_mixin.py:190} INFO - [2024-09-17T20:40:11.228+0000] {dag.py:3229} INFO - Sync 3 DAGs
[2024-09-17T20:40:11.304+0000] {logging_mixin.py:190} INFO - [2024-09-17T20:40:11.304+0000] {dag.py:4156} INFO - Setting next_dagrun for example_branch_datetime_operator to 2024-09-16 00:00:00+00:00, run_after=2024-09-17 00:00:00+00:00
[2024-09-17T20:40:11.320+0000] {logging_mixin.py:190} INFO - [2024-09-17T20:40:11.319+0000] {dag.py:4156} INFO - Setting next_dagrun for example_branch_datetime_operator_2 to 2024-09-16 00:00:00+00:00, run_after=2024-09-17 00:00:00+00:00
[2024-09-17T20:40:11.326+0000] {logging_mixin.py:190} INFO - [2024-09-17T20:40:11.325+0000] {dag.py:4156} INFO - Setting next_dagrun for example_branch_datetime_operator_3 to 2024-09-16 00:00:00+00:00, run_after=2024-09-17 00:00:00+00:00
[2024-09-17T20:40:11.378+0000] {processor.py:208} INFO - Processing /home/airflow/.local/lib/python3.12/site-packages/airflow/example_dags/example_branch_datetime_operator.py took 0.749 seconds
[2024-09-17T20:40:42.235+0000] {processor.py:186} INFO - Started process (PID=207) to work on /home/airflow/.local/lib/python3.12/site-packages/airflow/example_dags/example_branch_datetime_operator.py
[2024-09-17T20:40:42.236+0000] {processor.py:914} INFO - Processing file /home/airflow/.local/lib/python3.12/site-packages/airflow/example_dags/example_branch_datetime_operator.py for tasks to queue
[2024-09-17T20:40:42.239+0000] {logging_mixin.py:190} INFO - [2024-09-17T20:40:42.238+0000] {dagbag.py:587} INFO - Filling up the DagBag from /home/airflow/.local/lib/python3.12/site-packages/airflow/example_dags/example_branch_datetime_operator.py
[2024-09-17T20:40:42.259+0000] {processor.py:925} INFO - DAG(s) 'example_branch_datetime_operator', 'example_branch_datetime_operator_2', 'example_branch_datetime_operator_3' retrieved from /home/airflow/.local/lib/python3.12/site-packages/airflow/example_dags/example_branch_datetime_operator.py
[2024-09-17T20:40:42.299+0000] {logging_mixin.py:190} INFO - [2024-09-17T20:40:42.299+0000] {dag.py:3229} INFO - Sync 3 DAGs
[2024-09-17T20:40:42.338+0000] {logging_mixin.py:190} INFO - [2024-09-17T20:40:42.338+0000] {dag.py:4156} INFO - Setting next_dagrun for example_branch_datetime_operator to 2024-09-16 00:00:00+00:00, run_after=2024-09-17 00:00:00+00:00
[2024-09-17T20:40:42.345+0000] {logging_mixin.py:190} INFO - [2024-09-17T20:40:42.344+0000] {dag.py:4156} INFO - Setting next_dagrun for example_branch_datetime_operator_2 to 2024-09-16 00:00:00+00:00, run_after=2024-09-17 00:00:00+00:00
[2024-09-17T20:40:42.348+0000] {logging_mixin.py:190} INFO - [2024-09-17T20:40:42.348+0000] {dag.py:4156} INFO - Setting next_dagrun for example_branch_datetime_operator_3 to 2024-09-16 00:00:00+00:00, run_after=2024-09-17 00:00:00+00:00
[2024-09-17T20:40:42.371+0000] {processor.py:208} INFO - Processing /home/airflow/.local/lib/python3.12/site-packages/airflow/example_dags/example_branch_datetime_operator.py took 0.145 seconds
[2024-09-17T20:41:12.503+0000] {processor.py:186} INFO - Started process (PID=269) to work on /home/airflow/.local/lib/python3.12/site-packages/airflow/example_dags/example_branch_datetime_operator.py
[2024-09-17T20:41:12.505+0000] {processor.py:914} INFO - Processing file /home/airflow/.local/lib/python3.12/site-packages/airflow/example_dags/example_branch_datetime_operator.py for tasks to queue
[2024-09-17T20:41:12.507+0000] {logging_mixin.py:190} INFO - [2024-09-17T20:41:12.507+0000] {dagbag.py:587} INFO - Filling up the DagBag from /home/airflow/.local/lib/python3.12/site-packages/airflow/example_dags/example_branch_datetime_operator.py
[2024-09-17T20:41:12.540+0000] {processor.py:925} INFO - DAG(s) 'example_branch_datetime_operator_2', 'example_branch_datetime_operator_3', 'example_branch_datetime_operator' retrieved from /home/airflow/.local/lib/python3.12/site-packages/airflow/example_dags/example_branch_datetime_operator.py
[2024-09-17T20:41:12.590+0000] {logging_mixin.py:190} INFO - [2024-09-17T20:41:12.590+0000] {dag.py:3229} INFO - Sync 3 DAGs
[2024-09-17T20:41:12.638+0000] {logging_mixin.py:190} INFO - [2024-09-17T20:41:12.637+0000] {dag.py:4156} INFO - Setting next_dagrun for example_branch_datetime_operator to 2024-09-16 00:00:00+00:00, run_after=2024-09-17 00:00:00+00:00
[2024-09-17T20:41:12.648+0000] {logging_mixin.py:190} INFO - [2024-09-17T20:41:12.648+0000] {dag.py:4156} INFO - Setting next_dagrun for example_branch_datetime_operator_2 to 2024-09-16 00:00:00+00:00, run_after=2024-09-17 00:00:00+00:00
[2024-09-17T20:41:12.654+0000] {logging_mixin.py:190} INFO - [2024-09-17T20:41:12.654+0000] {dag.py:4156} INFO - Setting next_dagrun for example_branch_datetime_operator_3 to 2024-09-16 00:00:00+00:00, run_after=2024-09-17 00:00:00+00:00
[2024-09-17T20:41:12.694+0000] {processor.py:208} INFO - Processing /home/airflow/.local/lib/python3.12/site-packages/airflow/example_dags/example_branch_datetime_operator.py took 0.205 seconds
