[2024-09-17T20:39:47.986+0000] {processor.py:186} INFO - Started process (PID=97) to work on /home/airflow/.local/lib/python3.12/site-packages/airflow/example_dags/tutorial_taskflow_api.py
[2024-09-17T20:39:47.987+0000] {processor.py:914} INFO - Processing file /home/airflow/.local/lib/python3.12/site-packages/airflow/example_dags/tutorial_taskflow_api.py for tasks to queue
[2024-09-17T20:39:47.990+0000] {logging_mixin.py:190} INFO - [2024-09-17T20:39:47.989+0000] {dagbag.py:587} INFO - Filling up the DagBag from /home/airflow/.local/lib/python3.12/site-packages/airflow/example_dags/tutorial_taskflow_api.py
[2024-09-17T20:39:48.014+0000] {processor.py:925} INFO - DAG(s) 'tutorial_taskflow_api' retrieved from /home/airflow/.local/lib/python3.12/site-packages/airflow/example_dags/tutorial_taskflow_api.py
[2024-09-17T20:39:48.377+0000] {logging_mixin.py:190} INFO - [2024-09-17T20:39:48.316+0000] {override.py:1900} INFO - Created Permission View: menu access on DAG Run:tutorial_taskflow_api
[2024-09-17T20:39:48.390+0000] {logging_mixin.py:190} INFO - [2024-09-17T20:39:48.390+0000] {override.py:1900} INFO - Created Permission View: can delete on DAG Run:tutorial_taskflow_api
[2024-09-17T20:39:48.404+0000] {logging_mixin.py:190} INFO - [2024-09-17T20:39:48.403+0000] {override.py:1900} INFO - Created Permission View: can read on DAG Run:tutorial_taskflow_api
[2024-09-17T20:39:48.419+0000] {logging_mixin.py:190} INFO - [2024-09-17T20:39:48.418+0000] {override.py:1900} INFO - Created Permission View: can create on DAG Run:tutorial_taskflow_api
[2024-09-17T20:39:48.421+0000] {logging_mixin.py:190} INFO - [2024-09-17T20:39:48.420+0000] {dag.py:3229} INFO - Sync 1 DAGs
[2024-09-17T20:39:48.526+0000] {logging_mixin.py:190} INFO - [2024-09-17T20:39:48.525+0000] {dag.py:4156} INFO - Setting next_dagrun for tutorial_taskflow_api to None, run_after=None
[2024-09-17T20:39:48.596+0000] {processor.py:208} INFO - Processing /home/airflow/.local/lib/python3.12/site-packages/airflow/example_dags/tutorial_taskflow_api.py took 0.622 seconds
[2024-09-17T20:40:18.732+0000] {processor.py:186} INFO - Started process (PID=161) to work on /home/airflow/.local/lib/python3.12/site-packages/airflow/example_dags/tutorial_taskflow_api.py
[2024-09-17T20:40:18.734+0000] {processor.py:914} INFO - Processing file /home/airflow/.local/lib/python3.12/site-packages/airflow/example_dags/tutorial_taskflow_api.py for tasks to queue
[2024-09-17T20:40:18.737+0000] {logging_mixin.py:190} INFO - [2024-09-17T20:40:18.736+0000] {dagbag.py:587} INFO - Filling up the DagBag from /home/airflow/.local/lib/python3.12/site-packages/airflow/example_dags/tutorial_taskflow_api.py
[2024-09-17T20:40:18.754+0000] {processor.py:925} INFO - DAG(s) 'tutorial_taskflow_api' retrieved from /home/airflow/.local/lib/python3.12/site-packages/airflow/example_dags/tutorial_taskflow_api.py
[2024-09-17T20:40:18.786+0000] {logging_mixin.py:190} INFO - [2024-09-17T20:40:18.786+0000] {dag.py:3229} INFO - Sync 1 DAGs
[2024-09-17T20:40:18.809+0000] {logging_mixin.py:190} INFO - [2024-09-17T20:40:18.809+0000] {dag.py:4156} INFO - Setting next_dagrun for tutorial_taskflow_api to None, run_after=None
[2024-09-17T20:40:18.836+0000] {processor.py:208} INFO - Processing /home/airflow/.local/lib/python3.12/site-packages/airflow/example_dags/tutorial_taskflow_api.py took 0.115 seconds
[2024-09-17T20:40:49.607+0000] {processor.py:186} INFO - Started process (PID=224) to work on /home/airflow/.local/lib/python3.12/site-packages/airflow/example_dags/tutorial_taskflow_api.py
[2024-09-17T20:40:49.609+0000] {processor.py:914} INFO - Processing file /home/airflow/.local/lib/python3.12/site-packages/airflow/example_dags/tutorial_taskflow_api.py for tasks to queue
[2024-09-17T20:40:49.612+0000] {logging_mixin.py:190} INFO - [2024-09-17T20:40:49.611+0000] {dagbag.py:587} INFO - Filling up the DagBag from /home/airflow/.local/lib/python3.12/site-packages/airflow/example_dags/tutorial_taskflow_api.py
[2024-09-17T20:40:49.627+0000] {processor.py:925} INFO - DAG(s) 'tutorial_taskflow_api' retrieved from /home/airflow/.local/lib/python3.12/site-packages/airflow/example_dags/tutorial_taskflow_api.py
[2024-09-17T20:40:49.655+0000] {logging_mixin.py:190} INFO - [2024-09-17T20:40:49.654+0000] {dag.py:3229} INFO - Sync 1 DAGs
[2024-09-17T20:40:49.673+0000] {logging_mixin.py:190} INFO - [2024-09-17T20:40:49.672+0000] {dag.py:4156} INFO - Setting next_dagrun for tutorial_taskflow_api to None, run_after=None
[2024-09-17T20:40:49.697+0000] {processor.py:208} INFO - Processing /home/airflow/.local/lib/python3.12/site-packages/airflow/example_dags/tutorial_taskflow_api.py took 0.099 seconds
[2024-09-17T20:41:19.995+0000] {processor.py:186} INFO - Started process (PID=287) to work on /home/airflow/.local/lib/python3.12/site-packages/airflow/example_dags/tutorial_taskflow_api.py
[2024-09-17T20:41:19.996+0000] {processor.py:914} INFO - Processing file /home/airflow/.local/lib/python3.12/site-packages/airflow/example_dags/tutorial_taskflow_api.py for tasks to queue
[2024-09-17T20:41:19.998+0000] {logging_mixin.py:190} INFO - [2024-09-17T20:41:19.997+0000] {dagbag.py:587} INFO - Filling up the DagBag from /home/airflow/.local/lib/python3.12/site-packages/airflow/example_dags/tutorial_taskflow_api.py
[2024-09-17T20:41:20.021+0000] {processor.py:925} INFO - DAG(s) 'tutorial_taskflow_api' retrieved from /home/airflow/.local/lib/python3.12/site-packages/airflow/example_dags/tutorial_taskflow_api.py
[2024-09-17T20:41:20.051+0000] {logging_mixin.py:190} INFO - [2024-09-17T20:41:20.051+0000] {dag.py:3229} INFO - Sync 1 DAGs
[2024-09-17T20:41:20.074+0000] {logging_mixin.py:190} INFO - [2024-09-17T20:41:20.074+0000] {dag.py:4156} INFO - Setting next_dagrun for tutorial_taskflow_api to None, run_after=None
[2024-09-17T20:41:20.099+0000] {processor.py:208} INFO - Processing /home/airflow/.local/lib/python3.12/site-packages/airflow/example_dags/tutorial_taskflow_api.py took 0.115 seconds
