[2024-09-20T22:59:36.421+0000] {local_task_job_runner.py:123} INFO - ::group::Pre task execution logs
[2024-09-20T22:59:43.470+0000] {taskinstance.py:2612} INFO - Dependencies all met for dep_context=non-requeueable deps ti=<TaskInstance: Bitcoin_ETL.extraer_data manual__2024-09-20T22:59:09.950696+00:00 [queued]>
[2024-09-20T22:59:43.493+0000] {taskinstance.py:2612} INFO - Dependencies all met for dep_context=requeueable deps ti=<TaskInstance: Bitcoin_ETL.extraer_data manual__2024-09-20T22:59:09.950696+00:00 [queued]>
[2024-09-20T22:59:43.495+0000] {taskinstance.py:2865} INFO - Starting attempt 1 of 6
[2024-09-20T22:59:43.539+0000] {taskinstance.py:2888} INFO - Executing <Task(PythonOperator): extraer_data> on 2024-09-20 22:59:09.950696+00:00
[2024-09-20T22:59:43.579+0000] {warnings.py:112} WARNING - /home/***/.local/lib/python3.12/site-packages/***/task/task_runner/standard_task_runner.py:70: DeprecationWarning: This process (pid=143) is multi-threaded, use of fork() may lead to deadlocks in the child.
  pid = os.fork()

[2024-09-20T22:59:43.591+0000] {standard_task_runner.py:72} INFO - Started process 159 to run task
[2024-09-20T22:59:43.590+0000] {standard_task_runner.py:104} INFO - Running: ['***', 'tasks', 'run', 'Bitcoin_ETL', 'extraer_data', 'manual__2024-09-20T22:59:09.950696+00:00', '--job-id', '7', '--raw', '--subdir', 'DAGS_FOLDER/API_Crypto_Extraction_modularizad.py', '--cfg-path', '/tmp/tmpd3wfct28']
[2024-09-20T22:59:43.604+0000] {standard_task_runner.py:105} INFO - Job 7: Subtask extraer_data
[2024-09-20T22:59:43.782+0000] {task_command.py:467} INFO - Running <TaskInstance: Bitcoin_ETL.extraer_data manual__2024-09-20T22:59:09.950696+00:00 [running]> on host 50b9134d7c12
[2024-09-20T22:59:44.018+0000] {taskinstance.py:3131} INFO - Exporting env vars: AIRFLOW_CTX_DAG_EMAIL='francogranieri56@gmail.com' AIRFLOW_CTX_DAG_OWNER='FrancoGranieri' AIRFLOW_CTX_DAG_ID='Bitcoin_ETL' AIRFLOW_CTX_TASK_ID='extraer_data' AIRFLOW_CTX_EXECUTION_DATE='2024-09-20T22:59:09.950696+00:00' AIRFLOW_CTX_TRY_NUMBER='1' AIRFLOW_CTX_DAG_RUN_ID='manual__2024-09-20T22:59:09.950696+00:00'
[2024-09-20T22:59:44.021+0000] {taskinstance.py:731} INFO - ::endgroup::
[2024-09-20T22:59:44.863+0000] {logging_mixin.py:190} INFO - line 40 - Pushed data to XCom: {"id":{"0":"bitcoin","1":"ethereum","2":"tether","3":"binance-coin","4":"solana","5":"usd-coin","6":
[2024-09-20T22:59:44.866+0000] {python.py:240} INFO - Done. Returned value was: None
[2024-09-20T22:59:44.935+0000] {taskinstance.py:340} INFO - ::group::Post task execution logs
[2024-09-20T22:59:44.943+0000] {taskinstance.py:352} INFO - Marking task as SUCCESS. dag_id=Bitcoin_ETL, task_id=extraer_data, run_id=manual__2024-09-20T22:59:09.950696+00:00, execution_date=20240920T225909, start_date=20240920T225943, end_date=20240920T225944
[2024-09-20T22:59:45.041+0000] {local_task_job_runner.py:266} INFO - Task exited with return code 0
[2024-09-20T22:59:45.105+0000] {taskinstance.py:3900} INFO - 1 downstream tasks scheduled from follow-on schedule check
[2024-09-20T22:59:45.108+0000] {local_task_job_runner.py:245} INFO - ::endgroup::
